ARM GAS  C:\Users\DEVELO~1\AppData\Local\Temp\ccLleIo9.s 			page 1


   1              		.cpu cortex-m7
   2              		.arch armv7e-m
   3              		.fpu softvfp
   4              		.eabi_attribute 20, 1
   5              		.eabi_attribute 21, 1
   6              		.eabi_attribute 23, 3
   7              		.eabi_attribute 24, 1
   8              		.eabi_attribute 25, 1
   9              		.eabi_attribute 26, 1
  10              		.eabi_attribute 30, 6
  11              		.eabi_attribute 34, 1
  12              		.eabi_attribute 18, 4
  13              		.file	"audio_codec_pcm4104.c"
  14              		.text
  15              	.Ltext0:
  16              		.cfi_sections	.debug_frame
  17              		.section	.text.audio_codec_pcm4104_init,"ax",%progbits
  18              		.align	1
  19              		.global	audio_codec_pcm4104_init
  20              		.syntax unified
  21              		.thumb
  22              		.thumb_func
  23              		.type	audio_codec_pcm4104_init, %function
  24              	audio_codec_pcm4104_init:
  25              	.LFB432:
  26              		.file 1 "audio/audio_codec_pcm4104.c"
  27              		.loc 1 19 37
  28              		.cfi_startproc
  29              		@ args = 0, pretend = 0, frame = 0
  30              		@ frame_needed = 1, uses_anonymous_args = 0
  31              		@ link register save eliminated.
  32 0000 80B4     		push	{r7}
  33              		.cfi_def_cfa_offset 4
  34              		.cfi_offset 7, -4
  35 0002 00AF     		add	r7, sp, #0
  36              		.cfi_def_cfa_register 7
  37              		.loc 1 26 1
  38 0004 00BF     		nop
  39 0006 BD46     		mov	sp, r7
  40              		.cfi_def_cfa_register 13
  41              		@ sp needed
  42 0008 80BC     		pop	{r7}
  43              		.cfi_restore 7
  44              		.cfi_def_cfa_offset 0
  45 000a 7047     		bx	lr
  46              		.cfi_endproc
  47              	.LFE432:
  48              		.size	audio_codec_pcm4104_init, .-audio_codec_pcm4104_init
  49              		.section	.text.audio_codec_pcm4104_set_mute,"ax",%progbits
  50              		.align	1
  51              		.global	audio_codec_pcm4104_set_mute
  52              		.syntax unified
  53              		.thumb
  54              		.thumb_func
  55              		.type	audio_codec_pcm4104_set_mute, %function
  56              	audio_codec_pcm4104_set_mute:
  57              	.LFB433:
ARM GAS  C:\Users\DEVELO~1\AppData\Local\Temp\ccLleIo9.s 			page 2


  58              		.loc 1 28 46
  59              		.cfi_startproc
  60              		@ args = 0, pretend = 0, frame = 8
  61              		@ frame_needed = 1, uses_anonymous_args = 0
  62              		@ link register save eliminated.
  63 0000 80B4     		push	{r7}
  64              		.cfi_def_cfa_offset 4
  65              		.cfi_offset 7, -4
  66 0002 83B0     		sub	sp, sp, #12
  67              		.cfi_def_cfa_offset 16
  68 0004 00AF     		add	r7, sp, #0
  69              		.cfi_def_cfa_register 7
  70 0006 0346     		mov	r3, r0
  71 0008 FB71     		strb	r3, [r7, #7]
  72              		.loc 1 39 1
  73 000a 00BF     		nop
  74 000c 0C37     		adds	r7, r7, #12
  75              		.cfi_def_cfa_offset 4
  76 000e BD46     		mov	sp, r7
  77              		.cfi_def_cfa_register 13
  78              		@ sp needed
  79 0010 80BC     		pop	{r7}
  80              		.cfi_restore 7
  81              		.cfi_def_cfa_offset 0
  82 0012 7047     		bx	lr
  83              		.cfi_endproc
  84              	.LFE433:
  85              		.size	audio_codec_pcm4104_set_mute, .-audio_codec_pcm4104_set_mute
  86              		.text
  87              	.Letext0:
  88              		.section	.debug_info,"",%progbits
  89              	.Ldebug_info0:
  90 0000 B6000000 		.4byte	0xb6
  91 0004 0500     		.2byte	0x5
  92 0006 01       		.byte	0x1
  93 0007 04       		.byte	0x4
  94 0008 00000000 		.4byte	.Ldebug_abbrev0
  95 000c 02       		.uleb128 0x2
  96 000d E2000000 		.4byte	.LASF12
  97 0011 1D       		.byte	0x1d
  98 0012 9C000000 		.4byte	.LASF13
  99 0016 26000000 		.4byte	.LASF14
 100 001a 0C000000 		.4byte	.LLRL0
 101 001e 00000000 		.4byte	0
 102 0022 00000000 		.4byte	.Ldebug_line0
 103 0026 03       		.uleb128 0x3
 104 0027 04       		.byte	0x4
 105 0028 05       		.byte	0x5
 106 0029 696E7400 		.ascii	"int\000"
 107 002d 01       		.uleb128 0x1
 108 002e 04       		.byte	0x4
 109 002f 07       		.byte	0x7
 110 0030 19000000 		.4byte	.LASF0
 111 0034 01       		.uleb128 0x1
 112 0035 08       		.byte	0x8
 113 0036 05       		.byte	0x5
 114 0037 CE010000 		.4byte	.LASF1
ARM GAS  C:\Users\DEVELO~1\AppData\Local\Temp\ccLleIo9.s 			page 3


 115 003b 01       		.uleb128 0x1
 116 003c 08       		.byte	0x8
 117 003d 04       		.byte	0x4
 118 003e 9B010000 		.4byte	.LASF2
 119 0042 01       		.uleb128 0x1
 120 0043 01       		.byte	0x1
 121 0044 06       		.byte	0x6
 122 0045 8F010000 		.4byte	.LASF3
 123 0049 01       		.uleb128 0x1
 124 004a 01       		.byte	0x1
 125 004b 08       		.byte	0x8
 126 004c CF000000 		.4byte	.LASF4
 127 0050 01       		.uleb128 0x1
 128 0051 02       		.byte	0x2
 129 0052 05       		.byte	0x5
 130 0053 C4010000 		.4byte	.LASF5
 131 0057 01       		.uleb128 0x1
 132 0058 02       		.byte	0x2
 133 0059 07       		.byte	0x7
 134 005a 7C010000 		.4byte	.LASF6
 135 005e 01       		.uleb128 0x1
 136 005f 04       		.byte	0x4
 137 0060 05       		.byte	0x5
 138 0061 73010000 		.4byte	.LASF7
 139 0065 01       		.uleb128 0x1
 140 0066 04       		.byte	0x4
 141 0067 07       		.byte	0x7
 142 0068 8A000000 		.4byte	.LASF8
 143 006c 01       		.uleb128 0x1
 144 006d 08       		.byte	0x8
 145 006e 07       		.byte	0x7
 146 006f B8000000 		.4byte	.LASF9
 147 0073 01       		.uleb128 0x1
 148 0074 01       		.byte	0x1
 149 0075 08       		.byte	0x8
 150 0076 DD000000 		.4byte	.LASF10
 151 007a 01       		.uleb128 0x1
 152 007b 01       		.byte	0x1
 153 007c 02       		.byte	0x2
 154 007d 6D010000 		.4byte	.LASF11
 155 0081 04       		.uleb128 0x4
 156 0082 A7010000 		.4byte	.LASF15
 157 0086 01       		.byte	0x1
 158 0087 1C       		.byte	0x1c
 159 0088 06       		.byte	0x6
 160 0089 00000000 		.4byte	.LFB433
 161 008d 14000000 		.4byte	.LFE433-.LFB433
 162 0091 01       		.uleb128 0x1
 163 0092 9C       		.byte	0x9c
 164 0093 A7000000 		.4byte	0xa7
 165 0097 05       		.uleb128 0x5
 166 0098 85000000 		.4byte	.LASF16
 167 009c 01       		.byte	0x1
 168 009d 1C       		.byte	0x1c
 169 009e 28       		.byte	0x28
 170 009f 7A000000 		.4byte	0x7a
 171 00a3 02       		.uleb128 0x2
ARM GAS  C:\Users\DEVELO~1\AppData\Local\Temp\ccLleIo9.s 			page 4


 172 00a4 91       		.byte	0x91
 173 00a5 77       		.sleb128 -9
 174 00a6 00       		.byte	0
 175 00a7 06       		.uleb128 0x6
 176 00a8 00000000 		.4byte	.LASF17
 177 00ac 01       		.byte	0x1
 178 00ad 13       		.byte	0x13
 179 00ae 06       		.byte	0x6
 180 00af 00000000 		.4byte	.LFB432
 181 00b3 0C000000 		.4byte	.LFE432-.LFB432
 182 00b7 01       		.uleb128 0x1
 183 00b8 9C       		.byte	0x9c
 184 00b9 00       		.byte	0
 185              		.section	.debug_abbrev,"",%progbits
 186              	.Ldebug_abbrev0:
 187 0000 01       		.uleb128 0x1
 188 0001 24       		.uleb128 0x24
 189 0002 00       		.byte	0
 190 0003 0B       		.uleb128 0xb
 191 0004 0B       		.uleb128 0xb
 192 0005 3E       		.uleb128 0x3e
 193 0006 0B       		.uleb128 0xb
 194 0007 03       		.uleb128 0x3
 195 0008 0E       		.uleb128 0xe
 196 0009 00       		.byte	0
 197 000a 00       		.byte	0
 198 000b 02       		.uleb128 0x2
 199 000c 11       		.uleb128 0x11
 200 000d 01       		.byte	0x1
 201 000e 25       		.uleb128 0x25
 202 000f 0E       		.uleb128 0xe
 203 0010 13       		.uleb128 0x13
 204 0011 0B       		.uleb128 0xb
 205 0012 03       		.uleb128 0x3
 206 0013 0E       		.uleb128 0xe
 207 0014 1B       		.uleb128 0x1b
 208 0015 0E       		.uleb128 0xe
 209 0016 55       		.uleb128 0x55
 210 0017 17       		.uleb128 0x17
 211 0018 11       		.uleb128 0x11
 212 0019 01       		.uleb128 0x1
 213 001a 10       		.uleb128 0x10
 214 001b 17       		.uleb128 0x17
 215 001c 00       		.byte	0
 216 001d 00       		.byte	0
 217 001e 03       		.uleb128 0x3
 218 001f 24       		.uleb128 0x24
 219 0020 00       		.byte	0
 220 0021 0B       		.uleb128 0xb
 221 0022 0B       		.uleb128 0xb
 222 0023 3E       		.uleb128 0x3e
 223 0024 0B       		.uleb128 0xb
 224 0025 03       		.uleb128 0x3
 225 0026 08       		.uleb128 0x8
 226 0027 00       		.byte	0
 227 0028 00       		.byte	0
 228 0029 04       		.uleb128 0x4
ARM GAS  C:\Users\DEVELO~1\AppData\Local\Temp\ccLleIo9.s 			page 5


 229 002a 2E       		.uleb128 0x2e
 230 002b 01       		.byte	0x1
 231 002c 3F       		.uleb128 0x3f
 232 002d 19       		.uleb128 0x19
 233 002e 03       		.uleb128 0x3
 234 002f 0E       		.uleb128 0xe
 235 0030 3A       		.uleb128 0x3a
 236 0031 0B       		.uleb128 0xb
 237 0032 3B       		.uleb128 0x3b
 238 0033 0B       		.uleb128 0xb
 239 0034 39       		.uleb128 0x39
 240 0035 0B       		.uleb128 0xb
 241 0036 27       		.uleb128 0x27
 242 0037 19       		.uleb128 0x19
 243 0038 11       		.uleb128 0x11
 244 0039 01       		.uleb128 0x1
 245 003a 12       		.uleb128 0x12
 246 003b 06       		.uleb128 0x6
 247 003c 40       		.uleb128 0x40
 248 003d 18       		.uleb128 0x18
 249 003e 7A       		.uleb128 0x7a
 250 003f 19       		.uleb128 0x19
 251 0040 01       		.uleb128 0x1
 252 0041 13       		.uleb128 0x13
 253 0042 00       		.byte	0
 254 0043 00       		.byte	0
 255 0044 05       		.uleb128 0x5
 256 0045 05       		.uleb128 0x5
 257 0046 00       		.byte	0
 258 0047 03       		.uleb128 0x3
 259 0048 0E       		.uleb128 0xe
 260 0049 3A       		.uleb128 0x3a
 261 004a 0B       		.uleb128 0xb
 262 004b 3B       		.uleb128 0x3b
 263 004c 0B       		.uleb128 0xb
 264 004d 39       		.uleb128 0x39
 265 004e 0B       		.uleb128 0xb
 266 004f 49       		.uleb128 0x49
 267 0050 13       		.uleb128 0x13
 268 0051 02       		.uleb128 0x2
 269 0052 18       		.uleb128 0x18
 270 0053 00       		.byte	0
 271 0054 00       		.byte	0
 272 0055 06       		.uleb128 0x6
 273 0056 2E       		.uleb128 0x2e
 274 0057 00       		.byte	0
 275 0058 3F       		.uleb128 0x3f
 276 0059 19       		.uleb128 0x19
 277 005a 03       		.uleb128 0x3
 278 005b 0E       		.uleb128 0xe
 279 005c 3A       		.uleb128 0x3a
 280 005d 0B       		.uleb128 0xb
 281 005e 3B       		.uleb128 0x3b
 282 005f 0B       		.uleb128 0xb
 283 0060 39       		.uleb128 0x39
 284 0061 0B       		.uleb128 0xb
 285 0062 27       		.uleb128 0x27
ARM GAS  C:\Users\DEVELO~1\AppData\Local\Temp\ccLleIo9.s 			page 6


 286 0063 19       		.uleb128 0x19
 287 0064 11       		.uleb128 0x11
 288 0065 01       		.uleb128 0x1
 289 0066 12       		.uleb128 0x12
 290 0067 06       		.uleb128 0x6
 291 0068 40       		.uleb128 0x40
 292 0069 18       		.uleb128 0x18
 293 006a 7A       		.uleb128 0x7a
 294 006b 19       		.uleb128 0x19
 295 006c 00       		.byte	0
 296 006d 00       		.byte	0
 297 006e 00       		.byte	0
 298              		.section	.debug_aranges,"",%progbits
 299 0000 24000000 		.4byte	0x24
 300 0004 0200     		.2byte	0x2
 301 0006 00000000 		.4byte	.Ldebug_info0
 302 000a 04       		.byte	0x4
 303 000b 00       		.byte	0
 304 000c 0000     		.2byte	0
 305 000e 0000     		.2byte	0
 306 0010 00000000 		.4byte	.LFB432
 307 0014 0C000000 		.4byte	.LFE432-.LFB432
 308 0018 00000000 		.4byte	.LFB433
 309 001c 14000000 		.4byte	.LFE433-.LFB433
 310 0020 00000000 		.4byte	0
 311 0024 00000000 		.4byte	0
 312              		.section	.debug_rnglists,"",%progbits
 313              	.Ldebug_ranges0:
 314 0000 15000000 		.4byte	.Ldebug_ranges3-.Ldebug_ranges2
 315              	.Ldebug_ranges2:
 316 0004 0500     		.2byte	0x5
 317 0006 04       		.byte	0x4
 318 0007 00       		.byte	0
 319 0008 00000000 		.4byte	0
 320              	.LLRL0:
 321 000c 07       		.byte	0x7
 322 000d 00000000 		.4byte	.LFB432
 323 0011 0C       		.uleb128 .LFE432-.LFB432
 324 0012 07       		.byte	0x7
 325 0013 00000000 		.4byte	.LFB433
 326 0017 14       		.uleb128 .LFE433-.LFB433
 327 0018 00       		.byte	0
 328              	.Ldebug_ranges3:
 329              		.section	.debug_line,"",%progbits
 330              	.Ldebug_line0:
 331 0000 62000000 		.section	.debug_str,"MS",%progbits,1
 331      03003200 
 331      00000201 
 331      FB0E0D00 
 331      01010101 
 332              	.LASF17:
 333 0000 61756469 		.ascii	"audio_codec_pcm4104_init\000"
 333      6F5F636F 
 333      6465635F 
 333      70636D34 
 333      3130345F 
 334              	.LASF0:
ARM GAS  C:\Users\DEVELO~1\AppData\Local\Temp\ccLleIo9.s 			page 7


 335 0019 756E7369 		.ascii	"unsigned int\000"
 335      676E6564 
 335      20696E74 
 335      00
 336              	.LASF14:
 337 0026 433A5C50 		.ascii	"C:\\PROJET\\ChibiOS project\\ChibiOS_21.11.4\\demos"
 337      524F4A45 
 337      545C4368 
 337      6962694F 
 337      53207072 
 338 0055 5C53544D 		.ascii	"\\STM32\\RT-STM32H743ZI_REV_XY-NUCLEO144_Quartz8M\000"
 338      33325C52 
 338      542D5354 
 338      4D333248 
 338      3734335A 
 339              	.LASF16:
 340 0085 6D757465 		.ascii	"mute\000"
 340      00
 341              	.LASF8:
 342 008a 6C6F6E67 		.ascii	"long unsigned int\000"
 342      20756E73 
 342      69676E65 
 342      6420696E 
 342      7400
 343              	.LASF13:
 344 009c 61756469 		.ascii	"audio/audio_codec_pcm4104.c\000"
 344      6F2F6175 
 344      64696F5F 
 344      636F6465 
 344      635F7063 
 345              	.LASF9:
 346 00b8 6C6F6E67 		.ascii	"long long unsigned int\000"
 346      206C6F6E 
 346      6720756E 
 346      7369676E 
 346      65642069 
 347              	.LASF4:
 348 00cf 756E7369 		.ascii	"unsigned char\000"
 348      676E6564 
 348      20636861 
 348      7200
 349              	.LASF10:
 350 00dd 63686172 		.ascii	"char\000"
 350      00
 351              	.LASF12:
 352 00e2 474E5520 		.ascii	"GNU C17 11.3.1 20220712 -mcpu=cortex-m7 -mthumb -mf"
 352      43313720 
 352      31312E33 
 352      2E312032 
 352      30323230 
 353 0115 6C6F6174 		.ascii	"loat-abi=soft -march=armv7e-m -ggdb -O0 -ffunction-"
 353      2D616269 
 353      3D736F66 
 353      74202D6D 
 353      61726368 
 354 0148 73656374 		.ascii	"sections -fdata-sections -fno-common\000"
 354      696F6E73 
ARM GAS  C:\Users\DEVELO~1\AppData\Local\Temp\ccLleIo9.s 			page 8


 354      202D6664 
 354      6174612D 
 354      73656374 
 355              	.LASF11:
 356 016d 5F426F6F 		.ascii	"_Bool\000"
 356      6C00
 357              	.LASF7:
 358 0173 6C6F6E67 		.ascii	"long int\000"
 358      20696E74 
 358      00
 359              	.LASF6:
 360 017c 73686F72 		.ascii	"short unsigned int\000"
 360      7420756E 
 360      7369676E 
 360      65642069 
 360      6E7400
 361              	.LASF3:
 362 018f 7369676E 		.ascii	"signed char\000"
 362      65642063 
 362      68617200 
 363              	.LASF2:
 364 019b 6C6F6E67 		.ascii	"long double\000"
 364      20646F75 
 364      626C6500 
 365              	.LASF15:
 366 01a7 61756469 		.ascii	"audio_codec_pcm4104_set_mute\000"
 366      6F5F636F 
 366      6465635F 
 366      70636D34 
 366      3130345F 
 367              	.LASF5:
 368 01c4 73686F72 		.ascii	"short int\000"
 368      7420696E 
 368      7400
 369              	.LASF1:
 370 01ce 6C6F6E67 		.ascii	"long long int\000"
 370      206C6F6E 
 370      6720696E 
 370      7400
 371              		.ident	"GCC: (Arm GNU Toolchain 11.3.Rel1) 11.3.1 20220712"
ARM GAS  C:\Users\DEVELO~1\AppData\Local\Temp\ccLleIo9.s 			page 9


DEFINED SYMBOLS
                            *ABS*:00000000 audio_codec_pcm4104.c
C:\Users\DEVELO~1\AppData\Local\Temp\ccLleIo9.s:18     .text.audio_codec_pcm4104_init:00000000 $t
C:\Users\DEVELO~1\AppData\Local\Temp\ccLleIo9.s:24     .text.audio_codec_pcm4104_init:00000000 audio_codec_pcm4104_init
C:\Users\DEVELO~1\AppData\Local\Temp\ccLleIo9.s:50     .text.audio_codec_pcm4104_set_mute:00000000 $t
C:\Users\DEVELO~1\AppData\Local\Temp\ccLleIo9.s:56     .text.audio_codec_pcm4104_set_mute:00000000 audio_codec_pcm4104_set_mute

NO UNDEFINED SYMBOLS
