ARM GAS  C:\Users\DEVELO~1\AppData\Local\Temp\ccCGkCai.s 			page 1


   1              		.cpu cortex-m7
   2              		.arch armv7e-m
   3              		.fpu softvfp
   4              		.eabi_attribute 20, 1
   5              		.eabi_attribute 21, 1
   6              		.eabi_attribute 23, 3
   7              		.eabi_attribute 24, 1
   8              		.eabi_attribute 25, 1
   9              		.eabi_attribute 26, 1
  10              		.eabi_attribute 30, 6
  11              		.eabi_attribute 34, 1
  12              		.eabi_attribute 18, 4
  13              		.file	"brick_asc.c"
  14              		.text
  15              	.Ltext0:
  16              		.cfi_sections	.debug_frame
  17              		.section	.text.brick_asc_array_set_factors,"ax",%progbits
  18              		.align	1
  19              		.global	brick_asc_array_set_factors
  20              		.syntax unified
  21              		.thumb
  22              		.thumb_func
  23              		.type	brick_asc_array_set_factors, %function
  24              	brick_asc_array_set_factors:
  25              	.LFB0:
  26              		.file 1 "drivers/HallEffect/brick_asc.c"
  27              		.loc 1 3 121
  28              		.cfi_startproc
  29              		@ args = 4, pretend = 0, frame = 24
  30              		@ frame_needed = 1, uses_anonymous_args = 0
  31              		@ link register save eliminated.
  32 0000 80B4     		push	{r7}
  33              		.cfi_def_cfa_offset 4
  34              		.cfi_offset 7, -4
  35 0002 87B0     		sub	sp, sp, #28
  36              		.cfi_def_cfa_offset 32
  37 0004 00AF     		add	r7, sp, #0
  38              		.cfi_def_cfa_register 7
  39 0006 F860     		str	r0, [r7, #12]
  40 0008 B960     		str	r1, [r7, #8]
  41 000a 1146     		mov	r1, r2
  42 000c 1A46     		mov	r2, r3
  43 000e 0B46     		mov	r3, r1
  44 0010 FB71     		strb	r3, [r7, #7]
  45 0012 1346     		mov	r3, r2
  46 0014 BB71     		strb	r3, [r7, #6]
  47              		.loc 1 4 6
  48 0016 FB68     		ldr	r3, [r7, #12]
  49 0018 002B     		cmp	r3, #0
  50 001a 6AD0     		beq	.L11
  51              		.loc 1 4 19 discriminator 1
  52 001c BB68     		ldr	r3, [r7, #8]
  53 001e 002B     		cmp	r3, #0
  54 0020 67D0     		beq	.L11
  55              		.loc 1 4 46 discriminator 2
  56 0022 FB79     		ldrb	r3, [r7, #7]	@ zero_extendqisi2
  57              		.loc 1 4 37 discriminator 2
ARM GAS  C:\Users\DEVELO~1\AppData\Local\Temp\ccCGkCai.s 			page 2


  58 0024 BA68     		ldr	r2, [r7, #8]
  59 0026 9A42     		cmp	r2, r3
  60 0028 63D9     		bls	.L11
  61              		.loc 1 4 67 discriminator 3
  62 002a FA79     		ldrb	r2, [r7, #7]	@ zero_extendqisi2
  63 002c BB79     		ldrb	r3, [r7, #6]	@ zero_extendqisi2
  64 002e 1344     		add	r3, r3, r2
  65 0030 1A46     		mov	r2, r3
  66              		.loc 1 4 58 discriminator 3
  67 0032 BB68     		ldr	r3, [r7, #8]
  68 0034 9342     		cmp	r3, r2
  69 0036 5CD3     		bcc	.L11
  70              		.loc 1 15 6
  71 0038 97F82030 		ldrb	r3, [r7, #32]	@ zero_extendqisi2
  72 003c 002B     		cmp	r3, #0
  73 003e 02D1     		bne	.L5
  74              		.loc 1 16 12
  75 0040 0123     		movs	r3, #1
  76 0042 87F82030 		strb	r3, [r7, #32]
  77              	.L5:
  78              		.loc 1 18 6
  79 0046 97F82030 		ldrb	r3, [r7, #32]	@ zero_extendqisi2
  80 004a 102B     		cmp	r3, #16
  81 004c 02D9     		bls	.L6
  82              		.loc 1 19 12
  83 004e 1023     		movs	r3, #16
  84 0050 87F82030 		strb	r3, [r7, #32]
  85              	.L6:
  86              	.LBB2:
  87              		.loc 1 22 16
  88 0054 FB79     		ldrb	r3, [r7, #7]
  89 0056 FB75     		strb	r3, [r7, #23]
  90              		.loc 1 22 3
  91 0058 44E0     		b	.L7
  92              	.L10:
  93              		.loc 1 23 8
  94 005a FA7D     		ldrb	r2, [r7, #23]	@ zero_extendqisi2
  95 005c 1346     		mov	r3, r2
  96 005e 9B00     		lsls	r3, r3, #2
  97 0060 1344     		add	r3, r3, r2
  98 0062 DB00     		lsls	r3, r3, #3
  99 0064 1A46     		mov	r2, r3
 100 0066 FB68     		ldr	r3, [r7, #12]
 101 0068 1344     		add	r3, r3, r2
 102              		.loc 1 23 16
 103 006a 0022     		movs	r2, #0
 104 006c 1A60     		str	r2, [r3]
 105              		.loc 1 24 8
 106 006e FA7D     		ldrb	r2, [r7, #23]	@ zero_extendqisi2
 107 0070 1346     		mov	r3, r2
 108 0072 9B00     		lsls	r3, r3, #2
 109 0074 1344     		add	r3, r3, r2
 110 0076 DB00     		lsls	r3, r3, #3
 111 0078 1A46     		mov	r2, r3
 112 007a FB68     		ldr	r3, [r7, #12]
 113 007c 1344     		add	r3, r3, r2
 114              		.loc 1 24 17
ARM GAS  C:\Users\DEVELO~1\AppData\Local\Temp\ccCGkCai.s 			page 3


 115 007e 0022     		movs	r2, #0
 116 0080 83F82420 		strb	r2, [r3, #36]
 117              		.loc 1 25 8
 118 0084 FA7D     		ldrb	r2, [r7, #23]	@ zero_extendqisi2
 119 0086 1346     		mov	r3, r2
 120 0088 9B00     		lsls	r3, r3, #2
 121 008a 1344     		add	r3, r3, r2
 122 008c DB00     		lsls	r3, r3, #3
 123 008e 1A46     		mov	r2, r3
 124 0090 FB68     		ldr	r3, [r7, #12]
 125 0092 1344     		add	r3, r3, r2
 126              		.loc 1 25 18
 127 0094 0022     		movs	r2, #0
 128 0096 83F82520 		strb	r2, [r3, #37]
 129              		.loc 1 26 8
 130 009a FA7D     		ldrb	r2, [r7, #23]	@ zero_extendqisi2
 131 009c 1346     		mov	r3, r2
 132 009e 9B00     		lsls	r3, r3, #2
 133 00a0 1344     		add	r3, r3, r2
 134 00a2 DB00     		lsls	r3, r3, #3
 135 00a4 1A46     		mov	r2, r3
 136 00a6 FB68     		ldr	r3, [r7, #12]
 137 00a8 1344     		add	r3, r3, r2
 138              		.loc 1 26 19
 139 00aa 97F82020 		ldrb	r2, [r7, #32]
 140 00ae 83F82620 		strb	r2, [r3, #38]
 141              	.LBB3:
 142              		.loc 1 27 18
 143 00b2 0023     		movs	r3, #0
 144 00b4 BB75     		strb	r3, [r7, #22]
 145              		.loc 1 27 5
 146 00b6 0FE0     		b	.L8
 147              	.L9:
 148              		.loc 1 28 10 discriminator 3
 149 00b8 FA7D     		ldrb	r2, [r7, #23]	@ zero_extendqisi2
 150 00ba 1346     		mov	r3, r2
 151 00bc 9B00     		lsls	r3, r3, #2
 152 00be 1344     		add	r3, r3, r2
 153 00c0 DB00     		lsls	r3, r3, #3
 154 00c2 1A46     		mov	r2, r3
 155 00c4 FB68     		ldr	r3, [r7, #12]
 156 00c6 1A44     		add	r2, r2, r3
 157              		.loc 1 28 20 discriminator 3
 158 00c8 BB7D     		ldrb	r3, [r7, #22]	@ zero_extendqisi2
 159              		.loc 1 28 24 discriminator 3
 160 00ca 5B00     		lsls	r3, r3, #1
 161 00cc 1344     		add	r3, r3, r2
 162 00ce 0022     		movs	r2, #0
 163 00d0 9A80     		strh	r2, [r3, #4]	@ movhi
 164              		.loc 1 27 51 discriminator 3
 165 00d2 BB7D     		ldrb	r3, [r7, #22]
 166 00d4 0133     		adds	r3, r3, #1
 167 00d6 BB75     		strb	r3, [r7, #22]
 168              	.L8:
 169              		.loc 1 27 27 discriminator 1
 170 00d8 BB7D     		ldrb	r3, [r7, #22]	@ zero_extendqisi2
 171 00da 0F2B     		cmp	r3, #15
ARM GAS  C:\Users\DEVELO~1\AppData\Local\Temp\ccCGkCai.s 			page 4


 172 00dc ECD9     		bls	.L9
 173              	.LBE3:
 174              		.loc 1 22 47 discriminator 2
 175 00de FB7D     		ldrb	r3, [r7, #23]
 176 00e0 0133     		adds	r3, r3, #1
 177 00e2 FB75     		strb	r3, [r7, #23]
 178              	.L7:
 179              		.loc 1 22 29 discriminator 1
 180 00e4 FA7D     		ldrb	r2, [r7, #23]	@ zero_extendqisi2
 181              		.loc 1 22 37 discriminator 1
 182 00e6 F979     		ldrb	r1, [r7, #7]	@ zero_extendqisi2
 183 00e8 BB79     		ldrb	r3, [r7, #6]	@ zero_extendqisi2
 184 00ea 0B44     		add	r3, r3, r1
 185              		.loc 1 22 29 discriminator 1
 186 00ec 9A42     		cmp	r2, r3
 187 00ee B4DB     		blt	.L10
 188 00f0 00E0     		b	.L1
 189              	.L11:
 190              	.LBE2:
 191              		.loc 1 5 5
 192 00f2 00BF     		nop
 193              	.L1:
 194              		.loc 1 31 1
 195 00f4 1C37     		adds	r7, r7, #28
 196              		.cfi_def_cfa_offset 4
 197 00f6 BD46     		mov	sp, r7
 198              		.cfi_def_cfa_register 13
 199              		@ sp needed
 200 00f8 80BC     		pop	{r7}
 201              		.cfi_restore 7
 202              		.cfi_def_cfa_offset 0
 203 00fa 7047     		bx	lr
 204              		.cfi_endproc
 205              	.LFE0:
 206              		.size	brick_asc_array_set_factors, .-brick_asc_array_set_factors
 207              		.section	.text.brick_asc_process,"ax",%progbits
 208              		.align	1
 209              		.global	brick_asc_process
 210              		.syntax unified
 211              		.thumb
 212              		.thumb_func
 213              		.type	brick_asc_process, %function
 214              	brick_asc_process:
 215              	.LFB1:
 216              		.loc 1 33 74
 217              		.cfi_startproc
 218              		@ args = 0, pretend = 0, frame = 16
 219              		@ frame_needed = 1, uses_anonymous_args = 0
 220              		@ link register save eliminated.
 221 0000 80B4     		push	{r7}
 222              		.cfi_def_cfa_offset 4
 223              		.cfi_offset 7, -4
 224 0002 85B0     		sub	sp, sp, #20
 225              		.cfi_def_cfa_offset 24
 226 0004 00AF     		add	r7, sp, #0
 227              		.cfi_def_cfa_register 7
 228 0006 F860     		str	r0, [r7, #12]
ARM GAS  C:\Users\DEVELO~1\AppData\Local\Temp\ccCGkCai.s 			page 5


 229 0008 0B46     		mov	r3, r1
 230 000a 7A60     		str	r2, [r7, #4]
 231 000c 7B81     		strh	r3, [r7, #10]	@ movhi
 232              		.loc 1 34 6
 233 000e FB68     		ldr	r3, [r7, #12]
 234 0010 002B     		cmp	r3, #0
 235 0012 02D0     		beq	.L13
 236              		.loc 1 34 19 discriminator 1
 237 0014 7B68     		ldr	r3, [r7, #4]
 238 0016 002B     		cmp	r3, #0
 239 0018 01D1     		bne	.L14
 240              	.L13:
 241              		.loc 1 35 12
 242 001a 0023     		movs	r3, #0
 243 001c 83E0     		b	.L15
 244              	.L14:
 245              		.loc 1 38 10
 246 001e FB68     		ldr	r3, [r7, #12]
 247 0020 93F82630 		ldrb	r3, [r3, #38]	@ zero_extendqisi2
 248              		.loc 1 38 6
 249 0024 002B     		cmp	r3, #0
 250 0026 04D0     		beq	.L16
 251              		.loc 1 38 31 discriminator 1
 252 0028 FB68     		ldr	r3, [r7, #12]
 253 002a 93F82630 		ldrb	r3, [r3, #38]	@ zero_extendqisi2
 254              		.loc 1 38 25 discriminator 1
 255 002e 102B     		cmp	r3, #16
 256 0030 2AD9     		bls	.L17
 257              	.L16:
 258              		.loc 1 39 9
 259 0032 7B68     		ldr	r3, [r7, #4]
 260 0034 7A89     		ldrh	r2, [r7, #10]	@ movhi
 261 0036 1A80     		strh	r2, [r3]	@ movhi
 262              		.loc 1 40 23
 263 0038 FB68     		ldr	r3, [r7, #12]
 264 003a 93F82630 		ldrb	r3, [r3, #38]	@ zero_extendqisi2
 265              		.loc 1 40 17
 266 003e 002B     		cmp	r3, #0
 267 0040 01D1     		bne	.L18
 268              		.loc 1 40 17 is_stmt 0 discriminator 1
 269 0042 0122     		movs	r2, #1
 270 0044 00E0     		b	.L19
 271              	.L18:
 272              		.loc 1 40 17 discriminator 2
 273 0046 1022     		movs	r2, #16
 274              	.L19:
 275              		.loc 1 40 17 discriminator 4
 276 0048 FB68     		ldr	r3, [r7, #12]
 277 004a 83F82620 		strb	r2, [r3, #38]
 278              		.loc 1 41 16 is_stmt 1 discriminator 4
 279 004e FB68     		ldr	r3, [r7, #12]
 280 0050 0122     		movs	r2, #1
 281 0052 83F82520 		strb	r2, [r3, #37]
 282              		.loc 1 42 25 discriminator 4
 283 0056 FB68     		ldr	r3, [r7, #12]
 284 0058 93F82630 		ldrb	r3, [r3, #38]	@ zero_extendqisi2
 285              		.loc 1 42 15 discriminator 4
ARM GAS  C:\Users\DEVELO~1\AppData\Local\Temp\ccCGkCai.s 			page 6


 286 005c 0122     		movs	r2, #1
 287 005e B2FBF3F1 		udiv	r1, r2, r3
 288 0062 01FB03F3 		mul	r3, r1, r3
 289 0066 D31A     		subs	r3, r2, r3
 290 0068 DAB2     		uxtb	r2, r3
 291 006a FB68     		ldr	r3, [r7, #12]
 292 006c 83F82420 		strb	r2, [r3, #36]
 293              		.loc 1 43 14 discriminator 4
 294 0070 7A89     		ldrh	r2, [r7, #10]
 295 0072 FB68     		ldr	r3, [r7, #12]
 296 0074 1A60     		str	r2, [r3]
 297              		.loc 1 44 15 discriminator 4
 298 0076 FB68     		ldr	r3, [r7, #12]
 299 0078 93F82630 		ldrb	r3, [r3, #38]	@ zero_extendqisi2
 300              		.loc 1 44 24 discriminator 4
 301 007c 012B     		cmp	r3, #1
 302 007e 0CBF     		ite	eq
 303 0080 0123     		moveq	r3, #1
 304 0082 0023     		movne	r3, #0
 305 0084 DBB2     		uxtb	r3, r3
 306 0086 4EE0     		b	.L15
 307              	.L17:
 308              		.loc 1 47 12
 309 0088 FB68     		ldr	r3, [r7, #12]
 310 008a 1A68     		ldr	r2, [r3]
 311              		.loc 1 47 30
 312 008c FB68     		ldr	r3, [r7, #12]
 313 008e 93F82430 		ldrb	r3, [r3, #36]	@ zero_extendqisi2
 314              		.loc 1 47 26
 315 0092 F968     		ldr	r1, [r7, #12]
 316 0094 5B00     		lsls	r3, r3, #1
 317 0096 0B44     		add	r3, r3, r1
 318 0098 9B88     		ldrh	r3, [r3, #4]
 319              		.loc 1 47 12
 320 009a D21A     		subs	r2, r2, r3
 321 009c FB68     		ldr	r3, [r7, #12]
 322 009e 1A60     		str	r2, [r3]
 323              		.loc 1 48 18
 324 00a0 FB68     		ldr	r3, [r7, #12]
 325 00a2 93F82430 		ldrb	r3, [r3, #36]	@ zero_extendqisi2
 326              		.loc 1 48 26
 327 00a6 FA68     		ldr	r2, [r7, #12]
 328 00a8 5B00     		lsls	r3, r3, #1
 329 00aa 1344     		add	r3, r3, r2
 330 00ac 7A89     		ldrh	r2, [r7, #10]	@ movhi
 331 00ae 9A80     		strh	r2, [r3, #4]	@ movhi
 332              		.loc 1 49 12
 333 00b0 FB68     		ldr	r3, [r7, #12]
 334 00b2 1A68     		ldr	r2, [r3]
 335 00b4 7B89     		ldrh	r3, [r7, #10]
 336 00b6 1A44     		add	r2, r2, r3
 337 00b8 FB68     		ldr	r3, [r7, #12]
 338 00ba 1A60     		str	r2, [r3]
 339              		.loc 1 51 10
 340 00bc FB68     		ldr	r3, [r7, #12]
 341 00be 93F82520 		ldrb	r2, [r3, #37]	@ zero_extendqisi2
 342              		.loc 1 51 23
ARM GAS  C:\Users\DEVELO~1\AppData\Local\Temp\ccCGkCai.s 			page 7


 343 00c2 FB68     		ldr	r3, [r7, #12]
 344 00c4 93F82630 		ldrb	r3, [r3, #38]	@ zero_extendqisi2
 345              		.loc 1 51 6
 346 00c8 9A42     		cmp	r2, r3
 347 00ca 07D2     		bcs	.L20
 348              		.loc 1 52 8
 349 00cc FB68     		ldr	r3, [r7, #12]
 350 00ce 93F82530 		ldrb	r3, [r3, #37]	@ zero_extendqisi2
 351              		.loc 1 52 15
 352 00d2 0133     		adds	r3, r3, #1
 353 00d4 DAB2     		uxtb	r2, r3
 354 00d6 FB68     		ldr	r3, [r7, #12]
 355 00d8 83F82520 		strb	r2, [r3, #37]
 356              	.L20:
 357              		.loc 1 55 19
 358 00dc FB68     		ldr	r3, [r7, #12]
 359 00de 93F82430 		ldrb	r3, [r3, #36]	@ zero_extendqisi2
 360              		.loc 1 55 26
 361 00e2 0133     		adds	r3, r3, #1
 362              		.loc 1 55 37
 363 00e4 FA68     		ldr	r2, [r7, #12]
 364 00e6 92F82620 		ldrb	r2, [r2, #38]	@ zero_extendqisi2
 365              		.loc 1 55 32
 366 00ea B3FBF2F1 		udiv	r1, r3, r2
 367 00ee 01FB02F2 		mul	r2, r1, r2
 368 00f2 9B1A     		subs	r3, r3, r2
 369              		.loc 1 55 13
 370 00f4 DAB2     		uxtb	r2, r3
 371 00f6 FB68     		ldr	r3, [r7, #12]
 372 00f8 83F82420 		strb	r2, [r3, #36]
 373              		.loc 1 56 23
 374 00fc FB68     		ldr	r3, [r7, #12]
 375 00fe 1B68     		ldr	r3, [r3]
 376              		.loc 1 56 34
 377 0100 FA68     		ldr	r2, [r7, #12]
 378 0102 92F82520 		ldrb	r2, [r2, #37]	@ zero_extendqisi2
 379              		.loc 1 56 29
 380 0106 B3FBF2F3 		udiv	r3, r3, r2
 381              		.loc 1 56 9
 382 010a 9AB2     		uxth	r2, r3
 383              		.loc 1 56 7
 384 010c 7B68     		ldr	r3, [r7, #4]
 385 010e 1A80     		strh	r2, [r3]	@ movhi
 386              		.loc 1 58 13
 387 0110 FB68     		ldr	r3, [r7, #12]
 388 0112 93F82520 		ldrb	r2, [r3, #37]	@ zero_extendqisi2
 389              		.loc 1 58 27
 390 0116 FB68     		ldr	r3, [r7, #12]
 391 0118 93F82630 		ldrb	r3, [r3, #38]	@ zero_extendqisi2
 392              		.loc 1 58 21
 393 011c 9A42     		cmp	r2, r3
 394 011e 0CBF     		ite	eq
 395 0120 0123     		moveq	r3, #1
 396 0122 0023     		movne	r3, #0
 397 0124 DBB2     		uxtb	r3, r3
 398              	.L15:
 399              		.loc 1 59 1
ARM GAS  C:\Users\DEVELO~1\AppData\Local\Temp\ccCGkCai.s 			page 8


 400 0126 1846     		mov	r0, r3
 401 0128 1437     		adds	r7, r7, #20
 402              		.cfi_def_cfa_offset 4
 403 012a BD46     		mov	sp, r7
 404              		.cfi_def_cfa_register 13
 405              		@ sp needed
 406 012c 80BC     		pop	{r7}
 407              		.cfi_restore 7
 408              		.cfi_def_cfa_offset 0
 409 012e 7047     		bx	lr
 410              		.cfi_endproc
 411              	.LFE1:
 412              		.size	brick_asc_process, .-brick_asc_process
 413              		.text
 414              	.Letext0:
 415              		.file 2 "c:\\chibistudio\\tools\\gnu tools arm embedded\\11.3 2022.08\\arm-none-eabi\\include\\mac
 416              		.file 3 "c:\\chibistudio\\tools\\gnu tools arm embedded\\11.3 2022.08\\arm-none-eabi\\include\\sys
 417              		.file 4 "c:\\chibistudio\\tools\\gnu tools arm embedded\\11.3 2022.08\\lib\\gcc\\arm-none-eabi\\11
 418              		.file 5 "drivers/HallEffect/brick_asc.h"
 419              		.section	.debug_info,"",%progbits
 420              	.Ldebug_info0:
 421 0000 F4010000 		.4byte	0x1f4
 422 0004 0500     		.2byte	0x5
 423 0006 01       		.byte	0x1
 424 0007 04       		.byte	0x4
 425 0008 00000000 		.4byte	.Ldebug_abbrev0
 426 000c 09       		.uleb128 0x9
 427 000d F1000000 		.4byte	.LASF25
 428 0011 1D       		.byte	0x1d
 429 0012 D7010000 		.4byte	.LASF26
 430 0016 75000000 		.4byte	.LASF27
 431 001a 0C000000 		.4byte	.LLRL0
 432 001e 00000000 		.4byte	0
 433 0022 00000000 		.4byte	.Ldebug_line0
 434 0026 01       		.uleb128 0x1
 435 0027 01       		.byte	0x1
 436 0028 06       		.byte	0x6
 437 0029 2E020000 		.4byte	.LASF0
 438 002d 02       		.uleb128 0x2
 439 002e 12000000 		.4byte	.LASF3
 440 0032 02       		.byte	0x2
 441 0033 2B       		.byte	0x2b
 442 0034 18       		.byte	0x18
 443 0035 39000000 		.4byte	0x39
 444 0039 01       		.uleb128 0x1
 445 003a 01       		.byte	0x1
 446 003b 08       		.byte	0x8
 447 003c 42000000 		.4byte	.LASF1
 448 0040 01       		.uleb128 0x1
 449 0041 02       		.byte	0x2
 450 0042 05       		.byte	0x5
 451 0043 F6010000 		.4byte	.LASF2
 452 0047 02       		.uleb128 0x2
 453 0048 D4000000 		.4byte	.LASF4
 454 004c 02       		.byte	0x2
 455 004d 39       		.byte	0x39
 456 004e 19       		.byte	0x19
ARM GAS  C:\Users\DEVELO~1\AppData\Local\Temp\ccCGkCai.s 			page 9


 457 004f 53000000 		.4byte	0x53
 458 0053 01       		.uleb128 0x1
 459 0054 02       		.byte	0x2
 460 0055 07       		.byte	0x7
 461 0056 62000000 		.4byte	.LASF5
 462 005a 01       		.uleb128 0x1
 463 005b 04       		.byte	0x4
 464 005c 05       		.byte	0x5
 465 005d 19020000 		.4byte	.LASF6
 466 0061 02       		.uleb128 0x2
 467 0062 DF000000 		.4byte	.LASF7
 468 0066 02       		.byte	0x2
 469 0067 4F       		.byte	0x4f
 470 0068 19       		.byte	0x19
 471 0069 6D000000 		.4byte	0x6d
 472 006d 01       		.uleb128 0x1
 473 006e 04       		.byte	0x4
 474 006f 07       		.byte	0x7
 475 0070 50000000 		.4byte	.LASF8
 476 0074 01       		.uleb128 0x1
 477 0075 08       		.byte	0x8
 478 0076 05       		.byte	0x5
 479 0077 C9010000 		.4byte	.LASF9
 480 007b 01       		.uleb128 0x1
 481 007c 08       		.byte	0x8
 482 007d 07       		.byte	0x7
 483 007e 8E010000 		.4byte	.LASF10
 484 0082 0A       		.uleb128 0xa
 485 0083 04       		.byte	0x4
 486 0084 05       		.byte	0x5
 487 0085 696E7400 		.ascii	"int\000"
 488 0089 01       		.uleb128 0x1
 489 008a 04       		.byte	0x4
 490 008b 07       		.byte	0x7
 491 008c 81010000 		.4byte	.LASF11
 492 0090 02       		.uleb128 0x2
 493 0091 A5010000 		.4byte	.LASF12
 494 0095 03       		.byte	0x3
 495 0096 18       		.byte	0x18
 496 0097 13       		.byte	0x13
 497 0098 2D000000 		.4byte	0x2d
 498 009c 02       		.uleb128 0x2
 499 009d 07020000 		.4byte	.LASF13
 500 00a1 03       		.byte	0x3
 501 00a2 24       		.byte	0x24
 502 00a3 14       		.byte	0x14
 503 00a4 47000000 		.4byte	0x47
 504 00a8 02       		.uleb128 0x2
 505 00a9 10020000 		.4byte	.LASF14
 506 00ad 03       		.byte	0x3
 507 00ae 30       		.byte	0x30
 508 00af 14       		.byte	0x14
 509 00b0 61000000 		.4byte	0x61
 510 00b4 02       		.uleb128 0x2
 511 00b5 1C000000 		.4byte	.LASF15
 512 00b9 04       		.byte	0x4
 513 00ba D1       		.byte	0xd1
ARM GAS  C:\Users\DEVELO~1\AppData\Local\Temp\ccCGkCai.s 			page 10


 514 00bb 17       		.byte	0x17
 515 00bc 89000000 		.4byte	0x89
 516 00c0 01       		.uleb128 0x1
 517 00c1 08       		.byte	0x8
 518 00c2 04       		.byte	0x4
 519 00c3 22020000 		.4byte	.LASF16
 520 00c7 0B       		.uleb128 0xb
 521 00c8 2C000000 		.4byte	.LASF28
 522 00cc 28       		.byte	0x28
 523 00cd 05       		.byte	0x5
 524 00ce 0A       		.byte	0xa
 525 00cf 08       		.byte	0x8
 526 00d0 12010000 		.4byte	0x112
 527 00d4 0C       		.uleb128 0xc
 528 00d5 73756D00 		.ascii	"sum\000"
 529 00d9 05       		.byte	0x5
 530 00da 0B       		.byte	0xb
 531 00db 0C       		.byte	0xc
 532 00dc A8000000 		.4byte	0xa8
 533 00e0 00       		.byte	0
 534 00e1 03       		.uleb128 0x3
 535 00e2 00020000 		.4byte	.LASF17
 536 00e6 0C       		.byte	0xc
 537 00e7 0C       		.byte	0xc
 538 00e8 12010000 		.4byte	0x112
 539 00ec 04       		.byte	0x4
 540 00ed 03       		.uleb128 0x3
 541 00ee 7C010000 		.4byte	.LASF18
 542 00f2 0D       		.byte	0xd
 543 00f3 0B       		.byte	0xb
 544 00f4 90000000 		.4byte	0x90
 545 00f8 24       		.byte	0x24
 546 00f9 03       		.uleb128 0x3
 547 00fa 36000000 		.4byte	.LASF19
 548 00fe 0E       		.byte	0xe
 549 00ff 0B       		.byte	0xb
 550 0100 90000000 		.4byte	0x90
 551 0104 25       		.byte	0x25
 552 0105 03       		.uleb128 0x3
 553 0106 EA000000 		.4byte	.LASF20
 554 010a 0F       		.byte	0xf
 555 010b 0B       		.byte	0xb
 556 010c 90000000 		.4byte	0x90
 557 0110 26       		.byte	0x26
 558 0111 00       		.byte	0
 559 0112 0D       		.uleb128 0xd
 560 0113 9C000000 		.4byte	0x9c
 561 0117 22010000 		.4byte	0x122
 562 011b 0E       		.uleb128 0xe
 563 011c 89000000 		.4byte	0x89
 564 0120 0F       		.byte	0xf
 565 0121 00       		.byte	0
 566 0122 0F       		.uleb128 0xf
 567 0123 00000000 		.4byte	.LASF29
 568 0127 01       		.byte	0x1
 569 0128 21       		.byte	0x21
 570 0129 06       		.byte	0x6
ARM GAS  C:\Users\DEVELO~1\AppData\Local\Temp\ccCGkCai.s 			page 11


 571 012a 65010000 		.4byte	0x165
 572 012e 00000000 		.4byte	.LFB1
 573 0132 30010000 		.4byte	.LFE1-.LFB1
 574 0136 01       		.uleb128 0x1
 575 0137 9C       		.byte	0x9c
 576 0138 65010000 		.4byte	0x165
 577 013c 04       		.uleb128 0x4
 578 013d 61736300 		.ascii	"asc\000"
 579 0141 21       		.byte	0x21
 580 0142 2A       		.byte	0x2a
 581 0143 6C010000 		.4byte	0x16c
 582 0147 02       		.uleb128 0x2
 583 0148 91       		.byte	0x91
 584 0149 74       		.sleb128 -12
 585 014a 04       		.uleb128 0x4
 586 014b 727800   		.ascii	"rx\000"
 587 014e 21       		.byte	0x21
 588 014f 38       		.byte	0x38
 589 0150 9C000000 		.4byte	0x9c
 590 0154 02       		.uleb128 0x2
 591 0155 91       		.byte	0x91
 592 0156 72       		.sleb128 -14
 593 0157 04       		.uleb128 0x4
 594 0158 747800   		.ascii	"tx\000"
 595 015b 21       		.byte	0x21
 596 015c 46       		.byte	0x46
 597 015d 71010000 		.4byte	0x171
 598 0161 02       		.uleb128 0x2
 599 0162 91       		.byte	0x91
 600 0163 6C       		.sleb128 -20
 601 0164 00       		.byte	0
 602 0165 01       		.uleb128 0x1
 603 0166 01       		.byte	0x1
 604 0167 02       		.byte	0x2
 605 0168 3A020000 		.4byte	.LASF21
 606 016c 06       		.uleb128 0x6
 607 016d C7000000 		.4byte	0xc7
 608 0171 06       		.uleb128 0x6
 609 0172 9C000000 		.4byte	0x9c
 610 0176 10       		.uleb128 0x10
 611 0177 AD010000 		.4byte	.LASF30
 612 017b 01       		.byte	0x1
 613 017c 03       		.byte	0x3
 614 017d 06       		.byte	0x6
 615 017e 00000000 		.4byte	.LFB0
 616 0182 FC000000 		.4byte	.LFE0-.LFB0
 617 0186 01       		.uleb128 0x1
 618 0187 9C       		.byte	0x9c
 619 0188 04       		.uleb128 0x4
 620 0189 61736300 		.ascii	"asc\000"
 621 018d 03       		.byte	0x3
 622 018e 34       		.byte	0x34
 623 018f 6C010000 		.4byte	0x16c
 624 0193 02       		.uleb128 0x2
 625 0194 91       		.byte	0x91
 626 0195 6C       		.sleb128 -20
 627 0196 05       		.uleb128 0x5
ARM GAS  C:\Users\DEVELO~1\AppData\Local\Temp\ccCGkCai.s 			page 12


 628 0197 23000000 		.4byte	.LASF22
 629 019b 40       		.byte	0x40
 630 019c B4000000 		.4byte	0xb4
 631 01a0 02       		.uleb128 0x2
 632 01a1 91       		.byte	0x91
 633 01a2 68       		.sleb128 -24
 634 01a3 05       		.uleb128 0x5
 635 01a4 3C000000 		.4byte	.LASF23
 636 01a8 52       		.byte	0x52
 637 01a9 90000000 		.4byte	0x90
 638 01ad 02       		.uleb128 0x2
 639 01ae 91       		.byte	0x91
 640 01af 67       		.sleb128 -25
 641 01b0 05       		.uleb128 0x5
 642 01b1 40020000 		.4byte	.LASF24
 643 01b5 61       		.byte	0x61
 644 01b6 90000000 		.4byte	0x90
 645 01ba 02       		.uleb128 0x2
 646 01bb 91       		.byte	0x91
 647 01bc 66       		.sleb128 -26
 648 01bd 05       		.uleb128 0x5
 649 01be EA000000 		.4byte	.LASF20
 650 01c2 71       		.byte	0x71
 651 01c3 90000000 		.4byte	0x90
 652 01c7 02       		.uleb128 0x2
 653 01c8 91       		.byte	0x91
 654 01c9 00       		.sleb128 0
 655 01ca 07       		.uleb128 0x7
 656 01cb 54000000 		.4byte	.LBB2
 657 01cf 9E000000 		.4byte	.LBE2-.LBB2
 658 01d3 08       		.uleb128 0x8
 659 01d4 6900     		.ascii	"i\000"
 660 01d6 16       		.byte	0x16
 661 01d7 10       		.byte	0x10
 662 01d8 90000000 		.4byte	0x90
 663 01dc 02       		.uleb128 0x2
 664 01dd 91       		.byte	0x91
 665 01de 77       		.sleb128 -9
 666 01df 07       		.uleb128 0x7
 667 01e0 B2000000 		.4byte	.LBB3
 668 01e4 2C000000 		.4byte	.LBE3-.LBB3
 669 01e8 08       		.uleb128 0x8
 670 01e9 6A00     		.ascii	"j\000"
 671 01eb 1B       		.byte	0x1b
 672 01ec 12       		.byte	0x12
 673 01ed 90000000 		.4byte	0x90
 674 01f1 02       		.uleb128 0x2
 675 01f2 91       		.byte	0x91
 676 01f3 76       		.sleb128 -10
 677 01f4 00       		.byte	0
 678 01f5 00       		.byte	0
 679 01f6 00       		.byte	0
 680 01f7 00       		.byte	0
 681              		.section	.debug_abbrev,"",%progbits
 682              	.Ldebug_abbrev0:
 683 0000 01       		.uleb128 0x1
 684 0001 24       		.uleb128 0x24
ARM GAS  C:\Users\DEVELO~1\AppData\Local\Temp\ccCGkCai.s 			page 13


 685 0002 00       		.byte	0
 686 0003 0B       		.uleb128 0xb
 687 0004 0B       		.uleb128 0xb
 688 0005 3E       		.uleb128 0x3e
 689 0006 0B       		.uleb128 0xb
 690 0007 03       		.uleb128 0x3
 691 0008 0E       		.uleb128 0xe
 692 0009 00       		.byte	0
 693 000a 00       		.byte	0
 694 000b 02       		.uleb128 0x2
 695 000c 16       		.uleb128 0x16
 696 000d 00       		.byte	0
 697 000e 03       		.uleb128 0x3
 698 000f 0E       		.uleb128 0xe
 699 0010 3A       		.uleb128 0x3a
 700 0011 0B       		.uleb128 0xb
 701 0012 3B       		.uleb128 0x3b
 702 0013 0B       		.uleb128 0xb
 703 0014 39       		.uleb128 0x39
 704 0015 0B       		.uleb128 0xb
 705 0016 49       		.uleb128 0x49
 706 0017 13       		.uleb128 0x13
 707 0018 00       		.byte	0
 708 0019 00       		.byte	0
 709 001a 03       		.uleb128 0x3
 710 001b 0D       		.uleb128 0xd
 711 001c 00       		.byte	0
 712 001d 03       		.uleb128 0x3
 713 001e 0E       		.uleb128 0xe
 714 001f 3A       		.uleb128 0x3a
 715 0020 21       		.uleb128 0x21
 716 0021 05       		.sleb128 5
 717 0022 3B       		.uleb128 0x3b
 718 0023 0B       		.uleb128 0xb
 719 0024 39       		.uleb128 0x39
 720 0025 0B       		.uleb128 0xb
 721 0026 49       		.uleb128 0x49
 722 0027 13       		.uleb128 0x13
 723 0028 38       		.uleb128 0x38
 724 0029 0B       		.uleb128 0xb
 725 002a 00       		.byte	0
 726 002b 00       		.byte	0
 727 002c 04       		.uleb128 0x4
 728 002d 05       		.uleb128 0x5
 729 002e 00       		.byte	0
 730 002f 03       		.uleb128 0x3
 731 0030 08       		.uleb128 0x8
 732 0031 3A       		.uleb128 0x3a
 733 0032 21       		.uleb128 0x21
 734 0033 01       		.sleb128 1
 735 0034 3B       		.uleb128 0x3b
 736 0035 0B       		.uleb128 0xb
 737 0036 39       		.uleb128 0x39
 738 0037 0B       		.uleb128 0xb
 739 0038 49       		.uleb128 0x49
 740 0039 13       		.uleb128 0x13
 741 003a 02       		.uleb128 0x2
ARM GAS  C:\Users\DEVELO~1\AppData\Local\Temp\ccCGkCai.s 			page 14


 742 003b 18       		.uleb128 0x18
 743 003c 00       		.byte	0
 744 003d 00       		.byte	0
 745 003e 05       		.uleb128 0x5
 746 003f 05       		.uleb128 0x5
 747 0040 00       		.byte	0
 748 0041 03       		.uleb128 0x3
 749 0042 0E       		.uleb128 0xe
 750 0043 3A       		.uleb128 0x3a
 751 0044 21       		.uleb128 0x21
 752 0045 01       		.sleb128 1
 753 0046 3B       		.uleb128 0x3b
 754 0047 21       		.uleb128 0x21
 755 0048 03       		.sleb128 3
 756 0049 39       		.uleb128 0x39
 757 004a 0B       		.uleb128 0xb
 758 004b 49       		.uleb128 0x49
 759 004c 13       		.uleb128 0x13
 760 004d 02       		.uleb128 0x2
 761 004e 18       		.uleb128 0x18
 762 004f 00       		.byte	0
 763 0050 00       		.byte	0
 764 0051 06       		.uleb128 0x6
 765 0052 0F       		.uleb128 0xf
 766 0053 00       		.byte	0
 767 0054 0B       		.uleb128 0xb
 768 0055 21       		.uleb128 0x21
 769 0056 04       		.sleb128 4
 770 0057 49       		.uleb128 0x49
 771 0058 13       		.uleb128 0x13
 772 0059 00       		.byte	0
 773 005a 00       		.byte	0
 774 005b 07       		.uleb128 0x7
 775 005c 0B       		.uleb128 0xb
 776 005d 01       		.byte	0x1
 777 005e 11       		.uleb128 0x11
 778 005f 01       		.uleb128 0x1
 779 0060 12       		.uleb128 0x12
 780 0061 06       		.uleb128 0x6
 781 0062 00       		.byte	0
 782 0063 00       		.byte	0
 783 0064 08       		.uleb128 0x8
 784 0065 34       		.uleb128 0x34
 785 0066 00       		.byte	0
 786 0067 03       		.uleb128 0x3
 787 0068 08       		.uleb128 0x8
 788 0069 3A       		.uleb128 0x3a
 789 006a 21       		.uleb128 0x21
 790 006b 01       		.sleb128 1
 791 006c 3B       		.uleb128 0x3b
 792 006d 0B       		.uleb128 0xb
 793 006e 39       		.uleb128 0x39
 794 006f 0B       		.uleb128 0xb
 795 0070 49       		.uleb128 0x49
 796 0071 13       		.uleb128 0x13
 797 0072 02       		.uleb128 0x2
 798 0073 18       		.uleb128 0x18
ARM GAS  C:\Users\DEVELO~1\AppData\Local\Temp\ccCGkCai.s 			page 15


 799 0074 00       		.byte	0
 800 0075 00       		.byte	0
 801 0076 09       		.uleb128 0x9
 802 0077 11       		.uleb128 0x11
 803 0078 01       		.byte	0x1
 804 0079 25       		.uleb128 0x25
 805 007a 0E       		.uleb128 0xe
 806 007b 13       		.uleb128 0x13
 807 007c 0B       		.uleb128 0xb
 808 007d 03       		.uleb128 0x3
 809 007e 0E       		.uleb128 0xe
 810 007f 1B       		.uleb128 0x1b
 811 0080 0E       		.uleb128 0xe
 812 0081 55       		.uleb128 0x55
 813 0082 17       		.uleb128 0x17
 814 0083 11       		.uleb128 0x11
 815 0084 01       		.uleb128 0x1
 816 0085 10       		.uleb128 0x10
 817 0086 17       		.uleb128 0x17
 818 0087 00       		.byte	0
 819 0088 00       		.byte	0
 820 0089 0A       		.uleb128 0xa
 821 008a 24       		.uleb128 0x24
 822 008b 00       		.byte	0
 823 008c 0B       		.uleb128 0xb
 824 008d 0B       		.uleb128 0xb
 825 008e 3E       		.uleb128 0x3e
 826 008f 0B       		.uleb128 0xb
 827 0090 03       		.uleb128 0x3
 828 0091 08       		.uleb128 0x8
 829 0092 00       		.byte	0
 830 0093 00       		.byte	0
 831 0094 0B       		.uleb128 0xb
 832 0095 13       		.uleb128 0x13
 833 0096 01       		.byte	0x1
 834 0097 03       		.uleb128 0x3
 835 0098 0E       		.uleb128 0xe
 836 0099 0B       		.uleb128 0xb
 837 009a 0B       		.uleb128 0xb
 838 009b 3A       		.uleb128 0x3a
 839 009c 0B       		.uleb128 0xb
 840 009d 3B       		.uleb128 0x3b
 841 009e 0B       		.uleb128 0xb
 842 009f 39       		.uleb128 0x39
 843 00a0 0B       		.uleb128 0xb
 844 00a1 01       		.uleb128 0x1
 845 00a2 13       		.uleb128 0x13
 846 00a3 00       		.byte	0
 847 00a4 00       		.byte	0
 848 00a5 0C       		.uleb128 0xc
 849 00a6 0D       		.uleb128 0xd
 850 00a7 00       		.byte	0
 851 00a8 03       		.uleb128 0x3
 852 00a9 08       		.uleb128 0x8
 853 00aa 3A       		.uleb128 0x3a
 854 00ab 0B       		.uleb128 0xb
 855 00ac 3B       		.uleb128 0x3b
ARM GAS  C:\Users\DEVELO~1\AppData\Local\Temp\ccCGkCai.s 			page 16


 856 00ad 0B       		.uleb128 0xb
 857 00ae 39       		.uleb128 0x39
 858 00af 0B       		.uleb128 0xb
 859 00b0 49       		.uleb128 0x49
 860 00b1 13       		.uleb128 0x13
 861 00b2 38       		.uleb128 0x38
 862 00b3 0B       		.uleb128 0xb
 863 00b4 00       		.byte	0
 864 00b5 00       		.byte	0
 865 00b6 0D       		.uleb128 0xd
 866 00b7 01       		.uleb128 0x1
 867 00b8 01       		.byte	0x1
 868 00b9 49       		.uleb128 0x49
 869 00ba 13       		.uleb128 0x13
 870 00bb 01       		.uleb128 0x1
 871 00bc 13       		.uleb128 0x13
 872 00bd 00       		.byte	0
 873 00be 00       		.byte	0
 874 00bf 0E       		.uleb128 0xe
 875 00c0 21       		.uleb128 0x21
 876 00c1 00       		.byte	0
 877 00c2 49       		.uleb128 0x49
 878 00c3 13       		.uleb128 0x13
 879 00c4 2F       		.uleb128 0x2f
 880 00c5 0B       		.uleb128 0xb
 881 00c6 00       		.byte	0
 882 00c7 00       		.byte	0
 883 00c8 0F       		.uleb128 0xf
 884 00c9 2E       		.uleb128 0x2e
 885 00ca 01       		.byte	0x1
 886 00cb 3F       		.uleb128 0x3f
 887 00cc 19       		.uleb128 0x19
 888 00cd 03       		.uleb128 0x3
 889 00ce 0E       		.uleb128 0xe
 890 00cf 3A       		.uleb128 0x3a
 891 00d0 0B       		.uleb128 0xb
 892 00d1 3B       		.uleb128 0x3b
 893 00d2 0B       		.uleb128 0xb
 894 00d3 39       		.uleb128 0x39
 895 00d4 0B       		.uleb128 0xb
 896 00d5 27       		.uleb128 0x27
 897 00d6 19       		.uleb128 0x19
 898 00d7 49       		.uleb128 0x49
 899 00d8 13       		.uleb128 0x13
 900 00d9 11       		.uleb128 0x11
 901 00da 01       		.uleb128 0x1
 902 00db 12       		.uleb128 0x12
 903 00dc 06       		.uleb128 0x6
 904 00dd 40       		.uleb128 0x40
 905 00de 18       		.uleb128 0x18
 906 00df 7A       		.uleb128 0x7a
 907 00e0 19       		.uleb128 0x19
 908 00e1 01       		.uleb128 0x1
 909 00e2 13       		.uleb128 0x13
 910 00e3 00       		.byte	0
 911 00e4 00       		.byte	0
 912 00e5 10       		.uleb128 0x10
ARM GAS  C:\Users\DEVELO~1\AppData\Local\Temp\ccCGkCai.s 			page 17


 913 00e6 2E       		.uleb128 0x2e
 914 00e7 01       		.byte	0x1
 915 00e8 3F       		.uleb128 0x3f
 916 00e9 19       		.uleb128 0x19
 917 00ea 03       		.uleb128 0x3
 918 00eb 0E       		.uleb128 0xe
 919 00ec 3A       		.uleb128 0x3a
 920 00ed 0B       		.uleb128 0xb
 921 00ee 3B       		.uleb128 0x3b
 922 00ef 0B       		.uleb128 0xb
 923 00f0 39       		.uleb128 0x39
 924 00f1 0B       		.uleb128 0xb
 925 00f2 27       		.uleb128 0x27
 926 00f3 19       		.uleb128 0x19
 927 00f4 11       		.uleb128 0x11
 928 00f5 01       		.uleb128 0x1
 929 00f6 12       		.uleb128 0x12
 930 00f7 06       		.uleb128 0x6
 931 00f8 40       		.uleb128 0x40
 932 00f9 18       		.uleb128 0x18
 933 00fa 7A       		.uleb128 0x7a
 934 00fb 19       		.uleb128 0x19
 935 00fc 00       		.byte	0
 936 00fd 00       		.byte	0
 937 00fe 00       		.byte	0
 938              		.section	.debug_aranges,"",%progbits
 939 0000 24000000 		.4byte	0x24
 940 0004 0200     		.2byte	0x2
 941 0006 00000000 		.4byte	.Ldebug_info0
 942 000a 04       		.byte	0x4
 943 000b 00       		.byte	0
 944 000c 0000     		.2byte	0
 945 000e 0000     		.2byte	0
 946 0010 00000000 		.4byte	.LFB0
 947 0014 FC000000 		.4byte	.LFE0-.LFB0
 948 0018 00000000 		.4byte	.LFB1
 949 001c 30010000 		.4byte	.LFE1-.LFB1
 950 0020 00000000 		.4byte	0
 951 0024 00000000 		.4byte	0
 952              		.section	.debug_rnglists,"",%progbits
 953              	.Ldebug_ranges0:
 954 0000 17000000 		.4byte	.Ldebug_ranges3-.Ldebug_ranges2
 955              	.Ldebug_ranges2:
 956 0004 0500     		.2byte	0x5
 957 0006 04       		.byte	0x4
 958 0007 00       		.byte	0
 959 0008 00000000 		.4byte	0
 960              	.LLRL0:
 961 000c 07       		.byte	0x7
 962 000d 00000000 		.4byte	.LFB0
 963 0011 FC01     		.uleb128 .LFE0-.LFB0
 964 0013 07       		.byte	0x7
 965 0014 00000000 		.4byte	.LFB1
 966 0018 B002     		.uleb128 .LFE1-.LFB1
 967 001a 00       		.byte	0
 968              	.Ldebug_ranges3:
 969              		.section	.debug_line,"",%progbits
ARM GAS  C:\Users\DEVELO~1\AppData\Local\Temp\ccCGkCai.s 			page 18


 970              	.Ldebug_line0:
 971 0000 F3020000 		.section	.debug_str,"MS",%progbits,1
 971      03007901 
 971      00000201 
 971      FB0E0D00 
 971      01010101 
 972              	.LASF29:
 973 0000 62726963 		.ascii	"brick_asc_process\000"
 973      6B5F6173 
 973      635F7072 
 973      6F636573 
 973      7300
 974              	.LASF3:
 975 0012 5F5F7569 		.ascii	"__uint8_t\000"
 975      6E74385F 
 975      7400
 976              	.LASF15:
 977 001c 73697A65 		.ascii	"size_t\000"
 977      5F7400
 978              	.LASF22:
 979 0023 63617061 		.ascii	"capacity\000"
 979      63697479 
 979      00
 980              	.LASF28:
 981 002c 62726963 		.ascii	"brick_asc\000"
 981      6B5F6173 
 981      6300
 982              	.LASF19:
 983 0036 636F756E 		.ascii	"count\000"
 983      7400
 984              	.LASF23:
 985 003c 73746172 		.ascii	"start\000"
 985      7400
 986              	.LASF1:
 987 0042 756E7369 		.ascii	"unsigned char\000"
 987      676E6564 
 987      20636861 
 987      7200
 988              	.LASF8:
 989 0050 6C6F6E67 		.ascii	"long unsigned int\000"
 989      20756E73 
 989      69676E65 
 989      6420696E 
 989      7400
 990              	.LASF5:
 991 0062 73686F72 		.ascii	"short unsigned int\000"
 991      7420756E 
 991      7369676E 
 991      65642069 
 991      6E7400
 992              	.LASF27:
 993 0075 433A5C50 		.ascii	"C:\\PROJET\\ChibiOS project\\ChibiOS_21.11.4\\demos"
 993      524F4A45 
 993      545C4368 
 993      6962694F 
 993      53207072 
 994 00a4 5C53544D 		.ascii	"\\STM32\\RT-STM32H743ZI_REV_XY-NUCLEO144_Quartz8M\000"
ARM GAS  C:\Users\DEVELO~1\AppData\Local\Temp\ccCGkCai.s 			page 19


 994      33325C52 
 994      542D5354 
 994      4D333248 
 994      3734335A 
 995              	.LASF4:
 996 00d4 5F5F7569 		.ascii	"__uint16_t\000"
 996      6E743136 
 996      5F7400
 997              	.LASF7:
 998 00df 5F5F7569 		.ascii	"__uint32_t\000"
 998      6E743332 
 998      5F7400
 999              	.LASF20:
 1000 00ea 66616374 		.ascii	"factor\000"
 1000      6F7200
 1001              	.LASF25:
 1002 00f1 474E5520 		.ascii	"GNU C17 11.3.1 20220712 -mcpu=cortex-m7 -mthumb -mf"
 1002      43313720 
 1002      31312E33 
 1002      2E312032 
 1002      30323230 
 1003 0124 6C6F6174 		.ascii	"loat-abi=soft -march=armv7e-m -ggdb -O0 -ffunction-"
 1003      2D616269 
 1003      3D736F66 
 1003      74202D6D 
 1003      61726368 
 1004 0157 73656374 		.ascii	"sections -fdata-sections -fno-common\000"
 1004      696F6E73 
 1004      202D6664 
 1004      6174612D 
 1004      73656374 
 1005              	.LASF18:
 1006 017c 68656164 		.ascii	"head\000"
 1006      00
 1007              	.LASF11:
 1008 0181 756E7369 		.ascii	"unsigned int\000"
 1008      676E6564 
 1008      20696E74 
 1008      00
 1009              	.LASF10:
 1010 018e 6C6F6E67 		.ascii	"long long unsigned int\000"
 1010      206C6F6E 
 1010      6720756E 
 1010      7369676E 
 1010      65642069 
 1011              	.LASF12:
 1012 01a5 75696E74 		.ascii	"uint8_t\000"
 1012      385F7400 
 1013              	.LASF30:
 1014 01ad 62726963 		.ascii	"brick_asc_array_set_factors\000"
 1014      6B5F6173 
 1014      635F6172 
 1014      7261795F 
 1014      7365745F 
 1015              	.LASF9:
 1016 01c9 6C6F6E67 		.ascii	"long long int\000"
 1016      206C6F6E 
ARM GAS  C:\Users\DEVELO~1\AppData\Local\Temp\ccCGkCai.s 			page 20


 1016      6720696E 
 1016      7400
 1017              	.LASF26:
 1018 01d7 64726976 		.ascii	"drivers/HallEffect/brick_asc.c\000"
 1018      6572732F 
 1018      48616C6C 
 1018      45666665 
 1018      63742F62 
 1019              	.LASF2:
 1020 01f6 73686F72 		.ascii	"short int\000"
 1020      7420696E 
 1020      7400
 1021              	.LASF17:
 1022 0200 62756666 		.ascii	"buffer\000"
 1022      657200
 1023              	.LASF13:
 1024 0207 75696E74 		.ascii	"uint16_t\000"
 1024      31365F74 
 1024      00
 1025              	.LASF14:
 1026 0210 75696E74 		.ascii	"uint32_t\000"
 1026      33325F74 
 1026      00
 1027              	.LASF6:
 1028 0219 6C6F6E67 		.ascii	"long int\000"
 1028      20696E74 
 1028      00
 1029              	.LASF16:
 1030 0222 6C6F6E67 		.ascii	"long double\000"
 1030      20646F75 
 1030      626C6500 
 1031              	.LASF0:
 1032 022e 7369676E 		.ascii	"signed char\000"
 1032      65642063 
 1032      68617200 
 1033              	.LASF21:
 1034 023a 5F426F6F 		.ascii	"_Bool\000"
 1034      6C00
 1035              	.LASF24:
 1036 0240 6C656E67 		.ascii	"length\000"
 1036      746800
 1037              		.ident	"GCC: (Arm GNU Toolchain 11.3.Rel1) 11.3.1 20220712"
ARM GAS  C:\Users\DEVELO~1\AppData\Local\Temp\ccCGkCai.s 			page 21


DEFINED SYMBOLS
                            *ABS*:00000000 brick_asc.c
C:\Users\DEVELO~1\AppData\Local\Temp\ccCGkCai.s:18     .text.brick_asc_array_set_factors:00000000 $t
C:\Users\DEVELO~1\AppData\Local\Temp\ccCGkCai.s:24     .text.brick_asc_array_set_factors:00000000 brick_asc_array_set_factors
C:\Users\DEVELO~1\AppData\Local\Temp\ccCGkCai.s:208    .text.brick_asc_process:00000000 $t
C:\Users\DEVELO~1\AppData\Local\Temp\ccCGkCai.s:214    .text.brick_asc_process:00000000 brick_asc_process

NO UNDEFINED SYMBOLS
