ARM GAS  C:\Users\DEVELO~1\AppData\Local\Temp\cc9tl31o.s 			page 1


   1              		.cpu cortex-m7
   2              		.arch armv7e-m
   3              		.fpu softvfp
   4              		.eabi_attribute 20, 1
   5              		.eabi_attribute 21, 1
   6              		.eabi_attribute 23, 3
   7              		.eabi_attribute 24, 1
   8              		.eabi_attribute 25, 1
   9              		.eabi_attribute 26, 1
  10              		.eabi_attribute 30, 6
  11              		.eabi_attribute 34, 1
  12              		.eabi_attribute 18, 4
  13              		.file	"bufstreams.c"
  14              		.text
  15              	.Ltext0:
  16              		.cfi_sections	.debug_frame
  17              		.section	.text._writes,"ax",%progbits
  18              		.align	1
  19              		.syntax unified
  20              		.thumb
  21              		.thumb_func
  22              		.type	_writes, %function
  23              	_writes:
  24              	.LFB432:
  25              		.file 1 "../../../os/hal/lib/streams/bufstreams.c"
  26              		.loc 1 51 62
  27              		.cfi_startproc
  28              		@ args = 0, pretend = 0, frame = 24
  29              		@ frame_needed = 1, uses_anonymous_args = 0
  30 0000 80B5     		push	{r7, lr}
  31              		.cfi_def_cfa_offset 8
  32              		.cfi_offset 7, -8
  33              		.cfi_offset 14, -4
  34 0002 86B0     		sub	sp, sp, #24
  35              		.cfi_def_cfa_offset 32
  36 0004 00AF     		add	r7, sp, #0
  37              		.cfi_def_cfa_register 7
  38 0006 F860     		str	r0, [r7, #12]
  39 0008 B960     		str	r1, [r7, #8]
  40 000a 7A60     		str	r2, [r7, #4]
  41              		.loc 1 52 26
  42 000c FB68     		ldr	r3, [r7, #12]
  43 000e 7B61     		str	r3, [r7, #20]
  44              		.loc 1 53 14
  45 0010 7B69     		ldr	r3, [r7, #20]
  46 0012 5B68     		ldr	r3, [r3, #4]
  47              		.loc 1 53 20
  48 0014 1B68     		ldr	r3, [r3]
  49              		.loc 1 53 25
  50 0016 5B68     		ldr	r3, [r3, #4]
  51              		.loc 1 53 37
  52 0018 7A69     		ldr	r2, [r7, #20]
  53 001a 5068     		ldr	r0, [r2, #4]
  54              		.loc 1 53 10
  55 001c 7A68     		ldr	r2, [r7, #4]
  56 001e B968     		ldr	r1, [r7, #8]
  57 0020 9847     		blx	r3
ARM GAS  C:\Users\DEVELO~1\AppData\Local\Temp\cc9tl31o.s 			page 2


  58              	.LVL0:
  59 0022 0346     		mov	r3, r0
  60              		.loc 1 54 1
  61 0024 1846     		mov	r0, r3
  62 0026 1837     		adds	r7, r7, #24
  63              		.cfi_def_cfa_offset 8
  64 0028 BD46     		mov	sp, r7
  65              		.cfi_def_cfa_register 13
  66              		@ sp needed
  67 002a 80BD     		pop	{r7, pc}
  68              		.cfi_endproc
  69              	.LFE432:
  70              		.size	_writes, .-_writes
  71              		.section	.text._reads,"ax",%progbits
  72              		.align	1
  73              		.syntax unified
  74              		.thumb
  75              		.thumb_func
  76              		.type	_reads, %function
  77              	_reads:
  78              	.LFB433:
  79              		.loc 1 56 55
  80              		.cfi_startproc
  81              		@ args = 0, pretend = 0, frame = 24
  82              		@ frame_needed = 1, uses_anonymous_args = 0
  83 0000 90B5     		push	{r4, r7, lr}
  84              		.cfi_def_cfa_offset 12
  85              		.cfi_offset 4, -12
  86              		.cfi_offset 7, -8
  87              		.cfi_offset 14, -4
  88 0002 87B0     		sub	sp, sp, #28
  89              		.cfi_def_cfa_offset 40
  90 0004 00AF     		add	r7, sp, #0
  91              		.cfi_def_cfa_register 7
  92 0006 F860     		str	r0, [r7, #12]
  93 0008 B960     		str	r1, [r7, #8]
  94 000a 7A60     		str	r2, [r7, #4]
  95              		.loc 1 57 26
  96 000c FB68     		ldr	r3, [r7, #12]
  97 000e 3B61     		str	r3, [r7, #16]
  98              		.loc 1 60 40
  99 0010 3B69     		ldr	r3, [r7, #16]
 100 0012 DB68     		ldr	r3, [r3, #12]
 101              		.loc 1 60 34
 102 0014 C3F10103 		rsb	r3, r3, #1
 103              		.loc 1 60 6
 104 0018 7A68     		ldr	r2, [r7, #4]
 105 001a 9A42     		cmp	r2, r3
 106 001c 02D2     		bcs	.L4
 107              		.loc 1 61 14
 108 001e 7B68     		ldr	r3, [r7, #4]
 109 0020 7B61     		str	r3, [r7, #20]
 110 0022 04E0     		b	.L5
 111              	.L4:
 112              		.loc 1 63 44
 113 0024 3B69     		ldr	r3, [r7, #16]
 114 0026 DB68     		ldr	r3, [r3, #12]
ARM GAS  C:\Users\DEVELO~1\AppData\Local\Temp\cc9tl31o.s 			page 3


 115              		.loc 1 63 14
 116 0028 C3F10103 		rsb	r3, r3, #1
 117 002c 7B61     		str	r3, [r7, #20]
 118              	.L5:
 119              		.loc 1 66 14
 120 002e 3B69     		ldr	r3, [r7, #16]
 121 0030 03F10802 		add	r2, r3, #8
 122              		.loc 1 66 52
 123 0034 7B69     		ldr	r3, [r7, #20]
 124 0036 C3F10103 		rsb	r3, r3, #1
 125              		.loc 1 66 3
 126 003a 1344     		add	r3, r3, r2
 127 003c 7A69     		ldr	r2, [r7, #20]
 128 003e 1946     		mov	r1, r3
 129 0040 B868     		ldr	r0, [r7, #8]
 130 0042 FFF7FEFF 		bl	memcpy
 131              		.loc 1 67 13
 132 0046 3B69     		ldr	r3, [r7, #16]
 133 0048 DA68     		ldr	r2, [r3, #12]
 134 004a 7B69     		ldr	r3, [r7, #20]
 135 004c 1A44     		add	r2, r2, r3
 136 004e 3B69     		ldr	r3, [r7, #16]
 137 0050 DA60     		str	r2, [r3, #12]
 138              		.loc 1 69 25
 139 0052 3B69     		ldr	r3, [r7, #16]
 140 0054 5B68     		ldr	r3, [r3, #4]
 141              		.loc 1 69 31
 142 0056 1B68     		ldr	r3, [r3]
 143              		.loc 1 69 36
 144 0058 9B68     		ldr	r3, [r3, #8]
 145              		.loc 1 69 47
 146 005a 3A69     		ldr	r2, [r7, #16]
 147 005c 5068     		ldr	r0, [r2, #4]
 148              		.loc 1 69 21
 149 005e B968     		ldr	r1, [r7, #8]
 150 0060 7A69     		ldr	r2, [r7, #20]
 151 0062 8C18     		adds	r4, r1, r2
 152 0064 7968     		ldr	r1, [r7, #4]
 153 0066 7A69     		ldr	r2, [r7, #20]
 154 0068 8A1A     		subs	r2, r1, r2
 155 006a 2146     		mov	r1, r4
 156 006c 9847     		blx	r3
 157              	.LVL1:
 158 006e 0246     		mov	r2, r0
 159              		.loc 1 69 19
 160 0070 7B69     		ldr	r3, [r7, #20]
 161 0072 1344     		add	r3, r3, r2
 162              		.loc 1 70 1
 163 0074 1846     		mov	r0, r3
 164 0076 1C37     		adds	r7, r7, #28
 165              		.cfi_def_cfa_offset 12
 166 0078 BD46     		mov	sp, r7
 167              		.cfi_def_cfa_register 13
 168              		@ sp needed
 169 007a 90BD     		pop	{r4, r7, pc}
 170              		.cfi_endproc
 171              	.LFE433:
ARM GAS  C:\Users\DEVELO~1\AppData\Local\Temp\cc9tl31o.s 			page 4


 172              		.size	_reads, .-_reads
 173              		.section	.text._put,"ax",%progbits
 174              		.align	1
 175              		.syntax unified
 176              		.thumb
 177              		.thumb_func
 178              		.type	_put, %function
 179              	_put:
 180              	.LFB434:
 181              		.loc 1 72 40
 182              		.cfi_startproc
 183              		@ args = 0, pretend = 0, frame = 16
 184              		@ frame_needed = 1, uses_anonymous_args = 0
 185 0000 80B5     		push	{r7, lr}
 186              		.cfi_def_cfa_offset 8
 187              		.cfi_offset 7, -8
 188              		.cfi_offset 14, -4
 189 0002 84B0     		sub	sp, sp, #16
 190              		.cfi_def_cfa_offset 24
 191 0004 00AF     		add	r7, sp, #0
 192              		.cfi_def_cfa_register 7
 193 0006 7860     		str	r0, [r7, #4]
 194 0008 0B46     		mov	r3, r1
 195 000a FB70     		strb	r3, [r7, #3]
 196              		.loc 1 73 26
 197 000c 7B68     		ldr	r3, [r7, #4]
 198 000e FB60     		str	r3, [r7, #12]
 199              		.loc 1 74 14
 200 0010 FB68     		ldr	r3, [r7, #12]
 201 0012 5B68     		ldr	r3, [r3, #4]
 202              		.loc 1 74 20
 203 0014 1B68     		ldr	r3, [r3]
 204              		.loc 1 74 25
 205 0016 DB68     		ldr	r3, [r3, #12]
 206              		.loc 1 74 35
 207 0018 FA68     		ldr	r2, [r7, #12]
 208 001a 5268     		ldr	r2, [r2, #4]
 209              		.loc 1 74 10
 210 001c F978     		ldrb	r1, [r7, #3]	@ zero_extendqisi2
 211 001e 1046     		mov	r0, r2
 212 0020 9847     		blx	r3
 213              	.LVL2:
 214 0022 0346     		mov	r3, r0
 215              		.loc 1 75 1
 216 0024 1846     		mov	r0, r3
 217 0026 1037     		adds	r7, r7, #16
 218              		.cfi_def_cfa_offset 8
 219 0028 BD46     		mov	sp, r7
 220              		.cfi_def_cfa_register 13
 221              		@ sp needed
 222 002a 80BD     		pop	{r7, pc}
 223              		.cfi_endproc
 224              	.LFE434:
 225              		.size	_put, .-_put
 226              		.section	.text._get,"ax",%progbits
 227              		.align	1
 228              		.syntax unified
ARM GAS  C:\Users\DEVELO~1\AppData\Local\Temp\cc9tl31o.s 			page 5


 229              		.thumb
 230              		.thumb_func
 231              		.type	_get, %function
 232              	_get:
 233              	.LFB435:
 234              		.loc 1 77 29
 235              		.cfi_startproc
 236              		@ args = 0, pretend = 0, frame = 16
 237              		@ frame_needed = 1, uses_anonymous_args = 0
 238 0000 80B5     		push	{r7, lr}
 239              		.cfi_def_cfa_offset 8
 240              		.cfi_offset 7, -8
 241              		.cfi_offset 14, -4
 242 0002 84B0     		sub	sp, sp, #16
 243              		.cfi_def_cfa_offset 24
 244 0004 00AF     		add	r7, sp, #0
 245              		.cfi_def_cfa_register 7
 246 0006 7860     		str	r0, [r7, #4]
 247              		.loc 1 78 26
 248 0008 7B68     		ldr	r3, [r7, #4]
 249 000a FB60     		str	r3, [r7, #12]
 250              		.loc 1 80 11
 251 000c FB68     		ldr	r3, [r7, #12]
 252 000e DB68     		ldr	r3, [r3, #12]
 253              		.loc 1 80 6
 254 0010 012B     		cmp	r3, #1
 255 0012 09D1     		bne	.L10
 256              		.loc 1 81 16
 257 0014 FB68     		ldr	r3, [r7, #12]
 258 0016 5B68     		ldr	r3, [r3, #4]
 259              		.loc 1 81 22
 260 0018 1B68     		ldr	r3, [r3]
 261              		.loc 1 81 27
 262 001a 1B69     		ldr	r3, [r3, #16]
 263              		.loc 1 81 37
 264 001c FA68     		ldr	r2, [r7, #12]
 265 001e 5268     		ldr	r2, [r2, #4]
 266              		.loc 1 81 12
 267 0020 1046     		mov	r0, r2
 268 0022 9847     		blx	r3
 269              	.LVL3:
 270 0024 0346     		mov	r3, r0
 271 0026 07E0     		b	.L11
 272              	.L10:
 273              		.loc 1 84 27
 274 0028 FB68     		ldr	r3, [r7, #12]
 275 002a DB68     		ldr	r3, [r3, #12]
 276              		.loc 1 84 32
 277 002c 591C     		adds	r1, r3, #1
 278 002e FA68     		ldr	r2, [r7, #12]
 279 0030 D160     		str	r1, [r2, #12]
 280              		.loc 1 84 22
 281 0032 FA68     		ldr	r2, [r7, #12]
 282 0034 1344     		add	r3, r3, r2
 283 0036 1B7A     		ldrb	r3, [r3, #8]	@ zero_extendqisi2
 284              	.L11:
 285              		.loc 1 85 1
ARM GAS  C:\Users\DEVELO~1\AppData\Local\Temp\cc9tl31o.s 			page 6


 286 0038 1846     		mov	r0, r3
 287 003a 1037     		adds	r7, r7, #16
 288              		.cfi_def_cfa_offset 8
 289 003c BD46     		mov	sp, r7
 290              		.cfi_def_cfa_register 13
 291              		@ sp needed
 292 003e 80BD     		pop	{r7, pc}
 293              		.cfi_endproc
 294              	.LFE435:
 295              		.size	_get, .-_get
 296              		.section	.text._unget,"ax",%progbits
 297              		.align	1
 298              		.syntax unified
 299              		.thumb
 300              		.thumb_func
 301              		.type	_unget, %function
 302              	_unget:
 303              	.LFB436:
 304              		.loc 1 87 42
 305              		.cfi_startproc
 306              		@ args = 0, pretend = 0, frame = 16
 307              		@ frame_needed = 1, uses_anonymous_args = 0
 308              		@ link register save eliminated.
 309 0000 80B4     		push	{r7}
 310              		.cfi_def_cfa_offset 4
 311              		.cfi_offset 7, -4
 312 0002 85B0     		sub	sp, sp, #20
 313              		.cfi_def_cfa_offset 24
 314 0004 00AF     		add	r7, sp, #0
 315              		.cfi_def_cfa_register 7
 316 0006 7860     		str	r0, [r7, #4]
 317 0008 0B46     		mov	r3, r1
 318 000a FB70     		strb	r3, [r7, #3]
 319              		.loc 1 88 26
 320 000c 7B68     		ldr	r3, [r7, #4]
 321 000e FB60     		str	r3, [r7, #12]
 322              		.loc 1 90 6
 323 0010 FB78     		ldrb	r3, [r7, #3]	@ zero_extendqisi2
 324 0012 FE2B     		cmp	r3, #254
 325 0014 03D0     		beq	.L13
 326              		.loc 1 90 40 discriminator 1
 327 0016 FB68     		ldr	r3, [r7, #12]
 328 0018 DB68     		ldr	r3, [r3, #12]
 329              		.loc 1 90 32 discriminator 1
 330 001a 002B     		cmp	r3, #0
 331 001c 02D1     		bne	.L14
 332              	.L13:
 333              		.loc 1 91 12
 334 001e 6FF00103 		mvn	r3, #1
 335 0022 0BE0     		b	.L15
 336              	.L14:
 337              		.loc 1 94 23
 338 0024 FB68     		ldr	r3, [r7, #12]
 339 0026 DB68     		ldr	r3, [r3, #12]
 340              		.loc 1 94 16
 341 0028 5A1E     		subs	r2, r3, #1
 342              		.loc 1 94 31
ARM GAS  C:\Users\DEVELO~1\AppData\Local\Temp\cc9tl31o.s 			page 7


 343 002a FB68     		ldr	r3, [r7, #12]
 344 002c DA60     		str	r2, [r3, #12]
 345              		.loc 1 94 23
 346 002e FB68     		ldr	r3, [r7, #12]
 347 0030 DB68     		ldr	r3, [r3, #12]
 348              		.loc 1 94 31
 349 0032 FA68     		ldr	r2, [r7, #12]
 350 0034 1344     		add	r3, r3, r2
 351 0036 FA78     		ldrb	r2, [r7, #3]
 352 0038 1A72     		strb	r2, [r3, #8]
 353              		.loc 1 96 10
 354 003a FB78     		ldrb	r3, [r7, #3]	@ zero_extendqisi2
 355              	.L15:
 356              		.loc 1 97 1
 357 003c 1846     		mov	r0, r3
 358 003e 1437     		adds	r7, r7, #20
 359              		.cfi_def_cfa_offset 4
 360 0040 BD46     		mov	sp, r7
 361              		.cfi_def_cfa_register 13
 362              		@ sp needed
 363 0042 80BC     		pop	{r7}
 364              		.cfi_restore 7
 365              		.cfi_def_cfa_offset 0
 366 0044 7047     		bx	lr
 367              		.cfi_endproc
 368              	.LFE436:
 369              		.size	_unget, .-_unget
 370              		.section	.rodata.vmt,"a"
 371              		.align	2
 372              		.type	vmt, %object
 373              		.size	vmt, 24
 374              	vmt:
 375 0000 00000000 		.word	0
 376 0004 00000000 		.word	_writes
 377 0008 00000000 		.word	_reads
 378 000c 00000000 		.word	_put
 379 0010 00000000 		.word	_get
 380 0014 00000000 		.word	_unget
 381              		.section	.text.bsaObjectInit,"ax",%progbits
 382              		.align	1
 383              		.global	bsaObjectInit
 384              		.syntax unified
 385              		.thumb
 386              		.thumb_func
 387              		.type	bsaObjectInit, %function
 388              	bsaObjectInit:
 389              	.LFB437:
 390              		.loc 1 115 77
 391              		.cfi_startproc
 392              		@ args = 0, pretend = 0, frame = 8
 393              		@ frame_needed = 1, uses_anonymous_args = 0
 394 0000 80B5     		push	{r7, lr}
 395              		.cfi_def_cfa_offset 8
 396              		.cfi_offset 7, -8
 397              		.cfi_offset 14, -4
 398 0002 82B0     		sub	sp, sp, #8
 399              		.cfi_def_cfa_offset 16
ARM GAS  C:\Users\DEVELO~1\AppData\Local\Temp\cc9tl31o.s 			page 8


 400 0004 00AF     		add	r7, sp, #0
 401              		.cfi_def_cfa_register 7
 402 0006 7860     		str	r0, [r7, #4]
 403 0008 3960     		str	r1, [r7]
 404              		.loc 1 117 16
 405 000a 7B68     		ldr	r3, [r7, #4]
 406 000c 094A     		ldr	r2, .L17
 407 000e 1A60     		str	r2, [r3]
 408              		.loc 1 118 16
 409 0010 7B68     		ldr	r3, [r7, #4]
 410 0012 3A68     		ldr	r2, [r7]
 411 0014 5A60     		str	r2, [r3, #4]
 412              		.loc 1 119 14
 413 0016 7B68     		ldr	r3, [r7, #4]
 414 0018 0833     		adds	r3, r3, #8
 415              		.loc 1 119 3
 416 001a 0122     		movs	r2, #1
 417 001c 6FF00101 		mvn	r1, #1
 418 0020 1846     		mov	r0, r3
 419 0022 FFF7FEFF 		bl	memset
 420              		.loc 1 120 16
 421 0026 7B68     		ldr	r3, [r7, #4]
 422 0028 0122     		movs	r2, #1
 423 002a DA60     		str	r2, [r3, #12]
 424              		.loc 1 121 1
 425 002c 00BF     		nop
 426 002e 0837     		adds	r7, r7, #8
 427              		.cfi_def_cfa_offset 8
 428 0030 BD46     		mov	sp, r7
 429              		.cfi_def_cfa_register 13
 430              		@ sp needed
 431 0032 80BD     		pop	{r7, pc}
 432              	.L18:
 433              		.align	2
 434              	.L17:
 435 0034 00000000 		.word	vmt
 436              		.cfi_endproc
 437              	.LFE437:
 438              		.size	bsaObjectInit, .-bsaObjectInit
 439              		.text
 440              	.Letext0:
 441              		.file 2 "c:\\chibistudio\\tools\\gnu tools arm embedded\\11.3 2022.08\\lib\\gcc\\arm-none-eabi\\11
 442              		.file 3 "c:\\chibistudio\\tools\\gnu tools arm embedded\\11.3 2022.08\\arm-none-eabi\\include\\mac
 443              		.file 4 "c:\\chibistudio\\tools\\gnu tools arm embedded\\11.3 2022.08\\arm-none-eabi\\include\\sys
 444              		.file 5 "../../../os/rt/include/chearly.h"
 445              		.file 6 "../../../os/hal/include/hal_streams.h"
 446              		.file 7 "../../../os/hal/lib/streams/bufstreams.h"
 447              		.file 8 "c:\\chibistudio\\tools\\gnu tools arm embedded\\11.3 2022.08\\arm-none-eabi\\include\\str
 448              		.section	.debug_info,"",%progbits
 449              	.Ldebug_info0:
 450 0000 77040000 		.4byte	0x477
 451 0004 0500     		.2byte	0x5
 452 0006 01       		.byte	0x1
 453 0007 04       		.byte	0x4
 454 0008 00000000 		.4byte	.Ldebug_abbrev0
 455 000c 10       		.uleb128 0x10
 456 000d 2C010000 		.4byte	.LASF38
ARM GAS  C:\Users\DEVELO~1\AppData\Local\Temp\cc9tl31o.s 			page 9


 457 0011 1D       		.byte	0x1d
 458 0012 5D020000 		.4byte	.LASF39
 459 0016 A4000000 		.4byte	.LASF40
 460 001a 0C000000 		.4byte	.LLRL0
 461 001e 00000000 		.4byte	0
 462 0022 00000000 		.4byte	.Ldebug_line0
 463 0026 11       		.uleb128 0x11
 464 0027 04       		.byte	0x4
 465 0028 05       		.byte	0x5
 466 0029 696E7400 		.ascii	"int\000"
 467 002d 05       		.uleb128 0x5
 468 002e 16000000 		.4byte	.LASF3
 469 0032 02       		.byte	0x2
 470 0033 D1       		.byte	0xd1
 471 0034 17       		.byte	0x17
 472 0035 39000000 		.4byte	0x39
 473 0039 02       		.uleb128 0x2
 474 003a 04       		.byte	0x4
 475 003b 07       		.byte	0x7
 476 003c 2C000000 		.4byte	.LASF0
 477 0040 02       		.uleb128 0x2
 478 0041 08       		.byte	0x8
 479 0042 05       		.byte	0x5
 480 0043 F6010000 		.4byte	.LASF1
 481 0047 02       		.uleb128 0x2
 482 0048 08       		.byte	0x8
 483 0049 04       		.byte	0x4
 484 004a 4E000000 		.4byte	.LASF2
 485 004e 05       		.uleb128 0x5
 486 004f 0B020000 		.4byte	.LASF4
 487 0053 03       		.byte	0x3
 488 0054 29       		.byte	0x29
 489 0055 17       		.byte	0x17
 490 0056 5A000000 		.4byte	0x5a
 491 005a 02       		.uleb128 0x2
 492 005b 01       		.byte	0x1
 493 005c 06       		.byte	0x6
 494 005d 00000000 		.4byte	.LASF5
 495 0061 05       		.uleb128 0x5
 496 0062 0C000000 		.4byte	.LASF6
 497 0066 03       		.byte	0x3
 498 0067 2B       		.byte	0x2b
 499 0068 18       		.byte	0x18
 500 0069 6D000000 		.4byte	0x6d
 501 006d 02       		.uleb128 0x2
 502 006e 01       		.byte	0x1
 503 006f 08       		.byte	0x8
 504 0070 6F000000 		.4byte	.LASF7
 505 0074 02       		.uleb128 0x2
 506 0075 02       		.byte	0x2
 507 0076 05       		.byte	0x5
 508 0077 2A020000 		.4byte	.LASF8
 509 007b 02       		.uleb128 0x2
 510 007c 02       		.byte	0x2
 511 007d 07       		.byte	0x7
 512 007e 7D000000 		.4byte	.LASF9
 513 0082 05       		.uleb128 0x5
ARM GAS  C:\Users\DEVELO~1\AppData\Local\Temp\cc9tl31o.s 			page 10


 514 0083 22000000 		.4byte	.LASF10
 515 0087 03       		.byte	0x3
 516 0088 4D       		.byte	0x4d
 517 0089 18       		.byte	0x18
 518 008a 8E000000 		.4byte	0x8e
 519 008e 02       		.uleb128 0x2
 520 008f 04       		.byte	0x4
 521 0090 05       		.byte	0x5
 522 0091 54020000 		.4byte	.LASF11
 523 0095 02       		.uleb128 0x2
 524 0096 04       		.byte	0x4
 525 0097 07       		.byte	0x7
 526 0098 0A010000 		.4byte	.LASF12
 527 009c 02       		.uleb128 0x2
 528 009d 08       		.byte	0x8
 529 009e 07       		.byte	0x7
 530 009f AB020000 		.4byte	.LASF13
 531 00a3 12       		.uleb128 0x12
 532 00a4 04       		.byte	0x4
 533 00a5 02       		.uleb128 0x2
 534 00a6 01       		.byte	0x1
 535 00a7 08       		.byte	0x8
 536 00a8 C7010000 		.4byte	.LASF14
 537 00ac 05       		.uleb128 0x5
 538 00ad 3E000000 		.4byte	.LASF15
 539 00b1 04       		.byte	0x4
 540 00b2 14       		.byte	0x14
 541 00b3 12       		.byte	0x12
 542 00b4 4E000000 		.4byte	0x4e
 543 00b8 05       		.uleb128 0x5
 544 00b9 CC010000 		.4byte	.LASF16
 545 00bd 04       		.byte	0x4
 546 00be 18       		.byte	0x18
 547 00bf 13       		.byte	0x13
 548 00c0 61000000 		.4byte	0x61
 549 00c4 0A       		.uleb128 0xa
 550 00c5 B8000000 		.4byte	0xb8
 551 00c9 05       		.uleb128 0x5
 552 00ca E6010000 		.4byte	.LASF17
 553 00ce 04       		.byte	0x4
 554 00cf 2C       		.byte	0x2c
 555 00d0 13       		.byte	0x13
 556 00d1 82000000 		.4byte	0x82
 557 00d5 05       		.uleb128 0x5
 558 00d6 D4010000 		.4byte	.LASF18
 559 00da 05       		.byte	0x5
 560 00db 58       		.byte	0x58
 561 00dc 19       		.byte	0x19
 562 00dd C9000000 		.4byte	0xc9
 563 00e1 02       		.uleb128 0x2
 564 00e2 01       		.byte	0x1
 565 00e3 02       		.byte	0x2
 566 00e4 8D020000 		.4byte	.LASF19
 567 00e8 03       		.uleb128 0x3
 568 00e9 B8000000 		.4byte	0xb8
 569 00ed 0C       		.uleb128 0xc
 570 00ee 93020000 		.4byte	.LASF24
ARM GAS  C:\Users\DEVELO~1\AppData\Local\Temp\cc9tl31o.s 			page 11


 571 00f2 14       		.byte	0x14
 572 00f3 06       		.byte	0x6
 573 00f4 4F       		.byte	0x4f
 574 00f5 38010000 		.4byte	0x138
 575 00f9 06       		.uleb128 0x6
 576 00fa 1C010000 		.4byte	.LASF20
 577 00fe 06       		.byte	0x6
 578 00ff 50       		.byte	0x50
 579 0100 2D000000 		.4byte	0x2d
 580 0104 00       		.byte	0
 581 0105 06       		.uleb128 0x6
 582 0106 90000000 		.4byte	.LASF21
 583 010a 06       		.byte	0x6
 584 010b 50       		.byte	0x50
 585 010c 5B010000 		.4byte	0x15b
 586 0110 04       		.byte	0x4
 587 0111 06       		.uleb128 0x6
 588 0112 B7010000 		.4byte	.LASF22
 589 0116 06       		.byte	0x6
 590 0117 50       		.byte	0x50
 591 0118 79010000 		.4byte	0x179
 592 011c 08       		.byte	0x8
 593 011d 07       		.uleb128 0x7
 594 011e 70757400 		.ascii	"put\000"
 595 0122 06       		.byte	0x6
 596 0123 50       		.byte	0x50
 597 0124 03       		.byte	0x3
 598 0125 92010000 		.4byte	0x192
 599 0129 0C       		.byte	0xc
 600 012a 07       		.uleb128 0x7
 601 012b 67657400 		.ascii	"get\000"
 602 012f 06       		.byte	0x6
 603 0130 50       		.byte	0x50
 604 0131 03       		.byte	0x3
 605 0132 A6010000 		.4byte	0x1a6
 606 0136 10       		.byte	0x10
 607 0137 00       		.byte	0
 608 0138 0A       		.uleb128 0xa
 609 0139 ED000000 		.4byte	0xed
 610 013d 09       		.uleb128 0x9
 611 013e 2D000000 		.4byte	0x2d
 612 0142 56010000 		.4byte	0x156
 613 0146 01       		.uleb128 0x1
 614 0147 A3000000 		.4byte	0xa3
 615 014b 01       		.uleb128 0x1
 616 014c 56010000 		.4byte	0x156
 617 0150 01       		.uleb128 0x1
 618 0151 2D000000 		.4byte	0x2d
 619 0155 00       		.byte	0
 620 0156 03       		.uleb128 0x3
 621 0157 C4000000 		.4byte	0xc4
 622 015b 03       		.uleb128 0x3
 623 015c 3D010000 		.4byte	0x13d
 624 0160 09       		.uleb128 0x9
 625 0161 2D000000 		.4byte	0x2d
 626 0165 79010000 		.4byte	0x179
 627 0169 01       		.uleb128 0x1
ARM GAS  C:\Users\DEVELO~1\AppData\Local\Temp\cc9tl31o.s 			page 12


 628 016a A3000000 		.4byte	0xa3
 629 016e 01       		.uleb128 0x1
 630 016f E8000000 		.4byte	0xe8
 631 0173 01       		.uleb128 0x1
 632 0174 2D000000 		.4byte	0x2d
 633 0178 00       		.byte	0
 634 0179 03       		.uleb128 0x3
 635 017a 60010000 		.4byte	0x160
 636 017e 09       		.uleb128 0x9
 637 017f D5000000 		.4byte	0xd5
 638 0183 92010000 		.4byte	0x192
 639 0187 01       		.uleb128 0x1
 640 0188 A3000000 		.4byte	0xa3
 641 018c 01       		.uleb128 0x1
 642 018d B8000000 		.4byte	0xb8
 643 0191 00       		.byte	0
 644 0192 03       		.uleb128 0x3
 645 0193 7E010000 		.4byte	0x17e
 646 0197 09       		.uleb128 0x9
 647 0198 D5000000 		.4byte	0xd5
 648 019c A6010000 		.4byte	0x1a6
 649 01a0 01       		.uleb128 0x1
 650 01a1 A3000000 		.4byte	0xa3
 651 01a5 00       		.byte	0
 652 01a6 03       		.uleb128 0x3
 653 01a7 97010000 		.4byte	0x197
 654 01ab 0D       		.uleb128 0xd
 655 01ac 04       		.byte	0x4
 656 01ad 06       		.byte	0x6
 657 01ae 5A       		.byte	0x5a
 658 01af C1010000 		.4byte	0x1c1
 659 01b3 07       		.uleb128 0x7
 660 01b4 766D7400 		.ascii	"vmt\000"
 661 01b8 06       		.byte	0x6
 662 01b9 5C       		.byte	0x5c
 663 01ba 29       		.byte	0x29
 664 01bb C1010000 		.4byte	0x1c1
 665 01bf 00       		.byte	0
 666 01c0 00       		.byte	0
 667 01c1 03       		.uleb128 0x3
 668 01c2 38010000 		.4byte	0x138
 669 01c6 05       		.uleb128 0x5
 670 01c7 5A000000 		.4byte	.LASF23
 671 01cb 06       		.byte	0x6
 672 01cc 5E       		.byte	0x5e
 673 01cd 03       		.byte	0x3
 674 01ce AB010000 		.4byte	0x1ab
 675 01d2 0C       		.uleb128 0xc
 676 01d3 3B020000 		.4byte	.LASF25
 677 01d7 18       		.byte	0x18
 678 01d8 07       		.byte	0x7
 679 01d9 46       		.byte	0x46
 680 01da 29020000 		.4byte	0x229
 681 01de 06       		.uleb128 0x6
 682 01df 1C010000 		.4byte	.LASF20
 683 01e3 07       		.byte	0x7
 684 01e4 47       		.byte	0x47
ARM GAS  C:\Users\DEVELO~1\AppData\Local\Temp\cc9tl31o.s 			page 13


 685 01e5 2D000000 		.4byte	0x2d
 686 01e9 00       		.byte	0
 687 01ea 06       		.uleb128 0x6
 688 01eb 90000000 		.4byte	.LASF21
 689 01ef 07       		.byte	0x7
 690 01f0 47       		.byte	0x47
 691 01f1 5B010000 		.4byte	0x15b
 692 01f5 04       		.byte	0x4
 693 01f6 06       		.uleb128 0x6
 694 01f7 B7010000 		.4byte	.LASF22
 695 01fb 07       		.byte	0x7
 696 01fc 47       		.byte	0x47
 697 01fd 79010000 		.4byte	0x179
 698 0201 08       		.byte	0x8
 699 0202 07       		.uleb128 0x7
 700 0203 70757400 		.ascii	"put\000"
 701 0207 07       		.byte	0x7
 702 0208 47       		.byte	0x47
 703 0209 03       		.byte	0x3
 704 020a 92010000 		.4byte	0x192
 705 020e 0C       		.byte	0xc
 706 020f 07       		.uleb128 0x7
 707 0210 67657400 		.ascii	"get\000"
 708 0214 07       		.byte	0x7
 709 0215 47       		.byte	0x47
 710 0216 03       		.byte	0x3
 711 0217 A6010000 		.4byte	0x1a6
 712 021b 10       		.byte	0x10
 713 021c 06       		.uleb128 0x6
 714 021d C1010000 		.4byte	.LASF26
 715 0221 07       		.byte	0x7
 716 0222 47       		.byte	0x47
 717 0223 92010000 		.4byte	0x192
 718 0227 14       		.byte	0x14
 719 0228 00       		.byte	0
 720 0229 0A       		.uleb128 0xa
 721 022a D2010000 		.4byte	0x1d2
 722 022e 0D       		.uleb128 0xd
 723 022f 10       		.byte	0x10
 724 0230 07       		.byte	0x7
 725 0231 4F       		.byte	0x4f
 726 0232 69020000 		.4byte	0x269
 727 0236 07       		.uleb128 0x7
 728 0237 766D7400 		.ascii	"vmt\000"
 729 023b 07       		.byte	0x7
 730 023c 51       		.byte	0x51
 731 023d 2A       		.byte	0x2a
 732 023e 69020000 		.4byte	0x269
 733 0242 00       		.byte	0
 734 0243 06       		.uleb128 0x6
 735 0244 E1010000 		.4byte	.LASF27
 736 0248 07       		.byte	0x7
 737 0249 52       		.byte	0x52
 738 024a 6E020000 		.4byte	0x26e
 739 024e 04       		.byte	0x4
 740 024f 06       		.uleb128 0x6
 741 0250 34020000 		.4byte	.LASF28
ARM GAS  C:\Users\DEVELO~1\AppData\Local\Temp\cc9tl31o.s 			page 14


 742 0254 07       		.byte	0x7
 743 0255 52       		.byte	0x52
 744 0256 73020000 		.4byte	0x273
 745 025a 08       		.byte	0x8
 746 025b 07       		.uleb128 0x7
 747 025c 6E647800 		.ascii	"ndx\000"
 748 0260 07       		.byte	0x7
 749 0261 52       		.byte	0x52
 750 0262 03       		.byte	0x3
 751 0263 2D000000 		.4byte	0x2d
 752 0267 0C       		.byte	0xc
 753 0268 00       		.byte	0
 754 0269 03       		.uleb128 0x3
 755 026a 29020000 		.4byte	0x229
 756 026e 03       		.uleb128 0x3
 757 026f C6010000 		.4byte	0x1c6
 758 0273 13       		.uleb128 0x13
 759 0274 B8000000 		.4byte	0xb8
 760 0278 83020000 		.4byte	0x283
 761 027c 14       		.uleb128 0x14
 762 027d 39000000 		.4byte	0x39
 763 0281 00       		.byte	0
 764 0282 00       		.byte	0
 765 0283 05       		.uleb128 0x5
 766 0284 14020000 		.4byte	.LASF29
 767 0288 07       		.byte	0x7
 768 0289 53       		.byte	0x53
 769 028a 03       		.byte	0x3
 770 028b 2E020000 		.4byte	0x22e
 771 028f 15       		.uleb128 0x15
 772 0290 766D7400 		.ascii	"vmt\000"
 773 0294 01       		.byte	0x1
 774 0295 63       		.byte	0x63
 775 0296 2E       		.byte	0x2e
 776 0297 29020000 		.4byte	0x229
 777 029b 05       		.uleb128 0x5
 778 029c 03       		.byte	0x3
 779 029d 00000000 		.4byte	vmt
 780 02a1 0E       		.uleb128 0xe
 781 02a2 03010000 		.4byte	.LASF30
 782 02a6 21       		.byte	0x21
 783 02a7 A3000000 		.4byte	0xa3
 784 02ab BF020000 		.4byte	0x2bf
 785 02af 01       		.uleb128 0x1
 786 02b0 A3000000 		.4byte	0xa3
 787 02b4 01       		.uleb128 0x1
 788 02b5 26000000 		.4byte	0x26
 789 02b9 01       		.uleb128 0x1
 790 02ba 2D000000 		.4byte	0x2d
 791 02be 00       		.byte	0
 792 02bf 0E       		.uleb128 0xe
 793 02c0 04020000 		.4byte	.LASF31
 794 02c4 1F       		.byte	0x1f
 795 02c5 A3000000 		.4byte	0xa3
 796 02c9 DD020000 		.4byte	0x2dd
 797 02cd 01       		.uleb128 0x1
 798 02ce A3000000 		.4byte	0xa3
ARM GAS  C:\Users\DEVELO~1\AppData\Local\Temp\cc9tl31o.s 			page 15


 799 02d2 01       		.uleb128 0x1
 800 02d3 DD020000 		.4byte	0x2dd
 801 02d7 01       		.uleb128 0x1
 802 02d8 2D000000 		.4byte	0x2d
 803 02dc 00       		.byte	0
 804 02dd 03       		.uleb128 0x3
 805 02de E2020000 		.4byte	0x2e2
 806 02e2 16       		.uleb128 0x16
 807 02e3 17       		.uleb128 0x17
 808 02e4 96000000 		.4byte	.LASF41
 809 02e8 01       		.byte	0x1
 810 02e9 73       		.byte	0x73
 811 02ea 06       		.byte	0x6
 812 02eb 00000000 		.4byte	.LFB437
 813 02ef 38000000 		.4byte	.LFE437-.LFB437
 814 02f3 01       		.uleb128 0x1
 815 02f4 9C       		.byte	0x9c
 816 02f5 16030000 		.4byte	0x316
 817 02f9 0F       		.uleb128 0xf
 818 02fa 39000000 		.4byte	.LASF32
 819 02fe 73       		.byte	0x73
 820 02ff 2B       		.byte	0x2b
 821 0300 16030000 		.4byte	0x316
 822 0304 02       		.uleb128 0x2
 823 0305 91       		.byte	0x91
 824 0306 74       		.sleb128 -12
 825 0307 0F       		.uleb128 0xf
 826 0308 E1010000 		.4byte	.LASF27
 827 030c 73       		.byte	0x73
 828 030d 47       		.byte	0x47
 829 030e 6E020000 		.4byte	0x26e
 830 0312 02       		.uleb128 0x2
 831 0313 91       		.byte	0x91
 832 0314 70       		.sleb128 -16
 833 0315 00       		.byte	0
 834 0316 03       		.uleb128 0x3
 835 0317 83020000 		.4byte	0x283
 836 031b 18       		.uleb128 0x18
 837 031c 86020000 		.4byte	.LASF33
 838 0320 01       		.byte	0x1
 839 0321 57       		.byte	0x57
 840 0322 0E       		.byte	0xe
 841 0323 D5000000 		.4byte	0xd5
 842 0327 00000000 		.4byte	.LFB436
 843 032b 46000000 		.4byte	.LFE436-.LFB436
 844 032f 01       		.uleb128 0x1
 845 0330 9C       		.byte	0x9c
 846 0331 5D030000 		.4byte	0x35d
 847 0335 04       		.uleb128 0x4
 848 0336 697000   		.ascii	"ip\000"
 849 0339 57       		.byte	0x57
 850 033a 1B       		.byte	0x1b
 851 033b A3000000 		.4byte	0xa3
 852 033f 02       		.uleb128 0x2
 853 0340 91       		.byte	0x91
 854 0341 6C       		.sleb128 -20
 855 0342 04       		.uleb128 0x4
ARM GAS  C:\Users\DEVELO~1\AppData\Local\Temp\cc9tl31o.s 			page 16


 856 0343 6200     		.ascii	"b\000"
 857 0345 57       		.byte	0x57
 858 0346 27       		.byte	0x27
 859 0347 B8000000 		.4byte	0xb8
 860 034b 02       		.uleb128 0x2
 861 034c 91       		.byte	0x91
 862 034d 6B       		.sleb128 -21
 863 034e 08       		.uleb128 0x8
 864 034f 39000000 		.4byte	.LASF32
 865 0353 58       		.byte	0x58
 866 0354 1A       		.byte	0x1a
 867 0355 16030000 		.4byte	0x316
 868 0359 02       		.uleb128 0x2
 869 035a 91       		.byte	0x91
 870 035b 74       		.sleb128 -12
 871 035c 00       		.byte	0
 872 035d 0B       		.uleb128 0xb
 873 035e BC010000 		.4byte	.LASF34
 874 0362 4D       		.byte	0x4d
 875 0363 0E       		.byte	0xe
 876 0364 D5000000 		.4byte	0xd5
 877 0368 00000000 		.4byte	.LFB435
 878 036c 40000000 		.4byte	.LFE435-.LFB435
 879 0370 01       		.uleb128 0x1
 880 0371 9C       		.byte	0x9c
 881 0372 92030000 		.4byte	0x392
 882 0376 04       		.uleb128 0x4
 883 0377 697000   		.ascii	"ip\000"
 884 037a 4D       		.byte	0x4d
 885 037b 19       		.byte	0x19
 886 037c A3000000 		.4byte	0xa3
 887 0380 02       		.uleb128 0x2
 888 0381 91       		.byte	0x91
 889 0382 6C       		.sleb128 -20
 890 0383 08       		.uleb128 0x8
 891 0384 39000000 		.4byte	.LASF32
 892 0388 4E       		.byte	0x4e
 893 0389 1A       		.byte	0x1a
 894 038a 16030000 		.4byte	0x316
 895 038e 02       		.uleb128 0x2
 896 038f 91       		.byte	0x91
 897 0390 74       		.sleb128 -12
 898 0391 00       		.byte	0
 899 0392 0B       		.uleb128 0xb
 900 0393 1D000000 		.4byte	.LASF35
 901 0397 48       		.byte	0x48
 902 0398 0E       		.byte	0xe
 903 0399 D5000000 		.4byte	0xd5
 904 039d 00000000 		.4byte	.LFB434
 905 03a1 2C000000 		.4byte	.LFE434-.LFB434
 906 03a5 01       		.uleb128 0x1
 907 03a6 9C       		.byte	0x9c
 908 03a7 D3030000 		.4byte	0x3d3
 909 03ab 04       		.uleb128 0x4
 910 03ac 697000   		.ascii	"ip\000"
 911 03af 48       		.byte	0x48
 912 03b0 19       		.byte	0x19
ARM GAS  C:\Users\DEVELO~1\AppData\Local\Temp\cc9tl31o.s 			page 17


 913 03b1 A3000000 		.4byte	0xa3
 914 03b5 02       		.uleb128 0x2
 915 03b6 91       		.byte	0x91
 916 03b7 6C       		.sleb128 -20
 917 03b8 04       		.uleb128 0x4
 918 03b9 6200     		.ascii	"b\000"
 919 03bb 48       		.byte	0x48
 920 03bc 25       		.byte	0x25
 921 03bd B8000000 		.4byte	0xb8
 922 03c1 02       		.uleb128 0x2
 923 03c2 91       		.byte	0x91
 924 03c3 6B       		.sleb128 -21
 925 03c4 08       		.uleb128 0x8
 926 03c5 39000000 		.4byte	.LASF32
 927 03c9 49       		.byte	0x49
 928 03ca 1A       		.byte	0x1a
 929 03cb 16030000 		.4byte	0x316
 930 03cf 02       		.uleb128 0x2
 931 03d0 91       		.byte	0x91
 932 03d1 74       		.sleb128 -12
 933 03d2 00       		.byte	0
 934 03d3 0B       		.uleb128 0xb
 935 03d4 DA010000 		.4byte	.LASF36
 936 03d8 38       		.byte	0x38
 937 03d9 0F       		.byte	0xf
 938 03da 2D000000 		.4byte	0x2d
 939 03de 00000000 		.4byte	.LFB433
 940 03e2 7C000000 		.4byte	.LFE433-.LFB433
 941 03e6 01       		.uleb128 0x1
 942 03e7 9C       		.byte	0x9c
 943 03e8 2F040000 		.4byte	0x42f
 944 03ec 04       		.uleb128 0x4
 945 03ed 697000   		.ascii	"ip\000"
 946 03f0 38       		.byte	0x38
 947 03f1 1C       		.byte	0x1c
 948 03f2 A3000000 		.4byte	0xa3
 949 03f6 02       		.uleb128 0x2
 950 03f7 91       		.byte	0x91
 951 03f8 64       		.sleb128 -28
 952 03f9 04       		.uleb128 0x4
 953 03fa 627000   		.ascii	"bp\000"
 954 03fd 38       		.byte	0x38
 955 03fe 29       		.byte	0x29
 956 03ff E8000000 		.4byte	0xe8
 957 0403 02       		.uleb128 0x2
 958 0404 91       		.byte	0x91
 959 0405 60       		.sleb128 -32
 960 0406 04       		.uleb128 0x4
 961 0407 6E00     		.ascii	"n\000"
 962 0409 38       		.byte	0x38
 963 040a 34       		.byte	0x34
 964 040b 2D000000 		.4byte	0x2d
 965 040f 02       		.uleb128 0x2
 966 0410 91       		.byte	0x91
 967 0411 5C       		.sleb128 -36
 968 0412 08       		.uleb128 0x8
 969 0413 39000000 		.4byte	.LASF32
ARM GAS  C:\Users\DEVELO~1\AppData\Local\Temp\cc9tl31o.s 			page 18


 970 0417 39       		.byte	0x39
 971 0418 1A       		.byte	0x1a
 972 0419 16030000 		.4byte	0x316
 973 041d 02       		.uleb128 0x2
 974 041e 91       		.byte	0x91
 975 041f 68       		.sleb128 -24
 976 0420 08       		.uleb128 0x8
 977 0421 45000000 		.4byte	.LASF37
 978 0425 3A       		.byte	0x3a
 979 0426 13       		.byte	0x13
 980 0427 2D000000 		.4byte	0x2d
 981 042b 02       		.uleb128 0x2
 982 042c 91       		.byte	0x91
 983 042d 6C       		.sleb128 -20
 984 042e 00       		.byte	0
 985 042f 19       		.uleb128 0x19
 986 0430 EE010000 		.4byte	.LASF42
 987 0434 01       		.byte	0x1
 988 0435 33       		.byte	0x33
 989 0436 0F       		.byte	0xf
 990 0437 2D000000 		.4byte	0x2d
 991 043b 00000000 		.4byte	.LFB432
 992 043f 2C000000 		.4byte	.LFE432-.LFB432
 993 0443 01       		.uleb128 0x1
 994 0444 9C       		.byte	0x9c
 995 0445 04       		.uleb128 0x4
 996 0446 697000   		.ascii	"ip\000"
 997 0449 33       		.byte	0x33
 998 044a 1D       		.byte	0x1d
 999 044b A3000000 		.4byte	0xa3
 1000 044f 02       		.uleb128 0x2
 1001 0450 91       		.byte	0x91
 1002 0451 6C       		.sleb128 -20
 1003 0452 04       		.uleb128 0x4
 1004 0453 627000   		.ascii	"bp\000"
 1005 0456 33       		.byte	0x33
 1006 0457 30       		.byte	0x30
 1007 0458 56010000 		.4byte	0x156
 1008 045c 02       		.uleb128 0x2
 1009 045d 91       		.byte	0x91
 1010 045e 68       		.sleb128 -24
 1011 045f 04       		.uleb128 0x4
 1012 0460 6E00     		.ascii	"n\000"
 1013 0462 33       		.byte	0x33
 1014 0463 3B       		.byte	0x3b
 1015 0464 2D000000 		.4byte	0x2d
 1016 0468 02       		.uleb128 0x2
 1017 0469 91       		.byte	0x91
 1018 046a 64       		.sleb128 -28
 1019 046b 08       		.uleb128 0x8
 1020 046c 39000000 		.4byte	.LASF32
 1021 0470 34       		.byte	0x34
 1022 0471 1A       		.byte	0x1a
 1023 0472 16030000 		.4byte	0x316
 1024 0476 02       		.uleb128 0x2
 1025 0477 91       		.byte	0x91
 1026 0478 74       		.sleb128 -12
ARM GAS  C:\Users\DEVELO~1\AppData\Local\Temp\cc9tl31o.s 			page 19


 1027 0479 00       		.byte	0
 1028 047a 00       		.byte	0
 1029              		.section	.debug_abbrev,"",%progbits
 1030              	.Ldebug_abbrev0:
 1031 0000 01       		.uleb128 0x1
 1032 0001 05       		.uleb128 0x5
 1033 0002 00       		.byte	0
 1034 0003 49       		.uleb128 0x49
 1035 0004 13       		.uleb128 0x13
 1036 0005 00       		.byte	0
 1037 0006 00       		.byte	0
 1038 0007 02       		.uleb128 0x2
 1039 0008 24       		.uleb128 0x24
 1040 0009 00       		.byte	0
 1041 000a 0B       		.uleb128 0xb
 1042 000b 0B       		.uleb128 0xb
 1043 000c 3E       		.uleb128 0x3e
 1044 000d 0B       		.uleb128 0xb
 1045 000e 03       		.uleb128 0x3
 1046 000f 0E       		.uleb128 0xe
 1047 0010 00       		.byte	0
 1048 0011 00       		.byte	0
 1049 0012 03       		.uleb128 0x3
 1050 0013 0F       		.uleb128 0xf
 1051 0014 00       		.byte	0
 1052 0015 0B       		.uleb128 0xb
 1053 0016 21       		.uleb128 0x21
 1054 0017 04       		.sleb128 4
 1055 0018 49       		.uleb128 0x49
 1056 0019 13       		.uleb128 0x13
 1057 001a 00       		.byte	0
 1058 001b 00       		.byte	0
 1059 001c 04       		.uleb128 0x4
 1060 001d 05       		.uleb128 0x5
 1061 001e 00       		.byte	0
 1062 001f 03       		.uleb128 0x3
 1063 0020 08       		.uleb128 0x8
 1064 0021 3A       		.uleb128 0x3a
 1065 0022 21       		.uleb128 0x21
 1066 0023 01       		.sleb128 1
 1067 0024 3B       		.uleb128 0x3b
 1068 0025 0B       		.uleb128 0xb
 1069 0026 39       		.uleb128 0x39
 1070 0027 0B       		.uleb128 0xb
 1071 0028 49       		.uleb128 0x49
 1072 0029 13       		.uleb128 0x13
 1073 002a 02       		.uleb128 0x2
 1074 002b 18       		.uleb128 0x18
 1075 002c 00       		.byte	0
 1076 002d 00       		.byte	0
 1077 002e 05       		.uleb128 0x5
 1078 002f 16       		.uleb128 0x16
 1079 0030 00       		.byte	0
 1080 0031 03       		.uleb128 0x3
 1081 0032 0E       		.uleb128 0xe
 1082 0033 3A       		.uleb128 0x3a
 1083 0034 0B       		.uleb128 0xb
ARM GAS  C:\Users\DEVELO~1\AppData\Local\Temp\cc9tl31o.s 			page 20


 1084 0035 3B       		.uleb128 0x3b
 1085 0036 0B       		.uleb128 0xb
 1086 0037 39       		.uleb128 0x39
 1087 0038 0B       		.uleb128 0xb
 1088 0039 49       		.uleb128 0x49
 1089 003a 13       		.uleb128 0x13
 1090 003b 00       		.byte	0
 1091 003c 00       		.byte	0
 1092 003d 06       		.uleb128 0x6
 1093 003e 0D       		.uleb128 0xd
 1094 003f 00       		.byte	0
 1095 0040 03       		.uleb128 0x3
 1096 0041 0E       		.uleb128 0xe
 1097 0042 3A       		.uleb128 0x3a
 1098 0043 0B       		.uleb128 0xb
 1099 0044 3B       		.uleb128 0x3b
 1100 0045 0B       		.uleb128 0xb
 1101 0046 39       		.uleb128 0x39
 1102 0047 21       		.uleb128 0x21
 1103 0048 03       		.sleb128 3
 1104 0049 49       		.uleb128 0x49
 1105 004a 13       		.uleb128 0x13
 1106 004b 38       		.uleb128 0x38
 1107 004c 0B       		.uleb128 0xb
 1108 004d 00       		.byte	0
 1109 004e 00       		.byte	0
 1110 004f 07       		.uleb128 0x7
 1111 0050 0D       		.uleb128 0xd
 1112 0051 00       		.byte	0
 1113 0052 03       		.uleb128 0x3
 1114 0053 08       		.uleb128 0x8
 1115 0054 3A       		.uleb128 0x3a
 1116 0055 0B       		.uleb128 0xb
 1117 0056 3B       		.uleb128 0x3b
 1118 0057 0B       		.uleb128 0xb
 1119 0058 39       		.uleb128 0x39
 1120 0059 0B       		.uleb128 0xb
 1121 005a 49       		.uleb128 0x49
 1122 005b 13       		.uleb128 0x13
 1123 005c 38       		.uleb128 0x38
 1124 005d 0B       		.uleb128 0xb
 1125 005e 00       		.byte	0
 1126 005f 00       		.byte	0
 1127 0060 08       		.uleb128 0x8
 1128 0061 34       		.uleb128 0x34
 1129 0062 00       		.byte	0
 1130 0063 03       		.uleb128 0x3
 1131 0064 0E       		.uleb128 0xe
 1132 0065 3A       		.uleb128 0x3a
 1133 0066 21       		.uleb128 0x21
 1134 0067 01       		.sleb128 1
 1135 0068 3B       		.uleb128 0x3b
 1136 0069 0B       		.uleb128 0xb
 1137 006a 39       		.uleb128 0x39
 1138 006b 0B       		.uleb128 0xb
 1139 006c 49       		.uleb128 0x49
 1140 006d 13       		.uleb128 0x13
ARM GAS  C:\Users\DEVELO~1\AppData\Local\Temp\cc9tl31o.s 			page 21


 1141 006e 02       		.uleb128 0x2
 1142 006f 18       		.uleb128 0x18
 1143 0070 00       		.byte	0
 1144 0071 00       		.byte	0
 1145 0072 09       		.uleb128 0x9
 1146 0073 15       		.uleb128 0x15
 1147 0074 01       		.byte	0x1
 1148 0075 27       		.uleb128 0x27
 1149 0076 19       		.uleb128 0x19
 1150 0077 49       		.uleb128 0x49
 1151 0078 13       		.uleb128 0x13
 1152 0079 01       		.uleb128 0x1
 1153 007a 13       		.uleb128 0x13
 1154 007b 00       		.byte	0
 1155 007c 00       		.byte	0
 1156 007d 0A       		.uleb128 0xa
 1157 007e 26       		.uleb128 0x26
 1158 007f 00       		.byte	0
 1159 0080 49       		.uleb128 0x49
 1160 0081 13       		.uleb128 0x13
 1161 0082 00       		.byte	0
 1162 0083 00       		.byte	0
 1163 0084 0B       		.uleb128 0xb
 1164 0085 2E       		.uleb128 0x2e
 1165 0086 01       		.byte	0x1
 1166 0087 03       		.uleb128 0x3
 1167 0088 0E       		.uleb128 0xe
 1168 0089 3A       		.uleb128 0x3a
 1169 008a 21       		.uleb128 0x21
 1170 008b 01       		.sleb128 1
 1171 008c 3B       		.uleb128 0x3b
 1172 008d 0B       		.uleb128 0xb
 1173 008e 39       		.uleb128 0x39
 1174 008f 0B       		.uleb128 0xb
 1175 0090 27       		.uleb128 0x27
 1176 0091 19       		.uleb128 0x19
 1177 0092 49       		.uleb128 0x49
 1178 0093 13       		.uleb128 0x13
 1179 0094 11       		.uleb128 0x11
 1180 0095 01       		.uleb128 0x1
 1181 0096 12       		.uleb128 0x12
 1182 0097 06       		.uleb128 0x6
 1183 0098 40       		.uleb128 0x40
 1184 0099 18       		.uleb128 0x18
 1185 009a 7C       		.uleb128 0x7c
 1186 009b 19       		.uleb128 0x19
 1187 009c 01       		.uleb128 0x1
 1188 009d 13       		.uleb128 0x13
 1189 009e 00       		.byte	0
 1190 009f 00       		.byte	0
 1191 00a0 0C       		.uleb128 0xc
 1192 00a1 13       		.uleb128 0x13
 1193 00a2 01       		.byte	0x1
 1194 00a3 03       		.uleb128 0x3
 1195 00a4 0E       		.uleb128 0xe
 1196 00a5 0B       		.uleb128 0xb
 1197 00a6 0B       		.uleb128 0xb
ARM GAS  C:\Users\DEVELO~1\AppData\Local\Temp\cc9tl31o.s 			page 22


 1198 00a7 3A       		.uleb128 0x3a
 1199 00a8 0B       		.uleb128 0xb
 1200 00a9 3B       		.uleb128 0x3b
 1201 00aa 0B       		.uleb128 0xb
 1202 00ab 39       		.uleb128 0x39
 1203 00ac 21       		.uleb128 0x21
 1204 00ad 08       		.sleb128 8
 1205 00ae 01       		.uleb128 0x1
 1206 00af 13       		.uleb128 0x13
 1207 00b0 00       		.byte	0
 1208 00b1 00       		.byte	0
 1209 00b2 0D       		.uleb128 0xd
 1210 00b3 13       		.uleb128 0x13
 1211 00b4 01       		.byte	0x1
 1212 00b5 0B       		.uleb128 0xb
 1213 00b6 0B       		.uleb128 0xb
 1214 00b7 3A       		.uleb128 0x3a
 1215 00b8 0B       		.uleb128 0xb
 1216 00b9 3B       		.uleb128 0x3b
 1217 00ba 0B       		.uleb128 0xb
 1218 00bb 39       		.uleb128 0x39
 1219 00bc 21       		.uleb128 0x21
 1220 00bd 09       		.sleb128 9
 1221 00be 01       		.uleb128 0x1
 1222 00bf 13       		.uleb128 0x13
 1223 00c0 00       		.byte	0
 1224 00c1 00       		.byte	0
 1225 00c2 0E       		.uleb128 0xe
 1226 00c3 2E       		.uleb128 0x2e
 1227 00c4 01       		.byte	0x1
 1228 00c5 3F       		.uleb128 0x3f
 1229 00c6 19       		.uleb128 0x19
 1230 00c7 03       		.uleb128 0x3
 1231 00c8 0E       		.uleb128 0xe
 1232 00c9 3A       		.uleb128 0x3a
 1233 00ca 21       		.uleb128 0x21
 1234 00cb 08       		.sleb128 8
 1235 00cc 3B       		.uleb128 0x3b
 1236 00cd 0B       		.uleb128 0xb
 1237 00ce 39       		.uleb128 0x39
 1238 00cf 21       		.uleb128 0x21
 1239 00d0 09       		.sleb128 9
 1240 00d1 27       		.uleb128 0x27
 1241 00d2 19       		.uleb128 0x19
 1242 00d3 49       		.uleb128 0x49
 1243 00d4 13       		.uleb128 0x13
 1244 00d5 3C       		.uleb128 0x3c
 1245 00d6 19       		.uleb128 0x19
 1246 00d7 01       		.uleb128 0x1
 1247 00d8 13       		.uleb128 0x13
 1248 00d9 00       		.byte	0
 1249 00da 00       		.byte	0
 1250 00db 0F       		.uleb128 0xf
 1251 00dc 05       		.uleb128 0x5
 1252 00dd 00       		.byte	0
 1253 00de 03       		.uleb128 0x3
 1254 00df 0E       		.uleb128 0xe
ARM GAS  C:\Users\DEVELO~1\AppData\Local\Temp\cc9tl31o.s 			page 23


 1255 00e0 3A       		.uleb128 0x3a
 1256 00e1 21       		.uleb128 0x21
 1257 00e2 01       		.sleb128 1
 1258 00e3 3B       		.uleb128 0x3b
 1259 00e4 0B       		.uleb128 0xb
 1260 00e5 39       		.uleb128 0x39
 1261 00e6 0B       		.uleb128 0xb
 1262 00e7 49       		.uleb128 0x49
 1263 00e8 13       		.uleb128 0x13
 1264 00e9 02       		.uleb128 0x2
 1265 00ea 18       		.uleb128 0x18
 1266 00eb 00       		.byte	0
 1267 00ec 00       		.byte	0
 1268 00ed 10       		.uleb128 0x10
 1269 00ee 11       		.uleb128 0x11
 1270 00ef 01       		.byte	0x1
 1271 00f0 25       		.uleb128 0x25
 1272 00f1 0E       		.uleb128 0xe
 1273 00f2 13       		.uleb128 0x13
 1274 00f3 0B       		.uleb128 0xb
 1275 00f4 03       		.uleb128 0x3
 1276 00f5 0E       		.uleb128 0xe
 1277 00f6 1B       		.uleb128 0x1b
 1278 00f7 0E       		.uleb128 0xe
 1279 00f8 55       		.uleb128 0x55
 1280 00f9 17       		.uleb128 0x17
 1281 00fa 11       		.uleb128 0x11
 1282 00fb 01       		.uleb128 0x1
 1283 00fc 10       		.uleb128 0x10
 1284 00fd 17       		.uleb128 0x17
 1285 00fe 00       		.byte	0
 1286 00ff 00       		.byte	0
 1287 0100 11       		.uleb128 0x11
 1288 0101 24       		.uleb128 0x24
 1289 0102 00       		.byte	0
 1290 0103 0B       		.uleb128 0xb
 1291 0104 0B       		.uleb128 0xb
 1292 0105 3E       		.uleb128 0x3e
 1293 0106 0B       		.uleb128 0xb
 1294 0107 03       		.uleb128 0x3
 1295 0108 08       		.uleb128 0x8
 1296 0109 00       		.byte	0
 1297 010a 00       		.byte	0
 1298 010b 12       		.uleb128 0x12
 1299 010c 0F       		.uleb128 0xf
 1300 010d 00       		.byte	0
 1301 010e 0B       		.uleb128 0xb
 1302 010f 0B       		.uleb128 0xb
 1303 0110 00       		.byte	0
 1304 0111 00       		.byte	0
 1305 0112 13       		.uleb128 0x13
 1306 0113 01       		.uleb128 0x1
 1307 0114 01       		.byte	0x1
 1308 0115 49       		.uleb128 0x49
 1309 0116 13       		.uleb128 0x13
 1310 0117 01       		.uleb128 0x1
 1311 0118 13       		.uleb128 0x13
ARM GAS  C:\Users\DEVELO~1\AppData\Local\Temp\cc9tl31o.s 			page 24


 1312 0119 00       		.byte	0
 1313 011a 00       		.byte	0
 1314 011b 14       		.uleb128 0x14
 1315 011c 21       		.uleb128 0x21
 1316 011d 00       		.byte	0
 1317 011e 49       		.uleb128 0x49
 1318 011f 13       		.uleb128 0x13
 1319 0120 2F       		.uleb128 0x2f
 1320 0121 0B       		.uleb128 0xb
 1321 0122 00       		.byte	0
 1322 0123 00       		.byte	0
 1323 0124 15       		.uleb128 0x15
 1324 0125 34       		.uleb128 0x34
 1325 0126 00       		.byte	0
 1326 0127 03       		.uleb128 0x3
 1327 0128 08       		.uleb128 0x8
 1328 0129 3A       		.uleb128 0x3a
 1329 012a 0B       		.uleb128 0xb
 1330 012b 3B       		.uleb128 0x3b
 1331 012c 0B       		.uleb128 0xb
 1332 012d 39       		.uleb128 0x39
 1333 012e 0B       		.uleb128 0xb
 1334 012f 49       		.uleb128 0x49
 1335 0130 13       		.uleb128 0x13
 1336 0131 02       		.uleb128 0x2
 1337 0132 18       		.uleb128 0x18
 1338 0133 00       		.byte	0
 1339 0134 00       		.byte	0
 1340 0135 16       		.uleb128 0x16
 1341 0136 26       		.uleb128 0x26
 1342 0137 00       		.byte	0
 1343 0138 00       		.byte	0
 1344 0139 00       		.byte	0
 1345 013a 17       		.uleb128 0x17
 1346 013b 2E       		.uleb128 0x2e
 1347 013c 01       		.byte	0x1
 1348 013d 3F       		.uleb128 0x3f
 1349 013e 19       		.uleb128 0x19
 1350 013f 03       		.uleb128 0x3
 1351 0140 0E       		.uleb128 0xe
 1352 0141 3A       		.uleb128 0x3a
 1353 0142 0B       		.uleb128 0xb
 1354 0143 3B       		.uleb128 0x3b
 1355 0144 0B       		.uleb128 0xb
 1356 0145 39       		.uleb128 0x39
 1357 0146 0B       		.uleb128 0xb
 1358 0147 27       		.uleb128 0x27
 1359 0148 19       		.uleb128 0x19
 1360 0149 11       		.uleb128 0x11
 1361 014a 01       		.uleb128 0x1
 1362 014b 12       		.uleb128 0x12
 1363 014c 06       		.uleb128 0x6
 1364 014d 40       		.uleb128 0x40
 1365 014e 18       		.uleb128 0x18
 1366 014f 7C       		.uleb128 0x7c
 1367 0150 19       		.uleb128 0x19
 1368 0151 01       		.uleb128 0x1
ARM GAS  C:\Users\DEVELO~1\AppData\Local\Temp\cc9tl31o.s 			page 25


 1369 0152 13       		.uleb128 0x13
 1370 0153 00       		.byte	0
 1371 0154 00       		.byte	0
 1372 0155 18       		.uleb128 0x18
 1373 0156 2E       		.uleb128 0x2e
 1374 0157 01       		.byte	0x1
 1375 0158 03       		.uleb128 0x3
 1376 0159 0E       		.uleb128 0xe
 1377 015a 3A       		.uleb128 0x3a
 1378 015b 0B       		.uleb128 0xb
 1379 015c 3B       		.uleb128 0x3b
 1380 015d 0B       		.uleb128 0xb
 1381 015e 39       		.uleb128 0x39
 1382 015f 0B       		.uleb128 0xb
 1383 0160 27       		.uleb128 0x27
 1384 0161 19       		.uleb128 0x19
 1385 0162 49       		.uleb128 0x49
 1386 0163 13       		.uleb128 0x13
 1387 0164 11       		.uleb128 0x11
 1388 0165 01       		.uleb128 0x1
 1389 0166 12       		.uleb128 0x12
 1390 0167 06       		.uleb128 0x6
 1391 0168 40       		.uleb128 0x40
 1392 0169 18       		.uleb128 0x18
 1393 016a 7A       		.uleb128 0x7a
 1394 016b 19       		.uleb128 0x19
 1395 016c 01       		.uleb128 0x1
 1396 016d 13       		.uleb128 0x13
 1397 016e 00       		.byte	0
 1398 016f 00       		.byte	0
 1399 0170 19       		.uleb128 0x19
 1400 0171 2E       		.uleb128 0x2e
 1401 0172 01       		.byte	0x1
 1402 0173 03       		.uleb128 0x3
 1403 0174 0E       		.uleb128 0xe
 1404 0175 3A       		.uleb128 0x3a
 1405 0176 0B       		.uleb128 0xb
 1406 0177 3B       		.uleb128 0x3b
 1407 0178 0B       		.uleb128 0xb
 1408 0179 39       		.uleb128 0x39
 1409 017a 0B       		.uleb128 0xb
 1410 017b 27       		.uleb128 0x27
 1411 017c 19       		.uleb128 0x19
 1412 017d 49       		.uleb128 0x49
 1413 017e 13       		.uleb128 0x13
 1414 017f 11       		.uleb128 0x11
 1415 0180 01       		.uleb128 0x1
 1416 0181 12       		.uleb128 0x12
 1417 0182 06       		.uleb128 0x6
 1418 0183 40       		.uleb128 0x40
 1419 0184 18       		.uleb128 0x18
 1420 0185 7C       		.uleb128 0x7c
 1421 0186 19       		.uleb128 0x19
 1422 0187 00       		.byte	0
 1423 0188 00       		.byte	0
 1424 0189 00       		.byte	0
 1425              		.section	.debug_aranges,"",%progbits
ARM GAS  C:\Users\DEVELO~1\AppData\Local\Temp\cc9tl31o.s 			page 26


 1426 0000 44000000 		.4byte	0x44
 1427 0004 0200     		.2byte	0x2
 1428 0006 00000000 		.4byte	.Ldebug_info0
 1429 000a 04       		.byte	0x4
 1430 000b 00       		.byte	0
 1431 000c 0000     		.2byte	0
 1432 000e 0000     		.2byte	0
 1433 0010 00000000 		.4byte	.LFB432
 1434 0014 2C000000 		.4byte	.LFE432-.LFB432
 1435 0018 00000000 		.4byte	.LFB433
 1436 001c 7C000000 		.4byte	.LFE433-.LFB433
 1437 0020 00000000 		.4byte	.LFB434
 1438 0024 2C000000 		.4byte	.LFE434-.LFB434
 1439 0028 00000000 		.4byte	.LFB435
 1440 002c 40000000 		.4byte	.LFE435-.LFB435
 1441 0030 00000000 		.4byte	.LFB436
 1442 0034 46000000 		.4byte	.LFE436-.LFB436
 1443 0038 00000000 		.4byte	.LFB437
 1444 003c 38000000 		.4byte	.LFE437-.LFB437
 1445 0040 00000000 		.4byte	0
 1446 0044 00000000 		.4byte	0
 1447              		.section	.debug_rnglists,"",%progbits
 1448              	.Ldebug_ranges0:
 1449 0000 2D000000 		.4byte	.Ldebug_ranges3-.Ldebug_ranges2
 1450              	.Ldebug_ranges2:
 1451 0004 0500     		.2byte	0x5
 1452 0006 04       		.byte	0x4
 1453 0007 00       		.byte	0
 1454 0008 00000000 		.4byte	0
 1455              	.LLRL0:
 1456 000c 07       		.byte	0x7
 1457 000d 00000000 		.4byte	.LFB432
 1458 0011 2C       		.uleb128 .LFE432-.LFB432
 1459 0012 07       		.byte	0x7
 1460 0013 00000000 		.4byte	.LFB433
 1461 0017 7C       		.uleb128 .LFE433-.LFB433
 1462 0018 07       		.byte	0x7
 1463 0019 00000000 		.4byte	.LFB434
 1464 001d 2C       		.uleb128 .LFE434-.LFB434
 1465 001e 07       		.byte	0x7
 1466 001f 00000000 		.4byte	.LFB435
 1467 0023 40       		.uleb128 .LFE435-.LFB435
 1468 0024 07       		.byte	0x7
 1469 0025 00000000 		.4byte	.LFB436
 1470 0029 46       		.uleb128 .LFE436-.LFB436
 1471 002a 07       		.byte	0x7
 1472 002b 00000000 		.4byte	.LFB437
 1473 002f 38       		.uleb128 .LFE437-.LFB437
 1474 0030 00       		.byte	0
 1475              	.Ldebug_ranges3:
 1476              		.section	.debug_line,"",%progbits
 1477              	.Ldebug_line0:
 1478 0000 5A030000 		.section	.debug_str,"MS",%progbits,1
 1478      03002C02 
 1478      00000201 
 1478      FB0E0D00 
 1478      01010101 
ARM GAS  C:\Users\DEVELO~1\AppData\Local\Temp\cc9tl31o.s 			page 27


 1479              	.LASF5:
 1480 0000 7369676E 		.ascii	"signed char\000"
 1480      65642063 
 1480      68617200 
 1481              	.LASF6:
 1482 000c 5F5F7569 		.ascii	"__uint8_t\000"
 1482      6E74385F 
 1482      7400
 1483              	.LASF3:
 1484 0016 73697A65 		.ascii	"size_t\000"
 1484      5F7400
 1485              	.LASF35:
 1486 001d 5F707574 		.ascii	"_put\000"
 1486      00
 1487              	.LASF10:
 1488 0022 5F5F696E 		.ascii	"__int32_t\000"
 1488      7433325F 
 1488      7400
 1489              	.LASF0:
 1490 002c 756E7369 		.ascii	"unsigned int\000"
 1490      676E6564 
 1490      20696E74 
 1490      00
 1491              	.LASF32:
 1492 0039 62736170 		.ascii	"bsap\000"
 1492      00
 1493              	.LASF15:
 1494 003e 696E7438 		.ascii	"int8_t\000"
 1494      5F7400
 1495              	.LASF37:
 1496 0045 62756666 		.ascii	"buffered\000"
 1496      65726564 
 1496      00
 1497              	.LASF2:
 1498 004e 6C6F6E67 		.ascii	"long double\000"
 1498      20646F75 
 1498      626C6500 
 1499              	.LASF23:
 1500 005a 42617365 		.ascii	"BaseSequentialStream\000"
 1500      53657175 
 1500      656E7469 
 1500      616C5374 
 1500      7265616D 
 1501              	.LASF7:
 1502 006f 756E7369 		.ascii	"unsigned char\000"
 1502      676E6564 
 1502      20636861 
 1502      7200
 1503              	.LASF9:
 1504 007d 73686F72 		.ascii	"short unsigned int\000"
 1504      7420756E 
 1504      7369676E 
 1504      65642069 
 1504      6E7400
 1505              	.LASF21:
 1506 0090 77726974 		.ascii	"write\000"
 1506      6500
ARM GAS  C:\Users\DEVELO~1\AppData\Local\Temp\cc9tl31o.s 			page 28


 1507              	.LASF41:
 1508 0096 6273614F 		.ascii	"bsaObjectInit\000"
 1508      626A6563 
 1508      74496E69 
 1508      7400
 1509              	.LASF40:
 1510 00a4 433A5C50 		.ascii	"C:\\PROJET\\ChibiOS project\\ChibiOS_21.11.4\\demos"
 1510      524F4A45 
 1510      545C4368 
 1510      6962694F 
 1510      53207072 
 1511 00d3 5C53544D 		.ascii	"\\STM32\\RT-STM32H743ZI_REV_XY-NUCLEO144_Quartz8M\000"
 1511      33325C52 
 1511      542D5354 
 1511      4D333248 
 1511      3734335A 
 1512              	.LASF30:
 1513 0103 6D656D73 		.ascii	"memset\000"
 1513      657400
 1514              	.LASF12:
 1515 010a 6C6F6E67 		.ascii	"long unsigned int\000"
 1515      20756E73 
 1515      69676E65 
 1515      6420696E 
 1515      7400
 1516              	.LASF20:
 1517 011c 696E7374 		.ascii	"instance_offset\000"
 1517      616E6365 
 1517      5F6F6666 
 1517      73657400 
 1518              	.LASF38:
 1519 012c 474E5520 		.ascii	"GNU C17 11.3.1 20220712 -mcpu=cortex-m7 -mthumb -mf"
 1519      43313720 
 1519      31312E33 
 1519      2E312032 
 1519      30323230 
 1520 015f 6C6F6174 		.ascii	"loat-abi=soft -march=armv7e-m -ggdb -O0 -ffunction-"
 1520      2D616269 
 1520      3D736F66 
 1520      74202D6D 
 1520      61726368 
 1521 0192 73656374 		.ascii	"sections -fdata-sections -fno-common\000"
 1521      696F6E73 
 1521      202D6664 
 1521      6174612D 
 1521      73656374 
 1522              	.LASF22:
 1523 01b7 72656164 		.ascii	"read\000"
 1523      00
 1524              	.LASF34:
 1525 01bc 5F676574 		.ascii	"_get\000"
 1525      00
 1526              	.LASF26:
 1527 01c1 756E6765 		.ascii	"unget\000"
 1527      7400
 1528              	.LASF14:
 1529 01c7 63686172 		.ascii	"char\000"
ARM GAS  C:\Users\DEVELO~1\AppData\Local\Temp\cc9tl31o.s 			page 29


 1529      00
 1530              	.LASF16:
 1531 01cc 75696E74 		.ascii	"uint8_t\000"
 1531      385F7400 
 1532              	.LASF18:
 1533 01d4 6D73675F 		.ascii	"msg_t\000"
 1533      7400
 1534              	.LASF36:
 1535 01da 5F726561 		.ascii	"_reads\000"
 1535      647300
 1536              	.LASF27:
 1537 01e1 62737370 		.ascii	"bssp\000"
 1537      00
 1538              	.LASF17:
 1539 01e6 696E7433 		.ascii	"int32_t\000"
 1539      325F7400 
 1540              	.LASF42:
 1541 01ee 5F777269 		.ascii	"_writes\000"
 1541      74657300 
 1542              	.LASF1:
 1543 01f6 6C6F6E67 		.ascii	"long long int\000"
 1543      206C6F6E 
 1543      6720696E 
 1543      7400
 1544              	.LASF31:
 1545 0204 6D656D63 		.ascii	"memcpy\000"
 1545      707900
 1546              	.LASF4:
 1547 020b 5F5F696E 		.ascii	"__int8_t\000"
 1547      74385F74 
 1547      00
 1548              	.LASF29:
 1549 0214 42756666 		.ascii	"BufferedStreamAdapter\000"
 1549      65726564 
 1549      53747265 
 1549      616D4164 
 1549      61707465 
 1550              	.LASF8:
 1551 022a 73686F72 		.ascii	"short int\000"
 1551      7420696E 
 1551      7400
 1552              	.LASF28:
 1553 0234 62756666 		.ascii	"buffer\000"
 1553      657200
 1554              	.LASF25:
 1555 023b 42756666 		.ascii	"BufferedStreamAdapterVMT\000"
 1555      65726564 
 1555      53747265 
 1555      616D4164 
 1555      61707465 
 1556              	.LASF11:
 1557 0254 6C6F6E67 		.ascii	"long int\000"
 1557      20696E74 
 1557      00
 1558              	.LASF39:
 1559 025d 2E2E2F2E 		.ascii	"../../../os/hal/lib/streams/bufstreams.c\000"
 1559      2E2F2E2E 
ARM GAS  C:\Users\DEVELO~1\AppData\Local\Temp\cc9tl31o.s 			page 30


 1559      2F6F732F 
 1559      68616C2F 
 1559      6C69622F 
 1560              	.LASF33:
 1561 0286 5F756E67 		.ascii	"_unget\000"
 1561      657400
 1562              	.LASF19:
 1563 028d 5F426F6F 		.ascii	"_Bool\000"
 1563      6C00
 1564              	.LASF24:
 1565 0293 42617365 		.ascii	"BaseSequentialStreamVMT\000"
 1565      53657175 
 1565      656E7469 
 1565      616C5374 
 1565      7265616D 
 1566              	.LASF13:
 1567 02ab 6C6F6E67 		.ascii	"long long unsigned int\000"
 1567      206C6F6E 
 1567      6720756E 
 1567      7369676E 
 1567      65642069 
 1568              		.ident	"GCC: (Arm GNU Toolchain 11.3.Rel1) 11.3.1 20220712"
ARM GAS  C:\Users\DEVELO~1\AppData\Local\Temp\cc9tl31o.s 			page 31


DEFINED SYMBOLS
                            *ABS*:00000000 bufstreams.c
C:\Users\DEVELO~1\AppData\Local\Temp\cc9tl31o.s:18     .text._writes:00000000 $t
C:\Users\DEVELO~1\AppData\Local\Temp\cc9tl31o.s:23     .text._writes:00000000 _writes
C:\Users\DEVELO~1\AppData\Local\Temp\cc9tl31o.s:72     .text._reads:00000000 $t
C:\Users\DEVELO~1\AppData\Local\Temp\cc9tl31o.s:77     .text._reads:00000000 _reads
C:\Users\DEVELO~1\AppData\Local\Temp\cc9tl31o.s:174    .text._put:00000000 $t
C:\Users\DEVELO~1\AppData\Local\Temp\cc9tl31o.s:179    .text._put:00000000 _put
C:\Users\DEVELO~1\AppData\Local\Temp\cc9tl31o.s:227    .text._get:00000000 $t
C:\Users\DEVELO~1\AppData\Local\Temp\cc9tl31o.s:232    .text._get:00000000 _get
C:\Users\DEVELO~1\AppData\Local\Temp\cc9tl31o.s:297    .text._unget:00000000 $t
C:\Users\DEVELO~1\AppData\Local\Temp\cc9tl31o.s:302    .text._unget:00000000 _unget
C:\Users\DEVELO~1\AppData\Local\Temp\cc9tl31o.s:371    .rodata.vmt:00000000 $d
C:\Users\DEVELO~1\AppData\Local\Temp\cc9tl31o.s:374    .rodata.vmt:00000000 vmt
C:\Users\DEVELO~1\AppData\Local\Temp\cc9tl31o.s:382    .text.bsaObjectInit:00000000 $t
C:\Users\DEVELO~1\AppData\Local\Temp\cc9tl31o.s:388    .text.bsaObjectInit:00000000 bsaObjectInit
C:\Users\DEVELO~1\AppData\Local\Temp\cc9tl31o.s:435    .text.bsaObjectInit:00000034 $d

UNDEFINED SYMBOLS
memcpy
memset
