ARM GAS  C:\Users\DEVELO~1\AppData\Local\Temp\cc4AxQAg.s 			page 1


   1              		.cpu cortex-m7
   2              		.arch armv7e-m
   3              		.fpu softvfp
   4              		.eabi_attribute 20, 1
   5              		.eabi_attribute 21, 1
   6              		.eabi_attribute 23, 3
   7              		.eabi_attribute 24, 1
   8              		.eabi_attribute 25, 1
   9              		.eabi_attribute 26, 1
  10              		.eabi_attribute 30, 6
  11              		.eabi_attribute 34, 1
  12              		.eabi_attribute 18, 4
  13              		.file	"drivers.c"
  14              		.text
  15              	.Ltext0:
  16              		.cfi_sections	.debug_frame
  17              		.global	spi5_mutex
  18              		.section	.bss.spi5_mutex,"aw",%nobits
  19              		.align	2
  20              		.type	spi5_mutex, %object
  21              		.size	spi5_mutex, 16
  22              	spi5_mutex:
  23 0000 00000000 		.space	16
  23      00000000 
  23      00000000 
  23      00000000 
  24              		.section	.text.drivers_init_all,"ax",%progbits
  25              		.align	1
  26              		.global	drivers_init_all
  27              		.syntax unified
  28              		.thumb
  29              		.thumb_func
  30              		.type	drivers_init_all, %function
  31              	drivers_init_all:
  32              	.LFB432:
  33              		.file 1 "drivers/drivers.c"
  34              		.loc 1 11 29
  35              		.cfi_startproc
  36              		@ args = 0, pretend = 0, frame = 0
  37              		@ frame_needed = 1, uses_anonymous_args = 0
  38 0000 80B5     		push	{r7, lr}
  39              		.cfi_def_cfa_offset 8
  40              		.cfi_offset 7, -8
  41              		.cfi_offset 14, -4
  42 0002 00AF     		add	r7, sp, #0
  43              		.cfi_def_cfa_register 7
  44              		.loc 1 12 5
  45 0004 0448     		ldr	r0, .L2
  46 0006 FFF7FEFF 		bl	chMtxObjectInit
  47              		.loc 1 20 5
  48 000a FFF7FEFF 		bl	drv_display_init
  49              		.loc 1 21 5
  50 000e FFF7FEFF 		bl	drv_display_start
  51              		.loc 1 23 1
  52 0012 00BF     		nop
  53 0014 80BD     		pop	{r7, pc}
  54              	.L3:
ARM GAS  C:\Users\DEVELO~1\AppData\Local\Temp\cc4AxQAg.s 			page 2


  55 0016 00BF     		.align	2
  56              	.L2:
  57 0018 00000000 		.word	spi5_mutex
  58              		.cfi_endproc
  59              	.LFE432:
  60              		.size	drivers_init_all, .-drivers_init_all
  61              		.section	.text.drivers_update_all,"ax",%progbits
  62              		.align	1
  63              		.global	drivers_update_all
  64              		.syntax unified
  65              		.thumb
  66              		.thumb_func
  67              		.type	drivers_update_all, %function
  68              	drivers_update_all:
  69              	.LFB433:
  70              		.loc 1 26 31
  71              		.cfi_startproc
  72              		@ args = 0, pretend = 0, frame = 0
  73              		@ frame_needed = 1, uses_anonymous_args = 0
  74 0000 80B5     		push	{r7, lr}
  75              		.cfi_def_cfa_offset 8
  76              		.cfi_offset 7, -8
  77              		.cfi_offset 14, -4
  78 0002 00AF     		add	r7, sp, #0
  79              		.cfi_def_cfa_register 7
  80              		.loc 1 29 5
  81 0004 FFF7FEFF 		bl	drv_display_update
  82              		.loc 1 30 1
  83 0008 00BF     		nop
  84 000a 80BD     		pop	{r7, pc}
  85              		.cfi_endproc
  86              	.LFE433:
  87              		.size	drivers_update_all, .-drivers_update_all
  88              		.text
  89              	.Letext0:
  90              		.file 2 "c:\\chibistudio\\tools\\gnu tools arm embedded\\11.3 2022.08\\arm-none-eabi\\include\\mac
  91              		.file 3 "c:\\chibistudio\\tools\\gnu tools arm embedded\\11.3 2022.08\\arm-none-eabi\\include\\sys
  92              		.file 4 "../../../os/common/ports/ARM-common/chtypes.h"
  93              		.file 5 "../../../os/rt/include/chearly.h"
  94              		.file 6 "../../../os/rt/include/chobjects.h"
  95              		.file 7 "../../../os/rt/include/chrfcu.h"
  96              		.file 8 "../../../os/rt/include/chdebug.h"
  97              		.file 9 "../../../os/rt/include/chtime.h"
  98              		.file 10 "../../../os/rt/include/chlists.h"
  99              		.file 11 "../../../os/rt/include/chtrace.h"
 100              		.file 12 "../../../os/common/ports/ARMv7-M/chcore.h"
 101              		.file 13 "../../../os/rt/include/chsem.h"
 102              		.file 14 "../../../os/rt/include/chmtx.h"
 103              		.file 15 "drivers/drv_display.h"
 104              		.file 16 "drivers/drivers.h"
 105              		.section	.debug_info,"",%progbits
 106              	.Ldebug_info0:
 107 0000 19090000 		.4byte	0x919
 108 0004 0500     		.2byte	0x5
 109 0006 01       		.byte	0x1
 110 0007 04       		.byte	0x4
 111 0008 00000000 		.4byte	.Ldebug_abbrev0
ARM GAS  C:\Users\DEVELO~1\AppData\Local\Temp\cc4AxQAg.s 			page 3


 112 000c 15       		.uleb128 0x15
 113 000d 38010000 		.4byte	.LASF127
 114 0011 1D       		.byte	0x1d
 115 0012 ED040000 		.4byte	.LASF128
 116 0016 3F000000 		.4byte	.LASF129
 117 001a 0C000000 		.4byte	.LLRL0
 118 001e 00000000 		.4byte	0
 119 0022 00000000 		.4byte	.Ldebug_line0
 120 0026 16       		.uleb128 0x16
 121 0027 04       		.byte	0x4
 122 0028 05       		.byte	0x5
 123 0029 696E7400 		.ascii	"int\000"
 124 002d 05       		.uleb128 0x5
 125 002e 04       		.byte	0x4
 126 002f 07       		.byte	0x7
 127 0030 6D020000 		.4byte	.LASF0
 128 0034 05       		.uleb128 0x5
 129 0035 08       		.byte	0x8
 130 0036 05       		.byte	0x5
 131 0037 F9000000 		.4byte	.LASF1
 132 003b 05       		.uleb128 0x5
 133 003c 08       		.byte	0x8
 134 003d 04       		.byte	0x4
 135 003e 15050000 		.4byte	.LASF2
 136 0042 05       		.uleb128 0x5
 137 0043 01       		.byte	0x1
 138 0044 06       		.byte	0x6
 139 0045 07010000 		.4byte	.LASF3
 140 0049 01       		.uleb128 0x1
 141 004a 35000000 		.4byte	.LASF6
 142 004e 02       		.byte	0x2
 143 004f 2B       		.byte	0x2b
 144 0050 18       		.byte	0x18
 145 0051 55000000 		.4byte	0x55
 146 0055 05       		.uleb128 0x5
 147 0056 01       		.byte	0x1
 148 0057 08       		.byte	0x8
 149 0058 6D040000 		.4byte	.LASF4
 150 005c 05       		.uleb128 0x5
 151 005d 02       		.byte	0x2
 152 005e 05       		.byte	0x5
 153 005f 82040000 		.4byte	.LASF5
 154 0063 01       		.uleb128 0x1
 155 0064 34050000 		.4byte	.LASF7
 156 0068 02       		.byte	0x2
 157 0069 39       		.byte	0x39
 158 006a 19       		.byte	0x19
 159 006b 6F000000 		.4byte	0x6f
 160 006f 05       		.uleb128 0x5
 161 0070 02       		.byte	0x2
 162 0071 07       		.byte	0x7
 163 0072 DA020000 		.4byte	.LASF8
 164 0076 01       		.uleb128 0x1
 165 0077 43030000 		.4byte	.LASF9
 166 007b 02       		.byte	0x2
 167 007c 4D       		.byte	0x4d
 168 007d 18       		.byte	0x18
ARM GAS  C:\Users\DEVELO~1\AppData\Local\Temp\cc4AxQAg.s 			page 4


 169 007e 82000000 		.4byte	0x82
 170 0082 05       		.uleb128 0x5
 171 0083 04       		.byte	0x4
 172 0084 05       		.byte	0x5
 173 0085 C9010000 		.4byte	.LASF10
 174 0089 01       		.uleb128 0x1
 175 008a 20020000 		.4byte	.LASF11
 176 008e 02       		.byte	0x2
 177 008f 4F       		.byte	0x4f
 178 0090 19       		.byte	0x19
 179 0091 95000000 		.4byte	0x95
 180 0095 05       		.uleb128 0x5
 181 0096 04       		.byte	0x4
 182 0097 07       		.byte	0x7
 183 0098 A0020000 		.4byte	.LASF12
 184 009c 01       		.uleb128 0x1
 185 009d 20040000 		.4byte	.LASF13
 186 00a1 02       		.byte	0x2
 187 00a2 69       		.byte	0x69
 188 00a3 19       		.byte	0x19
 189 00a4 A8000000 		.4byte	0xa8
 190 00a8 05       		.uleb128 0x5
 191 00a9 08       		.byte	0x8
 192 00aa 07       		.byte	0x7
 193 00ab 21010000 		.4byte	.LASF14
 194 00af 01       		.uleb128 0x1
 195 00b0 F1050000 		.4byte	.LASF15
 196 00b4 03       		.byte	0x3
 197 00b5 18       		.byte	0x18
 198 00b6 13       		.byte	0x13
 199 00b7 49000000 		.4byte	0x49
 200 00bb 01       		.uleb128 0x1
 201 00bc FC010000 		.4byte	.LASF16
 202 00c0 03       		.byte	0x3
 203 00c1 24       		.byte	0x24
 204 00c2 14       		.byte	0x14
 205 00c3 63000000 		.4byte	0x63
 206 00c7 01       		.uleb128 0x1
 207 00c8 65040000 		.4byte	.LASF17
 208 00cc 03       		.byte	0x3
 209 00cd 2C       		.byte	0x2c
 210 00ce 13       		.byte	0x13
 211 00cf 76000000 		.4byte	0x76
 212 00d3 01       		.uleb128 0x1
 213 00d4 DD040000 		.4byte	.LASF18
 214 00d8 03       		.byte	0x3
 215 00d9 30       		.byte	0x30
 216 00da 14       		.byte	0x14
 217 00db 89000000 		.4byte	0x89
 218 00df 01       		.uleb128 0x1
 219 00e0 D3030000 		.4byte	.LASF19
 220 00e4 03       		.byte	0x3
 221 00e5 3C       		.byte	0x3c
 222 00e6 14       		.byte	0x14
 223 00e7 9C000000 		.4byte	0x9c
 224 00eb 11       		.uleb128 0x11
 225 00ec DF000000 		.4byte	0xdf
ARM GAS  C:\Users\DEVELO~1\AppData\Local\Temp\cc4AxQAg.s 			page 5


 226 00f0 01       		.uleb128 0x1
 227 00f1 FF040000 		.4byte	.LASF20
 228 00f5 04       		.byte	0x4
 229 00f6 48       		.byte	0x48
 230 00f7 1D       		.byte	0x1d
 231 00f8 DF000000 		.4byte	0xdf
 232 00fc 01       		.uleb128 0x1
 233 00fd 63030000 		.4byte	.LASF21
 234 0101 05       		.byte	0x5
 235 0102 50       		.byte	0x50
 236 0103 19       		.byte	0x19
 237 0104 F0000000 		.4byte	0xf0
 238 0108 01       		.uleb128 0x1
 239 0109 06030000 		.4byte	.LASF22
 240 010d 05       		.byte	0x5
 241 010e 53       		.byte	0x53
 242 010f 19       		.byte	0x19
 243 0110 AF000000 		.4byte	0xaf
 244 0114 01       		.uleb128 0x1
 245 0115 D2010000 		.4byte	.LASF23
 246 0119 05       		.byte	0x5
 247 011a 54       		.byte	0x54
 248 011b 19       		.byte	0x19
 249 011c AF000000 		.4byte	0xaf
 250 0120 01       		.uleb128 0x1
 251 0121 35040000 		.4byte	.LASF24
 252 0125 05       		.byte	0x5
 253 0126 55       		.byte	0x55
 254 0127 19       		.byte	0x19
 255 0128 AF000000 		.4byte	0xaf
 256 012c 01       		.uleb128 0x1
 257 012d 47040000 		.4byte	.LASF25
 258 0131 05       		.byte	0x5
 259 0132 57       		.byte	0x57
 260 0133 19       		.byte	0x19
 261 0134 D3000000 		.4byte	0xd3
 262 0138 01       		.uleb128 0x1
 263 0139 F7020000 		.4byte	.LASF26
 264 013d 05       		.byte	0x5
 265 013e 58       		.byte	0x58
 266 013f 19       		.byte	0x19
 267 0140 C7000000 		.4byte	0xc7
 268 0144 01       		.uleb128 0x1
 269 0145 37030000 		.4byte	.LASF27
 270 0149 05       		.byte	0x5
 271 014a 5A       		.byte	0x5a
 272 014b 19       		.byte	0x19
 273 014c D3000000 		.4byte	0xd3
 274 0150 01       		.uleb128 0x1
 275 0151 5E020000 		.4byte	.LASF28
 276 0155 05       		.byte	0x5
 277 0156 5C       		.byte	0x5c
 278 0157 19       		.byte	0x19
 279 0158 C7000000 		.4byte	0xc7
 280 015c 01       		.uleb128 0x1
 281 015d 2B040000 		.4byte	.LASF29
 282 0161 05       		.byte	0x5
ARM GAS  C:\Users\DEVELO~1\AppData\Local\Temp\cc4AxQAg.s 			page 6


 283 0162 80       		.byte	0x80
 284 0163 12       		.byte	0x12
 285 0164 2D000000 		.4byte	0x2d
 286 0168 01       		.uleb128 0x1
 287 0169 3F050000 		.4byte	.LASF30
 288 016d 05       		.byte	0x5
 289 016e 85       		.byte	0x85
 290 016f 1A       		.byte	0x1a
 291 0170 74010000 		.4byte	0x174
 292 0174 07       		.uleb128 0x7
 293 0175 ED020000 		.4byte	.LASF45
 294 0179 48       		.byte	0x48
 295 017a 06       		.byte	0x6
 296 017b 9C       		.byte	0x9c
 297 017c 08       		.byte	0x8
 298 017d 51020000 		.4byte	0x251
 299 0181 08       		.uleb128 0x8
 300 0182 68647200 		.ascii	"hdr\000"
 301 0186 06       		.byte	0x6
 302 0187 AD       		.byte	0xad
 303 0188 05       		.byte	0x5
 304 0189 01070000 		.4byte	0x701
 305 018d 00       		.byte	0
 306 018e 08       		.uleb128 0x8
 307 018f 63747800 		.ascii	"ctx\000"
 308 0193 06       		.byte	0x6
 309 0194 B1       		.byte	0xb1
 310 0195 21       		.byte	0x21
 311 0196 6C060000 		.4byte	0x66c
 312 019a 0C       		.byte	0xc
 313 019b 02       		.uleb128 0x2
 314 019c B2020000 		.4byte	.LASF31
 315 01a0 06       		.byte	0x6
 316 01a1 B6       		.byte	0xb6
 317 01a2 21       		.byte	0x21
 318 01a3 97030000 		.4byte	0x397
 319 01a7 10       		.byte	0x10
 320 01a8 02       		.uleb128 0x2
 321 01a9 0F050000 		.4byte	.LASF32
 322 01ad 06       		.byte	0x6
 323 01ae BB       		.byte	0xbb
 324 01af 22       		.byte	0x22
 325 01b0 03080000 		.4byte	0x803
 326 01b4 18       		.byte	0x18
 327 01b5 02       		.uleb128 0x2
 328 01b6 C4020000 		.4byte	.LASF33
 329 01ba 06       		.byte	0x6
 330 01bb C0       		.byte	0xc0
 331 01bc 22       		.byte	0x22
 332 01bd 31030000 		.4byte	0x331
 333 01c1 1C       		.byte	0x1c
 334 01c2 02       		.uleb128 0x2
 335 01c3 21050000 		.4byte	.LASF34
 336 01c7 06       		.byte	0x6
 337 01c8 C9       		.byte	0xc9
 338 01c9 22       		.byte	0x22
 339 01ca 08080000 		.4byte	0x808
ARM GAS  C:\Users\DEVELO~1\AppData\Local\Temp\cc4AxQAg.s 			page 7


 340 01ce 20       		.byte	0x20
 341 01cf 02       		.uleb128 0x2
 342 01d0 C3010000 		.4byte	.LASF35
 343 01d4 06       		.byte	0x6
 344 01d5 CE       		.byte	0xce
 345 01d6 21       		.byte	0x21
 346 01d7 14010000 		.4byte	0x114
 347 01db 24       		.byte	0x24
 348 01dc 02       		.uleb128 0x2
 349 01dd F9050000 		.4byte	.LASF36
 350 01e1 06       		.byte	0x6
 351 01e2 D2       		.byte	0xd2
 352 01e3 21       		.byte	0x21
 353 01e4 08010000 		.4byte	0x108
 354 01e8 25       		.byte	0x25
 355 01e9 02       		.uleb128 0x2
 356 01ea 3D040000 		.4byte	.LASF37
 357 01ee 06       		.byte	0x6
 358 01ef D7       		.byte	0xd7
 359 01f0 21       		.byte	0x21
 360 01f1 20010000 		.4byte	0x120
 361 01f5 26       		.byte	0x26
 362 01f6 06       		.uleb128 0x6
 363 01f7 7500     		.ascii	"u\000"
 364 01f9 06       		.byte	0x6
 365 01fa 2801     		.2byte	0x128
 366 01fc 21       		.byte	0x21
 367 01fd 2E070000 		.4byte	0x72e
 368 0201 28       		.byte	0x28
 369 0202 03       		.uleb128 0x3
 370 0203 30020000 		.4byte	.LASF38
 371 0207 2D01     		.2byte	0x12d
 372 0209 21       		.byte	0x21
 373 020a 6B030000 		.4byte	0x36b
 374 020e 2C       		.byte	0x2c
 375 020f 03       		.uleb128 0x3
 376 0210 64020000 		.4byte	.LASF39
 377 0214 3301     		.2byte	0x133
 378 0216 21       		.byte	0x21
 379 0217 97030000 		.4byte	0x397
 380 021b 30       		.byte	0x30
 381 021c 03       		.uleb128 0x3
 382 021d FD020000 		.4byte	.LASF40
 383 0221 3901     		.2byte	0x139
 384 0223 21       		.byte	0x21
 385 0224 44010000 		.4byte	0x144
 386 0228 38       		.byte	0x38
 387 0229 03       		.uleb128 0x3
 388 022a 29060000 		.4byte	.LASF41
 389 022e 4001     		.2byte	0x140
 390 0230 22       		.byte	0x22
 391 0231 FE070000 		.4byte	0x7fe
 392 0235 3C       		.byte	0x3c
 393 0236 03       		.uleb128 0x3
 394 0237 80030000 		.4byte	.LASF42
 395 023b 4401     		.2byte	0x144
 396 023d 21       		.byte	0x21
ARM GAS  C:\Users\DEVELO~1\AppData\Local\Temp\cc4AxQAg.s 			page 8


 397 023e 2C010000 		.4byte	0x12c
 398 0242 40       		.byte	0x40
 399 0243 03       		.uleb128 0x3
 400 0244 CF020000 		.4byte	.LASF43
 401 0248 4B01     		.2byte	0x14b
 402 024a 22       		.byte	0x22
 403 024b 84040000 		.4byte	0x484
 404 024f 44       		.byte	0x44
 405 0250 00       		.byte	0
 406 0251 01       		.uleb128 0x1
 407 0252 8F050000 		.4byte	.LASF44
 408 0256 05       		.byte	0x5
 409 0257 8A       		.byte	0x8a
 410 0258 1F       		.byte	0x1f
 411 0259 5D020000 		.4byte	0x25d
 412 025d 17       		.uleb128 0x17
 413 025e FF030000 		.4byte	.LASF46
 414 0262 9008     		.2byte	0x890
 415 0264 06       		.byte	0x6
 416 0265 8A01     		.2byte	0x18a
 417 0267 08       		.byte	0x8
 418 0268 E3020000 		.4byte	0x2e3
 419 026c 03       		.uleb128 0x3
 420 026d EB050000 		.4byte	.LASF47
 421 0271 8E01     		.2byte	0x18e
 422 0273 21       		.byte	0x21
 423 0274 36080000 		.4byte	0x836
 424 0278 00       		.byte	0
 425 0279 03       		.uleb128 0x3
 426 027a A1000000 		.4byte	.LASF48
 427 027e 9201     		.2byte	0x192
 428 0280 21       		.byte	0x21
 429 0281 C2060000 		.4byte	0x6c2
 430 0285 10       		.byte	0x10
 431 0286 03       		.uleb128 0x3
 432 0287 9D050000 		.4byte	.LASF49
 433 028b 9901     		.2byte	0x199
 434 028d 21       		.byte	0x21
 435 028e E9060000 		.4byte	0x6e9
 436 0292 28       		.byte	0x28
 437 0293 03       		.uleb128 0x3
 438 0294 A3040000 		.4byte	.LASF50
 439 0298 9E01     		.2byte	0x19e
 440 029a 21       		.byte	0x21
 441 029b 5C010000 		.4byte	0x15c
 442 029f 30       		.byte	0x30
 443 02a0 03       		.uleb128 0x3
 444 02a1 1F000000 		.4byte	.LASF51
 445 02a5 A401     		.2byte	0x1a4
 446 02a7 21       		.byte	0x21
 447 02a8 0A030000 		.4byte	0x30a
 448 02ac 34       		.byte	0x34
 449 02ad 03       		.uleb128 0x3
 450 02ae 2D050000 		.4byte	.LASF52
 451 02b2 A901     		.2byte	0x1a9
 452 02b4 22       		.byte	0x22
 453 02b5 A1080000 		.4byte	0x8a1
ARM GAS  C:\Users\DEVELO~1\AppData\Local\Temp\cc4AxQAg.s 			page 9


 454 02b9 38       		.byte	0x38
 455 02ba 03       		.uleb128 0x3
 456 02bb C9000000 		.4byte	.LASF53
 457 02bf AD01     		.2byte	0x1ad
 458 02c1 21       		.byte	0x21
 459 02c2 68010000 		.4byte	0x168
 460 02c6 3C       		.byte	0x3c
 461 02c7 06       		.uleb128 0x6
 462 02c8 64626700 		.ascii	"dbg\000"
 463 02cc 06       		.byte	0x6
 464 02cd B101     		.2byte	0x1b1
 465 02cf 21       		.byte	0x21
 466 02d0 47030000 		.4byte	0x347
 467 02d4 84       		.byte	0x84
 468 02d5 03       		.uleb128 0x3
 469 02d6 08060000 		.4byte	.LASF54
 470 02da B601     		.2byte	0x1b6
 471 02dc 21       		.byte	0x21
 472 02dd DA050000 		.4byte	0x5da
 473 02e1 88       		.byte	0x88
 474 02e2 00       		.byte	0
 475 02e3 01       		.uleb128 0x1
 476 02e4 89030000 		.4byte	.LASF55
 477 02e8 07       		.byte	0x7
 478 02e9 3F       		.byte	0x3f
 479 02ea 12       		.byte	0x12
 480 02eb D3000000 		.4byte	0xd3
 481 02ef 07       		.uleb128 0x7
 482 02f0 DB010000 		.4byte	.LASF56
 483 02f4 04       		.byte	0x4
 484 02f5 07       		.byte	0x7
 485 02f6 44       		.byte	0x44
 486 02f7 10       		.byte	0x10
 487 02f8 0A030000 		.4byte	0x30a
 488 02fc 02       		.uleb128 0x2
 489 02fd 2B020000 		.4byte	.LASF57
 490 0301 07       		.byte	0x7
 491 0302 48       		.byte	0x48
 492 0303 21       		.byte	0x21
 493 0304 E3020000 		.4byte	0x2e3
 494 0308 00       		.byte	0
 495 0309 00       		.byte	0
 496 030a 01       		.uleb128 0x1
 497 030b 7B040000 		.4byte	.LASF58
 498 030f 07       		.byte	0x7
 499 0310 49       		.byte	0x49
 500 0311 03       		.byte	0x3
 501 0312 EF020000 		.4byte	0x2ef
 502 0316 07       		.uleb128 0x7
 503 0317 4F040000 		.4byte	.LASF59
 504 031b 04       		.byte	0x4
 505 031c 08       		.byte	0x8
 506 031d 3E       		.byte	0x3e
 507 031e 10       		.byte	0x10
 508 031f 31030000 		.4byte	0x331
 509 0323 02       		.uleb128 0x2
 510 0324 73050000 		.4byte	.LASF60
ARM GAS  C:\Users\DEVELO~1\AppData\Local\Temp\cc4AxQAg.s 			page 10


 511 0328 08       		.byte	0x8
 512 0329 46       		.byte	0x46
 513 032a 24       		.byte	0x24
 514 032b 36030000 		.4byte	0x336
 515 032f 00       		.byte	0
 516 0330 00       		.byte	0
 517 0331 04       		.uleb128 0x4
 518 0332 42030000 		.4byte	0x342
 519 0336 11       		.uleb128 0x11
 520 0337 31030000 		.4byte	0x331
 521 033b 05       		.uleb128 0x5
 522 033c 01       		.byte	0x1
 523 033d 08       		.byte	0x8
 524 033e 28050000 		.4byte	.LASF61
 525 0342 12       		.uleb128 0x12
 526 0343 3B030000 		.4byte	0x33b
 527 0347 01       		.uleb128 0x1
 528 0348 91020000 		.4byte	.LASF62
 529 034c 08       		.byte	0x8
 530 034d 51       		.byte	0x51
 531 034e 03       		.byte	0x3
 532 034f 16030000 		.4byte	0x316
 533 0353 01       		.uleb128 0x1
 534 0354 4E050000 		.4byte	.LASF63
 535 0358 09       		.byte	0x9
 536 0359 6D       		.byte	0x6d
 537 035a 12       		.byte	0x12
 538 035b D3000000 		.4byte	0xd3
 539 035f 01       		.uleb128 0x1
 540 0360 50020000 		.4byte	.LASF64
 541 0364 09       		.byte	0x9
 542 0365 79       		.byte	0x79
 543 0366 12       		.byte	0x12
 544 0367 D3000000 		.4byte	0xd3
 545 036b 01       		.uleb128 0x1
 546 036c BF030000 		.4byte	.LASF65
 547 0370 0A       		.byte	0xa
 548 0371 32       		.byte	0x32
 549 0372 18       		.byte	0x18
 550 0373 77030000 		.4byte	0x377
 551 0377 07       		.uleb128 0x7
 552 0378 21030000 		.4byte	.LASF66
 553 037c 04       		.byte	0x4
 554 037d 0A       		.byte	0xa
 555 037e 38       		.byte	0x38
 556 037f 08       		.byte	0x8
 557 0380 92030000 		.4byte	0x392
 558 0384 02       		.uleb128 0x2
 559 0385 E2000000 		.4byte	.LASF67
 560 0389 0A       		.byte	0xa
 561 038a 39       		.byte	0x39
 562 038b 1A       		.byte	0x1a
 563 038c 92030000 		.4byte	0x392
 564 0390 00       		.byte	0
 565 0391 00       		.byte	0
 566 0392 04       		.uleb128 0x4
 567 0393 6B030000 		.4byte	0x36b
ARM GAS  C:\Users\DEVELO~1\AppData\Local\Temp\cc4AxQAg.s 			page 11


 568 0397 01       		.uleb128 0x1
 569 0398 B9020000 		.4byte	.LASF68
 570 039c 0A       		.byte	0xa
 571 039d 3F       		.byte	0x3f
 572 039e 19       		.byte	0x19
 573 039f A3030000 		.4byte	0x3a3
 574 03a3 07       		.uleb128 0x7
 575 03a4 F3010000 		.4byte	.LASF69
 576 03a8 08       		.byte	0x8
 577 03a9 0A       		.byte	0xa
 578 03aa 45       		.byte	0x45
 579 03ab 08       		.byte	0x8
 580 03ac CB030000 		.4byte	0x3cb
 581 03b0 02       		.uleb128 0x2
 582 03b1 E2000000 		.4byte	.LASF67
 583 03b5 0A       		.byte	0xa
 584 03b6 46       		.byte	0x46
 585 03b7 1A       		.byte	0x1a
 586 03b8 CB030000 		.4byte	0x3cb
 587 03bc 00       		.byte	0
 588 03bd 02       		.uleb128 0x2
 589 03be 00000000 		.4byte	.LASF70
 590 03c2 0A       		.byte	0xa
 591 03c3 47       		.byte	0x47
 592 03c4 1A       		.byte	0x1a
 593 03c5 CB030000 		.4byte	0x3cb
 594 03c9 04       		.byte	0x4
 595 03ca 00       		.byte	0
 596 03cb 04       		.uleb128 0x4
 597 03cc 97030000 		.4byte	0x397
 598 03d0 01       		.uleb128 0x1
 599 03d1 5F050000 		.4byte	.LASF71
 600 03d5 0A       		.byte	0xa
 601 03d6 4E       		.byte	0x4e
 602 03d7 22       		.byte	0x22
 603 03d8 DC030000 		.4byte	0x3dc
 604 03dc 07       		.uleb128 0x7
 605 03dd A5050000 		.4byte	.LASF72
 606 03e1 0C       		.byte	0xc
 607 03e2 0A       		.byte	0xa
 608 03e3 55       		.byte	0x55
 609 03e4 08       		.byte	0x8
 610 03e5 11040000 		.4byte	0x411
 611 03e9 02       		.uleb128 0x2
 612 03ea E2000000 		.4byte	.LASF67
 613 03ee 0A       		.byte	0xa
 614 03ef 56       		.byte	0x56
 615 03f0 1A       		.byte	0x1a
 616 03f1 11040000 		.4byte	0x411
 617 03f5 00       		.byte	0
 618 03f6 02       		.uleb128 0x2
 619 03f7 00000000 		.4byte	.LASF70
 620 03fb 0A       		.byte	0xa
 621 03fc 57       		.byte	0x57
 622 03fd 1A       		.byte	0x1a
 623 03fe 11040000 		.4byte	0x411
 624 0402 04       		.byte	0x4
ARM GAS  C:\Users\DEVELO~1\AppData\Local\Temp\cc4AxQAg.s 			page 12


 625 0403 02       		.uleb128 0x2
 626 0404 13040000 		.4byte	.LASF73
 627 0408 0A       		.byte	0xa
 628 0409 58       		.byte	0x58
 629 040a 19       		.byte	0x19
 630 040b 2C010000 		.4byte	0x12c
 631 040f 08       		.byte	0x8
 632 0410 00       		.byte	0
 633 0411 04       		.uleb128 0x4
 634 0412 D0030000 		.4byte	0x3d0
 635 0416 01       		.uleb128 0x1
 636 0417 B7050000 		.4byte	.LASF74
 637 041b 0A       		.byte	0xa
 638 041c 5F       		.byte	0x5f
 639 041d 1E       		.byte	0x1e
 640 041e 22040000 		.4byte	0x422
 641 0422 07       		.uleb128 0x7
 642 0423 13010000 		.4byte	.LASF75
 643 0427 0C       		.byte	0xc
 644 0428 0A       		.byte	0xa
 645 0429 64       		.byte	0x64
 646 042a 08       		.byte	0x8
 647 042b 57040000 		.4byte	0x457
 648 042f 02       		.uleb128 0x2
 649 0430 E2000000 		.4byte	.LASF67
 650 0434 0A       		.byte	0xa
 651 0435 65       		.byte	0x65
 652 0436 1A       		.byte	0x1a
 653 0437 57040000 		.4byte	0x457
 654 043b 00       		.byte	0
 655 043c 02       		.uleb128 0x2
 656 043d 00000000 		.4byte	.LASF70
 657 0441 0A       		.byte	0xa
 658 0442 66       		.byte	0x66
 659 0443 1A       		.byte	0x1a
 660 0444 57040000 		.4byte	0x457
 661 0448 04       		.byte	0x4
 662 0449 02       		.uleb128 0x2
 663 044a DC000000 		.4byte	.LASF76
 664 044e 0A       		.byte	0xa
 665 044f 67       		.byte	0x67
 666 0450 19       		.byte	0x19
 667 0451 5F030000 		.4byte	0x35f
 668 0455 08       		.byte	0x8
 669 0456 00       		.byte	0
 670 0457 04       		.uleb128 0x4
 671 0458 16040000 		.4byte	0x416
 672 045c 0A       		.uleb128 0xa
 673 045d 08       		.byte	0x8
 674 045e 83       		.byte	0x83
 675 045f 05       		.byte	0x5
 676 0460 7F040000 		.4byte	0x47f
 677 0464 08       		.uleb128 0x8
 678 0465 6E747000 		.ascii	"ntp\000"
 679 0469 0B       		.byte	0xb
 680 046a 87       		.byte	0x87
 681 046b 1E       		.byte	0x1e
ARM GAS  C:\Users\DEVELO~1\AppData\Local\Temp\cc4AxQAg.s 			page 13


 682 046c 7F040000 		.4byte	0x47f
 683 0470 00       		.byte	0
 684 0471 02       		.uleb128 0x2
 685 0472 95040000 		.4byte	.LASF77
 686 0476 0B       		.byte	0xb
 687 0477 8B       		.byte	0x8b
 688 0478 1E       		.byte	0x1e
 689 0479 84040000 		.4byte	0x484
 690 047d 04       		.byte	0x4
 691 047e 00       		.byte	0
 692 047f 04       		.uleb128 0x4
 693 0480 68010000 		.4byte	0x168
 694 0484 18       		.uleb128 0x18
 695 0485 04       		.byte	0x4
 696 0486 0A       		.uleb128 0xa
 697 0487 08       		.byte	0x8
 698 0488 90       		.byte	0x90
 699 0489 05       		.byte	0x5
 700 048a A8040000 		.4byte	0x4a8
 701 048e 08       		.uleb128 0x8
 702 048f 747000   		.ascii	"tp\000"
 703 0492 0B       		.byte	0xb
 704 0493 94       		.byte	0x94
 705 0494 1E       		.byte	0x1e
 706 0495 7F040000 		.4byte	0x47f
 707 0499 00       		.byte	0
 708 049a 08       		.uleb128 0x8
 709 049b 6D736700 		.ascii	"msg\000"
 710 049f 0B       		.byte	0xb
 711 04a0 98       		.byte	0x98
 712 04a1 1D       		.byte	0x1d
 713 04a2 38010000 		.4byte	0x138
 714 04a6 04       		.byte	0x4
 715 04a7 00       		.byte	0
 716 04a8 0A       		.uleb128 0xa
 717 04a9 04       		.byte	0x4
 718 04aa 9D       		.byte	0x9d
 719 04ab 05       		.byte	0x5
 720 04ac BE040000 		.4byte	0x4be
 721 04b0 02       		.uleb128 0x2
 722 04b1 C4020000 		.4byte	.LASF33
 723 04b5 0B       		.byte	0xb
 724 04b6 A1       		.byte	0xa1
 725 04b7 1E       		.byte	0x1e
 726 04b8 31030000 		.4byte	0x331
 727 04bc 00       		.byte	0
 728 04bd 00       		.byte	0
 729 04be 0A       		.uleb128 0xa
 730 04bf 04       		.byte	0x4
 731 04c0 A6       		.byte	0xa6
 732 04c1 05       		.byte	0x5
 733 04c2 D4040000 		.4byte	0x4d4
 734 04c6 02       		.uleb128 0x2
 735 04c7 AB040000 		.4byte	.LASF78
 736 04cb 0B       		.byte	0xb
 737 04cc AA       		.byte	0xaa
 738 04cd 1E       		.byte	0x1e
ARM GAS  C:\Users\DEVELO~1\AppData\Local\Temp\cc4AxQAg.s 			page 14


 739 04ce 31030000 		.4byte	0x331
 740 04d2 00       		.byte	0
 741 04d3 00       		.byte	0
 742 04d4 0A       		.uleb128 0xa
 743 04d5 08       		.byte	0x8
 744 04d6 AF       		.byte	0xaf
 745 04d7 05       		.byte	0x5
 746 04d8 F7040000 		.4byte	0x4f7
 747 04dc 08       		.uleb128 0x8
 748 04dd 75703100 		.ascii	"up1\000"
 749 04e1 0B       		.byte	0xb
 750 04e2 B3       		.byte	0xb3
 751 04e3 1E       		.byte	0x1e
 752 04e4 84040000 		.4byte	0x484
 753 04e8 00       		.byte	0
 754 04e9 08       		.uleb128 0x8
 755 04ea 75703200 		.ascii	"up2\000"
 756 04ee 0B       		.byte	0xb
 757 04ef B7       		.byte	0xb7
 758 04f0 1E       		.byte	0x1e
 759 04f1 84040000 		.4byte	0x484
 760 04f5 04       		.byte	0x4
 761 04f6 00       		.byte	0
 762 04f7 0D       		.uleb128 0xd
 763 04f8 08       		.byte	0x8
 764 04f9 0B       		.byte	0xb
 765 04fa 7F       		.byte	0x7f
 766 04fb 35050000 		.4byte	0x535
 767 04ff 0E       		.uleb128 0xe
 768 0500 737700   		.ascii	"sw\000"
 769 0503 8C       		.byte	0x8c
 770 0504 5C040000 		.4byte	0x45c
 771 0508 0E       		.uleb128 0xe
 772 0509 72647900 		.ascii	"rdy\000"
 773 050d 99       		.byte	0x99
 774 050e 86040000 		.4byte	0x486
 775 0512 0E       		.uleb128 0xe
 776 0513 69737200 		.ascii	"isr\000"
 777 0517 A2       		.byte	0xa2
 778 0518 A8040000 		.4byte	0x4a8
 779 051c 09       		.uleb128 0x9
 780 051d BB000000 		.4byte	.LASF79
 781 0521 0B       		.byte	0xb
 782 0522 AB       		.byte	0xab
 783 0523 07       		.byte	0x7
 784 0524 BE040000 		.4byte	0x4be
 785 0528 09       		.uleb128 0x9
 786 0529 42040000 		.4byte	.LASF80
 787 052d 0B       		.byte	0xb
 788 052e B8       		.byte	0xb8
 789 052f 07       		.byte	0x7
 790 0530 D4040000 		.4byte	0x4d4
 791 0534 00       		.byte	0
 792 0535 0A       		.uleb128 0xa
 793 0536 10       		.byte	0x10
 794 0537 6C       		.byte	0x6c
 795 0538 09       		.byte	0x9
ARM GAS  C:\Users\DEVELO~1\AppData\Local\Temp\cc4AxQAg.s 			page 15


 796 0539 7A050000 		.4byte	0x57a
 797 053d 0F       		.uleb128 0xf
 798 053e A8000000 		.4byte	.LASF81
 799 0542 70       		.byte	0x70
 800 0543 D3000000 		.4byte	0xd3
 801 0547 03       		.byte	0x3
 802 0548 00       		.byte	0
 803 0549 0F       		.uleb128 0xf
 804 054a C3010000 		.4byte	.LASF35
 805 054e 74       		.byte	0x74
 806 054f D3000000 		.4byte	0xd3
 807 0553 05       		.byte	0x5
 808 0554 03       		.byte	0x3
 809 0555 0F       		.uleb128 0xf
 810 0556 6E030000 		.4byte	.LASF82
 811 055a 7A       		.byte	0x7a
 812 055b D3000000 		.4byte	0xd3
 813 055f 18       		.byte	0x18
 814 0560 08       		.byte	0x8
 815 0561 02       		.uleb128 0x2
 816 0562 0E040000 		.4byte	.LASF83
 817 0566 0B       		.byte	0xb
 818 0567 7E       		.byte	0x7e
 819 0568 19       		.byte	0x19
 820 0569 53030000 		.4byte	0x353
 821 056d 04       		.byte	0x4
 822 056e 08       		.uleb128 0x8
 823 056f 7500     		.ascii	"u\000"
 824 0571 0B       		.byte	0xb
 825 0572 B9       		.byte	0xb9
 826 0573 05       		.byte	0x5
 827 0574 F7040000 		.4byte	0x4f7
 828 0578 08       		.byte	0x8
 829 0579 00       		.byte	0
 830 057a 01       		.uleb128 0x1
 831 057b AD000000 		.4byte	.LASF84
 832 057f 0B       		.byte	0xb
 833 0580 BA       		.byte	0xba
 834 0581 03       		.byte	0x3
 835 0582 35050000 		.4byte	0x535
 836 0586 19       		.uleb128 0x19
 837 0587 0808     		.2byte	0x808
 838 0589 0B       		.byte	0xb
 839 058a C0       		.byte	0xc0
 840 058b 09       		.byte	0x9
 841 058c C5050000 		.4byte	0x5c5
 842 0590 02       		.uleb128 0x2
 843 0591 C9030000 		.4byte	.LASF85
 844 0595 0B       		.byte	0xb
 845 0596 C4       		.byte	0xc4
 846 0597 19       		.byte	0x19
 847 0598 BB000000 		.4byte	0xbb
 848 059c 00       		.byte	0
 849 059d 02       		.uleb128 0x2
 850 059e D5020000 		.4byte	.LASF86
 851 05a2 0B       		.byte	0xb
 852 05a3 C8       		.byte	0xc8
ARM GAS  C:\Users\DEVELO~1\AppData\Local\Temp\cc4AxQAg.s 			page 16


 853 05a4 19       		.byte	0x19
 854 05a5 BB000000 		.4byte	0xbb
 855 05a9 02       		.byte	0x2
 856 05aa 08       		.uleb128 0x8
 857 05ab 70747200 		.ascii	"ptr\000"
 858 05af 0B       		.byte	0xb
 859 05b0 CC       		.byte	0xcc
 860 05b1 1A       		.byte	0x1a
 861 05b2 C5050000 		.4byte	0x5c5
 862 05b6 04       		.byte	0x4
 863 05b7 02       		.uleb128 0x2
 864 05b8 58050000 		.4byte	.LASF87
 865 05bc 0B       		.byte	0xb
 866 05bd D0       		.byte	0xd0
 867 05be 19       		.byte	0x19
 868 05bf CA050000 		.4byte	0x5ca
 869 05c3 08       		.byte	0x8
 870 05c4 00       		.byte	0
 871 05c5 04       		.uleb128 0x4
 872 05c6 7A050000 		.4byte	0x57a
 873 05ca 1A       		.uleb128 0x1a
 874 05cb 7A050000 		.4byte	0x57a
 875 05cf DA050000 		.4byte	0x5da
 876 05d3 1B       		.uleb128 0x1b
 877 05d4 2D000000 		.4byte	0x2d
 878 05d8 7F       		.byte	0x7f
 879 05d9 00       		.byte	0
 880 05da 01       		.uleb128 0x1
 881 05db 05020000 		.4byte	.LASF88
 882 05df 0B       		.byte	0xb
 883 05e0 D1       		.byte	0xd1
 884 05e1 03       		.byte	0x3
 885 05e2 86050000 		.4byte	0x586
 886 05e6 0C       		.uleb128 0xc
 887 05e7 95000000 		.4byte	.LASF89
 888 05eb 24       		.byte	0x24
 889 05ec 0C       		.byte	0xc
 890 05ed E001     		.2byte	0x1e0
 891 05ef 08       		.byte	0x8
 892 05f0 6C060000 		.4byte	0x66c
 893 05f4 06       		.uleb128 0x6
 894 05f5 723400   		.ascii	"r4\000"
 895 05f8 0C       		.byte	0xc
 896 05f9 F901     		.2byte	0x1f9
 897 05fb 11       		.byte	0x11
 898 05fc D3000000 		.4byte	0xd3
 899 0600 00       		.byte	0
 900 0601 06       		.uleb128 0x6
 901 0602 723500   		.ascii	"r5\000"
 902 0605 0C       		.byte	0xc
 903 0606 FA01     		.2byte	0x1fa
 904 0608 11       		.byte	0x11
 905 0609 D3000000 		.4byte	0xd3
 906 060d 04       		.byte	0x4
 907 060e 06       		.uleb128 0x6
 908 060f 723600   		.ascii	"r6\000"
 909 0612 0C       		.byte	0xc
ARM GAS  C:\Users\DEVELO~1\AppData\Local\Temp\cc4AxQAg.s 			page 17


 910 0613 FB01     		.2byte	0x1fb
 911 0615 11       		.byte	0x11
 912 0616 D3000000 		.4byte	0xd3
 913 061a 08       		.byte	0x8
 914 061b 06       		.uleb128 0x6
 915 061c 723700   		.ascii	"r7\000"
 916 061f 0C       		.byte	0xc
 917 0620 FC01     		.2byte	0x1fc
 918 0622 11       		.byte	0x11
 919 0623 D3000000 		.4byte	0xd3
 920 0627 0C       		.byte	0xc
 921 0628 06       		.uleb128 0x6
 922 0629 723800   		.ascii	"r8\000"
 923 062c 0C       		.byte	0xc
 924 062d FD01     		.2byte	0x1fd
 925 062f 11       		.byte	0x11
 926 0630 D3000000 		.4byte	0xd3
 927 0634 10       		.byte	0x10
 928 0635 06       		.uleb128 0x6
 929 0636 723900   		.ascii	"r9\000"
 930 0639 0C       		.byte	0xc
 931 063a FE01     		.2byte	0x1fe
 932 063c 11       		.byte	0x11
 933 063d D3000000 		.4byte	0xd3
 934 0641 14       		.byte	0x14
 935 0642 06       		.uleb128 0x6
 936 0643 72313000 		.ascii	"r10\000"
 937 0647 0C       		.byte	0xc
 938 0648 FF01     		.2byte	0x1ff
 939 064a 11       		.byte	0x11
 940 064b D3000000 		.4byte	0xd3
 941 064f 18       		.byte	0x18
 942 0650 06       		.uleb128 0x6
 943 0651 72313100 		.ascii	"r11\000"
 944 0655 0C       		.byte	0xc
 945 0656 0002     		.2byte	0x200
 946 0658 11       		.byte	0x11
 947 0659 D3000000 		.4byte	0xd3
 948 065d 1C       		.byte	0x1c
 949 065e 06       		.uleb128 0x6
 950 065f 6C7200   		.ascii	"lr\000"
 951 0662 0C       		.byte	0xc
 952 0663 0102     		.2byte	0x201
 953 0665 11       		.byte	0x11
 954 0666 D3000000 		.4byte	0xd3
 955 066a 20       		.byte	0x20
 956 066b 00       		.byte	0
 957 066c 0C       		.uleb128 0xc
 958 066d F2030000 		.4byte	.LASF90
 959 0671 04       		.byte	0x4
 960 0672 0C       		.byte	0xc
 961 0673 0A02     		.2byte	0x20a
 962 0675 08       		.byte	0x8
 963 0676 88060000 		.4byte	0x688
 964 067a 06       		.uleb128 0x6
 965 067b 737000   		.ascii	"sp\000"
 966 067e 0C       		.byte	0xc
ARM GAS  C:\Users\DEVELO~1\AppData\Local\Temp\cc4AxQAg.s 			page 18


 967 067f 0B02     		.2byte	0x20b
 968 0681 1A       		.byte	0x1a
 969 0682 88060000 		.4byte	0x688
 970 0686 00       		.byte	0
 971 0687 00       		.byte	0
 972 0688 04       		.uleb128 0x4
 973 0689 E6050000 		.4byte	0x5e6
 974 068d 07       		.uleb128 0x7
 975 068e A8030000 		.4byte	.LASF91
 976 0692 18       		.byte	0x18
 977 0693 06       		.byte	0x6
 978 0694 64       		.byte	0x64
 979 0695 10       		.byte	0x10
 980 0696 C2060000 		.4byte	0x6c2
 981 069a 02       		.uleb128 0x2
 982 069b 48050000 		.4byte	.LASF92
 983 069f 06       		.byte	0x6
 984 06a0 68       		.byte	0x68
 985 06a1 21       		.byte	0x21
 986 06a2 16040000 		.4byte	0x416
 987 06a6 00       		.byte	0
 988 06a7 02       		.uleb128 0x2
 989 06a8 8C040000 		.4byte	.LASF93
 990 06ac 06       		.byte	0x6
 991 06ad 73       		.byte	0x73
 992 06ae 21       		.byte	0x21
 993 06af 53030000 		.4byte	0x353
 994 06b3 0C       		.byte	0xc
 995 06b4 02       		.uleb128 0x2
 996 06b5 76030000 		.4byte	.LASF94
 997 06b9 06       		.byte	0x6
 998 06ba 79       		.byte	0x79
 999 06bb 21       		.byte	0x21
 1000 06bc EB000000 		.4byte	0xeb
 1001 06c0 10       		.byte	0x10
 1002 06c1 00       		.byte	0
 1003 06c2 01       		.uleb128 0x1
 1004 06c3 4D030000 		.4byte	.LASF95
 1005 06c7 06       		.byte	0x6
 1006 06c8 7B       		.byte	0x7b
 1007 06c9 03       		.byte	0x3
 1008 06ca 8D060000 		.4byte	0x68d
 1009 06ce 07       		.uleb128 0x7
 1010 06cf 14020000 		.4byte	.LASF96
 1011 06d3 08       		.byte	0x8
 1012 06d4 06       		.byte	0x6
 1013 06d5 80       		.byte	0x80
 1014 06d6 10       		.byte	0x10
 1015 06d7 E9060000 		.4byte	0x6e9
 1016 06db 02       		.uleb128 0x2
 1017 06dc C9020000 		.4byte	.LASF97
 1018 06e0 06       		.byte	0x6
 1019 06e1 84       		.byte	0x84
 1020 06e2 21       		.byte	0x21
 1021 06e3 97030000 		.4byte	0x397
 1022 06e7 00       		.byte	0
 1023 06e8 00       		.byte	0
ARM GAS  C:\Users\DEVELO~1\AppData\Local\Temp\cc4AxQAg.s 			page 19


 1024 06e9 01       		.uleb128 0x1
 1025 06ea D2040000 		.4byte	.LASF98
 1026 06ee 06       		.byte	0x6
 1027 06ef 85       		.byte	0x85
 1028 06f0 03       		.byte	0x3
 1029 06f1 CE060000 		.4byte	0x6ce
 1030 06f5 01       		.uleb128 0x1
 1031 06f6 95030000 		.4byte	.LASF99
 1032 06fa 06       		.byte	0x6
 1033 06fb 8A       		.byte	0x8a
 1034 06fc 14       		.byte	0x14
 1035 06fd 7F040000 		.4byte	0x47f
 1036 0701 0D       		.uleb128 0xd
 1037 0702 0C       		.byte	0xc
 1038 0703 06       		.byte	0x6
 1039 0704 A0       		.byte	0xa0
 1040 0705 2E070000 		.4byte	0x72e
 1041 0709 09       		.uleb128 0x9
 1042 070a 15060000 		.4byte	.LASF100
 1043 070e 06       		.byte	0x6
 1044 070f A4       		.byte	0xa4
 1045 0710 21       		.byte	0x21
 1046 0711 6B030000 		.4byte	0x36b
 1047 0715 09       		.uleb128 0x9
 1048 0716 C9020000 		.4byte	.LASF97
 1049 071a 06       		.byte	0x6
 1050 071b A8       		.byte	0xa8
 1051 071c 21       		.byte	0x21
 1052 071d 97030000 		.4byte	0x397
 1053 0721 09       		.uleb128 0x9
 1054 0722 7D050000 		.4byte	.LASF101
 1055 0726 06       		.byte	0x6
 1056 0727 AC       		.byte	0xac
 1057 0728 21       		.byte	0x21
 1058 0729 D0030000 		.4byte	0x3d0
 1059 072d 00       		.byte	0
 1060 072e 0D       		.uleb128 0xd
 1061 072f 04       		.byte	0x4
 1062 0730 06       		.byte	0x6
 1063 0731 EB       		.byte	0xeb
 1064 0732 97070000 		.4byte	0x797
 1065 0736 09       		.uleb128 0x9
 1066 0737 18000000 		.4byte	.LASF102
 1067 073b 06       		.byte	0x6
 1068 073c F2       		.byte	0xf2
 1069 073d 21       		.byte	0x21
 1070 073e 38010000 		.4byte	0x138
 1071 0742 09       		.uleb128 0x9
 1072 0743 C0000000 		.4byte	.LASF103
 1073 0747 06       		.byte	0x6
 1074 0748 F9       		.byte	0xf9
 1075 0749 21       		.byte	0x21
 1076 074a 38010000 		.4byte	0x138
 1077 074e 0B       		.uleb128 0xb
 1078 074f 95040000 		.4byte	.LASF77
 1079 0753 0001     		.2byte	0x100
 1080 0755 22       		.byte	0x22
ARM GAS  C:\Users\DEVELO~1\AppData\Local\Temp\cc4AxQAg.s 			page 20


 1081 0756 84040000 		.4byte	0x484
 1082 075a 0B       		.uleb128 0xb
 1083 075b 12000000 		.4byte	.LASF104
 1084 075f 0701     		.2byte	0x107
 1085 0761 22       		.byte	0x22
 1086 0762 97070000 		.4byte	0x797
 1087 0766 0B       		.uleb128 0xb
 1088 0767 D4000000 		.4byte	.LASF105
 1089 076b 0C01     		.2byte	0x10c
 1090 076d 21       		.byte	0x21
 1091 076e 38010000 		.4byte	0x138
 1092 0772 0B       		.uleb128 0xb
 1093 0773 8A020000 		.4byte	.LASF106
 1094 0777 1501     		.2byte	0x115
 1095 0779 22       		.byte	0x22
 1096 077a C4070000 		.4byte	0x7c4
 1097 077e 0B       		.uleb128 0xb
 1098 077f E6040000 		.4byte	.LASF107
 1099 0783 1E01     		.2byte	0x11e
 1100 0785 22       		.byte	0x22
 1101 0786 FE070000 		.4byte	0x7fe
 1102 078a 0B       		.uleb128 0xb
 1103 078b 9C040000 		.4byte	.LASF108
 1104 078f 2601     		.2byte	0x126
 1105 0791 21       		.byte	0x21
 1106 0792 44010000 		.4byte	0x144
 1107 0796 00       		.byte	0
 1108 0797 04       		.uleb128 0x4
 1109 0798 F5060000 		.4byte	0x6f5
 1110 079c 07       		.uleb128 0x7
 1111 079d B2040000 		.4byte	.LASF109
 1112 07a1 0C       		.byte	0xc
 1113 07a2 0D       		.byte	0xd
 1114 07a3 34       		.byte	0x34
 1115 07a4 10       		.byte	0x10
 1116 07a5 C4070000 		.4byte	0x7c4
 1117 07a9 02       		.uleb128 0x2
 1118 07aa C9020000 		.4byte	.LASF97
 1119 07ae 0D       		.byte	0xd
 1120 07af 35       		.byte	0x35
 1121 07b0 19       		.byte	0x19
 1122 07b1 97030000 		.4byte	0x397
 1123 07b5 00       		.byte	0
 1124 07b6 08       		.uleb128 0x8
 1125 07b7 636E7400 		.ascii	"cnt\000"
 1126 07bb 0D       		.byte	0xd
 1127 07bc 37       		.byte	0x37
 1128 07bd 19       		.byte	0x19
 1129 07be 50010000 		.4byte	0x150
 1130 07c2 08       		.byte	0x8
 1131 07c3 00       		.byte	0
 1132 07c4 04       		.uleb128 0x4
 1133 07c5 9C070000 		.4byte	0x79c
 1134 07c9 07       		.uleb128 0x7
 1135 07ca FF050000 		.4byte	.LASF110
 1136 07ce 10       		.byte	0x10
 1137 07cf 0E       		.byte	0xe
ARM GAS  C:\Users\DEVELO~1\AppData\Local\Temp\cc4AxQAg.s 			page 21


 1138 07d0 39       		.byte	0x39
 1139 07d1 08       		.byte	0x8
 1140 07d2 FE070000 		.4byte	0x7fe
 1141 07d6 02       		.uleb128 0x2
 1142 07d7 C9020000 		.4byte	.LASF97
 1143 07db 0E       		.byte	0xe
 1144 07dc 3A       		.byte	0x3a
 1145 07dd 19       		.byte	0x19
 1146 07de 97030000 		.4byte	0x397
 1147 07e2 00       		.byte	0
 1148 07e3 02       		.uleb128 0x2
 1149 07e4 0F050000 		.4byte	.LASF32
 1150 07e8 0E       		.byte	0xe
 1151 07e9 3C       		.byte	0x3c
 1152 07ea 1A       		.byte	0x1a
 1153 07eb 7F040000 		.4byte	0x47f
 1154 07ef 08       		.byte	0x8
 1155 07f0 02       		.uleb128 0x2
 1156 07f1 E2000000 		.4byte	.LASF67
 1157 07f5 0E       		.byte	0xe
 1158 07f6 3E       		.byte	0x3e
 1159 07f7 1A       		.byte	0x1a
 1160 07f8 B2080000 		.4byte	0x8b2
 1161 07fc 0C       		.byte	0xc
 1162 07fd 00       		.byte	0
 1163 07fe 04       		.uleb128 0x4
 1164 07ff C9070000 		.4byte	0x7c9
 1165 0803 04       		.uleb128 0x4
 1166 0804 51020000 		.4byte	0x251
 1167 0808 04       		.uleb128 0x4
 1168 0809 FC000000 		.4byte	0xfc
 1169 080d 0C       		.uleb128 0xc
 1170 080e 29030000 		.4byte	.LASF111
 1171 0812 10       		.byte	0x10
 1172 0813 06       		.byte	0x6
 1173 0814 5C01     		.2byte	0x15c
 1174 0816 10       		.byte	0x10
 1175 0817 36080000 		.4byte	0x836
 1176 081b 03       		.uleb128 0x3
 1177 081c 7D050000 		.4byte	.LASF101
 1178 0820 6101     		.2byte	0x161
 1179 0822 21       		.byte	0x21
 1180 0823 D0030000 		.4byte	0x3d0
 1181 0827 00       		.byte	0
 1182 0828 03       		.uleb128 0x3
 1183 0829 18040000 		.4byte	.LASF112
 1184 082d 6501     		.2byte	0x165
 1185 082f 22       		.byte	0x22
 1186 0830 7F040000 		.4byte	0x47f
 1187 0834 0C       		.byte	0xc
 1188 0835 00       		.byte	0
 1189 0836 13       		.uleb128 0x13
 1190 0837 05000000 		.4byte	.LASF113
 1191 083b 6601     		.2byte	0x166
 1192 083d 0D080000 		.4byte	0x80d
 1193 0841 0C       		.uleb128 0xc
 1194 0842 DC030000 		.4byte	.LASF114
ARM GAS  C:\Users\DEVELO~1\AppData\Local\Temp\cc4AxQAg.s 			page 22


 1195 0846 14       		.byte	0x14
 1196 0847 06       		.byte	0x6
 1197 0848 6B01     		.2byte	0x16b
 1198 084a 10       		.byte	0x10
 1199 084b 91080000 		.4byte	0x891
 1200 084f 03       		.uleb128 0x3
 1201 0850 C4020000 		.4byte	.LASF33
 1202 0854 6F01     		.2byte	0x16f
 1203 0856 22       		.byte	0x22
 1204 0857 31030000 		.4byte	0x331
 1205 085b 00       		.byte	0
 1206 085c 03       		.uleb128 0x3
 1207 085d 38020000 		.4byte	.LASF115
 1208 0861 7501     		.2byte	0x175
 1209 0863 22       		.byte	0x22
 1210 0864 08080000 		.4byte	0x808
 1211 0868 04       		.byte	0x4
 1212 0869 03       		.uleb128 0x3
 1213 086a C7050000 		.4byte	.LASF116
 1214 086e 7901     		.2byte	0x179
 1215 0870 22       		.byte	0x22
 1216 0871 08080000 		.4byte	0x808
 1217 0875 08       		.byte	0x8
 1218 0876 03       		.uleb128 0x3
 1219 0877 7A020000 		.4byte	.LASF117
 1220 087b 7F01     		.2byte	0x17f
 1221 087d 22       		.byte	0x22
 1222 087e 08080000 		.4byte	0x808
 1223 0882 0C       		.byte	0xc
 1224 0883 03       		.uleb128 0x3
 1225 0884 1A060000 		.4byte	.LASF118
 1226 0888 8301     		.2byte	0x183
 1227 088a 22       		.byte	0x22
 1228 088b 08080000 		.4byte	0x808
 1229 088f 10       		.byte	0x10
 1230 0890 00       		.byte	0
 1231 0891 13       		.uleb128 0x13
 1232 0892 D6050000 		.4byte	.LASF119
 1233 0896 8501     		.2byte	0x185
 1234 0898 41080000 		.4byte	0x841
 1235 089c 12       		.uleb128 0x12
 1236 089d 91080000 		.4byte	0x891
 1237 08a1 04       		.uleb128 0x4
 1238 08a2 9C080000 		.4byte	0x89c
 1239 08a6 01       		.uleb128 0x1
 1240 08a7 48020000 		.4byte	.LASF120
 1241 08ab 0E       		.byte	0xe
 1242 08ac 34       		.byte	0x34
 1243 08ad 19       		.byte	0x19
 1244 08ae C9070000 		.4byte	0x7c9
 1245 08b2 04       		.uleb128 0x4
 1246 08b3 A6080000 		.4byte	0x8a6
 1247 08b7 05       		.uleb128 0x5
 1248 08b8 01       		.byte	0x1
 1249 08b9 02       		.byte	0x2
 1250 08ba 5F040000 		.4byte	.LASF121
 1251 08be 1C       		.uleb128 0x1c
ARM GAS  C:\Users\DEVELO~1\AppData\Local\Temp\cc4AxQAg.s 			page 23


 1252 08bf 84050000 		.4byte	.LASF130
 1253 08c3 10       		.byte	0x10
 1254 08c4 15       		.byte	0x15
 1255 08c5 10       		.byte	0x10
 1256 08c6 A6080000 		.4byte	0x8a6
 1257 08ca 1D       		.uleb128 0x1d
 1258 08cb BE080000 		.4byte	0x8be
 1259 08cf 01       		.byte	0x1
 1260 08d0 09       		.byte	0x9
 1261 08d1 09       		.byte	0x9
 1262 08d2 05       		.uleb128 0x5
 1263 08d3 03       		.byte	0x3
 1264 08d4 00000000 		.4byte	spi5_mutex
 1265 08d8 10       		.uleb128 0x10
 1266 08d9 0E030000 		.4byte	.LASF122
 1267 08dd 14       		.byte	0x14
 1268 08de 10       		.uleb128 0x10
 1269 08df E7000000 		.4byte	.LASF123
 1270 08e3 16       		.byte	0x16
 1271 08e4 10       		.uleb128 0x10
 1272 08e5 24000000 		.4byte	.LASF124
 1273 08e9 12       		.byte	0x12
 1274 08ea 1E       		.uleb128 0x1e
 1275 08eb E3010000 		.4byte	.LASF131
 1276 08ef 0E       		.byte	0xe
 1277 08f0 66       		.byte	0x66
 1278 08f1 08       		.byte	0x8
 1279 08f2 FC080000 		.4byte	0x8fc
 1280 08f6 1F       		.uleb128 0x1f
 1281 08f7 B2080000 		.4byte	0x8b2
 1282 08fb 00       		.byte	0
 1283 08fc 14       		.uleb128 0x14
 1284 08fd BF040000 		.4byte	.LASF125
 1285 0901 1A       		.byte	0x1a
 1286 0902 00000000 		.4byte	.LFB433
 1287 0906 0C000000 		.4byte	.LFE433-.LFB433
 1288 090a 01       		.uleb128 0x1
 1289 090b 9C       		.byte	0x9c
 1290 090c 14       		.uleb128 0x14
 1291 090d 31060000 		.4byte	.LASF126
 1292 0911 0B       		.byte	0xb
 1293 0912 00000000 		.4byte	.LFB432
 1294 0916 1C000000 		.4byte	.LFE432-.LFB432
 1295 091a 01       		.uleb128 0x1
 1296 091b 9C       		.byte	0x9c
 1297 091c 00       		.byte	0
 1298              		.section	.debug_abbrev,"",%progbits
 1299              	.Ldebug_abbrev0:
 1300 0000 01       		.uleb128 0x1
 1301 0001 16       		.uleb128 0x16
 1302 0002 00       		.byte	0
 1303 0003 03       		.uleb128 0x3
 1304 0004 0E       		.uleb128 0xe
 1305 0005 3A       		.uleb128 0x3a
 1306 0006 0B       		.uleb128 0xb
 1307 0007 3B       		.uleb128 0x3b
 1308 0008 0B       		.uleb128 0xb
ARM GAS  C:\Users\DEVELO~1\AppData\Local\Temp\cc4AxQAg.s 			page 24


 1309 0009 39       		.uleb128 0x39
 1310 000a 0B       		.uleb128 0xb
 1311 000b 49       		.uleb128 0x49
 1312 000c 13       		.uleb128 0x13
 1313 000d 00       		.byte	0
 1314 000e 00       		.byte	0
 1315 000f 02       		.uleb128 0x2
 1316 0010 0D       		.uleb128 0xd
 1317 0011 00       		.byte	0
 1318 0012 03       		.uleb128 0x3
 1319 0013 0E       		.uleb128 0xe
 1320 0014 3A       		.uleb128 0x3a
 1321 0015 0B       		.uleb128 0xb
 1322 0016 3B       		.uleb128 0x3b
 1323 0017 0B       		.uleb128 0xb
 1324 0018 39       		.uleb128 0x39
 1325 0019 0B       		.uleb128 0xb
 1326 001a 49       		.uleb128 0x49
 1327 001b 13       		.uleb128 0x13
 1328 001c 38       		.uleb128 0x38
 1329 001d 0B       		.uleb128 0xb
 1330 001e 00       		.byte	0
 1331 001f 00       		.byte	0
 1332 0020 03       		.uleb128 0x3
 1333 0021 0D       		.uleb128 0xd
 1334 0022 00       		.byte	0
 1335 0023 03       		.uleb128 0x3
 1336 0024 0E       		.uleb128 0xe
 1337 0025 3A       		.uleb128 0x3a
 1338 0026 21       		.uleb128 0x21
 1339 0027 06       		.sleb128 6
 1340 0028 3B       		.uleb128 0x3b
 1341 0029 05       		.uleb128 0x5
 1342 002a 39       		.uleb128 0x39
 1343 002b 0B       		.uleb128 0xb
 1344 002c 49       		.uleb128 0x49
 1345 002d 13       		.uleb128 0x13
 1346 002e 38       		.uleb128 0x38
 1347 002f 0B       		.uleb128 0xb
 1348 0030 00       		.byte	0
 1349 0031 00       		.byte	0
 1350 0032 04       		.uleb128 0x4
 1351 0033 0F       		.uleb128 0xf
 1352 0034 00       		.byte	0
 1353 0035 0B       		.uleb128 0xb
 1354 0036 21       		.uleb128 0x21
 1355 0037 04       		.sleb128 4
 1356 0038 49       		.uleb128 0x49
 1357 0039 13       		.uleb128 0x13
 1358 003a 00       		.byte	0
 1359 003b 00       		.byte	0
 1360 003c 05       		.uleb128 0x5
 1361 003d 24       		.uleb128 0x24
 1362 003e 00       		.byte	0
 1363 003f 0B       		.uleb128 0xb
 1364 0040 0B       		.uleb128 0xb
 1365 0041 3E       		.uleb128 0x3e
ARM GAS  C:\Users\DEVELO~1\AppData\Local\Temp\cc4AxQAg.s 			page 25


 1366 0042 0B       		.uleb128 0xb
 1367 0043 03       		.uleb128 0x3
 1368 0044 0E       		.uleb128 0xe
 1369 0045 00       		.byte	0
 1370 0046 00       		.byte	0
 1371 0047 06       		.uleb128 0x6
 1372 0048 0D       		.uleb128 0xd
 1373 0049 00       		.byte	0
 1374 004a 03       		.uleb128 0x3
 1375 004b 08       		.uleb128 0x8
 1376 004c 3A       		.uleb128 0x3a
 1377 004d 0B       		.uleb128 0xb
 1378 004e 3B       		.uleb128 0x3b
 1379 004f 05       		.uleb128 0x5
 1380 0050 39       		.uleb128 0x39
 1381 0051 0B       		.uleb128 0xb
 1382 0052 49       		.uleb128 0x49
 1383 0053 13       		.uleb128 0x13
 1384 0054 38       		.uleb128 0x38
 1385 0055 0B       		.uleb128 0xb
 1386 0056 00       		.byte	0
 1387 0057 00       		.byte	0
 1388 0058 07       		.uleb128 0x7
 1389 0059 13       		.uleb128 0x13
 1390 005a 01       		.byte	0x1
 1391 005b 03       		.uleb128 0x3
 1392 005c 0E       		.uleb128 0xe
 1393 005d 0B       		.uleb128 0xb
 1394 005e 0B       		.uleb128 0xb
 1395 005f 3A       		.uleb128 0x3a
 1396 0060 0B       		.uleb128 0xb
 1397 0061 3B       		.uleb128 0x3b
 1398 0062 0B       		.uleb128 0xb
 1399 0063 39       		.uleb128 0x39
 1400 0064 0B       		.uleb128 0xb
 1401 0065 01       		.uleb128 0x1
 1402 0066 13       		.uleb128 0x13
 1403 0067 00       		.byte	0
 1404 0068 00       		.byte	0
 1405 0069 08       		.uleb128 0x8
 1406 006a 0D       		.uleb128 0xd
 1407 006b 00       		.byte	0
 1408 006c 03       		.uleb128 0x3
 1409 006d 08       		.uleb128 0x8
 1410 006e 3A       		.uleb128 0x3a
 1411 006f 0B       		.uleb128 0xb
 1412 0070 3B       		.uleb128 0x3b
 1413 0071 0B       		.uleb128 0xb
 1414 0072 39       		.uleb128 0x39
 1415 0073 0B       		.uleb128 0xb
 1416 0074 49       		.uleb128 0x49
 1417 0075 13       		.uleb128 0x13
 1418 0076 38       		.uleb128 0x38
 1419 0077 0B       		.uleb128 0xb
 1420 0078 00       		.byte	0
 1421 0079 00       		.byte	0
 1422 007a 09       		.uleb128 0x9
ARM GAS  C:\Users\DEVELO~1\AppData\Local\Temp\cc4AxQAg.s 			page 26


 1423 007b 0D       		.uleb128 0xd
 1424 007c 00       		.byte	0
 1425 007d 03       		.uleb128 0x3
 1426 007e 0E       		.uleb128 0xe
 1427 007f 3A       		.uleb128 0x3a
 1428 0080 0B       		.uleb128 0xb
 1429 0081 3B       		.uleb128 0x3b
 1430 0082 0B       		.uleb128 0xb
 1431 0083 39       		.uleb128 0x39
 1432 0084 0B       		.uleb128 0xb
 1433 0085 49       		.uleb128 0x49
 1434 0086 13       		.uleb128 0x13
 1435 0087 00       		.byte	0
 1436 0088 00       		.byte	0
 1437 0089 0A       		.uleb128 0xa
 1438 008a 13       		.uleb128 0x13
 1439 008b 01       		.byte	0x1
 1440 008c 0B       		.uleb128 0xb
 1441 008d 0B       		.uleb128 0xb
 1442 008e 3A       		.uleb128 0x3a
 1443 008f 21       		.uleb128 0x21
 1444 0090 0B       		.sleb128 11
 1445 0091 3B       		.uleb128 0x3b
 1446 0092 0B       		.uleb128 0xb
 1447 0093 39       		.uleb128 0x39
 1448 0094 0B       		.uleb128 0xb
 1449 0095 01       		.uleb128 0x1
 1450 0096 13       		.uleb128 0x13
 1451 0097 00       		.byte	0
 1452 0098 00       		.byte	0
 1453 0099 0B       		.uleb128 0xb
 1454 009a 0D       		.uleb128 0xd
 1455 009b 00       		.byte	0
 1456 009c 03       		.uleb128 0x3
 1457 009d 0E       		.uleb128 0xe
 1458 009e 3A       		.uleb128 0x3a
 1459 009f 21       		.uleb128 0x21
 1460 00a0 06       		.sleb128 6
 1461 00a1 3B       		.uleb128 0x3b
 1462 00a2 05       		.uleb128 0x5
 1463 00a3 39       		.uleb128 0x39
 1464 00a4 0B       		.uleb128 0xb
 1465 00a5 49       		.uleb128 0x49
 1466 00a6 13       		.uleb128 0x13
 1467 00a7 00       		.byte	0
 1468 00a8 00       		.byte	0
 1469 00a9 0C       		.uleb128 0xc
 1470 00aa 13       		.uleb128 0x13
 1471 00ab 01       		.byte	0x1
 1472 00ac 03       		.uleb128 0x3
 1473 00ad 0E       		.uleb128 0xe
 1474 00ae 0B       		.uleb128 0xb
 1475 00af 0B       		.uleb128 0xb
 1476 00b0 3A       		.uleb128 0x3a
 1477 00b1 0B       		.uleb128 0xb
 1478 00b2 3B       		.uleb128 0x3b
 1479 00b3 05       		.uleb128 0x5
ARM GAS  C:\Users\DEVELO~1\AppData\Local\Temp\cc4AxQAg.s 			page 27


 1480 00b4 39       		.uleb128 0x39
 1481 00b5 0B       		.uleb128 0xb
 1482 00b6 01       		.uleb128 0x1
 1483 00b7 13       		.uleb128 0x13
 1484 00b8 00       		.byte	0
 1485 00b9 00       		.byte	0
 1486 00ba 0D       		.uleb128 0xd
 1487 00bb 17       		.uleb128 0x17
 1488 00bc 01       		.byte	0x1
 1489 00bd 0B       		.uleb128 0xb
 1490 00be 0B       		.uleb128 0xb
 1491 00bf 3A       		.uleb128 0x3a
 1492 00c0 0B       		.uleb128 0xb
 1493 00c1 3B       		.uleb128 0x3b
 1494 00c2 0B       		.uleb128 0xb
 1495 00c3 39       		.uleb128 0x39
 1496 00c4 21       		.uleb128 0x21
 1497 00c5 03       		.sleb128 3
 1498 00c6 01       		.uleb128 0x1
 1499 00c7 13       		.uleb128 0x13
 1500 00c8 00       		.byte	0
 1501 00c9 00       		.byte	0
 1502 00ca 0E       		.uleb128 0xe
 1503 00cb 0D       		.uleb128 0xd
 1504 00cc 00       		.byte	0
 1505 00cd 03       		.uleb128 0x3
 1506 00ce 08       		.uleb128 0x8
 1507 00cf 3A       		.uleb128 0x3a
 1508 00d0 21       		.uleb128 0x21
 1509 00d1 0B       		.sleb128 11
 1510 00d2 3B       		.uleb128 0x3b
 1511 00d3 0B       		.uleb128 0xb
 1512 00d4 39       		.uleb128 0x39
 1513 00d5 21       		.uleb128 0x21
 1514 00d6 07       		.sleb128 7
 1515 00d7 49       		.uleb128 0x49
 1516 00d8 13       		.uleb128 0x13
 1517 00d9 00       		.byte	0
 1518 00da 00       		.byte	0
 1519 00db 0F       		.uleb128 0xf
 1520 00dc 0D       		.uleb128 0xd
 1521 00dd 00       		.byte	0
 1522 00de 03       		.uleb128 0x3
 1523 00df 0E       		.uleb128 0xe
 1524 00e0 3A       		.uleb128 0x3a
 1525 00e1 21       		.uleb128 0x21
 1526 00e2 0B       		.sleb128 11
 1527 00e3 3B       		.uleb128 0x3b
 1528 00e4 0B       		.uleb128 0xb
 1529 00e5 39       		.uleb128 0x39
 1530 00e6 21       		.uleb128 0x21
 1531 00e7 19       		.sleb128 25
 1532 00e8 49       		.uleb128 0x49
 1533 00e9 13       		.uleb128 0x13
 1534 00ea 0D       		.uleb128 0xd
 1535 00eb 0B       		.uleb128 0xb
 1536 00ec 6B       		.uleb128 0x6b
ARM GAS  C:\Users\DEVELO~1\AppData\Local\Temp\cc4AxQAg.s 			page 28


 1537 00ed 0B       		.uleb128 0xb
 1538 00ee 00       		.byte	0
 1539 00ef 00       		.byte	0
 1540 00f0 10       		.uleb128 0x10
 1541 00f1 2E       		.uleb128 0x2e
 1542 00f2 00       		.byte	0
 1543 00f3 3F       		.uleb128 0x3f
 1544 00f4 19       		.uleb128 0x19
 1545 00f5 03       		.uleb128 0x3
 1546 00f6 0E       		.uleb128 0xe
 1547 00f7 3A       		.uleb128 0x3a
 1548 00f8 21       		.uleb128 0x21
 1549 00f9 0F       		.sleb128 15
 1550 00fa 3B       		.uleb128 0x3b
 1551 00fb 0B       		.uleb128 0xb
 1552 00fc 39       		.uleb128 0x39
 1553 00fd 21       		.uleb128 0x21
 1554 00fe 06       		.sleb128 6
 1555 00ff 27       		.uleb128 0x27
 1556 0100 19       		.uleb128 0x19
 1557 0101 3C       		.uleb128 0x3c
 1558 0102 19       		.uleb128 0x19
 1559 0103 00       		.byte	0
 1560 0104 00       		.byte	0
 1561 0105 11       		.uleb128 0x11
 1562 0106 35       		.uleb128 0x35
 1563 0107 00       		.byte	0
 1564 0108 49       		.uleb128 0x49
 1565 0109 13       		.uleb128 0x13
 1566 010a 00       		.byte	0
 1567 010b 00       		.byte	0
 1568 010c 12       		.uleb128 0x12
 1569 010d 26       		.uleb128 0x26
 1570 010e 00       		.byte	0
 1571 010f 49       		.uleb128 0x49
 1572 0110 13       		.uleb128 0x13
 1573 0111 00       		.byte	0
 1574 0112 00       		.byte	0
 1575 0113 13       		.uleb128 0x13
 1576 0114 16       		.uleb128 0x16
 1577 0115 00       		.byte	0
 1578 0116 03       		.uleb128 0x3
 1579 0117 0E       		.uleb128 0xe
 1580 0118 3A       		.uleb128 0x3a
 1581 0119 21       		.uleb128 0x21
 1582 011a 06       		.sleb128 6
 1583 011b 3B       		.uleb128 0x3b
 1584 011c 05       		.uleb128 0x5
 1585 011d 39       		.uleb128 0x39
 1586 011e 21       		.uleb128 0x21
 1587 011f 03       		.sleb128 3
 1588 0120 49       		.uleb128 0x49
 1589 0121 13       		.uleb128 0x13
 1590 0122 00       		.byte	0
 1591 0123 00       		.byte	0
 1592 0124 14       		.uleb128 0x14
 1593 0125 2E       		.uleb128 0x2e
ARM GAS  C:\Users\DEVELO~1\AppData\Local\Temp\cc4AxQAg.s 			page 29


 1594 0126 00       		.byte	0
 1595 0127 3F       		.uleb128 0x3f
 1596 0128 19       		.uleb128 0x19
 1597 0129 03       		.uleb128 0x3
 1598 012a 0E       		.uleb128 0xe
 1599 012b 3A       		.uleb128 0x3a
 1600 012c 21       		.uleb128 0x21
 1601 012d 01       		.sleb128 1
 1602 012e 3B       		.uleb128 0x3b
 1603 012f 0B       		.uleb128 0xb
 1604 0130 39       		.uleb128 0x39
 1605 0131 21       		.uleb128 0x21
 1606 0132 06       		.sleb128 6
 1607 0133 27       		.uleb128 0x27
 1608 0134 19       		.uleb128 0x19
 1609 0135 11       		.uleb128 0x11
 1610 0136 01       		.uleb128 0x1
 1611 0137 12       		.uleb128 0x12
 1612 0138 06       		.uleb128 0x6
 1613 0139 40       		.uleb128 0x40
 1614 013a 18       		.uleb128 0x18
 1615 013b 7C       		.uleb128 0x7c
 1616 013c 19       		.uleb128 0x19
 1617 013d 00       		.byte	0
 1618 013e 00       		.byte	0
 1619 013f 15       		.uleb128 0x15
 1620 0140 11       		.uleb128 0x11
 1621 0141 01       		.byte	0x1
 1622 0142 25       		.uleb128 0x25
 1623 0143 0E       		.uleb128 0xe
 1624 0144 13       		.uleb128 0x13
 1625 0145 0B       		.uleb128 0xb
 1626 0146 03       		.uleb128 0x3
 1627 0147 0E       		.uleb128 0xe
 1628 0148 1B       		.uleb128 0x1b
 1629 0149 0E       		.uleb128 0xe
 1630 014a 55       		.uleb128 0x55
 1631 014b 17       		.uleb128 0x17
 1632 014c 11       		.uleb128 0x11
 1633 014d 01       		.uleb128 0x1
 1634 014e 10       		.uleb128 0x10
 1635 014f 17       		.uleb128 0x17
 1636 0150 00       		.byte	0
 1637 0151 00       		.byte	0
 1638 0152 16       		.uleb128 0x16
 1639 0153 24       		.uleb128 0x24
 1640 0154 00       		.byte	0
 1641 0155 0B       		.uleb128 0xb
 1642 0156 0B       		.uleb128 0xb
 1643 0157 3E       		.uleb128 0x3e
 1644 0158 0B       		.uleb128 0xb
 1645 0159 03       		.uleb128 0x3
 1646 015a 08       		.uleb128 0x8
 1647 015b 00       		.byte	0
 1648 015c 00       		.byte	0
 1649 015d 17       		.uleb128 0x17
 1650 015e 13       		.uleb128 0x13
ARM GAS  C:\Users\DEVELO~1\AppData\Local\Temp\cc4AxQAg.s 			page 30


 1651 015f 01       		.byte	0x1
 1652 0160 03       		.uleb128 0x3
 1653 0161 0E       		.uleb128 0xe
 1654 0162 0B       		.uleb128 0xb
 1655 0163 05       		.uleb128 0x5
 1656 0164 3A       		.uleb128 0x3a
 1657 0165 0B       		.uleb128 0xb
 1658 0166 3B       		.uleb128 0x3b
 1659 0167 05       		.uleb128 0x5
 1660 0168 39       		.uleb128 0x39
 1661 0169 0B       		.uleb128 0xb
 1662 016a 01       		.uleb128 0x1
 1663 016b 13       		.uleb128 0x13
 1664 016c 00       		.byte	0
 1665 016d 00       		.byte	0
 1666 016e 18       		.uleb128 0x18
 1667 016f 0F       		.uleb128 0xf
 1668 0170 00       		.byte	0
 1669 0171 0B       		.uleb128 0xb
 1670 0172 0B       		.uleb128 0xb
 1671 0173 00       		.byte	0
 1672 0174 00       		.byte	0
 1673 0175 19       		.uleb128 0x19
 1674 0176 13       		.uleb128 0x13
 1675 0177 01       		.byte	0x1
 1676 0178 0B       		.uleb128 0xb
 1677 0179 05       		.uleb128 0x5
 1678 017a 3A       		.uleb128 0x3a
 1679 017b 0B       		.uleb128 0xb
 1680 017c 3B       		.uleb128 0x3b
 1681 017d 0B       		.uleb128 0xb
 1682 017e 39       		.uleb128 0x39
 1683 017f 0B       		.uleb128 0xb
 1684 0180 01       		.uleb128 0x1
 1685 0181 13       		.uleb128 0x13
 1686 0182 00       		.byte	0
 1687 0183 00       		.byte	0
 1688 0184 1A       		.uleb128 0x1a
 1689 0185 01       		.uleb128 0x1
 1690 0186 01       		.byte	0x1
 1691 0187 49       		.uleb128 0x49
 1692 0188 13       		.uleb128 0x13
 1693 0189 01       		.uleb128 0x1
 1694 018a 13       		.uleb128 0x13
 1695 018b 00       		.byte	0
 1696 018c 00       		.byte	0
 1697 018d 1B       		.uleb128 0x1b
 1698 018e 21       		.uleb128 0x21
 1699 018f 00       		.byte	0
 1700 0190 49       		.uleb128 0x49
 1701 0191 13       		.uleb128 0x13
 1702 0192 2F       		.uleb128 0x2f
 1703 0193 0B       		.uleb128 0xb
 1704 0194 00       		.byte	0
 1705 0195 00       		.byte	0
 1706 0196 1C       		.uleb128 0x1c
 1707 0197 34       		.uleb128 0x34
ARM GAS  C:\Users\DEVELO~1\AppData\Local\Temp\cc4AxQAg.s 			page 31


 1708 0198 00       		.byte	0
 1709 0199 03       		.uleb128 0x3
 1710 019a 0E       		.uleb128 0xe
 1711 019b 3A       		.uleb128 0x3a
 1712 019c 0B       		.uleb128 0xb
 1713 019d 3B       		.uleb128 0x3b
 1714 019e 0B       		.uleb128 0xb
 1715 019f 39       		.uleb128 0x39
 1716 01a0 0B       		.uleb128 0xb
 1717 01a1 49       		.uleb128 0x49
 1718 01a2 13       		.uleb128 0x13
 1719 01a3 3F       		.uleb128 0x3f
 1720 01a4 19       		.uleb128 0x19
 1721 01a5 3C       		.uleb128 0x3c
 1722 01a6 19       		.uleb128 0x19
 1723 01a7 00       		.byte	0
 1724 01a8 00       		.byte	0
 1725 01a9 1D       		.uleb128 0x1d
 1726 01aa 34       		.uleb128 0x34
 1727 01ab 00       		.byte	0
 1728 01ac 47       		.uleb128 0x47
 1729 01ad 13       		.uleb128 0x13
 1730 01ae 3A       		.uleb128 0x3a
 1731 01af 0B       		.uleb128 0xb
 1732 01b0 3B       		.uleb128 0x3b
 1733 01b1 0B       		.uleb128 0xb
 1734 01b2 39       		.uleb128 0x39
 1735 01b3 0B       		.uleb128 0xb
 1736 01b4 02       		.uleb128 0x2
 1737 01b5 18       		.uleb128 0x18
 1738 01b6 00       		.byte	0
 1739 01b7 00       		.byte	0
 1740 01b8 1E       		.uleb128 0x1e
 1741 01b9 2E       		.uleb128 0x2e
 1742 01ba 01       		.byte	0x1
 1743 01bb 3F       		.uleb128 0x3f
 1744 01bc 19       		.uleb128 0x19
 1745 01bd 03       		.uleb128 0x3
 1746 01be 0E       		.uleb128 0xe
 1747 01bf 3A       		.uleb128 0x3a
 1748 01c0 0B       		.uleb128 0xb
 1749 01c1 3B       		.uleb128 0x3b
 1750 01c2 0B       		.uleb128 0xb
 1751 01c3 39       		.uleb128 0x39
 1752 01c4 0B       		.uleb128 0xb
 1753 01c5 27       		.uleb128 0x27
 1754 01c6 19       		.uleb128 0x19
 1755 01c7 3C       		.uleb128 0x3c
 1756 01c8 19       		.uleb128 0x19
 1757 01c9 01       		.uleb128 0x1
 1758 01ca 13       		.uleb128 0x13
 1759 01cb 00       		.byte	0
 1760 01cc 00       		.byte	0
 1761 01cd 1F       		.uleb128 0x1f
 1762 01ce 05       		.uleb128 0x5
 1763 01cf 00       		.byte	0
 1764 01d0 49       		.uleb128 0x49
ARM GAS  C:\Users\DEVELO~1\AppData\Local\Temp\cc4AxQAg.s 			page 32


 1765 01d1 13       		.uleb128 0x13
 1766 01d2 00       		.byte	0
 1767 01d3 00       		.byte	0
 1768 01d4 00       		.byte	0
 1769              		.section	.debug_aranges,"",%progbits
 1770 0000 24000000 		.4byte	0x24
 1771 0004 0200     		.2byte	0x2
 1772 0006 00000000 		.4byte	.Ldebug_info0
 1773 000a 04       		.byte	0x4
 1774 000b 00       		.byte	0
 1775 000c 0000     		.2byte	0
 1776 000e 0000     		.2byte	0
 1777 0010 00000000 		.4byte	.LFB432
 1778 0014 1C000000 		.4byte	.LFE432-.LFB432
 1779 0018 00000000 		.4byte	.LFB433
 1780 001c 0C000000 		.4byte	.LFE433-.LFB433
 1781 0020 00000000 		.4byte	0
 1782 0024 00000000 		.4byte	0
 1783              		.section	.debug_rnglists,"",%progbits
 1784              	.Ldebug_ranges0:
 1785 0000 15000000 		.4byte	.Ldebug_ranges3-.Ldebug_ranges2
 1786              	.Ldebug_ranges2:
 1787 0004 0500     		.2byte	0x5
 1788 0006 04       		.byte	0x4
 1789 0007 00       		.byte	0
 1790 0008 00000000 		.4byte	0
 1791              	.LLRL0:
 1792 000c 07       		.byte	0x7
 1793 000d 00000000 		.4byte	.LFB432
 1794 0011 1C       		.uleb128 .LFE432-.LFB432
 1795 0012 07       		.byte	0x7
 1796 0013 00000000 		.4byte	.LFB433
 1797 0017 0C       		.uleb128 .LFE433-.LFB433
 1798 0018 00       		.byte	0
 1799              	.Ldebug_ranges3:
 1800              		.section	.debug_line,"",%progbits
 1801              	.Ldebug_line0:
 1802 0000 2D020000 		.section	.debug_str,"MS",%progbits,1
 1802      0300F701 
 1802      00000201 
 1802      FB0E0D00 
 1802      01010101 
 1803              	.LASF70:
 1804 0000 70726576 		.ascii	"prev\000"
 1804      00
 1805              	.LASF113:
 1806 0005 72656164 		.ascii	"ready_list_t\000"
 1806      795F6C69 
 1806      73745F74 
 1806      00
 1807              	.LASF104:
 1808 0012 77747472 		.ascii	"wttrp\000"
 1808      7000
 1809              	.LASF102:
 1810 0018 7264796D 		.ascii	"rdymsg\000"
 1810      736700
 1811              	.LASF51:
ARM GAS  C:\Users\DEVELO~1\AppData\Local\Temp\cc4AxQAg.s 			page 33


 1812 001f 72666375 		.ascii	"rfcu\000"
 1812      00
 1813              	.LASF124:
 1814 0024 6472765F 		.ascii	"drv_display_init\000"
 1814      64697370 
 1814      6C61795F 
 1814      696E6974 
 1814      00
 1815              	.LASF6:
 1816 0035 5F5F7569 		.ascii	"__uint8_t\000"
 1816      6E74385F 
 1816      7400
 1817              	.LASF129:
 1818 003f 433A5C50 		.ascii	"C:\\PROJET\\ChibiOS project\\ChibiOS_21.11.4\\demos"
 1818      524F4A45 
 1818      545C4368 
 1818      6962694F 
 1818      53207072 
 1819 006e 5C53544D 		.ascii	"\\STM32\\RT-STM32H743ZI_REV_XY-NUCLEO144\000"
 1819      33325C52 
 1819      542D5354 
 1819      4D333248 
 1819      3734335A 
 1820              	.LASF89:
 1821 0095 706F7274 		.ascii	"port_intctx\000"
 1821      5F696E74 
 1821      63747800 
 1822              	.LASF48:
 1823 00a1 76746C69 		.ascii	"vtlist\000"
 1823      737400
 1824              	.LASF81:
 1825 00a8 74797065 		.ascii	"type\000"
 1825      00
 1826              	.LASF84:
 1827 00ad 74726163 		.ascii	"trace_event_t\000"
 1827      655F6576 
 1827      656E745F 
 1827      7400
 1828              	.LASF79:
 1829 00bb 68616C74 		.ascii	"halt\000"
 1829      00
 1830              	.LASF103:
 1831 00c0 65786974 		.ascii	"exitcode\000"
 1831      636F6465 
 1831      00
 1832              	.LASF53:
 1833 00c9 6D61696E 		.ascii	"mainthread\000"
 1833      74687265 
 1833      616400
 1834              	.LASF105:
 1835 00d4 73656E74 		.ascii	"sentmsg\000"
 1835      6D736700 
 1836              	.LASF76:
 1837 00dc 64656C74 		.ascii	"delta\000"
 1837      6100
 1838              	.LASF67:
 1839 00e2 6E657874 		.ascii	"next\000"
ARM GAS  C:\Users\DEVELO~1\AppData\Local\Temp\cc4AxQAg.s 			page 34


 1839      00
 1840              	.LASF123:
 1841 00e7 6472765F 		.ascii	"drv_display_start\000"
 1841      64697370 
 1841      6C61795F 
 1841      73746172 
 1841      7400
 1842              	.LASF1:
 1843 00f9 6C6F6E67 		.ascii	"long long int\000"
 1843      206C6F6E 
 1843      6720696E 
 1843      7400
 1844              	.LASF3:
 1845 0107 7369676E 		.ascii	"signed char\000"
 1845      65642063 
 1845      68617200 
 1846              	.LASF75:
 1847 0113 63685F64 		.ascii	"ch_delta_list\000"
 1847      656C7461 
 1847      5F6C6973 
 1847      7400
 1848              	.LASF14:
 1849 0121 6C6F6E67 		.ascii	"long long unsigned int\000"
 1849      206C6F6E 
 1849      6720756E 
 1849      7369676E 
 1849      65642069 
 1850              	.LASF127:
 1851 0138 474E5520 		.ascii	"GNU C17 11.3.1 20220712 -mcpu=cortex-m7 -mthumb -mf"
 1851      43313720 
 1851      31312E33 
 1851      2E312032 
 1851      30323230 
 1852 016b 6C6F6174 		.ascii	"loat-abi=soft -march=armv7e-m -ggdb -O0 -ffunction-"
 1852      2D616269 
 1852      3D736F66 
 1852      74202D6D 
 1852      61726368 
 1853 019e 73656374 		.ascii	"sections -fdata-sections -fno-common\000"
 1853      696F6E73 
 1853      202D6664 
 1853      6174612D 
 1853      73656374 
 1854              	.LASF35:
 1855 01c3 73746174 		.ascii	"state\000"
 1855      6500
 1856              	.LASF10:
 1857 01c9 6C6F6E67 		.ascii	"long int\000"
 1857      20696E74 
 1857      00
 1858              	.LASF23:
 1859 01d2 74737461 		.ascii	"tstate_t\000"
 1859      74655F74 
 1859      00
 1860              	.LASF56:
 1861 01db 63685F72 		.ascii	"ch_rfcu\000"
 1861      66637500 
ARM GAS  C:\Users\DEVELO~1\AppData\Local\Temp\cc4AxQAg.s 			page 35


 1862              	.LASF131:
 1863 01e3 63684D74 		.ascii	"chMtxObjectInit\000"
 1863      784F626A 
 1863      65637449 
 1863      6E697400 
 1864              	.LASF69:
 1865 01f3 63685F71 		.ascii	"ch_queue\000"
 1865      75657565 
 1865      00
 1866              	.LASF16:
 1867 01fc 75696E74 		.ascii	"uint16_t\000"
 1867      31365F74 
 1867      00
 1868              	.LASF88:
 1869 0205 74726163 		.ascii	"trace_buffer_t\000"
 1869      655F6275 
 1869      66666572 
 1869      5F7400
 1870              	.LASF96:
 1871 0214 63685F72 		.ascii	"ch_registry\000"
 1871      65676973 
 1871      74727900 
 1872              	.LASF11:
 1873 0220 5F5F7569 		.ascii	"__uint32_t\000"
 1873      6E743332 
 1873      5F7400
 1874              	.LASF57:
 1875 022b 6D61736B 		.ascii	"mask\000"
 1875      00
 1876              	.LASF38:
 1877 0230 77616974 		.ascii	"waiting\000"
 1877      696E6700 
 1878              	.LASF115:
 1879 0238 6D61696E 		.ascii	"mainthread_base\000"
 1879      74687265 
 1879      61645F62 
 1879      61736500 
 1880              	.LASF120:
 1881 0248 6D757465 		.ascii	"mutex_t\000"
 1881      785F7400 
 1882              	.LASF64:
 1883 0250 73797369 		.ascii	"sysinterval_t\000"
 1883      6E746572 
 1883      76616C5F 
 1883      7400
 1884              	.LASF28:
 1885 025e 636E745F 		.ascii	"cnt_t\000"
 1885      7400
 1886              	.LASF39:
 1887 0264 6D736771 		.ascii	"msgqueue\000"
 1887      75657565 
 1887      00
 1888              	.LASF0:
 1889 026d 756E7369 		.ascii	"unsigned int\000"
 1889      676E6564 
 1889      20696E74 
 1889      00
ARM GAS  C:\Users\DEVELO~1\AppData\Local\Temp\cc4AxQAg.s 			page 36


 1890              	.LASF117:
 1891 027a 69646C65 		.ascii	"idlethread_base\000"
 1891      74687265 
 1891      61645F62 
 1891      61736500 
 1892              	.LASF106:
 1893 028a 77747365 		.ascii	"wtsemp\000"
 1893      6D7000
 1894              	.LASF62:
 1895 0291 73797374 		.ascii	"system_debug_t\000"
 1895      656D5F64 
 1895      65627567 
 1895      5F7400
 1896              	.LASF12:
 1897 02a0 6C6F6E67 		.ascii	"long unsigned int\000"
 1897      20756E73 
 1897      69676E65 
 1897      6420696E 
 1897      7400
 1898              	.LASF31:
 1899 02b2 72717565 		.ascii	"rqueue\000"
 1899      756500
 1900              	.LASF68:
 1901 02b9 63685F71 		.ascii	"ch_queue_t\000"
 1901      75657565 
 1901      5F7400
 1902              	.LASF33:
 1903 02c4 6E616D65 		.ascii	"name\000"
 1903      00
 1904              	.LASF97:
 1905 02c9 71756575 		.ascii	"queue\000"
 1905      6500
 1906              	.LASF43:
 1907 02cf 6D706F6F 		.ascii	"mpool\000"
 1907      6C00
 1908              	.LASF86:
 1909 02d5 73697A65 		.ascii	"size\000"
 1909      00
 1910              	.LASF8:
 1911 02da 73686F72 		.ascii	"short unsigned int\000"
 1911      7420756E 
 1911      7369676E 
 1911      65642069 
 1911      6E7400
 1912              	.LASF45:
 1913 02ed 63685F74 		.ascii	"ch_thread\000"
 1913      68726561 
 1913      6400
 1914              	.LASF26:
 1915 02f7 6D73675F 		.ascii	"msg_t\000"
 1915      7400
 1916              	.LASF40:
 1917 02fd 6570656E 		.ascii	"epending\000"
 1917      64696E67 
 1917      00
 1918              	.LASF22:
 1919 0306 746D6F64 		.ascii	"tmode_t\000"
ARM GAS  C:\Users\DEVELO~1\AppData\Local\Temp\cc4AxQAg.s 			page 37


 1919      655F7400 
 1920              	.LASF122:
 1921 030e 6472765F 		.ascii	"drv_display_update\000"
 1921      64697370 
 1921      6C61795F 
 1921      75706461 
 1921      746500
 1922              	.LASF66:
 1923 0321 63685F6C 		.ascii	"ch_list\000"
 1923      69737400 
 1924              	.LASF111:
 1925 0329 63685F72 		.ascii	"ch_ready_list\000"
 1925      65616479 
 1925      5F6C6973 
 1925      7400
 1926              	.LASF27:
 1927 0337 6576656E 		.ascii	"eventmask_t\000"
 1927      746D6173 
 1927      6B5F7400 
 1928              	.LASF9:
 1929 0343 5F5F696E 		.ascii	"__int32_t\000"
 1929      7433325F 
 1929      7400
 1930              	.LASF95:
 1931 034d 76697274 		.ascii	"virtual_timers_list_t\000"
 1931      75616C5F 
 1931      74696D65 
 1931      72735F6C 
 1931      6973745F 
 1932              	.LASF21:
 1933 0363 73746B61 		.ascii	"stkalign_t\000"
 1933      6C69676E 
 1933      5F7400
 1934              	.LASF82:
 1935 036e 72747374 		.ascii	"rtstamp\000"
 1935      616D7000 
 1936              	.LASF94:
 1937 0376 6C617374 		.ascii	"laststamp\000"
 1937      7374616D 
 1937      7000
 1938              	.LASF42:
 1939 0380 7265616C 		.ascii	"realprio\000"
 1939      7072696F 
 1939      00
 1940              	.LASF55:
 1941 0389 72666375 		.ascii	"rfcu_mask_t\000"
 1941      5F6D6173 
 1941      6B5F7400 
 1942              	.LASF99:
 1943 0395 74687265 		.ascii	"thread_reference_t\000"
 1943      61645F72 
 1943      65666572 
 1943      656E6365 
 1943      5F7400
 1944              	.LASF91:
 1945 03a8 63685F76 		.ascii	"ch_virtual_timers_list\000"
 1945      69727475 
ARM GAS  C:\Users\DEVELO~1\AppData\Local\Temp\cc4AxQAg.s 			page 38


 1945      616C5F74 
 1945      696D6572 
 1945      735F6C69 
 1946              	.LASF65:
 1947 03bf 63685F6C 		.ascii	"ch_list_t\000"
 1947      6973745F 
 1947      7400
 1948              	.LASF85:
 1949 03c9 73757370 		.ascii	"suspended\000"
 1949      656E6465 
 1949      6400
 1950              	.LASF19:
 1951 03d3 75696E74 		.ascii	"uint64_t\000"
 1951      36345F74 
 1951      00
 1952              	.LASF114:
 1953 03dc 63685F6F 		.ascii	"ch_os_instance_config\000"
 1953      735F696E 
 1953      7374616E 
 1953      63655F63 
 1953      6F6E6669 
 1954              	.LASF90:
 1955 03f2 706F7274 		.ascii	"port_context\000"
 1955      5F636F6E 
 1955      74657874 
 1955      00
 1956              	.LASF46:
 1957 03ff 63685F6F 		.ascii	"ch_os_instance\000"
 1957      735F696E 
 1957      7374616E 
 1957      636500
 1958              	.LASF83:
 1959 040e 74696D65 		.ascii	"time\000"
 1959      00
 1960              	.LASF73:
 1961 0413 7072696F 		.ascii	"prio\000"
 1961      00
 1962              	.LASF112:
 1963 0418 63757272 		.ascii	"current\000"
 1963      656E7400 
 1964              	.LASF13:
 1965 0420 5F5F7569 		.ascii	"__uint64_t\000"
 1965      6E743634 
 1965      5F7400
 1966              	.LASF29:
 1967 042b 636F7265 		.ascii	"core_id_t\000"
 1967      5F69645F 
 1967      7400
 1968              	.LASF24:
 1969 0435 74726566 		.ascii	"trefs_t\000"
 1969      735F7400 
 1970              	.LASF37:
 1971 043d 72656673 		.ascii	"refs\000"
 1971      00
 1972              	.LASF80:
 1973 0442 75736572 		.ascii	"user\000"
 1973      00
ARM GAS  C:\Users\DEVELO~1\AppData\Local\Temp\cc4AxQAg.s 			page 39


 1974              	.LASF25:
 1975 0447 74707269 		.ascii	"tprio_t\000"
 1975      6F5F7400 
 1976              	.LASF59:
 1977 044f 63685F73 		.ascii	"ch_system_debug\000"
 1977      79737465 
 1977      6D5F6465 
 1977      62756700 
 1978              	.LASF121:
 1979 045f 5F426F6F 		.ascii	"_Bool\000"
 1979      6C00
 1980              	.LASF17:
 1981 0465 696E7433 		.ascii	"int32_t\000"
 1981      325F7400 
 1982              	.LASF4:
 1983 046d 756E7369 		.ascii	"unsigned char\000"
 1983      676E6564 
 1983      20636861 
 1983      7200
 1984              	.LASF58:
 1985 047b 72666375 		.ascii	"rfcu_t\000"
 1985      5F7400
 1986              	.LASF5:
 1987 0482 73686F72 		.ascii	"short int\000"
 1987      7420696E 
 1987      7400
 1988              	.LASF93:
 1989 048c 6C617374 		.ascii	"lasttime\000"
 1989      74696D65 
 1989      00
 1990              	.LASF77:
 1991 0495 77746F62 		.ascii	"wtobjp\000"
 1991      6A7000
 1992              	.LASF108:
 1993 049c 65776D61 		.ascii	"ewmask\000"
 1993      736B00
 1994              	.LASF50:
 1995 04a3 636F7265 		.ascii	"core_id\000"
 1995      5F696400 
 1996              	.LASF78:
 1997 04ab 72656173 		.ascii	"reason\000"
 1997      6F6E00
 1998              	.LASF109:
 1999 04b2 63685F73 		.ascii	"ch_semaphore\000"
 1999      656D6170 
 1999      686F7265 
 1999      00
 2000              	.LASF125:
 2001 04bf 64726976 		.ascii	"drivers_update_all\000"
 2001      6572735F 
 2001      75706461 
 2001      74655F61 
 2001      6C6C00
 2002              	.LASF98:
 2003 04d2 72656769 		.ascii	"registry_t\000"
 2003      73747279 
 2003      5F7400
ARM GAS  C:\Users\DEVELO~1\AppData\Local\Temp\cc4AxQAg.s 			page 40


 2004              	.LASF18:
 2005 04dd 75696E74 		.ascii	"uint32_t\000"
 2005      33325F74 
 2005      00
 2006              	.LASF107:
 2007 04e6 77746D74 		.ascii	"wtmtxp\000"
 2007      787000
 2008              	.LASF128:
 2009 04ed 64726976 		.ascii	"drivers/drivers.c\000"
 2009      6572732F 
 2009      64726976 
 2009      6572732E 
 2009      6300
 2010              	.LASF20:
 2011 04ff 706F7274 		.ascii	"port_stkalign_t\000"
 2011      5F73746B 
 2011      616C6967 
 2011      6E5F7400 
 2012              	.LASF32:
 2013 050f 6F776E65 		.ascii	"owner\000"
 2013      7200
 2014              	.LASF2:
 2015 0515 6C6F6E67 		.ascii	"long double\000"
 2015      20646F75 
 2015      626C6500 
 2016              	.LASF34:
 2017 0521 77616261 		.ascii	"wabase\000"
 2017      736500
 2018              	.LASF61:
 2019 0528 63686172 		.ascii	"char\000"
 2019      00
 2020              	.LASF52:
 2021 052d 636F6E66 		.ascii	"config\000"
 2021      696700
 2022              	.LASF7:
 2023 0534 5F5F7569 		.ascii	"__uint16_t\000"
 2023      6E743136 
 2023      5F7400
 2024              	.LASF30:
 2025 053f 74687265 		.ascii	"thread_t\000"
 2025      61645F74 
 2025      00
 2026              	.LASF92:
 2027 0548 646C6973 		.ascii	"dlist\000"
 2027      7400
 2028              	.LASF63:
 2029 054e 73797374 		.ascii	"systime_t\000"
 2029      696D655F 
 2029      7400
 2030              	.LASF87:
 2031 0558 62756666 		.ascii	"buffer\000"
 2031      657200
 2032              	.LASF71:
 2033 055f 63685F70 		.ascii	"ch_priority_queue_t\000"
 2033      72696F72 
 2033      6974795F 
 2033      71756575 
ARM GAS  C:\Users\DEVELO~1\AppData\Local\Temp\cc4AxQAg.s 			page 41


 2033      655F7400 
 2034              	.LASF60:
 2035 0573 70616E69 		.ascii	"panic_msg\000"
 2035      635F6D73 
 2035      6700
 2036              	.LASF101:
 2037 057d 70717565 		.ascii	"pqueue\000"
 2037      756500
 2038              	.LASF130:
 2039 0584 73706935 		.ascii	"spi5_mutex\000"
 2039      5F6D7574 
 2039      657800
 2040              	.LASF44:
 2041 058f 6F735F69 		.ascii	"os_instance_t\000"
 2041      6E737461 
 2041      6E63655F 
 2041      7400
 2042              	.LASF49:
 2043 059d 7265676C 		.ascii	"reglist\000"
 2043      69737400 
 2044              	.LASF72:
 2045 05a5 63685F70 		.ascii	"ch_priority_queue\000"
 2045      72696F72 
 2045      6974795F 
 2045      71756575 
 2045      6500
 2046              	.LASF74:
 2047 05b7 63685F64 		.ascii	"ch_delta_list_t\000"
 2047      656C7461 
 2047      5F6C6973 
 2047      745F7400 
 2048              	.LASF116:
 2049 05c7 6D61696E 		.ascii	"mainthread_end\000"
 2049      74687265 
 2049      61645F65 
 2049      6E6400
 2050              	.LASF119:
 2051 05d6 6F735F69 		.ascii	"os_instance_config_t\000"
 2051      6E737461 
 2051      6E63655F 
 2051      636F6E66 
 2051      69675F74 
 2052              	.LASF47:
 2053 05eb 726C6973 		.ascii	"rlist\000"
 2053      7400
 2054              	.LASF15:
 2055 05f1 75696E74 		.ascii	"uint8_t\000"
 2055      385F7400 
 2056              	.LASF36:
 2057 05f9 666C6167 		.ascii	"flags\000"
 2057      7300
 2058              	.LASF110:
 2059 05ff 63685F6D 		.ascii	"ch_mutex\000"
 2059      75746578 
 2059      00
 2060              	.LASF54:
 2061 0608 74726163 		.ascii	"trace_buffer\000"
ARM GAS  C:\Users\DEVELO~1\AppData\Local\Temp\cc4AxQAg.s 			page 42


 2061      655F6275 
 2061      66666572 
 2061      00
 2062              	.LASF100:
 2063 0615 6C697374 		.ascii	"list\000"
 2063      00
 2064              	.LASF118:
 2065 061a 69646C65 		.ascii	"idlethread_end\000"
 2065      74687265 
 2065      61645F65 
 2065      6E6400
 2066              	.LASF41:
 2067 0629 6D74786C 		.ascii	"mtxlist\000"
 2067      69737400 
 2068              	.LASF126:
 2069 0631 64726976 		.ascii	"drivers_init_all\000"
 2069      6572735F 
 2069      696E6974 
 2069      5F616C6C 
 2069      00
 2070              		.ident	"GCC: (Arm GNU Toolchain 11.3.Rel1) 11.3.1 20220712"
ARM GAS  C:\Users\DEVELO~1\AppData\Local\Temp\cc4AxQAg.s 			page 43


DEFINED SYMBOLS
                            *ABS*:00000000 drivers.c
C:\Users\DEVELO~1\AppData\Local\Temp\cc4AxQAg.s:22     .bss.spi5_mutex:00000000 spi5_mutex
C:\Users\DEVELO~1\AppData\Local\Temp\cc4AxQAg.s:19     .bss.spi5_mutex:00000000 $d
C:\Users\DEVELO~1\AppData\Local\Temp\cc4AxQAg.s:25     .text.drivers_init_all:00000000 $t
C:\Users\DEVELO~1\AppData\Local\Temp\cc4AxQAg.s:31     .text.drivers_init_all:00000000 drivers_init_all
C:\Users\DEVELO~1\AppData\Local\Temp\cc4AxQAg.s:57     .text.drivers_init_all:00000018 $d
C:\Users\DEVELO~1\AppData\Local\Temp\cc4AxQAg.s:62     .text.drivers_update_all:00000000 $t
C:\Users\DEVELO~1\AppData\Local\Temp\cc4AxQAg.s:68     .text.drivers_update_all:00000000 drivers_update_all

UNDEFINED SYMBOLS
chMtxObjectInit
drv_display_init
drv_display_start
drv_display_update
