ARM GAS  C:\Users\DEVELO~1\AppData\Local\Temp\cclknTQo.s 			page 1


   1              		.cpu cortex-m7
   2              		.arch armv7e-m
   3              		.fpu softvfp
   4              		.eabi_attribute 20, 1
   5              		.eabi_attribute 21, 1
   6              		.eabi_attribute 23, 3
   7              		.eabi_attribute 24, 1
   8              		.eabi_attribute 25, 1
   9              		.eabi_attribute 26, 1
  10              		.eabi_attribute 30, 6
  11              		.eabi_attribute 34, 1
  12              		.eabi_attribute 18, 4
  13              		.file	"drv_encoders.c"
  14              		.text
  15              	.Ltext0:
  16              		.cfi_sections	.debug_frame
  17              		.section	.rodata.enc_hw,"a"
  18              		.align	2
  19              		.type	enc_hw, %object
  20              		.size	enc_hw, 64
  21              	enc_hw:
  22 0000 00040258 		.word	1476527104
  23 0004 0000     		.short	0
  24 0006 0000     		.space	2
  25 0008 00040258 		.word	1476527104
  26 000c 0100     		.short	1
  27 000e 0000     		.space	2
  28 0010 00040258 		.word	1476527104
  29 0014 0A00     		.short	10
  30 0016 0000     		.space	2
  31 0018 00040258 		.word	1476527104
  32 001c 0B00     		.short	11
  33 001e 0000     		.space	2
  34 0020 001C0258 		.word	1476533248
  35 0024 0A00     		.short	10
  36 0026 0000     		.space	2
  37 0028 001C0258 		.word	1476533248
  38 002c 0B00     		.short	11
  39 002e 0000     		.space	2
  40 0030 000C0258 		.word	1476529152
  41 0034 0C00     		.short	12
  42 0036 0000     		.space	2
  43 0038 000C0258 		.word	1476529152
  44 003c 0D00     		.short	13
  45 003e 0000     		.space	2
  46              		.section	.bss.enc_value,"aw",%nobits
  47              		.align	2
  48              		.type	enc_value, %object
  49              		.size	enc_value, 8
  50              	enc_value:
  51 0000 00000000 		.space	8
  51      00000000 
  52              		.section	.bss.enc_prev_state,"aw",%nobits
  53              		.align	2
  54              		.type	enc_prev_state, %object
  55              		.size	enc_prev_state, 4
  56              	enc_prev_state:
ARM GAS  C:\Users\DEVELO~1\AppData\Local\Temp\cclknTQo.s 			page 2


  57 0000 00000000 		.space	4
  58              		.section	.bss.enc_started,"aw",%nobits
  59              		.type	enc_started, %object
  60              		.size	enc_started, 1
  61              	enc_started:
  62 0000 00       		.space	1
  63              		.section	.rodata.quad_table,"a"
  64              		.align	2
  65              		.type	quad_table, %object
  66              		.size	quad_table, 16
  67              	quad_table:
  68 0000 00FF0100 		.ascii	"\000\377\001\000\001\000\000\377\377\000\000\001\000"
  68      010000FF 
  68      FF000001 
  68      00
  69 000d 01FF00   		.ascii	"\001\377\000"
  70              		.section	.text.enc_read_state,"ax",%progbits
  71              		.align	1
  72              		.syntax unified
  73              		.thumb
  74              		.thumb_func
  75              		.type	enc_read_state, %function
  76              	enc_read_state:
  77              	.LFB432:
  78              		.file 1 "drivers/drv_encoders.c"
  79              		.loc 1 40 42
  80              		.cfi_startproc
  81              		@ args = 0, pretend = 0, frame = 16
  82              		@ frame_needed = 1, uses_anonymous_args = 0
  83              		@ link register save eliminated.
  84 0000 80B4     		push	{r7}
  85              		.cfi_def_cfa_offset 4
  86              		.cfi_offset 7, -4
  87 0002 85B0     		sub	sp, sp, #20
  88              		.cfi_def_cfa_offset 24
  89 0004 00AF     		add	r7, sp, #0
  90              		.cfi_def_cfa_register 7
  91 0006 0346     		mov	r3, r0
  92 0008 FB71     		strb	r3, [r7, #7]
  93              		.loc 1 41 30
  94 000a FB79     		ldrb	r3, [r7, #7]	@ zero_extendqisi2
  95              		.loc 1 41 19
  96 000c 1B01     		lsls	r3, r3, #4
  97 000e 164A     		ldr	r2, .L3
  98 0010 1344     		add	r3, r3, r2
  99 0012 FB60     		str	r3, [r7, #12]
 100              		.loc 1 42 15
 101 0014 FB68     		ldr	r3, [r7, #12]
 102 0016 1B68     		ldr	r3, [r3]
 103 0018 1B69     		ldr	r3, [r3, #16]
 104 001a FA68     		ldr	r2, [r7, #12]
 105 001c 9288     		ldrh	r2, [r2, #4]
 106 001e D340     		lsrs	r3, r3, r2
 107 0020 03F00103 		and	r3, r3, #1
 108              		.loc 1 42 49
 109 0024 002B     		cmp	r3, #0
 110 0026 14BF     		ite	ne
ARM GAS  C:\Users\DEVELO~1\AppData\Local\Temp\cclknTQo.s 			page 3


 111 0028 0123     		movne	r3, #1
 112 002a 0023     		moveq	r3, #0
 113 002c DBB2     		uxtb	r3, r3
 114              		.loc 1 42 11
 115 002e FB72     		strb	r3, [r7, #11]
 116              		.loc 1 43 15
 117 0030 FB68     		ldr	r3, [r7, #12]
 118 0032 9B68     		ldr	r3, [r3, #8]
 119 0034 1B69     		ldr	r3, [r3, #16]
 120 0036 FA68     		ldr	r2, [r7, #12]
 121 0038 9289     		ldrh	r2, [r2, #12]
 122 003a D340     		lsrs	r3, r3, r2
 123 003c 03F00103 		and	r3, r3, #1
 124              		.loc 1 43 49
 125 0040 002B     		cmp	r3, #0
 126 0042 14BF     		ite	ne
 127 0044 0123     		movne	r3, #1
 128 0046 0023     		moveq	r3, #0
 129 0048 DBB2     		uxtb	r3, r3
 130              		.loc 1 43 11
 131 004a BB72     		strb	r3, [r7, #10]
 132              		.loc 1 44 23
 133 004c FB7A     		ldrb	r3, [r7, #11]	@ zero_extendqisi2
 134 004e 5B00     		lsls	r3, r3, #1
 135              		.loc 1 44 29
 136 0050 5AB2     		sxtb	r2, r3
 137 0052 97F90A30 		ldrsb	r3, [r7, #10]
 138 0056 1343     		orrs	r3, r3, r2
 139 0058 5BB2     		sxtb	r3, r3
 140              		.loc 1 44 10
 141 005a DBB2     		uxtb	r3, r3
 142              		.loc 1 45 1
 143 005c 1846     		mov	r0, r3
 144 005e 1437     		adds	r7, r7, #20
 145              		.cfi_def_cfa_offset 4
 146 0060 BD46     		mov	sp, r7
 147              		.cfi_def_cfa_register 13
 148              		@ sp needed
 149 0062 80BC     		pop	{r7}
 150              		.cfi_restore 7
 151              		.cfi_def_cfa_offset 0
 152 0064 7047     		bx	lr
 153              	.L4:
 154 0066 00BF     		.align	2
 155              	.L3:
 156 0068 00000000 		.word	enc_hw
 157              		.cfi_endproc
 158              	.LFE432:
 159              		.size	enc_read_state, .-enc_read_state
 160              		.section	.text.drv_encoders_start,"ax",%progbits
 161              		.align	1
 162              		.global	drv_encoders_start
 163              		.syntax unified
 164              		.thumb
 165              		.thumb_func
 166              		.type	drv_encoders_start, %function
 167              	drv_encoders_start:
ARM GAS  C:\Users\DEVELO~1\AppData\Local\Temp\cclknTQo.s 			page 4


 168              	.LFB433:
 169              		.loc 1 49 31
 170              		.cfi_startproc
 171              		@ args = 0, pretend = 0, frame = 8
 172              		@ frame_needed = 1, uses_anonymous_args = 0
 173 0000 80B5     		push	{r7, lr}
 174              		.cfi_def_cfa_offset 8
 175              		.cfi_offset 7, -8
 176              		.cfi_offset 14, -4
 177 0002 82B0     		sub	sp, sp, #8
 178              		.cfi_def_cfa_offset 16
 179 0004 00AF     		add	r7, sp, #0
 180              		.cfi_def_cfa_register 7
 181              		.loc 1 51 7
 182 0006 254B     		ldr	r3, .L11
 183 0008 1B78     		ldrb	r3, [r3]	@ zero_extendqisi2
 184              		.loc 1 51 6
 185 000a 002B     		cmp	r3, #0
 186 000c 42D1     		bne	.L10
 187              	.LBB2:
 188              		.loc 1 53 12
 189 000e 0023     		movs	r3, #0
 190 0010 7B60     		str	r3, [r7, #4]
 191              		.loc 1 53 3
 192 0012 38E0     		b	.L8
 193              	.L9:
 194              		.loc 1 55 5 discriminator 3
 195 0014 224A     		ldr	r2, .L11+4
 196 0016 7B68     		ldr	r3, [r7, #4]
 197 0018 1B01     		lsls	r3, r3, #4
 198 001a 1344     		add	r3, r3, r2
 199 001c 1868     		ldr	r0, [r3]
 200 001e 204A     		ldr	r2, .L11+4
 201 0020 7B68     		ldr	r3, [r7, #4]
 202 0022 1B01     		lsls	r3, r3, #4
 203 0024 1344     		add	r3, r3, r2
 204 0026 0433     		adds	r3, r3, #4
 205 0028 1B88     		ldrh	r3, [r3]
 206 002a 1A46     		mov	r2, r3
 207 002c 0123     		movs	r3, #1
 208 002e 9340     		lsls	r3, r3, r2
 209 0030 2022     		movs	r2, #32
 210 0032 1946     		mov	r1, r3
 211 0034 FFF7FEFF 		bl	_pal_lld_setgroupmode
 212              		.loc 1 56 5 discriminator 3
 213 0038 194A     		ldr	r2, .L11+4
 214 003a 7B68     		ldr	r3, [r7, #4]
 215 003c 1B01     		lsls	r3, r3, #4
 216 003e 1344     		add	r3, r3, r2
 217 0040 0833     		adds	r3, r3, #8
 218 0042 1868     		ldr	r0, [r3]
 219 0044 164A     		ldr	r2, .L11+4
 220 0046 7B68     		ldr	r3, [r7, #4]
 221 0048 1B01     		lsls	r3, r3, #4
 222 004a 1344     		add	r3, r3, r2
 223 004c 0C33     		adds	r3, r3, #12
 224 004e 1B88     		ldrh	r3, [r3]
ARM GAS  C:\Users\DEVELO~1\AppData\Local\Temp\cclknTQo.s 			page 5


 225 0050 1A46     		mov	r2, r3
 226 0052 0123     		movs	r3, #1
 227 0054 9340     		lsls	r3, r3, r2
 228 0056 2022     		movs	r2, #32
 229 0058 1946     		mov	r1, r3
 230 005a FFF7FEFF 		bl	_pal_lld_setgroupmode
 231              		.loc 1 58 18 discriminator 3
 232 005e 114A     		ldr	r2, .L11+8
 233 0060 7B68     		ldr	r3, [r7, #4]
 234 0062 0021     		movs	r1, #0
 235 0064 22F81310 		strh	r1, [r2, r3, lsl #1]	@ movhi
 236              		.loc 1 59 25 discriminator 3
 237 0068 7B68     		ldr	r3, [r7, #4]
 238 006a DBB2     		uxtb	r3, r3
 239 006c 1846     		mov	r0, r3
 240 006e FFF7FEFF 		bl	enc_read_state
 241 0072 0346     		mov	r3, r0
 242 0074 1946     		mov	r1, r3
 243              		.loc 1 59 23 discriminator 3
 244 0076 0C4A     		ldr	r2, .L11+12
 245 0078 7B68     		ldr	r3, [r7, #4]
 246 007a 1344     		add	r3, r3, r2
 247 007c 0A46     		mov	r2, r1
 248 007e 1A70     		strb	r2, [r3]
 249              		.loc 1 53 39 discriminator 3
 250 0080 7B68     		ldr	r3, [r7, #4]
 251 0082 0133     		adds	r3, r3, #1
 252 0084 7B60     		str	r3, [r7, #4]
 253              	.L8:
 254              		.loc 1 53 21 discriminator 1
 255 0086 7B68     		ldr	r3, [r7, #4]
 256 0088 032B     		cmp	r3, #3
 257 008a C3DD     		ble	.L9
 258              	.LBE2:
 259              		.loc 1 62 15
 260 008c 034B     		ldr	r3, .L11
 261 008e 0122     		movs	r2, #1
 262 0090 1A70     		strb	r2, [r3]
 263 0092 00E0     		b	.L5
 264              	.L10:
 265              		.loc 1 51 20
 266 0094 00BF     		nop
 267              	.L5:
 268              		.loc 1 63 1
 269 0096 0837     		adds	r7, r7, #8
 270              		.cfi_def_cfa_offset 8
 271 0098 BD46     		mov	sp, r7
 272              		.cfi_def_cfa_register 13
 273              		@ sp needed
 274 009a 80BD     		pop	{r7, pc}
 275              	.L12:
 276              		.align	2
 277              	.L11:
 278 009c 00000000 		.word	enc_started
 279 00a0 00000000 		.word	enc_hw
 280 00a4 00000000 		.word	enc_value
 281 00a8 00000000 		.word	enc_prev_state
ARM GAS  C:\Users\DEVELO~1\AppData\Local\Temp\cclknTQo.s 			page 6


 282              		.cfi_endproc
 283              	.LFE433:
 284              		.size	drv_encoders_start, .-drv_encoders_start
 285              		.section	.text.enc_poll,"ax",%progbits
 286              		.align	1
 287              		.syntax unified
 288              		.thumb
 289              		.thumb_func
 290              		.type	enc_poll, %function
 291              	enc_poll:
 292              	.LFB434:
 293              		.loc 1 66 33
 294              		.cfi_startproc
 295              		@ args = 0, pretend = 0, frame = 16
 296              		@ frame_needed = 1, uses_anonymous_args = 0
 297 0000 80B5     		push	{r7, lr}
 298              		.cfi_def_cfa_offset 8
 299              		.cfi_offset 7, -8
 300              		.cfi_offset 14, -4
 301 0002 84B0     		sub	sp, sp, #16
 302              		.cfi_def_cfa_offset 24
 303 0004 00AF     		add	r7, sp, #0
 304              		.cfi_def_cfa_register 7
 305 0006 0346     		mov	r3, r0
 306 0008 FB71     		strb	r3, [r7, #7]
 307              		.loc 1 67 32
 308 000a FB79     		ldrb	r3, [r7, #7]	@ zero_extendqisi2
 309              		.loc 1 67 11
 310 000c 154A     		ldr	r2, .L14
 311 000e D35C     		ldrb	r3, [r2, r3]
 312 0010 FB73     		strb	r3, [r7, #15]
 313              		.loc 1 68 18
 314 0012 FB79     		ldrb	r3, [r7, #7]	@ zero_extendqisi2
 315 0014 1846     		mov	r0, r3
 316 0016 FFF7FEFF 		bl	enc_read_state
 317 001a 0346     		mov	r3, r0
 318 001c BB73     		strb	r3, [r7, #14]
 319              		.loc 1 70 33
 320 001e FB7B     		ldrb	r3, [r7, #15]	@ zero_extendqisi2
 321 0020 9B00     		lsls	r3, r3, #2
 322              		.loc 1 70 39
 323 0022 5AB2     		sxtb	r2, r3
 324 0024 97F90E30 		ldrsb	r3, [r7, #14]
 325 0028 1343     		orrs	r3, r3, r2
 326 002a 5BB2     		sxtb	r3, r3
 327              		.loc 1 70 11
 328 002c 7B73     		strb	r3, [r7, #13]
 329              		.loc 1 71 28
 330 002e 7B7B     		ldrb	r3, [r7, #13]	@ zero_extendqisi2
 331              		.loc 1 71 10
 332 0030 0D4A     		ldr	r2, .L14+4
 333 0032 D35C     		ldrb	r3, [r2, r3]
 334 0034 3B73     		strb	r3, [r7, #12]
 335              		.loc 1 73 16
 336 0036 FB79     		ldrb	r3, [r7, #7]	@ zero_extendqisi2
 337 0038 0C4A     		ldr	r2, .L14+8
 338 003a 32F91330 		ldrsh	r3, [r2, r3, lsl #1]
ARM GAS  C:\Users\DEVELO~1\AppData\Local\Temp\cclknTQo.s 			page 7


 339 003e 9AB2     		uxth	r2, r3
 340 0040 97F90C30 		ldrsb	r3, [r7, #12]
 341 0044 9BB2     		uxth	r3, r3
 342 0046 1344     		add	r3, r3, r2
 343 0048 9AB2     		uxth	r2, r3
 344 004a FB79     		ldrb	r3, [r7, #7]	@ zero_extendqisi2
 345 004c 11B2     		sxth	r1, r2
 346 004e 074A     		ldr	r2, .L14+8
 347 0050 22F81310 		strh	r1, [r2, r3, lsl #1]	@ movhi
 348              		.loc 1 74 17
 349 0054 FB79     		ldrb	r3, [r7, #7]	@ zero_extendqisi2
 350              		.loc 1 74 21
 351 0056 0349     		ldr	r1, .L14
 352 0058 BA7B     		ldrb	r2, [r7, #14]
 353 005a CA54     		strb	r2, [r1, r3]
 354              		.loc 1 75 1
 355 005c 00BF     		nop
 356 005e 1037     		adds	r7, r7, #16
 357              		.cfi_def_cfa_offset 8
 358 0060 BD46     		mov	sp, r7
 359              		.cfi_def_cfa_register 13
 360              		@ sp needed
 361 0062 80BD     		pop	{r7, pc}
 362              	.L15:
 363              		.align	2
 364              	.L14:
 365 0064 00000000 		.word	enc_prev_state
 366 0068 00000000 		.word	quad_table
 367 006c 00000000 		.word	enc_value
 368              		.cfi_endproc
 369              	.LFE434:
 370              		.size	enc_poll, .-enc_poll
 371              		.section	.text.drv_encoder_get,"ax",%progbits
 372              		.align	1
 373              		.global	drv_encoder_get
 374              		.syntax unified
 375              		.thumb
 376              		.thumb_func
 377              		.type	drv_encoder_get, %function
 378              	drv_encoder_get:
 379              	.LFB435:
 380              		.loc 1 77 42
 381              		.cfi_startproc
 382              		@ args = 0, pretend = 0, frame = 8
 383              		@ frame_needed = 1, uses_anonymous_args = 0
 384 0000 80B5     		push	{r7, lr}
 385              		.cfi_def_cfa_offset 8
 386              		.cfi_offset 7, -8
 387              		.cfi_offset 14, -4
 388 0002 82B0     		sub	sp, sp, #8
 389              		.cfi_def_cfa_offset 16
 390 0004 00AF     		add	r7, sp, #0
 391              		.cfi_def_cfa_register 7
 392 0006 0346     		mov	r3, r0
 393 0008 FB71     		strb	r3, [r7, #7]
 394              		.loc 1 78 6
 395 000a FB79     		ldrb	r3, [r7, #7]	@ zero_extendqisi2
ARM GAS  C:\Users\DEVELO~1\AppData\Local\Temp\cclknTQo.s 			page 8


 396 000c 032B     		cmp	r3, #3
 397 000e 01D9     		bls	.L17
 398              		.loc 1 78 35 discriminator 1
 399 0010 0023     		movs	r3, #0
 400 0012 07E0     		b	.L18
 401              	.L17:
 402              		.loc 1 79 3
 403 0014 FB79     		ldrb	r3, [r7, #7]	@ zero_extendqisi2
 404 0016 1846     		mov	r0, r3
 405 0018 FFF7FEFF 		bl	enc_poll
 406              		.loc 1 80 19
 407 001c FB79     		ldrb	r3, [r7, #7]	@ zero_extendqisi2
 408 001e 034A     		ldr	r2, .L19
 409 0020 32F91330 		ldrsh	r3, [r2, r3, lsl #1]
 410              	.L18:
 411              		.loc 1 81 1
 412 0024 1846     		mov	r0, r3
 413 0026 0837     		adds	r7, r7, #8
 414              		.cfi_def_cfa_offset 8
 415 0028 BD46     		mov	sp, r7
 416              		.cfi_def_cfa_register 13
 417              		@ sp needed
 418 002a 80BD     		pop	{r7, pc}
 419              	.L20:
 420              		.align	2
 421              	.L19:
 422 002c 00000000 		.word	enc_value
 423              		.cfi_endproc
 424              	.LFE435:
 425              		.size	drv_encoder_get, .-drv_encoder_get
 426              		.section	.text.drv_encoder_get_delta,"ax",%progbits
 427              		.align	1
 428              		.global	drv_encoder_get_delta
 429              		.syntax unified
 430              		.thumb
 431              		.thumb_func
 432              		.type	drv_encoder_get_delta, %function
 433              	drv_encoder_get_delta:
 434              	.LFB436:
 435              		.loc 1 83 48
 436              		.cfi_startproc
 437              		@ args = 0, pretend = 0, frame = 16
 438              		@ frame_needed = 1, uses_anonymous_args = 0
 439 0000 80B5     		push	{r7, lr}
 440              		.cfi_def_cfa_offset 8
 441              		.cfi_offset 7, -8
 442              		.cfi_offset 14, -4
 443 0002 84B0     		sub	sp, sp, #16
 444              		.cfi_def_cfa_offset 24
 445 0004 00AF     		add	r7, sp, #0
 446              		.cfi_def_cfa_register 7
 447 0006 0346     		mov	r3, r0
 448 0008 FB71     		strb	r3, [r7, #7]
 449              		.loc 1 86 6
 450 000a FB79     		ldrb	r3, [r7, #7]	@ zero_extendqisi2
 451 000c 032B     		cmp	r3, #3
 452 000e 01D9     		bls	.L22
ARM GAS  C:\Users\DEVELO~1\AppData\Local\Temp\cclknTQo.s 			page 9


 453              		.loc 1 86 35 discriminator 1
 454 0010 0023     		movs	r3, #0
 455 0012 18E0     		b	.L23
 456              	.L22:
 457              		.loc 1 88 3
 458 0014 FB79     		ldrb	r3, [r7, #7]	@ zero_extendqisi2
 459 0016 1846     		mov	r0, r3
 460 0018 FFF7FEFF 		bl	enc_poll
 461              		.loc 1 90 26
 462 001c FB79     		ldrb	r3, [r7, #7]	@ zero_extendqisi2
 463              		.loc 1 90 11
 464 001e 0C4A     		ldr	r2, .L24
 465 0020 32F81330 		ldrh	r3, [r2, r3, lsl #1]	@ movhi
 466 0024 FB81     		strh	r3, [r7, #14]	@ movhi
 467              		.loc 1 91 19
 468 0026 FA89     		ldrh	r2, [r7, #14]
 469              		.loc 1 91 25
 470 0028 FB79     		ldrb	r3, [r7, #7]	@ zero_extendqisi2
 471 002a 0A49     		ldr	r1, .L24+4
 472 002c 31F91330 		ldrsh	r3, [r1, r3, lsl #1]
 473 0030 9BB2     		uxth	r3, r3
 474              		.loc 1 91 19
 475 0032 D31A     		subs	r3, r2, r3
 476 0034 9BB2     		uxth	r3, r3
 477              		.loc 1 91 11
 478 0036 BB81     		strh	r3, [r7, #12]	@ movhi
 479              		.loc 1 92 7
 480 0038 FB79     		ldrb	r3, [r7, #7]	@ zero_extendqisi2
 481              		.loc 1 92 12
 482 003a 0649     		ldr	r1, .L24+4
 483 003c FA89     		ldrh	r2, [r7, #14]	@ movhi
 484 003e 21F81320 		strh	r2, [r1, r3, lsl #1]	@ movhi
 485              		.loc 1 93 10
 486 0042 B7F90C30 		ldrsh	r3, [r7, #12]
 487              	.L23:
 488              		.loc 1 94 1
 489 0046 1846     		mov	r0, r3
 490 0048 1037     		adds	r7, r7, #16
 491              		.cfi_def_cfa_offset 8
 492 004a BD46     		mov	sp, r7
 493              		.cfi_def_cfa_register 13
 494              		@ sp needed
 495 004c 80BD     		pop	{r7, pc}
 496              	.L25:
 497 004e 00BF     		.align	2
 498              	.L24:
 499 0050 00000000 		.word	enc_value
 500 0054 00000000 		.word	last.0
 501              		.cfi_endproc
 502              	.LFE436:
 503              		.size	drv_encoder_get_delta, .-drv_encoder_get_delta
 504              		.section	.text.drv_encoder_get_delta_accel,"ax",%progbits
 505              		.align	1
 506              		.global	drv_encoder_get_delta_accel
 507              		.syntax unified
 508              		.thumb
 509              		.thumb_func
ARM GAS  C:\Users\DEVELO~1\AppData\Local\Temp\cclknTQo.s 			page 10


 510              		.type	drv_encoder_get_delta_accel, %function
 511              	drv_encoder_get_delta_accel:
 512              	.LFB437:
 513              		.loc 1 96 54
 514              		.cfi_startproc
 515              		@ args = 0, pretend = 0, frame = 16
 516              		@ frame_needed = 1, uses_anonymous_args = 0
 517 0000 80B5     		push	{r7, lr}
 518              		.cfi_def_cfa_offset 8
 519              		.cfi_offset 7, -8
 520              		.cfi_offset 14, -4
 521 0002 84B0     		sub	sp, sp, #16
 522              		.cfi_def_cfa_offset 24
 523 0004 00AF     		add	r7, sp, #0
 524              		.cfi_def_cfa_register 7
 525 0006 0346     		mov	r3, r0
 526 0008 FB71     		strb	r3, [r7, #7]
 527              		.loc 1 97 15
 528 000a FB79     		ldrb	r3, [r7, #7]	@ zero_extendqisi2
 529 000c 1846     		mov	r0, r3
 530 000e FFF7FEFF 		bl	drv_encoder_get_delta
 531 0012 0346     		mov	r3, r0
 532 0014 FB81     		strh	r3, [r7, #14]	@ movhi
 533              		.loc 1 99 6
 534 0016 B7F90E30 		ldrsh	r3, [r7, #14]
 535 001a 052B     		cmp	r3, #5
 536 001c 04DD     		ble	.L27
 537              		.loc 1 99 29 discriminator 1
 538 001e FB89     		ldrh	r3, [r7, #14]
 539 0020 9B00     		lsls	r3, r3, #2
 540 0022 9BB2     		uxth	r3, r3
 541 0024 1BB2     		sxth	r3, r3
 542 0026 1EE0     		b	.L28
 543              	.L27:
 544              		.loc 1 100 11
 545 0028 B7F90E30 		ldrsh	r3, [r7, #14]
 546 002c 022B     		cmp	r3, #2
 547 002e 04DD     		ble	.L29
 548              		.loc 1 100 29 discriminator 1
 549 0030 FB89     		ldrh	r3, [r7, #14]
 550 0032 5B00     		lsls	r3, r3, #1
 551 0034 9BB2     		uxth	r3, r3
 552 0036 1BB2     		sxth	r3, r3
 553 0038 15E0     		b	.L28
 554              	.L29:
 555              		.loc 1 101 11
 556 003a B7F90E30 		ldrsh	r3, [r7, #14]
 557 003e 13F1050F 		cmn	r3, #5
 558 0042 04DA     		bge	.L30
 559              		.loc 1 101 29 discriminator 1
 560 0044 FB89     		ldrh	r3, [r7, #14]
 561 0046 9B00     		lsls	r3, r3, #2
 562 0048 9BB2     		uxth	r3, r3
 563 004a 1BB2     		sxth	r3, r3
 564 004c 0BE0     		b	.L28
 565              	.L30:
 566              		.loc 1 102 11
ARM GAS  C:\Users\DEVELO~1\AppData\Local\Temp\cclknTQo.s 			page 11


 567 004e B7F90E30 		ldrsh	r3, [r7, #14]
 568 0052 13F1020F 		cmn	r3, #2
 569 0056 04DA     		bge	.L31
 570              		.loc 1 102 29 discriminator 1
 571 0058 FB89     		ldrh	r3, [r7, #14]
 572 005a 5B00     		lsls	r3, r3, #1
 573 005c 9BB2     		uxth	r3, r3
 574 005e 1BB2     		sxth	r3, r3
 575 0060 01E0     		b	.L28
 576              	.L31:
 577              		.loc 1 103 27
 578 0062 B7F90E30 		ldrsh	r3, [r7, #14]
 579              	.L28:
 580              		.loc 1 104 1
 581 0066 1846     		mov	r0, r3
 582 0068 1037     		adds	r7, r7, #16
 583              		.cfi_def_cfa_offset 8
 584 006a BD46     		mov	sp, r7
 585              		.cfi_def_cfa_register 13
 586              		@ sp needed
 587 006c 80BD     		pop	{r7, pc}
 588              		.cfi_endproc
 589              	.LFE437:
 590              		.size	drv_encoder_get_delta_accel, .-drv_encoder_get_delta_accel
 591              		.section	.text.drv_encoder_reset,"ax",%progbits
 592              		.align	1
 593              		.global	drv_encoder_reset
 594              		.syntax unified
 595              		.thumb
 596              		.thumb_func
 597              		.type	drv_encoder_reset, %function
 598              	drv_encoder_reset:
 599              	.LFB438:
 600              		.loc 1 106 41
 601              		.cfi_startproc
 602              		@ args = 0, pretend = 0, frame = 8
 603              		@ frame_needed = 1, uses_anonymous_args = 0
 604              		@ link register save eliminated.
 605 0000 80B4     		push	{r7}
 606              		.cfi_def_cfa_offset 4
 607              		.cfi_offset 7, -4
 608 0002 83B0     		sub	sp, sp, #12
 609              		.cfi_def_cfa_offset 16
 610 0004 00AF     		add	r7, sp, #0
 611              		.cfi_def_cfa_register 7
 612 0006 0346     		mov	r3, r0
 613 0008 FB71     		strb	r3, [r7, #7]
 614              		.loc 1 107 6
 615 000a FB79     		ldrb	r3, [r7, #7]	@ zero_extendqisi2
 616 000c 032B     		cmp	r3, #3
 617 000e 05D8     		bhi	.L35
 618              		.loc 1 108 12
 619 0010 FB79     		ldrb	r3, [r7, #7]	@ zero_extendqisi2
 620              		.loc 1 108 17
 621 0012 054A     		ldr	r2, .L36
 622 0014 0021     		movs	r1, #0
 623 0016 22F81310 		strh	r1, [r2, r3, lsl #1]	@ movhi
ARM GAS  C:\Users\DEVELO~1\AppData\Local\Temp\cclknTQo.s 			page 12


 624 001a 00E0     		b	.L32
 625              	.L35:
 626              		.loc 1 107 28
 627 001c 00BF     		nop
 628              	.L32:
 629              		.loc 1 109 1
 630 001e 0C37     		adds	r7, r7, #12
 631              		.cfi_def_cfa_offset 4
 632 0020 BD46     		mov	sp, r7
 633              		.cfi_def_cfa_register 13
 634              		@ sp needed
 635 0022 80BC     		pop	{r7}
 636              		.cfi_restore 7
 637              		.cfi_def_cfa_offset 0
 638 0024 7047     		bx	lr
 639              	.L37:
 640 0026 00BF     		.align	2
 641              	.L36:
 642 0028 00000000 		.word	enc_value
 643              		.cfi_endproc
 644              	.LFE438:
 645              		.size	drv_encoder_reset, .-drv_encoder_reset
 646              		.section	.bss.last.0,"aw",%nobits
 647              		.align	2
 648              		.type	last.0, %object
 649              		.size	last.0, 8
 650              	last.0:
 651 0000 00000000 		.space	8
 651      00000000 
 652              		.text
 653              	.Letext0:
 654              		.file 2 "c:\\chibistudio\\tools\\gnu tools arm embedded\\11.3 2022.08\\arm-none-eabi\\include\\mac
 655              		.file 3 "c:\\chibistudio\\tools\\gnu tools arm embedded\\11.3 2022.08\\arm-none-eabi\\include\\sys
 656              		.file 4 "drivers/drv_encoders.h"
 657              		.file 5 "../../../os/hal/ports/STM32/LLD/GPIOv2/stm32_gpio.h"
 658              		.file 6 "../../../os/hal/ports/STM32/LLD/GPIOv2/hal_pal_lld.h"
 659              		.section	.debug_info,"",%progbits
 660              	.Ldebug_info0:
 661 0000 E3040000 		.4byte	0x4e3
 662 0004 0500     		.2byte	0x5
 663 0006 01       		.byte	0x1
 664 0007 04       		.byte	0x4
 665 0008 00000000 		.4byte	.Ldebug_abbrev0
 666 000c 12       		.uleb128 0x12
 667 000d 3E000000 		.4byte	.LASF58
 668 0011 1D       		.byte	0x1d
 669 0012 37020000 		.4byte	.LASF59
 670 0016 08010000 		.4byte	.LASF60
 671 001a 0C000000 		.4byte	.LLRL0
 672 001e 00000000 		.4byte	0
 673 0022 00000000 		.4byte	.Ldebug_line0
 674 0026 01       		.uleb128 0x1
 675 0027 C2010000 		.4byte	.LASF0
 676 002b 02       		.byte	0x2
 677 002c 29       		.byte	0x29
 678 002d 17       		.byte	0x17
 679 002e 32000000 		.4byte	0x32
ARM GAS  C:\Users\DEVELO~1\AppData\Local\Temp\cclknTQo.s 			page 13


 680 0032 03       		.uleb128 0x3
 681 0033 01       		.byte	0x1
 682 0034 06       		.byte	0x6
 683 0035 73020000 		.4byte	.LASF2
 684 0039 01       		.uleb128 0x1
 685 003a 27020000 		.4byte	.LASF1
 686 003e 02       		.byte	0x2
 687 003f 2B       		.byte	0x2b
 688 0040 18       		.byte	0x18
 689 0041 45000000 		.4byte	0x45
 690 0045 03       		.uleb128 0x3
 691 0046 01       		.byte	0x1
 692 0047 08       		.byte	0x8
 693 0048 65020000 		.4byte	.LASF3
 694 004c 01       		.uleb128 0x1
 695 004d 69030000 		.4byte	.LASF4
 696 0051 02       		.byte	0x2
 697 0052 37       		.byte	0x37
 698 0053 18       		.byte	0x18
 699 0054 58000000 		.4byte	0x58
 700 0058 03       		.uleb128 0x3
 701 0059 02       		.byte	0x2
 702 005a 05       		.byte	0x5
 703 005b C9000000 		.4byte	.LASF5
 704 005f 01       		.uleb128 0x1
 705 0060 7C010000 		.4byte	.LASF6
 706 0064 02       		.byte	0x2
 707 0065 39       		.byte	0x39
 708 0066 19       		.byte	0x19
 709 0067 6B000000 		.4byte	0x6b
 710 006b 03       		.uleb128 0x3
 711 006c 02       		.byte	0x2
 712 006d 07       		.byte	0x7
 713 006e EE020000 		.4byte	.LASF7
 714 0072 03       		.uleb128 0x3
 715 0073 04       		.byte	0x4
 716 0074 05       		.byte	0x5
 717 0075 FC010000 		.4byte	.LASF8
 718 0079 01       		.uleb128 0x1
 719 007a 67010000 		.4byte	.LASF9
 720 007e 02       		.byte	0x2
 721 007f 4F       		.byte	0x4f
 722 0080 19       		.byte	0x19
 723 0081 85000000 		.4byte	0x85
 724 0085 03       		.uleb128 0x3
 725 0086 04       		.byte	0x4
 726 0087 07       		.byte	0x7
 727 0088 38030000 		.4byte	.LASF10
 728 008c 03       		.uleb128 0x3
 729 008d 08       		.byte	0x8
 730 008e 05       		.byte	0x5
 731 008f D2010000 		.4byte	.LASF11
 732 0093 03       		.uleb128 0x3
 733 0094 08       		.byte	0x8
 734 0095 07       		.byte	0x7
 735 0096 7F020000 		.4byte	.LASF12
 736 009a 13       		.uleb128 0x13
ARM GAS  C:\Users\DEVELO~1\AppData\Local\Temp\cclknTQo.s 			page 14


 737 009b 04       		.byte	0x4
 738 009c 05       		.byte	0x5
 739 009d 696E7400 		.ascii	"int\000"
 740 00a1 03       		.uleb128 0x3
 741 00a2 04       		.byte	0x4
 742 00a3 07       		.byte	0x7
 743 00a4 9F020000 		.4byte	.LASF13
 744 00a8 01       		.uleb128 0x1
 745 00a9 37000000 		.4byte	.LASF14
 746 00ad 03       		.byte	0x3
 747 00ae 14       		.byte	0x14
 748 00af 12       		.byte	0x12
 749 00b0 26000000 		.4byte	0x26
 750 00b4 07       		.uleb128 0x7
 751 00b5 A8000000 		.4byte	0xa8
 752 00b9 01       		.uleb128 0x1
 753 00ba AD010000 		.4byte	.LASF15
 754 00be 03       		.byte	0x3
 755 00bf 18       		.byte	0x18
 756 00c0 13       		.byte	0x13
 757 00c1 39000000 		.4byte	0x39
 758 00c5 01       		.uleb128 0x1
 759 00c6 06030000 		.4byte	.LASF16
 760 00ca 03       		.byte	0x3
 761 00cb 20       		.byte	0x20
 762 00cc 13       		.byte	0x13
 763 00cd 4C000000 		.4byte	0x4c
 764 00d1 01       		.uleb128 0x1
 765 00d2 AC020000 		.4byte	.LASF17
 766 00d6 03       		.byte	0x3
 767 00d7 24       		.byte	0x24
 768 00d8 14       		.byte	0x14
 769 00d9 5F000000 		.4byte	0x5f
 770 00dd 01       		.uleb128 0x1
 771 00de 96020000 		.4byte	.LASF18
 772 00e2 03       		.byte	0x3
 773 00e3 30       		.byte	0x30
 774 00e4 14       		.byte	0x14
 775 00e5 79000000 		.4byte	0x79
 776 00e9 0F       		.uleb128 0xf
 777 00ea DD000000 		.4byte	0xdd
 778 00ee 03       		.uleb128 0x3
 779 00ef 01       		.byte	0x1
 780 00f0 08       		.byte	0x8
 781 00f1 E9020000 		.4byte	.LASF19
 782 00f5 14       		.uleb128 0x14
 783 00f6 07       		.byte	0x7
 784 00f7 01       		.byte	0x1
 785 00f8 45000000 		.4byte	0x45
 786 00fc 04       		.byte	0x4
 787 00fd 09       		.byte	0x9
 788 00fe 0E       		.byte	0xe
 789 00ff 1C010000 		.4byte	0x11c
 790 0103 08       		.uleb128 0x8
 791 0104 D0020000 		.4byte	.LASF20
 792 0108 00       		.byte	0
 793 0109 08       		.uleb128 0x8
ARM GAS  C:\Users\DEVELO~1\AppData\Local\Temp\cclknTQo.s 			page 15


 794 010a D5020000 		.4byte	.LASF21
 795 010e 01       		.byte	0x1
 796 010f 08       		.uleb128 0x8
 797 0110 DA020000 		.4byte	.LASF22
 798 0114 02       		.byte	0x2
 799 0115 08       		.uleb128 0x8
 800 0116 DF020000 		.4byte	.LASF23
 801 011a 03       		.byte	0x3
 802 011b 00       		.byte	0
 803 011c 01       		.uleb128 0x1
 804 011d 87010000 		.4byte	.LASF24
 805 0121 04       		.byte	0x4
 806 0122 0E       		.byte	0xe
 807 0123 03       		.byte	0x3
 808 0124 F5000000 		.4byte	0xf5
 809 0128 03       		.uleb128 0x3
 810 0129 08       		.byte	0x8
 811 012a 04       		.byte	0x4
 812 012b 59020000 		.4byte	.LASF25
 813 012f 09       		.uleb128 0x9
 814 0130 B9000000 		.4byte	0xb9
 815 0134 3F010000 		.4byte	0x13f
 816 0138 0A       		.uleb128 0xa
 817 0139 A1000000 		.4byte	0xa1
 818 013d 03       		.byte	0x3
 819 013e 00       		.byte	0
 820 013f 03       		.uleb128 0x3
 821 0140 01       		.byte	0x1
 822 0141 02       		.byte	0x2
 823 0142 0E030000 		.4byte	.LASF26
 824 0146 0B       		.uleb128 0xb
 825 0147 04       		.byte	0x4
 826 0148 05       		.byte	0x5
 827 0149 5B       		.byte	0x5b
 828 014a 05       		.byte	0x5
 829 014b 68010000 		.4byte	0x168
 830 014f 0C       		.uleb128 0xc
 831 0150 73657400 		.ascii	"set\000"
 832 0154 5C       		.byte	0x5c
 833 0155 D1000000 		.4byte	0xd1
 834 0159 00       		.byte	0
 835 015a 02       		.uleb128 0x2
 836 015b 31020000 		.4byte	.LASF27
 837 015f 05       		.byte	0x5
 838 0160 5D       		.byte	0x5d
 839 0161 19       		.byte	0x19
 840 0162 D1000000 		.4byte	0xd1
 841 0166 02       		.byte	0x2
 842 0167 00       		.byte	0
 843 0168 15       		.uleb128 0x15
 844 0169 04       		.byte	0x4
 845 016a 05       		.byte	0x5
 846 016b 59       		.byte	0x59
 847 016c 0C       		.byte	0xc
 848 016d 84010000 		.4byte	0x184
 849 0171 10       		.uleb128 0x10
 850 0172 5700     		.ascii	"W\000"
ARM GAS  C:\Users\DEVELO~1\AppData\Local\Temp\cclknTQo.s 			page 16


 851 0174 5A       		.byte	0x5a
 852 0175 19       		.byte	0x19
 853 0176 DD000000 		.4byte	0xdd
 854 017a 10       		.uleb128 0x10
 855 017b 4800     		.ascii	"H\000"
 856 017d 5E       		.byte	0x5e
 857 017e 07       		.byte	0x7
 858 017f 46010000 		.4byte	0x146
 859 0183 00       		.byte	0
 860 0184 0F       		.uleb128 0xf
 861 0185 68010000 		.4byte	0x168
 862 0189 0B       		.uleb128 0xb
 863 018a 28       		.byte	0x28
 864 018b 05       		.byte	0x5
 865 018c 51       		.byte	0x51
 866 018d 09       		.byte	0x9
 867 018e 11020000 		.4byte	0x211
 868 0192 02       		.uleb128 0x2
 869 0193 21020000 		.4byte	.LASF28
 870 0197 05       		.byte	0x5
 871 0198 53       		.byte	0x53
 872 0199 19       		.byte	0x19
 873 019a E9000000 		.4byte	0xe9
 874 019e 00       		.byte	0
 875 019f 02       		.uleb128 0x2
 876 01a0 CB010000 		.4byte	.LASF29
 877 01a4 05       		.byte	0x5
 878 01a5 54       		.byte	0x54
 879 01a6 19       		.byte	0x19
 880 01a7 E9000000 		.4byte	0xe9
 881 01ab 04       		.byte	0x4
 882 01ac 02       		.uleb128 0x2
 883 01ad 30030000 		.4byte	.LASF30
 884 01b1 05       		.byte	0x5
 885 01b2 55       		.byte	0x55
 886 01b3 19       		.byte	0x19
 887 01b4 E9000000 		.4byte	0xe9
 888 01b8 08       		.byte	0x8
 889 01b9 02       		.uleb128 0x2
 890 01ba E0010000 		.4byte	.LASF31
 891 01be 05       		.byte	0x5
 892 01bf 56       		.byte	0x56
 893 01c0 19       		.byte	0x19
 894 01c1 E9000000 		.4byte	0xe9
 895 01c5 0C       		.byte	0xc
 896 01c6 0C       		.uleb128 0xc
 897 01c7 49445200 		.ascii	"IDR\000"
 898 01cb 57       		.byte	0x57
 899 01cc E9000000 		.4byte	0xe9
 900 01d0 10       		.byte	0x10
 901 01d1 0C       		.uleb128 0xc
 902 01d2 4F445200 		.ascii	"ODR\000"
 903 01d6 58       		.byte	0x58
 904 01d7 E9000000 		.4byte	0xe9
 905 01db 14       		.byte	0x14
 906 01dc 02       		.uleb128 0x2
 907 01dd 11020000 		.4byte	.LASF32
ARM GAS  C:\Users\DEVELO~1\AppData\Local\Temp\cclknTQo.s 			page 17


 908 01e1 05       		.byte	0x5
 909 01e2 5F       		.byte	0x5f
 910 01e3 05       		.byte	0x5
 911 01e4 84010000 		.4byte	0x184
 912 01e8 18       		.byte	0x18
 913 01e9 02       		.uleb128 0x2
 914 01ea 4A030000 		.4byte	.LASF33
 915 01ee 05       		.byte	0x5
 916 01ef 60       		.byte	0x60
 917 01f0 19       		.byte	0x19
 918 01f1 E9000000 		.4byte	0xe9
 919 01f5 1C       		.byte	0x1c
 920 01f6 02       		.uleb128 0x2
 921 01f7 01030000 		.4byte	.LASF34
 922 01fb 05       		.byte	0x5
 923 01fc 61       		.byte	0x61
 924 01fd 19       		.byte	0x19
 925 01fe E9000000 		.4byte	0xe9
 926 0202 20       		.byte	0x20
 927 0203 02       		.uleb128 0x2
 928 0204 E4020000 		.4byte	.LASF35
 929 0208 05       		.byte	0x5
 930 0209 62       		.byte	0x62
 931 020a 19       		.byte	0x19
 932 020b E9000000 		.4byte	0xe9
 933 020f 24       		.byte	0x24
 934 0210 00       		.byte	0
 935 0211 01       		.uleb128 0x1
 936 0212 DA000000 		.4byte	.LASF36
 937 0216 05       		.byte	0x5
 938 0217 63       		.byte	0x63
 939 0218 03       		.byte	0x3
 940 0219 89010000 		.4byte	0x189
 941 021d 01       		.uleb128 0x1
 942 021e B5010000 		.4byte	.LASF37
 943 0222 06       		.byte	0x6
 944 0223 C2       		.byte	0xc2
 945 0224 12       		.byte	0x12
 946 0225 DD000000 		.4byte	0xdd
 947 0229 01       		.uleb128 0x1
 948 022a A4010000 		.4byte	.LASF38
 949 022e 06       		.byte	0x6
 950 022f C7       		.byte	0xc7
 951 0230 12       		.byte	0x12
 952 0231 DD000000 		.4byte	0xdd
 953 0235 01       		.uleb128 0x1
 954 0236 4E020000 		.4byte	.LASF39
 955 023a 06       		.byte	0x6
 956 023b D9       		.byte	0xd9
 957 023c 18       		.byte	0x18
 958 023d 41020000 		.4byte	0x241
 959 0241 11       		.uleb128 0x11
 960 0242 11020000 		.4byte	0x211
 961 0246 0B       		.uleb128 0xb
 962 0247 10       		.byte	0x10
 963 0248 01       		.byte	0x1
 964 0249 09       		.byte	0x9
ARM GAS  C:\Users\DEVELO~1\AppData\Local\Temp\cclknTQo.s 			page 18


 965 024a 09       		.byte	0x9
 966 024b 84020000 		.4byte	0x284
 967 024f 02       		.uleb128 0x2
 968 0250 E7000000 		.4byte	.LASF40
 969 0254 01       		.byte	0x1
 970 0255 0A       		.byte	0xa
 971 0256 0E       		.byte	0xe
 972 0257 35020000 		.4byte	0x235
 973 025b 00       		.byte	0
 974 025c 02       		.uleb128 0x2
 975 025d 72010000 		.4byte	.LASF41
 976 0261 01       		.byte	0x1
 977 0262 0B       		.byte	0xb
 978 0263 0E       		.byte	0xe
 979 0264 D1000000 		.4byte	0xd1
 980 0268 04       		.byte	0x4
 981 0269 02       		.uleb128 0x2
 982 026a ED000000 		.4byte	.LASF42
 983 026e 01       		.byte	0x1
 984 026f 0C       		.byte	0xc
 985 0270 0E       		.byte	0xe
 986 0271 35020000 		.4byte	0x235
 987 0275 08       		.byte	0x8
 988 0276 02       		.uleb128 0x2
 989 0277 77010000 		.4byte	.LASF43
 990 027b 01       		.byte	0x1
 991 027c 0D       		.byte	0xd
 992 027d 0E       		.byte	0xe
 993 027e D1000000 		.4byte	0xd1
 994 0282 0C       		.byte	0xc
 995 0283 00       		.byte	0
 996 0284 01       		.uleb128 0x1
 997 0285 14030000 		.4byte	.LASF44
 998 0289 01       		.byte	0x1
 999 028a 0E       		.byte	0xe
 1000 028b 03       		.byte	0x3
 1001 028c 46020000 		.4byte	0x246
 1002 0290 07       		.uleb128 0x7
 1003 0291 84020000 		.4byte	0x284
 1004 0295 09       		.uleb128 0x9
 1005 0296 90020000 		.4byte	0x290
 1006 029a A5020000 		.4byte	0x2a5
 1007 029e 0A       		.uleb128 0xa
 1008 029f A1000000 		.4byte	0xa1
 1009 02a3 03       		.byte	0x3
 1010 02a4 00       		.byte	0
 1011 02a5 07       		.uleb128 0x7
 1012 02a6 95020000 		.4byte	0x295
 1013 02aa 05       		.uleb128 0x5
 1014 02ab D3000000 		.4byte	.LASF45
 1015 02af 11       		.byte	0x11
 1016 02b0 17       		.byte	0x17
 1017 02b1 A5020000 		.4byte	0x2a5
 1018 02b5 05       		.uleb128 0x5
 1019 02b6 03       		.byte	0x3
 1020 02b7 00000000 		.4byte	enc_hw
 1021 02bb 09       		.uleb128 0x9
ARM GAS  C:\Users\DEVELO~1\AppData\Local\Temp\cclknTQo.s 			page 19


 1022 02bc C5000000 		.4byte	0xc5
 1023 02c0 CB020000 		.4byte	0x2cb
 1024 02c4 0A       		.uleb128 0xa
 1025 02c5 A1000000 		.4byte	0xa1
 1026 02c9 03       		.byte	0x3
 1027 02ca 00       		.byte	0
 1028 02cb 05       		.uleb128 0x5
 1029 02cc 50030000 		.4byte	.LASF46
 1030 02d0 1A       		.byte	0x1a
 1031 02d1 10       		.byte	0x10
 1032 02d2 BB020000 		.4byte	0x2bb
 1033 02d6 05       		.uleb128 0x5
 1034 02d7 03       		.byte	0x3
 1035 02d8 00000000 		.4byte	enc_value
 1036 02dc 05       		.uleb128 0x5
 1037 02dd F3000000 		.4byte	.LASF47
 1038 02e1 1B       		.byte	0x1b
 1039 02e2 10       		.byte	0x10
 1040 02e3 2F010000 		.4byte	0x12f
 1041 02e7 05       		.uleb128 0x5
 1042 02e8 03       		.byte	0x3
 1043 02e9 00000000 		.4byte	enc_prev_state
 1044 02ed 05       		.uleb128 0x5
 1045 02ee 05020000 		.4byte	.LASF48
 1046 02f2 1C       		.byte	0x1c
 1047 02f3 0D       		.byte	0xd
 1048 02f4 3F010000 		.4byte	0x13f
 1049 02f8 05       		.uleb128 0x5
 1050 02f9 03       		.byte	0x3
 1051 02fa 00000000 		.4byte	enc_started
 1052 02fe 09       		.uleb128 0x9
 1053 02ff B4000000 		.4byte	0xb4
 1054 0303 0E030000 		.4byte	0x30e
 1055 0307 0A       		.uleb128 0xa
 1056 0308 A1000000 		.4byte	0xa1
 1057 030c 0F       		.byte	0xf
 1058 030d 00       		.byte	0
 1059 030e 07       		.uleb128 0x7
 1060 030f FE020000 		.4byte	0x2fe
 1061 0313 05       		.uleb128 0x5
 1062 0314 16020000 		.4byte	.LASF49
 1063 0318 1F       		.byte	0x1f
 1064 0319 15       		.byte	0x15
 1065 031a 0E030000 		.4byte	0x30e
 1066 031e 05       		.uleb128 0x5
 1067 031f 03       		.byte	0x3
 1068 0320 00000000 		.4byte	quad_table
 1069 0324 16       		.uleb128 0x16
 1070 0325 E6010000 		.4byte	.LASF61
 1071 0329 06       		.byte	0x6
 1072 032a F301     		.2byte	0x1f3
 1073 032c 08       		.byte	0x8
 1074 032d 41030000 		.4byte	0x341
 1075 0331 0D       		.uleb128 0xd
 1076 0332 35020000 		.4byte	0x235
 1077 0336 0D       		.uleb128 0xd
 1078 0337 1D020000 		.4byte	0x21d
ARM GAS  C:\Users\DEVELO~1\AppData\Local\Temp\cclknTQo.s 			page 20


 1079 033b 0D       		.uleb128 0xd
 1080 033c 29020000 		.4byte	0x229
 1081 0340 00       		.byte	0
 1082 0341 17       		.uleb128 0x17
 1083 0342 25000000 		.4byte	.LASF56
 1084 0346 01       		.byte	0x1
 1085 0347 6A       		.byte	0x6a
 1086 0348 06       		.byte	0x6
 1087 0349 00000000 		.4byte	.LFB438
 1088 034d 2C000000 		.4byte	.LFE438-.LFB438
 1089 0351 01       		.uleb128 0x1
 1090 0352 9C       		.byte	0x9c
 1091 0353 65030000 		.4byte	0x365
 1092 0357 06       		.uleb128 0x6
 1093 0358 696400   		.ascii	"id\000"
 1094 035b 6A       		.byte	0x6a
 1095 035c 25       		.byte	0x25
 1096 035d 1C010000 		.4byte	0x11c
 1097 0361 02       		.uleb128 0x2
 1098 0362 91       		.byte	0x91
 1099 0363 77       		.sleb128 -9
 1100 0364 00       		.byte	0
 1101 0365 0E       		.uleb128 0xe
 1102 0366 00000000 		.4byte	.LASF50
 1103 036a 60       		.byte	0x60
 1104 036b C5000000 		.4byte	0xc5
 1105 036f 00000000 		.4byte	.LFB437
 1106 0373 6E000000 		.4byte	.LFE437-.LFB437
 1107 0377 01       		.uleb128 0x1
 1108 0378 9C       		.byte	0x9c
 1109 0379 97030000 		.4byte	0x397
 1110 037d 06       		.uleb128 0x6
 1111 037e 696400   		.ascii	"id\000"
 1112 0381 60       		.byte	0x60
 1113 0382 32       		.byte	0x32
 1114 0383 1C010000 		.4byte	0x11c
 1115 0387 02       		.uleb128 0x2
 1116 0388 91       		.byte	0x91
 1117 0389 6F       		.sleb128 -17
 1118 038a 04       		.uleb128 0x4
 1119 038b 6400     		.ascii	"d\000"
 1120 038d 61       		.byte	0x61
 1121 038e 0B       		.byte	0xb
 1122 038f C5000000 		.4byte	0xc5
 1123 0393 02       		.uleb128 0x2
 1124 0394 91       		.byte	0x91
 1125 0395 76       		.sleb128 -10
 1126 0396 00       		.byte	0
 1127 0397 0E       		.uleb128 0xe
 1128 0398 B5020000 		.4byte	.LASF51
 1129 039c 53       		.byte	0x53
 1130 039d C5000000 		.4byte	0xc5
 1131 03a1 00000000 		.4byte	.LFB436
 1132 03a5 58000000 		.4byte	.LFE436-.LFB436
 1133 03a9 01       		.uleb128 0x1
 1134 03aa 9C       		.byte	0x9c
 1135 03ab E8030000 		.4byte	0x3e8
ARM GAS  C:\Users\DEVELO~1\AppData\Local\Temp\cclknTQo.s 			page 21


 1136 03af 06       		.uleb128 0x6
 1137 03b0 696400   		.ascii	"id\000"
 1138 03b3 53       		.byte	0x53
 1139 03b4 2C       		.byte	0x2c
 1140 03b5 1C010000 		.4byte	0x11c
 1141 03b9 02       		.uleb128 0x2
 1142 03ba 91       		.byte	0x91
 1143 03bb 6F       		.sleb128 -17
 1144 03bc 05       		.uleb128 0x5
 1145 03bd CB020000 		.4byte	.LASF52
 1146 03c1 54       		.byte	0x54
 1147 03c2 12       		.byte	0x12
 1148 03c3 BB020000 		.4byte	0x2bb
 1149 03c7 05       		.uleb128 0x5
 1150 03c8 03       		.byte	0x3
 1151 03c9 00000000 		.4byte	last.0
 1152 03cd 04       		.uleb128 0x4
 1153 03ce 6E6F7700 		.ascii	"now\000"
 1154 03d2 5A       		.byte	0x5a
 1155 03d3 0B       		.byte	0xb
 1156 03d4 C5000000 		.4byte	0xc5
 1157 03d8 02       		.uleb128 0x2
 1158 03d9 91       		.byte	0x91
 1159 03da 76       		.sleb128 -10
 1160 03db 04       		.uleb128 0x4
 1161 03dc 6400     		.ascii	"d\000"
 1162 03de 5B       		.byte	0x5b
 1163 03df 0B       		.byte	0xb
 1164 03e0 C5000000 		.4byte	0xc5
 1165 03e4 02       		.uleb128 0x2
 1166 03e5 91       		.byte	0x91
 1167 03e6 74       		.sleb128 -12
 1168 03e7 00       		.byte	0
 1169 03e8 0E       		.uleb128 0xe
 1170 03e9 94010000 		.4byte	.LASF53
 1171 03ed 4D       		.byte	0x4d
 1172 03ee C5000000 		.4byte	0xc5
 1173 03f2 00000000 		.4byte	.LFB435
 1174 03f6 30000000 		.4byte	.LFE435-.LFB435
 1175 03fa 01       		.uleb128 0x1
 1176 03fb 9C       		.byte	0x9c
 1177 03fc 0E040000 		.4byte	0x40e
 1178 0400 06       		.uleb128 0x6
 1179 0401 696400   		.ascii	"id\000"
 1180 0404 4D       		.byte	0x4d
 1181 0405 26       		.byte	0x26
 1182 0406 1C010000 		.4byte	0x11c
 1183 040a 02       		.uleb128 0x2
 1184 040b 91       		.byte	0x91
 1185 040c 77       		.sleb128 -9
 1186 040d 00       		.byte	0
 1187 040e 18       		.uleb128 0x18
 1188 040f 1C000000 		.4byte	.LASF62
 1189 0413 01       		.byte	0x1
 1190 0414 42       		.byte	0x42
 1191 0415 0D       		.byte	0xd
 1192 0416 00000000 		.4byte	.LFB434
ARM GAS  C:\Users\DEVELO~1\AppData\Local\Temp\cclknTQo.s 			page 22


 1193 041a 70000000 		.4byte	.LFE434-.LFB434
 1194 041e 01       		.uleb128 0x1
 1195 041f 9C       		.byte	0x9c
 1196 0420 69040000 		.4byte	0x469
 1197 0424 06       		.uleb128 0x6
 1198 0425 6900     		.ascii	"i\000"
 1199 0427 42       		.byte	0x42
 1200 0428 1E       		.byte	0x1e
 1201 0429 B9000000 		.4byte	0xb9
 1202 042d 02       		.uleb128 0x2
 1203 042e 91       		.byte	0x91
 1204 042f 6F       		.sleb128 -17
 1205 0430 05       		.uleb128 0x5
 1206 0431 73030000 		.4byte	.LASF54
 1207 0435 43       		.byte	0x43
 1208 0436 0B       		.byte	0xb
 1209 0437 B9000000 		.4byte	0xb9
 1210 043b 02       		.uleb128 0x2
 1211 043c 91       		.byte	0x91
 1212 043d 77       		.sleb128 -9
 1213 043e 04       		.uleb128 0x4
 1214 043f 6E6F7700 		.ascii	"now\000"
 1215 0443 44       		.byte	0x44
 1216 0444 0B       		.byte	0xb
 1217 0445 B9000000 		.4byte	0xb9
 1218 0449 02       		.uleb128 0x2
 1219 044a 91       		.byte	0x91
 1220 044b 76       		.sleb128 -10
 1221 044c 04       		.uleb128 0x4
 1222 044d 69647800 		.ascii	"idx\000"
 1223 0451 46       		.byte	0x46
 1224 0452 0B       		.byte	0xb
 1225 0453 B9000000 		.4byte	0xb9
 1226 0457 02       		.uleb128 0x2
 1227 0458 91       		.byte	0x91
 1228 0459 75       		.sleb128 -11
 1229 045a 05       		.uleb128 0x5
 1230 045b 02010000 		.4byte	.LASF55
 1231 045f 47       		.byte	0x47
 1232 0460 0A       		.byte	0xa
 1233 0461 A8000000 		.4byte	0xa8
 1234 0465 02       		.uleb128 0x2
 1235 0466 91       		.byte	0x91
 1236 0467 74       		.sleb128 -12
 1237 0468 00       		.byte	0
 1238 0469 19       		.uleb128 0x19
 1239 046a 1D030000 		.4byte	.LASF57
 1240 046e 01       		.byte	0x1
 1241 046f 31       		.byte	0x31
 1242 0470 06       		.byte	0x6
 1243 0471 00000000 		.4byte	.LFB433
 1244 0475 AC000000 		.4byte	.LFE433-.LFB433
 1245 0479 01       		.uleb128 0x1
 1246 047a 9C       		.byte	0x9c
 1247 047b 96040000 		.4byte	0x496
 1248 047f 1A       		.uleb128 0x1a
 1249 0480 0E000000 		.4byte	.LBB2
ARM GAS  C:\Users\DEVELO~1\AppData\Local\Temp\cclknTQo.s 			page 23


 1250 0484 7E000000 		.4byte	.LBE2-.LBB2
 1251 0488 04       		.uleb128 0x4
 1252 0489 6900     		.ascii	"i\000"
 1253 048b 35       		.byte	0x35
 1254 048c 0C       		.byte	0xc
 1255 048d 9A000000 		.4byte	0x9a
 1256 0491 02       		.uleb128 0x2
 1257 0492 91       		.byte	0x91
 1258 0493 74       		.sleb128 -12
 1259 0494 00       		.byte	0
 1260 0495 00       		.byte	0
 1261 0496 1B       		.uleb128 0x1b
 1262 0497 5A030000 		.4byte	.LASF63
 1263 049b 01       		.byte	0x1
 1264 049c 28       		.byte	0x28
 1265 049d 10       		.byte	0x10
 1266 049e B9000000 		.4byte	0xb9
 1267 04a2 00000000 		.4byte	.LFB432
 1268 04a6 6C000000 		.4byte	.LFE432-.LFB432
 1269 04aa 01       		.uleb128 0x1
 1270 04ab 9C       		.byte	0x9c
 1271 04ac E1040000 		.4byte	0x4e1
 1272 04b0 06       		.uleb128 0x6
 1273 04b1 6900     		.ascii	"i\000"
 1274 04b3 28       		.byte	0x28
 1275 04b4 27       		.byte	0x27
 1276 04b5 B9000000 		.4byte	0xb9
 1277 04b9 02       		.uleb128 0x2
 1278 04ba 91       		.byte	0x91
 1279 04bb 6F       		.sleb128 -17
 1280 04bc 04       		.uleb128 0x4
 1281 04bd 6800     		.ascii	"h\000"
 1282 04bf 29       		.byte	0x29
 1283 04c0 13       		.byte	0x13
 1284 04c1 E1040000 		.4byte	0x4e1
 1285 04c5 02       		.uleb128 0x2
 1286 04c6 91       		.byte	0x91
 1287 04c7 74       		.sleb128 -12
 1288 04c8 04       		.uleb128 0x4
 1289 04c9 6100     		.ascii	"a\000"
 1290 04cb 2A       		.byte	0x2a
 1291 04cc 0B       		.byte	0xb
 1292 04cd B9000000 		.4byte	0xb9
 1293 04d1 02       		.uleb128 0x2
 1294 04d2 91       		.byte	0x91
 1295 04d3 73       		.sleb128 -13
 1296 04d4 04       		.uleb128 0x4
 1297 04d5 6200     		.ascii	"b\000"
 1298 04d7 2B       		.byte	0x2b
 1299 04d8 0B       		.byte	0xb
 1300 04d9 B9000000 		.4byte	0xb9
 1301 04dd 02       		.uleb128 0x2
 1302 04de 91       		.byte	0x91
 1303 04df 72       		.sleb128 -14
 1304 04e0 00       		.byte	0
 1305 04e1 11       		.uleb128 0x11
 1306 04e2 90020000 		.4byte	0x290
ARM GAS  C:\Users\DEVELO~1\AppData\Local\Temp\cclknTQo.s 			page 24


 1307 04e6 00       		.byte	0
 1308              		.section	.debug_abbrev,"",%progbits
 1309              	.Ldebug_abbrev0:
 1310 0000 01       		.uleb128 0x1
 1311 0001 16       		.uleb128 0x16
 1312 0002 00       		.byte	0
 1313 0003 03       		.uleb128 0x3
 1314 0004 0E       		.uleb128 0xe
 1315 0005 3A       		.uleb128 0x3a
 1316 0006 0B       		.uleb128 0xb
 1317 0007 3B       		.uleb128 0x3b
 1318 0008 0B       		.uleb128 0xb
 1319 0009 39       		.uleb128 0x39
 1320 000a 0B       		.uleb128 0xb
 1321 000b 49       		.uleb128 0x49
 1322 000c 13       		.uleb128 0x13
 1323 000d 00       		.byte	0
 1324 000e 00       		.byte	0
 1325 000f 02       		.uleb128 0x2
 1326 0010 0D       		.uleb128 0xd
 1327 0011 00       		.byte	0
 1328 0012 03       		.uleb128 0x3
 1329 0013 0E       		.uleb128 0xe
 1330 0014 3A       		.uleb128 0x3a
 1331 0015 0B       		.uleb128 0xb
 1332 0016 3B       		.uleb128 0x3b
 1333 0017 0B       		.uleb128 0xb
 1334 0018 39       		.uleb128 0x39
 1335 0019 0B       		.uleb128 0xb
 1336 001a 49       		.uleb128 0x49
 1337 001b 13       		.uleb128 0x13
 1338 001c 38       		.uleb128 0x38
 1339 001d 0B       		.uleb128 0xb
 1340 001e 00       		.byte	0
 1341 001f 00       		.byte	0
 1342 0020 03       		.uleb128 0x3
 1343 0021 24       		.uleb128 0x24
 1344 0022 00       		.byte	0
 1345 0023 0B       		.uleb128 0xb
 1346 0024 0B       		.uleb128 0xb
 1347 0025 3E       		.uleb128 0x3e
 1348 0026 0B       		.uleb128 0xb
 1349 0027 03       		.uleb128 0x3
 1350 0028 0E       		.uleb128 0xe
 1351 0029 00       		.byte	0
 1352 002a 00       		.byte	0
 1353 002b 04       		.uleb128 0x4
 1354 002c 34       		.uleb128 0x34
 1355 002d 00       		.byte	0
 1356 002e 03       		.uleb128 0x3
 1357 002f 08       		.uleb128 0x8
 1358 0030 3A       		.uleb128 0x3a
 1359 0031 21       		.uleb128 0x21
 1360 0032 01       		.sleb128 1
 1361 0033 3B       		.uleb128 0x3b
 1362 0034 0B       		.uleb128 0xb
 1363 0035 39       		.uleb128 0x39
ARM GAS  C:\Users\DEVELO~1\AppData\Local\Temp\cclknTQo.s 			page 25


 1364 0036 0B       		.uleb128 0xb
 1365 0037 49       		.uleb128 0x49
 1366 0038 13       		.uleb128 0x13
 1367 0039 02       		.uleb128 0x2
 1368 003a 18       		.uleb128 0x18
 1369 003b 00       		.byte	0
 1370 003c 00       		.byte	0
 1371 003d 05       		.uleb128 0x5
 1372 003e 34       		.uleb128 0x34
 1373 003f 00       		.byte	0
 1374 0040 03       		.uleb128 0x3
 1375 0041 0E       		.uleb128 0xe
 1376 0042 3A       		.uleb128 0x3a
 1377 0043 21       		.uleb128 0x21
 1378 0044 01       		.sleb128 1
 1379 0045 3B       		.uleb128 0x3b
 1380 0046 0B       		.uleb128 0xb
 1381 0047 39       		.uleb128 0x39
 1382 0048 0B       		.uleb128 0xb
 1383 0049 49       		.uleb128 0x49
 1384 004a 13       		.uleb128 0x13
 1385 004b 02       		.uleb128 0x2
 1386 004c 18       		.uleb128 0x18
 1387 004d 00       		.byte	0
 1388 004e 00       		.byte	0
 1389 004f 06       		.uleb128 0x6
 1390 0050 05       		.uleb128 0x5
 1391 0051 00       		.byte	0
 1392 0052 03       		.uleb128 0x3
 1393 0053 08       		.uleb128 0x8
 1394 0054 3A       		.uleb128 0x3a
 1395 0055 21       		.uleb128 0x21
 1396 0056 01       		.sleb128 1
 1397 0057 3B       		.uleb128 0x3b
 1398 0058 0B       		.uleb128 0xb
 1399 0059 39       		.uleb128 0x39
 1400 005a 0B       		.uleb128 0xb
 1401 005b 49       		.uleb128 0x49
 1402 005c 13       		.uleb128 0x13
 1403 005d 02       		.uleb128 0x2
 1404 005e 18       		.uleb128 0x18
 1405 005f 00       		.byte	0
 1406 0060 00       		.byte	0
 1407 0061 07       		.uleb128 0x7
 1408 0062 26       		.uleb128 0x26
 1409 0063 00       		.byte	0
 1410 0064 49       		.uleb128 0x49
 1411 0065 13       		.uleb128 0x13
 1412 0066 00       		.byte	0
 1413 0067 00       		.byte	0
 1414 0068 08       		.uleb128 0x8
 1415 0069 28       		.uleb128 0x28
 1416 006a 00       		.byte	0
 1417 006b 03       		.uleb128 0x3
 1418 006c 0E       		.uleb128 0xe
 1419 006d 1C       		.uleb128 0x1c
 1420 006e 0B       		.uleb128 0xb
ARM GAS  C:\Users\DEVELO~1\AppData\Local\Temp\cclknTQo.s 			page 26


 1421 006f 00       		.byte	0
 1422 0070 00       		.byte	0
 1423 0071 09       		.uleb128 0x9
 1424 0072 01       		.uleb128 0x1
 1425 0073 01       		.byte	0x1
 1426 0074 49       		.uleb128 0x49
 1427 0075 13       		.uleb128 0x13
 1428 0076 01       		.uleb128 0x1
 1429 0077 13       		.uleb128 0x13
 1430 0078 00       		.byte	0
 1431 0079 00       		.byte	0
 1432 007a 0A       		.uleb128 0xa
 1433 007b 21       		.uleb128 0x21
 1434 007c 00       		.byte	0
 1435 007d 49       		.uleb128 0x49
 1436 007e 13       		.uleb128 0x13
 1437 007f 2F       		.uleb128 0x2f
 1438 0080 0B       		.uleb128 0xb
 1439 0081 00       		.byte	0
 1440 0082 00       		.byte	0
 1441 0083 0B       		.uleb128 0xb
 1442 0084 13       		.uleb128 0x13
 1443 0085 01       		.byte	0x1
 1444 0086 0B       		.uleb128 0xb
 1445 0087 0B       		.uleb128 0xb
 1446 0088 3A       		.uleb128 0x3a
 1447 0089 0B       		.uleb128 0xb
 1448 008a 3B       		.uleb128 0x3b
 1449 008b 0B       		.uleb128 0xb
 1450 008c 39       		.uleb128 0x39
 1451 008d 0B       		.uleb128 0xb
 1452 008e 01       		.uleb128 0x1
 1453 008f 13       		.uleb128 0x13
 1454 0090 00       		.byte	0
 1455 0091 00       		.byte	0
 1456 0092 0C       		.uleb128 0xc
 1457 0093 0D       		.uleb128 0xd
 1458 0094 00       		.byte	0
 1459 0095 03       		.uleb128 0x3
 1460 0096 08       		.uleb128 0x8
 1461 0097 3A       		.uleb128 0x3a
 1462 0098 21       		.uleb128 0x21
 1463 0099 05       		.sleb128 5
 1464 009a 3B       		.uleb128 0x3b
 1465 009b 0B       		.uleb128 0xb
 1466 009c 39       		.uleb128 0x39
 1467 009d 21       		.uleb128 0x21
 1468 009e 19       		.sleb128 25
 1469 009f 49       		.uleb128 0x49
 1470 00a0 13       		.uleb128 0x13
 1471 00a1 38       		.uleb128 0x38
 1472 00a2 0B       		.uleb128 0xb
 1473 00a3 00       		.byte	0
 1474 00a4 00       		.byte	0
 1475 00a5 0D       		.uleb128 0xd
 1476 00a6 05       		.uleb128 0x5
 1477 00a7 00       		.byte	0
ARM GAS  C:\Users\DEVELO~1\AppData\Local\Temp\cclknTQo.s 			page 27


 1478 00a8 49       		.uleb128 0x49
 1479 00a9 13       		.uleb128 0x13
 1480 00aa 00       		.byte	0
 1481 00ab 00       		.byte	0
 1482 00ac 0E       		.uleb128 0xe
 1483 00ad 2E       		.uleb128 0x2e
 1484 00ae 01       		.byte	0x1
 1485 00af 3F       		.uleb128 0x3f
 1486 00b0 19       		.uleb128 0x19
 1487 00b1 03       		.uleb128 0x3
 1488 00b2 0E       		.uleb128 0xe
 1489 00b3 3A       		.uleb128 0x3a
 1490 00b4 21       		.uleb128 0x21
 1491 00b5 01       		.sleb128 1
 1492 00b6 3B       		.uleb128 0x3b
 1493 00b7 0B       		.uleb128 0xb
 1494 00b8 39       		.uleb128 0x39
 1495 00b9 21       		.uleb128 0x21
 1496 00ba 09       		.sleb128 9
 1497 00bb 27       		.uleb128 0x27
 1498 00bc 19       		.uleb128 0x19
 1499 00bd 49       		.uleb128 0x49
 1500 00be 13       		.uleb128 0x13
 1501 00bf 11       		.uleb128 0x11
 1502 00c0 01       		.uleb128 0x1
 1503 00c1 12       		.uleb128 0x12
 1504 00c2 06       		.uleb128 0x6
 1505 00c3 40       		.uleb128 0x40
 1506 00c4 18       		.uleb128 0x18
 1507 00c5 7C       		.uleb128 0x7c
 1508 00c6 19       		.uleb128 0x19
 1509 00c7 01       		.uleb128 0x1
 1510 00c8 13       		.uleb128 0x13
 1511 00c9 00       		.byte	0
 1512 00ca 00       		.byte	0
 1513 00cb 0F       		.uleb128 0xf
 1514 00cc 35       		.uleb128 0x35
 1515 00cd 00       		.byte	0
 1516 00ce 49       		.uleb128 0x49
 1517 00cf 13       		.uleb128 0x13
 1518 00d0 00       		.byte	0
 1519 00d1 00       		.byte	0
 1520 00d2 10       		.uleb128 0x10
 1521 00d3 0D       		.uleb128 0xd
 1522 00d4 00       		.byte	0
 1523 00d5 03       		.uleb128 0x3
 1524 00d6 08       		.uleb128 0x8
 1525 00d7 3A       		.uleb128 0x3a
 1526 00d8 21       		.uleb128 0x21
 1527 00d9 05       		.sleb128 5
 1528 00da 3B       		.uleb128 0x3b
 1529 00db 0B       		.uleb128 0xb
 1530 00dc 39       		.uleb128 0x39
 1531 00dd 0B       		.uleb128 0xb
 1532 00de 49       		.uleb128 0x49
 1533 00df 13       		.uleb128 0x13
 1534 00e0 00       		.byte	0
ARM GAS  C:\Users\DEVELO~1\AppData\Local\Temp\cclknTQo.s 			page 28


 1535 00e1 00       		.byte	0
 1536 00e2 11       		.uleb128 0x11
 1537 00e3 0F       		.uleb128 0xf
 1538 00e4 00       		.byte	0
 1539 00e5 0B       		.uleb128 0xb
 1540 00e6 21       		.uleb128 0x21
 1541 00e7 04       		.sleb128 4
 1542 00e8 49       		.uleb128 0x49
 1543 00e9 13       		.uleb128 0x13
 1544 00ea 00       		.byte	0
 1545 00eb 00       		.byte	0
 1546 00ec 12       		.uleb128 0x12
 1547 00ed 11       		.uleb128 0x11
 1548 00ee 01       		.byte	0x1
 1549 00ef 25       		.uleb128 0x25
 1550 00f0 0E       		.uleb128 0xe
 1551 00f1 13       		.uleb128 0x13
 1552 00f2 0B       		.uleb128 0xb
 1553 00f3 03       		.uleb128 0x3
 1554 00f4 0E       		.uleb128 0xe
 1555 00f5 1B       		.uleb128 0x1b
 1556 00f6 0E       		.uleb128 0xe
 1557 00f7 55       		.uleb128 0x55
 1558 00f8 17       		.uleb128 0x17
 1559 00f9 11       		.uleb128 0x11
 1560 00fa 01       		.uleb128 0x1
 1561 00fb 10       		.uleb128 0x10
 1562 00fc 17       		.uleb128 0x17
 1563 00fd 00       		.byte	0
 1564 00fe 00       		.byte	0
 1565 00ff 13       		.uleb128 0x13
 1566 0100 24       		.uleb128 0x24
 1567 0101 00       		.byte	0
 1568 0102 0B       		.uleb128 0xb
 1569 0103 0B       		.uleb128 0xb
 1570 0104 3E       		.uleb128 0x3e
 1571 0105 0B       		.uleb128 0xb
 1572 0106 03       		.uleb128 0x3
 1573 0107 08       		.uleb128 0x8
 1574 0108 00       		.byte	0
 1575 0109 00       		.byte	0
 1576 010a 14       		.uleb128 0x14
 1577 010b 04       		.uleb128 0x4
 1578 010c 01       		.byte	0x1
 1579 010d 3E       		.uleb128 0x3e
 1580 010e 0B       		.uleb128 0xb
 1581 010f 0B       		.uleb128 0xb
 1582 0110 0B       		.uleb128 0xb
 1583 0111 49       		.uleb128 0x49
 1584 0112 13       		.uleb128 0x13
 1585 0113 3A       		.uleb128 0x3a
 1586 0114 0B       		.uleb128 0xb
 1587 0115 3B       		.uleb128 0x3b
 1588 0116 0B       		.uleb128 0xb
 1589 0117 39       		.uleb128 0x39
 1590 0118 0B       		.uleb128 0xb
 1591 0119 01       		.uleb128 0x1
ARM GAS  C:\Users\DEVELO~1\AppData\Local\Temp\cclknTQo.s 			page 29


 1592 011a 13       		.uleb128 0x13
 1593 011b 00       		.byte	0
 1594 011c 00       		.byte	0
 1595 011d 15       		.uleb128 0x15
 1596 011e 17       		.uleb128 0x17
 1597 011f 01       		.byte	0x1
 1598 0120 0B       		.uleb128 0xb
 1599 0121 0B       		.uleb128 0xb
 1600 0122 3A       		.uleb128 0x3a
 1601 0123 0B       		.uleb128 0xb
 1602 0124 3B       		.uleb128 0x3b
 1603 0125 0B       		.uleb128 0xb
 1604 0126 39       		.uleb128 0x39
 1605 0127 0B       		.uleb128 0xb
 1606 0128 01       		.uleb128 0x1
 1607 0129 13       		.uleb128 0x13
 1608 012a 00       		.byte	0
 1609 012b 00       		.byte	0
 1610 012c 16       		.uleb128 0x16
 1611 012d 2E       		.uleb128 0x2e
 1612 012e 01       		.byte	0x1
 1613 012f 3F       		.uleb128 0x3f
 1614 0130 19       		.uleb128 0x19
 1615 0131 03       		.uleb128 0x3
 1616 0132 0E       		.uleb128 0xe
 1617 0133 3A       		.uleb128 0x3a
 1618 0134 0B       		.uleb128 0xb
 1619 0135 3B       		.uleb128 0x3b
 1620 0136 05       		.uleb128 0x5
 1621 0137 39       		.uleb128 0x39
 1622 0138 0B       		.uleb128 0xb
 1623 0139 27       		.uleb128 0x27
 1624 013a 19       		.uleb128 0x19
 1625 013b 3C       		.uleb128 0x3c
 1626 013c 19       		.uleb128 0x19
 1627 013d 01       		.uleb128 0x1
 1628 013e 13       		.uleb128 0x13
 1629 013f 00       		.byte	0
 1630 0140 00       		.byte	0
 1631 0141 17       		.uleb128 0x17
 1632 0142 2E       		.uleb128 0x2e
 1633 0143 01       		.byte	0x1
 1634 0144 3F       		.uleb128 0x3f
 1635 0145 19       		.uleb128 0x19
 1636 0146 03       		.uleb128 0x3
 1637 0147 0E       		.uleb128 0xe
 1638 0148 3A       		.uleb128 0x3a
 1639 0149 0B       		.uleb128 0xb
 1640 014a 3B       		.uleb128 0x3b
 1641 014b 0B       		.uleb128 0xb
 1642 014c 39       		.uleb128 0x39
 1643 014d 0B       		.uleb128 0xb
 1644 014e 27       		.uleb128 0x27
 1645 014f 19       		.uleb128 0x19
 1646 0150 11       		.uleb128 0x11
 1647 0151 01       		.uleb128 0x1
 1648 0152 12       		.uleb128 0x12
ARM GAS  C:\Users\DEVELO~1\AppData\Local\Temp\cclknTQo.s 			page 30


 1649 0153 06       		.uleb128 0x6
 1650 0154 40       		.uleb128 0x40
 1651 0155 18       		.uleb128 0x18
 1652 0156 7A       		.uleb128 0x7a
 1653 0157 19       		.uleb128 0x19
 1654 0158 01       		.uleb128 0x1
 1655 0159 13       		.uleb128 0x13
 1656 015a 00       		.byte	0
 1657 015b 00       		.byte	0
 1658 015c 18       		.uleb128 0x18
 1659 015d 2E       		.uleb128 0x2e
 1660 015e 01       		.byte	0x1
 1661 015f 03       		.uleb128 0x3
 1662 0160 0E       		.uleb128 0xe
 1663 0161 3A       		.uleb128 0x3a
 1664 0162 0B       		.uleb128 0xb
 1665 0163 3B       		.uleb128 0x3b
 1666 0164 0B       		.uleb128 0xb
 1667 0165 39       		.uleb128 0x39
 1668 0166 0B       		.uleb128 0xb
 1669 0167 27       		.uleb128 0x27
 1670 0168 19       		.uleb128 0x19
 1671 0169 11       		.uleb128 0x11
 1672 016a 01       		.uleb128 0x1
 1673 016b 12       		.uleb128 0x12
 1674 016c 06       		.uleb128 0x6
 1675 016d 40       		.uleb128 0x40
 1676 016e 18       		.uleb128 0x18
 1677 016f 7C       		.uleb128 0x7c
 1678 0170 19       		.uleb128 0x19
 1679 0171 01       		.uleb128 0x1
 1680 0172 13       		.uleb128 0x13
 1681 0173 00       		.byte	0
 1682 0174 00       		.byte	0
 1683 0175 19       		.uleb128 0x19
 1684 0176 2E       		.uleb128 0x2e
 1685 0177 01       		.byte	0x1
 1686 0178 3F       		.uleb128 0x3f
 1687 0179 19       		.uleb128 0x19
 1688 017a 03       		.uleb128 0x3
 1689 017b 0E       		.uleb128 0xe
 1690 017c 3A       		.uleb128 0x3a
 1691 017d 0B       		.uleb128 0xb
 1692 017e 3B       		.uleb128 0x3b
 1693 017f 0B       		.uleb128 0xb
 1694 0180 39       		.uleb128 0x39
 1695 0181 0B       		.uleb128 0xb
 1696 0182 27       		.uleb128 0x27
 1697 0183 19       		.uleb128 0x19
 1698 0184 11       		.uleb128 0x11
 1699 0185 01       		.uleb128 0x1
 1700 0186 12       		.uleb128 0x12
 1701 0187 06       		.uleb128 0x6
 1702 0188 40       		.uleb128 0x40
 1703 0189 18       		.uleb128 0x18
 1704 018a 7C       		.uleb128 0x7c
 1705 018b 19       		.uleb128 0x19
ARM GAS  C:\Users\DEVELO~1\AppData\Local\Temp\cclknTQo.s 			page 31


 1706 018c 01       		.uleb128 0x1
 1707 018d 13       		.uleb128 0x13
 1708 018e 00       		.byte	0
 1709 018f 00       		.byte	0
 1710 0190 1A       		.uleb128 0x1a
 1711 0191 0B       		.uleb128 0xb
 1712 0192 01       		.byte	0x1
 1713 0193 11       		.uleb128 0x11
 1714 0194 01       		.uleb128 0x1
 1715 0195 12       		.uleb128 0x12
 1716 0196 06       		.uleb128 0x6
 1717 0197 00       		.byte	0
 1718 0198 00       		.byte	0
 1719 0199 1B       		.uleb128 0x1b
 1720 019a 2E       		.uleb128 0x2e
 1721 019b 01       		.byte	0x1
 1722 019c 03       		.uleb128 0x3
 1723 019d 0E       		.uleb128 0xe
 1724 019e 3A       		.uleb128 0x3a
 1725 019f 0B       		.uleb128 0xb
 1726 01a0 3B       		.uleb128 0x3b
 1727 01a1 0B       		.uleb128 0xb
 1728 01a2 39       		.uleb128 0x39
 1729 01a3 0B       		.uleb128 0xb
 1730 01a4 27       		.uleb128 0x27
 1731 01a5 19       		.uleb128 0x19
 1732 01a6 49       		.uleb128 0x49
 1733 01a7 13       		.uleb128 0x13
 1734 01a8 11       		.uleb128 0x11
 1735 01a9 01       		.uleb128 0x1
 1736 01aa 12       		.uleb128 0x12
 1737 01ab 06       		.uleb128 0x6
 1738 01ac 40       		.uleb128 0x40
 1739 01ad 18       		.uleb128 0x18
 1740 01ae 7A       		.uleb128 0x7a
 1741 01af 19       		.uleb128 0x19
 1742 01b0 01       		.uleb128 0x1
 1743 01b1 13       		.uleb128 0x13
 1744 01b2 00       		.byte	0
 1745 01b3 00       		.byte	0
 1746 01b4 00       		.byte	0
 1747              		.section	.debug_aranges,"",%progbits
 1748 0000 4C000000 		.4byte	0x4c
 1749 0004 0200     		.2byte	0x2
 1750 0006 00000000 		.4byte	.Ldebug_info0
 1751 000a 04       		.byte	0x4
 1752 000b 00       		.byte	0
 1753 000c 0000     		.2byte	0
 1754 000e 0000     		.2byte	0
 1755 0010 00000000 		.4byte	.LFB432
 1756 0014 6C000000 		.4byte	.LFE432-.LFB432
 1757 0018 00000000 		.4byte	.LFB433
 1758 001c AC000000 		.4byte	.LFE433-.LFB433
 1759 0020 00000000 		.4byte	.LFB434
 1760 0024 70000000 		.4byte	.LFE434-.LFB434
 1761 0028 00000000 		.4byte	.LFB435
 1762 002c 30000000 		.4byte	.LFE435-.LFB435
ARM GAS  C:\Users\DEVELO~1\AppData\Local\Temp\cclknTQo.s 			page 32


 1763 0030 00000000 		.4byte	.LFB436
 1764 0034 58000000 		.4byte	.LFE436-.LFB436
 1765 0038 00000000 		.4byte	.LFB437
 1766 003c 6E000000 		.4byte	.LFE437-.LFB437
 1767 0040 00000000 		.4byte	.LFB438
 1768 0044 2C000000 		.4byte	.LFE438-.LFB438
 1769 0048 00000000 		.4byte	0
 1770 004c 00000000 		.4byte	0
 1771              		.section	.debug_rnglists,"",%progbits
 1772              	.Ldebug_ranges0:
 1773 0000 34000000 		.4byte	.Ldebug_ranges3-.Ldebug_ranges2
 1774              	.Ldebug_ranges2:
 1775 0004 0500     		.2byte	0x5
 1776 0006 04       		.byte	0x4
 1777 0007 00       		.byte	0
 1778 0008 00000000 		.4byte	0
 1779              	.LLRL0:
 1780 000c 07       		.byte	0x7
 1781 000d 00000000 		.4byte	.LFB432
 1782 0011 6C       		.uleb128 .LFE432-.LFB432
 1783 0012 07       		.byte	0x7
 1784 0013 00000000 		.4byte	.LFB433
 1785 0017 AC01     		.uleb128 .LFE433-.LFB433
 1786 0019 07       		.byte	0x7
 1787 001a 00000000 		.4byte	.LFB434
 1788 001e 70       		.uleb128 .LFE434-.LFB434
 1789 001f 07       		.byte	0x7
 1790 0020 00000000 		.4byte	.LFB435
 1791 0024 30       		.uleb128 .LFE435-.LFB435
 1792 0025 07       		.byte	0x7
 1793 0026 00000000 		.4byte	.LFB436
 1794 002a 58       		.uleb128 .LFE436-.LFB436
 1795 002b 07       		.byte	0x7
 1796 002c 00000000 		.4byte	.LFB437
 1797 0030 6E       		.uleb128 .LFE437-.LFB437
 1798 0031 07       		.byte	0x7
 1799 0032 00000000 		.4byte	.LFB438
 1800 0036 2C       		.uleb128 .LFE438-.LFB438
 1801 0037 00       		.byte	0
 1802              	.Ldebug_ranges3:
 1803              		.section	.debug_line,"",%progbits
 1804              	.Ldebug_line0:
 1805 0000 E8020000 		.section	.debug_str,"MS",%progbits,1
 1805      03005201 
 1805      00000201 
 1805      FB0E0D00 
 1805      01010101 
 1806              	.LASF50:
 1807 0000 6472765F 		.ascii	"drv_encoder_get_delta_accel\000"
 1807      656E636F 
 1807      6465725F 
 1807      6765745F 
 1807      64656C74 
 1808              	.LASF62:
 1809 001c 656E635F 		.ascii	"enc_poll\000"
 1809      706F6C6C 
 1809      00
ARM GAS  C:\Users\DEVELO~1\AppData\Local\Temp\cclknTQo.s 			page 33


 1810              	.LASF56:
 1811 0025 6472765F 		.ascii	"drv_encoder_reset\000"
 1811      656E636F 
 1811      6465725F 
 1811      72657365 
 1811      7400
 1812              	.LASF14:
 1813 0037 696E7438 		.ascii	"int8_t\000"
 1813      5F7400
 1814              	.LASF58:
 1815 003e 474E5520 		.ascii	"GNU C17 11.3.1 20220712 -mcpu=cortex-m7 -mthumb -mf"
 1815      43313720 
 1815      31312E33 
 1815      2E312032 
 1815      30323230 
 1816 0071 6C6F6174 		.ascii	"loat-abi=soft -march=armv7e-m -ggdb -O0 -ffunction-"
 1816      2D616269 
 1816      3D736F66 
 1816      74202D6D 
 1816      61726368 
 1817 00a4 73656374 		.ascii	"sections -fdata-sections -fno-common\000"
 1817      696F6E73 
 1817      202D6664 
 1817      6174612D 
 1817      73656374 
 1818              	.LASF5:
 1819 00c9 73686F72 		.ascii	"short int\000"
 1819      7420696E 
 1819      7400
 1820              	.LASF45:
 1821 00d3 656E635F 		.ascii	"enc_hw\000"
 1821      687700
 1822              	.LASF36:
 1823 00da 73746D33 		.ascii	"stm32_gpio_t\000"
 1823      325F6770 
 1823      696F5F74 
 1823      00
 1824              	.LASF40:
 1825 00e7 706F7274 		.ascii	"portA\000"
 1825      4100
 1826              	.LASF42:
 1827 00ed 706F7274 		.ascii	"portB\000"
 1827      4200
 1828              	.LASF47:
 1829 00f3 656E635F 		.ascii	"enc_prev_state\000"
 1829      70726576 
 1829      5F737461 
 1829      746500
 1830              	.LASF55:
 1831 0102 64656C74 		.ascii	"delta\000"
 1831      6100
 1832              	.LASF60:
 1833 0108 433A5C50 		.ascii	"C:\\PROJET\\ChibiOS project\\ChibiOS_21.11.4\\demos"
 1833      524F4A45 
 1833      545C4368 
 1833      6962694F 
 1833      53207072 
ARM GAS  C:\Users\DEVELO~1\AppData\Local\Temp\cclknTQo.s 			page 34


 1834 0137 5C53544D 		.ascii	"\\STM32\\RT-STM32H743ZI_REV_XY-NUCLEO144_Quartz8M\000"
 1834      33325C52 
 1834      542D5354 
 1834      4D333248 
 1834      3734335A 
 1835              	.LASF9:
 1836 0167 5F5F7569 		.ascii	"__uint32_t\000"
 1836      6E743332 
 1836      5F7400
 1837              	.LASF41:
 1838 0172 70696E41 		.ascii	"pinA\000"
 1838      00
 1839              	.LASF43:
 1840 0177 70696E42 		.ascii	"pinB\000"
 1840      00
 1841              	.LASF6:
 1842 017c 5F5F7569 		.ascii	"__uint16_t\000"
 1842      6E743136 
 1842      5F7400
 1843              	.LASF24:
 1844 0187 656E636F 		.ascii	"encoder_id_t\000"
 1844      6465725F 
 1844      69645F74 
 1844      00
 1845              	.LASF53:
 1846 0194 6472765F 		.ascii	"drv_encoder_get\000"
 1846      656E636F 
 1846      6465725F 
 1846      67657400 
 1847              	.LASF38:
 1848 01a4 696F6D6F 		.ascii	"iomode_t\000"
 1848      64655F74 
 1848      00
 1849              	.LASF15:
 1850 01ad 75696E74 		.ascii	"uint8_t\000"
 1850      385F7400 
 1851              	.LASF37:
 1852 01b5 696F706F 		.ascii	"ioportmask_t\000"
 1852      72746D61 
 1852      736B5F74 
 1852      00
 1853              	.LASF0:
 1854 01c2 5F5F696E 		.ascii	"__int8_t\000"
 1854      74385F74 
 1854      00
 1855              	.LASF29:
 1856 01cb 4F545950 		.ascii	"OTYPER\000"
 1856      455200
 1857              	.LASF11:
 1858 01d2 6C6F6E67 		.ascii	"long long int\000"
 1858      206C6F6E 
 1858      6720696E 
 1858      7400
 1859              	.LASF31:
 1860 01e0 50555044 		.ascii	"PUPDR\000"
 1860      5200
 1861              	.LASF61:
ARM GAS  C:\Users\DEVELO~1\AppData\Local\Temp\cclknTQo.s 			page 35


 1862 01e6 5F70616C 		.ascii	"_pal_lld_setgroupmode\000"
 1862      5F6C6C64 
 1862      5F736574 
 1862      67726F75 
 1862      706D6F64 
 1863              	.LASF8:
 1864 01fc 6C6F6E67 		.ascii	"long int\000"
 1864      20696E74 
 1864      00
 1865              	.LASF48:
 1866 0205 656E635F 		.ascii	"enc_started\000"
 1866      73746172 
 1866      74656400 
 1867              	.LASF32:
 1868 0211 42535252 		.ascii	"BSRR\000"
 1868      00
 1869              	.LASF49:
 1870 0216 71756164 		.ascii	"quad_table\000"
 1870      5F746162 
 1870      6C6500
 1871              	.LASF28:
 1872 0221 4D4F4445 		.ascii	"MODER\000"
 1872      5200
 1873              	.LASF1:
 1874 0227 5F5F7569 		.ascii	"__uint8_t\000"
 1874      6E74385F 
 1874      7400
 1875              	.LASF27:
 1876 0231 636C6561 		.ascii	"clear\000"
 1876      7200
 1877              	.LASF59:
 1878 0237 64726976 		.ascii	"drivers/drv_encoders.c\000"
 1878      6572732F 
 1878      6472765F 
 1878      656E636F 
 1878      64657273 
 1879              	.LASF39:
 1880 024e 696F706F 		.ascii	"ioportid_t\000"
 1880      72746964 
 1880      5F7400
 1881              	.LASF25:
 1882 0259 6C6F6E67 		.ascii	"long double\000"
 1882      20646F75 
 1882      626C6500 
 1883              	.LASF3:
 1884 0265 756E7369 		.ascii	"unsigned char\000"
 1884      676E6564 
 1884      20636861 
 1884      7200
 1885              	.LASF2:
 1886 0273 7369676E 		.ascii	"signed char\000"
 1886      65642063 
 1886      68617200 
 1887              	.LASF12:
 1888 027f 6C6F6E67 		.ascii	"long long unsigned int\000"
 1888      206C6F6E 
 1888      6720756E 
ARM GAS  C:\Users\DEVELO~1\AppData\Local\Temp\cclknTQo.s 			page 36


 1888      7369676E 
 1888      65642069 
 1889              	.LASF18:
 1890 0296 75696E74 		.ascii	"uint32_t\000"
 1890      33325F74 
 1890      00
 1891              	.LASF13:
 1892 029f 756E7369 		.ascii	"unsigned int\000"
 1892      676E6564 
 1892      20696E74 
 1892      00
 1893              	.LASF17:
 1894 02ac 75696E74 		.ascii	"uint16_t\000"
 1894      31365F74 
 1894      00
 1895              	.LASF51:
 1896 02b5 6472765F 		.ascii	"drv_encoder_get_delta\000"
 1896      656E636F 
 1896      6465725F 
 1896      6765745F 
 1896      64656C74 
 1897              	.LASF52:
 1898 02cb 6C617374 		.ascii	"last\000"
 1898      00
 1899              	.LASF20:
 1900 02d0 454E4331 		.ascii	"ENC1\000"
 1900      00
 1901              	.LASF21:
 1902 02d5 454E4332 		.ascii	"ENC2\000"
 1902      00
 1903              	.LASF22:
 1904 02da 454E4333 		.ascii	"ENC3\000"
 1904      00
 1905              	.LASF23:
 1906 02df 454E4334 		.ascii	"ENC4\000"
 1906      00
 1907              	.LASF35:
 1908 02e4 41465248 		.ascii	"AFRH\000"
 1908      00
 1909              	.LASF19:
 1910 02e9 63686172 		.ascii	"char\000"
 1910      00
 1911              	.LASF7:
 1912 02ee 73686F72 		.ascii	"short unsigned int\000"
 1912      7420756E 
 1912      7369676E 
 1912      65642069 
 1912      6E7400
 1913              	.LASF34:
 1914 0301 4146524C 		.ascii	"AFRL\000"
 1914      00
 1915              	.LASF16:
 1916 0306 696E7431 		.ascii	"int16_t\000"
 1916      365F7400 
 1917              	.LASF26:
 1918 030e 5F426F6F 		.ascii	"_Bool\000"
 1918      6C00
ARM GAS  C:\Users\DEVELO~1\AppData\Local\Temp\cclknTQo.s 			page 37


 1919              	.LASF44:
 1920 0314 656E635F 		.ascii	"enc_hw_t\000"
 1920      68775F74 
 1920      00
 1921              	.LASF57:
 1922 031d 6472765F 		.ascii	"drv_encoders_start\000"
 1922      656E636F 
 1922      64657273 
 1922      5F737461 
 1922      727400
 1923              	.LASF30:
 1924 0330 4F535045 		.ascii	"OSPEEDR\000"
 1924      45445200 
 1925              	.LASF10:
 1926 0338 6C6F6E67 		.ascii	"long unsigned int\000"
 1926      20756E73 
 1926      69676E65 
 1926      6420696E 
 1926      7400
 1927              	.LASF33:
 1928 034a 4C4F434B 		.ascii	"LOCKR\000"
 1928      5200
 1929              	.LASF46:
 1930 0350 656E635F 		.ascii	"enc_value\000"
 1930      76616C75 
 1930      6500
 1931              	.LASF63:
 1932 035a 656E635F 		.ascii	"enc_read_state\000"
 1932      72656164 
 1932      5F737461 
 1932      746500
 1933              	.LASF4:
 1934 0369 5F5F696E 		.ascii	"__int16_t\000"
 1934      7431365F 
 1934      7400
 1935              	.LASF54:
 1936 0373 70726576 		.ascii	"prev\000"
 1936      00
 1937              		.ident	"GCC: (Arm GNU Toolchain 11.3.Rel1) 11.3.1 20220712"
ARM GAS  C:\Users\DEVELO~1\AppData\Local\Temp\cclknTQo.s 			page 38


DEFINED SYMBOLS
                            *ABS*:00000000 drv_encoders.c
C:\Users\DEVELO~1\AppData\Local\Temp\cclknTQo.s:18     .rodata.enc_hw:00000000 $d
C:\Users\DEVELO~1\AppData\Local\Temp\cclknTQo.s:21     .rodata.enc_hw:00000000 enc_hw
C:\Users\DEVELO~1\AppData\Local\Temp\cclknTQo.s:47     .bss.enc_value:00000000 $d
C:\Users\DEVELO~1\AppData\Local\Temp\cclknTQo.s:50     .bss.enc_value:00000000 enc_value
C:\Users\DEVELO~1\AppData\Local\Temp\cclknTQo.s:53     .bss.enc_prev_state:00000000 $d
C:\Users\DEVELO~1\AppData\Local\Temp\cclknTQo.s:56     .bss.enc_prev_state:00000000 enc_prev_state
C:\Users\DEVELO~1\AppData\Local\Temp\cclknTQo.s:61     .bss.enc_started:00000000 enc_started
C:\Users\DEVELO~1\AppData\Local\Temp\cclknTQo.s:62     .bss.enc_started:00000000 $d
C:\Users\DEVELO~1\AppData\Local\Temp\cclknTQo.s:64     .rodata.quad_table:00000000 $d
C:\Users\DEVELO~1\AppData\Local\Temp\cclknTQo.s:67     .rodata.quad_table:00000000 quad_table
C:\Users\DEVELO~1\AppData\Local\Temp\cclknTQo.s:71     .text.enc_read_state:00000000 $t
C:\Users\DEVELO~1\AppData\Local\Temp\cclknTQo.s:76     .text.enc_read_state:00000000 enc_read_state
C:\Users\DEVELO~1\AppData\Local\Temp\cclknTQo.s:156    .text.enc_read_state:00000068 $d
C:\Users\DEVELO~1\AppData\Local\Temp\cclknTQo.s:161    .text.drv_encoders_start:00000000 $t
C:\Users\DEVELO~1\AppData\Local\Temp\cclknTQo.s:167    .text.drv_encoders_start:00000000 drv_encoders_start
C:\Users\DEVELO~1\AppData\Local\Temp\cclknTQo.s:278    .text.drv_encoders_start:0000009c $d
C:\Users\DEVELO~1\AppData\Local\Temp\cclknTQo.s:286    .text.enc_poll:00000000 $t
C:\Users\DEVELO~1\AppData\Local\Temp\cclknTQo.s:291    .text.enc_poll:00000000 enc_poll
C:\Users\DEVELO~1\AppData\Local\Temp\cclknTQo.s:365    .text.enc_poll:00000064 $d
C:\Users\DEVELO~1\AppData\Local\Temp\cclknTQo.s:372    .text.drv_encoder_get:00000000 $t
C:\Users\DEVELO~1\AppData\Local\Temp\cclknTQo.s:378    .text.drv_encoder_get:00000000 drv_encoder_get
C:\Users\DEVELO~1\AppData\Local\Temp\cclknTQo.s:422    .text.drv_encoder_get:0000002c $d
C:\Users\DEVELO~1\AppData\Local\Temp\cclknTQo.s:427    .text.drv_encoder_get_delta:00000000 $t
C:\Users\DEVELO~1\AppData\Local\Temp\cclknTQo.s:433    .text.drv_encoder_get_delta:00000000 drv_encoder_get_delta
C:\Users\DEVELO~1\AppData\Local\Temp\cclknTQo.s:499    .text.drv_encoder_get_delta:00000050 $d
C:\Users\DEVELO~1\AppData\Local\Temp\cclknTQo.s:650    .bss.last.0:00000000 last.0
C:\Users\DEVELO~1\AppData\Local\Temp\cclknTQo.s:505    .text.drv_encoder_get_delta_accel:00000000 $t
C:\Users\DEVELO~1\AppData\Local\Temp\cclknTQo.s:511    .text.drv_encoder_get_delta_accel:00000000 drv_encoder_get_delta_accel
C:\Users\DEVELO~1\AppData\Local\Temp\cclknTQo.s:592    .text.drv_encoder_reset:00000000 $t
C:\Users\DEVELO~1\AppData\Local\Temp\cclknTQo.s:598    .text.drv_encoder_reset:00000000 drv_encoder_reset
C:\Users\DEVELO~1\AppData\Local\Temp\cclknTQo.s:642    .text.drv_encoder_reset:00000028 $d
C:\Users\DEVELO~1\AppData\Local\Temp\cclknTQo.s:647    .bss.last.0:00000000 $d

UNDEFINED SYMBOLS
_pal_lld_setgroupmode
