ARM GAS  C:\Users\DEVELO~1\AppData\Local\Temp\ccwYTiHh.s 			page 1


   1              		.cpu cortex-m7
   2              		.arch armv7e-m
   3              		.fpu softvfp
   4              		.eabi_attribute 20, 1
   5              		.eabi_attribute 21, 1
   6              		.eabi_attribute 23, 3
   7              		.eabi_attribute 24, 1
   8              		.eabi_attribute 25, 1
   9              		.eabi_attribute 26, 1
  10              		.eabi_attribute 30, 6
  11              		.eabi_attribute 34, 1
  12              		.eabi_attribute 18, 4
  13              		.file	"font.c"
  14              		.text
  15              	.Ltext0:
  16              		.cfi_sections	.debug_frame
  17              		.section	.text.get_col_5x7,"ax",%progbits
  18              		.align	1
  19              		.syntax unified
  20              		.thumb
  21              		.thumb_func
  22              		.type	get_col_5x7, %function
  23              	get_col_5x7:
  24              	.LFB0:
  25              		.file 1 "ui/font.c"
  26              		.loc 1 37 49
  27              		.cfi_startproc
  28              		@ args = 0, pretend = 0, frame = 8
  29              		@ frame_needed = 1, uses_anonymous_args = 0
  30              		@ link register save eliminated.
  31 0000 80B4     		push	{r7}
  32              		.cfi_def_cfa_offset 4
  33              		.cfi_offset 7, -4
  34 0002 83B0     		sub	sp, sp, #12
  35              		.cfi_def_cfa_offset 16
  36 0004 00AF     		add	r7, sp, #0
  37              		.cfi_def_cfa_register 7
  38 0006 0346     		mov	r3, r0
  39 0008 0A46     		mov	r2, r1
  40 000a FB71     		strb	r3, [r7, #7]
  41 000c 1346     		mov	r3, r2
  42 000e BB71     		strb	r3, [r7, #6]
  43              		.loc 1 38 8
  44 0010 FB79     		ldrb	r3, [r7, #7]	@ zero_extendqisi2
  45 0012 1F2B     		cmp	r3, #31
  46 0014 02D9     		bls	.L2
  47              		.loc 1 38 16 discriminator 2
  48 0016 FB79     		ldrb	r3, [r7, #7]	@ zero_extendqisi2
  49 0018 7E2B     		cmp	r3, #126
  50 001a 01D9     		bls	.L3
  51              	.L2:
  52              		.loc 1 38 35 discriminator 3
  53 001c 0023     		movs	r3, #0
  54 001e 0FE0     		b	.L4
  55              	.L3:
  56              		.loc 1 39 8
  57 0020 BB79     		ldrb	r3, [r7, #6]	@ zero_extendqisi2
ARM GAS  C:\Users\DEVELO~1\AppData\Local\Temp\ccwYTiHh.s 			page 2


  58 0022 042B     		cmp	r3, #4
  59 0024 01D9     		bls	.L5
  60              		.loc 1 39 26 discriminator 1
  61 0026 0023     		movs	r3, #0
  62 0028 0AE0     		b	.L4
  63              	.L5:
  64              		.loc 1 40 20
  65 002a FB79     		ldrb	r3, [r7, #7]	@ zero_extendqisi2
  66              		.loc 1 40 31
  67 002c A3F12002 		sub	r2, r3, #32
  68              		.loc 1 40 36
  69 0030 B979     		ldrb	r1, [r7, #6]	@ zero_extendqisi2
  70 0032 0648     		ldr	r0, .L6
  71 0034 1346     		mov	r3, r2
  72 0036 9B00     		lsls	r3, r3, #2
  73 0038 1344     		add	r3, r3, r2
  74 003a 0344     		add	r3, r3, r0
  75 003c 0B44     		add	r3, r3, r1
  76 003e 1B78     		ldrb	r3, [r3]	@ zero_extendqisi2
  77              	.L4:
  78              		.loc 1 41 1
  79 0040 1846     		mov	r0, r3
  80 0042 0C37     		adds	r7, r7, #12
  81              		.cfi_def_cfa_offset 4
  82 0044 BD46     		mov	sp, r7
  83              		.cfi_def_cfa_register 13
  84              		@ sp needed
  85 0046 80BC     		pop	{r7}
  86              		.cfi_restore 7
  87              		.cfi_def_cfa_offset 0
  88 0048 7047     		bx	lr
  89              	.L7:
  90 004a 00BF     		.align	2
  91              	.L6:
  92 004c 00000000 		.word	font5x7
  93              		.cfi_endproc
  94              	.LFE0:
  95              		.size	get_col_5x7, .-get_col_5x7
  96              		.section	.bss.font4x6_expanded,"aw",%nobits
  97              		.align	2
  98              		.type	font4x6_expanded, %object
  99              		.size	font4x6_expanded, 380
 100              	font4x6_expanded:
 101 0000 00000000 		.space	380
 101      00000000 
 101      00000000 
 101      00000000 
 101      00000000 
 102              		.section	.bss.font4x6_ready,"aw",%nobits
 103              		.type	font4x6_ready, %object
 104              		.size	font4x6_ready, 1
 105              	font4x6_ready:
 106 0000 00       		.space	1
 107              		.section	.text.get_col_5x8_elektron,"ax",%progbits
 108              		.align	1
 109              		.syntax unified
 110              		.thumb
ARM GAS  C:\Users\DEVELO~1\AppData\Local\Temp\ccwYTiHh.s 			page 3


 111              		.thumb_func
 112              		.type	get_col_5x8_elektron, %function
 113              	get_col_5x8_elektron:
 114              	.LFB1:
 115              		.loc 1 55 58
 116              		.cfi_startproc
 117              		@ args = 0, pretend = 0, frame = 8
 118              		@ frame_needed = 1, uses_anonymous_args = 0
 119              		@ link register save eliminated.
 120 0000 80B4     		push	{r7}
 121              		.cfi_def_cfa_offset 4
 122              		.cfi_offset 7, -4
 123 0002 83B0     		sub	sp, sp, #12
 124              		.cfi_def_cfa_offset 16
 125 0004 00AF     		add	r7, sp, #0
 126              		.cfi_def_cfa_register 7
 127 0006 0346     		mov	r3, r0
 128 0008 0A46     		mov	r2, r1
 129 000a FB71     		strb	r3, [r7, #7]
 130 000c 1346     		mov	r3, r2
 131 000e BB71     		strb	r3, [r7, #6]
 132              		.loc 1 56 8
 133 0010 FB79     		ldrb	r3, [r7, #7]	@ zero_extendqisi2
 134 0012 1F2B     		cmp	r3, #31
 135 0014 02D9     		bls	.L9
 136              		.loc 1 56 41 discriminator 2
 137 0016 FB79     		ldrb	r3, [r7, #7]	@ zero_extendqisi2
 138 0018 7E2B     		cmp	r3, #126
 139 001a 01D9     		bls	.L10
 140              	.L9:
 141              		.loc 1 56 84 discriminator 3
 142 001c 0023     		movs	r3, #0
 143 001e 10E0     		b	.L11
 144              	.L10:
 145              		.loc 1 57 8
 146 0020 BB79     		ldrb	r3, [r7, #6]	@ zero_extendqisi2
 147 0022 042B     		cmp	r3, #4
 148 0024 01D9     		bls	.L12
 149              		.loc 1 57 26 discriminator 1
 150 0026 0023     		movs	r3, #0
 151 0028 0BE0     		b	.L11
 152              	.L12:
 153              		.loc 1 58 29
 154 002a FB79     		ldrb	r3, [r7, #7]	@ zero_extendqisi2
 155              		.loc 1 58 40
 156 002c A3F12002 		sub	r2, r3, #32
 157              		.loc 1 58 61
 158 0030 B979     		ldrb	r1, [r7, #6]	@ zero_extendqisi2
 159 0032 0648     		ldr	r0, .L13
 160 0034 1346     		mov	r3, r2
 161 0036 5B00     		lsls	r3, r3, #1
 162 0038 1344     		add	r3, r3, r2
 163 003a 5B00     		lsls	r3, r3, #1
 164 003c 0344     		add	r3, r3, r0
 165 003e 0B44     		add	r3, r3, r1
 166 0040 1B78     		ldrb	r3, [r3]	@ zero_extendqisi2
 167              	.L11:
ARM GAS  C:\Users\DEVELO~1\AppData\Local\Temp\ccwYTiHh.s 			page 4


 168              		.loc 1 59 1
 169 0042 1846     		mov	r0, r3
 170 0044 0C37     		adds	r7, r7, #12
 171              		.cfi_def_cfa_offset 4
 172 0046 BD46     		mov	sp, r7
 173              		.cfi_def_cfa_register 13
 174              		@ sp needed
 175 0048 80BC     		pop	{r7}
 176              		.cfi_restore 7
 177              		.cfi_def_cfa_offset 0
 178 004a 7047     		bx	lr
 179              	.L14:
 180              		.align	2
 181              	.L13:
 182 004c 00000000 		.word	font5x8_elektron
 183              		.cfi_endproc
 184              	.LFE1:
 185              		.size	get_col_5x8_elektron, .-get_col_5x8_elektron
 186              		.section	.text.expand_font4x6,"ax",%progbits
 187              		.align	1
 188              		.syntax unified
 189              		.thumb
 190              		.thumb_func
 191              		.type	expand_font4x6, %function
 192              	expand_font4x6:
 193              	.LFB2:
 194              		.loc 1 66 34
 195              		.cfi_startproc
 196              		@ args = 0, pretend = 0, frame = 16
 197              		@ frame_needed = 1, uses_anonymous_args = 0
 198              		@ link register save eliminated.
 199 0000 80B4     		push	{r7}
 200              		.cfi_def_cfa_offset 4
 201              		.cfi_offset 7, -4
 202 0002 85B0     		sub	sp, sp, #20
 203              		.cfi_def_cfa_offset 24
 204 0004 00AF     		add	r7, sp, #0
 205              		.cfi_def_cfa_register 7
 206              	.LBB2:
 207              		.loc 1 67 14
 208 0006 2023     		movs	r3, #32
 209 0008 FB60     		str	r3, [r7, #12]
 210              		.loc 1 67 5
 211 000a 56E0     		b	.L16
 212              	.L24:
 213              	.LBB3:
 214              		.loc 1 68 24
 215 000c FA68     		ldr	r2, [r7, #12]
 216 000e 1346     		mov	r3, r2
 217 0010 5B00     		lsls	r3, r3, #1
 218 0012 1344     		add	r3, r3, r2
 219 0014 2E4A     		ldr	r2, .L25
 220 0016 1344     		add	r3, r3, r2
 221 0018 7B60     		str	r3, [r7, #4]
 222              	.LBB4:
 223              		.loc 1 69 22
 224 001a 0023     		movs	r3, #0
ARM GAS  C:\Users\DEVELO~1\AppData\Local\Temp\ccwYTiHh.s 			page 5


 225 001c FB72     		strb	r3, [r7, #11]
 226              		.loc 1 69 9
 227 001e 46E0     		b	.L17
 228              	.L23:
 229              	.LBB5:
 230              		.loc 1 70 36
 231 0020 FB7A     		ldrb	r3, [r7, #11]	@ zero_extendqisi2
 232 0022 5B08     		lsrs	r3, r3, #1
 233 0024 DBB2     		uxtb	r3, r3
 234 0026 1A46     		mov	r2, r3
 235              		.loc 1 70 31
 236 0028 7B68     		ldr	r3, [r7, #4]
 237 002a 1344     		add	r3, r3, r2
 238              		.loc 1 70 21
 239 002c 1B78     		ldrb	r3, [r3]
 240 002e FB70     		strb	r3, [r7, #3]
 241              		.loc 1 71 35
 242 0030 FB7A     		ldrb	r3, [r7, #11]	@ zero_extendqisi2
 243 0032 03F00103 		and	r3, r3, #1
 244              		.loc 1 71 21
 245 0036 002B     		cmp	r3, #0
 246 0038 04D0     		beq	.L18
 247              		.loc 1 71 21 is_stmt 0 discriminator 1
 248 003a FB78     		ldrb	r3, [r7, #3]
 249 003c 03F00F03 		and	r3, r3, #15
 250 0040 DBB2     		uxtb	r3, r3
 251 0042 02E0     		b	.L19
 252              	.L18:
 253              		.loc 1 71 21 discriminator 2
 254 0044 FB78     		ldrb	r3, [r7, #3]	@ zero_extendqisi2
 255 0046 1B09     		lsrs	r3, r3, #4
 256 0048 DBB2     		uxtb	r3, r3
 257              	.L19:
 258              		.loc 1 71 21 discriminator 4
 259 004a BB70     		strb	r3, [r7, #2]
 260              	.LBB6:
 261              		.loc 1 75 26 is_stmt 1 discriminator 4
 262 004c 0023     		movs	r3, #0
 263 004e BB72     		strb	r3, [r7, #10]
 264              		.loc 1 75 13 discriminator 4
 265 0050 27E0     		b	.L20
 266              	.L22:
 267              	.LBB7:
 268              		.loc 1 76 39
 269 0052 BA78     		ldrb	r2, [r7, #2]	@ zero_extendqisi2
 270 0054 BB7A     		ldrb	r3, [r7, #10]	@ zero_extendqisi2
 271 0056 42FA03F3 		asr	r3, r2, r3
 272              		.loc 1 76 47
 273 005a DBB2     		uxtb	r3, r3
 274              		.loc 1 76 25
 275 005c 03F00103 		and	r3, r3, #1
 276 0060 7B70     		strb	r3, [r7, #1]
 277              		.loc 1 77 20
 278 0062 7B78     		ldrb	r3, [r7, #1]	@ zero_extendqisi2
 279 0064 002B     		cmp	r3, #0
 280 0066 19D0     		beq	.L21
 281              		.loc 1 78 51
ARM GAS  C:\Users\DEVELO~1\AppData\Local\Temp\ccwYTiHh.s 			page 6


 282 0068 FB68     		ldr	r3, [r7, #12]
 283 006a A3F12002 		sub	r2, r3, #32
 284 006e BB7A     		ldrb	r3, [r7, #10]	@ zero_extendqisi2
 285 0070 1849     		ldr	r1, .L25+4
 286 0072 9200     		lsls	r2, r2, #2
 287 0074 0A44     		add	r2, r2, r1
 288 0076 1344     		add	r3, r3, r2
 289 0078 1878     		ldrb	r0, [r3]	@ zero_extendqisi2
 290              		.loc 1 78 58
 291 007a FB7A     		ldrb	r3, [r7, #11]	@ zero_extendqisi2
 292 007c 0122     		movs	r2, #1
 293 007e 02FA03F3 		lsl	r3, r2, r3
 294              		.loc 1 78 51
 295 0082 D9B2     		uxtb	r1, r3
 296 0084 FB68     		ldr	r3, [r7, #12]
 297 0086 A3F12002 		sub	r2, r3, #32
 298 008a BB7A     		ldrb	r3, [r7, #10]	@ zero_extendqisi2
 299 008c 0143     		orrs	r1, r1, r0
 300 008e C8B2     		uxtb	r0, r1
 301 0090 1049     		ldr	r1, .L25+4
 302 0092 9200     		lsls	r2, r2, #2
 303 0094 0A44     		add	r2, r2, r1
 304 0096 1344     		add	r3, r3, r2
 305 0098 0246     		mov	r2, r0
 306 009a 1A70     		strb	r2, [r3]
 307              	.L21:
 308              	.LBE7:
 309              		.loc 1 75 47 discriminator 2
 310 009c BB7A     		ldrb	r3, [r7, #10]	@ zero_extendqisi2
 311 009e 0133     		adds	r3, r3, #1
 312 00a0 BB72     		strb	r3, [r7, #10]
 313              	.L20:
 314              		.loc 1 75 39 discriminator 1
 315 00a2 BB7A     		ldrb	r3, [r7, #10]	@ zero_extendqisi2
 316 00a4 032B     		cmp	r3, #3
 317 00a6 D4D9     		bls	.L22
 318              	.LBE6:
 319              	.LBE5:
 320              		.loc 1 69 43 discriminator 2
 321 00a8 FB7A     		ldrb	r3, [r7, #11]	@ zero_extendqisi2
 322 00aa 0133     		adds	r3, r3, #1
 323 00ac FB72     		strb	r3, [r7, #11]
 324              	.L17:
 325              		.loc 1 69 35 discriminator 1
 326 00ae FB7A     		ldrb	r3, [r7, #11]	@ zero_extendqisi2
 327 00b0 052B     		cmp	r3, #5
 328 00b2 B5D9     		bls	.L23
 329              	.LBE4:
 330              	.LBE3:
 331              		.loc 1 67 33 discriminator 2
 332 00b4 FB68     		ldr	r3, [r7, #12]
 333 00b6 0133     		adds	r3, r3, #1
 334 00b8 FB60     		str	r3, [r7, #12]
 335              	.L16:
 336              		.loc 1 67 24 discriminator 1
 337 00ba FB68     		ldr	r3, [r7, #12]
 338 00bc 7E2B     		cmp	r3, #126
ARM GAS  C:\Users\DEVELO~1\AppData\Local\Temp\ccwYTiHh.s 			page 7


 339 00be A5DD     		ble	.L24
 340              	.LBE2:
 341              		.loc 1 82 19
 342 00c0 054B     		ldr	r3, .L25+8
 343 00c2 0122     		movs	r2, #1
 344 00c4 1A70     		strb	r2, [r3]
 345              		.loc 1 83 1
 346 00c6 00BF     		nop
 347 00c8 1437     		adds	r7, r7, #20
 348              		.cfi_def_cfa_offset 4
 349 00ca BD46     		mov	sp, r7
 350              		.cfi_def_cfa_register 13
 351              		@ sp needed
 352 00cc 80BC     		pop	{r7}
 353              		.cfi_restore 7
 354              		.cfi_def_cfa_offset 0
 355 00ce 7047     		bx	lr
 356              	.L26:
 357              		.align	2
 358              	.L25:
 359 00d0 00000000 		.word	font4x6
 360 00d4 00000000 		.word	font4x6_expanded
 361 00d8 00000000 		.word	font4x6_ready
 362              		.cfi_endproc
 363              	.LFE2:
 364              		.size	expand_font4x6, .-expand_font4x6
 365              		.section	.text.get_col_4x6,"ax",%progbits
 366              		.align	1
 367              		.syntax unified
 368              		.thumb
 369              		.thumb_func
 370              		.type	get_col_4x6, %function
 371              	get_col_4x6:
 372              	.LFB3:
 373              		.loc 1 92 49
 374              		.cfi_startproc
 375              		@ args = 0, pretend = 0, frame = 8
 376              		@ frame_needed = 1, uses_anonymous_args = 0
 377 0000 80B5     		push	{r7, lr}
 378              		.cfi_def_cfa_offset 8
 379              		.cfi_offset 7, -8
 380              		.cfi_offset 14, -4
 381 0002 82B0     		sub	sp, sp, #8
 382              		.cfi_def_cfa_offset 16
 383 0004 00AF     		add	r7, sp, #0
 384              		.cfi_def_cfa_register 7
 385 0006 0346     		mov	r3, r0
 386 0008 0A46     		mov	r2, r1
 387 000a FB71     		strb	r3, [r7, #7]
 388 000c 1346     		mov	r3, r2
 389 000e BB71     		strb	r3, [r7, #6]
 390              		.loc 1 93 8
 391 0010 FB79     		ldrb	r3, [r7, #7]	@ zero_extendqisi2
 392 0012 1F2B     		cmp	r3, #31
 393 0014 02D9     		bls	.L28
 394              		.loc 1 93 16 discriminator 2
 395 0016 FB79     		ldrb	r3, [r7, #7]	@ zero_extendqisi2
ARM GAS  C:\Users\DEVELO~1\AppData\Local\Temp\ccwYTiHh.s 			page 8


 396 0018 7E2B     		cmp	r3, #126
 397 001a 01D9     		bls	.L29
 398              	.L28:
 399              		.loc 1 93 35 discriminator 3
 400 001c 0023     		movs	r3, #0
 401 001e 16E0     		b	.L30
 402              	.L29:
 403              		.loc 1 94 8
 404 0020 BB79     		ldrb	r3, [r7, #6]	@ zero_extendqisi2
 405 0022 032B     		cmp	r3, #3
 406 0024 01D9     		bls	.L31
 407              		.loc 1 94 26 discriminator 1
 408 0026 0023     		movs	r3, #0
 409 0028 11E0     		b	.L30
 410              	.L31:
 411              		.loc 1 95 9
 412 002a 0B4B     		ldr	r3, .L33
 413 002c 1B78     		ldrb	r3, [r3]	@ zero_extendqisi2
 414 002e 83F00103 		eor	r3, r3, #1
 415 0032 DBB2     		uxtb	r3, r3
 416              		.loc 1 95 8
 417 0034 002B     		cmp	r3, #0
 418 0036 01D0     		beq	.L32
 419              		.loc 1 95 25 discriminator 1
 420 0038 FFF7FEFF 		bl	expand_font4x6
 421              	.L32:
 422              		.loc 1 96 29
 423 003c FB79     		ldrb	r3, [r7, #7]	@ zero_extendqisi2
 424              		.loc 1 96 40
 425 003e A3F12002 		sub	r2, r3, #32
 426              		.loc 1 96 45
 427 0042 BB79     		ldrb	r3, [r7, #6]	@ zero_extendqisi2
 428 0044 0549     		ldr	r1, .L33+4
 429 0046 9200     		lsls	r2, r2, #2
 430 0048 0A44     		add	r2, r2, r1
 431 004a 1344     		add	r3, r3, r2
 432 004c 1B78     		ldrb	r3, [r3]	@ zero_extendqisi2
 433              	.L30:
 434              		.loc 1 97 1
 435 004e 1846     		mov	r0, r3
 436 0050 0837     		adds	r7, r7, #8
 437              		.cfi_def_cfa_offset 8
 438 0052 BD46     		mov	sp, r7
 439              		.cfi_def_cfa_register 13
 440              		@ sp needed
 441 0054 80BD     		pop	{r7, pc}
 442              	.L34:
 443 0056 00BF     		.align	2
 444              	.L33:
 445 0058 00000000 		.word	font4x6_ready
 446 005c 00000000 		.word	font4x6_expanded
 447              		.cfi_endproc
 448              	.LFE3:
 449              		.size	get_col_4x6, .-get_col_4x6
 450              		.global	FONT_5X7
 451              		.section	.rodata
 452              		.align	2
ARM GAS  C:\Users\DEVELO~1\AppData\Local\Temp\ccwYTiHh.s 			page 9


 453              	.LC0:
 454 0000 35783700 		.ascii	"5x7\000"
 455              		.section	.rodata.FONT_5X7,"a"
 456              		.align	2
 457              		.type	FONT_5X7, %object
 458              		.size	FONT_5X7, 16
 459              	FONT_5X7:
 460 0000 00000000 		.word	.LC0
 461 0004 05       		.byte	5
 462 0005 07       		.byte	7
 463 0006 20       		.byte	32
 464 0007 7E       		.byte	126
 465 0008 01       		.byte	1
 466 0009 000000   		.space	3
 467 000c 00000000 		.word	get_col_5x7
 468              		.global	FONT_4X6
 469              		.section	.rodata
 470              		.align	2
 471              	.LC1:
 472 0004 34783600 		.ascii	"4x6\000"
 473              		.section	.rodata.FONT_4X6,"a"
 474              		.align	2
 475              		.type	FONT_4X6, %object
 476              		.size	FONT_4X6, 16
 477              	FONT_4X6:
 478 0000 04000000 		.word	.LC1
 479 0004 04       		.byte	4
 480 0005 06       		.byte	6
 481 0006 20       		.byte	32
 482 0007 7E       		.byte	126
 483 0008 00       		.byte	0
 484 0009 000000   		.space	3
 485 000c 00000000 		.word	get_col_4x6
 486              		.global	FONT_5X8_ELEKTRON
 487              		.section	.rodata
 488              		.align	2
 489              	.LC2:
 490 0008 3578385F 		.ascii	"5x8_elektron\000"
 490      656C656B 
 490      74726F6E 
 490      00
 491              		.section	.rodata.FONT_5X8_ELEKTRON,"a"
 492              		.align	2
 493              		.type	FONT_5X8_ELEKTRON, %object
 494              		.size	FONT_5X8_ELEKTRON, 16
 495              	FONT_5X8_ELEKTRON:
 496 0000 08000000 		.word	.LC2
 497 0004 05       		.byte	5
 498 0005 08       		.byte	8
 499 0006 20       		.byte	32
 500 0007 7F       		.byte	127
 501 0008 01       		.byte	1
 502 0009 000000   		.space	3
 503 000c 00000000 		.word	get_col_5x8_elektron
 504              		.text
 505              	.Letext0:
 506              		.file 2 "c:\\chibistudio\\tools\\gnu tools arm embedded\\11.3 2022.08\\arm-none-eabi\\include\\mac
ARM GAS  C:\Users\DEVELO~1\AppData\Local\Temp\ccwYTiHh.s 			page 10


 507              		.file 3 "c:\\chibistudio\\tools\\gnu tools arm embedded\\11.3 2022.08\\arm-none-eabi\\include\\sys
 508              		.file 4 "ui/font.h"
 509              		.file 5 "ui/font5x7.h"
 510              		.file 6 "ui/font4x6.h"
 511              		.file 7 "ui/font5x8_elektron.h"
 512              		.section	.debug_info,"",%progbits
 513              	.Ldebug_info0:
 514 0000 6B030000 		.4byte	0x36b
 515 0004 0500     		.2byte	0x5
 516 0006 01       		.byte	0x1
 517 0007 04       		.byte	0x4
 518 0008 00000000 		.4byte	.Ldebug_abbrev0
 519 000c 0F       		.uleb128 0xf
 520 000d 05010000 		.4byte	.LASF35
 521 0011 1D       		.byte	0x1d
 522 0012 8D000000 		.4byte	.LASF36
 523 0016 A6000000 		.4byte	.LASF37
 524 001a 0C000000 		.4byte	.LLRL0
 525 001e 00000000 		.4byte	0
 526 0022 00000000 		.4byte	.Ldebug_line0
 527 0026 01       		.uleb128 0x1
 528 0027 01       		.byte	0x1
 529 0028 06       		.byte	0x6
 530 0029 56020000 		.4byte	.LASF0
 531 002d 0B       		.uleb128 0xb
 532 002e 22000000 		.4byte	.LASF9
 533 0032 02       		.byte	0x2
 534 0033 2B       		.byte	0x2b
 535 0034 18       		.byte	0x18
 536 0035 39000000 		.4byte	0x39
 537 0039 01       		.uleb128 0x1
 538 003a 01       		.byte	0x1
 539 003b 08       		.byte	0x8
 540 003c 5A000000 		.4byte	.LASF1
 541 0040 01       		.uleb128 0x1
 542 0041 02       		.byte	0x2
 543 0042 05       		.byte	0x5
 544 0043 21020000 		.4byte	.LASF2
 545 0047 01       		.uleb128 0x1
 546 0048 02       		.byte	0x2
 547 0049 07       		.byte	0x7
 548 004a 7A000000 		.4byte	.LASF3
 549 004e 01       		.uleb128 0x1
 550 004f 04       		.byte	0x4
 551 0050 05       		.byte	0x5
 552 0051 33020000 		.4byte	.LASF4
 553 0055 01       		.uleb128 0x1
 554 0056 04       		.byte	0x4
 555 0057 07       		.byte	0x7
 556 0058 68000000 		.4byte	.LASF5
 557 005c 01       		.uleb128 0x1
 558 005d 08       		.byte	0x8
 559 005e 05       		.byte	0x5
 560 005f EB010000 		.4byte	.LASF6
 561 0063 01       		.uleb128 0x1
 562 0064 08       		.byte	0x8
 563 0065 07       		.byte	0x7
ARM GAS  C:\Users\DEVELO~1\AppData\Local\Temp\ccwYTiHh.s 			page 11


 564 0066 B2010000 		.4byte	.LASF7
 565 006a 10       		.uleb128 0x10
 566 006b 04       		.byte	0x4
 567 006c 05       		.byte	0x5
 568 006d 696E7400 		.ascii	"int\000"
 569 0071 01       		.uleb128 0x1
 570 0072 04       		.byte	0x4
 571 0073 07       		.byte	0x7
 572 0074 A5010000 		.4byte	.LASF8
 573 0078 0B       		.uleb128 0xb
 574 0079 C9010000 		.4byte	.LASF10
 575 007d 03       		.byte	0x3
 576 007e 18       		.byte	0x18
 577 007f 13       		.byte	0x13
 578 0080 2D000000 		.4byte	0x2d
 579 0084 04       		.uleb128 0x4
 580 0085 78000000 		.4byte	0x78
 581 0089 11       		.uleb128 0x11
 582 008a 2C000000 		.4byte	.LASF38
 583 008e 10       		.byte	0x10
 584 008f 04       		.byte	0x4
 585 0090 24       		.byte	0x24
 586 0091 10       		.byte	0x10
 587 0092 EB000000 		.4byte	0xeb
 588 0096 02       		.uleb128 0x2
 589 0097 01020000 		.4byte	.LASF11
 590 009b 25       		.byte	0x25
 591 009c 11       		.byte	0x11
 592 009d EB000000 		.4byte	0xeb
 593 00a1 00       		.byte	0
 594 00a2 02       		.uleb128 0x2
 595 00a3 1B020000 		.4byte	.LASF12
 596 00a7 26       		.byte	0x26
 597 00a8 0D       		.byte	0xd
 598 00a9 78000000 		.4byte	0x78
 599 00ad 04       		.byte	0x4
 600 00ae 02       		.uleb128 0x2
 601 00af 9F000000 		.4byte	.LASF13
 602 00b3 27       		.byte	0x27
 603 00b4 0D       		.byte	0xd
 604 00b5 78000000 		.4byte	0x78
 605 00b9 05       		.byte	0x5
 606 00ba 02       		.uleb128 0x2
 607 00bb 4F000000 		.4byte	.LASF14
 608 00bf 28       		.byte	0x28
 609 00c0 0D       		.byte	0xd
 610 00c1 78000000 		.4byte	0x78
 611 00c5 06       		.byte	0x6
 612 00c6 02       		.uleb128 0x2
 613 00c7 62020000 		.4byte	.LASF15
 614 00cb 29       		.byte	0x29
 615 00cc 0D       		.byte	0xd
 616 00cd 78000000 		.4byte	0x78
 617 00d1 07       		.byte	0x7
 618 00d2 02       		.uleb128 0x2
 619 00d3 D1010000 		.4byte	.LASF16
 620 00d7 2A       		.byte	0x2a
ARM GAS  C:\Users\DEVELO~1\AppData\Local\Temp\ccwYTiHh.s 			page 12


 621 00d8 0D       		.byte	0xd
 622 00d9 78000000 		.4byte	0x78
 623 00dd 08       		.byte	0x8
 624 00de 02       		.uleb128 0x2
 625 00df 97000000 		.4byte	.LASF17
 626 00e3 31       		.byte	0x31
 627 00e4 0F       		.byte	0xf
 628 00e5 10010000 		.4byte	0x110
 629 00e9 0C       		.byte	0xc
 630 00ea 00       		.byte	0
 631 00eb 0C       		.uleb128 0xc
 632 00ec F7000000 		.4byte	0xf7
 633 00f0 01       		.uleb128 0x1
 634 00f1 01       		.byte	0x1
 635 00f2 08       		.byte	0x8
 636 00f3 3C020000 		.4byte	.LASF18
 637 00f7 04       		.uleb128 0x4
 638 00f8 F0000000 		.4byte	0xf0
 639 00fc 12       		.uleb128 0x12
 640 00fd 78000000 		.4byte	0x78
 641 0101 10010000 		.4byte	0x110
 642 0105 0E       		.uleb128 0xe
 643 0106 F0000000 		.4byte	0xf0
 644 010a 0E       		.uleb128 0xe
 645 010b 78000000 		.4byte	0x78
 646 010f 00       		.byte	0
 647 0110 0C       		.uleb128 0xc
 648 0111 FC000000 		.4byte	0xfc
 649 0115 0B       		.uleb128 0xb
 650 0116 33000000 		.4byte	.LASF19
 651 011a 04       		.byte	0x4
 652 011b 32       		.byte	0x32
 653 011c 03       		.byte	0x3
 654 011d 89000000 		.4byte	0x89
 655 0121 04       		.uleb128 0x4
 656 0122 15010000 		.4byte	0x115
 657 0126 05       		.uleb128 0x5
 658 0127 41020000 		.4byte	.LASF20
 659 012b 04       		.byte	0x4
 660 012c 39       		.byte	0x39
 661 012d 15       		.byte	0x15
 662 012e 21010000 		.4byte	0x121
 663 0132 05       		.uleb128 0x5
 664 0133 9C010000 		.4byte	.LASF21
 665 0137 04       		.byte	0x4
 666 0138 40       		.byte	0x40
 667 0139 15       		.byte	0x15
 668 013a 21010000 		.4byte	0x121
 669 013e 05       		.uleb128 0x5
 670 013f D9010000 		.4byte	.LASF22
 671 0143 04       		.byte	0x4
 672 0144 41       		.byte	0x41
 673 0145 15       		.byte	0x15
 674 0146 21010000 		.4byte	0x121
 675 014a 09       		.uleb128 0x9
 676 014b 84000000 		.4byte	0x84
 677 014f 60010000 		.4byte	0x160
ARM GAS  C:\Users\DEVELO~1\AppData\Local\Temp\ccwYTiHh.s 			page 13


 678 0153 03       		.uleb128 0x3
 679 0154 71000000 		.4byte	0x71
 680 0158 5E       		.byte	0x5e
 681 0159 03       		.uleb128 0x3
 682 015a 71000000 		.4byte	0x71
 683 015e 04       		.byte	0x4
 684 015f 00       		.byte	0
 685 0160 04       		.uleb128 0x4
 686 0161 4A010000 		.4byte	0x14a
 687 0165 05       		.uleb128 0x5
 688 0166 2B020000 		.4byte	.LASF23
 689 016a 05       		.byte	0x5
 690 016b 24       		.byte	0x24
 691 016c 16       		.byte	0x16
 692 016d 60010000 		.4byte	0x160
 693 0171 09       		.uleb128 0x9
 694 0172 84000000 		.4byte	0x84
 695 0176 82010000 		.4byte	0x182
 696 017a 13       		.uleb128 0x13
 697 017b 03       		.uleb128 0x3
 698 017c 71000000 		.4byte	0x71
 699 0180 02       		.byte	0x2
 700 0181 00       		.byte	0
 701 0182 04       		.uleb128 0x4
 702 0183 71010000 		.4byte	0x171
 703 0187 05       		.uleb128 0x5
 704 0188 F9010000 		.4byte	.LASF24
 705 018c 06       		.byte	0x6
 706 018d 1D       		.byte	0x1d
 707 018e 16       		.byte	0x16
 708 018f 82010000 		.4byte	0x182
 709 0193 09       		.uleb128 0x9
 710 0194 84000000 		.4byte	0x84
 711 0198 A9010000 		.4byte	0x1a9
 712 019c 03       		.uleb128 0x3
 713 019d 71000000 		.4byte	0x71
 714 01a1 5F       		.byte	0x5f
 715 01a2 03       		.uleb128 0x3
 716 01a3 71000000 		.4byte	0x71
 717 01a7 05       		.byte	0x5
 718 01a8 00       		.byte	0
 719 01a9 04       		.uleb128 0x4
 720 01aa 93010000 		.4byte	0x193
 721 01ae 05       		.uleb128 0x5
 722 01af 00000000 		.4byte	.LASF25
 723 01b3 07       		.byte	0x7
 724 01b4 2F       		.byte	0x2f
 725 01b5 16       		.byte	0x16
 726 01b6 A9010000 		.4byte	0x1a9
 727 01ba 09       		.uleb128 0x9
 728 01bb 78000000 		.4byte	0x78
 729 01bf D0010000 		.4byte	0x1d0
 730 01c3 03       		.uleb128 0x3
 731 01c4 71000000 		.4byte	0x71
 732 01c8 5E       		.byte	0x5e
 733 01c9 03       		.uleb128 0x3
 734 01ca 71000000 		.4byte	0x71
ARM GAS  C:\Users\DEVELO~1\AppData\Local\Temp\ccwYTiHh.s 			page 14


 735 01ce 03       		.byte	0x3
 736 01cf 00       		.byte	0
 737 01d0 0A       		.uleb128 0xa
 738 01d1 11000000 		.4byte	.LASF26
 739 01d5 34       		.byte	0x34
 740 01d6 10       		.byte	0x10
 741 01d7 BA010000 		.4byte	0x1ba
 742 01db 05       		.uleb128 0x5
 743 01dc 03       		.byte	0x3
 744 01dd 00000000 		.4byte	font4x6_expanded
 745 01e1 0A       		.uleb128 0xa
 746 01e2 67020000 		.4byte	.LASF27
 747 01e6 35       		.byte	0x35
 748 01e7 0D       		.byte	0xd
 749 01e8 F2010000 		.4byte	0x1f2
 750 01ec 05       		.uleb128 0x5
 751 01ed 03       		.byte	0x3
 752 01ee 00000000 		.4byte	font4x6_ready
 753 01f2 01       		.uleb128 0x1
 754 01f3 01       		.byte	0x1
 755 01f4 02       		.byte	0x2
 756 01f5 3A000000 		.4byte	.LASF28
 757 01f9 0D       		.uleb128 0xd
 758 01fa 26010000 		.4byte	0x126
 759 01fe 68       		.byte	0x68
 760 01ff 05       		.uleb128 0x5
 761 0200 03       		.byte	0x3
 762 0201 00000000 		.4byte	FONT_5X7
 763 0205 0D       		.uleb128 0xd
 764 0206 32010000 		.4byte	0x132
 765 020a 73       		.byte	0x73
 766 020b 05       		.uleb128 0x5
 767 020c 03       		.byte	0x3
 768 020d 00000000 		.4byte	FONT_4X6
 769 0211 0D       		.uleb128 0xd
 770 0212 3E010000 		.4byte	0x13e
 771 0216 7E       		.byte	0x7e
 772 0217 05       		.uleb128 0x5
 773 0218 03       		.byte	0x3
 774 0219 00000000 		.4byte	FONT_5X8_ELEKTRON
 775 021d 14       		.uleb128 0x14
 776 021e 90010000 		.4byte	.LASF31
 777 0222 01       		.byte	0x1
 778 0223 5C       		.byte	0x5c
 779 0224 10       		.byte	0x10
 780 0225 78000000 		.4byte	0x78
 781 0229 00000000 		.4byte	.LFB3
 782 022d 60000000 		.4byte	.LFE3-.LFB3
 783 0231 01       		.uleb128 0x1
 784 0232 9C       		.byte	0x9c
 785 0233 52020000 		.4byte	0x252
 786 0237 06       		.uleb128 0x6
 787 0238 6300     		.ascii	"c\000"
 788 023a 5C       		.byte	0x5c
 789 023b 21       		.byte	0x21
 790 023c F0000000 		.4byte	0xf0
 791 0240 02       		.uleb128 0x2
ARM GAS  C:\Users\DEVELO~1\AppData\Local\Temp\ccwYTiHh.s 			page 15


 792 0241 91       		.byte	0x91
 793 0242 77       		.sleb128 -9
 794 0243 06       		.uleb128 0x6
 795 0244 636F6C00 		.ascii	"col\000"
 796 0248 5C       		.byte	0x5c
 797 0249 2C       		.byte	0x2c
 798 024a 78000000 		.4byte	0x78
 799 024e 02       		.uleb128 0x2
 800 024f 91       		.byte	0x91
 801 0250 76       		.sleb128 -10
 802 0251 00       		.byte	0
 803 0252 15       		.uleb128 0x15
 804 0253 40000000 		.4byte	.LASF33
 805 0257 01       		.byte	0x1
 806 0258 42       		.byte	0x42
 807 0259 0D       		.byte	0xd
 808 025a 00000000 		.4byte	.LFB2
 809 025e DC000000 		.4byte	.LFE2-.LFB2
 810 0262 01       		.uleb128 0x1
 811 0263 9C       		.byte	0x9c
 812 0264 03030000 		.4byte	0x303
 813 0268 07       		.uleb128 0x7
 814 0269 06000000 		.4byte	.LBB2
 815 026d BA000000 		.4byte	.LBE2-.LBB2
 816 0271 08       		.uleb128 0x8
 817 0272 6300     		.ascii	"c\000"
 818 0274 43       		.byte	0x43
 819 0275 0E       		.byte	0xe
 820 0276 6A000000 		.4byte	0x6a
 821 027a 02       		.uleb128 0x2
 822 027b 91       		.byte	0x91
 823 027c 74       		.sleb128 -12
 824 027d 07       		.uleb128 0x7
 825 027e 0C000000 		.4byte	.LBB3
 826 0282 A8000000 		.4byte	.LBE3-.LBB3
 827 0286 08       		.uleb128 0x8
 828 0287 6700     		.ascii	"g\000"
 829 0289 44       		.byte	0x44
 830 028a 18       		.byte	0x18
 831 028b 03030000 		.4byte	0x303
 832 028f 02       		.uleb128 0x2
 833 0290 91       		.byte	0x91
 834 0291 6C       		.sleb128 -20
 835 0292 07       		.uleb128 0x7
 836 0293 1A000000 		.4byte	.LBB4
 837 0297 9A000000 		.4byte	.LBE4-.LBB4
 838 029b 08       		.uleb128 0x8
 839 029c 726F7700 		.ascii	"row\000"
 840 02a0 45       		.byte	0x45
 841 02a1 16       		.byte	0x16
 842 02a2 78000000 		.4byte	0x78
 843 02a6 02       		.uleb128 0x2
 844 02a7 91       		.byte	0x91
 845 02a8 73       		.sleb128 -13
 846 02a9 07       		.uleb128 0x7
 847 02aa 20000000 		.4byte	.LBB5
 848 02ae 88000000 		.4byte	.LBE5-.LBB5
ARM GAS  C:\Users\DEVELO~1\AppData\Local\Temp\ccwYTiHh.s 			page 16


 849 02b2 0A       		.uleb128 0xa
 850 02b3 55000000 		.4byte	.LASF29
 851 02b7 46       		.byte	0x46
 852 02b8 15       		.byte	0x15
 853 02b9 78000000 		.4byte	0x78
 854 02bd 02       		.uleb128 0x2
 855 02be 91       		.byte	0x91
 856 02bf 6B       		.sleb128 -21
 857 02c0 0A       		.uleb128 0xa
 858 02c1 75020000 		.4byte	.LASF30
 859 02c5 47       		.byte	0x47
 860 02c6 15       		.byte	0x15
 861 02c7 78000000 		.4byte	0x78
 862 02cb 02       		.uleb128 0x2
 863 02cc 91       		.byte	0x91
 864 02cd 6A       		.sleb128 -22
 865 02ce 07       		.uleb128 0x7
 866 02cf 4C000000 		.4byte	.LBB6
 867 02d3 5C000000 		.4byte	.LBE6-.LBB6
 868 02d7 08       		.uleb128 0x8
 869 02d8 636F6C00 		.ascii	"col\000"
 870 02dc 4B       		.byte	0x4b
 871 02dd 1A       		.byte	0x1a
 872 02de 78000000 		.4byte	0x78
 873 02e2 02       		.uleb128 0x2
 874 02e3 91       		.byte	0x91
 875 02e4 72       		.sleb128 -14
 876 02e5 07       		.uleb128 0x7
 877 02e6 52000000 		.4byte	.LBB7
 878 02ea 4A000000 		.4byte	.LBE7-.LBB7
 879 02ee 08       		.uleb128 0x8
 880 02ef 62697400 		.ascii	"bit\000"
 881 02f3 4C       		.byte	0x4c
 882 02f4 19       		.byte	0x19
 883 02f5 78000000 		.4byte	0x78
 884 02f9 02       		.uleb128 0x2
 885 02fa 91       		.byte	0x91
 886 02fb 69       		.sleb128 -23
 887 02fc 00       		.byte	0
 888 02fd 00       		.byte	0
 889 02fe 00       		.byte	0
 890 02ff 00       		.byte	0
 891 0300 00       		.byte	0
 892 0301 00       		.byte	0
 893 0302 00       		.byte	0
 894 0303 0C       		.uleb128 0xc
 895 0304 84000000 		.4byte	0x84
 896 0308 16       		.uleb128 0x16
 897 0309 06020000 		.4byte	.LASF32
 898 030d 01       		.byte	0x1
 899 030e 37       		.byte	0x37
 900 030f 10       		.byte	0x10
 901 0310 78000000 		.4byte	0x78
 902 0314 00000000 		.4byte	.LFB1
 903 0318 50000000 		.4byte	.LFE1-.LFB1
 904 031c 01       		.uleb128 0x1
 905 031d 9C       		.byte	0x9c
ARM GAS  C:\Users\DEVELO~1\AppData\Local\Temp\ccwYTiHh.s 			page 17


 906 031e 3D030000 		.4byte	0x33d
 907 0322 06       		.uleb128 0x6
 908 0323 6300     		.ascii	"c\000"
 909 0325 37       		.byte	0x37
 910 0326 2A       		.byte	0x2a
 911 0327 F0000000 		.4byte	0xf0
 912 032b 02       		.uleb128 0x2
 913 032c 91       		.byte	0x91
 914 032d 77       		.sleb128 -9
 915 032e 06       		.uleb128 0x6
 916 032f 636F6C00 		.ascii	"col\000"
 917 0333 37       		.byte	0x37
 918 0334 35       		.byte	0x35
 919 0335 78000000 		.4byte	0x78
 920 0339 02       		.uleb128 0x2
 921 033a 91       		.byte	0x91
 922 033b 76       		.sleb128 -10
 923 033c 00       		.byte	0
 924 033d 17       		.uleb128 0x17
 925 033e 4A020000 		.4byte	.LASF34
 926 0342 01       		.byte	0x1
 927 0343 25       		.byte	0x25
 928 0344 10       		.byte	0x10
 929 0345 78000000 		.4byte	0x78
 930 0349 00000000 		.4byte	.LFB0
 931 034d 50000000 		.4byte	.LFE0-.LFB0
 932 0351 01       		.uleb128 0x1
 933 0352 9C       		.byte	0x9c
 934 0353 06       		.uleb128 0x6
 935 0354 6300     		.ascii	"c\000"
 936 0356 25       		.byte	0x25
 937 0357 21       		.byte	0x21
 938 0358 F0000000 		.4byte	0xf0
 939 035c 02       		.uleb128 0x2
 940 035d 91       		.byte	0x91
 941 035e 77       		.sleb128 -9
 942 035f 06       		.uleb128 0x6
 943 0360 636F6C00 		.ascii	"col\000"
 944 0364 25       		.byte	0x25
 945 0365 2C       		.byte	0x2c
 946 0366 78000000 		.4byte	0x78
 947 036a 02       		.uleb128 0x2
 948 036b 91       		.byte	0x91
 949 036c 76       		.sleb128 -10
 950 036d 00       		.byte	0
 951 036e 00       		.byte	0
 952              		.section	.debug_abbrev,"",%progbits
 953              	.Ldebug_abbrev0:
 954 0000 01       		.uleb128 0x1
 955 0001 24       		.uleb128 0x24
 956 0002 00       		.byte	0
 957 0003 0B       		.uleb128 0xb
 958 0004 0B       		.uleb128 0xb
 959 0005 3E       		.uleb128 0x3e
 960 0006 0B       		.uleb128 0xb
 961 0007 03       		.uleb128 0x3
 962 0008 0E       		.uleb128 0xe
ARM GAS  C:\Users\DEVELO~1\AppData\Local\Temp\ccwYTiHh.s 			page 18


 963 0009 00       		.byte	0
 964 000a 00       		.byte	0
 965 000b 02       		.uleb128 0x2
 966 000c 0D       		.uleb128 0xd
 967 000d 00       		.byte	0
 968 000e 03       		.uleb128 0x3
 969 000f 0E       		.uleb128 0xe
 970 0010 3A       		.uleb128 0x3a
 971 0011 21       		.uleb128 0x21
 972 0012 04       		.sleb128 4
 973 0013 3B       		.uleb128 0x3b
 974 0014 0B       		.uleb128 0xb
 975 0015 39       		.uleb128 0x39
 976 0016 0B       		.uleb128 0xb
 977 0017 49       		.uleb128 0x49
 978 0018 13       		.uleb128 0x13
 979 0019 38       		.uleb128 0x38
 980 001a 0B       		.uleb128 0xb
 981 001b 00       		.byte	0
 982 001c 00       		.byte	0
 983 001d 03       		.uleb128 0x3
 984 001e 21       		.uleb128 0x21
 985 001f 00       		.byte	0
 986 0020 49       		.uleb128 0x49
 987 0021 13       		.uleb128 0x13
 988 0022 2F       		.uleb128 0x2f
 989 0023 0B       		.uleb128 0xb
 990 0024 00       		.byte	0
 991 0025 00       		.byte	0
 992 0026 04       		.uleb128 0x4
 993 0027 26       		.uleb128 0x26
 994 0028 00       		.byte	0
 995 0029 49       		.uleb128 0x49
 996 002a 13       		.uleb128 0x13
 997 002b 00       		.byte	0
 998 002c 00       		.byte	0
 999 002d 05       		.uleb128 0x5
 1000 002e 34       		.uleb128 0x34
 1001 002f 00       		.byte	0
 1002 0030 03       		.uleb128 0x3
 1003 0031 0E       		.uleb128 0xe
 1004 0032 3A       		.uleb128 0x3a
 1005 0033 0B       		.uleb128 0xb
 1006 0034 3B       		.uleb128 0x3b
 1007 0035 0B       		.uleb128 0xb
 1008 0036 39       		.uleb128 0x39
 1009 0037 0B       		.uleb128 0xb
 1010 0038 49       		.uleb128 0x49
 1011 0039 13       		.uleb128 0x13
 1012 003a 3F       		.uleb128 0x3f
 1013 003b 19       		.uleb128 0x19
 1014 003c 3C       		.uleb128 0x3c
 1015 003d 19       		.uleb128 0x19
 1016 003e 00       		.byte	0
 1017 003f 00       		.byte	0
 1018 0040 06       		.uleb128 0x6
 1019 0041 05       		.uleb128 0x5
ARM GAS  C:\Users\DEVELO~1\AppData\Local\Temp\ccwYTiHh.s 			page 19


 1020 0042 00       		.byte	0
 1021 0043 03       		.uleb128 0x3
 1022 0044 08       		.uleb128 0x8
 1023 0045 3A       		.uleb128 0x3a
 1024 0046 21       		.uleb128 0x21
 1025 0047 01       		.sleb128 1
 1026 0048 3B       		.uleb128 0x3b
 1027 0049 0B       		.uleb128 0xb
 1028 004a 39       		.uleb128 0x39
 1029 004b 0B       		.uleb128 0xb
 1030 004c 49       		.uleb128 0x49
 1031 004d 13       		.uleb128 0x13
 1032 004e 02       		.uleb128 0x2
 1033 004f 18       		.uleb128 0x18
 1034 0050 00       		.byte	0
 1035 0051 00       		.byte	0
 1036 0052 07       		.uleb128 0x7
 1037 0053 0B       		.uleb128 0xb
 1038 0054 01       		.byte	0x1
 1039 0055 11       		.uleb128 0x11
 1040 0056 01       		.uleb128 0x1
 1041 0057 12       		.uleb128 0x12
 1042 0058 06       		.uleb128 0x6
 1043 0059 00       		.byte	0
 1044 005a 00       		.byte	0
 1045 005b 08       		.uleb128 0x8
 1046 005c 34       		.uleb128 0x34
 1047 005d 00       		.byte	0
 1048 005e 03       		.uleb128 0x3
 1049 005f 08       		.uleb128 0x8
 1050 0060 3A       		.uleb128 0x3a
 1051 0061 21       		.uleb128 0x21
 1052 0062 01       		.sleb128 1
 1053 0063 3B       		.uleb128 0x3b
 1054 0064 0B       		.uleb128 0xb
 1055 0065 39       		.uleb128 0x39
 1056 0066 0B       		.uleb128 0xb
 1057 0067 49       		.uleb128 0x49
 1058 0068 13       		.uleb128 0x13
 1059 0069 02       		.uleb128 0x2
 1060 006a 18       		.uleb128 0x18
 1061 006b 00       		.byte	0
 1062 006c 00       		.byte	0
 1063 006d 09       		.uleb128 0x9
 1064 006e 01       		.uleb128 0x1
 1065 006f 01       		.byte	0x1
 1066 0070 49       		.uleb128 0x49
 1067 0071 13       		.uleb128 0x13
 1068 0072 01       		.uleb128 0x1
 1069 0073 13       		.uleb128 0x13
 1070 0074 00       		.byte	0
 1071 0075 00       		.byte	0
 1072 0076 0A       		.uleb128 0xa
 1073 0077 34       		.uleb128 0x34
 1074 0078 00       		.byte	0
 1075 0079 03       		.uleb128 0x3
 1076 007a 0E       		.uleb128 0xe
ARM GAS  C:\Users\DEVELO~1\AppData\Local\Temp\ccwYTiHh.s 			page 20


 1077 007b 3A       		.uleb128 0x3a
 1078 007c 21       		.uleb128 0x21
 1079 007d 01       		.sleb128 1
 1080 007e 3B       		.uleb128 0x3b
 1081 007f 0B       		.uleb128 0xb
 1082 0080 39       		.uleb128 0x39
 1083 0081 0B       		.uleb128 0xb
 1084 0082 49       		.uleb128 0x49
 1085 0083 13       		.uleb128 0x13
 1086 0084 02       		.uleb128 0x2
 1087 0085 18       		.uleb128 0x18
 1088 0086 00       		.byte	0
 1089 0087 00       		.byte	0
 1090 0088 0B       		.uleb128 0xb
 1091 0089 16       		.uleb128 0x16
 1092 008a 00       		.byte	0
 1093 008b 03       		.uleb128 0x3
 1094 008c 0E       		.uleb128 0xe
 1095 008d 3A       		.uleb128 0x3a
 1096 008e 0B       		.uleb128 0xb
 1097 008f 3B       		.uleb128 0x3b
 1098 0090 0B       		.uleb128 0xb
 1099 0091 39       		.uleb128 0x39
 1100 0092 0B       		.uleb128 0xb
 1101 0093 49       		.uleb128 0x49
 1102 0094 13       		.uleb128 0x13
 1103 0095 00       		.byte	0
 1104 0096 00       		.byte	0
 1105 0097 0C       		.uleb128 0xc
 1106 0098 0F       		.uleb128 0xf
 1107 0099 00       		.byte	0
 1108 009a 0B       		.uleb128 0xb
 1109 009b 21       		.uleb128 0x21
 1110 009c 04       		.sleb128 4
 1111 009d 49       		.uleb128 0x49
 1112 009e 13       		.uleb128 0x13
 1113 009f 00       		.byte	0
 1114 00a0 00       		.byte	0
 1115 00a1 0D       		.uleb128 0xd
 1116 00a2 34       		.uleb128 0x34
 1117 00a3 00       		.byte	0
 1118 00a4 47       		.uleb128 0x47
 1119 00a5 13       		.uleb128 0x13
 1120 00a6 3A       		.uleb128 0x3a
 1121 00a7 21       		.uleb128 0x21
 1122 00a8 01       		.sleb128 1
 1123 00a9 3B       		.uleb128 0x3b
 1124 00aa 0B       		.uleb128 0xb
 1125 00ab 39       		.uleb128 0x39
 1126 00ac 21       		.uleb128 0x21
 1127 00ad 0E       		.sleb128 14
 1128 00ae 02       		.uleb128 0x2
 1129 00af 18       		.uleb128 0x18
 1130 00b0 00       		.byte	0
 1131 00b1 00       		.byte	0
 1132 00b2 0E       		.uleb128 0xe
 1133 00b3 05       		.uleb128 0x5
ARM GAS  C:\Users\DEVELO~1\AppData\Local\Temp\ccwYTiHh.s 			page 21


 1134 00b4 00       		.byte	0
 1135 00b5 49       		.uleb128 0x49
 1136 00b6 13       		.uleb128 0x13
 1137 00b7 00       		.byte	0
 1138 00b8 00       		.byte	0
 1139 00b9 0F       		.uleb128 0xf
 1140 00ba 11       		.uleb128 0x11
 1141 00bb 01       		.byte	0x1
 1142 00bc 25       		.uleb128 0x25
 1143 00bd 0E       		.uleb128 0xe
 1144 00be 13       		.uleb128 0x13
 1145 00bf 0B       		.uleb128 0xb
 1146 00c0 03       		.uleb128 0x3
 1147 00c1 0E       		.uleb128 0xe
 1148 00c2 1B       		.uleb128 0x1b
 1149 00c3 0E       		.uleb128 0xe
 1150 00c4 55       		.uleb128 0x55
 1151 00c5 17       		.uleb128 0x17
 1152 00c6 11       		.uleb128 0x11
 1153 00c7 01       		.uleb128 0x1
 1154 00c8 10       		.uleb128 0x10
 1155 00c9 17       		.uleb128 0x17
 1156 00ca 00       		.byte	0
 1157 00cb 00       		.byte	0
 1158 00cc 10       		.uleb128 0x10
 1159 00cd 24       		.uleb128 0x24
 1160 00ce 00       		.byte	0
 1161 00cf 0B       		.uleb128 0xb
 1162 00d0 0B       		.uleb128 0xb
 1163 00d1 3E       		.uleb128 0x3e
 1164 00d2 0B       		.uleb128 0xb
 1165 00d3 03       		.uleb128 0x3
 1166 00d4 08       		.uleb128 0x8
 1167 00d5 00       		.byte	0
 1168 00d6 00       		.byte	0
 1169 00d7 11       		.uleb128 0x11
 1170 00d8 13       		.uleb128 0x13
 1171 00d9 01       		.byte	0x1
 1172 00da 03       		.uleb128 0x3
 1173 00db 0E       		.uleb128 0xe
 1174 00dc 0B       		.uleb128 0xb
 1175 00dd 0B       		.uleb128 0xb
 1176 00de 3A       		.uleb128 0x3a
 1177 00df 0B       		.uleb128 0xb
 1178 00e0 3B       		.uleb128 0x3b
 1179 00e1 0B       		.uleb128 0xb
 1180 00e2 39       		.uleb128 0x39
 1181 00e3 0B       		.uleb128 0xb
 1182 00e4 01       		.uleb128 0x1
 1183 00e5 13       		.uleb128 0x13
 1184 00e6 00       		.byte	0
 1185 00e7 00       		.byte	0
 1186 00e8 12       		.uleb128 0x12
 1187 00e9 15       		.uleb128 0x15
 1188 00ea 01       		.byte	0x1
 1189 00eb 27       		.uleb128 0x27
 1190 00ec 19       		.uleb128 0x19
ARM GAS  C:\Users\DEVELO~1\AppData\Local\Temp\ccwYTiHh.s 			page 22


 1191 00ed 49       		.uleb128 0x49
 1192 00ee 13       		.uleb128 0x13
 1193 00ef 01       		.uleb128 0x1
 1194 00f0 13       		.uleb128 0x13
 1195 00f1 00       		.byte	0
 1196 00f2 00       		.byte	0
 1197 00f3 13       		.uleb128 0x13
 1198 00f4 21       		.uleb128 0x21
 1199 00f5 00       		.byte	0
 1200 00f6 00       		.byte	0
 1201 00f7 00       		.byte	0
 1202 00f8 14       		.uleb128 0x14
 1203 00f9 2E       		.uleb128 0x2e
 1204 00fa 01       		.byte	0x1
 1205 00fb 03       		.uleb128 0x3
 1206 00fc 0E       		.uleb128 0xe
 1207 00fd 3A       		.uleb128 0x3a
 1208 00fe 0B       		.uleb128 0xb
 1209 00ff 3B       		.uleb128 0x3b
 1210 0100 0B       		.uleb128 0xb
 1211 0101 39       		.uleb128 0x39
 1212 0102 0B       		.uleb128 0xb
 1213 0103 27       		.uleb128 0x27
 1214 0104 19       		.uleb128 0x19
 1215 0105 49       		.uleb128 0x49
 1216 0106 13       		.uleb128 0x13
 1217 0107 11       		.uleb128 0x11
 1218 0108 01       		.uleb128 0x1
 1219 0109 12       		.uleb128 0x12
 1220 010a 06       		.uleb128 0x6
 1221 010b 40       		.uleb128 0x40
 1222 010c 18       		.uleb128 0x18
 1223 010d 7C       		.uleb128 0x7c
 1224 010e 19       		.uleb128 0x19
 1225 010f 01       		.uleb128 0x1
 1226 0110 13       		.uleb128 0x13
 1227 0111 00       		.byte	0
 1228 0112 00       		.byte	0
 1229 0113 15       		.uleb128 0x15
 1230 0114 2E       		.uleb128 0x2e
 1231 0115 01       		.byte	0x1
 1232 0116 03       		.uleb128 0x3
 1233 0117 0E       		.uleb128 0xe
 1234 0118 3A       		.uleb128 0x3a
 1235 0119 0B       		.uleb128 0xb
 1236 011a 3B       		.uleb128 0x3b
 1237 011b 0B       		.uleb128 0xb
 1238 011c 39       		.uleb128 0x39
 1239 011d 0B       		.uleb128 0xb
 1240 011e 27       		.uleb128 0x27
 1241 011f 19       		.uleb128 0x19
 1242 0120 11       		.uleb128 0x11
 1243 0121 01       		.uleb128 0x1
 1244 0122 12       		.uleb128 0x12
 1245 0123 06       		.uleb128 0x6
 1246 0124 40       		.uleb128 0x40
 1247 0125 18       		.uleb128 0x18
ARM GAS  C:\Users\DEVELO~1\AppData\Local\Temp\ccwYTiHh.s 			page 23


 1248 0126 7A       		.uleb128 0x7a
 1249 0127 19       		.uleb128 0x19
 1250 0128 01       		.uleb128 0x1
 1251 0129 13       		.uleb128 0x13
 1252 012a 00       		.byte	0
 1253 012b 00       		.byte	0
 1254 012c 16       		.uleb128 0x16
 1255 012d 2E       		.uleb128 0x2e
 1256 012e 01       		.byte	0x1
 1257 012f 03       		.uleb128 0x3
 1258 0130 0E       		.uleb128 0xe
 1259 0131 3A       		.uleb128 0x3a
 1260 0132 0B       		.uleb128 0xb
 1261 0133 3B       		.uleb128 0x3b
 1262 0134 0B       		.uleb128 0xb
 1263 0135 39       		.uleb128 0x39
 1264 0136 0B       		.uleb128 0xb
 1265 0137 27       		.uleb128 0x27
 1266 0138 19       		.uleb128 0x19
 1267 0139 49       		.uleb128 0x49
 1268 013a 13       		.uleb128 0x13
 1269 013b 11       		.uleb128 0x11
 1270 013c 01       		.uleb128 0x1
 1271 013d 12       		.uleb128 0x12
 1272 013e 06       		.uleb128 0x6
 1273 013f 40       		.uleb128 0x40
 1274 0140 18       		.uleb128 0x18
 1275 0141 7A       		.uleb128 0x7a
 1276 0142 19       		.uleb128 0x19
 1277 0143 01       		.uleb128 0x1
 1278 0144 13       		.uleb128 0x13
 1279 0145 00       		.byte	0
 1280 0146 00       		.byte	0
 1281 0147 17       		.uleb128 0x17
 1282 0148 2E       		.uleb128 0x2e
 1283 0149 01       		.byte	0x1
 1284 014a 03       		.uleb128 0x3
 1285 014b 0E       		.uleb128 0xe
 1286 014c 3A       		.uleb128 0x3a
 1287 014d 0B       		.uleb128 0xb
 1288 014e 3B       		.uleb128 0x3b
 1289 014f 0B       		.uleb128 0xb
 1290 0150 39       		.uleb128 0x39
 1291 0151 0B       		.uleb128 0xb
 1292 0152 27       		.uleb128 0x27
 1293 0153 19       		.uleb128 0x19
 1294 0154 49       		.uleb128 0x49
 1295 0155 13       		.uleb128 0x13
 1296 0156 11       		.uleb128 0x11
 1297 0157 01       		.uleb128 0x1
 1298 0158 12       		.uleb128 0x12
 1299 0159 06       		.uleb128 0x6
 1300 015a 40       		.uleb128 0x40
 1301 015b 18       		.uleb128 0x18
 1302 015c 7A       		.uleb128 0x7a
 1303 015d 19       		.uleb128 0x19
 1304 015e 00       		.byte	0
ARM GAS  C:\Users\DEVELO~1\AppData\Local\Temp\ccwYTiHh.s 			page 24


 1305 015f 00       		.byte	0
 1306 0160 00       		.byte	0
 1307              		.section	.debug_aranges,"",%progbits
 1308 0000 34000000 		.4byte	0x34
 1309 0004 0200     		.2byte	0x2
 1310 0006 00000000 		.4byte	.Ldebug_info0
 1311 000a 04       		.byte	0x4
 1312 000b 00       		.byte	0
 1313 000c 0000     		.2byte	0
 1314 000e 0000     		.2byte	0
 1315 0010 00000000 		.4byte	.LFB0
 1316 0014 50000000 		.4byte	.LFE0-.LFB0
 1317 0018 00000000 		.4byte	.LFB1
 1318 001c 50000000 		.4byte	.LFE1-.LFB1
 1319 0020 00000000 		.4byte	.LFB2
 1320 0024 DC000000 		.4byte	.LFE2-.LFB2
 1321 0028 00000000 		.4byte	.LFB3
 1322 002c 60000000 		.4byte	.LFE3-.LFB3
 1323 0030 00000000 		.4byte	0
 1324 0034 00000000 		.4byte	0
 1325              		.section	.debug_rnglists,"",%progbits
 1326              	.Ldebug_ranges0:
 1327 0000 22000000 		.4byte	.Ldebug_ranges3-.Ldebug_ranges2
 1328              	.Ldebug_ranges2:
 1329 0004 0500     		.2byte	0x5
 1330 0006 04       		.byte	0x4
 1331 0007 00       		.byte	0
 1332 0008 00000000 		.4byte	0
 1333              	.LLRL0:
 1334 000c 07       		.byte	0x7
 1335 000d 00000000 		.4byte	.LFB0
 1336 0011 50       		.uleb128 .LFE0-.LFB0
 1337 0012 07       		.byte	0x7
 1338 0013 00000000 		.4byte	.LFB1
 1339 0017 50       		.uleb128 .LFE1-.LFB1
 1340 0018 07       		.byte	0x7
 1341 0019 00000000 		.4byte	.LFB2
 1342 001d DC01     		.uleb128 .LFE2-.LFB2
 1343 001f 07       		.byte	0x7
 1344 0020 00000000 		.4byte	.LFB3
 1345 0024 60       		.uleb128 .LFE3-.LFB3
 1346 0025 00       		.byte	0
 1347              	.Ldebug_ranges3:
 1348              		.section	.debug_line,"",%progbits
 1349              	.Ldebug_line0:
 1350 0000 85020000 		.section	.debug_str,"MS",%progbits,1
 1350      03003101 
 1350      00000201 
 1350      FB0E0D00 
 1350      01010101 
 1351              	.LASF25:
 1352 0000 666F6E74 		.ascii	"font5x8_elektron\000"
 1352      3578385F 
 1352      656C656B 
 1352      74726F6E 
 1352      00
 1353              	.LASF26:
ARM GAS  C:\Users\DEVELO~1\AppData\Local\Temp\ccwYTiHh.s 			page 25


 1354 0011 666F6E74 		.ascii	"font4x6_expanded\000"
 1354      3478365F 
 1354      65787061 
 1354      6E646564 
 1354      00
 1355              	.LASF9:
 1356 0022 5F5F7569 		.ascii	"__uint8_t\000"
 1356      6E74385F 
 1356      7400
 1357              	.LASF38:
 1358 002c 666F6E74 		.ascii	"font_s\000"
 1358      5F7300
 1359              	.LASF19:
 1360 0033 666F6E74 		.ascii	"font_t\000"
 1360      5F7400
 1361              	.LASF28:
 1362 003a 5F426F6F 		.ascii	"_Bool\000"
 1362      6C00
 1363              	.LASF33:
 1364 0040 65787061 		.ascii	"expand_font4x6\000"
 1364      6E645F66 
 1364      6F6E7434 
 1364      783600
 1365              	.LASF14:
 1366 004f 66697273 		.ascii	"first\000"
 1366      7400
 1367              	.LASF29:
 1368 0055 62797465 		.ascii	"byte\000"
 1368      00
 1369              	.LASF1:
 1370 005a 756E7369 		.ascii	"unsigned char\000"
 1370      676E6564 
 1370      20636861 
 1370      7200
 1371              	.LASF5:
 1372 0068 6C6F6E67 		.ascii	"long unsigned int\000"
 1372      20756E73 
 1372      69676E65 
 1372      6420696E 
 1372      7400
 1373              	.LASF3:
 1374 007a 73686F72 		.ascii	"short unsigned int\000"
 1374      7420756E 
 1374      7369676E 
 1374      65642069 
 1374      6E7400
 1375              	.LASF36:
 1376 008d 75692F66 		.ascii	"ui/font.c\000"
 1376      6F6E742E 
 1376      6300
 1377              	.LASF17:
 1378 0097 6765745F 		.ascii	"get_col\000"
 1378      636F6C00 
 1379              	.LASF13:
 1380 009f 68656967 		.ascii	"height\000"
 1380      687400
 1381              	.LASF37:
ARM GAS  C:\Users\DEVELO~1\AppData\Local\Temp\ccwYTiHh.s 			page 26


 1382 00a6 433A5C50 		.ascii	"C:\\PROJET\\ChibiOS project\\ChibiOS_21.11.4\\demos"
 1382      524F4A45 
 1382      545C4368 
 1382      6962694F 
 1382      53207072 
 1383 00d5 5C53544D 		.ascii	"\\STM32\\RT-STM32H743ZI_REV_XY-NUCLEO144_Quartz8M\000"
 1383      33325C52 
 1383      542D5354 
 1383      4D333248 
 1383      3734335A 
 1384              	.LASF35:
 1385 0105 474E5520 		.ascii	"GNU C17 11.3.1 20220712 -mcpu=cortex-m7 -mthumb -mf"
 1385      43313720 
 1385      31312E33 
 1385      2E312032 
 1385      30323230 
 1386 0138 6C6F6174 		.ascii	"loat-abi=soft -march=armv7e-m -ggdb -O0 -ffunction-"
 1386      2D616269 
 1386      3D736F66 
 1386      74202D6D 
 1386      61726368 
 1387 016b 73656374 		.ascii	"sections -fdata-sections -fno-common\000"
 1387      696F6E73 
 1387      202D6664 
 1387      6174612D 
 1387      73656374 
 1388              	.LASF31:
 1389 0190 6765745F 		.ascii	"get_col_4x6\000"
 1389      636F6C5F 
 1389      34783600 
 1390              	.LASF21:
 1391 019c 464F4E54 		.ascii	"FONT_4X6\000"
 1391      5F345836 
 1391      00
 1392              	.LASF8:
 1393 01a5 756E7369 		.ascii	"unsigned int\000"
 1393      676E6564 
 1393      20696E74 
 1393      00
 1394              	.LASF7:
 1395 01b2 6C6F6E67 		.ascii	"long long unsigned int\000"
 1395      206C6F6E 
 1395      6720756E 
 1395      7369676E 
 1395      65642069 
 1396              	.LASF10:
 1397 01c9 75696E74 		.ascii	"uint8_t\000"
 1397      385F7400 
 1398              	.LASF16:
 1399 01d1 73706163 		.ascii	"spacing\000"
 1399      696E6700 
 1400              	.LASF22:
 1401 01d9 464F4E54 		.ascii	"FONT_5X8_ELEKTRON\000"
 1401      5F355838 
 1401      5F454C45 
 1401      4B54524F 
 1401      4E00
ARM GAS  C:\Users\DEVELO~1\AppData\Local\Temp\ccwYTiHh.s 			page 27


 1402              	.LASF6:
 1403 01eb 6C6F6E67 		.ascii	"long long int\000"
 1403      206C6F6E 
 1403      6720696E 
 1403      7400
 1404              	.LASF24:
 1405 01f9 666F6E74 		.ascii	"font4x6\000"
 1405      34783600 
 1406              	.LASF11:
 1407 0201 6E616D65 		.ascii	"name\000"
 1407      00
 1408              	.LASF32:
 1409 0206 6765745F 		.ascii	"get_col_5x8_elektron\000"
 1409      636F6C5F 
 1409      3578385F 
 1409      656C656B 
 1409      74726F6E 
 1410              	.LASF12:
 1411 021b 77696474 		.ascii	"width\000"
 1411      6800
 1412              	.LASF2:
 1413 0221 73686F72 		.ascii	"short int\000"
 1413      7420696E 
 1413      7400
 1414              	.LASF23:
 1415 022b 666F6E74 		.ascii	"font5x7\000"
 1415      35783700 
 1416              	.LASF4:
 1417 0233 6C6F6E67 		.ascii	"long int\000"
 1417      20696E74 
 1417      00
 1418              	.LASF18:
 1419 023c 63686172 		.ascii	"char\000"
 1419      00
 1420              	.LASF20:
 1421 0241 464F4E54 		.ascii	"FONT_5X7\000"
 1421      5F355837 
 1421      00
 1422              	.LASF34:
 1423 024a 6765745F 		.ascii	"get_col_5x7\000"
 1423      636F6C5F 
 1423      35783700 
 1424              	.LASF0:
 1425 0256 7369676E 		.ascii	"signed char\000"
 1425      65642063 
 1425      68617200 
 1426              	.LASF15:
 1427 0262 6C617374 		.ascii	"last\000"
 1427      00
 1428              	.LASF27:
 1429 0267 666F6E74 		.ascii	"font4x6_ready\000"
 1429      3478365F 
 1429      72656164 
 1429      7900
 1430              	.LASF30:
 1431 0275 6E696262 		.ascii	"nibble\000"
 1431      6C6500
ARM GAS  C:\Users\DEVELO~1\AppData\Local\Temp\ccwYTiHh.s 			page 28


 1432              		.ident	"GCC: (Arm GNU Toolchain 11.3.Rel1) 11.3.1 20220712"
ARM GAS  C:\Users\DEVELO~1\AppData\Local\Temp\ccwYTiHh.s 			page 29


DEFINED SYMBOLS
                            *ABS*:00000000 font.c
C:\Users\DEVELO~1\AppData\Local\Temp\ccwYTiHh.s:18     .text.get_col_5x7:00000000 $t
C:\Users\DEVELO~1\AppData\Local\Temp\ccwYTiHh.s:23     .text.get_col_5x7:00000000 get_col_5x7
C:\Users\DEVELO~1\AppData\Local\Temp\ccwYTiHh.s:92     .text.get_col_5x7:0000004c $d
C:\Users\DEVELO~1\AppData\Local\Temp\ccwYTiHh.s:97     .bss.font4x6_expanded:00000000 $d
C:\Users\DEVELO~1\AppData\Local\Temp\ccwYTiHh.s:100    .bss.font4x6_expanded:00000000 font4x6_expanded
C:\Users\DEVELO~1\AppData\Local\Temp\ccwYTiHh.s:105    .bss.font4x6_ready:00000000 font4x6_ready
C:\Users\DEVELO~1\AppData\Local\Temp\ccwYTiHh.s:106    .bss.font4x6_ready:00000000 $d
C:\Users\DEVELO~1\AppData\Local\Temp\ccwYTiHh.s:108    .text.get_col_5x8_elektron:00000000 $t
C:\Users\DEVELO~1\AppData\Local\Temp\ccwYTiHh.s:113    .text.get_col_5x8_elektron:00000000 get_col_5x8_elektron
C:\Users\DEVELO~1\AppData\Local\Temp\ccwYTiHh.s:182    .text.get_col_5x8_elektron:0000004c $d
C:\Users\DEVELO~1\AppData\Local\Temp\ccwYTiHh.s:187    .text.expand_font4x6:00000000 $t
C:\Users\DEVELO~1\AppData\Local\Temp\ccwYTiHh.s:192    .text.expand_font4x6:00000000 expand_font4x6
C:\Users\DEVELO~1\AppData\Local\Temp\ccwYTiHh.s:359    .text.expand_font4x6:000000d0 $d
C:\Users\DEVELO~1\AppData\Local\Temp\ccwYTiHh.s:366    .text.get_col_4x6:00000000 $t
C:\Users\DEVELO~1\AppData\Local\Temp\ccwYTiHh.s:371    .text.get_col_4x6:00000000 get_col_4x6
C:\Users\DEVELO~1\AppData\Local\Temp\ccwYTiHh.s:445    .text.get_col_4x6:00000058 $d
C:\Users\DEVELO~1\AppData\Local\Temp\ccwYTiHh.s:459    .rodata.FONT_5X7:00000000 FONT_5X7
C:\Users\DEVELO~1\AppData\Local\Temp\ccwYTiHh.s:452    .rodata:00000000 $d
C:\Users\DEVELO~1\AppData\Local\Temp\ccwYTiHh.s:456    .rodata.FONT_5X7:00000000 $d
C:\Users\DEVELO~1\AppData\Local\Temp\ccwYTiHh.s:477    .rodata.FONT_4X6:00000000 FONT_4X6
C:\Users\DEVELO~1\AppData\Local\Temp\ccwYTiHh.s:474    .rodata.FONT_4X6:00000000 $d
C:\Users\DEVELO~1\AppData\Local\Temp\ccwYTiHh.s:495    .rodata.FONT_5X8_ELEKTRON:00000000 FONT_5X8_ELEKTRON
C:\Users\DEVELO~1\AppData\Local\Temp\ccwYTiHh.s:492    .rodata.FONT_5X8_ELEKTRON:00000000 $d

UNDEFINED SYMBOLS
font5x7
font5x8_elektron
font4x6
