ARM GAS  C:\Users\DEVELO~1\AppData\Local\Temp\ccnXge2z.s 			page 1


   1              		.cpu cortex-m7
   2              		.arch armv7e-m
   3              		.fpu softvfp
   4              		.eabi_attribute 20, 1
   5              		.eabi_attribute 21, 1
   6              		.eabi_attribute 23, 3
   7              		.eabi_attribute 24, 1
   8              		.eabi_attribute 25, 1
   9              		.eabi_attribute 26, 1
  10              		.eabi_attribute 30, 6
  11              		.eabi_attribute 34, 1
  12              		.eabi_attribute 18, 4
  13              		.file	"hal.c"
  14              		.text
  15              	.Ltext0:
  16              		.cfi_sections	.debug_frame
  17              		.section	.text.osalInit,"ax",%progbits
  18              		.align	1
  19              		.syntax unified
  20              		.thumb
  21              		.thumb_func
  22              		.type	osalInit, %function
  23              	osalInit:
  24              	.LFB346:
  25              		.file 1 "../../../os/hal/osal/rt-nil/osal.h"
  26              		.loc 1 531 35
  27              		.cfi_startproc
  28              		@ args = 0, pretend = 0, frame = 0
  29              		@ frame_needed = 1, uses_anonymous_args = 0
  30              		@ link register save eliminated.
  31 0000 80B4     		push	{r7}
  32              		.cfi_def_cfa_offset 4
  33              		.cfi_offset 7, -4
  34 0002 00AF     		add	r7, sp, #0
  35              		.cfi_def_cfa_register 7
  36              		.loc 1 533 1
  37 0004 00BF     		nop
  38 0006 BD46     		mov	sp, r7
  39              		.cfi_def_cfa_register 13
  40              		@ sp needed
  41 0008 80BC     		pop	{r7}
  42              		.cfi_restore 7
  43              		.cfi_def_cfa_offset 0
  44 000a 7047     		bx	lr
  45              		.cfi_endproc
  46              	.LFE346:
  47              		.size	osalInit, .-osalInit
  48              		.section	.text.halInit,"ax",%progbits
  49              		.align	1
  50              		.global	halInit
  51              		.syntax unified
  52              		.thumb
  53              		.thumb_func
  54              		.type	halInit, %function
  55              	halInit:
  56              	.LFB432:
  57              		.file 2 "../../../os/hal/src/hal.c"
ARM GAS  C:\Users\DEVELO~1\AppData\Local\Temp\ccnXge2z.s 			page 2


  58              		.loc 2 56 20
  59              		.cfi_startproc
  60              		@ args = 0, pretend = 0, frame = 0
  61              		@ frame_needed = 1, uses_anonymous_args = 0
  62 0000 80B5     		push	{r7, lr}
  63              		.cfi_def_cfa_offset 8
  64              		.cfi_offset 7, -8
  65              		.cfi_offset 14, -4
  66 0002 00AF     		add	r7, sp, #0
  67              		.cfi_def_cfa_register 7
  68              		.loc 2 59 3
  69 0004 FFF7FEFF 		bl	osalInit
  70              		.loc 2 62 3
  71 0008 FFF7FEFF 		bl	hal_lld_init
  72              		.loc 2 66 3
  73 000c FFF7FEFF 		bl	_pal_lld_init
  74              		.loc 2 90 3
  75 0010 FFF7FEFF 		bl	i2cInit
  76              		.loc 2 108 3
  77 0014 FFF7FEFF 		bl	sdInit
  78              		.loc 2 117 3
  79 0018 FFF7FEFF 		bl	spiInit
  80              		.loc 2 126 3
  81 001c FFF7FEFF 		bl	usbInit
  82              		.loc 2 147 3
  83 0020 FFF7FEFF 		bl	halCommunityInit
  84              		.loc 2 152 3
  85 0024 FFF7FEFF 		bl	boardInit
  86              		.loc 2 159 3
  87 0028 FFF7FEFF 		bl	stInit
  88              		.loc 2 161 1
  89 002c 00BF     		nop
  90 002e 80BD     		pop	{r7, pc}
  91              		.cfi_endproc
  92              	.LFE432:
  93              		.size	halInit, .-halInit
  94              		.text
  95              	.Letext0:
  96              		.file 3 "../../../os/hal/include/hal_st.h"
  97              		.file 4 "../../../os/hal/boards/STM32H743_LQFP176_CUSTOM_Q_8M/board.h"
  98              		.file 5 "../../../ChibiOS-Contrib-chibios-21.11.x/os/hal/include/hal_community.h"
  99              		.file 6 "../../../os/hal/include/hal_usb.h"
 100              		.file 7 "../../../os/hal/include/hal_spi_v2.h"
 101              		.file 8 "../../../os/hal/include/hal_serial.h"
 102              		.file 9 "../../../os/hal/include/hal_i2c.h"
 103              		.file 10 "../../../os/hal/ports/STM32/LLD/GPIOv2/hal_pal_lld.h"
 104              		.file 11 "../../../os/hal/ports/STM32/STM32H7xx/hal_lld.h"
 105              		.section	.debug_info,"",%progbits
 106              	.Ldebug_info0:
 107 0000 E7000000 		.4byte	0xe7
 108 0004 0500     		.2byte	0x5
 109 0006 01       		.byte	0x1
 110 0007 04       		.byte	0x4
 111 0008 00000000 		.4byte	.Ldebug_abbrev0
 112 000c 04       		.uleb128 0x4
 113 000d E0000000 		.4byte	.LASF21
 114 0011 1D       		.byte	0x1d
ARM GAS  C:\Users\DEVELO~1\AppData\Local\Temp\ccnXge2z.s 			page 3


 115 0012 95000000 		.4byte	.LASF22
 116 0016 36000000 		.4byte	.LASF23
 117 001a 0C000000 		.4byte	.LLRL0
 118 001e 00000000 		.4byte	0
 119 0022 00000000 		.4byte	.Ldebug_line0
 120 0026 05       		.uleb128 0x5
 121 0027 04       		.byte	0x4
 122 0028 05       		.byte	0x5
 123 0029 696E7400 		.ascii	"int\000"
 124 002d 01       		.uleb128 0x1
 125 002e 04       		.byte	0x4
 126 002f 07       		.byte	0x7
 127 0030 29000000 		.4byte	.LASF0
 128 0034 01       		.uleb128 0x1
 129 0035 08       		.byte	0x8
 130 0036 05       		.byte	0x5
 131 0037 00000000 		.4byte	.LASF1
 132 003b 01       		.uleb128 0x1
 133 003c 08       		.byte	0x8
 134 003d 04       		.byte	0x4
 135 003e E6010000 		.4byte	.LASF2
 136 0042 01       		.uleb128 0x1
 137 0043 01       		.byte	0x1
 138 0044 06       		.byte	0x6
 139 0045 00020000 		.4byte	.LASF3
 140 0049 01       		.uleb128 0x1
 141 004a 01       		.byte	0x1
 142 004b 08       		.byte	0x8
 143 004c 73010000 		.4byte	.LASF4
 144 0050 01       		.uleb128 0x1
 145 0051 02       		.byte	0x2
 146 0052 05       		.byte	0x5
 147 0053 95010000 		.4byte	.LASF5
 148 0057 01       		.uleb128 0x1
 149 0058 02       		.byte	0x2
 150 0059 07       		.byte	0x7
 151 005a 0E000000 		.4byte	.LASF6
 152 005e 01       		.uleb128 0x1
 153 005f 04       		.byte	0x4
 154 0060 05       		.byte	0x5
 155 0061 AC010000 		.4byte	.LASF7
 156 0065 01       		.uleb128 0x1
 157 0066 04       		.byte	0x4
 158 0067 07       		.byte	0x7
 159 0068 B7000000 		.4byte	.LASF8
 160 006c 01       		.uleb128 0x1
 161 006d 08       		.byte	0x8
 162 006e 07       		.byte	0x7
 163 006f C9000000 		.4byte	.LASF9
 164 0073 01       		.uleb128 0x1
 165 0074 01       		.byte	0x1
 166 0075 08       		.byte	0x8
 167 0076 81010000 		.4byte	.LASF10
 168 007a 01       		.uleb128 0x1
 169 007b 01       		.byte	0x1
 170 007c 02       		.byte	0x2
 171 007d A6010000 		.4byte	.LASF11
ARM GAS  C:\Users\DEVELO~1\AppData\Local\Temp\ccnXge2z.s 			page 4


 172 0081 03       		.uleb128 0x3
 173 0082 86010000 		.4byte	.LASF12
 174 0086 03       		.byte	0x3
 175 0087 46       		.byte	0x46
 176 0088 02       		.uleb128 0x2
 177 0089 C2010000 		.4byte	.LASF13
 178 008d 04       		.byte	0x4
 179 008e 3D06     		.2byte	0x63d
 180 0090 03       		.uleb128 0x3
 181 0091 CC010000 		.4byte	.LASF14
 182 0095 05       		.byte	0x5
 183 0096 91       		.byte	0x91
 184 0097 02       		.uleb128 0x2
 185 0098 21000000 		.4byte	.LASF15
 186 009c 06       		.byte	0x6
 187 009d 5D02     		.2byte	0x25d
 188 009f 02       		.uleb128 0x2
 189 00a0 6B010000 		.4byte	.LASF16
 190 00a4 07       		.byte	0x7
 191 00a5 E101     		.2byte	0x1e1
 192 00a7 02       		.uleb128 0x2
 193 00a8 9F010000 		.4byte	.LASF17
 194 00ac 08       		.byte	0x8
 195 00ad 7F01     		.2byte	0x17f
 196 00af 03       		.uleb128 0x3
 197 00b0 AF000000 		.4byte	.LASF18
 198 00b4 09       		.byte	0x9
 199 00b5 B0       		.byte	0xb0
 200 00b6 02       		.uleb128 0x2
 201 00b7 F2010000 		.4byte	.LASF19
 202 00bb 0A       		.byte	0xa
 203 00bc F201     		.2byte	0x1f2
 204 00be 03       		.uleb128 0x3
 205 00bf B5010000 		.4byte	.LASF20
 206 00c3 0B       		.byte	0xb
 207 00c4 BC       		.byte	0xbc
 208 00c5 06       		.uleb128 0x6
 209 00c6 8D010000 		.4byte	.LASF24
 210 00ca 02       		.byte	0x2
 211 00cb 38       		.byte	0x38
 212 00cc 06       		.byte	0x6
 213 00cd 00000000 		.4byte	.LFB432
 214 00d1 30000000 		.4byte	.LFE432-.LFB432
 215 00d5 01       		.uleb128 0x1
 216 00d6 9C       		.byte	0x9c
 217 00d7 07       		.uleb128 0x7
 218 00d8 DD010000 		.4byte	.LASF25
 219 00dc 01       		.byte	0x1
 220 00dd 1302     		.2byte	0x213
 221 00df 14       		.byte	0x14
 222 00e0 00000000 		.4byte	.LFB346
 223 00e4 0C000000 		.4byte	.LFE346-.LFB346
 224 00e8 01       		.uleb128 0x1
 225 00e9 9C       		.byte	0x9c
 226 00ea 00       		.byte	0
 227              		.section	.debug_abbrev,"",%progbits
 228              	.Ldebug_abbrev0:
ARM GAS  C:\Users\DEVELO~1\AppData\Local\Temp\ccnXge2z.s 			page 5


 229 0000 01       		.uleb128 0x1
 230 0001 24       		.uleb128 0x24
 231 0002 00       		.byte	0
 232 0003 0B       		.uleb128 0xb
 233 0004 0B       		.uleb128 0xb
 234 0005 3E       		.uleb128 0x3e
 235 0006 0B       		.uleb128 0xb
 236 0007 03       		.uleb128 0x3
 237 0008 0E       		.uleb128 0xe
 238 0009 00       		.byte	0
 239 000a 00       		.byte	0
 240 000b 02       		.uleb128 0x2
 241 000c 2E       		.uleb128 0x2e
 242 000d 00       		.byte	0
 243 000e 3F       		.uleb128 0x3f
 244 000f 19       		.uleb128 0x19
 245 0010 03       		.uleb128 0x3
 246 0011 0E       		.uleb128 0xe
 247 0012 3A       		.uleb128 0x3a
 248 0013 0B       		.uleb128 0xb
 249 0014 3B       		.uleb128 0x3b
 250 0015 05       		.uleb128 0x5
 251 0016 39       		.uleb128 0x39
 252 0017 21       		.uleb128 0x21
 253 0018 08       		.sleb128 8
 254 0019 27       		.uleb128 0x27
 255 001a 19       		.uleb128 0x19
 256 001b 3C       		.uleb128 0x3c
 257 001c 19       		.uleb128 0x19
 258 001d 00       		.byte	0
 259 001e 00       		.byte	0
 260 001f 03       		.uleb128 0x3
 261 0020 2E       		.uleb128 0x2e
 262 0021 00       		.byte	0
 263 0022 3F       		.uleb128 0x3f
 264 0023 19       		.uleb128 0x19
 265 0024 03       		.uleb128 0x3
 266 0025 0E       		.uleb128 0xe
 267 0026 3A       		.uleb128 0x3a
 268 0027 0B       		.uleb128 0xb
 269 0028 3B       		.uleb128 0x3b
 270 0029 0B       		.uleb128 0xb
 271 002a 39       		.uleb128 0x39
 272 002b 21       		.uleb128 0x21
 273 002c 08       		.sleb128 8
 274 002d 27       		.uleb128 0x27
 275 002e 19       		.uleb128 0x19
 276 002f 3C       		.uleb128 0x3c
 277 0030 19       		.uleb128 0x19
 278 0031 00       		.byte	0
 279 0032 00       		.byte	0
 280 0033 04       		.uleb128 0x4
 281 0034 11       		.uleb128 0x11
 282 0035 01       		.byte	0x1
 283 0036 25       		.uleb128 0x25
 284 0037 0E       		.uleb128 0xe
 285 0038 13       		.uleb128 0x13
ARM GAS  C:\Users\DEVELO~1\AppData\Local\Temp\ccnXge2z.s 			page 6


 286 0039 0B       		.uleb128 0xb
 287 003a 03       		.uleb128 0x3
 288 003b 0E       		.uleb128 0xe
 289 003c 1B       		.uleb128 0x1b
 290 003d 0E       		.uleb128 0xe
 291 003e 55       		.uleb128 0x55
 292 003f 17       		.uleb128 0x17
 293 0040 11       		.uleb128 0x11
 294 0041 01       		.uleb128 0x1
 295 0042 10       		.uleb128 0x10
 296 0043 17       		.uleb128 0x17
 297 0044 00       		.byte	0
 298 0045 00       		.byte	0
 299 0046 05       		.uleb128 0x5
 300 0047 24       		.uleb128 0x24
 301 0048 00       		.byte	0
 302 0049 0B       		.uleb128 0xb
 303 004a 0B       		.uleb128 0xb
 304 004b 3E       		.uleb128 0x3e
 305 004c 0B       		.uleb128 0xb
 306 004d 03       		.uleb128 0x3
 307 004e 08       		.uleb128 0x8
 308 004f 00       		.byte	0
 309 0050 00       		.byte	0
 310 0051 06       		.uleb128 0x6
 311 0052 2E       		.uleb128 0x2e
 312 0053 00       		.byte	0
 313 0054 3F       		.uleb128 0x3f
 314 0055 19       		.uleb128 0x19
 315 0056 03       		.uleb128 0x3
 316 0057 0E       		.uleb128 0xe
 317 0058 3A       		.uleb128 0x3a
 318 0059 0B       		.uleb128 0xb
 319 005a 3B       		.uleb128 0x3b
 320 005b 0B       		.uleb128 0xb
 321 005c 39       		.uleb128 0x39
 322 005d 0B       		.uleb128 0xb
 323 005e 27       		.uleb128 0x27
 324 005f 19       		.uleb128 0x19
 325 0060 11       		.uleb128 0x11
 326 0061 01       		.uleb128 0x1
 327 0062 12       		.uleb128 0x12
 328 0063 06       		.uleb128 0x6
 329 0064 40       		.uleb128 0x40
 330 0065 18       		.uleb128 0x18
 331 0066 7C       		.uleb128 0x7c
 332 0067 19       		.uleb128 0x19
 333 0068 00       		.byte	0
 334 0069 00       		.byte	0
 335 006a 07       		.uleb128 0x7
 336 006b 2E       		.uleb128 0x2e
 337 006c 00       		.byte	0
 338 006d 03       		.uleb128 0x3
 339 006e 0E       		.uleb128 0xe
 340 006f 3A       		.uleb128 0x3a
 341 0070 0B       		.uleb128 0xb
 342 0071 3B       		.uleb128 0x3b
ARM GAS  C:\Users\DEVELO~1\AppData\Local\Temp\ccnXge2z.s 			page 7


 343 0072 05       		.uleb128 0x5
 344 0073 39       		.uleb128 0x39
 345 0074 0B       		.uleb128 0xb
 346 0075 27       		.uleb128 0x27
 347 0076 19       		.uleb128 0x19
 348 0077 11       		.uleb128 0x11
 349 0078 01       		.uleb128 0x1
 350 0079 12       		.uleb128 0x12
 351 007a 06       		.uleb128 0x6
 352 007b 40       		.uleb128 0x40
 353 007c 18       		.uleb128 0x18
 354 007d 7A       		.uleb128 0x7a
 355 007e 19       		.uleb128 0x19
 356 007f 00       		.byte	0
 357 0080 00       		.byte	0
 358 0081 00       		.byte	0
 359              		.section	.debug_aranges,"",%progbits
 360 0000 24000000 		.4byte	0x24
 361 0004 0200     		.2byte	0x2
 362 0006 00000000 		.4byte	.Ldebug_info0
 363 000a 04       		.byte	0x4
 364 000b 00       		.byte	0
 365 000c 0000     		.2byte	0
 366 000e 0000     		.2byte	0
 367 0010 00000000 		.4byte	.LFB346
 368 0014 0C000000 		.4byte	.LFE346-.LFB346
 369 0018 00000000 		.4byte	.LFB432
 370 001c 30000000 		.4byte	.LFE432-.LFB432
 371 0020 00000000 		.4byte	0
 372 0024 00000000 		.4byte	0
 373              		.section	.debug_rnglists,"",%progbits
 374              	.Ldebug_ranges0:
 375 0000 15000000 		.4byte	.Ldebug_ranges3-.Ldebug_ranges2
 376              	.Ldebug_ranges2:
 377 0004 0500     		.2byte	0x5
 378 0006 04       		.byte	0x4
 379 0007 00       		.byte	0
 380 0008 00000000 		.4byte	0
 381              	.LLRL0:
 382 000c 07       		.byte	0x7
 383 000d 00000000 		.4byte	.LFB346
 384 0011 0C       		.uleb128 .LFE346-.LFB346
 385 0012 07       		.byte	0x7
 386 0013 00000000 		.4byte	.LFB432
 387 0017 30       		.uleb128 .LFE432-.LFB432
 388 0018 00       		.byte	0
 389              	.Ldebug_ranges3:
 390              		.section	.debug_line,"",%progbits
 391              	.Ldebug_line0:
 392 0000 F1010000 		.section	.debug_str,"MS",%progbits,1
 392      0300AA01 
 392      00000201 
 392      FB0E0D00 
 392      01010101 
 393              	.LASF1:
 394 0000 6C6F6E67 		.ascii	"long long int\000"
 394      206C6F6E 
ARM GAS  C:\Users\DEVELO~1\AppData\Local\Temp\ccnXge2z.s 			page 8


 394      6720696E 
 394      7400
 395              	.LASF6:
 396 000e 73686F72 		.ascii	"short unsigned int\000"
 396      7420756E 
 396      7369676E 
 396      65642069 
 396      6E7400
 397              	.LASF15:
 398 0021 75736249 		.ascii	"usbInit\000"
 398      6E697400 
 399              	.LASF0:
 400 0029 756E7369 		.ascii	"unsigned int\000"
 400      676E6564 
 400      20696E74 
 400      00
 401              	.LASF23:
 402 0036 433A5C50 		.ascii	"C:\\PROJET\\ChibiOS project\\ChibiOS_21.11.4\\demos"
 402      524F4A45 
 402      545C4368 
 402      6962694F 
 402      53207072 
 403 0065 5C53544D 		.ascii	"\\STM32\\RT-STM32H743ZI_REV_XY-NUCLEO144_Quartz8M\000"
 403      33325C52 
 403      542D5354 
 403      4D333248 
 403      3734335A 
 404              	.LASF22:
 405 0095 2E2E2F2E 		.ascii	"../../../os/hal/src/hal.c\000"
 405      2E2F2E2E 
 405      2F6F732F 
 405      68616C2F 
 405      7372632F 
 406              	.LASF18:
 407 00af 69326349 		.ascii	"i2cInit\000"
 407      6E697400 
 408              	.LASF8:
 409 00b7 6C6F6E67 		.ascii	"long unsigned int\000"
 409      20756E73 
 409      69676E65 
 409      6420696E 
 409      7400
 410              	.LASF9:
 411 00c9 6C6F6E67 		.ascii	"long long unsigned int\000"
 411      206C6F6E 
 411      6720756E 
 411      7369676E 
 411      65642069 
 412              	.LASF21:
 413 00e0 474E5520 		.ascii	"GNU C17 11.3.1 20220712 -mcpu=cortex-m7 -mthumb -mf"
 413      43313720 
 413      31312E33 
 413      2E312032 
 413      30323230 
 414 0113 6C6F6174 		.ascii	"loat-abi=soft -march=armv7e-m -ggdb -O0 -ffunction-"
 414      2D616269 
 414      3D736F66 
ARM GAS  C:\Users\DEVELO~1\AppData\Local\Temp\ccnXge2z.s 			page 9


 414      74202D6D 
 414      61726368 
 415 0146 73656374 		.ascii	"sections -fdata-sections -fno-common\000"
 415      696F6E73 
 415      202D6664 
 415      6174612D 
 415      73656374 
 416              	.LASF16:
 417 016b 73706949 		.ascii	"spiInit\000"
 417      6E697400 
 418              	.LASF4:
 419 0173 756E7369 		.ascii	"unsigned char\000"
 419      676E6564 
 419      20636861 
 419      7200
 420              	.LASF10:
 421 0181 63686172 		.ascii	"char\000"
 421      00
 422              	.LASF12:
 423 0186 7374496E 		.ascii	"stInit\000"
 423      697400
 424              	.LASF24:
 425 018d 68616C49 		.ascii	"halInit\000"
 425      6E697400 
 426              	.LASF5:
 427 0195 73686F72 		.ascii	"short int\000"
 427      7420696E 
 427      7400
 428              	.LASF17:
 429 019f 7364496E 		.ascii	"sdInit\000"
 429      697400
 430              	.LASF11:
 431 01a6 5F426F6F 		.ascii	"_Bool\000"
 431      6C00
 432              	.LASF7:
 433 01ac 6C6F6E67 		.ascii	"long int\000"
 433      20696E74 
 433      00
 434              	.LASF20:
 435 01b5 68616C5F 		.ascii	"hal_lld_init\000"
 435      6C6C645F 
 435      696E6974 
 435      00
 436              	.LASF13:
 437 01c2 626F6172 		.ascii	"boardInit\000"
 437      64496E69 
 437      7400
 438              	.LASF14:
 439 01cc 68616C43 		.ascii	"halCommunityInit\000"
 439      6F6D6D75 
 439      6E697479 
 439      496E6974 
 439      00
 440              	.LASF25:
 441 01dd 6F73616C 		.ascii	"osalInit\000"
 441      496E6974 
 441      00
ARM GAS  C:\Users\DEVELO~1\AppData\Local\Temp\ccnXge2z.s 			page 10


 442              	.LASF2:
 443 01e6 6C6F6E67 		.ascii	"long double\000"
 443      20646F75 
 443      626C6500 
 444              	.LASF19:
 445 01f2 5F70616C 		.ascii	"_pal_lld_init\000"
 445      5F6C6C64 
 445      5F696E69 
 445      7400
 446              	.LASF3:
 447 0200 7369676E 		.ascii	"signed char\000"
 447      65642063 
 447      68617200 
 448              		.ident	"GCC: (Arm GNU Toolchain 11.3.Rel1) 11.3.1 20220712"
ARM GAS  C:\Users\DEVELO~1\AppData\Local\Temp\ccnXge2z.s 			page 11


DEFINED SYMBOLS
                            *ABS*:00000000 hal.c
C:\Users\DEVELO~1\AppData\Local\Temp\ccnXge2z.s:18     .text.osalInit:00000000 $t
C:\Users\DEVELO~1\AppData\Local\Temp\ccnXge2z.s:23     .text.osalInit:00000000 osalInit
C:\Users\DEVELO~1\AppData\Local\Temp\ccnXge2z.s:49     .text.halInit:00000000 $t
C:\Users\DEVELO~1\AppData\Local\Temp\ccnXge2z.s:55     .text.halInit:00000000 halInit

UNDEFINED SYMBOLS
hal_lld_init
_pal_lld_init
i2cInit
sdInit
spiInit
usbInit
halCommunityInit
boardInit
stInit
