ARM GAS  C:\Users\DEVELO~1\AppData\Local\Temp\cca3Sz8I.s 			page 1


   1              		.cpu cortex-m7
   2              		.arch armv7e-m
   3              		.fpu softvfp
   4              		.eabi_attribute 20, 1
   5              		.eabi_attribute 21, 1
   6              		.eabi_attribute 23, 3
   7              		.eabi_attribute 24, 1
   8              		.eabi_attribute 25, 1
   9              		.eabi_attribute 26, 1
  10              		.eabi_attribute 30, 6
  11              		.eabi_attribute 34, 1
  12              		.eabi_attribute 18, 4
  13              		.file	"hal_pal_lld.c"
  14              		.text
  15              	.Ltext0:
  16              		.cfi_sections	.debug_frame
  17              		.section	.text._pal_lld_init,"ax",%progbits
  18              		.align	1
  19              		.global	_pal_lld_init
  20              		.syntax unified
  21              		.thumb
  22              		.thumb_func
  23              		.type	_pal_lld_init, %function
  24              	_pal_lld_init:
  25              	.LFB432:
  26              		.file 1 "../../../os/hal/ports/STM32/LLD/GPIOv2/hal_pal_lld.c"
  27              		.loc 1 65 26
  28              		.cfi_startproc
  29              		@ args = 0, pretend = 0, frame = 0
  30              		@ frame_needed = 1, uses_anonymous_args = 0
  31              		@ link register save eliminated.
  32 0000 80B4     		push	{r7}
  33              		.cfi_def_cfa_offset 4
  34              		.cfi_offset 7, -4
  35 0002 00AF     		add	r7, sp, #0
  36              		.cfi_def_cfa_register 7
  37              		.loc 1 74 1
  38 0004 00BF     		nop
  39 0006 BD46     		mov	sp, r7
  40              		.cfi_def_cfa_register 13
  41              		@ sp needed
  42 0008 80BC     		pop	{r7}
  43              		.cfi_restore 7
  44              		.cfi_def_cfa_offset 0
  45 000a 7047     		bx	lr
  46              		.cfi_endproc
  47              	.LFE432:
  48              		.size	_pal_lld_init, .-_pal_lld_init
  49              		.section	.text._pal_lld_setgroupmode,"ax",%progbits
  50              		.align	1
  51              		.global	_pal_lld_setgroupmode
  52              		.syntax unified
  53              		.thumb
  54              		.thumb_func
  55              		.type	_pal_lld_setgroupmode, %function
  56              	_pal_lld_setgroupmode:
  57              	.LFB433:
ARM GAS  C:\Users\DEVELO~1\AppData\Local\Temp\cca3Sz8I.s 			page 2


  58              		.loc 1 91 43
  59              		.cfi_startproc
  60              		@ args = 0, pretend = 0, frame = 56
  61              		@ frame_needed = 1, uses_anonymous_args = 0
  62              		@ link register save eliminated.
  63 0000 80B4     		push	{r7}
  64              		.cfi_def_cfa_offset 4
  65              		.cfi_offset 7, -4
  66 0002 8FB0     		sub	sp, sp, #60
  67              		.cfi_def_cfa_offset 64
  68 0004 00AF     		add	r7, sp, #0
  69              		.cfi_def_cfa_register 7
  70 0006 F860     		str	r0, [r7, #12]
  71 0008 B960     		str	r1, [r7, #8]
  72 000a 7A60     		str	r2, [r7, #4]
  73              		.loc 1 93 12
  74 000c 7B68     		ldr	r3, [r7, #4]
  75 000e 03F00303 		and	r3, r3, #3
  76 0012 7B63     		str	r3, [r7, #52]
  77              		.loc 1 94 52
  78 0014 7B68     		ldr	r3, [r7, #4]
  79 0016 9B08     		lsrs	r3, r3, #2
  80              		.loc 1 94 12
  81 0018 03F00103 		and	r3, r3, #1
  82 001c 3B63     		str	r3, [r7, #48]
  83              		.loc 1 95 53
  84 001e 7B68     		ldr	r3, [r7, #4]
  85 0020 DB08     		lsrs	r3, r3, #3
  86              		.loc 1 95 12
  87 0022 03F00303 		and	r3, r3, #3
  88 0026 FB62     		str	r3, [r7, #44]
  89              		.loc 1 96 52
  90 0028 7B68     		ldr	r3, [r7, #4]
  91 002a 5B09     		lsrs	r3, r3, #5
  92              		.loc 1 96 12
  93 002c 03F00303 		and	r3, r3, #3
  94 0030 BB62     		str	r3, [r7, #40]
  95              		.loc 1 97 56
  96 0032 7B68     		ldr	r3, [r7, #4]
  97 0034 DB09     		lsrs	r3, r3, #7
  98              		.loc 1 97 12
  99 0036 03F00F03 		and	r3, r3, #15
 100 003a 3B62     		str	r3, [r7, #32]
 101              		.loc 1 98 12
 102 003c 0023     		movs	r3, #0
 103 003e 7B62     		str	r3, [r7, #36]
 104              	.L10:
 105              		.loc 1 100 15
 106 0040 BB68     		ldr	r3, [r7, #8]
 107 0042 03F00103 		and	r3, r3, #1
 108              		.loc 1 100 8
 109 0046 002B     		cmp	r3, #0
 110 0048 79D0     		beq	.L3
 111              	.LBB2:
 112              		.loc 1 103 32
 113 004a 7B6A     		ldr	r3, [r7, #36]
 114 004c 03F00703 		and	r3, r3, #7
ARM GAS  C:\Users\DEVELO~1\AppData\Local\Temp\cca3Sz8I.s 			page 3


 115              		.loc 1 103 37
 116 0050 9B00     		lsls	r3, r3, #2
 117              		.loc 1 103 16
 118 0052 3A6A     		ldr	r2, [r7, #32]
 119 0054 02FA03F3 		lsl	r3, r2, r3
 120 0058 FB61     		str	r3, [r7, #28]
 121              		.loc 1 104 14
 122 005a 0122     		movs	r2, #1
 123 005c 7B6A     		ldr	r3, [r7, #36]
 124 005e 02FA03F3 		lsl	r3, r2, r3
 125              		.loc 1 104 10
 126 0062 BB61     		str	r3, [r7, #24]
 127              		.loc 1 105 22
 128 0064 7B6A     		ldr	r3, [r7, #36]
 129 0066 5B00     		lsls	r3, r3, #1
 130              		.loc 1 105 14
 131 0068 0322     		movs	r2, #3
 132 006a 02FA03F3 		lsl	r3, r2, r3
 133              		.loc 1 105 10
 134 006e 7B61     		str	r3, [r7, #20]
 135              		.loc 1 106 24
 136 0070 7B6A     		ldr	r3, [r7, #36]
 137 0072 03F00703 		and	r3, r3, #7
 138              		.loc 1 106 29
 139 0076 9B00     		lsls	r3, r3, #2
 140              		.loc 1 106 15
 141 0078 0F22     		movs	r2, #15
 142 007a 02FA03F3 		lsl	r3, r2, r3
 143              		.loc 1 106 10
 144 007e 3B61     		str	r3, [r7, #16]
 145              		.loc 1 107 28
 146 0080 FB68     		ldr	r3, [r7, #12]
 147 0082 5A68     		ldr	r2, [r3, #4]
 148              		.loc 1 107 39
 149 0084 BB69     		ldr	r3, [r7, #24]
 150 0086 DB43     		mvns	r3, r3
 151              		.loc 1 107 37
 152 0088 1A40     		ands	r2, r2, r3
 153              		.loc 1 107 44
 154 008a 3B6B     		ldr	r3, [r7, #48]
 155 008c 1A43     		orrs	r2, r2, r3
 156              		.loc 1 107 21
 157 008e FB68     		ldr	r3, [r7, #12]
 158 0090 5A60     		str	r2, [r3, #4]
 159              		.loc 1 108 28
 160 0092 FB68     		ldr	r3, [r7, #12]
 161 0094 9A68     		ldr	r2, [r3, #8]
 162              		.loc 1 108 40
 163 0096 7B69     		ldr	r3, [r7, #20]
 164 0098 DB43     		mvns	r3, r3
 165              		.loc 1 108 38
 166 009a 1A40     		ands	r2, r2, r3
 167              		.loc 1 108 45
 168 009c FB6A     		ldr	r3, [r7, #44]
 169 009e 1A43     		orrs	r2, r2, r3
 170              		.loc 1 108 21
 171 00a0 FB68     		ldr	r3, [r7, #12]
ARM GAS  C:\Users\DEVELO~1\AppData\Local\Temp\cca3Sz8I.s 			page 4


 172 00a2 9A60     		str	r2, [r3, #8]
 173              		.loc 1 109 28
 174 00a4 FB68     		ldr	r3, [r7, #12]
 175 00a6 DA68     		ldr	r2, [r3, #12]
 176              		.loc 1 109 38
 177 00a8 7B69     		ldr	r3, [r7, #20]
 178 00aa DB43     		mvns	r3, r3
 179              		.loc 1 109 36
 180 00ac 1A40     		ands	r2, r2, r3
 181              		.loc 1 109 43
 182 00ae BB6A     		ldr	r3, [r7, #40]
 183 00b0 1A43     		orrs	r2, r2, r3
 184              		.loc 1 109 21
 185 00b2 FB68     		ldr	r3, [r7, #12]
 186 00b4 DA60     		str	r2, [r3, #12]
 187              		.loc 1 110 17
 188 00b6 7B68     		ldr	r3, [r7, #4]
 189 00b8 03F00303 		and	r3, r3, #3
 190              		.loc 1 110 10
 191 00bc 022B     		cmp	r3, #2
 192 00be 1FD1     		bne	.L4
 193              		.loc 1 113 12
 194 00c0 7B6A     		ldr	r3, [r7, #36]
 195 00c2 072B     		cmp	r3, #7
 196 00c4 09D8     		bhi	.L5
 197              		.loc 1 114 29
 198 00c6 FB68     		ldr	r3, [r7, #12]
 199 00c8 1A6A     		ldr	r2, [r3, #32]
 200              		.loc 1 114 38
 201 00ca 3B69     		ldr	r3, [r7, #16]
 202 00cc DB43     		mvns	r3, r3
 203              		.loc 1 114 36
 204 00ce 1A40     		ands	r2, r2, r3
 205              		.loc 1 114 43
 206 00d0 FB69     		ldr	r3, [r7, #28]
 207 00d2 1A43     		orrs	r2, r2, r3
 208              		.loc 1 114 22
 209 00d4 FB68     		ldr	r3, [r7, #12]
 210 00d6 1A62     		str	r2, [r3, #32]
 211 00d8 08E0     		b	.L6
 212              	.L5:
 213              		.loc 1 116 29
 214 00da FB68     		ldr	r3, [r7, #12]
 215 00dc 5A6A     		ldr	r2, [r3, #36]
 216              		.loc 1 116 38
 217 00de 3B69     		ldr	r3, [r7, #16]
 218 00e0 DB43     		mvns	r3, r3
 219              		.loc 1 116 36
 220 00e2 1A40     		ands	r2, r2, r3
 221              		.loc 1 116 43
 222 00e4 FB69     		ldr	r3, [r7, #28]
 223 00e6 1A43     		orrs	r2, r2, r3
 224              		.loc 1 116 22
 225 00e8 FB68     		ldr	r3, [r7, #12]
 226 00ea 5A62     		str	r2, [r3, #36]
 227              	.L6:
 228              		.loc 1 117 30
ARM GAS  C:\Users\DEVELO~1\AppData\Local\Temp\cca3Sz8I.s 			page 5


 229 00ec FB68     		ldr	r3, [r7, #12]
 230 00ee 1A68     		ldr	r2, [r3]
 231              		.loc 1 117 40
 232 00f0 7B69     		ldr	r3, [r7, #20]
 233 00f2 DB43     		mvns	r3, r3
 234              		.loc 1 117 38
 235 00f4 1A40     		ands	r2, r2, r3
 236              		.loc 1 117 45
 237 00f6 7B6B     		ldr	r3, [r7, #52]
 238 00f8 1A43     		orrs	r2, r2, r3
 239              		.loc 1 117 23
 240 00fa FB68     		ldr	r3, [r7, #12]
 241 00fc 1A60     		str	r2, [r3]
 242 00fe 1EE0     		b	.L3
 243              	.L4:
 244              		.loc 1 122 30
 245 0100 FB68     		ldr	r3, [r7, #12]
 246 0102 1A68     		ldr	r2, [r3]
 247              		.loc 1 122 40
 248 0104 7B69     		ldr	r3, [r7, #20]
 249 0106 DB43     		mvns	r3, r3
 250              		.loc 1 122 38
 251 0108 1A40     		ands	r2, r2, r3
 252              		.loc 1 122 45
 253 010a 7B6B     		ldr	r3, [r7, #52]
 254 010c 1A43     		orrs	r2, r2, r3
 255              		.loc 1 122 23
 256 010e FB68     		ldr	r3, [r7, #12]
 257 0110 1A60     		str	r2, [r3]
 258              		.loc 1 123 12
 259 0112 7B6A     		ldr	r3, [r7, #36]
 260 0114 072B     		cmp	r3, #7
 261 0116 09D8     		bhi	.L7
 262              		.loc 1 124 29
 263 0118 FB68     		ldr	r3, [r7, #12]
 264 011a 1A6A     		ldr	r2, [r3, #32]
 265              		.loc 1 124 38
 266 011c 3B69     		ldr	r3, [r7, #16]
 267 011e DB43     		mvns	r3, r3
 268              		.loc 1 124 36
 269 0120 1A40     		ands	r2, r2, r3
 270              		.loc 1 124 43
 271 0122 FB69     		ldr	r3, [r7, #28]
 272 0124 1A43     		orrs	r2, r2, r3
 273              		.loc 1 124 22
 274 0126 FB68     		ldr	r3, [r7, #12]
 275 0128 1A62     		str	r2, [r3, #32]
 276 012a 08E0     		b	.L3
 277              	.L7:
 278              		.loc 1 126 29
 279 012c FB68     		ldr	r3, [r7, #12]
 280 012e 5A6A     		ldr	r2, [r3, #36]
 281              		.loc 1 126 38
 282 0130 3B69     		ldr	r3, [r7, #16]
 283 0132 DB43     		mvns	r3, r3
 284              		.loc 1 126 36
 285 0134 1A40     		ands	r2, r2, r3
ARM GAS  C:\Users\DEVELO~1\AppData\Local\Temp\cca3Sz8I.s 			page 6


 286              		.loc 1 126 43
 287 0136 FB69     		ldr	r3, [r7, #28]
 288 0138 1A43     		orrs	r2, r2, r3
 289              		.loc 1 126 22
 290 013a FB68     		ldr	r3, [r7, #12]
 291 013c 5A62     		str	r2, [r3, #36]
 292              	.L3:
 293              	.LBE2:
 294              		.loc 1 129 10
 295 013e BB68     		ldr	r3, [r7, #8]
 296 0140 5B08     		lsrs	r3, r3, #1
 297 0142 BB60     		str	r3, [r7, #8]
 298              		.loc 1 130 8
 299 0144 BB68     		ldr	r3, [r7, #8]
 300 0146 002B     		cmp	r3, #0
 301 0148 0FD0     		beq	.L12
 302              		.loc 1 132 12
 303 014a 3B6B     		ldr	r3, [r7, #48]
 304 014c 5B00     		lsls	r3, r3, #1
 305 014e 3B63     		str	r3, [r7, #48]
 306              		.loc 1 133 13
 307 0150 FB6A     		ldr	r3, [r7, #44]
 308 0152 9B00     		lsls	r3, r3, #2
 309 0154 FB62     		str	r3, [r7, #44]
 310              		.loc 1 134 11
 311 0156 BB6A     		ldr	r3, [r7, #40]
 312 0158 9B00     		lsls	r3, r3, #2
 313 015a BB62     		str	r3, [r7, #40]
 314              		.loc 1 135 11
 315 015c 7B6B     		ldr	r3, [r7, #52]
 316 015e 9B00     		lsls	r3, r3, #2
 317 0160 7B63     		str	r3, [r7, #52]
 318              		.loc 1 136 8
 319 0162 7B6A     		ldr	r3, [r7, #36]
 320 0164 0133     		adds	r3, r3, #1
 321 0166 7B62     		str	r3, [r7, #36]
 322              		.loc 1 100 8
 323 0168 6AE7     		b	.L10
 324              	.L12:
 325              		.loc 1 131 7
 326 016a 00BF     		nop
 327              		.loc 1 138 1
 328 016c 3C37     		adds	r7, r7, #60
 329              		.cfi_def_cfa_offset 4
 330 016e BD46     		mov	sp, r7
 331              		.cfi_def_cfa_register 13
 332              		@ sp needed
 333 0170 80BC     		pop	{r7}
 334              		.cfi_restore 7
 335              		.cfi_def_cfa_offset 0
 336 0172 7047     		bx	lr
 337              		.cfi_endproc
 338              	.LFE433:
 339              		.size	_pal_lld_setgroupmode, .-_pal_lld_setgroupmode
 340              		.text
 341              	.Letext0:
 342              		.file 2 "c:\\chibistudio\\tools\\gnu tools arm embedded\\11.3 2022.08\\arm-none-eabi\\include\\mac
ARM GAS  C:\Users\DEVELO~1\AppData\Local\Temp\cca3Sz8I.s 			page 7


 343              		.file 3 "c:\\chibistudio\\tools\\gnu tools arm embedded\\11.3 2022.08\\arm-none-eabi\\include\\sys
 344              		.file 4 "../../../os/hal/ports/STM32/LLD/GPIOv2/stm32_gpio.h"
 345              		.file 5 "../../../os/hal/ports/STM32/LLD/GPIOv2/hal_pal_lld.h"
 346              		.section	.debug_info,"",%progbits
 347              	.Ldebug_info0:
 348 0000 8F020000 		.4byte	0x28f
 349 0004 0500     		.2byte	0x5
 350 0006 01       		.byte	0x1
 351 0007 04       		.byte	0x4
 352 0008 00000000 		.4byte	.Ldebug_abbrev0
 353 000c 0B       		.uleb128 0xb
 354 000d 70010000 		.4byte	.LASF38
 355 0011 1D       		.byte	0x1d
 356 0012 7A000000 		.4byte	.LASF39
 357 0016 F2000000 		.4byte	.LASF40
 358 001a 0C000000 		.4byte	.LLRL0
 359 001e 00000000 		.4byte	0
 360 0022 00000000 		.4byte	.Ldebug_line0
 361 0026 0C       		.uleb128 0xc
 362 0027 04       		.byte	0x4
 363 0028 05       		.byte	0x5
 364 0029 696E7400 		.ascii	"int\000"
 365 002d 01       		.uleb128 0x1
 366 002e 04       		.byte	0x4
 367 002f 07       		.byte	0x7
 368 0030 11020000 		.4byte	.LASF0
 369 0034 01       		.uleb128 0x1
 370 0035 08       		.byte	0x8
 371 0036 05       		.byte	0x5
 372 0037 00000000 		.4byte	.LASF1
 373 003b 01       		.uleb128 0x1
 374 003c 08       		.byte	0x8
 375 003d 04       		.byte	0x4
 376 003e 7E020000 		.4byte	.LASF2
 377 0042 01       		.uleb128 0x1
 378 0043 01       		.byte	0x1
 379 0044 06       		.byte	0x6
 380 0045 8A020000 		.4byte	.LASF3
 381 0049 01       		.uleb128 0x1
 382 004a 01       		.byte	0x1
 383 004b 08       		.byte	0x8
 384 004c AF000000 		.4byte	.LASF4
 385 0050 01       		.uleb128 0x1
 386 0051 02       		.byte	0x2
 387 0052 05       		.byte	0x5
 388 0053 35000000 		.4byte	.LASF5
 389 0057 03       		.uleb128 0x3
 390 0058 51010000 		.4byte	.LASF8
 391 005c 02       		.byte	0x2
 392 005d 39       		.byte	0x39
 393 005e 19       		.byte	0x19
 394 005f 63000000 		.4byte	0x63
 395 0063 01       		.uleb128 0x1
 396 0064 02       		.byte	0x2
 397 0065 07       		.byte	0x7
 398 0066 D4000000 		.4byte	.LASF6
 399 006a 01       		.uleb128 0x1
ARM GAS  C:\Users\DEVELO~1\AppData\Local\Temp\cca3Sz8I.s 			page 8


 400 006b 04       		.byte	0x4
 401 006c 05       		.byte	0x5
 402 006d 75020000 		.4byte	.LASF7
 403 0071 03       		.uleb128 0x3
 404 0072 65010000 		.4byte	.LASF9
 405 0076 02       		.byte	0x2
 406 0077 4F       		.byte	0x4f
 407 0078 19       		.byte	0x19
 408 0079 7D000000 		.4byte	0x7d
 409 007d 01       		.uleb128 0x1
 410 007e 04       		.byte	0x4
 411 007f 07       		.byte	0x7
 412 0080 C2000000 		.4byte	.LASF10
 413 0084 01       		.uleb128 0x1
 414 0085 08       		.byte	0x8
 415 0086 07       		.byte	0x7
 416 0087 63000000 		.4byte	.LASF11
 417 008b 03       		.uleb128 0x3
 418 008c 63020000 		.4byte	.LASF12
 419 0090 03       		.byte	0x3
 420 0091 24       		.byte	0x24
 421 0092 14       		.byte	0x14
 422 0093 57000000 		.4byte	0x57
 423 0097 03       		.uleb128 0x3
 424 0098 6C020000 		.4byte	.LASF13
 425 009c 03       		.byte	0x3
 426 009d 30       		.byte	0x30
 427 009e 14       		.byte	0x14
 428 009f 71000000 		.4byte	0x71
 429 00a3 08       		.uleb128 0x8
 430 00a4 97000000 		.4byte	0x97
 431 00a8 01       		.uleb128 0x1
 432 00a9 01       		.byte	0x1
 433 00aa 08       		.byte	0x8
 434 00ab 23020000 		.4byte	.LASF14
 435 00af 01       		.uleb128 0x1
 436 00b0 01       		.byte	0x1
 437 00b1 02       		.byte	0x2
 438 00b2 9C020000 		.4byte	.LASF15
 439 00b6 09       		.uleb128 0x9
 440 00b7 04       		.byte	0x4
 441 00b8 5B       		.byte	0x5b
 442 00b9 05       		.byte	0x5
 443 00ba D6000000 		.4byte	0xd6
 444 00be 06       		.uleb128 0x6
 445 00bf 73657400 		.ascii	"set\000"
 446 00c3 5C       		.byte	0x5c
 447 00c4 8B000000 		.4byte	0x8b
 448 00c8 00       		.byte	0
 449 00c9 02       		.uleb128 0x2
 450 00ca 16000000 		.4byte	.LASF16
 451 00ce 5D       		.byte	0x5d
 452 00cf 19       		.byte	0x19
 453 00d0 8B000000 		.4byte	0x8b
 454 00d4 02       		.byte	0x2
 455 00d5 00       		.byte	0
 456 00d6 0D       		.uleb128 0xd
ARM GAS  C:\Users\DEVELO~1\AppData\Local\Temp\cca3Sz8I.s 			page 9


 457 00d7 04       		.byte	0x4
 458 00d8 04       		.byte	0x4
 459 00d9 59       		.byte	0x59
 460 00da 0C       		.byte	0xc
 461 00db F2000000 		.4byte	0xf2
 462 00df 0A       		.uleb128 0xa
 463 00e0 5700     		.ascii	"W\000"
 464 00e2 5A       		.byte	0x5a
 465 00e3 19       		.byte	0x19
 466 00e4 97000000 		.4byte	0x97
 467 00e8 0A       		.uleb128 0xa
 468 00e9 4800     		.ascii	"H\000"
 469 00eb 5E       		.byte	0x5e
 470 00ec 07       		.byte	0x7
 471 00ed B6000000 		.4byte	0xb6
 472 00f1 00       		.byte	0
 473 00f2 08       		.uleb128 0x8
 474 00f3 D6000000 		.4byte	0xd6
 475 00f7 09       		.uleb128 0x9
 476 00f8 28       		.byte	0x28
 477 00f9 51       		.byte	0x51
 478 00fa 09       		.byte	0x9
 479 00fb 76010000 		.4byte	0x176
 480 00ff 02       		.uleb128 0x2
 481 0100 1C000000 		.4byte	.LASF17
 482 0104 53       		.byte	0x53
 483 0105 19       		.byte	0x19
 484 0106 A3000000 		.4byte	0xa3
 485 010a 00       		.byte	0
 486 010b 02       		.uleb128 0x2
 487 010c 53000000 		.4byte	.LASF18
 488 0110 54       		.byte	0x54
 489 0111 19       		.byte	0x19
 490 0112 A3000000 		.4byte	0xa3
 491 0116 04       		.byte	0x4
 492 0117 02       		.uleb128 0x2
 493 0118 0E000000 		.4byte	.LASF19
 494 011c 55       		.byte	0x55
 495 011d 19       		.byte	0x19
 496 011e A3000000 		.4byte	0xa3
 497 0122 08       		.byte	0x8
 498 0123 02       		.uleb128 0x2
 499 0124 40020000 		.4byte	.LASF20
 500 0128 56       		.byte	0x56
 501 0129 19       		.byte	0x19
 502 012a A3000000 		.4byte	0xa3
 503 012e 0C       		.byte	0xc
 504 012f 06       		.uleb128 0x6
 505 0130 49445200 		.ascii	"IDR\000"
 506 0134 57       		.byte	0x57
 507 0135 A3000000 		.4byte	0xa3
 508 0139 10       		.byte	0x10
 509 013a 06       		.uleb128 0x6
 510 013b 4F445200 		.ascii	"ODR\000"
 511 013f 58       		.byte	0x58
 512 0140 A3000000 		.4byte	0xa3
 513 0144 14       		.byte	0x14
ARM GAS  C:\Users\DEVELO~1\AppData\Local\Temp\cca3Sz8I.s 			page 10


 514 0145 02       		.uleb128 0x2
 515 0146 30000000 		.4byte	.LASF21
 516 014a 5F       		.byte	0x5f
 517 014b 05       		.byte	0x5
 518 014c F2000000 		.4byte	0xf2
 519 0150 18       		.byte	0x18
 520 0151 02       		.uleb128 0x2
 521 0152 2D020000 		.4byte	.LASF22
 522 0156 60       		.byte	0x60
 523 0157 19       		.byte	0x19
 524 0158 A3000000 		.4byte	0xa3
 525 015c 1C       		.byte	0x1c
 526 015d 02       		.uleb128 0x2
 527 015e E7000000 		.4byte	.LASF23
 528 0162 61       		.byte	0x61
 529 0163 19       		.byte	0x19
 530 0164 A3000000 		.4byte	0xa3
 531 0168 20       		.byte	0x20
 532 0169 02       		.uleb128 0x2
 533 016a BD000000 		.4byte	.LASF24
 534 016e 62       		.byte	0x62
 535 016f 19       		.byte	0x19
 536 0170 A3000000 		.4byte	0xa3
 537 0174 24       		.byte	0x24
 538 0175 00       		.byte	0
 539 0176 03       		.uleb128 0x3
 540 0177 33020000 		.4byte	.LASF25
 541 017b 04       		.byte	0x4
 542 017c 63       		.byte	0x63
 543 017d 03       		.byte	0x3
 544 017e F7000000 		.4byte	0xf7
 545 0182 03       		.uleb128 0x3
 546 0183 46000000 		.4byte	.LASF26
 547 0187 05       		.byte	0x5
 548 0188 C2       		.byte	0xc2
 549 0189 12       		.byte	0x12
 550 018a 97000000 		.4byte	0x97
 551 018e 03       		.uleb128 0x3
 552 018f 5A000000 		.4byte	.LASF27
 553 0193 05       		.byte	0x5
 554 0194 C7       		.byte	0xc7
 555 0195 12       		.byte	0x12
 556 0196 97000000 		.4byte	0x97
 557 019a 03       		.uleb128 0x3
 558 019b 58020000 		.4byte	.LASF28
 559 019f 05       		.byte	0x5
 560 01a0 D9       		.byte	0xd9
 561 01a1 18       		.byte	0x18
 562 01a2 A6010000 		.4byte	0x1a6
 563 01a6 0E       		.uleb128 0xe
 564 01a7 04       		.byte	0x4
 565 01a8 76010000 		.4byte	0x176
 566 01ac 0F       		.uleb128 0xf
 567 01ad FB010000 		.4byte	.LASF41
 568 01b1 01       		.byte	0x1
 569 01b2 59       		.byte	0x59
 570 01b3 06       		.byte	0x6
ARM GAS  C:\Users\DEVELO~1\AppData\Local\Temp\cca3Sz8I.s 			page 11


 571 01b4 00000000 		.4byte	.LFB433
 572 01b8 74010000 		.4byte	.LFE433-.LFB433
 573 01bc 01       		.uleb128 0x1
 574 01bd 9C       		.byte	0x9c
 575 01be 80020000 		.4byte	0x280
 576 01c2 07       		.uleb128 0x7
 577 01c3 53020000 		.4byte	.LASF29
 578 01c7 59       		.byte	0x59
 579 01c8 27       		.byte	0x27
 580 01c9 9A010000 		.4byte	0x19a
 581 01cd 02       		.uleb128 0x2
 582 01ce 91       		.byte	0x91
 583 01cf 4C       		.sleb128 -52
 584 01d0 07       		.uleb128 0x7
 585 01d1 4E020000 		.4byte	.LASF30
 586 01d5 5A       		.byte	0x5a
 587 01d6 29       		.byte	0x29
 588 01d7 82010000 		.4byte	0x182
 589 01db 02       		.uleb128 0x2
 590 01dc 91       		.byte	0x91
 591 01dd 48       		.sleb128 -56
 592 01de 07       		.uleb128 0x7
 593 01df 28020000 		.4byte	.LASF31
 594 01e3 5B       		.byte	0x5b
 595 01e4 25       		.byte	0x25
 596 01e5 8E010000 		.4byte	0x18e
 597 01e9 02       		.uleb128 0x2
 598 01ea 91       		.byte	0x91
 599 01eb 44       		.sleb128 -60
 600 01ec 04       		.uleb128 0x4
 601 01ed 96020000 		.4byte	.LASF32
 602 01f1 5D       		.byte	0x5d
 603 01f2 0C       		.byte	0xc
 604 01f3 97000000 		.4byte	0x97
 605 01f7 02       		.uleb128 0x2
 606 01f8 91       		.byte	0x91
 607 01f9 74       		.sleb128 -12
 608 01fa 04       		.uleb128 0x4
 609 01fb 3F000000 		.4byte	.LASF33
 610 01ff 5E       		.byte	0x5e
 611 0200 0C       		.byte	0xc
 612 0201 97000000 		.4byte	0x97
 613 0205 02       		.uleb128 0x2
 614 0206 91       		.byte	0x91
 615 0207 70       		.sleb128 -16
 616 0208 04       		.uleb128 0x4
 617 0209 46020000 		.4byte	.LASF34
 618 020d 5F       		.byte	0x5f
 619 020e 0C       		.byte	0xc
 620 020f 97000000 		.4byte	0x97
 621 0213 02       		.uleb128 0x2
 622 0214 91       		.byte	0x91
 623 0215 6C       		.sleb128 -20
 624 0216 04       		.uleb128 0x4
 625 0217 EC000000 		.4byte	.LASF35
 626 021b 60       		.byte	0x60
 627 021c 0C       		.byte	0xc
ARM GAS  C:\Users\DEVELO~1\AppData\Local\Temp\cca3Sz8I.s 			page 12


 628 021d 97000000 		.4byte	0x97
 629 0221 02       		.uleb128 0x2
 630 0222 91       		.byte	0x91
 631 0223 68       		.sleb128 -24
 632 0224 04       		.uleb128 0x4
 633 0225 1E020000 		.4byte	.LASF36
 634 0229 61       		.byte	0x61
 635 022a 0C       		.byte	0xc
 636 022b 97000000 		.4byte	0x97
 637 022f 02       		.uleb128 0x2
 638 0230 91       		.byte	0x91
 639 0231 60       		.sleb128 -32
 640 0232 05       		.uleb128 0x5
 641 0233 62697400 		.ascii	"bit\000"
 642 0237 62       		.byte	0x62
 643 0238 0C       		.byte	0xc
 644 0239 97000000 		.4byte	0x97
 645 023d 02       		.uleb128 0x2
 646 023e 91       		.byte	0x91
 647 023f 64       		.sleb128 -28
 648 0240 10       		.uleb128 0x10
 649 0241 4A000000 		.4byte	.LBB2
 650 0245 F4000000 		.4byte	.LBE2-.LBB2
 651 0249 04       		.uleb128 0x4
 652 024a 5C010000 		.4byte	.LASF37
 653 024e 65       		.byte	0x65
 654 024f 10       		.byte	0x10
 655 0250 97000000 		.4byte	0x97
 656 0254 02       		.uleb128 0x2
 657 0255 91       		.byte	0x91
 658 0256 5C       		.sleb128 -36
 659 0257 05       		.uleb128 0x5
 660 0258 6D3100   		.ascii	"m1\000"
 661 025b 65       		.byte	0x65
 662 025c 1A       		.byte	0x1a
 663 025d 97000000 		.4byte	0x97
 664 0261 02       		.uleb128 0x2
 665 0262 91       		.byte	0x91
 666 0263 58       		.sleb128 -40
 667 0264 05       		.uleb128 0x5
 668 0265 6D3200   		.ascii	"m2\000"
 669 0268 65       		.byte	0x65
 670 0269 1E       		.byte	0x1e
 671 026a 97000000 		.4byte	0x97
 672 026e 02       		.uleb128 0x2
 673 026f 91       		.byte	0x91
 674 0270 54       		.sleb128 -44
 675 0271 05       		.uleb128 0x5
 676 0272 6D3400   		.ascii	"m4\000"
 677 0275 65       		.byte	0x65
 678 0276 22       		.byte	0x22
 679 0277 97000000 		.4byte	0x97
 680 027b 02       		.uleb128 0x2
 681 027c 91       		.byte	0x91
 682 027d 50       		.sleb128 -48
 683 027e 00       		.byte	0
 684 027f 00       		.byte	0
ARM GAS  C:\Users\DEVELO~1\AppData\Local\Temp\cca3Sz8I.s 			page 13


 685 0280 11       		.uleb128 0x11
 686 0281 22000000 		.4byte	.LASF42
 687 0285 01       		.byte	0x1
 688 0286 41       		.byte	0x41
 689 0287 06       		.byte	0x6
 690 0288 00000000 		.4byte	.LFB432
 691 028c 0C000000 		.4byte	.LFE432-.LFB432
 692 0290 01       		.uleb128 0x1
 693 0291 9C       		.byte	0x9c
 694 0292 00       		.byte	0
 695              		.section	.debug_abbrev,"",%progbits
 696              	.Ldebug_abbrev0:
 697 0000 01       		.uleb128 0x1
 698 0001 24       		.uleb128 0x24
 699 0002 00       		.byte	0
 700 0003 0B       		.uleb128 0xb
 701 0004 0B       		.uleb128 0xb
 702 0005 3E       		.uleb128 0x3e
 703 0006 0B       		.uleb128 0xb
 704 0007 03       		.uleb128 0x3
 705 0008 0E       		.uleb128 0xe
 706 0009 00       		.byte	0
 707 000a 00       		.byte	0
 708 000b 02       		.uleb128 0x2
 709 000c 0D       		.uleb128 0xd
 710 000d 00       		.byte	0
 711 000e 03       		.uleb128 0x3
 712 000f 0E       		.uleb128 0xe
 713 0010 3A       		.uleb128 0x3a
 714 0011 21       		.uleb128 0x21
 715 0012 04       		.sleb128 4
 716 0013 3B       		.uleb128 0x3b
 717 0014 0B       		.uleb128 0xb
 718 0015 39       		.uleb128 0x39
 719 0016 0B       		.uleb128 0xb
 720 0017 49       		.uleb128 0x49
 721 0018 13       		.uleb128 0x13
 722 0019 38       		.uleb128 0x38
 723 001a 0B       		.uleb128 0xb
 724 001b 00       		.byte	0
 725 001c 00       		.byte	0
 726 001d 03       		.uleb128 0x3
 727 001e 16       		.uleb128 0x16
 728 001f 00       		.byte	0
 729 0020 03       		.uleb128 0x3
 730 0021 0E       		.uleb128 0xe
 731 0022 3A       		.uleb128 0x3a
 732 0023 0B       		.uleb128 0xb
 733 0024 3B       		.uleb128 0x3b
 734 0025 0B       		.uleb128 0xb
 735 0026 39       		.uleb128 0x39
 736 0027 0B       		.uleb128 0xb
 737 0028 49       		.uleb128 0x49
 738 0029 13       		.uleb128 0x13
 739 002a 00       		.byte	0
 740 002b 00       		.byte	0
 741 002c 04       		.uleb128 0x4
ARM GAS  C:\Users\DEVELO~1\AppData\Local\Temp\cca3Sz8I.s 			page 14


 742 002d 34       		.uleb128 0x34
 743 002e 00       		.byte	0
 744 002f 03       		.uleb128 0x3
 745 0030 0E       		.uleb128 0xe
 746 0031 3A       		.uleb128 0x3a
 747 0032 21       		.uleb128 0x21
 748 0033 01       		.sleb128 1
 749 0034 3B       		.uleb128 0x3b
 750 0035 0B       		.uleb128 0xb
 751 0036 39       		.uleb128 0x39
 752 0037 0B       		.uleb128 0xb
 753 0038 49       		.uleb128 0x49
 754 0039 13       		.uleb128 0x13
 755 003a 02       		.uleb128 0x2
 756 003b 18       		.uleb128 0x18
 757 003c 00       		.byte	0
 758 003d 00       		.byte	0
 759 003e 05       		.uleb128 0x5
 760 003f 34       		.uleb128 0x34
 761 0040 00       		.byte	0
 762 0041 03       		.uleb128 0x3
 763 0042 08       		.uleb128 0x8
 764 0043 3A       		.uleb128 0x3a
 765 0044 21       		.uleb128 0x21
 766 0045 01       		.sleb128 1
 767 0046 3B       		.uleb128 0x3b
 768 0047 0B       		.uleb128 0xb
 769 0048 39       		.uleb128 0x39
 770 0049 0B       		.uleb128 0xb
 771 004a 49       		.uleb128 0x49
 772 004b 13       		.uleb128 0x13
 773 004c 02       		.uleb128 0x2
 774 004d 18       		.uleb128 0x18
 775 004e 00       		.byte	0
 776 004f 00       		.byte	0
 777 0050 06       		.uleb128 0x6
 778 0051 0D       		.uleb128 0xd
 779 0052 00       		.byte	0
 780 0053 03       		.uleb128 0x3
 781 0054 08       		.uleb128 0x8
 782 0055 3A       		.uleb128 0x3a
 783 0056 21       		.uleb128 0x21
 784 0057 04       		.sleb128 4
 785 0058 3B       		.uleb128 0x3b
 786 0059 0B       		.uleb128 0xb
 787 005a 39       		.uleb128 0x39
 788 005b 21       		.uleb128 0x21
 789 005c 19       		.sleb128 25
 790 005d 49       		.uleb128 0x49
 791 005e 13       		.uleb128 0x13
 792 005f 38       		.uleb128 0x38
 793 0060 0B       		.uleb128 0xb
 794 0061 00       		.byte	0
 795 0062 00       		.byte	0
 796 0063 07       		.uleb128 0x7
 797 0064 05       		.uleb128 0x5
 798 0065 00       		.byte	0
ARM GAS  C:\Users\DEVELO~1\AppData\Local\Temp\cca3Sz8I.s 			page 15


 799 0066 03       		.uleb128 0x3
 800 0067 0E       		.uleb128 0xe
 801 0068 3A       		.uleb128 0x3a
 802 0069 21       		.uleb128 0x21
 803 006a 01       		.sleb128 1
 804 006b 3B       		.uleb128 0x3b
 805 006c 0B       		.uleb128 0xb
 806 006d 39       		.uleb128 0x39
 807 006e 0B       		.uleb128 0xb
 808 006f 49       		.uleb128 0x49
 809 0070 13       		.uleb128 0x13
 810 0071 02       		.uleb128 0x2
 811 0072 18       		.uleb128 0x18
 812 0073 00       		.byte	0
 813 0074 00       		.byte	0
 814 0075 08       		.uleb128 0x8
 815 0076 35       		.uleb128 0x35
 816 0077 00       		.byte	0
 817 0078 49       		.uleb128 0x49
 818 0079 13       		.uleb128 0x13
 819 007a 00       		.byte	0
 820 007b 00       		.byte	0
 821 007c 09       		.uleb128 0x9
 822 007d 13       		.uleb128 0x13
 823 007e 01       		.byte	0x1
 824 007f 0B       		.uleb128 0xb
 825 0080 0B       		.uleb128 0xb
 826 0081 3A       		.uleb128 0x3a
 827 0082 21       		.uleb128 0x21
 828 0083 04       		.sleb128 4
 829 0084 3B       		.uleb128 0x3b
 830 0085 0B       		.uleb128 0xb
 831 0086 39       		.uleb128 0x39
 832 0087 0B       		.uleb128 0xb
 833 0088 01       		.uleb128 0x1
 834 0089 13       		.uleb128 0x13
 835 008a 00       		.byte	0
 836 008b 00       		.byte	0
 837 008c 0A       		.uleb128 0xa
 838 008d 0D       		.uleb128 0xd
 839 008e 00       		.byte	0
 840 008f 03       		.uleb128 0x3
 841 0090 08       		.uleb128 0x8
 842 0091 3A       		.uleb128 0x3a
 843 0092 21       		.uleb128 0x21
 844 0093 04       		.sleb128 4
 845 0094 3B       		.uleb128 0x3b
 846 0095 0B       		.uleb128 0xb
 847 0096 39       		.uleb128 0x39
 848 0097 0B       		.uleb128 0xb
 849 0098 49       		.uleb128 0x49
 850 0099 13       		.uleb128 0x13
 851 009a 00       		.byte	0
 852 009b 00       		.byte	0
 853 009c 0B       		.uleb128 0xb
 854 009d 11       		.uleb128 0x11
 855 009e 01       		.byte	0x1
ARM GAS  C:\Users\DEVELO~1\AppData\Local\Temp\cca3Sz8I.s 			page 16


 856 009f 25       		.uleb128 0x25
 857 00a0 0E       		.uleb128 0xe
 858 00a1 13       		.uleb128 0x13
 859 00a2 0B       		.uleb128 0xb
 860 00a3 03       		.uleb128 0x3
 861 00a4 0E       		.uleb128 0xe
 862 00a5 1B       		.uleb128 0x1b
 863 00a6 0E       		.uleb128 0xe
 864 00a7 55       		.uleb128 0x55
 865 00a8 17       		.uleb128 0x17
 866 00a9 11       		.uleb128 0x11
 867 00aa 01       		.uleb128 0x1
 868 00ab 10       		.uleb128 0x10
 869 00ac 17       		.uleb128 0x17
 870 00ad 00       		.byte	0
 871 00ae 00       		.byte	0
 872 00af 0C       		.uleb128 0xc
 873 00b0 24       		.uleb128 0x24
 874 00b1 00       		.byte	0
 875 00b2 0B       		.uleb128 0xb
 876 00b3 0B       		.uleb128 0xb
 877 00b4 3E       		.uleb128 0x3e
 878 00b5 0B       		.uleb128 0xb
 879 00b6 03       		.uleb128 0x3
 880 00b7 08       		.uleb128 0x8
 881 00b8 00       		.byte	0
 882 00b9 00       		.byte	0
 883 00ba 0D       		.uleb128 0xd
 884 00bb 17       		.uleb128 0x17
 885 00bc 01       		.byte	0x1
 886 00bd 0B       		.uleb128 0xb
 887 00be 0B       		.uleb128 0xb
 888 00bf 3A       		.uleb128 0x3a
 889 00c0 0B       		.uleb128 0xb
 890 00c1 3B       		.uleb128 0x3b
 891 00c2 0B       		.uleb128 0xb
 892 00c3 39       		.uleb128 0x39
 893 00c4 0B       		.uleb128 0xb
 894 00c5 01       		.uleb128 0x1
 895 00c6 13       		.uleb128 0x13
 896 00c7 00       		.byte	0
 897 00c8 00       		.byte	0
 898 00c9 0E       		.uleb128 0xe
 899 00ca 0F       		.uleb128 0xf
 900 00cb 00       		.byte	0
 901 00cc 0B       		.uleb128 0xb
 902 00cd 0B       		.uleb128 0xb
 903 00ce 49       		.uleb128 0x49
 904 00cf 13       		.uleb128 0x13
 905 00d0 00       		.byte	0
 906 00d1 00       		.byte	0
 907 00d2 0F       		.uleb128 0xf
 908 00d3 2E       		.uleb128 0x2e
 909 00d4 01       		.byte	0x1
 910 00d5 3F       		.uleb128 0x3f
 911 00d6 19       		.uleb128 0x19
 912 00d7 03       		.uleb128 0x3
ARM GAS  C:\Users\DEVELO~1\AppData\Local\Temp\cca3Sz8I.s 			page 17


 913 00d8 0E       		.uleb128 0xe
 914 00d9 3A       		.uleb128 0x3a
 915 00da 0B       		.uleb128 0xb
 916 00db 3B       		.uleb128 0x3b
 917 00dc 0B       		.uleb128 0xb
 918 00dd 39       		.uleb128 0x39
 919 00de 0B       		.uleb128 0xb
 920 00df 27       		.uleb128 0x27
 921 00e0 19       		.uleb128 0x19
 922 00e1 11       		.uleb128 0x11
 923 00e2 01       		.uleb128 0x1
 924 00e3 12       		.uleb128 0x12
 925 00e4 06       		.uleb128 0x6
 926 00e5 40       		.uleb128 0x40
 927 00e6 18       		.uleb128 0x18
 928 00e7 7A       		.uleb128 0x7a
 929 00e8 19       		.uleb128 0x19
 930 00e9 01       		.uleb128 0x1
 931 00ea 13       		.uleb128 0x13
 932 00eb 00       		.byte	0
 933 00ec 00       		.byte	0
 934 00ed 10       		.uleb128 0x10
 935 00ee 0B       		.uleb128 0xb
 936 00ef 01       		.byte	0x1
 937 00f0 11       		.uleb128 0x11
 938 00f1 01       		.uleb128 0x1
 939 00f2 12       		.uleb128 0x12
 940 00f3 06       		.uleb128 0x6
 941 00f4 00       		.byte	0
 942 00f5 00       		.byte	0
 943 00f6 11       		.uleb128 0x11
 944 00f7 2E       		.uleb128 0x2e
 945 00f8 00       		.byte	0
 946 00f9 3F       		.uleb128 0x3f
 947 00fa 19       		.uleb128 0x19
 948 00fb 03       		.uleb128 0x3
 949 00fc 0E       		.uleb128 0xe
 950 00fd 3A       		.uleb128 0x3a
 951 00fe 0B       		.uleb128 0xb
 952 00ff 3B       		.uleb128 0x3b
 953 0100 0B       		.uleb128 0xb
 954 0101 39       		.uleb128 0x39
 955 0102 0B       		.uleb128 0xb
 956 0103 27       		.uleb128 0x27
 957 0104 19       		.uleb128 0x19
 958 0105 11       		.uleb128 0x11
 959 0106 01       		.uleb128 0x1
 960 0107 12       		.uleb128 0x12
 961 0108 06       		.uleb128 0x6
 962 0109 40       		.uleb128 0x40
 963 010a 18       		.uleb128 0x18
 964 010b 7A       		.uleb128 0x7a
 965 010c 19       		.uleb128 0x19
 966 010d 00       		.byte	0
 967 010e 00       		.byte	0
 968 010f 00       		.byte	0
 969              		.section	.debug_aranges,"",%progbits
ARM GAS  C:\Users\DEVELO~1\AppData\Local\Temp\cca3Sz8I.s 			page 18


 970 0000 24000000 		.4byte	0x24
 971 0004 0200     		.2byte	0x2
 972 0006 00000000 		.4byte	.Ldebug_info0
 973 000a 04       		.byte	0x4
 974 000b 00       		.byte	0
 975 000c 0000     		.2byte	0
 976 000e 0000     		.2byte	0
 977 0010 00000000 		.4byte	.LFB432
 978 0014 0C000000 		.4byte	.LFE432-.LFB432
 979 0018 00000000 		.4byte	.LFB433
 980 001c 74010000 		.4byte	.LFE433-.LFB433
 981 0020 00000000 		.4byte	0
 982 0024 00000000 		.4byte	0
 983              		.section	.debug_rnglists,"",%progbits
 984              	.Ldebug_ranges0:
 985 0000 16000000 		.4byte	.Ldebug_ranges3-.Ldebug_ranges2
 986              	.Ldebug_ranges2:
 987 0004 0500     		.2byte	0x5
 988 0006 04       		.byte	0x4
 989 0007 00       		.byte	0
 990 0008 00000000 		.4byte	0
 991              	.LLRL0:
 992 000c 07       		.byte	0x7
 993 000d 00000000 		.4byte	.LFB432
 994 0011 0C       		.uleb128 .LFE432-.LFB432
 995 0012 07       		.byte	0x7
 996 0013 00000000 		.4byte	.LFB433
 997 0017 F402     		.uleb128 .LFE433-.LFB433
 998 0019 00       		.byte	0
 999              	.Ldebug_ranges3:
 1000              		.section	.debug_line,"",%progbits
 1001              	.Ldebug_line0:
 1002 0000 5D020000 		.section	.debug_str,"MS",%progbits,1
 1002      03003701 
 1002      00000201 
 1002      FB0E0D00 
 1002      01010101 
 1003              	.LASF1:
 1004 0000 6C6F6E67 		.ascii	"long long int\000"
 1004      206C6F6E 
 1004      6720696E 
 1004      7400
 1005              	.LASF19:
 1006 000e 4F535045 		.ascii	"OSPEEDR\000"
 1006      45445200 
 1007              	.LASF16:
 1008 0016 636C6561 		.ascii	"clear\000"
 1008      7200
 1009              	.LASF17:
 1010 001c 4D4F4445 		.ascii	"MODER\000"
 1010      5200
 1011              	.LASF42:
 1012 0022 5F70616C 		.ascii	"_pal_lld_init\000"
 1012      5F6C6C64 
 1012      5F696E69 
 1012      7400
 1013              	.LASF21:
ARM GAS  C:\Users\DEVELO~1\AppData\Local\Temp\cca3Sz8I.s 			page 19


 1014 0030 42535252 		.ascii	"BSRR\000"
 1014      00
 1015              	.LASF5:
 1016 0035 73686F72 		.ascii	"short int\000"
 1016      7420696E 
 1016      7400
 1017              	.LASF33:
 1018 003f 6F747970 		.ascii	"otyper\000"
 1018      657200
 1019              	.LASF26:
 1020 0046 696F706F 		.ascii	"ioportmask_t\000"
 1020      72746D61 
 1020      736B5F74 
 1020      00
 1021              	.LASF18:
 1022 0053 4F545950 		.ascii	"OTYPER\000"
 1022      455200
 1023              	.LASF27:
 1024 005a 696F6D6F 		.ascii	"iomode_t\000"
 1024      64655F74 
 1024      00
 1025              	.LASF11:
 1026 0063 6C6F6E67 		.ascii	"long long unsigned int\000"
 1026      206C6F6E 
 1026      6720756E 
 1026      7369676E 
 1026      65642069 
 1027              	.LASF39:
 1028 007a 2E2E2F2E 		.ascii	"../../../os/hal/ports/STM32/LLD/GPIOv2/hal_pal_lld."
 1028      2E2F2E2E 
 1028      2F6F732F 
 1028      68616C2F 
 1028      706F7274 
 1029 00ad 6300     		.ascii	"c\000"
 1030              	.LASF4:
 1031 00af 756E7369 		.ascii	"unsigned char\000"
 1031      676E6564 
 1031      20636861 
 1031      7200
 1032              	.LASF24:
 1033 00bd 41465248 		.ascii	"AFRH\000"
 1033      00
 1034              	.LASF10:
 1035 00c2 6C6F6E67 		.ascii	"long unsigned int\000"
 1035      20756E73 
 1035      69676E65 
 1035      6420696E 
 1035      7400
 1036              	.LASF6:
 1037 00d4 73686F72 		.ascii	"short unsigned int\000"
 1037      7420756E 
 1037      7369676E 
 1037      65642069 
 1037      6E7400
 1038              	.LASF23:
 1039 00e7 4146524C 		.ascii	"AFRL\000"
 1039      00
ARM GAS  C:\Users\DEVELO~1\AppData\Local\Temp\cca3Sz8I.s 			page 20


 1040              	.LASF35:
 1041 00ec 70757064 		.ascii	"pupdr\000"
 1041      7200
 1042              	.LASF40:
 1043 00f2 433A5C50 		.ascii	"C:\\PROJET\\ChibiOS project\\ChibiOS_21.11.4\\demos"
 1043      524F4A45 
 1043      545C4368 
 1043      6962694F 
 1043      53207072 
 1044 0121 5C53544D 		.ascii	"\\STM32\\RT-STM32H743ZI_REV_XY-NUCLEO144_Quartz8M\000"
 1044      33325C52 
 1044      542D5354 
 1044      4D333248 
 1044      3734335A 
 1045              	.LASF8:
 1046 0151 5F5F7569 		.ascii	"__uint16_t\000"
 1046      6E743136 
 1046      5F7400
 1047              	.LASF37:
 1048 015c 616C7472 		.ascii	"altrmask\000"
 1048      6D61736B 
 1048      00
 1049              	.LASF9:
 1050 0165 5F5F7569 		.ascii	"__uint32_t\000"
 1050      6E743332 
 1050      5F7400
 1051              	.LASF38:
 1052 0170 474E5520 		.ascii	"GNU C17 11.3.1 20220712 -mcpu=cortex-m7 -mthumb -mf"
 1052      43313720 
 1052      31312E33 
 1052      2E312032 
 1052      30323230 
 1053 01a3 6C6F6174 		.ascii	"loat-abi=soft -march=armv7e-m -ggdb -O0 -ffunction-"
 1053      2D616269 
 1053      3D736F66 
 1053      74202D6D 
 1053      61726368 
 1054 01d6 73656374 		.ascii	"sections -fdata-sections -fno-common\000"
 1054      696F6E73 
 1054      202D6664 
 1054      6174612D 
 1054      73656374 
 1055              	.LASF41:
 1056 01fb 5F70616C 		.ascii	"_pal_lld_setgroupmode\000"
 1056      5F6C6C64 
 1056      5F736574 
 1056      67726F75 
 1056      706D6F64 
 1057              	.LASF0:
 1058 0211 756E7369 		.ascii	"unsigned int\000"
 1058      676E6564 
 1058      20696E74 
 1058      00
 1059              	.LASF36:
 1060 021e 616C7472 		.ascii	"altr\000"
 1060      00
 1061              	.LASF14:
ARM GAS  C:\Users\DEVELO~1\AppData\Local\Temp\cca3Sz8I.s 			page 21


 1062 0223 63686172 		.ascii	"char\000"
 1062      00
 1063              	.LASF31:
 1064 0228 6D6F6465 		.ascii	"mode\000"
 1064      00
 1065              	.LASF22:
 1066 022d 4C4F434B 		.ascii	"LOCKR\000"
 1066      5200
 1067              	.LASF25:
 1068 0233 73746D33 		.ascii	"stm32_gpio_t\000"
 1068      325F6770 
 1068      696F5F74 
 1068      00
 1069              	.LASF20:
 1070 0240 50555044 		.ascii	"PUPDR\000"
 1070      5200
 1071              	.LASF34:
 1072 0246 6F737065 		.ascii	"ospeedr\000"
 1072      65647200 
 1073              	.LASF30:
 1074 024e 6D61736B 		.ascii	"mask\000"
 1074      00
 1075              	.LASF29:
 1076 0253 706F7274 		.ascii	"port\000"
 1076      00
 1077              	.LASF28:
 1078 0258 696F706F 		.ascii	"ioportid_t\000"
 1078      72746964 
 1078      5F7400
 1079              	.LASF12:
 1080 0263 75696E74 		.ascii	"uint16_t\000"
 1080      31365F74 
 1080      00
 1081              	.LASF13:
 1082 026c 75696E74 		.ascii	"uint32_t\000"
 1082      33325F74 
 1082      00
 1083              	.LASF7:
 1084 0275 6C6F6E67 		.ascii	"long int\000"
 1084      20696E74 
 1084      00
 1085              	.LASF2:
 1086 027e 6C6F6E67 		.ascii	"long double\000"
 1086      20646F75 
 1086      626C6500 
 1087              	.LASF3:
 1088 028a 7369676E 		.ascii	"signed char\000"
 1088      65642063 
 1088      68617200 
 1089              	.LASF32:
 1090 0296 6D6F6465 		.ascii	"moder\000"
 1090      7200
 1091              	.LASF15:
 1092 029c 5F426F6F 		.ascii	"_Bool\000"
 1092      6C00
 1093              		.ident	"GCC: (Arm GNU Toolchain 11.3.Rel1) 11.3.1 20220712"
ARM GAS  C:\Users\DEVELO~1\AppData\Local\Temp\cca3Sz8I.s 			page 22


DEFINED SYMBOLS
                            *ABS*:00000000 hal_pal_lld.c
C:\Users\DEVELO~1\AppData\Local\Temp\cca3Sz8I.s:18     .text._pal_lld_init:00000000 $t
C:\Users\DEVELO~1\AppData\Local\Temp\cca3Sz8I.s:24     .text._pal_lld_init:00000000 _pal_lld_init
C:\Users\DEVELO~1\AppData\Local\Temp\cca3Sz8I.s:50     .text._pal_lld_setgroupmode:00000000 $t
C:\Users\DEVELO~1\AppData\Local\Temp\cca3Sz8I.s:56     .text._pal_lld_setgroupmode:00000000 _pal_lld_setgroupmode

NO UNDEFINED SYMBOLS
