ARM GAS  C:\Users\DEVELO~1\AppData\Local\Temp\cc6SmHkZ.s 			page 1


   1              		.cpu cortex-m7
   2              		.arch armv7e-m
   3              		.fpu softvfp
   4              		.eabi_attribute 20, 1
   5              		.eabi_attribute 21, 1
   6              		.eabi_attribute 23, 3
   7              		.eabi_attribute 24, 1
   8              		.eabi_attribute 25, 1
   9              		.eabi_attribute 26, 1
  10              		.eabi_attribute 30, 6
  11              		.eabi_attribute 34, 1
  12              		.eabi_attribute 18, 4
  13              		.file	"hal_flash.c"
  14              		.text
  15              	.Ltext0:
  16              		.cfi_sections	.debug_frame
  17              		.section	.text.osalThreadSleep,"ax",%progbits
  18              		.align	1
  19              		.syntax unified
  20              		.thumb
  21              		.thumb_func
  22              		.type	osalThreadSleep, %function
  23              	osalThreadSleep:
  24              	.LFB364:
  25              		.file 1 "../../../os/hal/osal/rt-nil/osal.h"
  26              		.loc 1 782 57
  27              		.cfi_startproc
  28              		@ args = 0, pretend = 0, frame = 8
  29              		@ frame_needed = 1, uses_anonymous_args = 0
  30 0000 80B5     		push	{r7, lr}
  31              		.cfi_def_cfa_offset 8
  32              		.cfi_offset 7, -8
  33              		.cfi_offset 14, -4
  34 0002 82B0     		sub	sp, sp, #8
  35              		.cfi_def_cfa_offset 16
  36 0004 00AF     		add	r7, sp, #0
  37              		.cfi_def_cfa_register 7
  38 0006 7860     		str	r0, [r7, #4]
  39              		.loc 1 784 3
  40 0008 7868     		ldr	r0, [r7, #4]
  41 000a FFF7FEFF 		bl	chThdSleep
  42              		.loc 1 785 1
  43 000e 00BF     		nop
  44 0010 0837     		adds	r7, r7, #8
  45              		.cfi_def_cfa_offset 8
  46 0012 BD46     		mov	sp, r7
  47              		.cfi_def_cfa_register 13
  48              		@ sp needed
  49 0014 80BD     		pop	{r7, pc}
  50              		.cfi_endproc
  51              	.LFE364:
  52              		.size	osalThreadSleep, .-osalThreadSleep
  53              		.global	__aeabi_uldivmod
  54              		.section	.text.flashWaitErase,"ax",%progbits
  55              		.align	1
  56              		.global	flashWaitErase
  57              		.syntax unified
ARM GAS  C:\Users\DEVELO~1\AppData\Local\Temp\cc6SmHkZ.s 			page 2


  58              		.thumb
  59              		.thumb_func
  60              		.type	flashWaitErase, %function
  61              	flashWaitErase:
  62              	.LFB432:
  63              		.file 2 "../../../os/hal/src/hal_flash.c"
  64              		.loc 2 61 47
  65              		.cfi_startproc
  66              		@ args = 0, pretend = 0, frame = 32
  67              		@ frame_needed = 1, uses_anonymous_args = 0
  68 0000 2DE9B04F 		push	{r4, r5, r7, r8, r9, r10, fp, lr}
  69              		.cfi_def_cfa_offset 32
  70              		.cfi_offset 4, -32
  71              		.cfi_offset 5, -28
  72              		.cfi_offset 7, -24
  73              		.cfi_offset 8, -20
  74              		.cfi_offset 9, -16
  75              		.cfi_offset 10, -12
  76              		.cfi_offset 11, -8
  77              		.cfi_offset 14, -4
  78 0004 88B0     		sub	sp, sp, #32
  79              		.cfi_def_cfa_offset 64
  80 0006 00AF     		add	r7, sp, #0
  81              		.cfi_def_cfa_register 7
  82 0008 7861     		str	r0, [r7, #20]
  83              	.L5:
  84              	.LBB2:
  85              		.loc 2 68 11
  86 000a 7B69     		ldr	r3, [r7, #20]
  87 000c 1B68     		ldr	r3, [r3]
  88 000e 9B69     		ldr	r3, [r3, #24]
  89 0010 07F11802 		add	r2, r7, #24
  90 0014 1146     		mov	r1, r2
  91 0016 7869     		ldr	r0, [r7, #20]
  92 0018 9847     		blx	r3
  93              	.LVL0:
  94 001a 0346     		mov	r3, r0
  95 001c FB77     		strb	r3, [r7, #31]
  96              		.loc 2 69 8
  97 001e FB7F     		ldrb	r3, [r7, #31]	@ zero_extendqisi2
  98 0020 012B     		cmp	r3, #1
  99 0022 01D0     		beq	.L3
 100              		.loc 2 70 14
 101 0024 FB7F     		ldrb	r3, [r7, #31]	@ zero_extendqisi2
 102 0026 58E0     		b	.L6
 103              	.L3:
 104              		.loc 2 74 5
 105 0028 BB69     		ldr	r3, [r7, #24]
 106 002a 0022     		movs	r2, #0
 107 002c 9A46     		mov	r10, r3
 108 002e 9346     		mov	fp, r2
 109 0030 5246     		mov	r2, r10
 110 0032 5B46     		mov	r3, fp
 111 0034 4FF00000 		mov	r0, #0
 112 0038 4FF00001 		mov	r1, #0
 113 003c 9900     		lsls	r1, r3, #2
 114 003e 41EA9271 		orr	r1, r1, r2, lsr #30
ARM GAS  C:\Users\DEVELO~1\AppData\Local\Temp\cc6SmHkZ.s 			page 3


 115 0042 9000     		lsls	r0, r2, #2
 116 0044 0246     		mov	r2, r0
 117 0046 0B46     		mov	r3, r1
 118 0048 12EB0A08 		adds	r8, r2, r10
 119 004c 43EB0B09 		adc	r9, r3, fp
 120 0050 4FF00002 		mov	r2, #0
 121 0054 4FF00003 		mov	r3, #0
 122 0058 4FEAC903 		lsl	r3, r9, #3
 123 005c 43EA5873 		orr	r3, r3, r8, lsr #29
 124 0060 4FEAC802 		lsl	r2, r8, #3
 125 0064 9046     		mov	r8, r2
 126 0066 9946     		mov	r9, r3
 127 0068 B8EB0A04 		subs	r4, r8, r10
 128 006c 69EB0B05 		sbc	r5, r9, fp
 129 0070 4FF00002 		mov	r2, #0
 130 0074 4FF00003 		mov	r3, #0
 131 0078 2B01     		lsls	r3, r5, #4
 132 007a 43EA1473 		orr	r3, r3, r4, lsr #28
 133 007e 2201     		lsls	r2, r4, #4
 134 0080 1446     		mov	r4, r2
 135 0082 1D46     		mov	r5, r3
 136 0084 14EB0A03 		adds	r3, r4, r10
 137 0088 BB60     		str	r3, [r7, #8]
 138 008a 45EB0B03 		adc	r3, r5, fp
 139 008e FB60     		str	r3, [r7, #12]
 140 0090 4FF00002 		mov	r2, #0
 141 0094 4FF00003 		mov	r3, #0
 142 0098 F968     		ldr	r1, [r7, #12]
 143 009a 0B01     		lsls	r3, r1, #4
 144 009c D7E90201 		ldrd	r0, [r7, #8]
 145 00a0 8446     		mov	ip, r0
 146 00a2 43EA1C73 		orr	r3, r3, ip, lsr #28
 147 00a6 0146     		mov	r1, r0
 148 00a8 0A01     		lsls	r2, r1, #4
 149 00aa C7E90223 		strd	r2, [r7, #8]
 150 00ae 40F2E731 		movw	r1, #999
 151 00b2 5118     		adds	r1, r2, r1
 152 00b4 3960     		str	r1, [r7]
 153 00b6 43F10003 		adc	r3, r3, #0
 154 00ba 7B60     		str	r3, [r7, #4]
 155 00bc 4FF47A72 		mov	r2, #1000
 156 00c0 4FF00003 		mov	r3, #0
 157 00c4 D7E90001 		ldrd	r0, [r7]
 158 00c8 FFF7FEFF 		bl	__aeabi_uldivmod
 159 00cc 0246     		mov	r2, r0
 160 00ce 0B46     		mov	r3, r1
 161 00d0 1346     		mov	r3, r2
 162 00d2 1846     		mov	r0, r3
 163 00d4 FFF7FEFF 		bl	osalThreadSleep
 164              	.LBE2:
 165              		.loc 2 63 16
 166 00d8 97E7     		b	.L5
 167              	.L6:
 168              		.loc 2 76 1 discriminator 2
 169 00da 1846     		mov	r0, r3
 170 00dc 2037     		adds	r7, r7, #32
 171              		.cfi_def_cfa_offset 32
ARM GAS  C:\Users\DEVELO~1\AppData\Local\Temp\cc6SmHkZ.s 			page 4


 172 00de BD46     		mov	sp, r7
 173              		.cfi_def_cfa_register 13
 174              		@ sp needed
 175 00e0 BDE8B08F 		pop	{r4, r5, r7, r8, r9, r10, fp, pc}
 176              		.cfi_endproc
 177              	.LFE432:
 178              		.size	flashWaitErase, .-flashWaitErase
 179              		.section	.text.flashGetSectorOffset,"ax",%progbits
 180              		.align	1
 181              		.global	flashGetSectorOffset
 182              		.syntax unified
 183              		.thumb
 184              		.thumb_func
 185              		.type	flashGetSectorOffset, %function
 186              	flashGetSectorOffset:
 187              	.LFB433:
 188              		.loc 2 88 60
 189              		.cfi_startproc
 190              		@ args = 0, pretend = 0, frame = 16
 191              		@ frame_needed = 1, uses_anonymous_args = 0
 192 0000 80B5     		push	{r7, lr}
 193              		.cfi_def_cfa_offset 8
 194              		.cfi_offset 7, -8
 195              		.cfi_offset 14, -4
 196 0002 84B0     		sub	sp, sp, #16
 197              		.cfi_def_cfa_offset 24
 198 0004 00AF     		add	r7, sp, #0
 199              		.cfi_def_cfa_register 7
 200 0006 7860     		str	r0, [r7, #4]
 201 0008 3960     		str	r1, [r7]
 202              		.loc 2 90 42
 203 000a 7B68     		ldr	r3, [r7, #4]
 204 000c 1B68     		ldr	r3, [r3]
 205 000e 5B68     		ldr	r3, [r3, #4]
 206 0010 7868     		ldr	r0, [r7, #4]
 207 0012 9847     		blx	r3
 208              	.LVL1:
 209 0014 B860     		str	r0, [r7, #8]
 210              		.loc 2 94 17
 211 0016 BB68     		ldr	r3, [r7, #8]
 212 0018 DB68     		ldr	r3, [r3, #12]
 213              		.loc 2 94 6
 214 001a 002B     		cmp	r3, #0
 215 001c 07D0     		beq	.L8
 216              		.loc 2 95 24
 217 001e BB68     		ldr	r3, [r7, #8]
 218 0020 DA68     		ldr	r2, [r3, #12]
 219              		.loc 2 95 33
 220 0022 3B68     		ldr	r3, [r7]
 221 0024 DB00     		lsls	r3, r3, #3
 222 0026 1344     		add	r3, r3, r2
 223              		.loc 2 95 12
 224 0028 1B68     		ldr	r3, [r3]
 225 002a FB60     		str	r3, [r7, #12]
 226 002c 05E0     		b	.L9
 227              	.L8:
 228              		.loc 2 98 65
ARM GAS  C:\Users\DEVELO~1\AppData\Local\Temp\cc6SmHkZ.s 			page 5


 229 002e BB68     		ldr	r3, [r7, #8]
 230 0030 1A69     		ldr	r2, [r3, #16]
 231              		.loc 2 98 12
 232 0032 3B68     		ldr	r3, [r7]
 233 0034 02FB03F3 		mul	r3, r2, r3
 234 0038 FB60     		str	r3, [r7, #12]
 235              	.L9:
 236              		.loc 2 101 10
 237 003a FB68     		ldr	r3, [r7, #12]
 238              		.loc 2 102 1
 239 003c 1846     		mov	r0, r3
 240 003e 1037     		adds	r7, r7, #16
 241              		.cfi_def_cfa_offset 8
 242 0040 BD46     		mov	sp, r7
 243              		.cfi_def_cfa_register 13
 244              		@ sp needed
 245 0042 80BD     		pop	{r7, pc}
 246              		.cfi_endproc
 247              	.LFE433:
 248              		.size	flashGetSectorOffset, .-flashGetSectorOffset
 249              		.section	.text.flashGetSectorSize,"ax",%progbits
 250              		.align	1
 251              		.global	flashGetSectorSize
 252              		.syntax unified
 253              		.thumb
 254              		.thumb_func
 255              		.type	flashGetSectorSize, %function
 256              	flashGetSectorSize:
 257              	.LFB434:
 258              		.loc 2 114 52
 259              		.cfi_startproc
 260              		@ args = 0, pretend = 0, frame = 16
 261              		@ frame_needed = 1, uses_anonymous_args = 0
 262 0000 80B5     		push	{r7, lr}
 263              		.cfi_def_cfa_offset 8
 264              		.cfi_offset 7, -8
 265              		.cfi_offset 14, -4
 266 0002 84B0     		sub	sp, sp, #16
 267              		.cfi_def_cfa_offset 24
 268 0004 00AF     		add	r7, sp, #0
 269              		.cfi_def_cfa_register 7
 270 0006 7860     		str	r0, [r7, #4]
 271 0008 3960     		str	r1, [r7]
 272              		.loc 2 116 42
 273 000a 7B68     		ldr	r3, [r7, #4]
 274 000c 1B68     		ldr	r3, [r3]
 275 000e 5B68     		ldr	r3, [r3, #4]
 276 0010 7868     		ldr	r0, [r7, #4]
 277 0012 9847     		blx	r3
 278              	.LVL2:
 279 0014 B860     		str	r0, [r7, #8]
 280              		.loc 2 120 17
 281 0016 BB68     		ldr	r3, [r7, #8]
 282 0018 DB68     		ldr	r3, [r3, #12]
 283              		.loc 2 120 6
 284 001a 002B     		cmp	r3, #0
 285 001c 07D0     		beq	.L12
ARM GAS  C:\Users\DEVELO~1\AppData\Local\Temp\cc6SmHkZ.s 			page 6


 286              		.loc 2 121 22
 287 001e BB68     		ldr	r3, [r7, #8]
 288 0020 DA68     		ldr	r2, [r3, #12]
 289              		.loc 2 121 31
 290 0022 3B68     		ldr	r3, [r7]
 291 0024 DB00     		lsls	r3, r3, #3
 292 0026 1344     		add	r3, r3, r2
 293              		.loc 2 121 10
 294 0028 5B68     		ldr	r3, [r3, #4]
 295 002a FB60     		str	r3, [r7, #12]
 296 002c 02E0     		b	.L13
 297              	.L12:
 298              		.loc 2 124 10
 299 002e BB68     		ldr	r3, [r7, #8]
 300 0030 1B69     		ldr	r3, [r3, #16]
 301 0032 FB60     		str	r3, [r7, #12]
 302              	.L13:
 303              		.loc 2 127 10
 304 0034 FB68     		ldr	r3, [r7, #12]
 305              		.loc 2 128 1
 306 0036 1846     		mov	r0, r3
 307 0038 1037     		adds	r7, r7, #16
 308              		.cfi_def_cfa_offset 8
 309 003a BD46     		mov	sp, r7
 310              		.cfi_def_cfa_register 13
 311              		@ sp needed
 312 003c 80BD     		pop	{r7, pc}
 313              		.cfi_endproc
 314              	.LFE434:
 315              		.size	flashGetSectorSize, .-flashGetSectorSize
 316              		.section	.text.flashGetOffsetSector,"ax",%progbits
 317              		.align	1
 318              		.global	flashGetOffsetSector
 319              		.syntax unified
 320              		.thumb
 321              		.thumb_func
 322              		.type	flashGetOffsetSector, %function
 323              	flashGetOffsetSector:
 324              	.LFB435:
 325              		.loc 2 139 77
 326              		.cfi_startproc
 327              		@ args = 0, pretend = 0, frame = 32
 328              		@ frame_needed = 1, uses_anonymous_args = 0
 329 0000 80B5     		push	{r7, lr}
 330              		.cfi_def_cfa_offset 8
 331              		.cfi_offset 7, -8
 332              		.cfi_offset 14, -4
 333 0002 88B0     		sub	sp, sp, #32
 334              		.cfi_def_cfa_offset 40
 335 0004 00AF     		add	r7, sp, #0
 336              		.cfi_def_cfa_register 7
 337 0006 7860     		str	r0, [r7, #4]
 338 0008 3960     		str	r1, [r7]
 339              		.loc 2 141 42
 340 000a 7B68     		ldr	r3, [r7, #4]
 341 000c 1B68     		ldr	r3, [r3]
 342 000e 5B68     		ldr	r3, [r3, #4]
ARM GAS  C:\Users\DEVELO~1\AppData\Local\Temp\cc6SmHkZ.s 			page 7


 343 0010 7868     		ldr	r0, [r7, #4]
 344 0012 9847     		blx	r3
 345              	.LVL3:
 346 0014 B861     		str	r0, [r7, #24]
 347              		.loc 2 145 17
 348 0016 BB69     		ldr	r3, [r7, #24]
 349 0018 DB68     		ldr	r3, [r3, #12]
 350              		.loc 2 145 6
 351 001a 002B     		cmp	r3, #0
 352 001c 28D0     		beq	.L16
 353              	.LBB3:
 354              		.loc 2 148 12
 355 001e 0023     		movs	r3, #0
 356 0020 FB61     		str	r3, [r7, #28]
 357              		.loc 2 148 5
 358 0022 1FE0     		b	.L17
 359              	.L20:
 360              		.loc 2 149 32
 361 0024 BB69     		ldr	r3, [r7, #24]
 362 0026 DA68     		ldr	r2, [r3, #12]
 363              		.loc 2 149 41
 364 0028 FB69     		ldr	r3, [r7, #28]
 365 002a DB00     		lsls	r3, r3, #3
 366 002c 1344     		add	r3, r3, r2
 367              		.loc 2 149 20
 368 002e 1B68     		ldr	r3, [r3]
 369 0030 3B61     		str	r3, [r7, #16]
 370              		.loc 2 150 45
 371 0032 BB69     		ldr	r3, [r7, #24]
 372 0034 DA68     		ldr	r2, [r3, #12]
 373              		.loc 2 150 54
 374 0036 FB69     		ldr	r3, [r7, #28]
 375 0038 DB00     		lsls	r3, r3, #3
 376 003a 1344     		add	r3, r3, r2
 377              		.loc 2 150 57
 378 003c 5A68     		ldr	r2, [r3, #4]
 379              		.loc 2 150 33
 380 003e 3B69     		ldr	r3, [r7, #16]
 381 0040 1344     		add	r3, r3, r2
 382              		.loc 2 150 18
 383 0042 013B     		subs	r3, r3, #1
 384 0044 FB60     		str	r3, [r7, #12]
 385              		.loc 2 151 10
 386 0046 3A68     		ldr	r2, [r7]
 387 0048 3B69     		ldr	r3, [r7, #16]
 388 004a 9A42     		cmp	r2, r3
 389 004c 07D3     		bcc	.L18
 390              		.loc 2 151 36 discriminator 1
 391 004e 3A68     		ldr	r2, [r7]
 392 0050 FB68     		ldr	r3, [r7, #12]
 393 0052 9A42     		cmp	r2, r3
 394 0054 03D8     		bhi	.L18
 395              		.loc 2 152 16
 396 0056 FB69     		ldr	r3, [r7, #28]
 397 0058 7B61     		str	r3, [r7, #20]
 398              		.loc 2 153 16
 399 005a 7B69     		ldr	r3, [r7, #20]
ARM GAS  C:\Users\DEVELO~1\AppData\Local\Temp\cc6SmHkZ.s 			page 8


 400 005c 11E0     		b	.L19
 401              	.L18:
 402              		.loc 2 148 49 discriminator 2
 403 005e FB69     		ldr	r3, [r7, #28]
 404 0060 0133     		adds	r3, r3, #1
 405 0062 FB61     		str	r3, [r7, #28]
 406              	.L17:
 407              		.loc 2 148 31 discriminator 1
 408 0064 BB69     		ldr	r3, [r7, #24]
 409 0066 9B68     		ldr	r3, [r3, #8]
 410              		.loc 2 148 19 discriminator 1
 411 0068 FA69     		ldr	r2, [r7, #28]
 412 006a 9A42     		cmp	r2, r3
 413 006c DAD3     		bcc	.L20
 414 006e 07E0     		b	.L22
 415              	.L16:
 416              	.LBE3:
 417              		.loc 2 158 33
 418 0070 BB69     		ldr	r3, [r7, #24]
 419 0072 1B69     		ldr	r3, [r3, #16]
 420              		.loc 2 158 12
 421 0074 3A68     		ldr	r2, [r7]
 422 0076 B2FBF3F3 		udiv	r3, r2, r3
 423 007a 7B61     		str	r3, [r7, #20]
 424              		.loc 2 159 12
 425 007c 7B69     		ldr	r3, [r7, #20]
 426 007e 00E0     		b	.L19
 427              	.L22:
 428              		.loc 2 164 10
 429 0080 0023     		movs	r3, #0
 430              	.L19:
 431              		.loc 2 165 1
 432 0082 1846     		mov	r0, r3
 433 0084 2037     		adds	r7, r7, #32
 434              		.cfi_def_cfa_offset 8
 435 0086 BD46     		mov	sp, r7
 436              		.cfi_def_cfa_register 13
 437              		@ sp needed
 438 0088 80BD     		pop	{r7, pc}
 439              		.cfi_endproc
 440              	.LFE435:
 441              		.size	flashGetOffsetSector, .-flashGetOffsetSector
 442              		.section	.text.flashGetOffsetAddress,"ax",%progbits
 443              		.align	1
 444              		.global	flashGetOffsetAddress
 445              		.syntax unified
 446              		.thumb
 447              		.thumb_func
 448              		.type	flashGetOffsetAddress, %function
 449              	flashGetOffsetAddress:
 450              	.LFB436:
 451              		.loc 2 176 69
 452              		.cfi_startproc
 453              		@ args = 0, pretend = 0, frame = 16
 454              		@ frame_needed = 1, uses_anonymous_args = 0
 455 0000 80B5     		push	{r7, lr}
 456              		.cfi_def_cfa_offset 8
ARM GAS  C:\Users\DEVELO~1\AppData\Local\Temp\cc6SmHkZ.s 			page 9


 457              		.cfi_offset 7, -8
 458              		.cfi_offset 14, -4
 459 0002 84B0     		sub	sp, sp, #16
 460              		.cfi_def_cfa_offset 24
 461 0004 00AF     		add	r7, sp, #0
 462              		.cfi_def_cfa_register 7
 463 0006 7860     		str	r0, [r7, #4]
 464 0008 3960     		str	r1, [r7]
 465              		.loc 2 177 42
 466 000a 7B68     		ldr	r3, [r7, #4]
 467 000c 1B68     		ldr	r3, [r3]
 468 000e 5B68     		ldr	r3, [r3, #4]
 469 0010 7868     		ldr	r0, [r7, #4]
 470 0012 9847     		blx	r3
 471              	.LVL4:
 472 0014 F860     		str	r0, [r7, #12]
 473              		.loc 2 181 29
 474 0016 FB68     		ldr	r3, [r7, #12]
 475 0018 5A69     		ldr	r2, [r3, #20]
 476              		.loc 2 181 10
 477 001a 3B68     		ldr	r3, [r7]
 478 001c 1344     		add	r3, r3, r2
 479              		.loc 2 182 1
 480 001e 1846     		mov	r0, r3
 481 0020 1037     		adds	r7, r7, #16
 482              		.cfi_def_cfa_offset 8
 483 0022 BD46     		mov	sp, r7
 484              		.cfi_def_cfa_register 13
 485              		@ sp needed
 486 0024 80BD     		pop	{r7, pc}
 487              		.cfi_endproc
 488              	.LFE436:
 489              		.size	flashGetOffsetAddress, .-flashGetOffsetAddress
 490              		.section	.text.flashGetAddressOffset,"ax",%progbits
 491              		.align	1
 492              		.global	flashGetAddressOffset
 493              		.syntax unified
 494              		.thumb
 495              		.thumb_func
 496              		.type	flashGetAddressOffset, %function
 497              	flashGetAddressOffset:
 498              	.LFB437:
 499              		.loc 2 193 67
 500              		.cfi_startproc
 501              		@ args = 0, pretend = 0, frame = 16
 502              		@ frame_needed = 1, uses_anonymous_args = 0
 503 0000 80B5     		push	{r7, lr}
 504              		.cfi_def_cfa_offset 8
 505              		.cfi_offset 7, -8
 506              		.cfi_offset 14, -4
 507 0002 84B0     		sub	sp, sp, #16
 508              		.cfi_def_cfa_offset 24
 509 0004 00AF     		add	r7, sp, #0
 510              		.cfi_def_cfa_register 7
 511 0006 7860     		str	r0, [r7, #4]
 512 0008 3960     		str	r1, [r7]
 513              		.loc 2 194 42
ARM GAS  C:\Users\DEVELO~1\AppData\Local\Temp\cc6SmHkZ.s 			page 10


 514 000a 7B68     		ldr	r3, [r7, #4]
 515 000c 1B68     		ldr	r3, [r3]
 516 000e 5B68     		ldr	r3, [r3, #4]
 517 0010 7868     		ldr	r0, [r7, #4]
 518 0012 9847     		blx	r3
 519              	.LVL5:
 520 0014 F860     		str	r0, [r7, #12]
 521              		.loc 2 201 10
 522 0016 3B68     		ldr	r3, [r7]
 523              		.loc 2 201 59
 524 0018 FA68     		ldr	r2, [r7, #12]
 525 001a 5269     		ldr	r2, [r2, #20]
 526              		.loc 2 201 31
 527 001c 9B1A     		subs	r3, r3, r2
 528              		.loc 2 202 1
 529 001e 1846     		mov	r0, r3
 530 0020 1037     		adds	r7, r7, #16
 531              		.cfi_def_cfa_offset 8
 532 0022 BD46     		mov	sp, r7
 533              		.cfi_def_cfa_register 13
 534              		@ sp needed
 535 0024 80BD     		pop	{r7, pc}
 536              		.cfi_endproc
 537              	.LFE437:
 538              		.size	flashGetAddressOffset, .-flashGetAddressOffset
 539              		.text
 540              	.Letext0:
 541              		.file 3 "c:\\chibistudio\\tools\\gnu tools arm embedded\\11.3 2022.08\\lib\\gcc\\arm-none-eabi\\11
 542              		.file 4 "c:\\chibistudio\\tools\\gnu tools arm embedded\\11.3 2022.08\\arm-none-eabi\\include\\mac
 543              		.file 5 "c:\\chibistudio\\tools\\gnu tools arm embedded\\11.3 2022.08\\arm-none-eabi\\include\\sys
 544              		.file 6 "../../../os/rt/include/chtime.h"
 545              		.file 7 "../../../os/hal/include/hal_flash.h"
 546              		.file 8 "../../../os/rt/include/chthreads.h"
 547              		.section	.debug_info,"",%progbits
 548              	.Ldebug_info0:
 549 0000 4A060000 		.4byte	0x64a
 550 0004 0500     		.2byte	0x5
 551 0006 01       		.byte	0x1
 552 0007 04       		.byte	0x4
 553 0008 00000000 		.4byte	.Ldebug_abbrev0
 554 000c 13       		.uleb128 0x13
 555 000d 54000000 		.4byte	.LASF76
 556 0011 1D       		.byte	0x1d
 557 0012 FE010000 		.4byte	.LASF77
 558 0016 1F010000 		.4byte	.LASF78
 559 001a 0C000000 		.4byte	.LLRL0
 560 001e 00000000 		.4byte	0
 561 0022 00000000 		.4byte	.Ldebug_line0
 562 0026 14       		.uleb128 0x14
 563 0027 04       		.byte	0x4
 564 0028 05       		.byte	0x5
 565 0029 696E7400 		.ascii	"int\000"
 566 002d 02       		.uleb128 0x2
 567 002e 02040000 		.4byte	.LASF4
 568 0032 03       		.byte	0x3
 569 0033 D1       		.byte	0xd1
 570 0034 17       		.byte	0x17
ARM GAS  C:\Users\DEVELO~1\AppData\Local\Temp\cc6SmHkZ.s 			page 11


 571 0035 39000000 		.4byte	0x39
 572 0039 06       		.uleb128 0x6
 573 003a 04       		.byte	0x4
 574 003b 07       		.byte	0x7
 575 003c 5D030000 		.4byte	.LASF0
 576 0040 06       		.uleb128 0x6
 577 0041 08       		.byte	0x8
 578 0042 05       		.byte	0x5
 579 0043 89010000 		.4byte	.LASF1
 580 0047 06       		.uleb128 0x6
 581 0048 08       		.byte	0x8
 582 0049 04       		.byte	0x4
 583 004a 59020000 		.4byte	.LASF2
 584 004e 06       		.uleb128 0x6
 585 004f 01       		.byte	0x1
 586 0050 06       		.byte	0x6
 587 0051 30030000 		.4byte	.LASF3
 588 0055 02       		.uleb128 0x2
 589 0056 E1020000 		.4byte	.LASF5
 590 005a 04       		.byte	0x4
 591 005b 2B       		.byte	0x2b
 592 005c 18       		.byte	0x18
 593 005d 61000000 		.4byte	0x61
 594 0061 06       		.uleb128 0x6
 595 0062 01       		.byte	0x1
 596 0063 08       		.byte	0x8
 597 0064 0C030000 		.4byte	.LASF6
 598 0068 06       		.uleb128 0x6
 599 0069 02       		.byte	0x2
 600 006a 05       		.byte	0x5
 601 006b FD000000 		.4byte	.LASF7
 602 006f 06       		.uleb128 0x6
 603 0070 02       		.byte	0x2
 604 0071 07       		.byte	0x7
 605 0072 A1030000 		.4byte	.LASF8
 606 0076 06       		.uleb128 0x6
 607 0077 04       		.byte	0x4
 608 0078 05       		.byte	0x5
 609 0079 EE030000 		.4byte	.LASF9
 610 007d 02       		.uleb128 0x2
 611 007e 97010000 		.4byte	.LASF10
 612 0082 04       		.byte	0x4
 613 0083 4F       		.byte	0x4f
 614 0084 19       		.byte	0x19
 615 0085 89000000 		.4byte	0x89
 616 0089 06       		.uleb128 0x6
 617 008a 04       		.byte	0x4
 618 008b 07       		.byte	0x7
 619 008c 35040000 		.4byte	.LASF11
 620 0090 02       		.uleb128 0x2
 621 0091 1D040000 		.4byte	.LASF12
 622 0095 04       		.byte	0x4
 623 0096 69       		.byte	0x69
 624 0097 19       		.byte	0x19
 625 0098 9C000000 		.4byte	0x9c
 626 009c 06       		.uleb128 0x6
 627 009d 08       		.byte	0x8
ARM GAS  C:\Users\DEVELO~1\AppData\Local\Temp\cc6SmHkZ.s 			page 12


 628 009e 07       		.byte	0x7
 629 009f 96020000 		.4byte	.LASF13
 630 00a3 02       		.uleb128 0x2
 631 00a4 F6010000 		.4byte	.LASF14
 632 00a8 05       		.byte	0x5
 633 00a9 18       		.byte	0x18
 634 00aa 13       		.byte	0x13
 635 00ab 55000000 		.4byte	0x55
 636 00af 09       		.uleb128 0x9
 637 00b0 A3000000 		.4byte	0xa3
 638 00b4 02       		.uleb128 0x2
 639 00b5 3B020000 		.4byte	.LASF15
 640 00b9 05       		.byte	0x5
 641 00ba 30       		.byte	0x30
 642 00bb 14       		.byte	0x14
 643 00bc 7D000000 		.4byte	0x7d
 644 00c0 02       		.uleb128 0x2
 645 00c1 E5000000 		.4byte	.LASF16
 646 00c5 05       		.byte	0x5
 647 00c6 3C       		.byte	0x3c
 648 00c7 14       		.byte	0x14
 649 00c8 90000000 		.4byte	0x90
 650 00cc 06       		.uleb128 0x6
 651 00cd 01       		.byte	0x1
 652 00ce 08       		.byte	0x8
 653 00cf DA030000 		.4byte	.LASF17
 654 00d3 09       		.uleb128 0x9
 655 00d4 CC000000 		.4byte	0xcc
 656 00d8 02       		.uleb128 0x2
 657 00d9 0F040000 		.4byte	.LASF18
 658 00dd 06       		.byte	0x6
 659 00de 79       		.byte	0x79
 660 00df 12       		.byte	0x12
 661 00e0 B4000000 		.4byte	0xb4
 662 00e4 02       		.uleb128 0x2
 663 00e5 91040000 		.4byte	.LASF19
 664 00e9 06       		.byte	0x6
 665 00ea 9B       		.byte	0x9b
 666 00eb 12       		.byte	0x12
 667 00ec C0000000 		.4byte	0xc0
 668 00f0 15       		.uleb128 0x15
 669 00f1 04       		.byte	0x4
 670 00f2 06       		.uleb128 0x6
 671 00f3 01       		.byte	0x1
 672 00f4 02       		.byte	0x2
 673 00f5 09040000 		.4byte	.LASF20
 674 00f9 05       		.uleb128 0x5
 675 00fa A3000000 		.4byte	0xa3
 676 00fe 05       		.uleb128 0x5
 677 00ff AF000000 		.4byte	0xaf
 678 0103 10       		.uleb128 0x10
 679 0104 61000000 		.4byte	0x61
 680 0108 56       		.byte	0x56
 681 0109 32010000 		.4byte	0x132
 682 010d 04       		.uleb128 0x4
 683 010e 28040000 		.4byte	.LASF21
 684 0112 00       		.byte	0
ARM GAS  C:\Users\DEVELO~1\AppData\Local\Temp\cc6SmHkZ.s 			page 13


 685 0113 04       		.uleb128 0x4
 686 0114 F5040000 		.4byte	.LASF22
 687 0118 01       		.byte	0x1
 688 0119 04       		.uleb128 0x4
 689 011a 76040000 		.4byte	.LASF23
 690 011e 02       		.byte	0x2
 691 011f 04       		.uleb128 0x4
 692 0120 F7030000 		.4byte	.LASF24
 693 0124 03       		.byte	0x3
 694 0125 04       		.uleb128 0x4
 695 0126 82040000 		.4byte	.LASF25
 696 012a 04       		.byte	0x4
 697 012b 04       		.uleb128 0x4
 698 012c 51030000 		.4byte	.LASF26
 699 0130 05       		.byte	0x5
 700 0131 00       		.byte	0
 701 0132 02       		.uleb128 0x2
 702 0133 34000000 		.4byte	.LASF27
 703 0137 07       		.byte	0x7
 704 0138 5D       		.byte	0x5d
 705 0139 03       		.byte	0x3
 706 013a 03010000 		.4byte	0x103
 707 013e 10       		.uleb128 0x10
 708 013f 61000000 		.4byte	0x61
 709 0143 62       		.byte	0x62
 710 0144 79010000 		.4byte	0x179
 711 0148 04       		.uleb128 0x4
 712 0149 BB030000 		.4byte	.LASF28
 713 014d 00       		.byte	0
 714 014e 04       		.uleb128 0x4
 715 014f 7D030000 		.4byte	.LASF29
 716 0153 01       		.byte	0x1
 717 0154 04       		.uleb128 0x4
 718 0155 90030000 		.4byte	.LASF30
 719 0159 02       		.byte	0x2
 720 015a 04       		.uleb128 0x4
 721 015b 9D040000 		.4byte	.LASF31
 722 015f 03       		.byte	0x3
 723 0160 04       		.uleb128 0x4
 724 0161 42000000 		.4byte	.LASF32
 725 0165 04       		.byte	0x4
 726 0166 04       		.uleb128 0x4
 727 0167 B1040000 		.4byte	.LASF33
 728 016b 05       		.byte	0x5
 729 016c 04       		.uleb128 0x4
 730 016d D9040000 		.4byte	.LASF34
 731 0171 06       		.byte	0x6
 732 0172 04       		.uleb128 0x4
 733 0173 65020000 		.4byte	.LASF35
 734 0177 07       		.byte	0x7
 735 0178 00       		.byte	0
 736 0179 02       		.uleb128 0x2
 737 017a 11010000 		.4byte	.LASF36
 738 017e 07       		.byte	0x7
 739 017f 6B       		.byte	0x6b
 740 0180 03       		.byte	0x3
 741 0181 3E010000 		.4byte	0x13e
ARM GAS  C:\Users\DEVELO~1\AppData\Local\Temp\cc6SmHkZ.s 			page 14


 742 0185 02       		.uleb128 0x2
 743 0186 DF030000 		.4byte	.LASF37
 744 018a 07       		.byte	0x7
 745 018b 70       		.byte	0x70
 746 018c 12       		.byte	0x12
 747 018d B4000000 		.4byte	0xb4
 748 0191 02       		.uleb128 0x2
 749 0192 C8010000 		.4byte	.LASF38
 750 0196 07       		.byte	0x7
 751 0197 75       		.byte	0x75
 752 0198 12       		.byte	0x12
 753 0199 B4000000 		.4byte	0xb4
 754 019d 0D       		.uleb128 0xd
 755 019e 08       		.byte	0x8
 756 019f 7A       		.byte	0x7a
 757 01a0 BD010000 		.4byte	0x1bd
 758 01a4 01       		.uleb128 0x1
 759 01a5 B4030000 		.4byte	.LASF39
 760 01a9 7E       		.byte	0x7e
 761 01aa 19       		.byte	0x19
 762 01ab 85010000 		.4byte	0x185
 763 01af 00       		.byte	0
 764 01b0 01       		.uleb128 0x1
 765 01b1 71040000 		.4byte	.LASF40
 766 01b5 82       		.byte	0x82
 767 01b6 19       		.byte	0x19
 768 01b7 B4000000 		.4byte	0xb4
 769 01bb 04       		.byte	0x4
 770 01bc 00       		.byte	0
 771 01bd 02       		.uleb128 0x2
 772 01be EB020000 		.4byte	.LASF41
 773 01c2 07       		.byte	0x7
 774 01c3 83       		.byte	0x83
 775 01c4 03       		.byte	0x3
 776 01c5 9D010000 		.4byte	0x19d
 777 01c9 09       		.uleb128 0x9
 778 01ca BD010000 		.4byte	0x1bd
 779 01ce 0D       		.uleb128 0xd
 780 01cf 1C       		.byte	0x1c
 781 01d0 88       		.byte	0x88
 782 01d1 2A020000 		.4byte	0x22a
 783 01d5 01       		.uleb128 0x1
 784 01d6 29000000 		.4byte	.LASF42
 785 01da 8C       		.byte	0x8c
 786 01db 19       		.byte	0x19
 787 01dc B4000000 		.4byte	0xb4
 788 01e0 00       		.byte	0
 789 01e1 01       		.uleb128 0x1
 790 01e2 07010000 		.4byte	.LASF43
 791 01e6 90       		.byte	0x90
 792 01e7 19       		.byte	0x19
 793 01e8 B4000000 		.4byte	0xb4
 794 01ec 04       		.byte	0x4
 795 01ed 01       		.uleb128 0x1
 796 01ee 00050000 		.4byte	.LASF44
 797 01f2 94       		.byte	0x94
 798 01f3 19       		.byte	0x19
ARM GAS  C:\Users\DEVELO~1\AppData\Local\Temp\cc6SmHkZ.s 			page 15


 799 01f4 91010000 		.4byte	0x191
 800 01f8 08       		.byte	0x8
 801 01f9 01       		.uleb128 0x1
 802 01fa 5C040000 		.4byte	.LASF45
 803 01fe 9A       		.byte	0x9a
 804 01ff 24       		.byte	0x24
 805 0200 2A020000 		.4byte	0x22a
 806 0204 0C       		.byte	0xc
 807 0205 01       		.uleb128 0x1
 808 0206 44030000 		.4byte	.LASF46
 809 020a A0       		.byte	0xa0
 810 020b 19       		.byte	0x19
 811 020c B4000000 		.4byte	0xb4
 812 0210 10       		.byte	0x10
 813 0211 01       		.uleb128 0x1
 814 0212 3C030000 		.4byte	.LASF47
 815 0216 A5       		.byte	0xa5
 816 0217 1A       		.byte	0x1a
 817 0218 F9000000 		.4byte	0xf9
 818 021c 14       		.byte	0x14
 819 021d 01       		.uleb128 0x1
 820 021e 71040000 		.4byte	.LASF40
 821 0222 A9       		.byte	0xa9
 822 0223 19       		.byte	0x19
 823 0224 B4000000 		.4byte	0xb4
 824 0228 18       		.byte	0x18
 825 0229 00       		.byte	0
 826 022a 05       		.uleb128 0x5
 827 022b C9010000 		.4byte	0x1c9
 828 022f 02       		.uleb128 0x2
 829 0230 6A030000 		.4byte	.LASF48
 830 0234 07       		.byte	0x7
 831 0235 AA       		.byte	0xaa
 832 0236 03       		.byte	0x3
 833 0237 CE010000 		.4byte	0x1ce
 834 023b 09       		.uleb128 0x9
 835 023c 2F020000 		.4byte	0x22f
 836 0240 16       		.uleb128 0x16
 837 0241 D7010000 		.4byte	.LASF79
 838 0245 28       		.byte	0x28
 839 0246 07       		.byte	0x7
 840 0247 CF       		.byte	0xcf
 841 0248 08       		.byte	0x8
 842 0249 C6020000 		.4byte	0x2c6
 843 024d 01       		.uleb128 0x1
 844 024e AD020000 		.4byte	.LASF49
 845 0252 D0       		.byte	0xd0
 846 0253 03       		.byte	0x3
 847 0254 2D000000 		.4byte	0x2d
 848 0258 00       		.byte	0
 849 0259 01       		.uleb128 0x1
 850 025a EE000000 		.4byte	.LASF50
 851 025e D0       		.byte	0xd0
 852 025f 03       		.byte	0x3
 853 0260 DF020000 		.4byte	0x2df
 854 0264 04       		.byte	0x4
 855 0265 01       		.uleb128 0x1
ARM GAS  C:\Users\DEVELO~1\AppData\Local\Temp\cc6SmHkZ.s 			page 16


 856 0266 7F020000 		.4byte	.LASF51
 857 026a D0       		.byte	0xd0
 858 026b 03       		.byte	0x3
 859 026c 02030000 		.4byte	0x302
 860 0270 08       		.byte	0x8
 861 0271 01       		.uleb128 0x1
 862 0272 33020000 		.4byte	.LASF52
 863 0276 D0       		.byte	0xd0
 864 0277 03       		.byte	0x3
 865 0278 25030000 		.4byte	0x325
 866 027c 0C       		.byte	0xc
 867 027d 01       		.uleb128 0x1
 868 027e B8010000 		.4byte	.LASF53
 869 0282 D0       		.byte	0xd0
 870 0283 03       		.byte	0x3
 871 0284 39030000 		.4byte	0x339
 872 0288 10       		.byte	0x10
 873 0289 01       		.uleb128 0x1
 874 028a CE020000 		.4byte	.LASF54
 875 028e D0       		.byte	0xd0
 876 028f 03       		.byte	0x3
 877 0290 52030000 		.4byte	0x352
 878 0294 14       		.byte	0x14
 879 0295 01       		.uleb128 0x1
 880 0296 BD020000 		.4byte	.LASF55
 881 029a D0       		.byte	0xd0
 882 029b 03       		.byte	0x3
 883 029c 70030000 		.4byte	0x370
 884 02a0 18       		.byte	0x18
 885 02a1 01       		.uleb128 0x1
 886 02a2 23030000 		.4byte	.LASF56
 887 02a6 D0       		.byte	0xd0
 888 02a7 03       		.byte	0x3
 889 02a8 52030000 		.4byte	0x352
 890 02ac 1C       		.byte	0x1c
 891 02ad 01       		.uleb128 0x1
 892 02ae 84020000 		.4byte	.LASF57
 893 02b2 D0       		.byte	0xd0
 894 02b3 03       		.byte	0x3
 895 02b4 39030000 		.4byte	0x339
 896 02b8 20       		.byte	0x20
 897 02b9 01       		.uleb128 0x1
 898 02ba E4010000 		.4byte	.LASF58
 899 02be D0       		.byte	0xd0
 900 02bf 03       		.byte	0x3
 901 02c0 39030000 		.4byte	0x339
 902 02c4 24       		.byte	0x24
 903 02c5 00       		.byte	0
 904 02c6 09       		.uleb128 0x9
 905 02c7 40020000 		.4byte	0x240
 906 02cb 0A       		.uleb128 0xa
 907 02cc DA020000 		.4byte	0x2da
 908 02d0 DA020000 		.4byte	0x2da
 909 02d4 03       		.uleb128 0x3
 910 02d5 F0000000 		.4byte	0xf0
 911 02d9 00       		.byte	0
 912 02da 05       		.uleb128 0x5
ARM GAS  C:\Users\DEVELO~1\AppData\Local\Temp\cc6SmHkZ.s 			page 17


 913 02db 3B020000 		.4byte	0x23b
 914 02df 05       		.uleb128 0x5
 915 02e0 CB020000 		.4byte	0x2cb
 916 02e4 0A       		.uleb128 0xa
 917 02e5 79010000 		.4byte	0x179
 918 02e9 02030000 		.4byte	0x302
 919 02ed 03       		.uleb128 0x3
 920 02ee F0000000 		.4byte	0xf0
 921 02f2 03       		.uleb128 0x3
 922 02f3 85010000 		.4byte	0x185
 923 02f7 03       		.uleb128 0x3
 924 02f8 2D000000 		.4byte	0x2d
 925 02fc 03       		.uleb128 0x3
 926 02fd F9000000 		.4byte	0xf9
 927 0301 00       		.byte	0
 928 0302 05       		.uleb128 0x5
 929 0303 E4020000 		.4byte	0x2e4
 930 0307 0A       		.uleb128 0xa
 931 0308 79010000 		.4byte	0x179
 932 030c 25030000 		.4byte	0x325
 933 0310 03       		.uleb128 0x3
 934 0311 F0000000 		.4byte	0xf0
 935 0315 03       		.uleb128 0x3
 936 0316 85010000 		.4byte	0x185
 937 031a 03       		.uleb128 0x3
 938 031b 2D000000 		.4byte	0x2d
 939 031f 03       		.uleb128 0x3
 940 0320 FE000000 		.4byte	0xfe
 941 0324 00       		.byte	0
 942 0325 05       		.uleb128 0x5
 943 0326 07030000 		.4byte	0x307
 944 032a 0A       		.uleb128 0xa
 945 032b 79010000 		.4byte	0x179
 946 032f 39030000 		.4byte	0x339
 947 0333 03       		.uleb128 0x3
 948 0334 F0000000 		.4byte	0xf0
 949 0338 00       		.byte	0
 950 0339 05       		.uleb128 0x5
 951 033a 2A030000 		.4byte	0x32a
 952 033e 0A       		.uleb128 0xa
 953 033f 79010000 		.4byte	0x179
 954 0343 52030000 		.4byte	0x352
 955 0347 03       		.uleb128 0x3
 956 0348 F0000000 		.4byte	0xf0
 957 034c 03       		.uleb128 0x3
 958 034d 91010000 		.4byte	0x191
 959 0351 00       		.byte	0
 960 0352 05       		.uleb128 0x5
 961 0353 3E030000 		.4byte	0x33e
 962 0357 0A       		.uleb128 0xa
 963 0358 79010000 		.4byte	0x179
 964 035c 6B030000 		.4byte	0x36b
 965 0360 03       		.uleb128 0x3
 966 0361 F0000000 		.4byte	0xf0
 967 0365 03       		.uleb128 0x3
 968 0366 6B030000 		.4byte	0x36b
 969 036a 00       		.byte	0
ARM GAS  C:\Users\DEVELO~1\AppData\Local\Temp\cc6SmHkZ.s 			page 18


 970 036b 05       		.uleb128 0x5
 971 036c B4000000 		.4byte	0xb4
 972 0370 05       		.uleb128 0x5
 973 0371 57030000 		.4byte	0x357
 974 0375 0D       		.uleb128 0xd
 975 0376 08       		.byte	0x8
 976 0377 E0       		.byte	0xe0
 977 0378 96030000 		.4byte	0x396
 978 037c 17       		.uleb128 0x17
 979 037d 766D7400 		.ascii	"vmt\000"
 980 0381 07       		.byte	0x7
 981 0382 E2       		.byte	0xe2
 982 0383 1E       		.byte	0x1e
 983 0384 96030000 		.4byte	0x396
 984 0388 00       		.byte	0
 985 0389 01       		.uleb128 0x1
 986 038a DF000000 		.4byte	.LASF59
 987 038e E3       		.byte	0xe3
 988 038f 03       		.byte	0x3
 989 0390 32010000 		.4byte	0x132
 990 0394 04       		.byte	0x4
 991 0395 00       		.byte	0
 992 0396 05       		.uleb128 0x5
 993 0397 C6020000 		.4byte	0x2c6
 994 039b 02       		.uleb128 0x2
 995 039c CF040000 		.4byte	.LASF60
 996 03a0 07       		.byte	0x7
 997 03a1 E4       		.byte	0xe4
 998 03a2 03       		.byte	0x3
 999 03a3 75030000 		.4byte	0x375
 1000 03a7 18       		.uleb128 0x18
 1001 03a8 7E010000 		.4byte	.LASF80
 1002 03ac 08       		.byte	0x8
 1003 03ad 4201     		.2byte	0x142
 1004 03af 08       		.byte	0x8
 1005 03b0 BA030000 		.4byte	0x3ba
 1006 03b4 03       		.uleb128 0x3
 1007 03b5 D8000000 		.4byte	0xd8
 1008 03b9 00       		.byte	0
 1009 03ba 0B       		.uleb128 0xb
 1010 03bb A2010000 		.4byte	.LASF63
 1011 03bf C1       		.byte	0xc1
 1012 03c0 10       		.byte	0x10
 1013 03c1 85010000 		.4byte	0x185
 1014 03c5 00000000 		.4byte	.LFB437
 1015 03c9 26000000 		.4byte	.LFE437-.LFB437
 1016 03cd 01       		.uleb128 0x1
 1017 03ce 9C       		.byte	0x9c
 1018 03cf 07040000 		.4byte	0x407
 1019 03d3 07       		.uleb128 0x7
 1020 03d4 8C040000 		.4byte	.LASF61
 1021 03d8 C1       		.byte	0xc1
 1022 03d9 31       		.byte	0x31
 1023 03da 07040000 		.4byte	0x407
 1024 03de 02       		.uleb128 0x2
 1025 03df 91       		.byte	0x91
 1026 03e0 6C       		.sleb128 -20
ARM GAS  C:\Users\DEVELO~1\AppData\Local\Temp\cc6SmHkZ.s 			page 19


 1027 03e1 07       		.uleb128 0x7
 1028 03e2 C9020000 		.4byte	.LASF62
 1029 03e6 C1       		.byte	0xc1
 1030 03e7 3D       		.byte	0x3d
 1031 03e8 F0000000 		.4byte	0xf0
 1032 03ec 02       		.uleb128 0x2
 1033 03ed 91       		.byte	0x91
 1034 03ee 68       		.sleb128 -24
 1035 03ef 08       		.uleb128 0x8
 1036 03f0 0E050000 		.4byte	.LASF65
 1037 03f4 C2       		.byte	0xc2
 1038 03f5 1D       		.byte	0x1d
 1039 03f6 DA020000 		.4byte	0x2da
 1040 03fa 02       		.uleb128 0x2
 1041 03fb 91       		.byte	0x91
 1042 03fc 74       		.sleb128 -12
 1043 03fd 0C       		.uleb128 0xc
 1044 03fe 1A030000 		.4byte	.LASF66
 1045 0402 1C040000 		.4byte	0x41c
 1046 0406 00       		.byte	0
 1047 0407 05       		.uleb128 0x5
 1048 0408 9B030000 		.4byte	0x39b
 1049 040c 0E       		.uleb128 0xe
 1050 040d D3000000 		.4byte	0xd3
 1051 0411 1C040000 		.4byte	0x41c
 1052 0415 0F       		.uleb128 0xf
 1053 0416 39000000 		.4byte	0x39
 1054 041a 15       		.byte	0x15
 1055 041b 00       		.byte	0
 1056 041c 09       		.uleb128 0x9
 1057 041d 0C040000 		.4byte	0x40c
 1058 0421 0B       		.uleb128 0xb
 1059 0422 00000000 		.4byte	.LASF64
 1060 0426 B0       		.byte	0xb0
 1061 0427 07       		.byte	0x7
 1062 0428 F0000000 		.4byte	0xf0
 1063 042c 00000000 		.4byte	.LFB436
 1064 0430 26000000 		.4byte	.LFE436-.LFB436
 1065 0434 01       		.uleb128 0x1
 1066 0435 9C       		.byte	0x9c
 1067 0436 6E040000 		.4byte	0x46e
 1068 043a 07       		.uleb128 0x7
 1069 043b 8C040000 		.4byte	.LASF61
 1070 043f B0       		.byte	0xb0
 1071 0440 28       		.byte	0x28
 1072 0441 07040000 		.4byte	0x407
 1073 0445 02       		.uleb128 0x2
 1074 0446 91       		.byte	0x91
 1075 0447 6C       		.sleb128 -20
 1076 0448 07       		.uleb128 0x7
 1077 0449 B4030000 		.4byte	.LASF39
 1078 044d B0       		.byte	0xb0
 1079 044e 3D       		.byte	0x3d
 1080 044f 85010000 		.4byte	0x185
 1081 0453 02       		.uleb128 0x2
 1082 0454 91       		.byte	0x91
 1083 0455 68       		.sleb128 -24
ARM GAS  C:\Users\DEVELO~1\AppData\Local\Temp\cc6SmHkZ.s 			page 20


 1084 0456 08       		.uleb128 0x8
 1085 0457 0E050000 		.4byte	.LASF65
 1086 045b B1       		.byte	0xb1
 1087 045c 1D       		.byte	0x1d
 1088 045d DA020000 		.4byte	0x2da
 1089 0461 02       		.uleb128 0x2
 1090 0462 91       		.byte	0x91
 1091 0463 74       		.sleb128 -12
 1092 0464 0C       		.uleb128 0xc
 1093 0465 1A030000 		.4byte	.LASF66
 1094 0469 1C040000 		.4byte	0x41c
 1095 046d 00       		.byte	0
 1096 046e 0B       		.uleb128 0xb
 1097 046f 1E020000 		.4byte	.LASF67
 1098 0473 8B       		.byte	0x8b
 1099 0474 10       		.byte	0x10
 1100 0475 91010000 		.4byte	0x191
 1101 0479 00000000 		.4byte	.LFB435
 1102 047d 8A000000 		.4byte	.LFE435-.LFB435
 1103 0481 01       		.uleb128 0x1
 1104 0482 9C       		.byte	0x9c
 1105 0483 FB040000 		.4byte	0x4fb
 1106 0487 07       		.uleb128 0x7
 1107 0488 8C040000 		.4byte	.LASF61
 1108 048c 8B       		.byte	0x8b
 1109 048d 30       		.byte	0x30
 1110 048e 07040000 		.4byte	0x407
 1111 0492 02       		.uleb128 0x2
 1112 0493 91       		.byte	0x91
 1113 0494 5C       		.sleb128 -36
 1114 0495 07       		.uleb128 0x7
 1115 0496 B4030000 		.4byte	.LASF39
 1116 049a 8B       		.byte	0x8b
 1117 049b 45       		.byte	0x45
 1118 049c 85010000 		.4byte	0x185
 1119 04a0 02       		.uleb128 0x2
 1120 04a1 91       		.byte	0x91
 1121 04a2 58       		.sleb128 -40
 1122 04a3 08       		.uleb128 0x8
 1123 04a4 05030000 		.4byte	.LASF68
 1124 04a8 8C       		.byte	0x8c
 1125 04a9 12       		.byte	0x12
 1126 04aa 91010000 		.4byte	0x191
 1127 04ae 02       		.uleb128 0x2
 1128 04af 91       		.byte	0x91
 1129 04b0 6C       		.sleb128 -20
 1130 04b1 11       		.uleb128 0x11
 1131 04b2 6900     		.ascii	"i\000"
 1132 04b4 8C       		.byte	0x8c
 1133 04b5 1A       		.byte	0x1a
 1134 04b6 91010000 		.4byte	0x191
 1135 04ba 02       		.uleb128 0x2
 1136 04bb 91       		.byte	0x91
 1137 04bc 74       		.sleb128 -12
 1138 04bd 08       		.uleb128 0x8
 1139 04be 0E050000 		.4byte	.LASF65
 1140 04c2 8D       		.byte	0x8d
ARM GAS  C:\Users\DEVELO~1\AppData\Local\Temp\cc6SmHkZ.s 			page 21


 1141 04c3 1D       		.byte	0x1d
 1142 04c4 DA020000 		.4byte	0x2da
 1143 04c8 02       		.uleb128 0x2
 1144 04c9 91       		.byte	0x91
 1145 04ca 70       		.sleb128 -16
 1146 04cb 0C       		.uleb128 0xc
 1147 04cc 1A030000 		.4byte	.LASF66
 1148 04d0 0B050000 		.4byte	0x50b
 1149 04d4 12       		.uleb128 0x12
 1150 04d5 1E000000 		.4byte	.LBB3
 1151 04d9 52000000 		.4byte	.LBE3-.LBB3
 1152 04dd 08       		.uleb128 0x8
 1153 04de 64040000 		.4byte	.LASF69
 1154 04e2 92       		.byte	0x92
 1155 04e3 14       		.byte	0x14
 1156 04e4 85010000 		.4byte	0x185
 1157 04e8 02       		.uleb128 0x2
 1158 04e9 91       		.byte	0x91
 1159 04ea 68       		.sleb128 -24
 1160 04eb 08       		.uleb128 0x8
 1161 04ec C4040000 		.4byte	.LASF70
 1162 04f0 93       		.byte	0x93
 1163 04f1 14       		.byte	0x14
 1164 04f2 85010000 		.4byte	0x185
 1165 04f6 02       		.uleb128 0x2
 1166 04f7 91       		.byte	0x91
 1167 04f8 64       		.sleb128 -28
 1168 04f9 00       		.byte	0
 1169 04fa 00       		.byte	0
 1170 04fb 0E       		.uleb128 0xe
 1171 04fc D3000000 		.4byte	0xd3
 1172 0500 0B050000 		.4byte	0x50b
 1173 0504 0F       		.uleb128 0xf
 1174 0505 39000000 		.4byte	0x39
 1175 0509 14       		.byte	0x14
 1176 050a 00       		.byte	0
 1177 050b 09       		.uleb128 0x9
 1178 050c FB040000 		.4byte	0x4fb
 1179 0510 0B       		.uleb128 0xb
 1180 0511 16000000 		.4byte	.LASF71
 1181 0515 71       		.byte	0x71
 1182 0516 0A       		.byte	0xa
 1183 0517 B4000000 		.4byte	0xb4
 1184 051b 00000000 		.4byte	.LFB434
 1185 051f 3E000000 		.4byte	.LFE434-.LFB434
 1186 0523 01       		.uleb128 0x1
 1187 0524 9C       		.byte	0x9c
 1188 0525 6B050000 		.4byte	0x56b
 1189 0529 07       		.uleb128 0x7
 1190 052a 8C040000 		.4byte	.LASF61
 1191 052e 71       		.byte	0x71
 1192 052f 28       		.byte	0x28
 1193 0530 07040000 		.4byte	0x407
 1194 0534 02       		.uleb128 0x2
 1195 0535 91       		.byte	0x91
 1196 0536 6C       		.sleb128 -20
 1197 0537 07       		.uleb128 0x7
ARM GAS  C:\Users\DEVELO~1\AppData\Local\Temp\cc6SmHkZ.s 			page 22


 1198 0538 05030000 		.4byte	.LASF68
 1199 053c 72       		.byte	0x72
 1200 053d 2C       		.byte	0x2c
 1201 053e 91010000 		.4byte	0x191
 1202 0542 02       		.uleb128 0x2
 1203 0543 91       		.byte	0x91
 1204 0544 68       		.sleb128 -24
 1205 0545 08       		.uleb128 0x8
 1206 0546 71040000 		.4byte	.LASF40
 1207 054a 73       		.byte	0x73
 1208 054b 0C       		.byte	0xc
 1209 054c B4000000 		.4byte	0xb4
 1210 0550 02       		.uleb128 0x2
 1211 0551 91       		.byte	0x91
 1212 0552 74       		.sleb128 -12
 1213 0553 08       		.uleb128 0x8
 1214 0554 0E050000 		.4byte	.LASF65
 1215 0558 74       		.byte	0x74
 1216 0559 1D       		.byte	0x1d
 1217 055a DA020000 		.4byte	0x2da
 1218 055e 02       		.uleb128 0x2
 1219 055f 91       		.byte	0x91
 1220 0560 70       		.sleb128 -16
 1221 0561 0C       		.uleb128 0xc
 1222 0562 1A030000 		.4byte	.LASF66
 1223 0566 7B050000 		.4byte	0x57b
 1224 056a 00       		.byte	0
 1225 056b 0E       		.uleb128 0xe
 1226 056c D3000000 		.4byte	0xd3
 1227 0570 7B050000 		.4byte	0x57b
 1228 0574 0F       		.uleb128 0xf
 1229 0575 39000000 		.4byte	0x39
 1230 0579 12       		.byte	0x12
 1231 057a 00       		.byte	0
 1232 057b 09       		.uleb128 0x9
 1233 057c 6B050000 		.4byte	0x56b
 1234 0580 0B       		.uleb128 0xb
 1235 0581 47040000 		.4byte	.LASF72
 1236 0585 57       		.byte	0x57
 1237 0586 10       		.byte	0x10
 1238 0587 85010000 		.4byte	0x185
 1239 058b 00000000 		.4byte	.LFB433
 1240 058f 44000000 		.4byte	.LFE433-.LFB433
 1241 0593 01       		.uleb128 0x1
 1242 0594 9C       		.byte	0x9c
 1243 0595 DB050000 		.4byte	0x5db
 1244 0599 07       		.uleb128 0x7
 1245 059a 8C040000 		.4byte	.LASF61
 1246 059e 57       		.byte	0x57
 1247 059f 30       		.byte	0x30
 1248 05a0 07040000 		.4byte	0x407
 1249 05a4 02       		.uleb128 0x2
 1250 05a5 91       		.byte	0x91
 1251 05a6 6C       		.sleb128 -20
 1252 05a7 07       		.uleb128 0x7
 1253 05a8 05030000 		.4byte	.LASF68
 1254 05ac 58       		.byte	0x58
ARM GAS  C:\Users\DEVELO~1\AppData\Local\Temp\cc6SmHkZ.s 			page 23


 1255 05ad 34       		.byte	0x34
 1256 05ae 91010000 		.4byte	0x191
 1257 05b2 02       		.uleb128 0x2
 1258 05b3 91       		.byte	0x91
 1259 05b4 68       		.sleb128 -24
 1260 05b5 08       		.uleb128 0x8
 1261 05b6 B4030000 		.4byte	.LASF39
 1262 05ba 59       		.byte	0x59
 1263 05bb 12       		.byte	0x12
 1264 05bc 85010000 		.4byte	0x185
 1265 05c0 02       		.uleb128 0x2
 1266 05c1 91       		.byte	0x91
 1267 05c2 74       		.sleb128 -12
 1268 05c3 08       		.uleb128 0x8
 1269 05c4 0E050000 		.4byte	.LASF65
 1270 05c8 5A       		.byte	0x5a
 1271 05c9 1D       		.byte	0x1d
 1272 05ca DA020000 		.4byte	0x2da
 1273 05ce 02       		.uleb128 0x2
 1274 05cf 91       		.byte	0x91
 1275 05d0 70       		.sleb128 -16
 1276 05d1 0C       		.uleb128 0xc
 1277 05d2 1A030000 		.4byte	.LASF66
 1278 05d6 0B050000 		.4byte	0x50b
 1279 05da 00       		.byte	0
 1280 05db 0B       		.uleb128 0xb
 1281 05dc 44020000 		.4byte	.LASF73
 1282 05e0 3D       		.byte	0x3d
 1283 05e1 0F       		.byte	0xf
 1284 05e2 79010000 		.4byte	0x179
 1285 05e6 00000000 		.4byte	.LFB432
 1286 05ea E4000000 		.4byte	.LFE432-.LFB432
 1287 05ee 01       		.uleb128 0x1
 1288 05ef 9C       		.byte	0x9c
 1289 05f0 29060000 		.4byte	0x629
 1290 05f4 07       		.uleb128 0x7
 1291 05f5 8C040000 		.4byte	.LASF61
 1292 05f9 3D       		.byte	0x3d
 1293 05fa 29       		.byte	0x29
 1294 05fb 07040000 		.4byte	0x407
 1295 05ff 02       		.uleb128 0x2
 1296 0600 91       		.byte	0x91
 1297 0601 54       		.sleb128 -44
 1298 0602 12       		.uleb128 0x12
 1299 0603 0A000000 		.4byte	.LBB2
 1300 0607 CE000000 		.4byte	.LBE2-.LBB2
 1301 060b 11       		.uleb128 0x11
 1302 060c 65727200 		.ascii	"err\000"
 1303 0610 40       		.byte	0x40
 1304 0611 13       		.byte	0x13
 1305 0612 79010000 		.4byte	0x179
 1306 0616 02       		.uleb128 0x2
 1307 0617 91       		.byte	0x91
 1308 0618 5F       		.sleb128 -33
 1309 0619 08       		.uleb128 0x8
 1310 061a F0040000 		.4byte	.LASF74
 1311 061e 41       		.byte	0x41
ARM GAS  C:\Users\DEVELO~1\AppData\Local\Temp\cc6SmHkZ.s 			page 24


 1312 061f 0E       		.byte	0xe
 1313 0620 B4000000 		.4byte	0xb4
 1314 0624 02       		.uleb128 0x2
 1315 0625 91       		.byte	0x91
 1316 0626 58       		.sleb128 -40
 1317 0627 00       		.byte	0
 1318 0628 00       		.byte	0
 1319 0629 19       		.uleb128 0x19
 1320 062a CA030000 		.4byte	.LASF81
 1321 062e 01       		.byte	0x1
 1322 062f 0E03     		.2byte	0x30e
 1323 0631 14       		.byte	0x14
 1324 0632 00000000 		.4byte	.LFB364
 1325 0636 16000000 		.4byte	.LFE364-.LFB364
 1326 063a 01       		.uleb128 0x1
 1327 063b 9C       		.byte	0x9c
 1328 063c 1A       		.uleb128 0x1a
 1329 063d 53020000 		.4byte	.LASF75
 1330 0641 01       		.byte	0x1
 1331 0642 0E03     		.2byte	0x30e
 1332 0644 32       		.byte	0x32
 1333 0645 D8000000 		.4byte	0xd8
 1334 0649 02       		.uleb128 0x2
 1335 064a 91       		.byte	0x91
 1336 064b 74       		.sleb128 -12
 1337 064c 00       		.byte	0
 1338 064d 00       		.byte	0
 1339              		.section	.debug_abbrev,"",%progbits
 1340              	.Ldebug_abbrev0:
 1341 0000 01       		.uleb128 0x1
 1342 0001 0D       		.uleb128 0xd
 1343 0002 00       		.byte	0
 1344 0003 03       		.uleb128 0x3
 1345 0004 0E       		.uleb128 0xe
 1346 0005 3A       		.uleb128 0x3a
 1347 0006 21       		.uleb128 0x21
 1348 0007 07       		.sleb128 7
 1349 0008 3B       		.uleb128 0x3b
 1350 0009 0B       		.uleb128 0xb
 1351 000a 39       		.uleb128 0x39
 1352 000b 0B       		.uleb128 0xb
 1353 000c 49       		.uleb128 0x49
 1354 000d 13       		.uleb128 0x13
 1355 000e 38       		.uleb128 0x38
 1356 000f 0B       		.uleb128 0xb
 1357 0010 00       		.byte	0
 1358 0011 00       		.byte	0
 1359 0012 02       		.uleb128 0x2
 1360 0013 16       		.uleb128 0x16
 1361 0014 00       		.byte	0
 1362 0015 03       		.uleb128 0x3
 1363 0016 0E       		.uleb128 0xe
 1364 0017 3A       		.uleb128 0x3a
 1365 0018 0B       		.uleb128 0xb
 1366 0019 3B       		.uleb128 0x3b
 1367 001a 0B       		.uleb128 0xb
 1368 001b 39       		.uleb128 0x39
ARM GAS  C:\Users\DEVELO~1\AppData\Local\Temp\cc6SmHkZ.s 			page 25


 1369 001c 0B       		.uleb128 0xb
 1370 001d 49       		.uleb128 0x49
 1371 001e 13       		.uleb128 0x13
 1372 001f 00       		.byte	0
 1373 0020 00       		.byte	0
 1374 0021 03       		.uleb128 0x3
 1375 0022 05       		.uleb128 0x5
 1376 0023 00       		.byte	0
 1377 0024 49       		.uleb128 0x49
 1378 0025 13       		.uleb128 0x13
 1379 0026 00       		.byte	0
 1380 0027 00       		.byte	0
 1381 0028 04       		.uleb128 0x4
 1382 0029 28       		.uleb128 0x28
 1383 002a 00       		.byte	0
 1384 002b 03       		.uleb128 0x3
 1385 002c 0E       		.uleb128 0xe
 1386 002d 1C       		.uleb128 0x1c
 1387 002e 0B       		.uleb128 0xb
 1388 002f 00       		.byte	0
 1389 0030 00       		.byte	0
 1390 0031 05       		.uleb128 0x5
 1391 0032 0F       		.uleb128 0xf
 1392 0033 00       		.byte	0
 1393 0034 0B       		.uleb128 0xb
 1394 0035 21       		.uleb128 0x21
 1395 0036 04       		.sleb128 4
 1396 0037 49       		.uleb128 0x49
 1397 0038 13       		.uleb128 0x13
 1398 0039 00       		.byte	0
 1399 003a 00       		.byte	0
 1400 003b 06       		.uleb128 0x6
 1401 003c 24       		.uleb128 0x24
 1402 003d 00       		.byte	0
 1403 003e 0B       		.uleb128 0xb
 1404 003f 0B       		.uleb128 0xb
 1405 0040 3E       		.uleb128 0x3e
 1406 0041 0B       		.uleb128 0xb
 1407 0042 03       		.uleb128 0x3
 1408 0043 0E       		.uleb128 0xe
 1409 0044 00       		.byte	0
 1410 0045 00       		.byte	0
 1411 0046 07       		.uleb128 0x7
 1412 0047 05       		.uleb128 0x5
 1413 0048 00       		.byte	0
 1414 0049 03       		.uleb128 0x3
 1415 004a 0E       		.uleb128 0xe
 1416 004b 3A       		.uleb128 0x3a
 1417 004c 21       		.uleb128 0x21
 1418 004d 02       		.sleb128 2
 1419 004e 3B       		.uleb128 0x3b
 1420 004f 0B       		.uleb128 0xb
 1421 0050 39       		.uleb128 0x39
 1422 0051 0B       		.uleb128 0xb
 1423 0052 49       		.uleb128 0x49
 1424 0053 13       		.uleb128 0x13
 1425 0054 02       		.uleb128 0x2
ARM GAS  C:\Users\DEVELO~1\AppData\Local\Temp\cc6SmHkZ.s 			page 26


 1426 0055 18       		.uleb128 0x18
 1427 0056 00       		.byte	0
 1428 0057 00       		.byte	0
 1429 0058 08       		.uleb128 0x8
 1430 0059 34       		.uleb128 0x34
 1431 005a 00       		.byte	0
 1432 005b 03       		.uleb128 0x3
 1433 005c 0E       		.uleb128 0xe
 1434 005d 3A       		.uleb128 0x3a
 1435 005e 21       		.uleb128 0x21
 1436 005f 02       		.sleb128 2
 1437 0060 3B       		.uleb128 0x3b
 1438 0061 0B       		.uleb128 0xb
 1439 0062 39       		.uleb128 0x39
 1440 0063 0B       		.uleb128 0xb
 1441 0064 49       		.uleb128 0x49
 1442 0065 13       		.uleb128 0x13
 1443 0066 02       		.uleb128 0x2
 1444 0067 18       		.uleb128 0x18
 1445 0068 00       		.byte	0
 1446 0069 00       		.byte	0
 1447 006a 09       		.uleb128 0x9
 1448 006b 26       		.uleb128 0x26
 1449 006c 00       		.byte	0
 1450 006d 49       		.uleb128 0x49
 1451 006e 13       		.uleb128 0x13
 1452 006f 00       		.byte	0
 1453 0070 00       		.byte	0
 1454 0071 0A       		.uleb128 0xa
 1455 0072 15       		.uleb128 0x15
 1456 0073 01       		.byte	0x1
 1457 0074 27       		.uleb128 0x27
 1458 0075 19       		.uleb128 0x19
 1459 0076 49       		.uleb128 0x49
 1460 0077 13       		.uleb128 0x13
 1461 0078 01       		.uleb128 0x1
 1462 0079 13       		.uleb128 0x13
 1463 007a 00       		.byte	0
 1464 007b 00       		.byte	0
 1465 007c 0B       		.uleb128 0xb
 1466 007d 2E       		.uleb128 0x2e
 1467 007e 01       		.byte	0x1
 1468 007f 3F       		.uleb128 0x3f
 1469 0080 19       		.uleb128 0x19
 1470 0081 03       		.uleb128 0x3
 1471 0082 0E       		.uleb128 0xe
 1472 0083 3A       		.uleb128 0x3a
 1473 0084 21       		.uleb128 0x21
 1474 0085 02       		.sleb128 2
 1475 0086 3B       		.uleb128 0x3b
 1476 0087 0B       		.uleb128 0xb
 1477 0088 39       		.uleb128 0x39
 1478 0089 0B       		.uleb128 0xb
 1479 008a 27       		.uleb128 0x27
 1480 008b 19       		.uleb128 0x19
 1481 008c 49       		.uleb128 0x49
 1482 008d 13       		.uleb128 0x13
ARM GAS  C:\Users\DEVELO~1\AppData\Local\Temp\cc6SmHkZ.s 			page 27


 1483 008e 11       		.uleb128 0x11
 1484 008f 01       		.uleb128 0x1
 1485 0090 12       		.uleb128 0x12
 1486 0091 06       		.uleb128 0x6
 1487 0092 40       		.uleb128 0x40
 1488 0093 18       		.uleb128 0x18
 1489 0094 7C       		.uleb128 0x7c
 1490 0095 19       		.uleb128 0x19
 1491 0096 01       		.uleb128 0x1
 1492 0097 13       		.uleb128 0x13
 1493 0098 00       		.byte	0
 1494 0099 00       		.byte	0
 1495 009a 0C       		.uleb128 0xc
 1496 009b 34       		.uleb128 0x34
 1497 009c 00       		.byte	0
 1498 009d 03       		.uleb128 0x3
 1499 009e 0E       		.uleb128 0xe
 1500 009f 49       		.uleb128 0x49
 1501 00a0 13       		.uleb128 0x13
 1502 00a1 34       		.uleb128 0x34
 1503 00a2 19       		.uleb128 0x19
 1504 00a3 00       		.byte	0
 1505 00a4 00       		.byte	0
 1506 00a5 0D       		.uleb128 0xd
 1507 00a6 13       		.uleb128 0x13
 1508 00a7 01       		.byte	0x1
 1509 00a8 0B       		.uleb128 0xb
 1510 00a9 0B       		.uleb128 0xb
 1511 00aa 3A       		.uleb128 0x3a
 1512 00ab 21       		.uleb128 0x21
 1513 00ac 07       		.sleb128 7
 1514 00ad 3B       		.uleb128 0x3b
 1515 00ae 0B       		.uleb128 0xb
 1516 00af 39       		.uleb128 0x39
 1517 00b0 21       		.uleb128 0x21
 1518 00b1 09       		.sleb128 9
 1519 00b2 01       		.uleb128 0x1
 1520 00b3 13       		.uleb128 0x13
 1521 00b4 00       		.byte	0
 1522 00b5 00       		.byte	0
 1523 00b6 0E       		.uleb128 0xe
 1524 00b7 01       		.uleb128 0x1
 1525 00b8 01       		.byte	0x1
 1526 00b9 49       		.uleb128 0x49
 1527 00ba 13       		.uleb128 0x13
 1528 00bb 01       		.uleb128 0x1
 1529 00bc 13       		.uleb128 0x13
 1530 00bd 00       		.byte	0
 1531 00be 00       		.byte	0
 1532 00bf 0F       		.uleb128 0xf
 1533 00c0 21       		.uleb128 0x21
 1534 00c1 00       		.byte	0
 1535 00c2 49       		.uleb128 0x49
 1536 00c3 13       		.uleb128 0x13
 1537 00c4 2F       		.uleb128 0x2f
 1538 00c5 0B       		.uleb128 0xb
 1539 00c6 00       		.byte	0
ARM GAS  C:\Users\DEVELO~1\AppData\Local\Temp\cc6SmHkZ.s 			page 28


 1540 00c7 00       		.byte	0
 1541 00c8 10       		.uleb128 0x10
 1542 00c9 04       		.uleb128 0x4
 1543 00ca 01       		.byte	0x1
 1544 00cb 3E       		.uleb128 0x3e
 1545 00cc 21       		.uleb128 0x21
 1546 00cd 07       		.sleb128 7
 1547 00ce 0B       		.uleb128 0xb
 1548 00cf 21       		.uleb128 0x21
 1549 00d0 01       		.sleb128 1
 1550 00d1 49       		.uleb128 0x49
 1551 00d2 13       		.uleb128 0x13
 1552 00d3 3A       		.uleb128 0x3a
 1553 00d4 21       		.uleb128 0x21
 1554 00d5 07       		.sleb128 7
 1555 00d6 3B       		.uleb128 0x3b
 1556 00d7 0B       		.uleb128 0xb
 1557 00d8 39       		.uleb128 0x39
 1558 00d9 21       		.uleb128 0x21
 1559 00da 0E       		.sleb128 14
 1560 00db 01       		.uleb128 0x1
 1561 00dc 13       		.uleb128 0x13
 1562 00dd 00       		.byte	0
 1563 00de 00       		.byte	0
 1564 00df 11       		.uleb128 0x11
 1565 00e0 34       		.uleb128 0x34
 1566 00e1 00       		.byte	0
 1567 00e2 03       		.uleb128 0x3
 1568 00e3 08       		.uleb128 0x8
 1569 00e4 3A       		.uleb128 0x3a
 1570 00e5 21       		.uleb128 0x21
 1571 00e6 02       		.sleb128 2
 1572 00e7 3B       		.uleb128 0x3b
 1573 00e8 0B       		.uleb128 0xb
 1574 00e9 39       		.uleb128 0x39
 1575 00ea 0B       		.uleb128 0xb
 1576 00eb 49       		.uleb128 0x49
 1577 00ec 13       		.uleb128 0x13
 1578 00ed 02       		.uleb128 0x2
 1579 00ee 18       		.uleb128 0x18
 1580 00ef 00       		.byte	0
 1581 00f0 00       		.byte	0
 1582 00f1 12       		.uleb128 0x12
 1583 00f2 0B       		.uleb128 0xb
 1584 00f3 01       		.byte	0x1
 1585 00f4 11       		.uleb128 0x11
 1586 00f5 01       		.uleb128 0x1
 1587 00f6 12       		.uleb128 0x12
 1588 00f7 06       		.uleb128 0x6
 1589 00f8 00       		.byte	0
 1590 00f9 00       		.byte	0
 1591 00fa 13       		.uleb128 0x13
 1592 00fb 11       		.uleb128 0x11
 1593 00fc 01       		.byte	0x1
 1594 00fd 25       		.uleb128 0x25
 1595 00fe 0E       		.uleb128 0xe
 1596 00ff 13       		.uleb128 0x13
ARM GAS  C:\Users\DEVELO~1\AppData\Local\Temp\cc6SmHkZ.s 			page 29


 1597 0100 0B       		.uleb128 0xb
 1598 0101 03       		.uleb128 0x3
 1599 0102 0E       		.uleb128 0xe
 1600 0103 1B       		.uleb128 0x1b
 1601 0104 0E       		.uleb128 0xe
 1602 0105 55       		.uleb128 0x55
 1603 0106 17       		.uleb128 0x17
 1604 0107 11       		.uleb128 0x11
 1605 0108 01       		.uleb128 0x1
 1606 0109 10       		.uleb128 0x10
 1607 010a 17       		.uleb128 0x17
 1608 010b 00       		.byte	0
 1609 010c 00       		.byte	0
 1610 010d 14       		.uleb128 0x14
 1611 010e 24       		.uleb128 0x24
 1612 010f 00       		.byte	0
 1613 0110 0B       		.uleb128 0xb
 1614 0111 0B       		.uleb128 0xb
 1615 0112 3E       		.uleb128 0x3e
 1616 0113 0B       		.uleb128 0xb
 1617 0114 03       		.uleb128 0x3
 1618 0115 08       		.uleb128 0x8
 1619 0116 00       		.byte	0
 1620 0117 00       		.byte	0
 1621 0118 15       		.uleb128 0x15
 1622 0119 0F       		.uleb128 0xf
 1623 011a 00       		.byte	0
 1624 011b 0B       		.uleb128 0xb
 1625 011c 0B       		.uleb128 0xb
 1626 011d 00       		.byte	0
 1627 011e 00       		.byte	0
 1628 011f 16       		.uleb128 0x16
 1629 0120 13       		.uleb128 0x13
 1630 0121 01       		.byte	0x1
 1631 0122 03       		.uleb128 0x3
 1632 0123 0E       		.uleb128 0xe
 1633 0124 0B       		.uleb128 0xb
 1634 0125 0B       		.uleb128 0xb
 1635 0126 3A       		.uleb128 0x3a
 1636 0127 0B       		.uleb128 0xb
 1637 0128 3B       		.uleb128 0x3b
 1638 0129 0B       		.uleb128 0xb
 1639 012a 39       		.uleb128 0x39
 1640 012b 0B       		.uleb128 0xb
 1641 012c 01       		.uleb128 0x1
 1642 012d 13       		.uleb128 0x13
 1643 012e 00       		.byte	0
 1644 012f 00       		.byte	0
 1645 0130 17       		.uleb128 0x17
 1646 0131 0D       		.uleb128 0xd
 1647 0132 00       		.byte	0
 1648 0133 03       		.uleb128 0x3
 1649 0134 08       		.uleb128 0x8
 1650 0135 3A       		.uleb128 0x3a
 1651 0136 0B       		.uleb128 0xb
 1652 0137 3B       		.uleb128 0x3b
 1653 0138 0B       		.uleb128 0xb
ARM GAS  C:\Users\DEVELO~1\AppData\Local\Temp\cc6SmHkZ.s 			page 30


 1654 0139 39       		.uleb128 0x39
 1655 013a 0B       		.uleb128 0xb
 1656 013b 49       		.uleb128 0x49
 1657 013c 13       		.uleb128 0x13
 1658 013d 38       		.uleb128 0x38
 1659 013e 0B       		.uleb128 0xb
 1660 013f 00       		.byte	0
 1661 0140 00       		.byte	0
 1662 0141 18       		.uleb128 0x18
 1663 0142 2E       		.uleb128 0x2e
 1664 0143 01       		.byte	0x1
 1665 0144 3F       		.uleb128 0x3f
 1666 0145 19       		.uleb128 0x19
 1667 0146 03       		.uleb128 0x3
 1668 0147 0E       		.uleb128 0xe
 1669 0148 3A       		.uleb128 0x3a
 1670 0149 0B       		.uleb128 0xb
 1671 014a 3B       		.uleb128 0x3b
 1672 014b 05       		.uleb128 0x5
 1673 014c 39       		.uleb128 0x39
 1674 014d 0B       		.uleb128 0xb
 1675 014e 27       		.uleb128 0x27
 1676 014f 19       		.uleb128 0x19
 1677 0150 3C       		.uleb128 0x3c
 1678 0151 19       		.uleb128 0x19
 1679 0152 01       		.uleb128 0x1
 1680 0153 13       		.uleb128 0x13
 1681 0154 00       		.byte	0
 1682 0155 00       		.byte	0
 1683 0156 19       		.uleb128 0x19
 1684 0157 2E       		.uleb128 0x2e
 1685 0158 01       		.byte	0x1
 1686 0159 03       		.uleb128 0x3
 1687 015a 0E       		.uleb128 0xe
 1688 015b 3A       		.uleb128 0x3a
 1689 015c 0B       		.uleb128 0xb
 1690 015d 3B       		.uleb128 0x3b
 1691 015e 05       		.uleb128 0x5
 1692 015f 39       		.uleb128 0x39
 1693 0160 0B       		.uleb128 0xb
 1694 0161 27       		.uleb128 0x27
 1695 0162 19       		.uleb128 0x19
 1696 0163 11       		.uleb128 0x11
 1697 0164 01       		.uleb128 0x1
 1698 0165 12       		.uleb128 0x12
 1699 0166 06       		.uleb128 0x6
 1700 0167 40       		.uleb128 0x40
 1701 0168 18       		.uleb128 0x18
 1702 0169 7C       		.uleb128 0x7c
 1703 016a 19       		.uleb128 0x19
 1704 016b 00       		.byte	0
 1705 016c 00       		.byte	0
 1706 016d 1A       		.uleb128 0x1a
 1707 016e 05       		.uleb128 0x5
 1708 016f 00       		.byte	0
 1709 0170 03       		.uleb128 0x3
 1710 0171 0E       		.uleb128 0xe
ARM GAS  C:\Users\DEVELO~1\AppData\Local\Temp\cc6SmHkZ.s 			page 31


 1711 0172 3A       		.uleb128 0x3a
 1712 0173 0B       		.uleb128 0xb
 1713 0174 3B       		.uleb128 0x3b
 1714 0175 05       		.uleb128 0x5
 1715 0176 39       		.uleb128 0x39
 1716 0177 0B       		.uleb128 0xb
 1717 0178 49       		.uleb128 0x49
 1718 0179 13       		.uleb128 0x13
 1719 017a 02       		.uleb128 0x2
 1720 017b 18       		.uleb128 0x18
 1721 017c 00       		.byte	0
 1722 017d 00       		.byte	0
 1723 017e 00       		.byte	0
 1724              		.section	.debug_aranges,"",%progbits
 1725 0000 4C000000 		.4byte	0x4c
 1726 0004 0200     		.2byte	0x2
 1727 0006 00000000 		.4byte	.Ldebug_info0
 1728 000a 04       		.byte	0x4
 1729 000b 00       		.byte	0
 1730 000c 0000     		.2byte	0
 1731 000e 0000     		.2byte	0
 1732 0010 00000000 		.4byte	.LFB364
 1733 0014 16000000 		.4byte	.LFE364-.LFB364
 1734 0018 00000000 		.4byte	.LFB432
 1735 001c E4000000 		.4byte	.LFE432-.LFB432
 1736 0020 00000000 		.4byte	.LFB433
 1737 0024 44000000 		.4byte	.LFE433-.LFB433
 1738 0028 00000000 		.4byte	.LFB434
 1739 002c 3E000000 		.4byte	.LFE434-.LFB434
 1740 0030 00000000 		.4byte	.LFB435
 1741 0034 8A000000 		.4byte	.LFE435-.LFB435
 1742 0038 00000000 		.4byte	.LFB436
 1743 003c 26000000 		.4byte	.LFE436-.LFB436
 1744 0040 00000000 		.4byte	.LFB437
 1745 0044 26000000 		.4byte	.LFE437-.LFB437
 1746 0048 00000000 		.4byte	0
 1747 004c 00000000 		.4byte	0
 1748              		.section	.debug_rnglists,"",%progbits
 1749              	.Ldebug_ranges0:
 1750 0000 35000000 		.4byte	.Ldebug_ranges3-.Ldebug_ranges2
 1751              	.Ldebug_ranges2:
 1752 0004 0500     		.2byte	0x5
 1753 0006 04       		.byte	0x4
 1754 0007 00       		.byte	0
 1755 0008 00000000 		.4byte	0
 1756              	.LLRL0:
 1757 000c 07       		.byte	0x7
 1758 000d 00000000 		.4byte	.LFB364
 1759 0011 16       		.uleb128 .LFE364-.LFB364
 1760 0012 07       		.byte	0x7
 1761 0013 00000000 		.4byte	.LFB432
 1762 0017 E401     		.uleb128 .LFE432-.LFB432
 1763 0019 07       		.byte	0x7
 1764 001a 00000000 		.4byte	.LFB433
 1765 001e 44       		.uleb128 .LFE433-.LFB433
 1766 001f 07       		.byte	0x7
 1767 0020 00000000 		.4byte	.LFB434
ARM GAS  C:\Users\DEVELO~1\AppData\Local\Temp\cc6SmHkZ.s 			page 32


 1768 0024 3E       		.uleb128 .LFE434-.LFB434
 1769 0025 07       		.byte	0x7
 1770 0026 00000000 		.4byte	.LFB435
 1771 002a 8A01     		.uleb128 .LFE435-.LFB435
 1772 002c 07       		.byte	0x7
 1773 002d 00000000 		.4byte	.LFB436
 1774 0031 26       		.uleb128 .LFE436-.LFB436
 1775 0032 07       		.byte	0x7
 1776 0033 00000000 		.4byte	.LFB437
 1777 0037 26       		.uleb128 .LFE437-.LFB437
 1778 0038 00       		.byte	0
 1779              	.Ldebug_ranges3:
 1780              		.section	.debug_line,"",%progbits
 1781              	.Ldebug_line0:
 1782 0000 44030000 		.section	.debug_str,"MS",%progbits,1
 1782      0300EA01 
 1782      00000201 
 1782      FB0E0D00 
 1782      01010101 
 1783              	.LASF64:
 1784 0000 666C6173 		.ascii	"flashGetOffsetAddress\000"
 1784      68476574 
 1784      4F666673 
 1784      65744164 
 1784      64726573 
 1785              	.LASF71:
 1786 0016 666C6173 		.ascii	"flashGetSectorSize\000"
 1786      68476574 
 1786      53656374 
 1786      6F725369 
 1786      7A6500
 1787              	.LASF42:
 1788 0029 61747472 		.ascii	"attributes\000"
 1788      69627574 
 1788      657300
 1789              	.LASF27:
 1790 0034 666C6173 		.ascii	"flash_state_t\000"
 1790      685F7374 
 1790      6174655F 
 1790      7400
 1791              	.LASF32:
 1792 0042 464C4153 		.ascii	"FLASH_ERROR_ERASE\000"
 1792      485F4552 
 1792      524F525F 
 1792      45524153 
 1792      4500
 1793              	.LASF76:
 1794 0054 474E5520 		.ascii	"GNU C17 11.3.1 20220712 -mcpu=cortex-m7 -mthumb -mf"
 1794      43313720 
 1794      31312E33 
 1794      2E312032 
 1794      30323230 
 1795 0087 6C6F6174 		.ascii	"loat-abi=soft -march=armv7e-m -ggdb -O0 -ffunction-"
 1795      2D616269 
 1795      3D736F66 
 1795      74202D6D 
 1795      61726368 
ARM GAS  C:\Users\DEVELO~1\AppData\Local\Temp\cc6SmHkZ.s 			page 33


 1796 00ba 73656374 		.ascii	"sections -fdata-sections -fno-common\000"
 1796      696F6E73 
 1796      202D6664 
 1796      6174612D 
 1796      73656374 
 1797              	.LASF59:
 1798 00df 73746174 		.ascii	"state\000"
 1798      6500
 1799              	.LASF16:
 1800 00e5 75696E74 		.ascii	"uint64_t\000"
 1800      36345F74 
 1800      00
 1801              	.LASF50:
 1802 00ee 6765745F 		.ascii	"get_descriptor\000"
 1802      64657363 
 1802      72697074 
 1802      6F7200
 1803              	.LASF7:
 1804 00fd 73686F72 		.ascii	"short int\000"
 1804      7420696E 
 1804      7400
 1805              	.LASF43:
 1806 0107 70616765 		.ascii	"page_size\000"
 1806      5F73697A 
 1806      6500
 1807              	.LASF36:
 1808 0111 666C6173 		.ascii	"flash_error_t\000"
 1808      685F6572 
 1808      726F725F 
 1808      7400
 1809              	.LASF78:
 1810 011f 433A5C50 		.ascii	"C:\\PROJET\\ChibiOS project\\ChibiOS_21.11.4\\demos"
 1810      524F4A45 
 1810      545C4368 
 1810      6962694F 
 1810      53207072 
 1811 014e 5C53544D 		.ascii	"\\STM32\\RT-STM32H743ZI_REV_XY-NUCLEO144_Quartz8M\000"
 1811      33325C52 
 1811      542D5354 
 1811      4D333248 
 1811      3734335A 
 1812              	.LASF80:
 1813 017e 63685468 		.ascii	"chThdSleep\000"
 1813      64536C65 
 1813      657000
 1814              	.LASF1:
 1815 0189 6C6F6E67 		.ascii	"long long int\000"
 1815      206C6F6E 
 1815      6720696E 
 1815      7400
 1816              	.LASF10:
 1817 0197 5F5F7569 		.ascii	"__uint32_t\000"
 1817      6E743332 
 1817      5F7400
 1818              	.LASF63:
 1819 01a2 666C6173 		.ascii	"flashGetAddressOffset\000"
 1819      68476574 
ARM GAS  C:\Users\DEVELO~1\AppData\Local\Temp\cc6SmHkZ.s 			page 34


 1819      41646472 
 1819      6573734F 
 1819      66667365 
 1820              	.LASF53:
 1821 01b8 73746172 		.ascii	"start_erase_all\000"
 1821      745F6572 
 1821      6173655F 
 1821      616C6C00 
 1822              	.LASF38:
 1823 01c8 666C6173 		.ascii	"flash_sector_t\000"
 1823      685F7365 
 1823      63746F72 
 1823      5F7400
 1824              	.LASF79:
 1825 01d7 42617365 		.ascii	"BaseFlashVMT\000"
 1825      466C6173 
 1825      68564D54 
 1825      00
 1826              	.LASF58:
 1827 01e4 72656C65 		.ascii	"release_exclusive\000"
 1827      6173655F 
 1827      6578636C 
 1827      75736976 
 1827      6500
 1828              	.LASF14:
 1829 01f6 75696E74 		.ascii	"uint8_t\000"
 1829      385F7400 
 1830              	.LASF77:
 1831 01fe 2E2E2F2E 		.ascii	"../../../os/hal/src/hal_flash.c\000"
 1831      2E2F2E2E 
 1831      2F6F732F 
 1831      68616C2F 
 1831      7372632F 
 1832              	.LASF67:
 1833 021e 666C6173 		.ascii	"flashGetOffsetSector\000"
 1833      68476574 
 1833      4F666673 
 1833      65745365 
 1833      63746F72 
 1834              	.LASF52:
 1835 0233 70726F67 		.ascii	"program\000"
 1835      72616D00 
 1836              	.LASF15:
 1837 023b 75696E74 		.ascii	"uint32_t\000"
 1837      33325F74 
 1837      00
 1838              	.LASF73:
 1839 0244 666C6173 		.ascii	"flashWaitErase\000"
 1839      68576169 
 1839      74457261 
 1839      736500
 1840              	.LASF75:
 1841 0253 64656C61 		.ascii	"delay\000"
 1841      7900
 1842              	.LASF2:
 1843 0259 6C6F6E67 		.ascii	"long double\000"
 1843      20646F75 
ARM GAS  C:\Users\DEVELO~1\AppData\Local\Temp\cc6SmHkZ.s 			page 35


 1843      626C6500 
 1844              	.LASF35:
 1845 0265 464C4153 		.ascii	"FLASH_ERROR_UNIMPLEMENTED\000"
 1845      485F4552 
 1845      524F525F 
 1845      554E494D 
 1845      504C454D 
 1846              	.LASF51:
 1847 027f 72656164 		.ascii	"read\000"
 1847      00
 1848              	.LASF57:
 1849 0284 61637175 		.ascii	"acquire_exclusive\000"
 1849      6972655F 
 1849      6578636C 
 1849      75736976 
 1849      6500
 1850              	.LASF13:
 1851 0296 6C6F6E67 		.ascii	"long long unsigned int\000"
 1851      206C6F6E 
 1851      6720756E 
 1851      7369676E 
 1851      65642069 
 1852              	.LASF49:
 1853 02ad 696E7374 		.ascii	"instance_offset\000"
 1853      616E6365 
 1853      5F6F6666 
 1853      73657400 
 1854              	.LASF55:
 1855 02bd 71756572 		.ascii	"query_erase\000"
 1855      795F6572 
 1855      61736500 
 1856              	.LASF62:
 1857 02c9 61646472 		.ascii	"addr\000"
 1857      00
 1858              	.LASF54:
 1859 02ce 73746172 		.ascii	"start_erase_sector\000"
 1859      745F6572 
 1859      6173655F 
 1859      73656374 
 1859      6F7200
 1860              	.LASF5:
 1861 02e1 5F5F7569 		.ascii	"__uint8_t\000"
 1861      6E74385F 
 1861      7400
 1862              	.LASF41:
 1863 02eb 666C6173 		.ascii	"flash_sector_descriptor_t\000"
 1863      685F7365 
 1863      63746F72 
 1863      5F646573 
 1863      63726970 
 1864              	.LASF68:
 1865 0305 73656374 		.ascii	"sector\000"
 1865      6F7200
 1866              	.LASF6:
 1867 030c 756E7369 		.ascii	"unsigned char\000"
 1867      676E6564 
 1867      20636861 
ARM GAS  C:\Users\DEVELO~1\AppData\Local\Temp\cc6SmHkZ.s 			page 36


 1867      7200
 1868              	.LASF66:
 1869 031a 5F5F6675 		.ascii	"__func__\000"
 1869      6E635F5F 
 1869      00
 1870              	.LASF56:
 1871 0323 76657269 		.ascii	"verify_erase\000"
 1871      66795F65 
 1871      72617365 
 1871      00
 1872              	.LASF3:
 1873 0330 7369676E 		.ascii	"signed char\000"
 1873      65642063 
 1873      68617200 
 1874              	.LASF47:
 1875 033c 61646472 		.ascii	"address\000"
 1875      65737300 
 1876              	.LASF46:
 1877 0344 73656374 		.ascii	"sectors_size\000"
 1877      6F72735F 
 1877      73697A65 
 1877      00
 1878              	.LASF26:
 1879 0351 464C4153 		.ascii	"FLASH_ERASE\000"
 1879      485F4552 
 1879      41534500 
 1880              	.LASF0:
 1881 035d 756E7369 		.ascii	"unsigned int\000"
 1881      676E6564 
 1881      20696E74 
 1881      00
 1882              	.LASF48:
 1883 036a 666C6173 		.ascii	"flash_descriptor_t\000"
 1883      685F6465 
 1883      73637269 
 1883      70746F72 
 1883      5F7400
 1884              	.LASF29:
 1885 037d 464C4153 		.ascii	"FLASH_BUSY_ERASING\000"
 1885      485F4255 
 1885      53595F45 
 1885      52415349 
 1885      4E4700
 1886              	.LASF30:
 1887 0390 464C4153 		.ascii	"FLASH_ERROR_READ\000"
 1887      485F4552 
 1887      524F525F 
 1887      52454144 
 1887      00
 1888              	.LASF8:
 1889 03a1 73686F72 		.ascii	"short unsigned int\000"
 1889      7420756E 
 1889      7369676E 
 1889      65642069 
 1889      6E7400
 1890              	.LASF39:
 1891 03b4 6F666673 		.ascii	"offset\000"
ARM GAS  C:\Users\DEVELO~1\AppData\Local\Temp\cc6SmHkZ.s 			page 37


 1891      657400
 1892              	.LASF28:
 1893 03bb 464C4153 		.ascii	"FLASH_NO_ERROR\000"
 1893      485F4E4F 
 1893      5F455252 
 1893      4F5200
 1894              	.LASF81:
 1895 03ca 6F73616C 		.ascii	"osalThreadSleep\000"
 1895      54687265 
 1895      6164536C 
 1895      65657000 
 1896              	.LASF17:
 1897 03da 63686172 		.ascii	"char\000"
 1897      00
 1898              	.LASF37:
 1899 03df 666C6173 		.ascii	"flash_offset_t\000"
 1899      685F6F66 
 1899      66736574 
 1899      5F7400
 1900              	.LASF9:
 1901 03ee 6C6F6E67 		.ascii	"long int\000"
 1901      20696E74 
 1901      00
 1902              	.LASF24:
 1903 03f7 464C4153 		.ascii	"FLASH_READ\000"
 1903      485F5245 
 1903      414400
 1904              	.LASF4:
 1905 0402 73697A65 		.ascii	"size_t\000"
 1905      5F7400
 1906              	.LASF20:
 1907 0409 5F426F6F 		.ascii	"_Bool\000"
 1907      6C00
 1908              	.LASF18:
 1909 040f 73797369 		.ascii	"sysinterval_t\000"
 1909      6E746572 
 1909      76616C5F 
 1909      7400
 1910              	.LASF12:
 1911 041d 5F5F7569 		.ascii	"__uint64_t\000"
 1911      6E743634 
 1911      5F7400
 1912              	.LASF21:
 1913 0428 464C4153 		.ascii	"FLASH_UNINIT\000"
 1913      485F554E 
 1913      494E4954 
 1913      00
 1914              	.LASF11:
 1915 0435 6C6F6E67 		.ascii	"long unsigned int\000"
 1915      20756E73 
 1915      69676E65 
 1915      6420696E 
 1915      7400
 1916              	.LASF72:
 1917 0447 666C6173 		.ascii	"flashGetSectorOffset\000"
 1917      68476574 
 1917      53656374 
ARM GAS  C:\Users\DEVELO~1\AppData\Local\Temp\cc6SmHkZ.s 			page 38


 1917      6F724F66 
 1917      66736574 
 1918              	.LASF45:
 1919 045c 73656374 		.ascii	"sectors\000"
 1919      6F727300 
 1920              	.LASF69:
 1921 0464 73656374 		.ascii	"sector_start\000"
 1921      6F725F73 
 1921      74617274 
 1921      00
 1922              	.LASF40:
 1923 0471 73697A65 		.ascii	"size\000"
 1923      00
 1924              	.LASF23:
 1925 0476 464C4153 		.ascii	"FLASH_READY\000"
 1925      485F5245 
 1925      41445900 
 1926              	.LASF25:
 1927 0482 464C4153 		.ascii	"FLASH_PGM\000"
 1927      485F5047 
 1927      4D00
 1928              	.LASF61:
 1929 048c 64657670 		.ascii	"devp\000"
 1929      00
 1930              	.LASF19:
 1931 0491 74696D65 		.ascii	"time_conv_t\000"
 1931      5F636F6E 
 1931      765F7400 
 1932              	.LASF31:
 1933 049d 464C4153 		.ascii	"FLASH_ERROR_PROGRAM\000"
 1933      485F4552 
 1933      524F525F 
 1933      50524F47 
 1933      52414D00 
 1934              	.LASF33:
 1935 04b1 464C4153 		.ascii	"FLASH_ERROR_VERIFY\000"
 1935      485F4552 
 1935      524F525F 
 1935      56455249 
 1935      465900
 1936              	.LASF70:
 1937 04c4 73656374 		.ascii	"sector_end\000"
 1937      6F725F65 
 1937      6E6400
 1938              	.LASF60:
 1939 04cf 42617365 		.ascii	"BaseFlash\000"
 1939      466C6173 
 1939      6800
 1940              	.LASF34:
 1941 04d9 464C4153 		.ascii	"FLASH_ERROR_HW_FAILURE\000"
 1941      485F4552 
 1941      524F525F 
 1941      48575F46 
 1941      41494C55 
 1942              	.LASF74:
 1943 04f0 6D736563 		.ascii	"msec\000"
 1943      00
ARM GAS  C:\Users\DEVELO~1\AppData\Local\Temp\cc6SmHkZ.s 			page 39


 1944              	.LASF22:
 1945 04f5 464C4153 		.ascii	"FLASH_STOP\000"
 1945      485F5354 
 1945      4F5000
 1946              	.LASF44:
 1947 0500 73656374 		.ascii	"sectors_count\000"
 1947      6F72735F 
 1947      636F756E 
 1947      7400
 1948              	.LASF65:
 1949 050e 64657363 		.ascii	"descriptor\000"
 1949      72697074 
 1949      6F7200
 1950              		.ident	"GCC: (Arm GNU Toolchain 11.3.Rel1) 11.3.1 20220712"
ARM GAS  C:\Users\DEVELO~1\AppData\Local\Temp\cc6SmHkZ.s 			page 40


DEFINED SYMBOLS
                            *ABS*:00000000 hal_flash.c
C:\Users\DEVELO~1\AppData\Local\Temp\cc6SmHkZ.s:18     .text.osalThreadSleep:00000000 $t
C:\Users\DEVELO~1\AppData\Local\Temp\cc6SmHkZ.s:23     .text.osalThreadSleep:00000000 osalThreadSleep
C:\Users\DEVELO~1\AppData\Local\Temp\cc6SmHkZ.s:55     .text.flashWaitErase:00000000 $t
C:\Users\DEVELO~1\AppData\Local\Temp\cc6SmHkZ.s:61     .text.flashWaitErase:00000000 flashWaitErase
C:\Users\DEVELO~1\AppData\Local\Temp\cc6SmHkZ.s:180    .text.flashGetSectorOffset:00000000 $t
C:\Users\DEVELO~1\AppData\Local\Temp\cc6SmHkZ.s:186    .text.flashGetSectorOffset:00000000 flashGetSectorOffset
C:\Users\DEVELO~1\AppData\Local\Temp\cc6SmHkZ.s:250    .text.flashGetSectorSize:00000000 $t
C:\Users\DEVELO~1\AppData\Local\Temp\cc6SmHkZ.s:256    .text.flashGetSectorSize:00000000 flashGetSectorSize
C:\Users\DEVELO~1\AppData\Local\Temp\cc6SmHkZ.s:317    .text.flashGetOffsetSector:00000000 $t
C:\Users\DEVELO~1\AppData\Local\Temp\cc6SmHkZ.s:323    .text.flashGetOffsetSector:00000000 flashGetOffsetSector
C:\Users\DEVELO~1\AppData\Local\Temp\cc6SmHkZ.s:443    .text.flashGetOffsetAddress:00000000 $t
C:\Users\DEVELO~1\AppData\Local\Temp\cc6SmHkZ.s:449    .text.flashGetOffsetAddress:00000000 flashGetOffsetAddress
C:\Users\DEVELO~1\AppData\Local\Temp\cc6SmHkZ.s:491    .text.flashGetAddressOffset:00000000 $t
C:\Users\DEVELO~1\AppData\Local\Temp\cc6SmHkZ.s:497    .text.flashGetAddressOffset:00000000 flashGetAddressOffset

UNDEFINED SYMBOLS
chThdSleep
__aeabi_uldivmod
