ARM GAS  C:\Users\DEVELO~1\AppData\Local\Temp\ccMJoCDU.s 			page 1


   1              		.cpu cortex-m7
   2              		.arch armv7e-m
   3              		.fpu softvfp
   4              		.eabi_attribute 20, 1
   5              		.eabi_attribute 21, 1
   6              		.eabi_attribute 23, 3
   7              		.eabi_attribute 24, 1
   8              		.eabi_attribute 25, 1
   9              		.eabi_attribute 26, 1
  10              		.eabi_attribute 30, 6
  11              		.eabi_attribute 34, 1
  12              		.eabi_attribute 18, 4
  13              		.file	"hal_community.c"
  14              		.text
  15              	.Ltext0:
  16              		.cfi_sections	.debug_frame
  17              		.section	.text.halCommunityInit,"ax",%progbits
  18              		.align	1
  19              		.global	halCommunityInit
  20              		.syntax unified
  21              		.thumb
  22              		.thumb_func
  23              		.type	halCommunityInit, %function
  24              	halCommunityInit:
  25              	.LFB432:
  26              		.file 1 "../../../ChibiOS-Contrib-chibios-21.11.x/os/hal/src/hal_community.c"
  27              		.loc 1 54 29
  28              		.cfi_startproc
  29              		@ args = 0, pretend = 0, frame = 0
  30              		@ frame_needed = 1, uses_anonymous_args = 0
  31 0000 80B5     		push	{r7, lr}
  32              		.cfi_def_cfa_offset 8
  33              		.cfi_offset 7, -8
  34              		.cfi_offset 14, -4
  35 0002 00AF     		add	r7, sp, #0
  36              		.cfi_def_cfa_register 7
  37              		.loc 1 89 3
  38 0004 FFF7FEFF 		bl	fsmcInit
  39              		.loc 1 91 1
  40 0008 00BF     		nop
  41 000a 80BD     		pop	{r7, pc}
  42              		.cfi_endproc
  43              	.LFE432:
  44              		.size	halCommunityInit, .-halCommunityInit
  45              		.text
  46              	.Letext0:
  47              		.file 2 "../../../ChibiOS-Contrib-chibios-21.11.x/os/hal/include/hal_fsmc.h"
  48              		.section	.debug_info,"",%progbits
  49              	.Ldebug_info0:
  50 0000 99000000 		.4byte	0x99
  51 0004 0500     		.2byte	0x5
  52 0006 01       		.byte	0x1
  53 0007 04       		.byte	0x4
  54 0008 00000000 		.4byte	.Ldebug_abbrev0
  55 000c 02       		.uleb128 0x2
  56 000d B6000000 		.4byte	.LASF12
  57 0011 1D       		.byte	0x1d
ARM GAS  C:\Users\DEVELO~1\AppData\Local\Temp\ccMJoCDU.s 			page 2


  58 0012 93010000 		.4byte	.LASF13
  59 0016 1B000000 		.4byte	.LASF14
  60 001a 0C000000 		.4byte	.LLRL0
  61 001e 00000000 		.4byte	0
  62 0022 00000000 		.4byte	.Ldebug_line0
  63 0026 03       		.uleb128 0x3
  64 0027 04       		.byte	0x4
  65 0028 05       		.byte	0x5
  66 0029 696E7400 		.ascii	"int\000"
  67 002d 01       		.uleb128 0x1
  68 002e 04       		.byte	0x4
  69 002f 07       		.byte	0x7
  70 0030 0E000000 		.4byte	.LASF0
  71 0034 01       		.uleb128 0x1
  72 0035 08       		.byte	0x8
  73 0036 05       		.byte	0x5
  74 0037 00000000 		.4byte	.LASF1
  75 003b 01       		.uleb128 0x1
  76 003c 08       		.byte	0x8
  77 003d 04       		.byte	0x4
  78 003e 7D010000 		.4byte	.LASF2
  79 0042 01       		.uleb128 0x1
  80 0043 01       		.byte	0x1
  81 0044 06       		.byte	0x6
  82 0045 D7010000 		.4byte	.LASF3
  83 0049 01       		.uleb128 0x1
  84 004a 01       		.byte	0x1
  85 004b 08       		.byte	0x8
  86 004c A3000000 		.4byte	.LASF4
  87 0050 01       		.uleb128 0x1
  88 0051 02       		.byte	0x2
  89 0052 05       		.byte	0x5
  90 0053 89010000 		.4byte	.LASF5
  91 0057 01       		.uleb128 0x1
  92 0058 02       		.byte	0x2
  93 0059 07       		.byte	0x7
  94 005a 50010000 		.4byte	.LASF6
  95 005e 01       		.uleb128 0x1
  96 005f 04       		.byte	0x4
  97 0060 05       		.byte	0x5
  98 0061 47010000 		.4byte	.LASF7
  99 0065 01       		.uleb128 0x1
 100 0066 04       		.byte	0x4
 101 0067 07       		.byte	0x7
 102 0068 7A000000 		.4byte	.LASF8
 103 006c 01       		.uleb128 0x1
 104 006d 08       		.byte	0x8
 105 006e 07       		.byte	0x7
 106 006f 8C000000 		.4byte	.LASF9
 107 0073 01       		.uleb128 0x1
 108 0074 01       		.byte	0x1
 109 0075 08       		.byte	0x8
 110 0076 B1000000 		.4byte	.LASF10
 111 007a 01       		.uleb128 0x1
 112 007b 01       		.byte	0x1
 113 007c 02       		.byte	0x2
 114 007d 41010000 		.4byte	.LASF11
ARM GAS  C:\Users\DEVELO~1\AppData\Local\Temp\ccMJoCDU.s 			page 3


 115 0081 04       		.uleb128 0x4
 116 0082 74010000 		.4byte	.LASF15
 117 0086 02       		.byte	0x2
 118 0087 6301     		.2byte	0x163
 119 0089 08       		.byte	0x8
 120 008a 05       		.uleb128 0x5
 121 008b 63010000 		.4byte	.LASF16
 122 008f 01       		.byte	0x1
 123 0090 36       		.byte	0x36
 124 0091 06       		.byte	0x6
 125 0092 00000000 		.4byte	.LFB432
 126 0096 0C000000 		.4byte	.LFE432-.LFB432
 127 009a 01       		.uleb128 0x1
 128 009b 9C       		.byte	0x9c
 129 009c 00       		.byte	0
 130              		.section	.debug_abbrev,"",%progbits
 131              	.Ldebug_abbrev0:
 132 0000 01       		.uleb128 0x1
 133 0001 24       		.uleb128 0x24
 134 0002 00       		.byte	0
 135 0003 0B       		.uleb128 0xb
 136 0004 0B       		.uleb128 0xb
 137 0005 3E       		.uleb128 0x3e
 138 0006 0B       		.uleb128 0xb
 139 0007 03       		.uleb128 0x3
 140 0008 0E       		.uleb128 0xe
 141 0009 00       		.byte	0
 142 000a 00       		.byte	0
 143 000b 02       		.uleb128 0x2
 144 000c 11       		.uleb128 0x11
 145 000d 01       		.byte	0x1
 146 000e 25       		.uleb128 0x25
 147 000f 0E       		.uleb128 0xe
 148 0010 13       		.uleb128 0x13
 149 0011 0B       		.uleb128 0xb
 150 0012 03       		.uleb128 0x3
 151 0013 0E       		.uleb128 0xe
 152 0014 1B       		.uleb128 0x1b
 153 0015 0E       		.uleb128 0xe
 154 0016 55       		.uleb128 0x55
 155 0017 17       		.uleb128 0x17
 156 0018 11       		.uleb128 0x11
 157 0019 01       		.uleb128 0x1
 158 001a 10       		.uleb128 0x10
 159 001b 17       		.uleb128 0x17
 160 001c 00       		.byte	0
 161 001d 00       		.byte	0
 162 001e 03       		.uleb128 0x3
 163 001f 24       		.uleb128 0x24
 164 0020 00       		.byte	0
 165 0021 0B       		.uleb128 0xb
 166 0022 0B       		.uleb128 0xb
 167 0023 3E       		.uleb128 0x3e
 168 0024 0B       		.uleb128 0xb
 169 0025 03       		.uleb128 0x3
 170 0026 08       		.uleb128 0x8
 171 0027 00       		.byte	0
ARM GAS  C:\Users\DEVELO~1\AppData\Local\Temp\ccMJoCDU.s 			page 4


 172 0028 00       		.byte	0
 173 0029 04       		.uleb128 0x4
 174 002a 2E       		.uleb128 0x2e
 175 002b 00       		.byte	0
 176 002c 3F       		.uleb128 0x3f
 177 002d 19       		.uleb128 0x19
 178 002e 03       		.uleb128 0x3
 179 002f 0E       		.uleb128 0xe
 180 0030 3A       		.uleb128 0x3a
 181 0031 0B       		.uleb128 0xb
 182 0032 3B       		.uleb128 0x3b
 183 0033 05       		.uleb128 0x5
 184 0034 39       		.uleb128 0x39
 185 0035 0B       		.uleb128 0xb
 186 0036 27       		.uleb128 0x27
 187 0037 19       		.uleb128 0x19
 188 0038 3C       		.uleb128 0x3c
 189 0039 19       		.uleb128 0x19
 190 003a 00       		.byte	0
 191 003b 00       		.byte	0
 192 003c 05       		.uleb128 0x5
 193 003d 2E       		.uleb128 0x2e
 194 003e 00       		.byte	0
 195 003f 3F       		.uleb128 0x3f
 196 0040 19       		.uleb128 0x19
 197 0041 03       		.uleb128 0x3
 198 0042 0E       		.uleb128 0xe
 199 0043 3A       		.uleb128 0x3a
 200 0044 0B       		.uleb128 0xb
 201 0045 3B       		.uleb128 0x3b
 202 0046 0B       		.uleb128 0xb
 203 0047 39       		.uleb128 0x39
 204 0048 0B       		.uleb128 0xb
 205 0049 27       		.uleb128 0x27
 206 004a 19       		.uleb128 0x19
 207 004b 11       		.uleb128 0x11
 208 004c 01       		.uleb128 0x1
 209 004d 12       		.uleb128 0x12
 210 004e 06       		.uleb128 0x6
 211 004f 40       		.uleb128 0x40
 212 0050 18       		.uleb128 0x18
 213 0051 7C       		.uleb128 0x7c
 214 0052 19       		.uleb128 0x19
 215 0053 00       		.byte	0
 216 0054 00       		.byte	0
 217 0055 00       		.byte	0
 218              		.section	.debug_aranges,"",%progbits
 219 0000 1C000000 		.4byte	0x1c
 220 0004 0200     		.2byte	0x2
 221 0006 00000000 		.4byte	.Ldebug_info0
 222 000a 04       		.byte	0x4
 223 000b 00       		.byte	0
 224 000c 0000     		.2byte	0
 225 000e 0000     		.2byte	0
 226 0010 00000000 		.4byte	.LFB432
 227 0014 0C000000 		.4byte	.LFE432-.LFB432
 228 0018 00000000 		.4byte	0
ARM GAS  C:\Users\DEVELO~1\AppData\Local\Temp\ccMJoCDU.s 			page 5


 229 001c 00000000 		.4byte	0
 230              		.section	.debug_rnglists,"",%progbits
 231              	.Ldebug_ranges0:
 232 0000 0F000000 		.4byte	.Ldebug_ranges3-.Ldebug_ranges2
 233              	.Ldebug_ranges2:
 234 0004 0500     		.2byte	0x5
 235 0006 04       		.byte	0x4
 236 0007 00       		.byte	0
 237 0008 00000000 		.4byte	0
 238              	.LLRL0:
 239 000c 07       		.byte	0x7
 240 000d 00000000 		.4byte	.LFB432
 241 0011 0C       		.uleb128 .LFE432-.LFB432
 242 0012 00       		.byte	0
 243              	.Ldebug_ranges3:
 244              		.section	.debug_line,"",%progbits
 245              	.Ldebug_line0:
 246 0000 BF000000 		.section	.debug_str,"MS",%progbits,1
 246      0300A000 
 246      00000201 
 246      FB0E0D00 
 246      01010101 
 247              	.LASF1:
 248 0000 6C6F6E67 		.ascii	"long long int\000"
 248      206C6F6E 
 248      6720696E 
 248      7400
 249              	.LASF0:
 250 000e 756E7369 		.ascii	"unsigned int\000"
 250      676E6564 
 250      20696E74 
 250      00
 251              	.LASF14:
 252 001b 433A5C50 		.ascii	"C:\\PROJET\\ChibiOS project\\ChibiOS_21.11.4\\demos"
 252      524F4A45 
 252      545C4368 
 252      6962694F 
 252      53207072 
 253 004a 5C53544D 		.ascii	"\\STM32\\RT-STM32H743ZI_REV_XY-NUCLEO144_Quartz8M\000"
 253      33325C52 
 253      542D5354 
 253      4D333248 
 253      3734335A 
 254              	.LASF8:
 255 007a 6C6F6E67 		.ascii	"long unsigned int\000"
 255      20756E73 
 255      69676E65 
 255      6420696E 
 255      7400
 256              	.LASF9:
 257 008c 6C6F6E67 		.ascii	"long long unsigned int\000"
 257      206C6F6E 
 257      6720756E 
 257      7369676E 
 257      65642069 
 258              	.LASF4:
 259 00a3 756E7369 		.ascii	"unsigned char\000"
ARM GAS  C:\Users\DEVELO~1\AppData\Local\Temp\ccMJoCDU.s 			page 6


 259      676E6564 
 259      20636861 
 259      7200
 260              	.LASF10:
 261 00b1 63686172 		.ascii	"char\000"
 261      00
 262              	.LASF12:
 263 00b6 474E5520 		.ascii	"GNU C17 11.3.1 20220712 -mcpu=cortex-m7 -mthumb -mf"
 263      43313720 
 263      31312E33 
 263      2E312032 
 263      30323230 
 264 00e9 6C6F6174 		.ascii	"loat-abi=soft -march=armv7e-m -ggdb -O0 -ffunction-"
 264      2D616269 
 264      3D736F66 
 264      74202D6D 
 264      61726368 
 265 011c 73656374 		.ascii	"sections -fdata-sections -fno-common\000"
 265      696F6E73 
 265      202D6664 
 265      6174612D 
 265      73656374 
 266              	.LASF11:
 267 0141 5F426F6F 		.ascii	"_Bool\000"
 267      6C00
 268              	.LASF7:
 269 0147 6C6F6E67 		.ascii	"long int\000"
 269      20696E74 
 269      00
 270              	.LASF6:
 271 0150 73686F72 		.ascii	"short unsigned int\000"
 271      7420756E 
 271      7369676E 
 271      65642069 
 271      6E7400
 272              	.LASF16:
 273 0163 68616C43 		.ascii	"halCommunityInit\000"
 273      6F6D6D75 
 273      6E697479 
 273      496E6974 
 273      00
 274              	.LASF15:
 275 0174 66736D63 		.ascii	"fsmcInit\000"
 275      496E6974 
 275      00
 276              	.LASF2:
 277 017d 6C6F6E67 		.ascii	"long double\000"
 277      20646F75 
 277      626C6500 
 278              	.LASF5:
 279 0189 73686F72 		.ascii	"short int\000"
 279      7420696E 
 279      7400
 280              	.LASF13:
 281 0193 2E2E2F2E 		.ascii	"../../../ChibiOS-Contrib-chibios-21.11.x/os/hal/src"
 281      2E2F2E2E 
 281      2F436869 
ARM GAS  C:\Users\DEVELO~1\AppData\Local\Temp\ccMJoCDU.s 			page 7


 281      62694F53 
 281      2D436F6E 
 282 01c6 2F68616C 		.ascii	"/hal_community.c\000"
 282      5F636F6D 
 282      6D756E69 
 282      74792E63 
 282      00
 283              	.LASF3:
 284 01d7 7369676E 		.ascii	"signed char\000"
 284      65642063 
 284      68617200 
 285              		.ident	"GCC: (Arm GNU Toolchain 11.3.Rel1) 11.3.1 20220712"
ARM GAS  C:\Users\DEVELO~1\AppData\Local\Temp\ccMJoCDU.s 			page 8


DEFINED SYMBOLS
                            *ABS*:00000000 hal_community.c
C:\Users\DEVELO~1\AppData\Local\Temp\ccMJoCDU.s:18     .text.halCommunityInit:00000000 $t
C:\Users\DEVELO~1\AppData\Local\Temp\ccMJoCDU.s:24     .text.halCommunityInit:00000000 halCommunityInit

UNDEFINED SYMBOLS
fsmcInit
