ARM GAS  C:\Users\DEVELO~1\AppData\Local\Temp\ccYeS4b5.s 			page 1


   1              		.cpu cortex-m7
   2              		.arch armv7e-m
   3              		.fpu softvfp
   4              		.eabi_attribute 20, 1
   5              		.eabi_attribute 21, 1
   6              		.eabi_attribute 23, 3
   7              		.eabi_attribute 24, 1
   8              		.eabi_attribute 25, 1
   9              		.eabi_attribute 26, 1
  10              		.eabi_attribute 30, 6
  11              		.eabi_attribute 34, 1
  12              		.eabi_attribute 18, 4
  13              		.file	"hal_pal.c"
  14              		.text
  15              	.Ltext0:
  16              		.cfi_sections	.debug_frame
  17              		.section	.text.palReadBus,"ax",%progbits
  18              		.align	1
  19              		.global	palReadBus
  20              		.syntax unified
  21              		.thumb
  22              		.thumb_func
  23              		.type	palReadBus, %function
  24              	palReadBus:
  25              	.LFB432:
  26              		.file 1 "../../../os/hal/src/hal_pal.c"
  27              		.loc 1 65 43
  28              		.cfi_startproc
  29              		@ args = 0, pretend = 0, frame = 8
  30              		@ frame_needed = 1, uses_anonymous_args = 0
  31              		@ link register save eliminated.
  32 0000 80B4     		push	{r7}
  33              		.cfi_def_cfa_offset 4
  34              		.cfi_offset 7, -4
  35 0002 83B0     		sub	sp, sp, #12
  36              		.cfi_def_cfa_offset 16
  37 0004 00AF     		add	r7, sp, #0
  38              		.cfi_def_cfa_register 7
  39 0006 7860     		str	r0, [r7, #4]
  40              		.loc 1 69 10
  41 0008 7B68     		ldr	r3, [r7, #4]
  42 000a 1B68     		ldr	r3, [r3]
  43 000c 1A69     		ldr	r2, [r3, #16]
  44 000e 7B68     		ldr	r3, [r7, #4]
  45 0010 9B68     		ldr	r3, [r3, #8]
  46 0012 DA40     		lsrs	r2, r2, r3
  47 0014 7B68     		ldr	r3, [r7, #4]
  48 0016 5B68     		ldr	r3, [r3, #4]
  49 0018 1340     		ands	r3, r3, r2
  50              		.loc 1 70 1
  51 001a 1846     		mov	r0, r3
  52 001c 0C37     		adds	r7, r7, #12
  53              		.cfi_def_cfa_offset 4
  54 001e BD46     		mov	sp, r7
  55              		.cfi_def_cfa_register 13
  56              		@ sp needed
  57 0020 80BC     		pop	{r7}
ARM GAS  C:\Users\DEVELO~1\AppData\Local\Temp\ccYeS4b5.s 			page 2


  58              		.cfi_restore 7
  59              		.cfi_def_cfa_offset 0
  60 0022 7047     		bx	lr
  61              		.cfi_endproc
  62              	.LFE432:
  63              		.size	palReadBus, .-palReadBus
  64              		.section	.text.palWriteBus,"ax",%progbits
  65              		.align	1
  66              		.global	palWriteBus
  67              		.syntax unified
  68              		.thumb
  69              		.thumb_func
  70              		.type	palWriteBus, %function
  71              	palWriteBus:
  72              	.LFB433:
  73              		.loc 1 90 55
  74              		.cfi_startproc
  75              		@ args = 0, pretend = 0, frame = 16
  76              		@ frame_needed = 1, uses_anonymous_args = 0
  77              		@ link register save eliminated.
  78 0000 80B4     		push	{r7}
  79              		.cfi_def_cfa_offset 4
  80              		.cfi_offset 7, -4
  81 0002 85B0     		sub	sp, sp, #20
  82              		.cfi_def_cfa_offset 24
  83 0004 00AF     		add	r7, sp, #0
  84              		.cfi_def_cfa_register 7
  85 0006 7860     		str	r0, [r7, #4]
  86 0008 3960     		str	r1, [r7]
  87              	.LBB2:
  88              		.loc 1 94 3
  89 000a 3B68     		ldr	r3, [r7]
  90 000c DA43     		mvns	r2, r3
  91 000e 7B68     		ldr	r3, [r7, #4]
  92 0010 5B68     		ldr	r3, [r3, #4]
  93 0012 1A40     		ands	r2, r2, r3
  94 0014 7B68     		ldr	r3, [r7, #4]
  95 0016 9B68     		ldr	r3, [r3, #8]
  96 0018 1033     		adds	r3, r3, #16
  97 001a 9A40     		lsls	r2, r2, r3
  98 001c 7B68     		ldr	r3, [r7, #4]
  99 001e 5968     		ldr	r1, [r3, #4]
 100 0020 3B68     		ldr	r3, [r7]
 101 0022 1940     		ands	r1, r1, r3
 102 0024 7B68     		ldr	r3, [r7, #4]
 103 0026 9B68     		ldr	r3, [r3, #8]
 104 0028 01FA03F3 		lsl	r3, r1, r3
 105 002c 1343     		orrs	r3, r3, r2
 106 002e FB60     		str	r3, [r7, #12]
 107 0030 7B68     		ldr	r3, [r7, #4]
 108 0032 1B68     		ldr	r3, [r3]
 109 0034 FA68     		ldr	r2, [r7, #12]
 110 0036 9A61     		str	r2, [r3, #24]
 111              	.LBE2:
 112              		.loc 1 95 1
 113 0038 00BF     		nop
 114 003a 1437     		adds	r7, r7, #20
ARM GAS  C:\Users\DEVELO~1\AppData\Local\Temp\ccYeS4b5.s 			page 3


 115              		.cfi_def_cfa_offset 4
 116 003c BD46     		mov	sp, r7
 117              		.cfi_def_cfa_register 13
 118              		@ sp needed
 119 003e 80BC     		pop	{r7}
 120              		.cfi_restore 7
 121              		.cfi_def_cfa_offset 0
 122 0040 7047     		bx	lr
 123              		.cfi_endproc
 124              	.LFE433:
 125              		.size	palWriteBus, .-palWriteBus
 126              		.section	.text.palSetBusMode,"ax",%progbits
 127              		.align	1
 128              		.global	palSetBusMode
 129              		.syntax unified
 130              		.thumb
 131              		.thumb_func
 132              		.type	palSetBusMode, %function
 133              	palSetBusMode:
 134              	.LFB434:
 135              		.loc 1 113 53
 136              		.cfi_startproc
 137              		@ args = 0, pretend = 0, frame = 8
 138              		@ frame_needed = 1, uses_anonymous_args = 0
 139 0000 80B5     		push	{r7, lr}
 140              		.cfi_def_cfa_offset 8
 141              		.cfi_offset 7, -8
 142              		.cfi_offset 14, -4
 143 0002 82B0     		sub	sp, sp, #8
 144              		.cfi_def_cfa_offset 16
 145 0004 00AF     		add	r7, sp, #0
 146              		.cfi_def_cfa_register 7
 147 0006 7860     		str	r0, [r7, #4]
 148 0008 3960     		str	r1, [r7]
 149              		.loc 1 117 3
 150 000a 7B68     		ldr	r3, [r7, #4]
 151 000c 1868     		ldr	r0, [r3]
 152 000e 7B68     		ldr	r3, [r7, #4]
 153 0010 5A68     		ldr	r2, [r3, #4]
 154 0012 7B68     		ldr	r3, [r7, #4]
 155 0014 9B68     		ldr	r3, [r3, #8]
 156 0016 02FA03F3 		lsl	r3, r2, r3
 157 001a 3A68     		ldr	r2, [r7]
 158 001c 1946     		mov	r1, r3
 159 001e FFF7FEFF 		bl	_pal_lld_setgroupmode
 160              		.loc 1 118 1
 161 0022 00BF     		nop
 162 0024 0837     		adds	r7, r7, #8
 163              		.cfi_def_cfa_offset 8
 164 0026 BD46     		mov	sp, r7
 165              		.cfi_def_cfa_register 13
 166              		@ sp needed
 167 0028 80BD     		pop	{r7, pc}
 168              		.cfi_endproc
 169              	.LFE434:
 170              		.size	palSetBusMode, .-palSetBusMode
 171              		.text
ARM GAS  C:\Users\DEVELO~1\AppData\Local\Temp\ccYeS4b5.s 			page 4


 172              	.Letext0:
 173              		.file 2 "c:\\chibistudio\\tools\\gnu tools arm embedded\\11.3 2022.08\\arm-none-eabi\\include\\mac
 174              		.file 3 "c:\\chibistudio\\tools\\gnu tools arm embedded\\11.3 2022.08\\arm-none-eabi\\include\\sys
 175              		.file 4 "c:\\chibistudio\\tools\\gnu tools arm embedded\\11.3 2022.08\\arm-none-eabi\\include\\std
 176              		.file 5 "../../../os/hal/ports/STM32/LLD/GPIOv2/stm32_gpio.h"
 177              		.file 6 "../../../os/hal/ports/STM32/LLD/GPIOv2/hal_pal_lld.h"
 178              		.file 7 "../../../os/hal/include/hal_pal.h"
 179              		.section	.debug_info,"",%progbits
 180              	.Ldebug_info0:
 181 0000 28030000 		.4byte	0x328
 182 0004 0500     		.2byte	0x5
 183 0006 01       		.byte	0x1
 184 0007 04       		.byte	0x4
 185 0008 00000000 		.4byte	.Ldebug_abbrev0
 186 000c 10       		.uleb128 0x10
 187 000d 48010000 		.4byte	.LASF39
 188 0011 1D       		.byte	0x1d
 189 0012 35020000 		.4byte	.LASF40
 190 0016 D3000000 		.4byte	.LASF41
 191 001a 0C000000 		.4byte	.LLRL0
 192 001e 00000000 		.4byte	0
 193 0022 00000000 		.4byte	.Ldebug_line0
 194 0026 11       		.uleb128 0x11
 195 0027 04       		.byte	0x4
 196 0028 05       		.byte	0x5
 197 0029 696E7400 		.ascii	"int\000"
 198 002d 01       		.uleb128 0x1
 199 002e 04       		.byte	0x4
 200 002f 07       		.byte	0x7
 201 0030 E9010000 		.4byte	.LASF0
 202 0034 01       		.uleb128 0x1
 203 0035 08       		.byte	0x8
 204 0036 05       		.byte	0x5
 205 0037 00000000 		.4byte	.LASF1
 206 003b 01       		.uleb128 0x1
 207 003c 08       		.byte	0x8
 208 003d 04       		.byte	0x4
 209 003e 7F020000 		.4byte	.LASF2
 210 0042 01       		.uleb128 0x1
 211 0043 01       		.byte	0x1
 212 0044 06       		.byte	0x6
 213 0045 8B020000 		.4byte	.LASF3
 214 0049 01       		.uleb128 0x1
 215 004a 01       		.byte	0x1
 216 004b 08       		.byte	0x8
 217 004c 96000000 		.4byte	.LASF4
 218 0050 01       		.uleb128 0x1
 219 0051 02       		.byte	0x2
 220 0052 05       		.byte	0x5
 221 0053 3A000000 		.4byte	.LASF5
 222 0057 03       		.uleb128 0x3
 223 0058 32010000 		.4byte	.LASF8
 224 005c 02       		.byte	0x2
 225 005d 39       		.byte	0x39
 226 005e 19       		.byte	0x19
 227 005f 63000000 		.4byte	0x63
 228 0063 01       		.uleb128 0x1
ARM GAS  C:\Users\DEVELO~1\AppData\Local\Temp\ccYeS4b5.s 			page 5


 229 0064 02       		.byte	0x2
 230 0065 07       		.byte	0x7
 231 0066 BB000000 		.4byte	.LASF6
 232 006a 01       		.uleb128 0x1
 233 006b 04       		.byte	0x4
 234 006c 05       		.byte	0x5
 235 006d 76020000 		.4byte	.LASF7
 236 0071 03       		.uleb128 0x3
 237 0072 3D010000 		.4byte	.LASF9
 238 0076 02       		.byte	0x2
 239 0077 4F       		.byte	0x4f
 240 0078 19       		.byte	0x19
 241 0079 7D000000 		.4byte	0x7d
 242 007d 01       		.uleb128 0x1
 243 007e 04       		.byte	0x4
 244 007f 07       		.byte	0x7
 245 0080 A9000000 		.4byte	.LASF10
 246 0084 01       		.uleb128 0x1
 247 0085 08       		.byte	0x8
 248 0086 07       		.byte	0x7
 249 0087 7F000000 		.4byte	.LASF11
 250 008b 03       		.uleb128 0x3
 251 008c 5E020000 		.4byte	.LASF12
 252 0090 03       		.byte	0x3
 253 0091 24       		.byte	0x24
 254 0092 14       		.byte	0x14
 255 0093 57000000 		.4byte	0x57
 256 0097 03       		.uleb128 0x3
 257 0098 6D020000 		.4byte	.LASF13
 258 009c 03       		.byte	0x3
 259 009d 30       		.byte	0x30
 260 009e 14       		.byte	0x14
 261 009f 71000000 		.4byte	0x71
 262 00a3 0C       		.uleb128 0xc
 263 00a4 97000000 		.4byte	0x97
 264 00a8 03       		.uleb128 0x3
 265 00a9 1C000000 		.4byte	.LASF14
 266 00ad 04       		.byte	0x4
 267 00ae 34       		.byte	0x34
 268 00af 1F       		.byte	0x1f
 269 00b0 2D000000 		.4byte	0x2d
 270 00b4 01       		.uleb128 0x1
 271 00b5 01       		.byte	0x1
 272 00b6 08       		.byte	0x8
 273 00b7 F6010000 		.4byte	.LASF15
 274 00bb 04       		.uleb128 0x4
 275 00bc B4000000 		.4byte	0xb4
 276 00c0 01       		.uleb128 0x1
 277 00c1 01       		.byte	0x1
 278 00c2 02       		.byte	0x2
 279 00c3 97020000 		.4byte	.LASF16
 280 00c7 05       		.uleb128 0x5
 281 00c8 04       		.byte	0x4
 282 00c9 05       		.byte	0x5
 283 00ca 5B       		.byte	0x5b
 284 00cb 05       		.byte	0x5
 285 00cc E9000000 		.4byte	0xe9
ARM GAS  C:\Users\DEVELO~1\AppData\Local\Temp\ccYeS4b5.s 			page 6


 286 00d0 06       		.uleb128 0x6
 287 00d1 73657400 		.ascii	"set\000"
 288 00d5 5C       		.byte	0x5c
 289 00d6 8B000000 		.4byte	0x8b
 290 00da 00       		.byte	0
 291 00db 02       		.uleb128 0x2
 292 00dc 67020000 		.4byte	.LASF17
 293 00e0 05       		.byte	0x5
 294 00e1 5D       		.byte	0x5d
 295 00e2 19       		.byte	0x19
 296 00e3 8B000000 		.4byte	0x8b
 297 00e7 02       		.byte	0x2
 298 00e8 00       		.byte	0
 299 00e9 12       		.uleb128 0x12
 300 00ea 04       		.byte	0x4
 301 00eb 05       		.byte	0x5
 302 00ec 59       		.byte	0x59
 303 00ed 0C       		.byte	0xc
 304 00ee 05010000 		.4byte	0x105
 305 00f2 0D       		.uleb128 0xd
 306 00f3 5700     		.ascii	"W\000"
 307 00f5 5A       		.byte	0x5a
 308 00f6 19       		.byte	0x19
 309 00f7 97000000 		.4byte	0x97
 310 00fb 0D       		.uleb128 0xd
 311 00fc 4800     		.ascii	"H\000"
 312 00fe 5E       		.byte	0x5e
 313 00ff 07       		.byte	0x7
 314 0100 C7000000 		.4byte	0xc7
 315 0104 00       		.byte	0
 316 0105 0C       		.uleb128 0xc
 317 0106 E9000000 		.4byte	0xe9
 318 010a 05       		.uleb128 0x5
 319 010b 28       		.byte	0x28
 320 010c 05       		.byte	0x5
 321 010d 51       		.byte	0x51
 322 010e 09       		.byte	0x9
 323 010f 92010000 		.4byte	0x192
 324 0113 02       		.uleb128 0x2
 325 0114 16000000 		.4byte	.LASF18
 326 0118 05       		.byte	0x5
 327 0119 53       		.byte	0x53
 328 011a 19       		.byte	0x19
 329 011b A3000000 		.4byte	0xa3
 330 011f 00       		.byte	0
 331 0120 02       		.uleb128 0x2
 332 0121 6F000000 		.4byte	.LASF19
 333 0125 05       		.byte	0x5
 334 0126 54       		.byte	0x54
 335 0127 19       		.byte	0x19
 336 0128 A3000000 		.4byte	0xa3
 337 012c 04       		.byte	0x4
 338 012d 02       		.uleb128 0x2
 339 012e 0E000000 		.4byte	.LASF20
 340 0132 05       		.byte	0x5
 341 0133 55       		.byte	0x55
 342 0134 19       		.byte	0x19
ARM GAS  C:\Users\DEVELO~1\AppData\Local\Temp\ccYeS4b5.s 			page 7


 343 0135 A3000000 		.4byte	0xa3
 344 0139 08       		.byte	0x8
 345 013a 02       		.uleb128 0x2
 346 013b 13020000 		.4byte	.LASF21
 347 013f 05       		.byte	0x5
 348 0140 56       		.byte	0x56
 349 0141 19       		.byte	0x19
 350 0142 A3000000 		.4byte	0xa3
 351 0146 0C       		.byte	0xc
 352 0147 06       		.uleb128 0x6
 353 0148 49445200 		.ascii	"IDR\000"
 354 014c 57       		.byte	0x57
 355 014d A3000000 		.4byte	0xa3
 356 0151 10       		.byte	0x10
 357 0152 06       		.uleb128 0x6
 358 0153 4F445200 		.ascii	"ODR\000"
 359 0157 58       		.byte	0x58
 360 0158 A3000000 		.4byte	0xa3
 361 015c 14       		.byte	0x14
 362 015d 02       		.uleb128 0x2
 363 015e 29000000 		.4byte	.LASF22
 364 0162 05       		.byte	0x5
 365 0163 5F       		.byte	0x5f
 366 0164 05       		.byte	0x5
 367 0165 05010000 		.4byte	0x105
 368 0169 18       		.byte	0x18
 369 016a 02       		.uleb128 0x2
 370 016b 00020000 		.4byte	.LASF23
 371 016f 05       		.byte	0x5
 372 0170 60       		.byte	0x60
 373 0171 19       		.byte	0x19
 374 0172 A3000000 		.4byte	0xa3
 375 0176 1C       		.byte	0x1c
 376 0177 02       		.uleb128 0x2
 377 0178 CE000000 		.4byte	.LASF24
 378 017c 05       		.byte	0x5
 379 017d 61       		.byte	0x61
 380 017e 19       		.byte	0x19
 381 017f A3000000 		.4byte	0xa3
 382 0183 20       		.byte	0x20
 383 0184 02       		.uleb128 0x2
 384 0185 A4000000 		.4byte	.LASF25
 385 0189 05       		.byte	0x5
 386 018a 62       		.byte	0x62
 387 018b 19       		.byte	0x19
 388 018c A3000000 		.4byte	0xa3
 389 0190 24       		.byte	0x24
 390 0191 00       		.byte	0
 391 0192 03       		.uleb128 0x3
 392 0193 06020000 		.4byte	.LASF26
 393 0197 05       		.byte	0x5
 394 0198 63       		.byte	0x63
 395 0199 03       		.byte	0x3
 396 019a 0A010000 		.4byte	0x10a
 397 019e 03       		.uleb128 0x3
 398 019f 59000000 		.4byte	.LASF27
 399 01a3 06       		.byte	0x6
ARM GAS  C:\Users\DEVELO~1\AppData\Local\Temp\ccYeS4b5.s 			page 8


 400 01a4 C2       		.byte	0xc2
 401 01a5 12       		.byte	0x12
 402 01a6 97000000 		.4byte	0x97
 403 01aa 03       		.uleb128 0x3
 404 01ab 76000000 		.4byte	.LASF28
 405 01af 06       		.byte	0x6
 406 01b0 C7       		.byte	0xc7
 407 01b1 12       		.byte	0x12
 408 01b2 97000000 		.4byte	0x97
 409 01b6 03       		.uleb128 0x3
 410 01b7 53020000 		.4byte	.LASF29
 411 01bb 06       		.byte	0x6
 412 01bc D9       		.byte	0xd9
 413 01bd 18       		.byte	0x18
 414 01be C2010000 		.4byte	0x1c2
 415 01c2 0E       		.uleb128 0xe
 416 01c3 92010000 		.4byte	0x192
 417 01c7 05       		.uleb128 0x5
 418 01c8 0C       		.byte	0xc
 419 01c9 07       		.byte	0x7
 420 01ca B7       		.byte	0xb7
 421 01cb 09       		.byte	0x9
 422 01cc F8010000 		.4byte	0x1f8
 423 01d0 02       		.uleb128 0x2
 424 01d1 52000000 		.4byte	.LASF30
 425 01d5 07       		.byte	0x7
 426 01d6 BB       		.byte	0xbb
 427 01d7 19       		.byte	0x19
 428 01d8 B6010000 		.4byte	0x1b6
 429 01dc 00       		.byte	0
 430 01dd 02       		.uleb128 0x2
 431 01de 24020000 		.4byte	.LASF31
 432 01e2 07       		.byte	0x7
 433 01e3 C1       		.byte	0xc1
 434 01e4 19       		.byte	0x19
 435 01e5 9E010000 		.4byte	0x19e
 436 01e9 04       		.byte	0x4
 437 01ea 02       		.uleb128 0x2
 438 01eb 2E020000 		.4byte	.LASF32
 439 01ef 07       		.byte	0x7
 440 01f0 C5       		.byte	0xc5
 441 01f1 19       		.byte	0x19
 442 01f2 A8000000 		.4byte	0xa8
 443 01f6 08       		.byte	0x8
 444 01f7 00       		.byte	0
 445 01f8 03       		.uleb128 0x3
 446 01f9 9D020000 		.4byte	.LASF33
 447 01fd 07       		.byte	0x7
 448 01fe C6       		.byte	0xc6
 449 01ff 03       		.byte	0x3
 450 0200 C7010000 		.4byte	0x1c7
 451 0204 04       		.uleb128 0x4
 452 0205 F8010000 		.4byte	0x1f8
 453 0209 13       		.uleb128 0x13
 454 020a D3010000 		.4byte	.LASF42
 455 020e 06       		.byte	0x6
 456 020f F301     		.2byte	0x1f3
ARM GAS  C:\Users\DEVELO~1\AppData\Local\Temp\ccYeS4b5.s 			page 9


 457 0211 08       		.byte	0x8
 458 0212 26020000 		.4byte	0x226
 459 0216 07       		.uleb128 0x7
 460 0217 B6010000 		.4byte	0x1b6
 461 021b 07       		.uleb128 0x7
 462 021c 9E010000 		.4byte	0x19e
 463 0220 07       		.uleb128 0x7
 464 0221 AA010000 		.4byte	0x1aa
 465 0225 00       		.byte	0
 466 0226 14       		.uleb128 0x14
 467 0227 44000000 		.4byte	.LASF35
 468 022b 01       		.byte	0x1
 469 022c 71       		.byte	0x71
 470 022d 06       		.byte	0x6
 471 022e 00000000 		.4byte	.LFB434
 472 0232 2A000000 		.4byte	.LFE434-.LFB434
 473 0236 01       		.uleb128 0x1
 474 0237 9C       		.byte	0x9c
 475 0238 62020000 		.4byte	0x262
 476 023c 08       		.uleb128 0x8
 477 023d 62757300 		.ascii	"bus\000"
 478 0241 71       		.byte	0x71
 479 0242 21       		.byte	0x21
 480 0243 62020000 		.4byte	0x262
 481 0247 02       		.uleb128 0x2
 482 0248 91       		.byte	0x91
 483 0249 74       		.sleb128 -12
 484 024a 0F       		.uleb128 0xf
 485 024b FB010000 		.4byte	.LASF34
 486 024f 71       		.byte	0x71
 487 0250 2F       		.byte	0x2f
 488 0251 AA010000 		.4byte	0x1aa
 489 0255 02       		.uleb128 0x2
 490 0256 91       		.byte	0x91
 491 0257 70       		.sleb128 -16
 492 0258 09       		.uleb128 0x9
 493 0259 66000000 		.4byte	.LASF38
 494 025d 77020000 		.4byte	0x277
 495 0261 00       		.byte	0
 496 0262 0E       		.uleb128 0xe
 497 0263 04020000 		.4byte	0x204
 498 0267 0A       		.uleb128 0xa
 499 0268 BB000000 		.4byte	0xbb
 500 026c 77020000 		.4byte	0x277
 501 0270 0B       		.uleb128 0xb
 502 0271 2D000000 		.4byte	0x2d
 503 0275 0D       		.byte	0xd
 504 0276 00       		.byte	0
 505 0277 04       		.uleb128 0x4
 506 0278 67020000 		.4byte	0x267
 507 027c 15       		.uleb128 0x15
 508 027d 2E000000 		.4byte	.LASF36
 509 0281 01       		.byte	0x1
 510 0282 5A       		.byte	0x5a
 511 0283 06       		.byte	0x6
 512 0284 00000000 		.4byte	.LFB433
 513 0288 42000000 		.4byte	.LFE433-.LFB433
ARM GAS  C:\Users\DEVELO~1\AppData\Local\Temp\ccYeS4b5.s 			page 10


 514 028c 01       		.uleb128 0x1
 515 028d 9C       		.byte	0x9c
 516 028e CF020000 		.4byte	0x2cf
 517 0292 08       		.uleb128 0x8
 518 0293 62757300 		.ascii	"bus\000"
 519 0297 5A       		.byte	0x5a
 520 0298 1F       		.byte	0x1f
 521 0299 62020000 		.4byte	0x262
 522 029d 02       		.uleb128 0x2
 523 029e 91       		.byte	0x91
 524 029f 6C       		.sleb128 -20
 525 02a0 0F       		.uleb128 0xf
 526 02a1 29020000 		.4byte	.LASF37
 527 02a5 5A       		.byte	0x5a
 528 02a6 31       		.byte	0x31
 529 02a7 9E010000 		.4byte	0x19e
 530 02ab 02       		.uleb128 0x2
 531 02ac 91       		.byte	0x91
 532 02ad 68       		.sleb128 -24
 533 02ae 09       		.uleb128 0x9
 534 02af 66000000 		.4byte	.LASF38
 535 02b3 DF020000 		.4byte	0x2df
 536 02b7 16       		.uleb128 0x16
 537 02b8 0A000000 		.4byte	.LBB2
 538 02bc 2E000000 		.4byte	.LBE2-.LBB2
 539 02c0 17       		.uleb128 0x17
 540 02c1 7700     		.ascii	"w\000"
 541 02c3 01       		.byte	0x1
 542 02c4 5E       		.byte	0x5e
 543 02c5 03       		.byte	0x3
 544 02c6 97000000 		.4byte	0x97
 545 02ca 02       		.uleb128 0x2
 546 02cb 91       		.byte	0x91
 547 02cc 74       		.sleb128 -12
 548 02cd 00       		.byte	0
 549 02ce 00       		.byte	0
 550 02cf 0A       		.uleb128 0xa
 551 02d0 BB000000 		.4byte	0xbb
 552 02d4 DF020000 		.4byte	0x2df
 553 02d8 0B       		.uleb128 0xb
 554 02d9 2D000000 		.4byte	0x2d
 555 02dd 0B       		.byte	0xb
 556 02de 00       		.byte	0
 557 02df 04       		.uleb128 0x4
 558 02e0 CF020000 		.4byte	0x2cf
 559 02e4 18       		.uleb128 0x18
 560 02e5 19020000 		.4byte	.LASF43
 561 02e9 01       		.byte	0x1
 562 02ea 41       		.byte	0x41
 563 02eb 0E       		.byte	0xe
 564 02ec 9E010000 		.4byte	0x19e
 565 02f0 00000000 		.4byte	.LFB432
 566 02f4 24000000 		.4byte	.LFE432-.LFB432
 567 02f8 01       		.uleb128 0x1
 568 02f9 9C       		.byte	0x9c
 569 02fa 16030000 		.4byte	0x316
 570 02fe 08       		.uleb128 0x8
ARM GAS  C:\Users\DEVELO~1\AppData\Local\Temp\ccYeS4b5.s 			page 11


 571 02ff 62757300 		.ascii	"bus\000"
 572 0303 41       		.byte	0x41
 573 0304 26       		.byte	0x26
 574 0305 62020000 		.4byte	0x262
 575 0309 02       		.uleb128 0x2
 576 030a 91       		.byte	0x91
 577 030b 74       		.sleb128 -12
 578 030c 09       		.uleb128 0x9
 579 030d 66000000 		.4byte	.LASF38
 580 0311 26030000 		.4byte	0x326
 581 0315 00       		.byte	0
 582 0316 0A       		.uleb128 0xa
 583 0317 BB000000 		.4byte	0xbb
 584 031b 26030000 		.4byte	0x326
 585 031f 0B       		.uleb128 0xb
 586 0320 2D000000 		.4byte	0x2d
 587 0324 0A       		.byte	0xa
 588 0325 00       		.byte	0
 589 0326 04       		.uleb128 0x4
 590 0327 16030000 		.4byte	0x316
 591 032b 00       		.byte	0
 592              		.section	.debug_abbrev,"",%progbits
 593              	.Ldebug_abbrev0:
 594 0000 01       		.uleb128 0x1
 595 0001 24       		.uleb128 0x24
 596 0002 00       		.byte	0
 597 0003 0B       		.uleb128 0xb
 598 0004 0B       		.uleb128 0xb
 599 0005 3E       		.uleb128 0x3e
 600 0006 0B       		.uleb128 0xb
 601 0007 03       		.uleb128 0x3
 602 0008 0E       		.uleb128 0xe
 603 0009 00       		.byte	0
 604 000a 00       		.byte	0
 605 000b 02       		.uleb128 0x2
 606 000c 0D       		.uleb128 0xd
 607 000d 00       		.byte	0
 608 000e 03       		.uleb128 0x3
 609 000f 0E       		.uleb128 0xe
 610 0010 3A       		.uleb128 0x3a
 611 0011 0B       		.uleb128 0xb
 612 0012 3B       		.uleb128 0x3b
 613 0013 0B       		.uleb128 0xb
 614 0014 39       		.uleb128 0x39
 615 0015 0B       		.uleb128 0xb
 616 0016 49       		.uleb128 0x49
 617 0017 13       		.uleb128 0x13
 618 0018 38       		.uleb128 0x38
 619 0019 0B       		.uleb128 0xb
 620 001a 00       		.byte	0
 621 001b 00       		.byte	0
 622 001c 03       		.uleb128 0x3
 623 001d 16       		.uleb128 0x16
 624 001e 00       		.byte	0
 625 001f 03       		.uleb128 0x3
 626 0020 0E       		.uleb128 0xe
 627 0021 3A       		.uleb128 0x3a
ARM GAS  C:\Users\DEVELO~1\AppData\Local\Temp\ccYeS4b5.s 			page 12


 628 0022 0B       		.uleb128 0xb
 629 0023 3B       		.uleb128 0x3b
 630 0024 0B       		.uleb128 0xb
 631 0025 39       		.uleb128 0x39
 632 0026 0B       		.uleb128 0xb
 633 0027 49       		.uleb128 0x49
 634 0028 13       		.uleb128 0x13
 635 0029 00       		.byte	0
 636 002a 00       		.byte	0
 637 002b 04       		.uleb128 0x4
 638 002c 26       		.uleb128 0x26
 639 002d 00       		.byte	0
 640 002e 49       		.uleb128 0x49
 641 002f 13       		.uleb128 0x13
 642 0030 00       		.byte	0
 643 0031 00       		.byte	0
 644 0032 05       		.uleb128 0x5
 645 0033 13       		.uleb128 0x13
 646 0034 01       		.byte	0x1
 647 0035 0B       		.uleb128 0xb
 648 0036 0B       		.uleb128 0xb
 649 0037 3A       		.uleb128 0x3a
 650 0038 0B       		.uleb128 0xb
 651 0039 3B       		.uleb128 0x3b
 652 003a 0B       		.uleb128 0xb
 653 003b 39       		.uleb128 0x39
 654 003c 0B       		.uleb128 0xb
 655 003d 01       		.uleb128 0x1
 656 003e 13       		.uleb128 0x13
 657 003f 00       		.byte	0
 658 0040 00       		.byte	0
 659 0041 06       		.uleb128 0x6
 660 0042 0D       		.uleb128 0xd
 661 0043 00       		.byte	0
 662 0044 03       		.uleb128 0x3
 663 0045 08       		.uleb128 0x8
 664 0046 3A       		.uleb128 0x3a
 665 0047 21       		.uleb128 0x21
 666 0048 05       		.sleb128 5
 667 0049 3B       		.uleb128 0x3b
 668 004a 0B       		.uleb128 0xb
 669 004b 39       		.uleb128 0x39
 670 004c 21       		.uleb128 0x21
 671 004d 19       		.sleb128 25
 672 004e 49       		.uleb128 0x49
 673 004f 13       		.uleb128 0x13
 674 0050 38       		.uleb128 0x38
 675 0051 0B       		.uleb128 0xb
 676 0052 00       		.byte	0
 677 0053 00       		.byte	0
 678 0054 07       		.uleb128 0x7
 679 0055 05       		.uleb128 0x5
 680 0056 00       		.byte	0
 681 0057 49       		.uleb128 0x49
 682 0058 13       		.uleb128 0x13
 683 0059 00       		.byte	0
 684 005a 00       		.byte	0
ARM GAS  C:\Users\DEVELO~1\AppData\Local\Temp\ccYeS4b5.s 			page 13


 685 005b 08       		.uleb128 0x8
 686 005c 05       		.uleb128 0x5
 687 005d 00       		.byte	0
 688 005e 03       		.uleb128 0x3
 689 005f 08       		.uleb128 0x8
 690 0060 3A       		.uleb128 0x3a
 691 0061 21       		.uleb128 0x21
 692 0062 01       		.sleb128 1
 693 0063 3B       		.uleb128 0x3b
 694 0064 0B       		.uleb128 0xb
 695 0065 39       		.uleb128 0x39
 696 0066 0B       		.uleb128 0xb
 697 0067 49       		.uleb128 0x49
 698 0068 13       		.uleb128 0x13
 699 0069 02       		.uleb128 0x2
 700 006a 18       		.uleb128 0x18
 701 006b 00       		.byte	0
 702 006c 00       		.byte	0
 703 006d 09       		.uleb128 0x9
 704 006e 34       		.uleb128 0x34
 705 006f 00       		.byte	0
 706 0070 03       		.uleb128 0x3
 707 0071 0E       		.uleb128 0xe
 708 0072 49       		.uleb128 0x49
 709 0073 13       		.uleb128 0x13
 710 0074 34       		.uleb128 0x34
 711 0075 19       		.uleb128 0x19
 712 0076 00       		.byte	0
 713 0077 00       		.byte	0
 714 0078 0A       		.uleb128 0xa
 715 0079 01       		.uleb128 0x1
 716 007a 01       		.byte	0x1
 717 007b 49       		.uleb128 0x49
 718 007c 13       		.uleb128 0x13
 719 007d 01       		.uleb128 0x1
 720 007e 13       		.uleb128 0x13
 721 007f 00       		.byte	0
 722 0080 00       		.byte	0
 723 0081 0B       		.uleb128 0xb
 724 0082 21       		.uleb128 0x21
 725 0083 00       		.byte	0
 726 0084 49       		.uleb128 0x49
 727 0085 13       		.uleb128 0x13
 728 0086 2F       		.uleb128 0x2f
 729 0087 0B       		.uleb128 0xb
 730 0088 00       		.byte	0
 731 0089 00       		.byte	0
 732 008a 0C       		.uleb128 0xc
 733 008b 35       		.uleb128 0x35
 734 008c 00       		.byte	0
 735 008d 49       		.uleb128 0x49
 736 008e 13       		.uleb128 0x13
 737 008f 00       		.byte	0
 738 0090 00       		.byte	0
 739 0091 0D       		.uleb128 0xd
 740 0092 0D       		.uleb128 0xd
 741 0093 00       		.byte	0
ARM GAS  C:\Users\DEVELO~1\AppData\Local\Temp\ccYeS4b5.s 			page 14


 742 0094 03       		.uleb128 0x3
 743 0095 08       		.uleb128 0x8
 744 0096 3A       		.uleb128 0x3a
 745 0097 21       		.uleb128 0x21
 746 0098 05       		.sleb128 5
 747 0099 3B       		.uleb128 0x3b
 748 009a 0B       		.uleb128 0xb
 749 009b 39       		.uleb128 0x39
 750 009c 0B       		.uleb128 0xb
 751 009d 49       		.uleb128 0x49
 752 009e 13       		.uleb128 0x13
 753 009f 00       		.byte	0
 754 00a0 00       		.byte	0
 755 00a1 0E       		.uleb128 0xe
 756 00a2 0F       		.uleb128 0xf
 757 00a3 00       		.byte	0
 758 00a4 0B       		.uleb128 0xb
 759 00a5 21       		.uleb128 0x21
 760 00a6 04       		.sleb128 4
 761 00a7 49       		.uleb128 0x49
 762 00a8 13       		.uleb128 0x13
 763 00a9 00       		.byte	0
 764 00aa 00       		.byte	0
 765 00ab 0F       		.uleb128 0xf
 766 00ac 05       		.uleb128 0x5
 767 00ad 00       		.byte	0
 768 00ae 03       		.uleb128 0x3
 769 00af 0E       		.uleb128 0xe
 770 00b0 3A       		.uleb128 0x3a
 771 00b1 21       		.uleb128 0x21
 772 00b2 01       		.sleb128 1
 773 00b3 3B       		.uleb128 0x3b
 774 00b4 0B       		.uleb128 0xb
 775 00b5 39       		.uleb128 0x39
 776 00b6 0B       		.uleb128 0xb
 777 00b7 49       		.uleb128 0x49
 778 00b8 13       		.uleb128 0x13
 779 00b9 02       		.uleb128 0x2
 780 00ba 18       		.uleb128 0x18
 781 00bb 00       		.byte	0
 782 00bc 00       		.byte	0
 783 00bd 10       		.uleb128 0x10
 784 00be 11       		.uleb128 0x11
 785 00bf 01       		.byte	0x1
 786 00c0 25       		.uleb128 0x25
 787 00c1 0E       		.uleb128 0xe
 788 00c2 13       		.uleb128 0x13
 789 00c3 0B       		.uleb128 0xb
 790 00c4 03       		.uleb128 0x3
 791 00c5 0E       		.uleb128 0xe
 792 00c6 1B       		.uleb128 0x1b
 793 00c7 0E       		.uleb128 0xe
 794 00c8 55       		.uleb128 0x55
 795 00c9 17       		.uleb128 0x17
 796 00ca 11       		.uleb128 0x11
 797 00cb 01       		.uleb128 0x1
 798 00cc 10       		.uleb128 0x10
ARM GAS  C:\Users\DEVELO~1\AppData\Local\Temp\ccYeS4b5.s 			page 15


 799 00cd 17       		.uleb128 0x17
 800 00ce 00       		.byte	0
 801 00cf 00       		.byte	0
 802 00d0 11       		.uleb128 0x11
 803 00d1 24       		.uleb128 0x24
 804 00d2 00       		.byte	0
 805 00d3 0B       		.uleb128 0xb
 806 00d4 0B       		.uleb128 0xb
 807 00d5 3E       		.uleb128 0x3e
 808 00d6 0B       		.uleb128 0xb
 809 00d7 03       		.uleb128 0x3
 810 00d8 08       		.uleb128 0x8
 811 00d9 00       		.byte	0
 812 00da 00       		.byte	0
 813 00db 12       		.uleb128 0x12
 814 00dc 17       		.uleb128 0x17
 815 00dd 01       		.byte	0x1
 816 00de 0B       		.uleb128 0xb
 817 00df 0B       		.uleb128 0xb
 818 00e0 3A       		.uleb128 0x3a
 819 00e1 0B       		.uleb128 0xb
 820 00e2 3B       		.uleb128 0x3b
 821 00e3 0B       		.uleb128 0xb
 822 00e4 39       		.uleb128 0x39
 823 00e5 0B       		.uleb128 0xb
 824 00e6 01       		.uleb128 0x1
 825 00e7 13       		.uleb128 0x13
 826 00e8 00       		.byte	0
 827 00e9 00       		.byte	0
 828 00ea 13       		.uleb128 0x13
 829 00eb 2E       		.uleb128 0x2e
 830 00ec 01       		.byte	0x1
 831 00ed 3F       		.uleb128 0x3f
 832 00ee 19       		.uleb128 0x19
 833 00ef 03       		.uleb128 0x3
 834 00f0 0E       		.uleb128 0xe
 835 00f1 3A       		.uleb128 0x3a
 836 00f2 0B       		.uleb128 0xb
 837 00f3 3B       		.uleb128 0x3b
 838 00f4 05       		.uleb128 0x5
 839 00f5 39       		.uleb128 0x39
 840 00f6 0B       		.uleb128 0xb
 841 00f7 27       		.uleb128 0x27
 842 00f8 19       		.uleb128 0x19
 843 00f9 3C       		.uleb128 0x3c
 844 00fa 19       		.uleb128 0x19
 845 00fb 01       		.uleb128 0x1
 846 00fc 13       		.uleb128 0x13
 847 00fd 00       		.byte	0
 848 00fe 00       		.byte	0
 849 00ff 14       		.uleb128 0x14
 850 0100 2E       		.uleb128 0x2e
 851 0101 01       		.byte	0x1
 852 0102 3F       		.uleb128 0x3f
 853 0103 19       		.uleb128 0x19
 854 0104 03       		.uleb128 0x3
 855 0105 0E       		.uleb128 0xe
ARM GAS  C:\Users\DEVELO~1\AppData\Local\Temp\ccYeS4b5.s 			page 16


 856 0106 3A       		.uleb128 0x3a
 857 0107 0B       		.uleb128 0xb
 858 0108 3B       		.uleb128 0x3b
 859 0109 0B       		.uleb128 0xb
 860 010a 39       		.uleb128 0x39
 861 010b 0B       		.uleb128 0xb
 862 010c 27       		.uleb128 0x27
 863 010d 19       		.uleb128 0x19
 864 010e 11       		.uleb128 0x11
 865 010f 01       		.uleb128 0x1
 866 0110 12       		.uleb128 0x12
 867 0111 06       		.uleb128 0x6
 868 0112 40       		.uleb128 0x40
 869 0113 18       		.uleb128 0x18
 870 0114 7C       		.uleb128 0x7c
 871 0115 19       		.uleb128 0x19
 872 0116 01       		.uleb128 0x1
 873 0117 13       		.uleb128 0x13
 874 0118 00       		.byte	0
 875 0119 00       		.byte	0
 876 011a 15       		.uleb128 0x15
 877 011b 2E       		.uleb128 0x2e
 878 011c 01       		.byte	0x1
 879 011d 3F       		.uleb128 0x3f
 880 011e 19       		.uleb128 0x19
 881 011f 03       		.uleb128 0x3
 882 0120 0E       		.uleb128 0xe
 883 0121 3A       		.uleb128 0x3a
 884 0122 0B       		.uleb128 0xb
 885 0123 3B       		.uleb128 0x3b
 886 0124 0B       		.uleb128 0xb
 887 0125 39       		.uleb128 0x39
 888 0126 0B       		.uleb128 0xb
 889 0127 27       		.uleb128 0x27
 890 0128 19       		.uleb128 0x19
 891 0129 11       		.uleb128 0x11
 892 012a 01       		.uleb128 0x1
 893 012b 12       		.uleb128 0x12
 894 012c 06       		.uleb128 0x6
 895 012d 40       		.uleb128 0x40
 896 012e 18       		.uleb128 0x18
 897 012f 7A       		.uleb128 0x7a
 898 0130 19       		.uleb128 0x19
 899 0131 01       		.uleb128 0x1
 900 0132 13       		.uleb128 0x13
 901 0133 00       		.byte	0
 902 0134 00       		.byte	0
 903 0135 16       		.uleb128 0x16
 904 0136 0B       		.uleb128 0xb
 905 0137 01       		.byte	0x1
 906 0138 11       		.uleb128 0x11
 907 0139 01       		.uleb128 0x1
 908 013a 12       		.uleb128 0x12
 909 013b 06       		.uleb128 0x6
 910 013c 00       		.byte	0
 911 013d 00       		.byte	0
 912 013e 17       		.uleb128 0x17
ARM GAS  C:\Users\DEVELO~1\AppData\Local\Temp\ccYeS4b5.s 			page 17


 913 013f 34       		.uleb128 0x34
 914 0140 00       		.byte	0
 915 0141 03       		.uleb128 0x3
 916 0142 08       		.uleb128 0x8
 917 0143 3A       		.uleb128 0x3a
 918 0144 0B       		.uleb128 0xb
 919 0145 3B       		.uleb128 0x3b
 920 0146 0B       		.uleb128 0xb
 921 0147 39       		.uleb128 0x39
 922 0148 0B       		.uleb128 0xb
 923 0149 49       		.uleb128 0x49
 924 014a 13       		.uleb128 0x13
 925 014b 02       		.uleb128 0x2
 926 014c 18       		.uleb128 0x18
 927 014d 00       		.byte	0
 928 014e 00       		.byte	0
 929 014f 18       		.uleb128 0x18
 930 0150 2E       		.uleb128 0x2e
 931 0151 01       		.byte	0x1
 932 0152 3F       		.uleb128 0x3f
 933 0153 19       		.uleb128 0x19
 934 0154 03       		.uleb128 0x3
 935 0155 0E       		.uleb128 0xe
 936 0156 3A       		.uleb128 0x3a
 937 0157 0B       		.uleb128 0xb
 938 0158 3B       		.uleb128 0x3b
 939 0159 0B       		.uleb128 0xb
 940 015a 39       		.uleb128 0x39
 941 015b 0B       		.uleb128 0xb
 942 015c 27       		.uleb128 0x27
 943 015d 19       		.uleb128 0x19
 944 015e 49       		.uleb128 0x49
 945 015f 13       		.uleb128 0x13
 946 0160 11       		.uleb128 0x11
 947 0161 01       		.uleb128 0x1
 948 0162 12       		.uleb128 0x12
 949 0163 06       		.uleb128 0x6
 950 0164 40       		.uleb128 0x40
 951 0165 18       		.uleb128 0x18
 952 0166 7A       		.uleb128 0x7a
 953 0167 19       		.uleb128 0x19
 954 0168 01       		.uleb128 0x1
 955 0169 13       		.uleb128 0x13
 956 016a 00       		.byte	0
 957 016b 00       		.byte	0
 958 016c 00       		.byte	0
 959              		.section	.debug_aranges,"",%progbits
 960 0000 2C000000 		.4byte	0x2c
 961 0004 0200     		.2byte	0x2
 962 0006 00000000 		.4byte	.Ldebug_info0
 963 000a 04       		.byte	0x4
 964 000b 00       		.byte	0
 965 000c 0000     		.2byte	0
 966 000e 0000     		.2byte	0
 967 0010 00000000 		.4byte	.LFB432
 968 0014 24000000 		.4byte	.LFE432-.LFB432
 969 0018 00000000 		.4byte	.LFB433
ARM GAS  C:\Users\DEVELO~1\AppData\Local\Temp\ccYeS4b5.s 			page 18


 970 001c 42000000 		.4byte	.LFE433-.LFB433
 971 0020 00000000 		.4byte	.LFB434
 972 0024 2A000000 		.4byte	.LFE434-.LFB434
 973 0028 00000000 		.4byte	0
 974 002c 00000000 		.4byte	0
 975              		.section	.debug_rnglists,"",%progbits
 976              	.Ldebug_ranges0:
 977 0000 1B000000 		.4byte	.Ldebug_ranges3-.Ldebug_ranges2
 978              	.Ldebug_ranges2:
 979 0004 0500     		.2byte	0x5
 980 0006 04       		.byte	0x4
 981 0007 00       		.byte	0
 982 0008 00000000 		.4byte	0
 983              	.LLRL0:
 984 000c 07       		.byte	0x7
 985 000d 00000000 		.4byte	.LFB432
 986 0011 24       		.uleb128 .LFE432-.LFB432
 987 0012 07       		.byte	0x7
 988 0013 00000000 		.4byte	.LFB433
 989 0017 42       		.uleb128 .LFE433-.LFB433
 990 0018 07       		.byte	0x7
 991 0019 00000000 		.4byte	.LFB434
 992 001d 2A       		.uleb128 .LFE434-.LFB434
 993 001e 00       		.byte	0
 994              	.Ldebug_ranges3:
 995              		.section	.debug_line,"",%progbits
 996              	.Ldebug_line0:
 997 0000 16020000 		.section	.debug_str,"MS",%progbits,1
 997      0300C701 
 997      00000201 
 997      FB0E0D00 
 997      01010101 
 998              	.LASF1:
 999 0000 6C6F6E67 		.ascii	"long long int\000"
 999      206C6F6E 
 999      6720696E 
 999      7400
 1000              	.LASF20:
 1001 000e 4F535045 		.ascii	"OSPEEDR\000"
 1001      45445200 
 1002              	.LASF18:
 1003 0016 4D4F4445 		.ascii	"MODER\000"
 1003      5200
 1004              	.LASF14:
 1005 001c 75696E74 		.ascii	"uint_fast8_t\000"
 1005      5F666173 
 1005      74385F74 
 1005      00
 1006              	.LASF22:
 1007 0029 42535252 		.ascii	"BSRR\000"
 1007      00
 1008              	.LASF36:
 1009 002e 70616C57 		.ascii	"palWriteBus\000"
 1009      72697465 
 1009      42757300 
 1010              	.LASF5:
 1011 003a 73686F72 		.ascii	"short int\000"
ARM GAS  C:\Users\DEVELO~1\AppData\Local\Temp\ccYeS4b5.s 			page 19


 1011      7420696E 
 1011      7400
 1012              	.LASF35:
 1013 0044 70616C53 		.ascii	"palSetBusMode\000"
 1013      65744275 
 1013      734D6F64 
 1013      6500
 1014              	.LASF30:
 1015 0052 706F7274 		.ascii	"portid\000"
 1015      696400
 1016              	.LASF27:
 1017 0059 696F706F 		.ascii	"ioportmask_t\000"
 1017      72746D61 
 1017      736B5F74 
 1017      00
 1018              	.LASF38:
 1019 0066 5F5F6675 		.ascii	"__func__\000"
 1019      6E635F5F 
 1019      00
 1020              	.LASF19:
 1021 006f 4F545950 		.ascii	"OTYPER\000"
 1021      455200
 1022              	.LASF28:
 1023 0076 696F6D6F 		.ascii	"iomode_t\000"
 1023      64655F74 
 1023      00
 1024              	.LASF11:
 1025 007f 6C6F6E67 		.ascii	"long long unsigned int\000"
 1025      206C6F6E 
 1025      6720756E 
 1025      7369676E 
 1025      65642069 
 1026              	.LASF4:
 1027 0096 756E7369 		.ascii	"unsigned char\000"
 1027      676E6564 
 1027      20636861 
 1027      7200
 1028              	.LASF25:
 1029 00a4 41465248 		.ascii	"AFRH\000"
 1029      00
 1030              	.LASF10:
 1031 00a9 6C6F6E67 		.ascii	"long unsigned int\000"
 1031      20756E73 
 1031      69676E65 
 1031      6420696E 
 1031      7400
 1032              	.LASF6:
 1033 00bb 73686F72 		.ascii	"short unsigned int\000"
 1033      7420756E 
 1033      7369676E 
 1033      65642069 
 1033      6E7400
 1034              	.LASF24:
 1035 00ce 4146524C 		.ascii	"AFRL\000"
 1035      00
 1036              	.LASF41:
 1037 00d3 433A5C50 		.ascii	"C:\\PROJET\\ChibiOS project\\ChibiOS_21.11.4\\demos"
ARM GAS  C:\Users\DEVELO~1\AppData\Local\Temp\ccYeS4b5.s 			page 20


 1037      524F4A45 
 1037      545C4368 
 1037      6962694F 
 1037      53207072 
 1038 0102 5C53544D 		.ascii	"\\STM32\\RT-STM32H743ZI_REV_XY-NUCLEO144_Quartz8M\000"
 1038      33325C52 
 1038      542D5354 
 1038      4D333248 
 1038      3734335A 
 1039              	.LASF8:
 1040 0132 5F5F7569 		.ascii	"__uint16_t\000"
 1040      6E743136 
 1040      5F7400
 1041              	.LASF9:
 1042 013d 5F5F7569 		.ascii	"__uint32_t\000"
 1042      6E743332 
 1042      5F7400
 1043              	.LASF39:
 1044 0148 474E5520 		.ascii	"GNU C17 11.3.1 20220712 -mcpu=cortex-m7 -mthumb -mf"
 1044      43313720 
 1044      31312E33 
 1044      2E312032 
 1044      30323230 
 1045 017b 6C6F6174 		.ascii	"loat-abi=soft -march=armv7e-m -ggdb -O0 -ffunction-"
 1045      2D616269 
 1045      3D736F66 
 1045      74202D6D 
 1045      61726368 
 1046 01ae 73656374 		.ascii	"sections -fdata-sections -fno-common\000"
 1046      696F6E73 
 1046      202D6664 
 1046      6174612D 
 1046      73656374 
 1047              	.LASF42:
 1048 01d3 5F70616C 		.ascii	"_pal_lld_setgroupmode\000"
 1048      5F6C6C64 
 1048      5F736574 
 1048      67726F75 
 1048      706D6F64 
 1049              	.LASF0:
 1050 01e9 756E7369 		.ascii	"unsigned int\000"
 1050      676E6564 
 1050      20696E74 
 1050      00
 1051              	.LASF15:
 1052 01f6 63686172 		.ascii	"char\000"
 1052      00
 1053              	.LASF34:
 1054 01fb 6D6F6465 		.ascii	"mode\000"
 1054      00
 1055              	.LASF23:
 1056 0200 4C4F434B 		.ascii	"LOCKR\000"
 1056      5200
 1057              	.LASF26:
 1058 0206 73746D33 		.ascii	"stm32_gpio_t\000"
 1058      325F6770 
 1058      696F5F74 
ARM GAS  C:\Users\DEVELO~1\AppData\Local\Temp\ccYeS4b5.s 			page 21


 1058      00
 1059              	.LASF21:
 1060 0213 50555044 		.ascii	"PUPDR\000"
 1060      5200
 1061              	.LASF43:
 1062 0219 70616C52 		.ascii	"palReadBus\000"
 1062      65616442 
 1062      757300
 1063              	.LASF31:
 1064 0224 6D61736B 		.ascii	"mask\000"
 1064      00
 1065              	.LASF37:
 1066 0229 62697473 		.ascii	"bits\000"
 1066      00
 1067              	.LASF32:
 1068 022e 6F666673 		.ascii	"offset\000"
 1068      657400
 1069              	.LASF40:
 1070 0235 2E2E2F2E 		.ascii	"../../../os/hal/src/hal_pal.c\000"
 1070      2E2F2E2E 
 1070      2F6F732F 
 1070      68616C2F 
 1070      7372632F 
 1071              	.LASF29:
 1072 0253 696F706F 		.ascii	"ioportid_t\000"
 1072      72746964 
 1072      5F7400
 1073              	.LASF12:
 1074 025e 75696E74 		.ascii	"uint16_t\000"
 1074      31365F74 
 1074      00
 1075              	.LASF17:
 1076 0267 636C6561 		.ascii	"clear\000"
 1076      7200
 1077              	.LASF13:
 1078 026d 75696E74 		.ascii	"uint32_t\000"
 1078      33325F74 
 1078      00
 1079              	.LASF7:
 1080 0276 6C6F6E67 		.ascii	"long int\000"
 1080      20696E74 
 1080      00
 1081              	.LASF2:
 1082 027f 6C6F6E67 		.ascii	"long double\000"
 1082      20646F75 
 1082      626C6500 
 1083              	.LASF3:
 1084 028b 7369676E 		.ascii	"signed char\000"
 1084      65642063 
 1084      68617200 
 1085              	.LASF16:
 1086 0297 5F426F6F 		.ascii	"_Bool\000"
 1086      6C00
 1087              	.LASF33:
 1088 029d 494F4275 		.ascii	"IOBus\000"
 1088      7300
 1089              		.ident	"GCC: (Arm GNU Toolchain 11.3.Rel1) 11.3.1 20220712"
ARM GAS  C:\Users\DEVELO~1\AppData\Local\Temp\ccYeS4b5.s 			page 22


ARM GAS  C:\Users\DEVELO~1\AppData\Local\Temp\ccYeS4b5.s 			page 23


DEFINED SYMBOLS
                            *ABS*:00000000 hal_pal.c
C:\Users\DEVELO~1\AppData\Local\Temp\ccYeS4b5.s:18     .text.palReadBus:00000000 $t
C:\Users\DEVELO~1\AppData\Local\Temp\ccYeS4b5.s:24     .text.palReadBus:00000000 palReadBus
C:\Users\DEVELO~1\AppData\Local\Temp\ccYeS4b5.s:65     .text.palWriteBus:00000000 $t
C:\Users\DEVELO~1\AppData\Local\Temp\ccYeS4b5.s:71     .text.palWriteBus:00000000 palWriteBus
C:\Users\DEVELO~1\AppData\Local\Temp\ccYeS4b5.s:127    .text.palSetBusMode:00000000 $t
C:\Users\DEVELO~1\AppData\Local\Temp\ccYeS4b5.s:133    .text.palSetBusMode:00000000 palSetBusMode

UNDEFINED SYMBOLS
_pal_lld_setgroupmode
