ARM GAS  C:\Users\DEVELO~1\AppData\Local\Temp\ccPsZvP6.s 			page 1


   1              		.cpu cortex-m7
   2              		.arch armv7e-m
   3              		.fpu softvfp
   4              		.eabi_attribute 20, 1
   5              		.eabi_attribute 21, 1
   6              		.eabi_attribute 23, 3
   7              		.eabi_attribute 24, 1
   8              		.eabi_attribute 25, 1
   9              		.eabi_attribute 26, 1
  10              		.eabi_attribute 30, 6
  11              		.eabi_attribute 34, 1
  12              		.eabi_attribute 18, 4
  13              		.file	"hal_sai.c"
  14              		.text
  15              	.Ltext0:
  16              		.cfi_sections	.debug_frame
  17              		.section	.text.chSysLock,"ax",%progbits
  18              		.align	1
  19              		.syntax unified
  20              		.thumb
  21              		.thumb_func
  22              		.type	chSysLock, %function
  23              	chSysLock:
  24              	.LFB202:
  25              		.file 1 "../../../os/rt/include/chsys.h"
  26              		.loc 1 407 36
  27              		.cfi_startproc
  28              		@ args = 0, pretend = 0, frame = 8
  29              		@ frame_needed = 1, uses_anonymous_args = 0
  30              		@ link register save eliminated.
  31 0000 80B4     		push	{r7}
  32              		.cfi_def_cfa_offset 4
  33              		.cfi_offset 7, -4
  34 0002 83B0     		sub	sp, sp, #12
  35              		.cfi_def_cfa_offset 16
  36 0004 00AF     		add	r7, sp, #0
  37              		.cfi_def_cfa_register 7
  38 0006 3023     		movs	r3, #48
  39 0008 7B60     		str	r3, [r7, #4]
  40              	.LBB14:
  41              	.LBB15:
  42              	.LBB16:
  43              	.LBB17:
  44              		.file 2 "../../../os/common/ext/ARM/CMSIS/Core/Include/cmsis_gcc.h"
  45              		.loc 2 493 3
  46 000a 7B68     		ldr	r3, [r7, #4]
  47              		.syntax unified
  48              	@ 493 "../../../os/common/ext/ARM/CMSIS/Core/Include/cmsis_gcc.h" 1
  49 000c 83F31188 		MSR basepri, r3
  50              	@ 0 "" 2
  51              		.loc 2 494 1
  52              		.thumb
  53              		.syntax unified
  54 0010 00BF     		nop
  55              	.LBE17:
  56              	.LBE16:
  57              		.file 3 "../../../os/common/ports/ARMv7-M/chcore.h"
ARM GAS  C:\Users\DEVELO~1\AppData\Local\Temp\ccPsZvP6.s 			page 2


  58              		.loc 3 840 1
  59 0012 00BF     		nop
  60              	.LBE15:
  61              	.LBE14:
  62              		.loc 1 412 1
  63 0014 00BF     		nop
  64 0016 0C37     		adds	r7, r7, #12
  65              		.cfi_def_cfa_offset 4
  66 0018 BD46     		mov	sp, r7
  67              		.cfi_def_cfa_register 13
  68              		@ sp needed
  69 001a 80BC     		pop	{r7}
  70              		.cfi_restore 7
  71              		.cfi_def_cfa_offset 0
  72 001c 7047     		bx	lr
  73              		.cfi_endproc
  74              	.LFE202:
  75              		.size	chSysLock, .-chSysLock
  76              		.section	.text.chSysUnlock,"ax",%progbits
  77              		.align	1
  78              		.syntax unified
  79              		.thumb
  80              		.thumb_func
  81              		.type	chSysUnlock, %function
  82              	chSysUnlock:
  83              	.LFB203:
  84              		.loc 1 421 38
  85              		.cfi_startproc
  86              		@ args = 0, pretend = 0, frame = 8
  87              		@ frame_needed = 1, uses_anonymous_args = 0
  88              		@ link register save eliminated.
  89 0000 80B4     		push	{r7}
  90              		.cfi_def_cfa_offset 4
  91              		.cfi_offset 7, -4
  92 0002 83B0     		sub	sp, sp, #12
  93              		.cfi_def_cfa_offset 16
  94 0004 00AF     		add	r7, sp, #0
  95              		.cfi_def_cfa_register 7
  96 0006 0023     		movs	r3, #0
  97 0008 7B60     		str	r3, [r7, #4]
  98              	.LBB18:
  99              	.LBB19:
 100              	.LBB20:
 101              	.LBB21:
 102              		.loc 2 493 3
 103 000a 7B68     		ldr	r3, [r7, #4]
 104              		.syntax unified
 105              	@ 493 "../../../os/common/ext/ARM/CMSIS/Core/Include/cmsis_gcc.h" 1
 106 000c 83F31188 		MSR basepri, r3
 107              	@ 0 "" 2
 108              		.loc 2 494 1
 109              		.thumb
 110              		.syntax unified
 111 0010 00BF     		nop
 112              	.LBE21:
 113              	.LBE20:
 114              		.loc 3 854 1
ARM GAS  C:\Users\DEVELO~1\AppData\Local\Temp\ccPsZvP6.s 			page 3


 115 0012 00BF     		nop
 116              	.LBE19:
 117              	.LBE18:
 118              		.loc 1 435 1
 119 0014 00BF     		nop
 120 0016 0C37     		adds	r7, r7, #12
 121              		.cfi_def_cfa_offset 4
 122 0018 BD46     		mov	sp, r7
 123              		.cfi_def_cfa_register 13
 124              		@ sp needed
 125 001a 80BC     		pop	{r7}
 126              		.cfi_restore 7
 127              		.cfi_def_cfa_offset 0
 128 001c 7047     		bx	lr
 129              		.cfi_endproc
 130              	.LFE203:
 131              		.size	chSysUnlock, .-chSysUnlock
 132              		.section	.text.osalSysLock,"ax",%progbits
 133              		.align	1
 134              		.syntax unified
 135              		.thumb
 136              		.thumb_func
 137              		.type	osalSysLock, %function
 138              	osalSysLock:
 139              	.LFB350:
 140              		.file 4 "../../../os/hal/osal/rt-nil/osal.h"
 141              		.loc 4 573 38
 142              		.cfi_startproc
 143              		@ args = 0, pretend = 0, frame = 0
 144              		@ frame_needed = 1, uses_anonymous_args = 0
 145 0000 80B5     		push	{r7, lr}
 146              		.cfi_def_cfa_offset 8
 147              		.cfi_offset 7, -8
 148              		.cfi_offset 14, -4
 149 0002 00AF     		add	r7, sp, #0
 150              		.cfi_def_cfa_register 7
 151              		.loc 4 575 3
 152 0004 FFF7FEFF 		bl	chSysLock
 153              		.loc 4 576 1
 154 0008 00BF     		nop
 155 000a 80BD     		pop	{r7, pc}
 156              		.cfi_endproc
 157              	.LFE350:
 158              		.size	osalSysLock, .-osalSysLock
 159              		.section	.text.osalSysUnlock,"ax",%progbits
 160              		.align	1
 161              		.syntax unified
 162              		.thumb
 163              		.thumb_func
 164              		.type	osalSysUnlock, %function
 165              	osalSysUnlock:
 166              	.LFB351:
 167              		.loc 4 584 40
 168              		.cfi_startproc
 169              		@ args = 0, pretend = 0, frame = 0
 170              		@ frame_needed = 1, uses_anonymous_args = 0
 171 0000 80B5     		push	{r7, lr}
ARM GAS  C:\Users\DEVELO~1\AppData\Local\Temp\ccPsZvP6.s 			page 4


 172              		.cfi_def_cfa_offset 8
 173              		.cfi_offset 7, -8
 174              		.cfi_offset 14, -4
 175 0002 00AF     		add	r7, sp, #0
 176              		.cfi_def_cfa_register 7
 177              		.loc 4 586 3
 178 0004 FFF7FEFF 		bl	chSysUnlock
 179              		.loc 4 587 1
 180 0008 00BF     		nop
 181 000a 80BD     		pop	{r7, pc}
 182              		.cfi_endproc
 183              	.LFE351:
 184              		.size	osalSysUnlock, .-osalSysUnlock
 185              		.section	.text.saiInit,"ax",%progbits
 186              		.align	1
 187              		.global	saiInit
 188              		.syntax unified
 189              		.thumb
 190              		.thumb_func
 191              		.type	saiInit, %function
 192              	saiInit:
 193              	.LFB432:
 194              		.file 5 "../../../os/hal/src/hal_sai.c"
 195              		.loc 5 39 20
 196              		.cfi_startproc
 197              		@ args = 0, pretend = 0, frame = 0
 198              		@ frame_needed = 1, uses_anonymous_args = 0
 199 0000 80B5     		push	{r7, lr}
 200              		.cfi_def_cfa_offset 8
 201              		.cfi_offset 7, -8
 202              		.cfi_offset 14, -4
 203 0002 00AF     		add	r7, sp, #0
 204              		.cfi_def_cfa_register 7
 205              		.loc 5 41 3
 206 0004 FFF7FEFF 		bl	sai_lld_init
 207              		.loc 5 42 1
 208 0008 00BF     		nop
 209 000a 80BD     		pop	{r7, pc}
 210              		.cfi_endproc
 211              	.LFE432:
 212              		.size	saiInit, .-saiInit
 213              		.section	.text.saiObjectInit,"ax",%progbits
 214              		.align	1
 215              		.global	saiObjectInit
 216              		.syntax unified
 217              		.thumb
 218              		.thumb_func
 219              		.type	saiObjectInit, %function
 220              	saiObjectInit:
 221              	.LFB433:
 222              		.loc 5 51 37
 223              		.cfi_startproc
 224              		@ args = 0, pretend = 0, frame = 8
 225              		@ frame_needed = 1, uses_anonymous_args = 0
 226              		@ link register save eliminated.
 227 0000 80B4     		push	{r7}
 228              		.cfi_def_cfa_offset 4
ARM GAS  C:\Users\DEVELO~1\AppData\Local\Temp\ccPsZvP6.s 			page 5


 229              		.cfi_offset 7, -4
 230 0002 83B0     		sub	sp, sp, #12
 231              		.cfi_def_cfa_offset 16
 232 0004 00AF     		add	r7, sp, #0
 233              		.cfi_def_cfa_register 7
 234 0006 7860     		str	r0, [r7, #4]
 235              		.loc 5 53 16
 236 0008 7B68     		ldr	r3, [r7, #4]
 237 000a 0122     		movs	r2, #1
 238 000c 1A70     		strb	r2, [r3]
 239              		.loc 5 54 16
 240 000e 7B68     		ldr	r3, [r7, #4]
 241 0010 0022     		movs	r2, #0
 242 0012 5A60     		str	r2, [r3, #4]
 243              		.loc 5 58 21
 244 0014 7B68     		ldr	r3, [r7, #4]
 245 0016 0022     		movs	r2, #0
 246 0018 1A63     		str	r2, [r3, #48]
 247              		.loc 5 59 23
 248 001a 7B68     		ldr	r3, [r7, #4]
 249 001c 0022     		movs	r2, #0
 250 001e 5A63     		str	r2, [r3, #52]
 251              		.loc 5 60 1
 252 0020 00BF     		nop
 253 0022 0C37     		adds	r7, r7, #12
 254              		.cfi_def_cfa_offset 4
 255 0024 BD46     		mov	sp, r7
 256              		.cfi_def_cfa_register 13
 257              		@ sp needed
 258 0026 80BC     		pop	{r7}
 259              		.cfi_restore 7
 260              		.cfi_def_cfa_offset 0
 261 0028 7047     		bx	lr
 262              		.cfi_endproc
 263              	.LFE433:
 264              		.size	saiObjectInit, .-saiObjectInit
 265              		.section	.text.saiStart,"ax",%progbits
 266              		.align	1
 267              		.global	saiStart
 268              		.syntax unified
 269              		.thumb
 270              		.thumb_func
 271              		.type	saiStart, %function
 272              	saiStart:
 273              	.LFB434:
 274              		.loc 5 71 58
 275              		.cfi_startproc
 276              		@ args = 0, pretend = 0, frame = 16
 277              		@ frame_needed = 1, uses_anonymous_args = 0
 278 0000 80B5     		push	{r7, lr}
 279              		.cfi_def_cfa_offset 8
 280              		.cfi_offset 7, -8
 281              		.cfi_offset 14, -4
 282 0002 84B0     		sub	sp, sp, #16
 283              		.cfi_def_cfa_offset 24
 284 0004 00AF     		add	r7, sp, #0
 285              		.cfi_def_cfa_register 7
ARM GAS  C:\Users\DEVELO~1\AppData\Local\Temp\ccPsZvP6.s 			page 6


 286 0006 7860     		str	r0, [r7, #4]
 287 0008 3960     		str	r1, [r7]
 288              		.loc 5 76 3
 289 000a FFF7FEFF 		bl	osalSysLock
 290              		.loc 5 80 16
 291 000e 7B68     		ldr	r3, [r7, #4]
 292 0010 3A68     		ldr	r2, [r7]
 293 0012 5A60     		str	r2, [r3, #4]
 294              		.loc 5 95 3
 295 0014 7868     		ldr	r0, [r7, #4]
 296 0016 FFF7FEFF 		bl	sai_lld_start
 297              		.loc 5 96 15
 298 001a 7B68     		ldr	r3, [r7, #4]
 299 001c 0222     		movs	r2, #2
 300 001e 1A70     		strb	r2, [r3]
 301              		.loc 5 97 7
 302 0020 0023     		movs	r3, #0
 303 0022 FB60     		str	r3, [r7, #12]
 304              		.loc 5 100 3
 305 0024 FFF7FEFF 		bl	osalSysUnlock
 306              		.loc 5 102 10
 307 0028 FB68     		ldr	r3, [r7, #12]
 308              		.loc 5 103 1
 309 002a 1846     		mov	r0, r3
 310 002c 1037     		adds	r7, r7, #16
 311              		.cfi_def_cfa_offset 8
 312 002e BD46     		mov	sp, r7
 313              		.cfi_def_cfa_register 13
 314              		@ sp needed
 315 0030 80BD     		pop	{r7, pc}
 316              		.cfi_endproc
 317              	.LFE434:
 318              		.size	saiStart, .-saiStart
 319              		.section	.text.saiStop,"ax",%progbits
 320              		.align	1
 321              		.global	saiStop
 322              		.syntax unified
 323              		.thumb
 324              		.thumb_func
 325              		.type	saiStop, %function
 326              	saiStop:
 327              	.LFB435:
 328              		.loc 5 112 31
 329              		.cfi_startproc
 330              		@ args = 0, pretend = 0, frame = 8
 331              		@ frame_needed = 1, uses_anonymous_args = 0
 332 0000 80B5     		push	{r7, lr}
 333              		.cfi_def_cfa_offset 8
 334              		.cfi_offset 7, -8
 335              		.cfi_offset 14, -4
 336 0002 82B0     		sub	sp, sp, #8
 337              		.cfi_def_cfa_offset 16
 338 0004 00AF     		add	r7, sp, #0
 339              		.cfi_def_cfa_register 7
 340 0006 7860     		str	r0, [r7, #4]
 341              		.loc 5 116 3
 342 0008 FFF7FEFF 		bl	osalSysLock
ARM GAS  C:\Users\DEVELO~1\AppData\Local\Temp\ccPsZvP6.s 			page 7


 343              		.loc 5 120 3
 344 000c 7868     		ldr	r0, [r7, #4]
 345 000e FFF7FEFF 		bl	sai_lld_stop
 346              		.loc 5 121 16
 347 0012 7B68     		ldr	r3, [r7, #4]
 348 0014 0022     		movs	r2, #0
 349 0016 5A60     		str	r2, [r3, #4]
 350              		.loc 5 122 16
 351 0018 7B68     		ldr	r3, [r7, #4]
 352 001a 0122     		movs	r2, #1
 353 001c 1A70     		strb	r2, [r3]
 354              		.loc 5 127 3
 355 001e FFF7FEFF 		bl	osalSysUnlock
 356              		.loc 5 128 1
 357 0022 00BF     		nop
 358 0024 0837     		adds	r7, r7, #8
 359              		.cfi_def_cfa_offset 8
 360 0026 BD46     		mov	sp, r7
 361              		.cfi_def_cfa_register 13
 362              		@ sp needed
 363 0028 80BD     		pop	{r7, pc}
 364              		.cfi_endproc
 365              	.LFE435:
 366              		.size	saiStop, .-saiStop
 367              		.section	.text.saiSetBuffers,"ax",%progbits
 368              		.align	1
 369              		.global	saiSetBuffers
 370              		.syntax unified
 371              		.thumb
 372              		.thumb_func
 373              		.type	saiSetBuffers, %function
 374              	saiSetBuffers:
 375              	.LFB436:
 376              		.loc 5 143 33
 377              		.cfi_startproc
 378              		@ args = 0, pretend = 0, frame = 16
 379              		@ frame_needed = 1, uses_anonymous_args = 0
 380 0000 80B5     		push	{r7, lr}
 381              		.cfi_def_cfa_offset 8
 382              		.cfi_offset 7, -8
 383              		.cfi_offset 14, -4
 384 0002 84B0     		sub	sp, sp, #16
 385              		.cfi_def_cfa_offset 24
 386 0004 00AF     		add	r7, sp, #0
 387              		.cfi_def_cfa_register 7
 388 0006 F860     		str	r0, [r7, #12]
 389 0008 B960     		str	r1, [r7, #8]
 390 000a 7A60     		str	r2, [r7, #4]
 391 000c 3B60     		str	r3, [r7]
 392              		.loc 5 147 3
 393 000e FFF7FEFF 		bl	osalSysLock
 394              		.loc 5 150 3
 395 0012 3B68     		ldr	r3, [r7]
 396 0014 7A68     		ldr	r2, [r7, #4]
 397 0016 B968     		ldr	r1, [r7, #8]
 398 0018 F868     		ldr	r0, [r7, #12]
 399 001a FFF7FEFF 		bl	sai_lld_set_buffers
ARM GAS  C:\Users\DEVELO~1\AppData\Local\Temp\ccPsZvP6.s 			page 8


 400              		.loc 5 152 3
 401 001e FFF7FEFF 		bl	osalSysUnlock
 402              		.loc 5 153 1
 403 0022 00BF     		nop
 404 0024 1037     		adds	r7, r7, #16
 405              		.cfi_def_cfa_offset 8
 406 0026 BD46     		mov	sp, r7
 407              		.cfi_def_cfa_register 13
 408              		@ sp needed
 409 0028 80BD     		pop	{r7, pc}
 410              		.cfi_endproc
 411              	.LFE436:
 412              		.size	saiSetBuffers, .-saiSetBuffers
 413              		.section	.text.saiStartExchange,"ax",%progbits
 414              		.align	1
 415              		.global	saiStartExchange
 416              		.syntax unified
 417              		.thumb
 418              		.thumb_func
 419              		.type	saiStartExchange, %function
 420              	saiStartExchange:
 421              	.LFB437:
 422              		.loc 5 162 40
 423              		.cfi_startproc
 424              		@ args = 0, pretend = 0, frame = 16
 425              		@ frame_needed = 1, uses_anonymous_args = 0
 426 0000 80B5     		push	{r7, lr}
 427              		.cfi_def_cfa_offset 8
 428              		.cfi_offset 7, -8
 429              		.cfi_offset 14, -4
 430 0002 84B0     		sub	sp, sp, #16
 431              		.cfi_def_cfa_offset 24
 432 0004 00AF     		add	r7, sp, #0
 433              		.cfi_def_cfa_register 7
 434 0006 7860     		str	r0, [r7, #4]
 435              		.loc 5 166 3
 436 0008 FFF7FEFF 		bl	osalSysLock
 437              	.LBB22:
 438              		.loc 5 168 3
 439 000c 7868     		ldr	r0, [r7, #4]
 440 000e FFF7FEFF 		bl	sai_lld_start_exchange
 441 0012 7B68     		ldr	r3, [r7, #4]
 442 0014 DB68     		ldr	r3, [r3, #12]
 443 0016 1B68     		ldr	r3, [r3]
 444 0018 FB60     		str	r3, [r7, #12]
 445 001a 7B68     		ldr	r3, [r7, #4]
 446 001c DB68     		ldr	r3, [r3, #12]
 447 001e 5B69     		ldr	r3, [r3, #20]
 448 0020 BB60     		str	r3, [r7, #8]
 449 0022 FB68     		ldr	r3, [r7, #12]
 450 0024 03F48033 		and	r3, r3, #65536
 451 0028 002B     		cmp	r3, #0
 452 002a 03D0     		beq	.L12
 453              		.loc 5 168 3 is_stmt 0 discriminator 1
 454 002c 7B68     		ldr	r3, [r7, #4]
 455 002e 0322     		movs	r2, #3
 456 0030 1A70     		strb	r2, [r3]
ARM GAS  C:\Users\DEVELO~1\AppData\Local\Temp\ccPsZvP6.s 			page 9


 457 0032 02E0     		b	.L13
 458              	.L12:
 459              		.loc 5 168 3 discriminator 2
 460 0034 7B68     		ldr	r3, [r7, #4]
 461 0036 0222     		movs	r2, #2
 462 0038 1A70     		strb	r2, [r3]
 463              	.L13:
 464              	.LBE22:
 465              		.loc 5 169 3 is_stmt 1
 466 003a FFF7FEFF 		bl	osalSysUnlock
 467              		.loc 5 170 1
 468 003e 00BF     		nop
 469 0040 1037     		adds	r7, r7, #16
 470              		.cfi_def_cfa_offset 8
 471 0042 BD46     		mov	sp, r7
 472              		.cfi_def_cfa_register 13
 473              		@ sp needed
 474 0044 80BD     		pop	{r7, pc}
 475              		.cfi_endproc
 476              	.LFE437:
 477              		.size	saiStartExchange, .-saiStartExchange
 478              		.section	.text.saiStopExchange,"ax",%progbits
 479              		.align	1
 480              		.global	saiStopExchange
 481              		.syntax unified
 482              		.thumb
 483              		.thumb_func
 484              		.type	saiStopExchange, %function
 485              	saiStopExchange:
 486              	.LFB438:
 487              		.loc 5 179 39
 488              		.cfi_startproc
 489              		@ args = 0, pretend = 0, frame = 8
 490              		@ frame_needed = 1, uses_anonymous_args = 0
 491 0000 80B5     		push	{r7, lr}
 492              		.cfi_def_cfa_offset 8
 493              		.cfi_offset 7, -8
 494              		.cfi_offset 14, -4
 495 0002 82B0     		sub	sp, sp, #8
 496              		.cfi_def_cfa_offset 16
 497 0004 00AF     		add	r7, sp, #0
 498              		.cfi_def_cfa_register 7
 499 0006 7860     		str	r0, [r7, #4]
 500              		.loc 5 183 3
 501 0008 FFF7FEFF 		bl	osalSysLock
 502              		.loc 5 185 3
 503 000c 7868     		ldr	r0, [r7, #4]
 504 000e FFF7FEFF 		bl	sai_lld_stop_exchange
 505 0012 7B68     		ldr	r3, [r7, #4]
 506 0014 0222     		movs	r2, #2
 507 0016 1A70     		strb	r2, [r3]
 508              		.loc 5 186 3
 509 0018 FFF7FEFF 		bl	osalSysUnlock
 510              		.loc 5 187 1
 511 001c 00BF     		nop
 512 001e 0837     		adds	r7, r7, #8
 513              		.cfi_def_cfa_offset 8
ARM GAS  C:\Users\DEVELO~1\AppData\Local\Temp\ccPsZvP6.s 			page 10


 514 0020 BD46     		mov	sp, r7
 515              		.cfi_def_cfa_register 13
 516              		@ sp needed
 517 0022 80BD     		pop	{r7, pc}
 518              		.cfi_endproc
 519              	.LFE438:
 520              		.size	saiStopExchange, .-saiStopExchange
 521              		.text
 522              	.Letext0:
 523              		.file 6 "c:\\chibistudio\\tools\\gnu tools arm embedded\\11.3 2022.08\\lib\\gcc\\arm-none-eabi\\11
 524              		.file 7 "c:\\chibistudio\\tools\\gnu tools arm embedded\\11.3 2022.08\\arm-none-eabi\\include\\mac
 525              		.file 8 "c:\\chibistudio\\tools\\gnu tools arm embedded\\11.3 2022.08\\arm-none-eabi\\include\\sys
 526              		.file 9 "../../../os/rt/include/chearly.h"
 527              		.file 10 "../../../os/common/ext/ST/STM32H7xx/stm32h743xx.h"
 528              		.file 11 "../../../os/hal/ports/STM32/LLD/DMAv2/stm32_dma.h"
 529              		.file 12 "../../../os/hal/include/hal_sai.h"
 530              		.file 13 "../../../os/hal/ports/STM32/LLD/SAIv1/hal_sai_lld.h"
 531              		.section	.debug_info,"",%progbits
 532              	.Ldebug_info0:
 533 0000 E0070000 		.4byte	0x7e0
 534 0004 0500     		.2byte	0x5
 535 0006 01       		.byte	0x1
 536 0007 04       		.byte	0x4
 537 0008 00000000 		.4byte	.Ldebug_abbrev0
 538 000c 1A       		.uleb128 0x1a
 539 000d B0030000 		.4byte	.LASF89
 540 0011 1D       		.byte	0x1d
 541 0012 39000000 		.4byte	.LASF90
 542 0016 A3000000 		.4byte	.LASF91
 543 001a 0C000000 		.4byte	.LLRL0
 544 001e 00000000 		.4byte	0
 545 0022 00000000 		.4byte	.Ldebug_line0
 546 0026 1B       		.uleb128 0x1b
 547 0027 04       		.byte	0x4
 548 0028 05       		.byte	0x5
 549 0029 696E7400 		.ascii	"int\000"
 550 002d 03       		.uleb128 0x3
 551 002e 7A000000 		.4byte	.LASF4
 552 0032 06       		.byte	0x6
 553 0033 D1       		.byte	0xd1
 554 0034 17       		.byte	0x17
 555 0035 39000000 		.4byte	0x39
 556 0039 04       		.uleb128 0x4
 557 003a 04       		.byte	0x4
 558 003b 07       		.byte	0x7
 559 003c A9040000 		.4byte	.LASF0
 560 0040 04       		.uleb128 0x4
 561 0041 08       		.byte	0x8
 562 0042 05       		.byte	0x5
 563 0043 D4010000 		.4byte	.LASF1
 564 0047 04       		.uleb128 0x4
 565 0048 08       		.byte	0x8
 566 0049 04       		.byte	0x4
 567 004a C8010000 		.4byte	.LASF2
 568 004e 04       		.uleb128 0x4
 569 004f 01       		.byte	0x1
 570 0050 06       		.byte	0x6
ARM GAS  C:\Users\DEVELO~1\AppData\Local\Temp\ccPsZvP6.s 			page 11


 571 0051 8A020000 		.4byte	.LASF3
 572 0055 03       		.uleb128 0x3
 573 0056 1B020000 		.4byte	.LASF5
 574 005a 07       		.byte	0x7
 575 005b 2B       		.byte	0x2b
 576 005c 18       		.byte	0x18
 577 005d 61000000 		.4byte	0x61
 578 0061 04       		.uleb128 0x4
 579 0062 01       		.byte	0x1
 580 0063 08       		.byte	0x8
 581 0064 4E020000 		.4byte	.LASF6
 582 0068 04       		.uleb128 0x4
 583 0069 02       		.byte	0x2
 584 006a 05       		.byte	0x5
 585 006b 70000000 		.4byte	.LASF7
 586 006f 04       		.uleb128 0x4
 587 0070 02       		.byte	0x2
 588 0071 07       		.byte	0x7
 589 0072 13030000 		.4byte	.LASF8
 590 0076 03       		.uleb128 0x3
 591 0077 67040000 		.4byte	.LASF9
 592 007b 07       		.byte	0x7
 593 007c 4D       		.byte	0x4d
 594 007d 18       		.byte	0x18
 595 007e 82000000 		.4byte	0x82
 596 0082 04       		.uleb128 0x4
 597 0083 04       		.byte	0x4
 598 0084 05       		.byte	0x5
 599 0085 3E030000 		.4byte	.LASF10
 600 0089 03       		.uleb128 0x3
 601 008a 2B020000 		.4byte	.LASF11
 602 008e 07       		.byte	0x7
 603 008f 4F       		.byte	0x4f
 604 0090 19       		.byte	0x19
 605 0091 95000000 		.4byte	0x95
 606 0095 04       		.uleb128 0x4
 607 0096 04       		.byte	0x4
 608 0097 07       		.byte	0x7
 609 0098 EF020000 		.4byte	.LASF12
 610 009c 04       		.uleb128 0x4
 611 009d 08       		.byte	0x8
 612 009e 07       		.byte	0x7
 613 009f A0020000 		.4byte	.LASF13
 614 00a3 03       		.uleb128 0x3
 615 00a4 92010000 		.4byte	.LASF14
 616 00a8 08       		.byte	0x8
 617 00a9 18       		.byte	0x18
 618 00aa 13       		.byte	0x13
 619 00ab 55000000 		.4byte	0x55
 620 00af 03       		.uleb128 0x3
 621 00b0 4F030000 		.4byte	.LASF15
 622 00b4 08       		.byte	0x8
 623 00b5 2C       		.byte	0x2c
 624 00b6 13       		.byte	0x13
 625 00b7 76000000 		.4byte	0x76
 626 00bb 03       		.uleb128 0x3
 627 00bc BC020000 		.4byte	.LASF16
ARM GAS  C:\Users\DEVELO~1\AppData\Local\Temp\ccPsZvP6.s 			page 12


 628 00c0 08       		.byte	0x8
 629 00c1 30       		.byte	0x30
 630 00c2 14       		.byte	0x14
 631 00c3 89000000 		.4byte	0x89
 632 00c7 1C       		.uleb128 0x1c
 633 00c8 BB000000 		.4byte	0xbb
 634 00cc 03       		.uleb128 0x3
 635 00cd CF040000 		.4byte	.LASF17
 636 00d1 09       		.byte	0x9
 637 00d2 58       		.byte	0x58
 638 00d3 19       		.byte	0x19
 639 00d4 AF000000 		.4byte	0xaf
 640 00d8 04       		.uleb128 0x4
 641 00d9 01       		.byte	0x1
 642 00da 08       		.byte	0x8
 643 00db 39030000 		.4byte	.LASF18
 644 00df 09       		.uleb128 0x9
 645 00e0 D8000000 		.4byte	0xd8
 646 00e4 1D       		.uleb128 0x1d
 647 00e5 04       		.byte	0x4
 648 00e6 0D       		.uleb128 0xd
 649 00e7 18       		.byte	0x18
 650 00e8 0A       		.byte	0xa
 651 00e9 3002     		.2byte	0x230
 652 00eb 43010000 		.4byte	0x143
 653 00ef 05       		.uleb128 0x5
 654 00f0 435200   		.ascii	"CR\000"
 655 00f3 0A       		.byte	0xa
 656 00f4 3202     		.2byte	0x232
 657 00f6 11       		.byte	0x11
 658 00f7 C7000000 		.4byte	0xc7
 659 00fb 00       		.byte	0
 660 00fc 02       		.uleb128 0x2
 661 00fd A1010000 		.4byte	.LASF19
 662 0101 0A       		.byte	0xa
 663 0102 3302     		.2byte	0x233
 664 0104 11       		.byte	0x11
 665 0105 C7000000 		.4byte	0xc7
 666 0109 04       		.byte	0x4
 667 010a 05       		.uleb128 0x5
 668 010b 50415200 		.ascii	"PAR\000"
 669 010f 0A       		.byte	0xa
 670 0110 3402     		.2byte	0x234
 671 0112 11       		.byte	0x11
 672 0113 C7000000 		.4byte	0xc7
 673 0117 08       		.byte	0x8
 674 0118 02       		.uleb128 0x2
 675 0119 9D030000 		.4byte	.LASF20
 676 011d 0A       		.byte	0xa
 677 011e 3502     		.2byte	0x235
 678 0120 11       		.byte	0x11
 679 0121 C7000000 		.4byte	0xc7
 680 0125 0C       		.byte	0xc
 681 0126 02       		.uleb128 0x2
 682 0127 34030000 		.4byte	.LASF21
 683 012b 0A       		.byte	0xa
 684 012c 3602     		.2byte	0x236
ARM GAS  C:\Users\DEVELO~1\AppData\Local\Temp\ccPsZvP6.s 			page 13


 685 012e 11       		.byte	0x11
 686 012f C7000000 		.4byte	0xc7
 687 0133 10       		.byte	0x10
 688 0134 05       		.uleb128 0x5
 689 0135 46435200 		.ascii	"FCR\000"
 690 0139 0A       		.byte	0xa
 691 013a 3702     		.2byte	0x237
 692 013c 11       		.byte	0x11
 693 013d C7000000 		.4byte	0xc7
 694 0141 14       		.byte	0x14
 695 0142 00       		.byte	0
 696 0143 0E       		.uleb128 0xe
 697 0144 57000000 		.4byte	.LASF22
 698 0148 0A       		.byte	0xa
 699 0149 3802     		.2byte	0x238
 700 014b 03       		.byte	0x3
 701 014c E6000000 		.4byte	0xe6
 702 0150 0D       		.uleb128 0xd
 703 0151 04       		.byte	0x4
 704 0152 0A       		.byte	0xa
 705 0153 5102     		.2byte	0x251
 706 0155 68010000 		.4byte	0x168
 707 0159 05       		.uleb128 0x5
 708 015a 43435200 		.ascii	"CCR\000"
 709 015e 0A       		.byte	0xa
 710 015f 5302     		.2byte	0x253
 711 0161 12       		.byte	0x12
 712 0162 C7000000 		.4byte	0xc7
 713 0166 00       		.byte	0
 714 0167 00       		.byte	0
 715 0168 0E       		.uleb128 0xe
 716 0169 56010000 		.4byte	.LASF23
 717 016d 0A       		.byte	0xa
 718 016e 5402     		.2byte	0x254
 719 0170 02       		.byte	0x2
 720 0171 50010000 		.4byte	0x150
 721 0175 0D       		.uleb128 0xd
 722 0176 4C       		.byte	0x4c
 723 0177 0A       		.byte	0xa
 724 0178 5405     		.2byte	0x554
 725 017a B7010000 		.4byte	0x1b7
 726 017e 05       		.uleb128 0x5
 727 017f 47435200 		.ascii	"GCR\000"
 728 0183 0A       		.byte	0xa
 729 0184 5605     		.2byte	0x556
 730 0186 11       		.byte	0x11
 731 0187 C7000000 		.4byte	0xc7
 732 018b 00       		.byte	0
 733 018c 02       		.uleb128 0x2
 734 018d 93030000 		.4byte	.LASF24
 735 0191 0A       		.byte	0xa
 736 0192 5705     		.2byte	0x557
 737 0194 11       		.byte	0x11
 738 0195 B7010000 		.4byte	0x1b7
 739 0199 04       		.byte	0x4
 740 019a 02       		.uleb128 0x2
 741 019b 1E000000 		.4byte	.LASF25
ARM GAS  C:\Users\DEVELO~1\AppData\Local\Temp\ccPsZvP6.s 			page 14


 742 019f 0A       		.byte	0xa
 743 01a0 5805     		.2byte	0x558
 744 01a2 11       		.byte	0x11
 745 01a3 C7000000 		.4byte	0xc7
 746 01a7 44       		.byte	0x44
 747 01a8 02       		.uleb128 0x2
 748 01a9 EB010000 		.4byte	.LASF26
 749 01ad 0A       		.byte	0xa
 750 01ae 5905     		.2byte	0x559
 751 01b0 11       		.byte	0x11
 752 01b1 C7000000 		.4byte	0xc7
 753 01b5 48       		.byte	0x48
 754 01b6 00       		.byte	0
 755 01b7 0A       		.uleb128 0xa
 756 01b8 BB000000 		.4byte	0xbb
 757 01bc C7010000 		.4byte	0x1c7
 758 01c0 0B       		.uleb128 0xb
 759 01c1 39000000 		.4byte	0x39
 760 01c5 0F       		.byte	0xf
 761 01c6 00       		.byte	0
 762 01c7 0E       		.uleb128 0xe
 763 01c8 43010000 		.4byte	.LASF27
 764 01cc 0A       		.byte	0xa
 765 01cd 5A05     		.2byte	0x55a
 766 01cf 03       		.byte	0x3
 767 01d0 75010000 		.4byte	0x175
 768 01d4 0D       		.uleb128 0xd
 769 01d5 20       		.byte	0x20
 770 01d6 0A       		.byte	0xa
 771 01d7 5C05     		.2byte	0x55c
 772 01d9 4C020000 		.4byte	0x24c
 773 01dd 05       		.uleb128 0x5
 774 01de 43523100 		.ascii	"CR1\000"
 775 01e2 0A       		.byte	0xa
 776 01e3 5E05     		.2byte	0x55e
 777 01e5 11       		.byte	0x11
 778 01e6 C7000000 		.4byte	0xc7
 779 01ea 00       		.byte	0
 780 01eb 05       		.uleb128 0x5
 781 01ec 43523200 		.ascii	"CR2\000"
 782 01f0 0A       		.byte	0xa
 783 01f1 5F05     		.2byte	0x55f
 784 01f3 11       		.byte	0x11
 785 01f4 C7000000 		.4byte	0xc7
 786 01f8 04       		.byte	0x4
 787 01f9 02       		.uleb128 0x2
 788 01fa B7020000 		.4byte	.LASF28
 789 01fe 0A       		.byte	0xa
 790 01ff 6005     		.2byte	0x560
 791 0201 11       		.byte	0x11
 792 0202 C7000000 		.4byte	0xc7
 793 0206 08       		.byte	0x8
 794 0207 02       		.uleb128 0x2
 795 0208 3C020000 		.4byte	.LASF29
 796 020c 0A       		.byte	0xa
 797 020d 6105     		.2byte	0x561
 798 020f 11       		.byte	0x11
ARM GAS  C:\Users\DEVELO~1\AppData\Local\Temp\ccPsZvP6.s 			page 15


 799 0210 C7000000 		.4byte	0xc7
 800 0214 0C       		.byte	0xc
 801 0215 05       		.uleb128 0x5
 802 0216 494D5200 		.ascii	"IMR\000"
 803 021a 0A       		.byte	0xa
 804 021b 6205     		.2byte	0x562
 805 021d 11       		.byte	0x11
 806 021e C7000000 		.4byte	0xc7
 807 0222 10       		.byte	0x10
 808 0223 05       		.uleb128 0x5
 809 0224 535200   		.ascii	"SR\000"
 810 0227 0A       		.byte	0xa
 811 0228 6305     		.2byte	0x563
 812 022a 11       		.byte	0x11
 813 022b C7000000 		.4byte	0xc7
 814 022f 14       		.byte	0x14
 815 0230 02       		.uleb128 0x2
 816 0231 43040000 		.4byte	.LASF30
 817 0235 0A       		.byte	0xa
 818 0236 6405     		.2byte	0x564
 819 0238 11       		.byte	0x11
 820 0239 C7000000 		.4byte	0xc7
 821 023d 18       		.byte	0x18
 822 023e 05       		.uleb128 0x5
 823 023f 445200   		.ascii	"DR\000"
 824 0242 0A       		.byte	0xa
 825 0243 6505     		.2byte	0x565
 826 0245 11       		.byte	0x11
 827 0246 C7000000 		.4byte	0xc7
 828 024a 1C       		.byte	0x1c
 829 024b 00       		.byte	0
 830 024c 0E       		.uleb128 0xe
 831 024d 31010000 		.4byte	.LASF31
 832 0251 0A       		.byte	0xa
 833 0252 6605     		.2byte	0x566
 834 0254 03       		.byte	0x3
 835 0255 D4010000 		.4byte	0x1d4
 836 0259 04       		.uleb128 0x4
 837 025a 01       		.byte	0x1
 838 025b 02       		.byte	0x2
 839 025c 65030000 		.4byte	.LASF32
 840 0260 0D       		.uleb128 0xd
 841 0261 10       		.byte	0x10
 842 0262 0B       		.byte	0xb
 843 0263 A701     		.2byte	0x1a7
 844 0265 BE020000 		.4byte	0x2be
 845 0269 02       		.uleb128 0x2
 846 026a 06020000 		.4byte	.LASF33
 847 026e 0B       		.byte	0xb
 848 026f A801     		.2byte	0x1a8
 849 0271 1A       		.byte	0x1a
 850 0272 BE020000 		.4byte	0x2be
 851 0276 00       		.byte	0
 852 0277 02       		.uleb128 0x2
 853 0278 CA040000 		.4byte	.LASF34
 854 027c 0B       		.byte	0xb
 855 027d A901     		.2byte	0x1a9
ARM GAS  C:\Users\DEVELO~1\AppData\Local\Temp\ccPsZvP6.s 			page 16


 856 027f 1A       		.byte	0x1a
 857 0280 C3020000 		.4byte	0x2c3
 858 0284 04       		.byte	0x4
 859 0285 05       		.uleb128 0x5
 860 0286 6D757800 		.ascii	"mux\000"
 861 028a 0B       		.byte	0xb
 862 028b AB01     		.2byte	0x1ab
 863 028d 1B       		.byte	0x1b
 864 028e C8020000 		.4byte	0x2c8
 865 0292 08       		.byte	0x8
 866 0293 02       		.uleb128 0x2
 867 0294 00020000 		.4byte	.LASF35
 868 0298 0B       		.byte	0xb
 869 0299 AF01     		.2byte	0x1af
 870 029b 19       		.byte	0x19
 871 029c A3000000 		.4byte	0xa3
 872 02a0 0C       		.byte	0xc
 873 02a1 02       		.uleb128 0x2
 874 02a2 DB020000 		.4byte	.LASF36
 875 02a6 0B       		.byte	0xb
 876 02a7 B101     		.2byte	0x1b1
 877 02a9 19       		.byte	0x19
 878 02aa A3000000 		.4byte	0xa3
 879 02ae 0D       		.byte	0xd
 880 02af 02       		.uleb128 0x2
 881 02b0 9A010000 		.4byte	.LASF37
 882 02b4 0B       		.byte	0xb
 883 02b5 B201     		.2byte	0x1b2
 884 02b7 19       		.byte	0x19
 885 02b8 A3000000 		.4byte	0xa3
 886 02bc 0E       		.byte	0xe
 887 02bd 00       		.byte	0
 888 02be 06       		.uleb128 0x6
 889 02bf 43010000 		.4byte	0x143
 890 02c3 06       		.uleb128 0x6
 891 02c4 C7000000 		.4byte	0xc7
 892 02c8 06       		.uleb128 0x6
 893 02c9 68010000 		.4byte	0x168
 894 02cd 0E       		.uleb128 0xe
 895 02ce 6D010000 		.4byte	.LASF38
 896 02d2 0B       		.byte	0xb
 897 02d3 B301     		.2byte	0x1b3
 898 02d5 03       		.byte	0x3
 899 02d6 60020000 		.4byte	0x260
 900 02da 09       		.uleb128 0x9
 901 02db CD020000 		.4byte	0x2cd
 902 02df 06       		.uleb128 0x6
 903 02e0 DA020000 		.4byte	0x2da
 904 02e4 1E       		.uleb128 0x1e
 905 02e5 07       		.byte	0x7
 906 02e6 01       		.byte	0x1
 907 02e7 61000000 		.4byte	0x61
 908 02eb 0C       		.byte	0xc
 909 02ec 25       		.byte	0x25
 910 02ed 0E       		.byte	0xe
 911 02ee 0B030000 		.4byte	0x30b
 912 02f2 10       		.uleb128 0x10
ARM GAS  C:\Users\DEVELO~1\AppData\Local\Temp\ccPsZvP6.s 			page 17


 913 02f3 00000000 		.4byte	.LASF39
 914 02f7 00       		.byte	0
 915 02f8 10       		.uleb128 0x10
 916 02f9 DE040000 		.4byte	.LASF40
 917 02fd 01       		.byte	0x1
 918 02fe 10       		.uleb128 0x10
 919 02ff 14000000 		.4byte	.LASF41
 920 0303 02       		.byte	0x2
 921 0304 10       		.uleb128 0x10
 922 0305 02010000 		.4byte	.LASF42
 923 0309 03       		.byte	0x3
 924 030a 00       		.byte	0
 925 030b 03       		.uleb128 0x3
 926 030c A6010000 		.4byte	.LASF43
 927 0310 0C       		.byte	0xc
 928 0311 2A       		.byte	0x2a
 929 0312 03       		.byte	0x3
 930 0313 E4020000 		.4byte	0x2e4
 931 0317 03       		.uleb128 0x3
 932 0318 96020000 		.4byte	.LASF44
 933 031c 0C       		.byte	0xc
 934 031d 2F       		.byte	0x2f
 935 031e 1F       		.byte	0x1f
 936 031f 23030000 		.4byte	0x323
 937 0323 14       		.uleb128 0x14
 938 0324 94040000 		.4byte	.LASF59
 939 0328 38       		.byte	0x38
 940 0329 45       		.byte	0x45
 941 032a D6030000 		.4byte	0x3d6
 942 032e 01       		.uleb128 0x1
 943 032f 6A000000 		.4byte	.LASF45
 944 0333 49       		.byte	0x49
 945 0334 1D       		.byte	0x1d
 946 0335 0B030000 		.4byte	0x30b
 947 0339 00       		.byte	0
 948 033a 01       		.uleb128 0x1
 949 033b 4F010000 		.4byte	.LASF46
 950 033f 4D       		.byte	0x4d
 951 0340 1E       		.byte	0x1e
 952 0341 8E040000 		.4byte	0x48e
 953 0345 04       		.byte	0x4
 954 0346 11       		.uleb128 0x11
 955 0347 73616900 		.ascii	"sai\000"
 956 034b 55       		.byte	0x55
 957 034c 93040000 		.4byte	0x493
 958 0350 08       		.byte	0x8
 959 0351 01       		.uleb128 0x1
 960 0352 71040000 		.4byte	.LASF47
 961 0356 55       		.byte	0x55
 962 0357 03       		.byte	0x3
 963 0358 98040000 		.4byte	0x498
 964 035c 0C       		.byte	0xc
 965 035d 01       		.uleb128 0x1
 966 035e 25020000 		.4byte	.LASF48
 967 0362 55       		.byte	0x55
 968 0363 03       		.byte	0x3
 969 0364 A3000000 		.4byte	0xa3
ARM GAS  C:\Users\DEVELO~1\AppData\Local\Temp\ccPsZvP6.s 			page 18


 970 0368 10       		.byte	0x10
 971 0369 01       		.uleb128 0x1
 972 036a 33000000 		.4byte	.LASF49
 973 036e 55       		.byte	0x55
 974 036f 03       		.byte	0x3
 975 0370 DF020000 		.4byte	0x2df
 976 0374 14       		.byte	0x14
 977 0375 01       		.uleb128 0x1
 978 0376 01030000 		.4byte	.LASF50
 979 037a 55       		.byte	0x55
 980 037b 03       		.byte	0x3
 981 037c DF020000 		.4byte	0x2df
 982 0380 18       		.byte	0x18
 983 0381 01       		.uleb128 0x1
 984 0382 5C020000 		.4byte	.LASF51
 985 0386 55       		.byte	0x55
 986 0387 03       		.byte	0x3
 987 0388 BB000000 		.4byte	0xbb
 988 038c 1C       		.byte	0x1c
 989 038d 01       		.uleb128 0x1
 990 038e E5020000 		.4byte	.LASF52
 991 0392 55       		.byte	0x55
 992 0393 03       		.byte	0x3
 993 0394 BB000000 		.4byte	0xbb
 994 0398 20       		.byte	0x20
 995 0399 01       		.uleb128 0x1
 996 039a 2E030000 		.4byte	.LASF53
 997 039e 55       		.byte	0x55
 998 039f 03       		.byte	0x3
 999 03a0 9D040000 		.4byte	0x49d
 1000 03a4 24       		.byte	0x24
 1001 03a5 01       		.uleb128 0x1
 1002 03a6 A3040000 		.4byte	.LASF54
 1003 03aa 55       		.byte	0x55
 1004 03ab 03       		.byte	0x3
 1005 03ac E4000000 		.4byte	0xe4
 1006 03b0 28       		.byte	0x28
 1007 03b1 01       		.uleb128 0x1
 1008 03b2 49040000 		.4byte	.LASF55
 1009 03b6 55       		.byte	0x55
 1010 03b7 03       		.byte	0x3
 1011 03b8 2D000000 		.4byte	0x2d
 1012 03bc 2C       		.byte	0x2c
 1013 03bd 01       		.uleb128 0x1
 1014 03be 07030000 		.4byte	.LASF56
 1015 03c2 55       		.byte	0x55
 1016 03c3 03       		.byte	0x3
 1017 03c4 BB000000 		.4byte	0xbb
 1018 03c8 30       		.byte	0x30
 1019 03c9 01       		.uleb128 0x1
 1020 03ca F2010000 		.4byte	.LASF57
 1021 03ce 55       		.byte	0x55
 1022 03cf 03       		.byte	0x3
 1023 03d0 BB000000 		.4byte	0xbb
 1024 03d4 34       		.byte	0x34
 1025 03d5 00       		.byte	0
 1026 03d6 03       		.uleb128 0x3
ARM GAS  C:\Users\DEVELO~1\AppData\Local\Temp\ccPsZvP6.s 			page 19


 1027 03d7 0D010000 		.4byte	.LASF58
 1028 03db 0C       		.byte	0xc
 1029 03dc 34       		.byte	0x34
 1030 03dd 1F       		.byte	0x1f
 1031 03de E7030000 		.4byte	0x3e7
 1032 03e2 09       		.uleb128 0x9
 1033 03e3 D6030000 		.4byte	0x3d6
 1034 03e7 14       		.uleb128 0x14
 1035 03e8 24000000 		.4byte	.LASF60
 1036 03ec 28       		.byte	0x28
 1037 03ed 5B       		.byte	0x5b
 1038 03ee 68040000 		.4byte	0x468
 1039 03f2 01       		.uleb128 0x1
 1040 03f3 66020000 		.4byte	.LASF61
 1041 03f7 60       		.byte	0x60
 1042 03f8 1E       		.byte	0x1e
 1043 03f9 9D040000 		.4byte	0x49d
 1044 03fd 00       		.byte	0
 1045 03fe 01       		.uleb128 0x1
 1046 03ff 81030000 		.4byte	.LASF62
 1047 0403 65       		.byte	0x65
 1048 0404 1E       		.byte	0x1e
 1049 0405 E4000000 		.4byte	0xe4
 1050 0409 04       		.byte	0x4
 1051 040a 01       		.uleb128 0x1
 1052 040b 56040000 		.4byte	.LASF63
 1053 040f 69       		.byte	0x69
 1054 0410 1D       		.byte	0x1d
 1055 0411 2D000000 		.4byte	0x2d
 1056 0415 08       		.byte	0x8
 1057 0416 01       		.uleb128 0x1
 1058 0417 B6040000 		.4byte	.LASF64
 1059 041b 6D       		.byte	0x6d
 1060 041c 1D       		.byte	0x1d
 1061 041d 68040000 		.4byte	0x468
 1062 0421 0C       		.byte	0xc
 1063 0422 11       		.uleb128 0x11
 1064 0423 67637200 		.ascii	"gcr\000"
 1065 0427 6F       		.byte	0x6f
 1066 0428 BB000000 		.4byte	0xbb
 1067 042c 10       		.byte	0x10
 1068 042d 11       		.uleb128 0x11
 1069 042e 63723100 		.ascii	"cr1\000"
 1070 0432 6F       		.byte	0x6f
 1071 0433 BB000000 		.4byte	0xbb
 1072 0437 14       		.byte	0x14
 1073 0438 11       		.uleb128 0x11
 1074 0439 63723200 		.ascii	"cr2\000"
 1075 043d 6F       		.byte	0x6f
 1076 043e BB000000 		.4byte	0xbb
 1077 0442 18       		.byte	0x18
 1078 0443 01       		.uleb128 0x1
 1079 0444 51040000 		.4byte	.LASF65
 1080 0448 6F       		.byte	0x6f
 1081 0449 03       		.byte	0x3
 1082 044a BB000000 		.4byte	0xbb
 1083 044e 1C       		.byte	0x1c
ARM GAS  C:\Users\DEVELO~1\AppData\Local\Temp\ccPsZvP6.s 			page 20


 1084 044f 01       		.uleb128 0x1
 1085 0450 36020000 		.4byte	.LASF66
 1086 0454 6F       		.byte	0x6f
 1087 0455 03       		.byte	0x3
 1088 0456 BB000000 		.4byte	0xbb
 1089 045a 20       		.byte	0x20
 1090 045b 01       		.uleb128 0x1
 1091 045c E2010000 		.4byte	.LASF67
 1092 0460 6F       		.byte	0x6f
 1093 0461 03       		.byte	0x3
 1094 0462 BB000000 		.4byte	0xbb
 1095 0466 24       		.byte	0x24
 1096 0467 00       		.byte	0
 1097 0468 03       		.uleb128 0x3
 1098 0469 0D020000 		.4byte	.LASF68
 1099 046d 0C       		.byte	0xc
 1100 046e 3C       		.byte	0x3c
 1101 046f 10       		.byte	0x10
 1102 0470 74040000 		.4byte	0x474
 1103 0474 06       		.uleb128 0x6
 1104 0475 79040000 		.4byte	0x479
 1105 0479 1F       		.uleb128 0x1f
 1106 047a 89040000 		.4byte	0x489
 1107 047e 07       		.uleb128 0x7
 1108 047f 89040000 		.4byte	0x489
 1109 0483 07       		.uleb128 0x7
 1110 0484 59020000 		.4byte	0x259
 1111 0488 00       		.byte	0
 1112 0489 06       		.uleb128 0x6
 1113 048a 17030000 		.4byte	0x317
 1114 048e 06       		.uleb128 0x6
 1115 048f E2030000 		.4byte	0x3e2
 1116 0493 06       		.uleb128 0x6
 1117 0494 C7010000 		.4byte	0x1c7
 1118 0498 06       		.uleb128 0x6
 1119 0499 4C020000 		.4byte	0x24c
 1120 049d 06       		.uleb128 0x6
 1121 049e A2040000 		.4byte	0x4a2
 1122 04a2 20       		.uleb128 0x20
 1123 04a3 0F       		.uleb128 0xf
 1124 04a4 C5020000 		.4byte	.LASF69
 1125 04a8 6501     		.2byte	0x165
 1126 04aa B4040000 		.4byte	0x4b4
 1127 04ae 07       		.uleb128 0x7
 1128 04af 89040000 		.4byte	0x489
 1129 04b3 00       		.byte	0
 1130 04b4 0F       		.uleb128 0xf
 1131 04b5 B1010000 		.4byte	.LASF70
 1132 04b9 6101     		.2byte	0x161
 1133 04bb C5040000 		.4byte	0x4c5
 1134 04bf 07       		.uleb128 0x7
 1135 04c0 89040000 		.4byte	0x489
 1136 04c4 00       		.byte	0
 1137 04c5 0F       		.uleb128 0xf
 1138 04c6 81000000 		.4byte	.LASF71
 1139 04ca 5D01     		.2byte	0x15d
 1140 04cc E5040000 		.4byte	0x4e5
ARM GAS  C:\Users\DEVELO~1\AppData\Local\Temp\ccPsZvP6.s 			page 21


 1141 04d0 07       		.uleb128 0x7
 1142 04d1 89040000 		.4byte	0x489
 1143 04d5 07       		.uleb128 0x7
 1144 04d6 9D040000 		.4byte	0x49d
 1145 04da 07       		.uleb128 0x7
 1146 04db E4000000 		.4byte	0xe4
 1147 04df 07       		.uleb128 0x7
 1148 04e0 2D000000 		.4byte	0x2d
 1149 04e4 00       		.byte	0
 1150 04e5 0F       		.uleb128 0xf
 1151 04e6 85010000 		.4byte	.LASF72
 1152 04ea 5B01     		.2byte	0x15b
 1153 04ec F6040000 		.4byte	0x4f6
 1154 04f0 07       		.uleb128 0x7
 1155 04f1 89040000 		.4byte	0x489
 1156 04f5 00       		.byte	0
 1157 04f6 0F       		.uleb128 0xf
 1158 04f7 78040000 		.4byte	.LASF73
 1159 04fb 5A01     		.2byte	0x15a
 1160 04fd 07050000 		.4byte	0x507
 1161 0501 07       		.uleb128 0x7
 1162 0502 89040000 		.4byte	0x489
 1163 0506 00       		.byte	0
 1164 0507 21       		.uleb128 0x21
 1165 0508 BD040000 		.4byte	.LASF92
 1166 050c 0D       		.byte	0xd
 1167 050d 5501     		.2byte	0x155
 1168 050f 08       		.byte	0x8
 1169 0510 12       		.uleb128 0x12
 1170 0511 17010000 		.4byte	.LASF74
 1171 0515 B3       		.byte	0xb3
 1172 0516 00000000 		.4byte	.LFB438
 1173 051a 24000000 		.4byte	.LFE438-.LFB438
 1174 051e 01       		.uleb128 0x1
 1175 051f 9C       		.byte	0x9c
 1176 0520 3C050000 		.4byte	0x53c
 1177 0524 08       		.uleb128 0x8
 1178 0525 80010000 		.4byte	.LASF76
 1179 0529 B3       		.byte	0xb3
 1180 052a 21       		.byte	0x21
 1181 052b 89040000 		.4byte	0x489
 1182 052f 02       		.uleb128 0x2
 1183 0530 91       		.byte	0x91
 1184 0531 74       		.sleb128 -12
 1185 0532 0C       		.uleb128 0xc
 1186 0533 70020000 		.4byte	.LASF77
 1187 0537 4C050000 		.4byte	0x54c
 1188 053b 00       		.byte	0
 1189 053c 0A       		.uleb128 0xa
 1190 053d DF000000 		.4byte	0xdf
 1191 0541 4C050000 		.4byte	0x54c
 1192 0545 0B       		.uleb128 0xb
 1193 0546 39000000 		.4byte	0x39
 1194 054a 0F       		.byte	0xf
 1195 054b 00       		.byte	0
 1196 054c 09       		.uleb128 0x9
 1197 054d 3C050000 		.4byte	0x53c
ARM GAS  C:\Users\DEVELO~1\AppData\Local\Temp\ccPsZvP6.s 			page 22


 1198 0551 12       		.uleb128 0x12
 1199 0552 79020000 		.4byte	.LASF75
 1200 0556 A2       		.byte	0xa2
 1201 0557 00000000 		.4byte	.LFB437
 1202 055b 46000000 		.4byte	.LFE437-.LFB437
 1203 055f 01       		.uleb128 0x1
 1204 0560 9C       		.byte	0x9c
 1205 0561 A1050000 		.4byte	0x5a1
 1206 0565 08       		.uleb128 0x8
 1207 0566 80010000 		.4byte	.LASF76
 1208 056a A2       		.byte	0xa2
 1209 056b 22       		.byte	0x22
 1210 056c 89040000 		.4byte	0x489
 1211 0570 02       		.uleb128 0x2
 1212 0571 91       		.byte	0x91
 1213 0572 6C       		.sleb128 -20
 1214 0573 0C       		.uleb128 0xc
 1215 0574 70020000 		.4byte	.LASF77
 1216 0578 B1050000 		.4byte	0x5b1
 1217 057c 22       		.uleb128 0x22
 1218 057d 0C000000 		.4byte	.LBB22
 1219 0581 2E000000 		.4byte	.LBE22-.LBB22
 1220 0585 15       		.uleb128 0x15
 1221 0586 D5040000 		.4byte	.LASF78
 1222 058a A8       		.byte	0xa8
 1223 058b BB000000 		.4byte	0xbb
 1224 058f 02       		.uleb128 0x2
 1225 0590 91       		.byte	0x91
 1226 0591 74       		.sleb128 -12
 1227 0592 15       		.uleb128 0x15
 1228 0593 47030000 		.4byte	.LASF79
 1229 0597 A8       		.byte	0xa8
 1230 0598 BB000000 		.4byte	0xbb
 1231 059c 02       		.uleb128 0x2
 1232 059d 91       		.byte	0x91
 1233 059e 70       		.sleb128 -16
 1234 059f 00       		.byte	0
 1235 05a0 00       		.byte	0
 1236 05a1 0A       		.uleb128 0xa
 1237 05a2 DF000000 		.4byte	0xdf
 1238 05a6 B1050000 		.4byte	0x5b1
 1239 05aa 0B       		.uleb128 0xb
 1240 05ab 39000000 		.4byte	0x39
 1241 05af 10       		.byte	0x10
 1242 05b0 00       		.byte	0
 1243 05b1 09       		.uleb128 0x9
 1244 05b2 A1050000 		.4byte	0x5a1
 1245 05b6 12       		.uleb128 0x12
 1246 05b7 A2030000 		.4byte	.LASF80
 1247 05bb 8C       		.byte	0x8c
 1248 05bc 00000000 		.4byte	.LFB436
 1249 05c0 2A000000 		.4byte	.LFE436-.LFB436
 1250 05c4 01       		.uleb128 0x1
 1251 05c5 9C       		.byte	0x9c
 1252 05c6 0C060000 		.4byte	0x60c
 1253 05ca 08       		.uleb128 0x8
 1254 05cb 80010000 		.4byte	.LASF76
ARM GAS  C:\Users\DEVELO~1\AppData\Local\Temp\ccPsZvP6.s 			page 23


 1255 05cf 8C       		.byte	0x8c
 1256 05d0 1F       		.byte	0x1f
 1257 05d1 89040000 		.4byte	0x489
 1258 05d5 02       		.uleb128 0x2
 1259 05d6 91       		.byte	0x91
 1260 05d7 74       		.sleb128 -12
 1261 05d8 08       		.uleb128 0x8
 1262 05d9 66020000 		.4byte	.LASF61
 1263 05dd 8D       		.byte	0x8d
 1264 05de 20       		.byte	0x20
 1265 05df 9D040000 		.4byte	0x49d
 1266 05e3 02       		.uleb128 0x2
 1267 05e4 91       		.byte	0x91
 1268 05e5 70       		.sleb128 -16
 1269 05e6 08       		.uleb128 0x8
 1270 05e7 81030000 		.4byte	.LASF62
 1271 05eb 8E       		.byte	0x8e
 1272 05ec 1A       		.byte	0x1a
 1273 05ed E4000000 		.4byte	0xe4
 1274 05f1 02       		.uleb128 0x2
 1275 05f2 91       		.byte	0x91
 1276 05f3 6C       		.sleb128 -20
 1277 05f4 08       		.uleb128 0x8
 1278 05f5 56040000 		.4byte	.LASF63
 1279 05f9 8F       		.byte	0x8f
 1280 05fa 1B       		.byte	0x1b
 1281 05fb 2D000000 		.4byte	0x2d
 1282 05ff 02       		.uleb128 0x2
 1283 0600 91       		.byte	0x91
 1284 0601 68       		.sleb128 -24
 1285 0602 0C       		.uleb128 0xc
 1286 0603 70020000 		.4byte	.LASF77
 1287 0607 1C060000 		.4byte	0x61c
 1288 060b 00       		.byte	0
 1289 060c 0A       		.uleb128 0xa
 1290 060d DF000000 		.4byte	0xdf
 1291 0611 1C060000 		.4byte	0x61c
 1292 0615 0B       		.uleb128 0xb
 1293 0616 39000000 		.4byte	0x39
 1294 061a 0D       		.byte	0xd
 1295 061b 00       		.byte	0
 1296 061c 09       		.uleb128 0x9
 1297 061d 0C060000 		.4byte	0x60c
 1298 0621 12       		.uleb128 0x12
 1299 0622 8B030000 		.4byte	.LASF81
 1300 0626 70       		.byte	0x70
 1301 0627 00000000 		.4byte	.LFB435
 1302 062b 2A000000 		.4byte	.LFE435-.LFB435
 1303 062f 01       		.uleb128 0x1
 1304 0630 9C       		.byte	0x9c
 1305 0631 4D060000 		.4byte	0x64d
 1306 0635 08       		.uleb128 0x8
 1307 0636 80010000 		.4byte	.LASF76
 1308 063a 70       		.byte	0x70
 1309 063b 19       		.byte	0x19
 1310 063c 89040000 		.4byte	0x489
 1311 0640 02       		.uleb128 0x2
ARM GAS  C:\Users\DEVELO~1\AppData\Local\Temp\ccPsZvP6.s 			page 24


 1312 0641 91       		.byte	0x91
 1313 0642 74       		.sleb128 -12
 1314 0643 0C       		.uleb128 0xc
 1315 0644 70020000 		.4byte	.LASF77
 1316 0648 5D060000 		.4byte	0x65d
 1317 064c 00       		.byte	0
 1318 064d 0A       		.uleb128 0xa
 1319 064e DF000000 		.4byte	0xdf
 1320 0652 5D060000 		.4byte	0x65d
 1321 0656 0B       		.uleb128 0xb
 1322 0657 39000000 		.4byte	0x39
 1323 065b 07       		.byte	0x7
 1324 065c 00       		.byte	0
 1325 065d 09       		.uleb128 0x9
 1326 065e 4D060000 		.4byte	0x64d
 1327 0662 23       		.uleb128 0x23
 1328 0663 0B000000 		.4byte	.LASF93
 1329 0667 05       		.byte	0x5
 1330 0668 47       		.byte	0x47
 1331 0669 07       		.byte	0x7
 1332 066a CC000000 		.4byte	0xcc
 1333 066e 00000000 		.4byte	.LFB434
 1334 0672 32000000 		.4byte	.LFE434-.LFB434
 1335 0676 01       		.uleb128 0x1
 1336 0677 9C       		.byte	0x9c
 1337 0678 B1060000 		.4byte	0x6b1
 1338 067c 08       		.uleb128 0x8
 1339 067d 80010000 		.4byte	.LASF76
 1340 0681 47       		.byte	0x47
 1341 0682 1B       		.byte	0x1b
 1342 0683 89040000 		.4byte	0x489
 1343 0687 02       		.uleb128 0x2
 1344 0688 91       		.byte	0x91
 1345 0689 6C       		.sleb128 -20
 1346 068a 08       		.uleb128 0x8
 1347 068b 4F010000 		.4byte	.LASF46
 1348 068f 47       		.byte	0x47
 1349 0690 32       		.byte	0x32
 1350 0691 8E040000 		.4byte	0x48e
 1351 0695 02       		.uleb128 0x2
 1352 0696 91       		.byte	0x91
 1353 0697 68       		.sleb128 -24
 1354 0698 24       		.uleb128 0x24
 1355 0699 6D736700 		.ascii	"msg\000"
 1356 069d 05       		.byte	0x5
 1357 069e 48       		.byte	0x48
 1358 069f 09       		.byte	0x9
 1359 06a0 CC000000 		.4byte	0xcc
 1360 06a4 02       		.uleb128 0x2
 1361 06a5 91       		.byte	0x91
 1362 06a6 74       		.sleb128 -12
 1363 06a7 0C       		.uleb128 0xc
 1364 06a8 70020000 		.4byte	.LASF77
 1365 06ac C1060000 		.4byte	0x6c1
 1366 06b0 00       		.byte	0
 1367 06b1 0A       		.uleb128 0xa
 1368 06b2 DF000000 		.4byte	0xdf
ARM GAS  C:\Users\DEVELO~1\AppData\Local\Temp\ccPsZvP6.s 			page 25


 1369 06b6 C1060000 		.4byte	0x6c1
 1370 06ba 0B       		.uleb128 0xb
 1371 06bb 39000000 		.4byte	0x39
 1372 06bf 08       		.byte	0x8
 1373 06c0 00       		.byte	0
 1374 06c1 09       		.uleb128 0x9
 1375 06c2 B1060000 		.4byte	0x6b1
 1376 06c6 25       		.uleb128 0x25
 1377 06c7 57030000 		.4byte	.LASF82
 1378 06cb 05       		.byte	0x5
 1379 06cc 33       		.byte	0x33
 1380 06cd 06       		.byte	0x6
 1381 06ce 00000000 		.4byte	.LFB433
 1382 06d2 2A000000 		.4byte	.LFE433-.LFB433
 1383 06d6 01       		.uleb128 0x1
 1384 06d7 9C       		.byte	0x9c
 1385 06d8 EB060000 		.4byte	0x6eb
 1386 06dc 08       		.uleb128 0x8
 1387 06dd 80010000 		.4byte	.LASF76
 1388 06e1 33       		.byte	0x33
 1389 06e2 1F       		.byte	0x1f
 1390 06e3 89040000 		.4byte	0x489
 1391 06e7 02       		.uleb128 0x2
 1392 06e8 91       		.byte	0x91
 1393 06e9 74       		.sleb128 -12
 1394 06ea 00       		.byte	0
 1395 06eb 26       		.uleb128 0x26
 1396 06ec 3B040000 		.4byte	.LASF94
 1397 06f0 05       		.byte	0x5
 1398 06f1 27       		.byte	0x27
 1399 06f2 06       		.byte	0x6
 1400 06f3 00000000 		.4byte	.LFB432
 1401 06f7 0C000000 		.4byte	.LFE432-.LFB432
 1402 06fb 01       		.uleb128 0x1
 1403 06fc 9C       		.byte	0x9c
 1404 06fd 16       		.uleb128 0x16
 1405 06fe 95000000 		.4byte	.LASF83
 1406 0702 4802     		.2byte	0x248
 1407 0704 00000000 		.4byte	.LFB351
 1408 0708 0C000000 		.4byte	.LFE351-.LFB351
 1409 070c 01       		.uleb128 0x1
 1410 070d 9C       		.byte	0x9c
 1411 070e 16       		.uleb128 0x16
 1412 070f 42020000 		.4byte	.LASF84
 1413 0713 3D02     		.2byte	0x23d
 1414 0715 00000000 		.4byte	.LFB350
 1415 0719 0C000000 		.4byte	.LFE350-.LFB350
 1416 071d 01       		.uleb128 0x1
 1417 071e 9C       		.byte	0x9c
 1418 071f 17       		.uleb128 0x17
 1419 0720 5B040000 		.4byte	.LASF85
 1420 0724 A501     		.2byte	0x1a5
 1421 0726 00000000 		.4byte	.LFB203
 1422 072a 1E000000 		.4byte	.LFE203-.LFB203
 1423 072e 01       		.uleb128 0x1
 1424 072f 9C       		.byte	0x9c
 1425 0730 68070000 		.4byte	0x768
ARM GAS  C:\Users\DEVELO~1\AppData\Local\Temp\ccPsZvP6.s 			page 26


 1426 0734 0C       		.uleb128 0xc
 1427 0735 70020000 		.4byte	.LASF77
 1428 0739 78070000 		.4byte	0x778
 1429 073d 13       		.uleb128 0x13
 1430 073e BD070000 		.4byte	0x7bd
 1431 0742 0A000000 		.4byte	.LBB18
 1432 0746 0A000000 		.4byte	.LBE18-.LBB18
 1433 074a 01       		.byte	0x1
 1434 074b B201     		.2byte	0x1b2
 1435 074d 13       		.uleb128 0x13
 1436 074e CB070000 		.4byte	0x7cb
 1437 0752 0A000000 		.4byte	.LBB20
 1438 0756 08000000 		.4byte	.LBE20-.LBB20
 1439 075a 03       		.byte	0x3
 1440 075b 5203     		.2byte	0x352
 1441 075d 18       		.uleb128 0x18
 1442 075e D5070000 		.4byte	0x7d5
 1443 0762 02       		.uleb128 0x2
 1444 0763 91       		.byte	0x91
 1445 0764 74       		.sleb128 -12
 1446 0765 00       		.byte	0
 1447 0766 00       		.byte	0
 1448 0767 00       		.byte	0
 1449 0768 0A       		.uleb128 0xa
 1450 0769 DF000000 		.4byte	0xdf
 1451 076d 78070000 		.4byte	0x778
 1452 0771 0B       		.uleb128 0xb
 1453 0772 39000000 		.4byte	0x39
 1454 0776 0B       		.byte	0xb
 1455 0777 00       		.byte	0
 1456 0778 09       		.uleb128 0x9
 1457 0779 68070000 		.4byte	0x768
 1458 077d 17       		.uleb128 0x17
 1459 077e 27010000 		.4byte	.LASF86
 1460 0782 9701     		.2byte	0x197
 1461 0784 00000000 		.4byte	.LFB202
 1462 0788 1E000000 		.4byte	.LFE202-.LFB202
 1463 078c 01       		.uleb128 0x1
 1464 078d 9C       		.byte	0x9c
 1465 078e BD070000 		.4byte	0x7bd
 1466 0792 13       		.uleb128 0x13
 1467 0793 C4070000 		.4byte	0x7c4
 1468 0797 0A000000 		.4byte	.LBB14
 1469 079b 0A000000 		.4byte	.LBE14-.LBB14
 1470 079f 01       		.byte	0x1
 1471 07a0 9901     		.2byte	0x199
 1472 07a2 13       		.uleb128 0x13
 1473 07a3 CB070000 		.4byte	0x7cb
 1474 07a7 0A000000 		.4byte	.LBB16
 1475 07ab 08000000 		.4byte	.LBE16-.LBB16
 1476 07af 03       		.byte	0x3
 1477 07b0 3F03     		.2byte	0x33f
 1478 07b2 18       		.uleb128 0x18
 1479 07b3 D5070000 		.4byte	0x7d5
 1480 07b7 02       		.uleb128 0x2
 1481 07b8 91       		.byte	0x91
 1482 07b9 74       		.sleb128 -12
ARM GAS  C:\Users\DEVELO~1\AppData\Local\Temp\ccPsZvP6.s 			page 27


 1483 07ba 00       		.byte	0
 1484 07bb 00       		.byte	0
 1485 07bc 00       		.byte	0
 1486 07bd 19       		.uleb128 0x19
 1487 07be 6B030000 		.4byte	.LASF87
 1488 07c2 4F03     		.2byte	0x34f
 1489 07c4 19       		.uleb128 0x19
 1490 07c5 77030000 		.4byte	.LASF88
 1491 07c9 3703     		.2byte	0x337
 1492 07cb 27       		.uleb128 0x27
 1493 07cc 86040000 		.4byte	.LASF95
 1494 07d0 02       		.byte	0x2
 1495 07d1 EB01     		.2byte	0x1eb
 1496 07d3 1B       		.byte	0x1b
 1497 07d4 03       		.byte	0x3
 1498 07d5 28       		.uleb128 0x28
 1499 07d6 26030000 		.4byte	.LASF96
 1500 07da 02       		.byte	0x2
 1501 07db EB01     		.2byte	0x1eb
 1502 07dd 32       		.byte	0x32
 1503 07de BB000000 		.4byte	0xbb
 1504 07e2 00       		.byte	0
 1505 07e3 00       		.byte	0
 1506              		.section	.debug_abbrev,"",%progbits
 1507              	.Ldebug_abbrev0:
 1508 0000 01       		.uleb128 0x1
 1509 0001 0D       		.uleb128 0xd
 1510 0002 00       		.byte	0
 1511 0003 03       		.uleb128 0x3
 1512 0004 0E       		.uleb128 0xe
 1513 0005 3A       		.uleb128 0x3a
 1514 0006 21       		.uleb128 0x21
 1515 0007 0C       		.sleb128 12
 1516 0008 3B       		.uleb128 0x3b
 1517 0009 0B       		.uleb128 0xb
 1518 000a 39       		.uleb128 0x39
 1519 000b 0B       		.uleb128 0xb
 1520 000c 49       		.uleb128 0x49
 1521 000d 13       		.uleb128 0x13
 1522 000e 38       		.uleb128 0x38
 1523 000f 0B       		.uleb128 0xb
 1524 0010 00       		.byte	0
 1525 0011 00       		.byte	0
 1526 0012 02       		.uleb128 0x2
 1527 0013 0D       		.uleb128 0xd
 1528 0014 00       		.byte	0
 1529 0015 03       		.uleb128 0x3
 1530 0016 0E       		.uleb128 0xe
 1531 0017 3A       		.uleb128 0x3a
 1532 0018 0B       		.uleb128 0xb
 1533 0019 3B       		.uleb128 0x3b
 1534 001a 05       		.uleb128 0x5
 1535 001b 39       		.uleb128 0x39
 1536 001c 0B       		.uleb128 0xb
 1537 001d 49       		.uleb128 0x49
 1538 001e 13       		.uleb128 0x13
 1539 001f 38       		.uleb128 0x38
ARM GAS  C:\Users\DEVELO~1\AppData\Local\Temp\ccPsZvP6.s 			page 28


 1540 0020 0B       		.uleb128 0xb
 1541 0021 00       		.byte	0
 1542 0022 00       		.byte	0
 1543 0023 03       		.uleb128 0x3
 1544 0024 16       		.uleb128 0x16
 1545 0025 00       		.byte	0
 1546 0026 03       		.uleb128 0x3
 1547 0027 0E       		.uleb128 0xe
 1548 0028 3A       		.uleb128 0x3a
 1549 0029 0B       		.uleb128 0xb
 1550 002a 3B       		.uleb128 0x3b
 1551 002b 0B       		.uleb128 0xb
 1552 002c 39       		.uleb128 0x39
 1553 002d 0B       		.uleb128 0xb
 1554 002e 49       		.uleb128 0x49
 1555 002f 13       		.uleb128 0x13
 1556 0030 00       		.byte	0
 1557 0031 00       		.byte	0
 1558 0032 04       		.uleb128 0x4
 1559 0033 24       		.uleb128 0x24
 1560 0034 00       		.byte	0
 1561 0035 0B       		.uleb128 0xb
 1562 0036 0B       		.uleb128 0xb
 1563 0037 3E       		.uleb128 0x3e
 1564 0038 0B       		.uleb128 0xb
 1565 0039 03       		.uleb128 0x3
 1566 003a 0E       		.uleb128 0xe
 1567 003b 00       		.byte	0
 1568 003c 00       		.byte	0
 1569 003d 05       		.uleb128 0x5
 1570 003e 0D       		.uleb128 0xd
 1571 003f 00       		.byte	0
 1572 0040 03       		.uleb128 0x3
 1573 0041 08       		.uleb128 0x8
 1574 0042 3A       		.uleb128 0x3a
 1575 0043 0B       		.uleb128 0xb
 1576 0044 3B       		.uleb128 0x3b
 1577 0045 05       		.uleb128 0x5
 1578 0046 39       		.uleb128 0x39
 1579 0047 0B       		.uleb128 0xb
 1580 0048 49       		.uleb128 0x49
 1581 0049 13       		.uleb128 0x13
 1582 004a 38       		.uleb128 0x38
 1583 004b 0B       		.uleb128 0xb
 1584 004c 00       		.byte	0
 1585 004d 00       		.byte	0
 1586 004e 06       		.uleb128 0x6
 1587 004f 0F       		.uleb128 0xf
 1588 0050 00       		.byte	0
 1589 0051 0B       		.uleb128 0xb
 1590 0052 21       		.uleb128 0x21
 1591 0053 04       		.sleb128 4
 1592 0054 49       		.uleb128 0x49
 1593 0055 13       		.uleb128 0x13
 1594 0056 00       		.byte	0
 1595 0057 00       		.byte	0
 1596 0058 07       		.uleb128 0x7
ARM GAS  C:\Users\DEVELO~1\AppData\Local\Temp\ccPsZvP6.s 			page 29


 1597 0059 05       		.uleb128 0x5
 1598 005a 00       		.byte	0
 1599 005b 49       		.uleb128 0x49
 1600 005c 13       		.uleb128 0x13
 1601 005d 00       		.byte	0
 1602 005e 00       		.byte	0
 1603 005f 08       		.uleb128 0x8
 1604 0060 05       		.uleb128 0x5
 1605 0061 00       		.byte	0
 1606 0062 03       		.uleb128 0x3
 1607 0063 0E       		.uleb128 0xe
 1608 0064 3A       		.uleb128 0x3a
 1609 0065 21       		.uleb128 0x21
 1610 0066 05       		.sleb128 5
 1611 0067 3B       		.uleb128 0x3b
 1612 0068 0B       		.uleb128 0xb
 1613 0069 39       		.uleb128 0x39
 1614 006a 0B       		.uleb128 0xb
 1615 006b 49       		.uleb128 0x49
 1616 006c 13       		.uleb128 0x13
 1617 006d 02       		.uleb128 0x2
 1618 006e 18       		.uleb128 0x18
 1619 006f 00       		.byte	0
 1620 0070 00       		.byte	0
 1621 0071 09       		.uleb128 0x9
 1622 0072 26       		.uleb128 0x26
 1623 0073 00       		.byte	0
 1624 0074 49       		.uleb128 0x49
 1625 0075 13       		.uleb128 0x13
 1626 0076 00       		.byte	0
 1627 0077 00       		.byte	0
 1628 0078 0A       		.uleb128 0xa
 1629 0079 01       		.uleb128 0x1
 1630 007a 01       		.byte	0x1
 1631 007b 49       		.uleb128 0x49
 1632 007c 13       		.uleb128 0x13
 1633 007d 01       		.uleb128 0x1
 1634 007e 13       		.uleb128 0x13
 1635 007f 00       		.byte	0
 1636 0080 00       		.byte	0
 1637 0081 0B       		.uleb128 0xb
 1638 0082 21       		.uleb128 0x21
 1639 0083 00       		.byte	0
 1640 0084 49       		.uleb128 0x49
 1641 0085 13       		.uleb128 0x13
 1642 0086 2F       		.uleb128 0x2f
 1643 0087 0B       		.uleb128 0xb
 1644 0088 00       		.byte	0
 1645 0089 00       		.byte	0
 1646 008a 0C       		.uleb128 0xc
 1647 008b 34       		.uleb128 0x34
 1648 008c 00       		.byte	0
 1649 008d 03       		.uleb128 0x3
 1650 008e 0E       		.uleb128 0xe
 1651 008f 49       		.uleb128 0x49
 1652 0090 13       		.uleb128 0x13
 1653 0091 34       		.uleb128 0x34
ARM GAS  C:\Users\DEVELO~1\AppData\Local\Temp\ccPsZvP6.s 			page 30


 1654 0092 19       		.uleb128 0x19
 1655 0093 00       		.byte	0
 1656 0094 00       		.byte	0
 1657 0095 0D       		.uleb128 0xd
 1658 0096 13       		.uleb128 0x13
 1659 0097 01       		.byte	0x1
 1660 0098 0B       		.uleb128 0xb
 1661 0099 0B       		.uleb128 0xb
 1662 009a 3A       		.uleb128 0x3a
 1663 009b 0B       		.uleb128 0xb
 1664 009c 3B       		.uleb128 0x3b
 1665 009d 05       		.uleb128 0x5
 1666 009e 39       		.uleb128 0x39
 1667 009f 21       		.uleb128 0x21
 1668 00a0 09       		.sleb128 9
 1669 00a1 01       		.uleb128 0x1
 1670 00a2 13       		.uleb128 0x13
 1671 00a3 00       		.byte	0
 1672 00a4 00       		.byte	0
 1673 00a5 0E       		.uleb128 0xe
 1674 00a6 16       		.uleb128 0x16
 1675 00a7 00       		.byte	0
 1676 00a8 03       		.uleb128 0x3
 1677 00a9 0E       		.uleb128 0xe
 1678 00aa 3A       		.uleb128 0x3a
 1679 00ab 0B       		.uleb128 0xb
 1680 00ac 3B       		.uleb128 0x3b
 1681 00ad 05       		.uleb128 0x5
 1682 00ae 39       		.uleb128 0x39
 1683 00af 0B       		.uleb128 0xb
 1684 00b0 49       		.uleb128 0x49
 1685 00b1 13       		.uleb128 0x13
 1686 00b2 00       		.byte	0
 1687 00b3 00       		.byte	0
 1688 00b4 0F       		.uleb128 0xf
 1689 00b5 2E       		.uleb128 0x2e
 1690 00b6 01       		.byte	0x1
 1691 00b7 3F       		.uleb128 0x3f
 1692 00b8 19       		.uleb128 0x19
 1693 00b9 03       		.uleb128 0x3
 1694 00ba 0E       		.uleb128 0xe
 1695 00bb 3A       		.uleb128 0x3a
 1696 00bc 21       		.uleb128 0x21
 1697 00bd 0D       		.sleb128 13
 1698 00be 3B       		.uleb128 0x3b
 1699 00bf 05       		.uleb128 0x5
 1700 00c0 39       		.uleb128 0x39
 1701 00c1 21       		.uleb128 0x21
 1702 00c2 08       		.sleb128 8
 1703 00c3 27       		.uleb128 0x27
 1704 00c4 19       		.uleb128 0x19
 1705 00c5 3C       		.uleb128 0x3c
 1706 00c6 19       		.uleb128 0x19
 1707 00c7 01       		.uleb128 0x1
 1708 00c8 13       		.uleb128 0x13
 1709 00c9 00       		.byte	0
 1710 00ca 00       		.byte	0
ARM GAS  C:\Users\DEVELO~1\AppData\Local\Temp\ccPsZvP6.s 			page 31


 1711 00cb 10       		.uleb128 0x10
 1712 00cc 28       		.uleb128 0x28
 1713 00cd 00       		.byte	0
 1714 00ce 03       		.uleb128 0x3
 1715 00cf 0E       		.uleb128 0xe
 1716 00d0 1C       		.uleb128 0x1c
 1717 00d1 0B       		.uleb128 0xb
 1718 00d2 00       		.byte	0
 1719 00d3 00       		.byte	0
 1720 00d4 11       		.uleb128 0x11
 1721 00d5 0D       		.uleb128 0xd
 1722 00d6 00       		.byte	0
 1723 00d7 03       		.uleb128 0x3
 1724 00d8 08       		.uleb128 0x8
 1725 00d9 3A       		.uleb128 0x3a
 1726 00da 21       		.uleb128 0x21
 1727 00db 0C       		.sleb128 12
 1728 00dc 3B       		.uleb128 0x3b
 1729 00dd 0B       		.uleb128 0xb
 1730 00de 39       		.uleb128 0x39
 1731 00df 21       		.uleb128 0x21
 1732 00e0 03       		.sleb128 3
 1733 00e1 49       		.uleb128 0x49
 1734 00e2 13       		.uleb128 0x13
 1735 00e3 38       		.uleb128 0x38
 1736 00e4 0B       		.uleb128 0xb
 1737 00e5 00       		.byte	0
 1738 00e6 00       		.byte	0
 1739 00e7 12       		.uleb128 0x12
 1740 00e8 2E       		.uleb128 0x2e
 1741 00e9 01       		.byte	0x1
 1742 00ea 3F       		.uleb128 0x3f
 1743 00eb 19       		.uleb128 0x19
 1744 00ec 03       		.uleb128 0x3
 1745 00ed 0E       		.uleb128 0xe
 1746 00ee 3A       		.uleb128 0x3a
 1747 00ef 21       		.uleb128 0x21
 1748 00f0 05       		.sleb128 5
 1749 00f1 3B       		.uleb128 0x3b
 1750 00f2 0B       		.uleb128 0xb
 1751 00f3 39       		.uleb128 0x39
 1752 00f4 21       		.uleb128 0x21
 1753 00f5 06       		.sleb128 6
 1754 00f6 27       		.uleb128 0x27
 1755 00f7 19       		.uleb128 0x19
 1756 00f8 11       		.uleb128 0x11
 1757 00f9 01       		.uleb128 0x1
 1758 00fa 12       		.uleb128 0x12
 1759 00fb 06       		.uleb128 0x6
 1760 00fc 40       		.uleb128 0x40
 1761 00fd 18       		.uleb128 0x18
 1762 00fe 7C       		.uleb128 0x7c
 1763 00ff 19       		.uleb128 0x19
 1764 0100 01       		.uleb128 0x1
 1765 0101 13       		.uleb128 0x13
 1766 0102 00       		.byte	0
 1767 0103 00       		.byte	0
ARM GAS  C:\Users\DEVELO~1\AppData\Local\Temp\ccPsZvP6.s 			page 32


 1768 0104 13       		.uleb128 0x13
 1769 0105 1D       		.uleb128 0x1d
 1770 0106 01       		.byte	0x1
 1771 0107 31       		.uleb128 0x31
 1772 0108 13       		.uleb128 0x13
 1773 0109 11       		.uleb128 0x11
 1774 010a 01       		.uleb128 0x1
 1775 010b 12       		.uleb128 0x12
 1776 010c 06       		.uleb128 0x6
 1777 010d 58       		.uleb128 0x58
 1778 010e 0B       		.uleb128 0xb
 1779 010f 59       		.uleb128 0x59
 1780 0110 05       		.uleb128 0x5
 1781 0111 57       		.uleb128 0x57
 1782 0112 21       		.uleb128 0x21
 1783 0113 03       		.sleb128 3
 1784 0114 00       		.byte	0
 1785 0115 00       		.byte	0
 1786 0116 14       		.uleb128 0x14
 1787 0117 13       		.uleb128 0x13
 1788 0118 01       		.byte	0x1
 1789 0119 03       		.uleb128 0x3
 1790 011a 0E       		.uleb128 0xe
 1791 011b 0B       		.uleb128 0xb
 1792 011c 0B       		.uleb128 0xb
 1793 011d 3A       		.uleb128 0x3a
 1794 011e 21       		.uleb128 0x21
 1795 011f 0C       		.sleb128 12
 1796 0120 3B       		.uleb128 0x3b
 1797 0121 0B       		.uleb128 0xb
 1798 0122 39       		.uleb128 0x39
 1799 0123 21       		.uleb128 0x21
 1800 0124 08       		.sleb128 8
 1801 0125 01       		.uleb128 0x1
 1802 0126 13       		.uleb128 0x13
 1803 0127 00       		.byte	0
 1804 0128 00       		.byte	0
 1805 0129 15       		.uleb128 0x15
 1806 012a 34       		.uleb128 0x34
 1807 012b 00       		.byte	0
 1808 012c 03       		.uleb128 0x3
 1809 012d 0E       		.uleb128 0xe
 1810 012e 3A       		.uleb128 0x3a
 1811 012f 21       		.uleb128 0x21
 1812 0130 05       		.sleb128 5
 1813 0131 3B       		.uleb128 0x3b
 1814 0132 0B       		.uleb128 0xb
 1815 0133 39       		.uleb128 0x39
 1816 0134 21       		.uleb128 0x21
 1817 0135 03       		.sleb128 3
 1818 0136 49       		.uleb128 0x49
 1819 0137 13       		.uleb128 0x13
 1820 0138 02       		.uleb128 0x2
 1821 0139 18       		.uleb128 0x18
 1822 013a 00       		.byte	0
 1823 013b 00       		.byte	0
 1824 013c 16       		.uleb128 0x16
ARM GAS  C:\Users\DEVELO~1\AppData\Local\Temp\ccPsZvP6.s 			page 33


 1825 013d 2E       		.uleb128 0x2e
 1826 013e 00       		.byte	0
 1827 013f 03       		.uleb128 0x3
 1828 0140 0E       		.uleb128 0xe
 1829 0141 3A       		.uleb128 0x3a
 1830 0142 21       		.uleb128 0x21
 1831 0143 04       		.sleb128 4
 1832 0144 3B       		.uleb128 0x3b
 1833 0145 05       		.uleb128 0x5
 1834 0146 39       		.uleb128 0x39
 1835 0147 21       		.uleb128 0x21
 1836 0148 14       		.sleb128 20
 1837 0149 27       		.uleb128 0x27
 1838 014a 19       		.uleb128 0x19
 1839 014b 11       		.uleb128 0x11
 1840 014c 01       		.uleb128 0x1
 1841 014d 12       		.uleb128 0x12
 1842 014e 06       		.uleb128 0x6
 1843 014f 40       		.uleb128 0x40
 1844 0150 18       		.uleb128 0x18
 1845 0151 7C       		.uleb128 0x7c
 1846 0152 19       		.uleb128 0x19
 1847 0153 00       		.byte	0
 1848 0154 00       		.byte	0
 1849 0155 17       		.uleb128 0x17
 1850 0156 2E       		.uleb128 0x2e
 1851 0157 01       		.byte	0x1
 1852 0158 03       		.uleb128 0x3
 1853 0159 0E       		.uleb128 0xe
 1854 015a 3A       		.uleb128 0x3a
 1855 015b 21       		.uleb128 0x21
 1856 015c 01       		.sleb128 1
 1857 015d 3B       		.uleb128 0x3b
 1858 015e 05       		.uleb128 0x5
 1859 015f 39       		.uleb128 0x39
 1860 0160 21       		.uleb128 0x21
 1861 0161 14       		.sleb128 20
 1862 0162 27       		.uleb128 0x27
 1863 0163 19       		.uleb128 0x19
 1864 0164 11       		.uleb128 0x11
 1865 0165 01       		.uleb128 0x1
 1866 0166 12       		.uleb128 0x12
 1867 0167 06       		.uleb128 0x6
 1868 0168 40       		.uleb128 0x40
 1869 0169 18       		.uleb128 0x18
 1870 016a 7A       		.uleb128 0x7a
 1871 016b 19       		.uleb128 0x19
 1872 016c 01       		.uleb128 0x1
 1873 016d 13       		.uleb128 0x13
 1874 016e 00       		.byte	0
 1875 016f 00       		.byte	0
 1876 0170 18       		.uleb128 0x18
 1877 0171 05       		.uleb128 0x5
 1878 0172 00       		.byte	0
 1879 0173 31       		.uleb128 0x31
 1880 0174 13       		.uleb128 0x13
 1881 0175 02       		.uleb128 0x2
ARM GAS  C:\Users\DEVELO~1\AppData\Local\Temp\ccPsZvP6.s 			page 34


 1882 0176 18       		.uleb128 0x18
 1883 0177 00       		.byte	0
 1884 0178 00       		.byte	0
 1885 0179 19       		.uleb128 0x19
 1886 017a 2E       		.uleb128 0x2e
 1887 017b 00       		.byte	0
 1888 017c 03       		.uleb128 0x3
 1889 017d 0E       		.uleb128 0xe
 1890 017e 3A       		.uleb128 0x3a
 1891 017f 21       		.uleb128 0x21
 1892 0180 03       		.sleb128 3
 1893 0181 3B       		.uleb128 0x3b
 1894 0182 05       		.uleb128 0x5
 1895 0183 39       		.uleb128 0x39
 1896 0184 21       		.uleb128 0x21
 1897 0185 1B       		.sleb128 27
 1898 0186 27       		.uleb128 0x27
 1899 0187 19       		.uleb128 0x19
 1900 0188 20       		.uleb128 0x20
 1901 0189 21       		.uleb128 0x21
 1902 018a 03       		.sleb128 3
 1903 018b 00       		.byte	0
 1904 018c 00       		.byte	0
 1905 018d 1A       		.uleb128 0x1a
 1906 018e 11       		.uleb128 0x11
 1907 018f 01       		.byte	0x1
 1908 0190 25       		.uleb128 0x25
 1909 0191 0E       		.uleb128 0xe
 1910 0192 13       		.uleb128 0x13
 1911 0193 0B       		.uleb128 0xb
 1912 0194 03       		.uleb128 0x3
 1913 0195 0E       		.uleb128 0xe
 1914 0196 1B       		.uleb128 0x1b
 1915 0197 0E       		.uleb128 0xe
 1916 0198 55       		.uleb128 0x55
 1917 0199 17       		.uleb128 0x17
 1918 019a 11       		.uleb128 0x11
 1919 019b 01       		.uleb128 0x1
 1920 019c 10       		.uleb128 0x10
 1921 019d 17       		.uleb128 0x17
 1922 019e 00       		.byte	0
 1923 019f 00       		.byte	0
 1924 01a0 1B       		.uleb128 0x1b
 1925 01a1 24       		.uleb128 0x24
 1926 01a2 00       		.byte	0
 1927 01a3 0B       		.uleb128 0xb
 1928 01a4 0B       		.uleb128 0xb
 1929 01a5 3E       		.uleb128 0x3e
 1930 01a6 0B       		.uleb128 0xb
 1931 01a7 03       		.uleb128 0x3
 1932 01a8 08       		.uleb128 0x8
 1933 01a9 00       		.byte	0
 1934 01aa 00       		.byte	0
 1935 01ab 1C       		.uleb128 0x1c
 1936 01ac 35       		.uleb128 0x35
 1937 01ad 00       		.byte	0
 1938 01ae 49       		.uleb128 0x49
ARM GAS  C:\Users\DEVELO~1\AppData\Local\Temp\ccPsZvP6.s 			page 35


 1939 01af 13       		.uleb128 0x13
 1940 01b0 00       		.byte	0
 1941 01b1 00       		.byte	0
 1942 01b2 1D       		.uleb128 0x1d
 1943 01b3 0F       		.uleb128 0xf
 1944 01b4 00       		.byte	0
 1945 01b5 0B       		.uleb128 0xb
 1946 01b6 0B       		.uleb128 0xb
 1947 01b7 00       		.byte	0
 1948 01b8 00       		.byte	0
 1949 01b9 1E       		.uleb128 0x1e
 1950 01ba 04       		.uleb128 0x4
 1951 01bb 01       		.byte	0x1
 1952 01bc 3E       		.uleb128 0x3e
 1953 01bd 0B       		.uleb128 0xb
 1954 01be 0B       		.uleb128 0xb
 1955 01bf 0B       		.uleb128 0xb
 1956 01c0 49       		.uleb128 0x49
 1957 01c1 13       		.uleb128 0x13
 1958 01c2 3A       		.uleb128 0x3a
 1959 01c3 0B       		.uleb128 0xb
 1960 01c4 3B       		.uleb128 0x3b
 1961 01c5 0B       		.uleb128 0xb
 1962 01c6 39       		.uleb128 0x39
 1963 01c7 0B       		.uleb128 0xb
 1964 01c8 01       		.uleb128 0x1
 1965 01c9 13       		.uleb128 0x13
 1966 01ca 00       		.byte	0
 1967 01cb 00       		.byte	0
 1968 01cc 1F       		.uleb128 0x1f
 1969 01cd 15       		.uleb128 0x15
 1970 01ce 01       		.byte	0x1
 1971 01cf 27       		.uleb128 0x27
 1972 01d0 19       		.uleb128 0x19
 1973 01d1 01       		.uleb128 0x1
 1974 01d2 13       		.uleb128 0x13
 1975 01d3 00       		.byte	0
 1976 01d4 00       		.byte	0
 1977 01d5 20       		.uleb128 0x20
 1978 01d6 26       		.uleb128 0x26
 1979 01d7 00       		.byte	0
 1980 01d8 00       		.byte	0
 1981 01d9 00       		.byte	0
 1982 01da 21       		.uleb128 0x21
 1983 01db 2E       		.uleb128 0x2e
 1984 01dc 00       		.byte	0
 1985 01dd 3F       		.uleb128 0x3f
 1986 01de 19       		.uleb128 0x19
 1987 01df 03       		.uleb128 0x3
 1988 01e0 0E       		.uleb128 0xe
 1989 01e1 3A       		.uleb128 0x3a
 1990 01e2 0B       		.uleb128 0xb
 1991 01e3 3B       		.uleb128 0x3b
 1992 01e4 05       		.uleb128 0x5
 1993 01e5 39       		.uleb128 0x39
 1994 01e6 0B       		.uleb128 0xb
 1995 01e7 27       		.uleb128 0x27
ARM GAS  C:\Users\DEVELO~1\AppData\Local\Temp\ccPsZvP6.s 			page 36


 1996 01e8 19       		.uleb128 0x19
 1997 01e9 3C       		.uleb128 0x3c
 1998 01ea 19       		.uleb128 0x19
 1999 01eb 00       		.byte	0
 2000 01ec 00       		.byte	0
 2001 01ed 22       		.uleb128 0x22
 2002 01ee 0B       		.uleb128 0xb
 2003 01ef 01       		.byte	0x1
 2004 01f0 11       		.uleb128 0x11
 2005 01f1 01       		.uleb128 0x1
 2006 01f2 12       		.uleb128 0x12
 2007 01f3 06       		.uleb128 0x6
 2008 01f4 00       		.byte	0
 2009 01f5 00       		.byte	0
 2010 01f6 23       		.uleb128 0x23
 2011 01f7 2E       		.uleb128 0x2e
 2012 01f8 01       		.byte	0x1
 2013 01f9 3F       		.uleb128 0x3f
 2014 01fa 19       		.uleb128 0x19
 2015 01fb 03       		.uleb128 0x3
 2016 01fc 0E       		.uleb128 0xe
 2017 01fd 3A       		.uleb128 0x3a
 2018 01fe 0B       		.uleb128 0xb
 2019 01ff 3B       		.uleb128 0x3b
 2020 0200 0B       		.uleb128 0xb
 2021 0201 39       		.uleb128 0x39
 2022 0202 0B       		.uleb128 0xb
 2023 0203 27       		.uleb128 0x27
 2024 0204 19       		.uleb128 0x19
 2025 0205 49       		.uleb128 0x49
 2026 0206 13       		.uleb128 0x13
 2027 0207 11       		.uleb128 0x11
 2028 0208 01       		.uleb128 0x1
 2029 0209 12       		.uleb128 0x12
 2030 020a 06       		.uleb128 0x6
 2031 020b 40       		.uleb128 0x40
 2032 020c 18       		.uleb128 0x18
 2033 020d 7C       		.uleb128 0x7c
 2034 020e 19       		.uleb128 0x19
 2035 020f 01       		.uleb128 0x1
 2036 0210 13       		.uleb128 0x13
 2037 0211 00       		.byte	0
 2038 0212 00       		.byte	0
 2039 0213 24       		.uleb128 0x24
 2040 0214 34       		.uleb128 0x34
 2041 0215 00       		.byte	0
 2042 0216 03       		.uleb128 0x3
 2043 0217 08       		.uleb128 0x8
 2044 0218 3A       		.uleb128 0x3a
 2045 0219 0B       		.uleb128 0xb
 2046 021a 3B       		.uleb128 0x3b
 2047 021b 0B       		.uleb128 0xb
 2048 021c 39       		.uleb128 0x39
 2049 021d 0B       		.uleb128 0xb
 2050 021e 49       		.uleb128 0x49
 2051 021f 13       		.uleb128 0x13
 2052 0220 02       		.uleb128 0x2
ARM GAS  C:\Users\DEVELO~1\AppData\Local\Temp\ccPsZvP6.s 			page 37


 2053 0221 18       		.uleb128 0x18
 2054 0222 00       		.byte	0
 2055 0223 00       		.byte	0
 2056 0224 25       		.uleb128 0x25
 2057 0225 2E       		.uleb128 0x2e
 2058 0226 01       		.byte	0x1
 2059 0227 3F       		.uleb128 0x3f
 2060 0228 19       		.uleb128 0x19
 2061 0229 03       		.uleb128 0x3
 2062 022a 0E       		.uleb128 0xe
 2063 022b 3A       		.uleb128 0x3a
 2064 022c 0B       		.uleb128 0xb
 2065 022d 3B       		.uleb128 0x3b
 2066 022e 0B       		.uleb128 0xb
 2067 022f 39       		.uleb128 0x39
 2068 0230 0B       		.uleb128 0xb
 2069 0231 27       		.uleb128 0x27
 2070 0232 19       		.uleb128 0x19
 2071 0233 11       		.uleb128 0x11
 2072 0234 01       		.uleb128 0x1
 2073 0235 12       		.uleb128 0x12
 2074 0236 06       		.uleb128 0x6
 2075 0237 40       		.uleb128 0x40
 2076 0238 18       		.uleb128 0x18
 2077 0239 7A       		.uleb128 0x7a
 2078 023a 19       		.uleb128 0x19
 2079 023b 01       		.uleb128 0x1
 2080 023c 13       		.uleb128 0x13
 2081 023d 00       		.byte	0
 2082 023e 00       		.byte	0
 2083 023f 26       		.uleb128 0x26
 2084 0240 2E       		.uleb128 0x2e
 2085 0241 00       		.byte	0
 2086 0242 3F       		.uleb128 0x3f
 2087 0243 19       		.uleb128 0x19
 2088 0244 03       		.uleb128 0x3
 2089 0245 0E       		.uleb128 0xe
 2090 0246 3A       		.uleb128 0x3a
 2091 0247 0B       		.uleb128 0xb
 2092 0248 3B       		.uleb128 0x3b
 2093 0249 0B       		.uleb128 0xb
 2094 024a 39       		.uleb128 0x39
 2095 024b 0B       		.uleb128 0xb
 2096 024c 27       		.uleb128 0x27
 2097 024d 19       		.uleb128 0x19
 2098 024e 11       		.uleb128 0x11
 2099 024f 01       		.uleb128 0x1
 2100 0250 12       		.uleb128 0x12
 2101 0251 06       		.uleb128 0x6
 2102 0252 40       		.uleb128 0x40
 2103 0253 18       		.uleb128 0x18
 2104 0254 7C       		.uleb128 0x7c
 2105 0255 19       		.uleb128 0x19
 2106 0256 00       		.byte	0
 2107 0257 00       		.byte	0
 2108 0258 27       		.uleb128 0x27
 2109 0259 2E       		.uleb128 0x2e
ARM GAS  C:\Users\DEVELO~1\AppData\Local\Temp\ccPsZvP6.s 			page 38


 2110 025a 01       		.byte	0x1
 2111 025b 03       		.uleb128 0x3
 2112 025c 0E       		.uleb128 0xe
 2113 025d 3A       		.uleb128 0x3a
 2114 025e 0B       		.uleb128 0xb
 2115 025f 3B       		.uleb128 0x3b
 2116 0260 05       		.uleb128 0x5
 2117 0261 39       		.uleb128 0x39
 2118 0262 0B       		.uleb128 0xb
 2119 0263 27       		.uleb128 0x27
 2120 0264 19       		.uleb128 0x19
 2121 0265 20       		.uleb128 0x20
 2122 0266 0B       		.uleb128 0xb
 2123 0267 00       		.byte	0
 2124 0268 00       		.byte	0
 2125 0269 28       		.uleb128 0x28
 2126 026a 05       		.uleb128 0x5
 2127 026b 00       		.byte	0
 2128 026c 03       		.uleb128 0x3
 2129 026d 0E       		.uleb128 0xe
 2130 026e 3A       		.uleb128 0x3a
 2131 026f 0B       		.uleb128 0xb
 2132 0270 3B       		.uleb128 0x3b
 2133 0271 05       		.uleb128 0x5
 2134 0272 39       		.uleb128 0x39
 2135 0273 0B       		.uleb128 0xb
 2136 0274 49       		.uleb128 0x49
 2137 0275 13       		.uleb128 0x13
 2138 0276 00       		.byte	0
 2139 0277 00       		.byte	0
 2140 0278 00       		.byte	0
 2141              		.section	.debug_aranges,"",%progbits
 2142 0000 6C000000 		.4byte	0x6c
 2143 0004 0200     		.2byte	0x2
 2144 0006 00000000 		.4byte	.Ldebug_info0
 2145 000a 04       		.byte	0x4
 2146 000b 00       		.byte	0
 2147 000c 0000     		.2byte	0
 2148 000e 0000     		.2byte	0
 2149 0010 00000000 		.4byte	.LFB202
 2150 0014 1E000000 		.4byte	.LFE202-.LFB202
 2151 0018 00000000 		.4byte	.LFB203
 2152 001c 1E000000 		.4byte	.LFE203-.LFB203
 2153 0020 00000000 		.4byte	.LFB350
 2154 0024 0C000000 		.4byte	.LFE350-.LFB350
 2155 0028 00000000 		.4byte	.LFB351
 2156 002c 0C000000 		.4byte	.LFE351-.LFB351
 2157 0030 00000000 		.4byte	.LFB432
 2158 0034 0C000000 		.4byte	.LFE432-.LFB432
 2159 0038 00000000 		.4byte	.LFB433
 2160 003c 2A000000 		.4byte	.LFE433-.LFB433
 2161 0040 00000000 		.4byte	.LFB434
 2162 0044 32000000 		.4byte	.LFE434-.LFB434
 2163 0048 00000000 		.4byte	.LFB435
 2164 004c 2A000000 		.4byte	.LFE435-.LFB435
 2165 0050 00000000 		.4byte	.LFB436
 2166 0054 2A000000 		.4byte	.LFE436-.LFB436
ARM GAS  C:\Users\DEVELO~1\AppData\Local\Temp\ccPsZvP6.s 			page 39


 2167 0058 00000000 		.4byte	.LFB437
 2168 005c 46000000 		.4byte	.LFE437-.LFB437
 2169 0060 00000000 		.4byte	.LFB438
 2170 0064 24000000 		.4byte	.LFE438-.LFB438
 2171 0068 00000000 		.4byte	0
 2172 006c 00000000 		.4byte	0
 2173              		.section	.debug_rnglists,"",%progbits
 2174              	.Ldebug_ranges0:
 2175 0000 4B000000 		.4byte	.Ldebug_ranges3-.Ldebug_ranges2
 2176              	.Ldebug_ranges2:
 2177 0004 0500     		.2byte	0x5
 2178 0006 04       		.byte	0x4
 2179 0007 00       		.byte	0
 2180 0008 00000000 		.4byte	0
 2181              	.LLRL0:
 2182 000c 07       		.byte	0x7
 2183 000d 00000000 		.4byte	.LFB202
 2184 0011 1E       		.uleb128 .LFE202-.LFB202
 2185 0012 07       		.byte	0x7
 2186 0013 00000000 		.4byte	.LFB203
 2187 0017 1E       		.uleb128 .LFE203-.LFB203
 2188 0018 07       		.byte	0x7
 2189 0019 00000000 		.4byte	.LFB350
 2190 001d 0C       		.uleb128 .LFE350-.LFB350
 2191 001e 07       		.byte	0x7
 2192 001f 00000000 		.4byte	.LFB351
 2193 0023 0C       		.uleb128 .LFE351-.LFB351
 2194 0024 07       		.byte	0x7
 2195 0025 00000000 		.4byte	.LFB432
 2196 0029 0C       		.uleb128 .LFE432-.LFB432
 2197 002a 07       		.byte	0x7
 2198 002b 00000000 		.4byte	.LFB433
 2199 002f 2A       		.uleb128 .LFE433-.LFB433
 2200 0030 07       		.byte	0x7
 2201 0031 00000000 		.4byte	.LFB434
 2202 0035 32       		.uleb128 .LFE434-.LFB434
 2203 0036 07       		.byte	0x7
 2204 0037 00000000 		.4byte	.LFB435
 2205 003b 2A       		.uleb128 .LFE435-.LFB435
 2206 003c 07       		.byte	0x7
 2207 003d 00000000 		.4byte	.LFB436
 2208 0041 2A       		.uleb128 .LFE436-.LFB436
 2209 0042 07       		.byte	0x7
 2210 0043 00000000 		.4byte	.LFB437
 2211 0047 46       		.uleb128 .LFE437-.LFB437
 2212 0048 07       		.byte	0x7
 2213 0049 00000000 		.4byte	.LFB438
 2214 004d 24       		.uleb128 .LFE438-.LFB438
 2215 004e 00       		.byte	0
 2216              	.Ldebug_ranges3:
 2217              		.section	.debug_line,"",%progbits
 2218              	.Ldebug_line0:
 2219 0000 63040000 		.section	.debug_str,"MS",%progbits,1
 2219      0300EE02 
 2219      00000201 
 2219      FB0E0D00 
 2219      01010101 
ARM GAS  C:\Users\DEVELO~1\AppData\Local\Temp\ccPsZvP6.s 			page 40


 2220              	.LASF39:
 2221 0000 5341495F 		.ascii	"SAI_UNINIT\000"
 2221      554E494E 
 2221      495400
 2222              	.LASF93:
 2223 000b 73616953 		.ascii	"saiStart\000"
 2223      74617274 
 2223      00
 2224              	.LASF41:
 2225 0014 5341495F 		.ascii	"SAI_READY\000"
 2225      52454144 
 2225      5900
 2226              	.LASF25:
 2227 001e 50444D43 		.ascii	"PDMCR\000"
 2227      5200
 2228              	.LASF60:
 2229 0024 68616C5F 		.ascii	"hal_sai_config\000"
 2229      7361695F 
 2229      636F6E66 
 2229      696700
 2230              	.LASF49:
 2231 0033 646D6172 		.ascii	"dmarx\000"
 2231      7800
 2232              	.LASF90:
 2233 0039 2E2E2F2E 		.ascii	"../../../os/hal/src/hal_sai.c\000"
 2233      2E2F2E2E 
 2233      2F6F732F 
 2233      68616C2F 
 2233      7372632F 
 2234              	.LASF22:
 2235 0057 444D415F 		.ascii	"DMA_Stream_TypeDef\000"
 2235      53747265 
 2235      616D5F54 
 2235      79706544 
 2235      656600
 2236              	.LASF45:
 2237 006a 73746174 		.ascii	"state\000"
 2237      6500
 2238              	.LASF7:
 2239 0070 73686F72 		.ascii	"short int\000"
 2239      7420696E 
 2239      7400
 2240              	.LASF4:
 2241 007a 73697A65 		.ascii	"size_t\000"
 2241      5F7400
 2242              	.LASF71:
 2243 0081 7361695F 		.ascii	"sai_lld_set_buffers\000"
 2243      6C6C645F 
 2243      7365745F 
 2243      62756666 
 2243      65727300 
 2244              	.LASF83:
 2245 0095 6F73616C 		.ascii	"osalSysUnlock\000"
 2245      53797355 
 2245      6E6C6F63 
 2245      6B00
 2246              	.LASF91:
ARM GAS  C:\Users\DEVELO~1\AppData\Local\Temp\ccPsZvP6.s 			page 41


 2247 00a3 433A5C50 		.ascii	"C:\\PROJET\\ChibiOS project\\ChibiOS_21.11.4\\demos"
 2247      524F4A45 
 2247      545C4368 
 2247      6962694F 
 2247      53207072 
 2248 00d2 5C53544D 		.ascii	"\\STM32\\RT-STM32H743ZI_REV_XY-NUCLEO144_Quartz8M\000"
 2248      33325C52 
 2248      542D5354 
 2248      4D333248 
 2248      3734335A 
 2249              	.LASF42:
 2250 0102 5341495F 		.ascii	"SAI_ACTIVE\000"
 2250      41435449 
 2250      564500
 2251              	.LASF58:
 2252 010d 53414943 		.ascii	"SAIConfig\000"
 2252      6F6E6669 
 2252      6700
 2253              	.LASF74:
 2254 0117 73616953 		.ascii	"saiStopExchange\000"
 2254      746F7045 
 2254      78636861 
 2254      6E676500 
 2255              	.LASF86:
 2256 0127 63685379 		.ascii	"chSysLock\000"
 2256      734C6F63 
 2256      6B00
 2257              	.LASF31:
 2258 0131 5341495F 		.ascii	"SAI_Block_TypeDef\000"
 2258      426C6F63 
 2258      6B5F5479 
 2258      70654465 
 2258      6600
 2259              	.LASF27:
 2260 0143 5341495F 		.ascii	"SAI_TypeDef\000"
 2260      54797065 
 2260      44656600 
 2261              	.LASF46:
 2262 014f 636F6E66 		.ascii	"config\000"
 2262      696700
 2263              	.LASF23:
 2264 0156 444D414D 		.ascii	"DMAMUX_Channel_TypeDef\000"
 2264      55585F43 
 2264      68616E6E 
 2264      656C5F54 
 2264      79706544 
 2265              	.LASF38:
 2266 016d 73746D33 		.ascii	"stm32_dma_stream_t\000"
 2266      325F646D 
 2266      615F7374 
 2266      7265616D 
 2266      5F7400
 2267              	.LASF76:
 2268 0180 73616970 		.ascii	"saip\000"
 2268      00
 2269              	.LASF72:
 2270 0185 7361695F 		.ascii	"sai_lld_stop\000"
ARM GAS  C:\Users\DEVELO~1\AppData\Local\Temp\ccPsZvP6.s 			page 42


 2270      6C6C645F 
 2270      73746F70 
 2270      00
 2271              	.LASF14:
 2272 0192 75696E74 		.ascii	"uint8_t\000"
 2272      385F7400 
 2273              	.LASF37:
 2274 019a 76656374 		.ascii	"vector\000"
 2274      6F7200
 2275              	.LASF19:
 2276 01a1 4E445452 		.ascii	"NDTR\000"
 2276      00
 2277              	.LASF43:
 2278 01a6 73616973 		.ascii	"saistate_t\000"
 2278      74617465 
 2278      5F7400
 2279              	.LASF70:
 2280 01b1 7361695F 		.ascii	"sai_lld_start_exchange\000"
 2280      6C6C645F 
 2280      73746172 
 2280      745F6578 
 2280      6368616E 
 2281              	.LASF2:
 2282 01c8 6C6F6E67 		.ascii	"long double\000"
 2282      20646F75 
 2282      626C6500 
 2283              	.LASF1:
 2284 01d4 6C6F6E67 		.ascii	"long long int\000"
 2284      206C6F6E 
 2284      6720696E 
 2284      7400
 2285              	.LASF67:
 2286 01e2 646D615F 		.ascii	"dma_mode\000"
 2286      6D6F6465 
 2286      00
 2287              	.LASF26:
 2288 01eb 50444D44 		.ascii	"PDMDLY\000"
 2288      4C5900
 2289              	.LASF57:
 2290 01f2 6572726F 		.ascii	"error_repeats\000"
 2290      725F7265 
 2290      70656174 
 2290      7300
 2291              	.LASF35:
 2292 0200 73686966 		.ascii	"shift\000"
 2292      7400
 2293              	.LASF33:
 2294 0206 73747265 		.ascii	"stream\000"
 2294      616D00
 2295              	.LASF68:
 2296 020d 73616963 		.ascii	"saicallback_t\000"
 2296      616C6C62 
 2296      61636B5F 
 2296      7400
 2297              	.LASF5:
 2298 021b 5F5F7569 		.ascii	"__uint8_t\000"
 2298      6E74385F 
ARM GAS  C:\Users\DEVELO~1\AppData\Local\Temp\ccPsZvP6.s 			page 43


 2298      7400
 2299              	.LASF48:
 2300 0225 626C6F63 		.ascii	"block\000"
 2300      6B00
 2301              	.LASF11:
 2302 022b 5F5F7569 		.ascii	"__uint32_t\000"
 2302      6E743332 
 2302      5F7400
 2303              	.LASF66:
 2304 0236 736C6F74 		.ascii	"slotr\000"
 2304      7200
 2305              	.LASF29:
 2306 023c 534C4F54 		.ascii	"SLOTR\000"
 2306      5200
 2307              	.LASF84:
 2308 0242 6F73616C 		.ascii	"osalSysLock\000"
 2308      5379734C 
 2308      6F636B00 
 2309              	.LASF6:
 2310 024e 756E7369 		.ascii	"unsigned char\000"
 2310      676E6564 
 2310      20636861 
 2310      7200
 2311              	.LASF51:
 2312 025c 7278646D 		.ascii	"rxdmamode\000"
 2312      616D6F64 
 2312      6500
 2313              	.LASF61:
 2314 0266 74785F62 		.ascii	"tx_buffer\000"
 2314      75666665 
 2314      7200
 2315              	.LASF77:
 2316 0270 5F5F6675 		.ascii	"__func__\000"
 2316      6E635F5F 
 2316      00
 2317              	.LASF75:
 2318 0279 73616953 		.ascii	"saiStartExchange\000"
 2318      74617274 
 2318      45786368 
 2318      616E6765 
 2318      00
 2319              	.LASF3:
 2320 028a 7369676E 		.ascii	"signed char\000"
 2320      65642063 
 2320      68617200 
 2321              	.LASF44:
 2322 0296 53414944 		.ascii	"SAIDriver\000"
 2322      72697665 
 2322      7200
 2323              	.LASF13:
 2324 02a0 6C6F6E67 		.ascii	"long long unsigned int\000"
 2324      206C6F6E 
 2324      6720756E 
 2324      7369676E 
 2324      65642069 
 2325              	.LASF28:
 2326 02b7 46524352 		.ascii	"FRCR\000"
ARM GAS  C:\Users\DEVELO~1\AppData\Local\Temp\ccPsZvP6.s 			page 44


 2326      00
 2327              	.LASF16:
 2328 02bc 75696E74 		.ascii	"uint32_t\000"
 2328      33325F74 
 2328      00
 2329              	.LASF69:
 2330 02c5 7361695F 		.ascii	"sai_lld_stop_exchange\000"
 2330      6C6C645F 
 2330      73746F70 
 2330      5F657863 
 2330      68616E67 
 2331              	.LASF36:
 2332 02db 73656C66 		.ascii	"selfindex\000"
 2332      696E6465 
 2332      7800
 2333              	.LASF52:
 2334 02e5 7478646D 		.ascii	"txdmamode\000"
 2334      616D6F64 
 2334      6500
 2335              	.LASF12:
 2336 02ef 6C6F6E67 		.ascii	"long unsigned int\000"
 2336      20756E73 
 2336      69676E65 
 2336      6420696E 
 2336      7400
 2337              	.LASF50:
 2338 0301 646D6174 		.ascii	"dmatx\000"
 2338      7800
 2339              	.LASF56:
 2340 0307 6572726F 		.ascii	"error_flags\000"
 2340      725F666C 
 2340      61677300 
 2341              	.LASF8:
 2342 0313 73686F72 		.ascii	"short unsigned int\000"
 2342      7420756E 
 2342      7369676E 
 2342      65642069 
 2342      6E7400
 2343              	.LASF96:
 2344 0326 62617365 		.ascii	"basePri\000"
 2344      50726900 
 2345              	.LASF53:
 2346 032e 74786275 		.ascii	"txbuf\000"
 2346      6600
 2347              	.LASF21:
 2348 0334 4D314152 		.ascii	"M1AR\000"
 2348      00
 2349              	.LASF18:
 2350 0339 63686172 		.ascii	"char\000"
 2350      00
 2351              	.LASF10:
 2352 033e 6C6F6E67 		.ascii	"long int\000"
 2352      20696E74 
 2352      00
 2353              	.LASF79:
 2354 0347 5F736169 		.ascii	"_sai_sr\000"
 2354      5F737200 
ARM GAS  C:\Users\DEVELO~1\AppData\Local\Temp\ccPsZvP6.s 			page 45


 2355              	.LASF15:
 2356 034f 696E7433 		.ascii	"int32_t\000"
 2356      325F7400 
 2357              	.LASF82:
 2358 0357 7361694F 		.ascii	"saiObjectInit\000"
 2358      626A6563 
 2358      74496E69 
 2358      7400
 2359              	.LASF32:
 2360 0365 5F426F6F 		.ascii	"_Bool\000"
 2360      6C00
 2361              	.LASF87:
 2362 036b 706F7274 		.ascii	"port_unlock\000"
 2362      5F756E6C 
 2362      6F636B00 
 2363              	.LASF88:
 2364 0377 706F7274 		.ascii	"port_lock\000"
 2364      5F6C6F63 
 2364      6B00
 2365              	.LASF62:
 2366 0381 72785F62 		.ascii	"rx_buffer\000"
 2366      75666665 
 2366      7200
 2367              	.LASF81:
 2368 038b 73616953 		.ascii	"saiStop\000"
 2368      746F7000 
 2369              	.LASF24:
 2370 0393 52455345 		.ascii	"RESERVED0\000"
 2370      52564544 
 2370      3000
 2371              	.LASF20:
 2372 039d 4D304152 		.ascii	"M0AR\000"
 2372      00
 2373              	.LASF80:
 2374 03a2 73616953 		.ascii	"saiSetBuffers\000"
 2374      65744275 
 2374      66666572 
 2374      7300
 2375              	.LASF89:
 2376 03b0 474E5520 		.ascii	"GNU C17 11.3.1 20220712 -mcpu=cortex-m7 -mthumb -mf"
 2376      43313720 
 2376      31312E33 
 2376      2E312032 
 2376      30323230 
 2377 03e3 6C6F6174 		.ascii	"loat-abi=soft -march=armv7e-m -ggdb -O0 -ffunction-"
 2377      2D616269 
 2377      3D736F66 
 2377      74202D6D 
 2377      61726368 
 2378 0416 73656374 		.ascii	"sections -fdata-sections -fno-common\000"
 2378      696F6E73 
 2378      202D6664 
 2378      6174612D 
 2378      73656374 
 2379              	.LASF94:
 2380 043b 73616949 		.ascii	"saiInit\000"
 2380      6E697400 
ARM GAS  C:\Users\DEVELO~1\AppData\Local\Temp\ccPsZvP6.s 			page 46


 2381              	.LASF30:
 2382 0443 434C5246 		.ascii	"CLRFR\000"
 2382      5200
 2383              	.LASF55:
 2384 0449 62756673 		.ascii	"bufsize\000"
 2384      697A6500 
 2385              	.LASF65:
 2386 0451 66726372 		.ascii	"frcr\000"
 2386      00
 2387              	.LASF63:
 2388 0456 73697A65 		.ascii	"size\000"
 2388      00
 2389              	.LASF85:
 2390 045b 63685379 		.ascii	"chSysUnlock\000"
 2390      73556E6C 
 2390      6F636B00 
 2391              	.LASF9:
 2392 0467 5F5F696E 		.ascii	"__int32_t\000"
 2392      7433325F 
 2392      7400
 2393              	.LASF47:
 2394 0471 626C6F63 		.ascii	"blockp\000"
 2394      6B7000
 2395              	.LASF73:
 2396 0478 7361695F 		.ascii	"sai_lld_start\000"
 2396      6C6C645F 
 2396      73746172 
 2396      7400
 2397              	.LASF95:
 2398 0486 5F5F7365 		.ascii	"__set_BASEPRI\000"
 2398      745F4241 
 2398      53455052 
 2398      4900
 2399              	.LASF59:
 2400 0494 68616C5F 		.ascii	"hal_sai_driver\000"
 2400      7361695F 
 2400      64726976 
 2400      657200
 2401              	.LASF54:
 2402 04a3 72786275 		.ascii	"rxbuf\000"
 2402      6600
 2403              	.LASF0:
 2404 04a9 756E7369 		.ascii	"unsigned int\000"
 2404      676E6564 
 2404      20696E74 
 2404      00
 2405              	.LASF64:
 2406 04b6 656E645F 		.ascii	"end_cb\000"
 2406      636200
 2407              	.LASF92:
 2408 04bd 7361695F 		.ascii	"sai_lld_init\000"
 2408      6C6C645F 
 2408      696E6974 
 2408      00
 2409              	.LASF34:
 2410 04ca 69666372 		.ascii	"ifcr\000"
 2410      00
ARM GAS  C:\Users\DEVELO~1\AppData\Local\Temp\ccPsZvP6.s 			page 47


 2411              	.LASF17:
 2412 04cf 6D73675F 		.ascii	"msg_t\000"
 2412      7400
 2413              	.LASF78:
 2414 04d5 5F736169 		.ascii	"_sai_cr1\000"
 2414      5F637231 
 2414      00
 2415              	.LASF40:
 2416 04de 5341495F 		.ascii	"SAI_STOP\000"
 2416      53544F50 
 2416      00
 2417              		.ident	"GCC: (Arm GNU Toolchain 11.3.Rel1) 11.3.1 20220712"
ARM GAS  C:\Users\DEVELO~1\AppData\Local\Temp\ccPsZvP6.s 			page 48


DEFINED SYMBOLS
                            *ABS*:00000000 hal_sai.c
C:\Users\DEVELO~1\AppData\Local\Temp\ccPsZvP6.s:18     .text.chSysLock:00000000 $t
C:\Users\DEVELO~1\AppData\Local\Temp\ccPsZvP6.s:23     .text.chSysLock:00000000 chSysLock
C:\Users\DEVELO~1\AppData\Local\Temp\ccPsZvP6.s:77     .text.chSysUnlock:00000000 $t
C:\Users\DEVELO~1\AppData\Local\Temp\ccPsZvP6.s:82     .text.chSysUnlock:00000000 chSysUnlock
C:\Users\DEVELO~1\AppData\Local\Temp\ccPsZvP6.s:133    .text.osalSysLock:00000000 $t
C:\Users\DEVELO~1\AppData\Local\Temp\ccPsZvP6.s:138    .text.osalSysLock:00000000 osalSysLock
C:\Users\DEVELO~1\AppData\Local\Temp\ccPsZvP6.s:160    .text.osalSysUnlock:00000000 $t
C:\Users\DEVELO~1\AppData\Local\Temp\ccPsZvP6.s:165    .text.osalSysUnlock:00000000 osalSysUnlock
C:\Users\DEVELO~1\AppData\Local\Temp\ccPsZvP6.s:186    .text.saiInit:00000000 $t
C:\Users\DEVELO~1\AppData\Local\Temp\ccPsZvP6.s:192    .text.saiInit:00000000 saiInit
C:\Users\DEVELO~1\AppData\Local\Temp\ccPsZvP6.s:214    .text.saiObjectInit:00000000 $t
C:\Users\DEVELO~1\AppData\Local\Temp\ccPsZvP6.s:220    .text.saiObjectInit:00000000 saiObjectInit
C:\Users\DEVELO~1\AppData\Local\Temp\ccPsZvP6.s:266    .text.saiStart:00000000 $t
C:\Users\DEVELO~1\AppData\Local\Temp\ccPsZvP6.s:272    .text.saiStart:00000000 saiStart
C:\Users\DEVELO~1\AppData\Local\Temp\ccPsZvP6.s:320    .text.saiStop:00000000 $t
C:\Users\DEVELO~1\AppData\Local\Temp\ccPsZvP6.s:326    .text.saiStop:00000000 saiStop
C:\Users\DEVELO~1\AppData\Local\Temp\ccPsZvP6.s:368    .text.saiSetBuffers:00000000 $t
C:\Users\DEVELO~1\AppData\Local\Temp\ccPsZvP6.s:374    .text.saiSetBuffers:00000000 saiSetBuffers
C:\Users\DEVELO~1\AppData\Local\Temp\ccPsZvP6.s:414    .text.saiStartExchange:00000000 $t
C:\Users\DEVELO~1\AppData\Local\Temp\ccPsZvP6.s:420    .text.saiStartExchange:00000000 saiStartExchange
C:\Users\DEVELO~1\AppData\Local\Temp\ccPsZvP6.s:479    .text.saiStopExchange:00000000 $t
C:\Users\DEVELO~1\AppData\Local\Temp\ccPsZvP6.s:485    .text.saiStopExchange:00000000 saiStopExchange

UNDEFINED SYMBOLS
sai_lld_init
sai_lld_start
sai_lld_stop
sai_lld_set_buffers
sai_lld_start_exchange
sai_lld_stop_exchange
