ARM GAS  C:\Users\DEVELO~1\AppData\Local\Temp\ccS6AjqE.s 			page 1


   1              		.cpu cortex-m7
   2              		.arch armv7e-m
   3              		.fpu softvfp
   4              		.eabi_attribute 20, 1
   5              		.eabi_attribute 21, 1
   6              		.eabi_attribute 23, 3
   7              		.eabi_attribute 24, 1
   8              		.eabi_attribute 25, 1
   9              		.eabi_attribute 26, 1
  10              		.eabi_attribute 30, 6
  11              		.eabi_attribute 34, 1
  12              		.eabi_attribute 18, 4
  13              		.file	"hal_st_lld.c"
  14              		.text
  15              	.Ltext0:
  16              		.cfi_sections	.debug_frame
  17              		.section	.text.chSysLockFromISR,"ax",%progbits
  18              		.align	1
  19              		.syntax unified
  20              		.thumb
  21              		.thumb_func
  22              		.type	chSysLockFromISR, %function
  23              	chSysLockFromISR:
  24              	.LFB204:
  25              		.file 1 "../../../os/rt/include/chsys.h"
  26              		.loc 1 451 43
  27              		.cfi_startproc
  28              		@ args = 0, pretend = 0, frame = 8
  29              		@ frame_needed = 1, uses_anonymous_args = 0
  30              		@ link register save eliminated.
  31 0000 80B4     		push	{r7}
  32              		.cfi_def_cfa_offset 4
  33              		.cfi_offset 7, -4
  34 0002 83B0     		sub	sp, sp, #12
  35              		.cfi_def_cfa_offset 16
  36 0004 00AF     		add	r7, sp, #0
  37              		.cfi_def_cfa_register 7
  38 0006 3023     		movs	r3, #48
  39 0008 7B60     		str	r3, [r7, #4]
  40              	.LBB26:
  41              	.LBB27:
  42              	.LBB28:
  43              	.LBB29:
  44              	.LBB30:
  45              	.LBB31:
  46              		.file 2 "../../../os/common/ext/ARM/CMSIS/Core/Include/cmsis_gcc.h"
  47              		.loc 2 493 3
  48 000a 7B68     		ldr	r3, [r7, #4]
  49              		.syntax unified
  50              	@ 493 "../../../os/common/ext/ARM/CMSIS/Core/Include/cmsis_gcc.h" 1
  51 000c 83F31188 		MSR basepri, r3
  52              	@ 0 "" 2
  53              		.loc 2 494 1
  54              		.thumb
  55              		.syntax unified
  56 0010 00BF     		nop
  57              	.LBE31:
ARM GAS  C:\Users\DEVELO~1\AppData\Local\Temp\ccS6AjqE.s 			page 2


  58              	.LBE30:
  59              		.file 3 "../../../os/common/ports/ARMv7-M/chcore.h"
  60              		.loc 3 840 1
  61 0012 00BF     		nop
  62              	.LBE29:
  63              	.LBE28:
  64              		.loc 3 865 1
  65 0014 00BF     		nop
  66              	.LBE27:
  67              	.LBE26:
  68              		.loc 1 456 1
  69 0016 00BF     		nop
  70 0018 0C37     		adds	r7, r7, #12
  71              		.cfi_def_cfa_offset 4
  72 001a BD46     		mov	sp, r7
  73              		.cfi_def_cfa_register 13
  74              		@ sp needed
  75 001c 80BC     		pop	{r7}
  76              		.cfi_restore 7
  77              		.cfi_def_cfa_offset 0
  78 001e 7047     		bx	lr
  79              		.cfi_endproc
  80              	.LFE204:
  81              		.size	chSysLockFromISR, .-chSysLockFromISR
  82              		.section	.text.chSysUnlockFromISR,"ax",%progbits
  83              		.align	1
  84              		.syntax unified
  85              		.thumb
  86              		.thumb_func
  87              		.type	chSysUnlockFromISR, %function
  88              	chSysUnlockFromISR:
  89              	.LFB205:
  90              		.loc 1 473 45
  91              		.cfi_startproc
  92              		@ args = 0, pretend = 0, frame = 8
  93              		@ frame_needed = 1, uses_anonymous_args = 0
  94              		@ link register save eliminated.
  95 0000 80B4     		push	{r7}
  96              		.cfi_def_cfa_offset 4
  97              		.cfi_offset 7, -4
  98 0002 83B0     		sub	sp, sp, #12
  99              		.cfi_def_cfa_offset 16
 100 0004 00AF     		add	r7, sp, #0
 101              		.cfi_def_cfa_register 7
 102 0006 0023     		movs	r3, #0
 103 0008 7B60     		str	r3, [r7, #4]
 104              	.LBB32:
 105              	.LBB33:
 106              	.LBB34:
 107              	.LBB35:
 108              	.LBB36:
 109              	.LBB37:
 110              		.loc 2 493 3
 111 000a 7B68     		ldr	r3, [r7, #4]
 112              		.syntax unified
 113              	@ 493 "../../../os/common/ext/ARM/CMSIS/Core/Include/cmsis_gcc.h" 1
 114 000c 83F31188 		MSR basepri, r3
ARM GAS  C:\Users\DEVELO~1\AppData\Local\Temp\ccS6AjqE.s 			page 3


 115              	@ 0 "" 2
 116              		.loc 2 494 1
 117              		.thumb
 118              		.syntax unified
 119 0010 00BF     		nop
 120              	.LBE37:
 121              	.LBE36:
 122              		.loc 3 854 1
 123 0012 00BF     		nop
 124              	.LBE35:
 125              	.LBE34:
 126              		.loc 3 876 1
 127 0014 00BF     		nop
 128              	.LBE33:
 129              	.LBE32:
 130              		.loc 1 478 1
 131 0016 00BF     		nop
 132 0018 0C37     		adds	r7, r7, #12
 133              		.cfi_def_cfa_offset 4
 134 001a BD46     		mov	sp, r7
 135              		.cfi_def_cfa_register 13
 136              		@ sp needed
 137 001c 80BC     		pop	{r7}
 138              		.cfi_restore 7
 139              		.cfi_def_cfa_offset 0
 140 001e 7047     		bx	lr
 141              		.cfi_endproc
 142              	.LFE205:
 143              		.size	chSysUnlockFromISR, .-chSysUnlockFromISR
 144              		.section	.text.osalSysLockFromISR,"ax",%progbits
 145              		.align	1
 146              		.syntax unified
 147              		.thumb
 148              		.thumb_func
 149              		.type	osalSysLockFromISR, %function
 150              	osalSysLockFromISR:
 151              	.LFB352:
 152              		.file 4 "../../../os/hal/osal/rt-nil/osal.h"
 153              		.loc 4 595 45
 154              		.cfi_startproc
 155              		@ args = 0, pretend = 0, frame = 0
 156              		@ frame_needed = 1, uses_anonymous_args = 0
 157 0000 80B5     		push	{r7, lr}
 158              		.cfi_def_cfa_offset 8
 159              		.cfi_offset 7, -8
 160              		.cfi_offset 14, -4
 161 0002 00AF     		add	r7, sp, #0
 162              		.cfi_def_cfa_register 7
 163              		.loc 4 597 3
 164 0004 FFF7FEFF 		bl	chSysLockFromISR
 165              		.loc 4 598 1
 166 0008 00BF     		nop
 167 000a 80BD     		pop	{r7, pc}
 168              		.cfi_endproc
 169              	.LFE352:
 170              		.size	osalSysLockFromISR, .-osalSysLockFromISR
 171              		.section	.text.osalSysUnlockFromISR,"ax",%progbits
ARM GAS  C:\Users\DEVELO~1\AppData\Local\Temp\ccS6AjqE.s 			page 4


 172              		.align	1
 173              		.syntax unified
 174              		.thumb
 175              		.thumb_func
 176              		.type	osalSysUnlockFromISR, %function
 177              	osalSysUnlockFromISR:
 178              	.LFB353:
 179              		.loc 4 606 47
 180              		.cfi_startproc
 181              		@ args = 0, pretend = 0, frame = 0
 182              		@ frame_needed = 1, uses_anonymous_args = 0
 183 0000 80B5     		push	{r7, lr}
 184              		.cfi_def_cfa_offset 8
 185              		.cfi_offset 7, -8
 186              		.cfi_offset 14, -4
 187 0002 00AF     		add	r7, sp, #0
 188              		.cfi_def_cfa_register 7
 189              		.loc 4 608 3
 190 0004 FFF7FEFF 		bl	chSysUnlockFromISR
 191              		.loc 4 609 1
 192 0008 00BF     		nop
 193 000a 80BD     		pop	{r7, pc}
 194              		.cfi_endproc
 195              	.LFE353:
 196              		.size	osalSysUnlockFromISR, .-osalSysUnlockFromISR
 197              		.section	.text.osalOsTimerHandlerI,"ax",%progbits
 198              		.align	1
 199              		.syntax unified
 200              		.thumb
 201              		.thumb_func
 202              		.type	osalOsTimerHandlerI, %function
 203              	osalOsTimerHandlerI:
 204              	.LFB357:
 205              		.loc 4 665 46
 206              		.cfi_startproc
 207              		@ args = 0, pretend = 0, frame = 0
 208              		@ frame_needed = 1, uses_anonymous_args = 0
 209 0000 80B5     		push	{r7, lr}
 210              		.cfi_def_cfa_offset 8
 211              		.cfi_offset 7, -8
 212              		.cfi_offset 14, -4
 213 0002 00AF     		add	r7, sp, #0
 214              		.cfi_def_cfa_register 7
 215              		.loc 4 667 3
 216 0004 FFF7FEFF 		bl	chSysTimerHandlerI
 217              		.loc 4 668 1
 218 0008 00BF     		nop
 219 000a 80BD     		pop	{r7, pc}
 220              		.cfi_endproc
 221              	.LFE357:
 222              		.size	osalOsTimerHandlerI, .-osalOsTimerHandlerI
 223              		.section	.text.rccEnableAPB1L,"ax",%progbits
 224              		.align	1
 225              		.syntax unified
 226              		.thumb
 227              		.thumb_func
 228              		.type	rccEnableAPB1L, %function
ARM GAS  C:\Users\DEVELO~1\AppData\Local\Temp\ccS6AjqE.s 			page 5


 229              	rccEnableAPB1L:
 230              	.LFB388:
 231              		.file 5 "../../../os/hal/ports/STM32/STM32H7xx/stm32_rcc.h"
 232              		.loc 5 141 61
 233              		.cfi_startproc
 234              		@ args = 0, pretend = 0, frame = 8
 235              		@ frame_needed = 1, uses_anonymous_args = 0
 236              		@ link register save eliminated.
 237 0000 80B4     		push	{r7}
 238              		.cfi_def_cfa_offset 4
 239              		.cfi_offset 7, -4
 240 0002 83B0     		sub	sp, sp, #12
 241              		.cfi_def_cfa_offset 16
 242 0004 00AF     		add	r7, sp, #0
 243              		.cfi_def_cfa_register 7
 244 0006 7860     		str	r0, [r7, #4]
 245 0008 0B46     		mov	r3, r1
 246 000a FB70     		strb	r3, [r7, #3]
 247              		.loc 5 145 20
 248 000c 124B     		ldr	r3, .L9
 249 000e D3F8E820 		ldr	r2, [r3, #232]
 250 0012 1149     		ldr	r1, .L9
 251 0014 7B68     		ldr	r3, [r7, #4]
 252 0016 1343     		orrs	r3, r3, r2
 253 0018 C1F8E830 		str	r3, [r1, #232]
 254              		.loc 5 146 6
 255 001c FB78     		ldrb	r3, [r7, #3]	@ zero_extendqisi2
 256 001e 002B     		cmp	r3, #0
 257 0020 08D0     		beq	.L7
 258              		.loc 5 147 24
 259 0022 0D4B     		ldr	r3, .L9
 260 0024 D3F81021 		ldr	r2, [r3, #272]
 261 0028 0B49     		ldr	r1, .L9
 262 002a 7B68     		ldr	r3, [r7, #4]
 263 002c 1343     		orrs	r3, r3, r2
 264 002e C1F81031 		str	r3, [r1, #272]
 265 0032 08E0     		b	.L8
 266              	.L7:
 267              		.loc 5 150 24
 268 0034 084B     		ldr	r3, .L9
 269 0036 D3F81021 		ldr	r2, [r3, #272]
 270              		.loc 5 150 27
 271 003a 7B68     		ldr	r3, [r7, #4]
 272 003c DB43     		mvns	r3, r3
 273              		.loc 5 150 24
 274 003e 0649     		ldr	r1, .L9
 275 0040 1340     		ands	r3, r3, r2
 276 0042 C1F81031 		str	r3, [r1, #272]
 277              	.L8:
 278              		.loc 5 152 15
 279 0046 044B     		ldr	r3, .L9
 280              		.loc 5 152 3
 281 0048 D3F81031 		ldr	r3, [r3, #272]
 282              		.loc 5 164 1
 283 004c 00BF     		nop
 284 004e 0C37     		adds	r7, r7, #12
 285              		.cfi_def_cfa_offset 4
ARM GAS  C:\Users\DEVELO~1\AppData\Local\Temp\ccS6AjqE.s 			page 6


 286 0050 BD46     		mov	sp, r7
 287              		.cfi_def_cfa_register 13
 288              		@ sp needed
 289 0052 80BC     		pop	{r7}
 290              		.cfi_restore 7
 291              		.cfi_def_cfa_offset 0
 292 0054 7047     		bx	lr
 293              	.L10:
 294 0056 00BF     		.align	2
 295              	.L9:
 296 0058 00440258 		.word	1476543488
 297              		.cfi_endproc
 298              	.LFE388:
 299              		.size	rccEnableAPB1L, .-rccEnableAPB1L
 300              		.section	.text.st_lld_init,"ax",%progbits
 301              		.align	1
 302              		.global	st_lld_init
 303              		.syntax unified
 304              		.thumb
 305              		.thumb_func
 306              		.type	st_lld_init, %function
 307              	st_lld_init:
 308              	.LFB432:
 309              		.file 6 "../../../os/hal/ports/STM32/LLD/SYSTICKv1/hal_st_lld.c"
 310              		.loc 6 591 24
 311              		.cfi_startproc
 312              		@ args = 0, pretend = 0, frame = 0
 313              		@ frame_needed = 1, uses_anonymous_args = 0
 314 0000 80B5     		push	{r7, lr}
 315              		.cfi_def_cfa_offset 8
 316              		.cfi_offset 7, -8
 317              		.cfi_offset 14, -4
 318 0002 00AF     		add	r7, sp, #0
 319              		.cfi_def_cfa_register 7
 320              		.loc 6 601 3
 321 0004 0121     		movs	r1, #1
 322 0006 0120     		movs	r0, #1
 323 0008 FFF7FEFF 		bl	rccEnableAPB1L
 324              		.loc 6 604 3
 325 000c 144B     		ldr	r3, .L12
 326 000e DB6B     		ldr	r3, [r3, #60]
 327 0010 134A     		ldr	r2, .L12
 328 0012 43F00103 		orr	r3, r3, #1
 329 0016 D363     		str	r3, [r2, #60]
 330              		.loc 6 607 15
 331 0018 4FF08043 		mov	r3, #1073741824
 332              		.loc 6 607 24
 333 001c 44F61F62 		movw	r2, #19999
 334 0020 9A62     		str	r2, [r3, #40]
 335              		.loc 6 608 15
 336 0022 4FF08043 		mov	r3, #1073741824
 337              		.loc 6 608 24
 338 0026 4FF0FF32 		mov	r2, #-1
 339 002a DA62     		str	r2, [r3, #44]
 340              		.loc 6 609 15
 341 002c 4FF08043 		mov	r3, #1073741824
 342              		.loc 6 609 24
ARM GAS  C:\Users\DEVELO~1\AppData\Local\Temp\ccS6AjqE.s 			page 7


 343 0030 0022     		movs	r2, #0
 344 0032 9A61     		str	r2, [r3, #24]
 345              		.loc 6 610 15
 346 0034 4FF08043 		mov	r3, #1073741824
 347              		.loc 6 610 24
 348 0038 0022     		movs	r2, #0
 349 003a 5A63     		str	r2, [r3, #52]
 350              		.loc 6 620 15
 351 003c 4FF08043 		mov	r3, #1073741824
 352              		.loc 6 620 24
 353 0040 0022     		movs	r2, #0
 354 0042 DA60     		str	r2, [r3, #12]
 355              		.loc 6 621 15
 356 0044 4FF08043 		mov	r3, #1073741824
 357              		.loc 6 621 24
 358 0048 0022     		movs	r2, #0
 359 004a 5A60     		str	r2, [r3, #4]
 360              		.loc 6 622 15
 361 004c 4FF08043 		mov	r3, #1073741824
 362              		.loc 6 622 24
 363 0050 0122     		movs	r2, #1
 364 0052 5A61     		str	r2, [r3, #20]
 365              		.loc 6 623 15
 366 0054 4FF08043 		mov	r3, #1073741824
 367              		.loc 6 623 24
 368 0058 0122     		movs	r2, #1
 369 005a 1A60     		str	r2, [r3]
 370              		.loc 6 643 1
 371 005c 00BF     		nop
 372 005e 80BD     		pop	{r7, pc}
 373              	.L13:
 374              		.align	2
 375              	.L12:
 376 0060 0010005C 		.word	1543507968
 377              		.cfi_endproc
 378              	.LFE432:
 379              		.size	st_lld_init, .-st_lld_init
 380              		.section	.text.st_lld_serve_interrupt,"ax",%progbits
 381              		.align	1
 382              		.global	st_lld_serve_interrupt
 383              		.syntax unified
 384              		.thumb
 385              		.thumb_func
 386              		.type	st_lld_serve_interrupt, %function
 387              	st_lld_serve_interrupt:
 388              	.LFB433:
 389              		.loc 6 648 35
 390              		.cfi_startproc
 391              		@ args = 0, pretend = 0, frame = 8
 392              		@ frame_needed = 1, uses_anonymous_args = 0
 393 0000 80B5     		push	{r7, lr}
 394              		.cfi_def_cfa_offset 8
 395              		.cfi_offset 7, -8
 396              		.cfi_offset 14, -4
 397 0002 82B0     		sub	sp, sp, #8
 398              		.cfi_def_cfa_offset 16
 399 0004 00AF     		add	r7, sp, #0
ARM GAS  C:\Users\DEVELO~1\AppData\Local\Temp\ccS6AjqE.s 			page 8


 400              		.cfi_def_cfa_register 7
 401              		.loc 6 651 16
 402 0006 4FF08043 		mov	r3, #1073741824
 403 000a 7B60     		str	r3, [r7, #4]
 404              		.loc 6 653 7
 405 000c 7B68     		ldr	r3, [r7, #4]
 406 000e 1B69     		ldr	r3, [r3, #16]
 407 0010 3B60     		str	r3, [r7]
 408              		.loc 6 654 13
 409 0012 7B68     		ldr	r3, [r7, #4]
 410 0014 DB68     		ldr	r3, [r3, #12]
 411              		.loc 6 654 20
 412 0016 DBB2     		uxtb	r3, r3
 413              		.loc 6 654 6
 414 0018 3A68     		ldr	r2, [r7]
 415 001a 1340     		ands	r3, r3, r2
 416 001c 3B60     		str	r3, [r7]
 417              		.loc 6 655 14
 418 001e 3B68     		ldr	r3, [r7]
 419 0020 DA43     		mvns	r2, r3
 420              		.loc 6 655 12
 421 0022 7B68     		ldr	r3, [r7, #4]
 422 0024 1A61     		str	r2, [r3, #16]
 423              		.loc 6 657 11
 424 0026 3B68     		ldr	r3, [r7]
 425 0028 03F00203 		and	r3, r3, #2
 426              		.loc 6 657 6
 427 002c 002B     		cmp	r3, #0
 428 002e 05D0     		beq	.L16
 429              		.loc 6 660 5
 430 0030 FFF7FEFF 		bl	osalSysLockFromISR
 431              		.loc 6 661 5
 432 0034 FFF7FEFF 		bl	osalOsTimerHandlerI
 433              		.loc 6 662 5
 434 0038 FFF7FEFF 		bl	osalSysUnlockFromISR
 435              	.L16:
 436              		.loc 6 687 1
 437 003c 00BF     		nop
 438 003e 0837     		adds	r7, r7, #8
 439              		.cfi_def_cfa_offset 8
 440 0040 BD46     		mov	sp, r7
 441              		.cfi_def_cfa_register 13
 442              		@ sp needed
 443 0042 80BD     		pop	{r7, pc}
 444              		.cfi_endproc
 445              	.LFE433:
 446              		.size	st_lld_serve_interrupt, .-st_lld_serve_interrupt
 447              		.text
 448              	.Letext0:
 449              		.file 7 "c:\\chibistudio\\tools\\gnu tools arm embedded\\11.3 2022.08\\arm-none-eabi\\include\\mac
 450              		.file 8 "c:\\chibistudio\\tools\\gnu tools arm embedded\\11.3 2022.08\\arm-none-eabi\\include\\sys
 451              		.file 9 "../../../os/common/ext/ST/STM32H7xx/stm32h743xx.h"
 452              		.file 10 "../../../os/hal/ports/STM32/LLD/TIMv1/stm32_tim.h"
 453              		.section	.debug_info,"",%progbits
 454              	.Ldebug_info0:
 455 0000 40080000 		.4byte	0x840
 456 0004 0500     		.2byte	0x5
ARM GAS  C:\Users\DEVELO~1\AppData\Local\Temp\ccS6AjqE.s 			page 9


 457 0006 01       		.byte	0x1
 458 0007 04       		.byte	0x4
 459 0008 00000000 		.4byte	.Ldebug_abbrev0
 460 000c 12       		.uleb128 0x12
 461 000d 14020000 		.4byte	.LASF108
 462 0011 1D       		.byte	0x1d
 463 0012 37010000 		.4byte	.LASF109
 464 0016 D2030000 		.4byte	.LASF110
 465 001a 0C000000 		.4byte	.LLRL0
 466 001e 00000000 		.4byte	0
 467 0022 00000000 		.4byte	.Ldebug_line0
 468 0026 13       		.uleb128 0x13
 469 0027 04       		.byte	0x4
 470 0028 05       		.byte	0x5
 471 0029 696E7400 		.ascii	"int\000"
 472 002d 03       		.uleb128 0x3
 473 002e 04       		.byte	0x4
 474 002f 07       		.byte	0x7
 475 0030 C4010000 		.4byte	.LASF0
 476 0034 03       		.uleb128 0x3
 477 0035 08       		.byte	0x8
 478 0036 05       		.byte	0x5
 479 0037 CC000000 		.4byte	.LASF1
 480 003b 03       		.uleb128 0x3
 481 003c 08       		.byte	0x8
 482 003d 04       		.byte	0x4
 483 003e 8E040000 		.4byte	.LASF2
 484 0042 03       		.uleb128 0x3
 485 0043 01       		.byte	0x1
 486 0044 06       		.byte	0x6
 487 0045 DA000000 		.4byte	.LASF3
 488 0049 03       		.uleb128 0x3
 489 004a 01       		.byte	0x1
 490 004b 08       		.byte	0x8
 491 004c BA030000 		.4byte	.LASF4
 492 0050 03       		.uleb128 0x3
 493 0051 02       		.byte	0x2
 494 0052 05       		.byte	0x5
 495 0053 C8030000 		.4byte	.LASF5
 496 0057 03       		.uleb128 0x3
 497 0058 02       		.byte	0x2
 498 0059 07       		.byte	0x7
 499 005a EF010000 		.4byte	.LASF6
 500 005e 03       		.uleb128 0x3
 501 005f 04       		.byte	0x4
 502 0060 05       		.byte	0x5
 503 0061 51000000 		.4byte	.LASF7
 504 0065 0C       		.uleb128 0xc
 505 0066 90010000 		.4byte	.LASF10
 506 006a 07       		.byte	0x7
 507 006b 4F       		.byte	0x4f
 508 006c 19       		.byte	0x19
 509 006d 71000000 		.4byte	0x71
 510 0071 03       		.uleb128 0x3
 511 0072 04       		.byte	0x4
 512 0073 07       		.byte	0x7
 513 0074 D1010000 		.4byte	.LASF8
ARM GAS  C:\Users\DEVELO~1\AppData\Local\Temp\ccS6AjqE.s 			page 10


 514 0078 03       		.uleb128 0x3
 515 0079 08       		.byte	0x8
 516 007a 07       		.byte	0x7
 517 007b 64000000 		.4byte	.LASF9
 518 007f 0C       		.uleb128 0xc
 519 0080 7C040000 		.4byte	.LASF11
 520 0084 08       		.byte	0x8
 521 0085 30       		.byte	0x30
 522 0086 14       		.byte	0x14
 523 0087 65000000 		.4byte	0x65
 524 008b 09       		.uleb128 0x9
 525 008c 7F000000 		.4byte	0x7f
 526 0090 03       		.uleb128 0x3
 527 0091 01       		.byte	0x1
 528 0092 08       		.byte	0x8
 529 0093 9A040000 		.4byte	.LASF12
 530 0097 0D       		.uleb128 0xd
 531 0098 90000000 		.4byte	0x90
 532 009c 05       		.uleb128 0x5
 533 009d 7F000000 		.4byte	0x7f
 534 00a1 AC000000 		.4byte	0xac
 535 00a5 06       		.uleb128 0x6
 536 00a6 2D000000 		.4byte	0x2d
 537 00aa 03       		.byte	0x3
 538 00ab 00       		.byte	0
 539 00ac 05       		.uleb128 0x5
 540 00ad 8B000000 		.4byte	0x8b
 541 00b1 BC000000 		.4byte	0xbc
 542 00b5 06       		.uleb128 0x6
 543 00b6 2D000000 		.4byte	0x2d
 544 00ba 03       		.byte	0x3
 545 00bb 00       		.byte	0
 546 00bc 09       		.uleb128 0x9
 547 00bd AC000000 		.4byte	0xac
 548 00c1 05       		.uleb128 0x5
 549 00c2 8B000000 		.4byte	0x8b
 550 00c6 D1000000 		.4byte	0xd1
 551 00ca 06       		.uleb128 0x6
 552 00cb 2D000000 		.4byte	0x2d
 553 00cf 01       		.byte	0x1
 554 00d0 00       		.byte	0
 555 00d1 09       		.uleb128 0x9
 556 00d2 C1000000 		.4byte	0xc1
 557 00d6 0E       		.uleb128 0xe
 558 00d7 58       		.byte	0x58
 559 00d8 09       		.byte	0x9
 560 00d9 0A02     		.2byte	0x20a
 561 00db 87010000 		.4byte	0x187
 562 00df 01       		.uleb128 0x1
 563 00e0 7B000000 		.4byte	.LASF13
 564 00e4 09       		.byte	0x9
 565 00e5 0C02     		.2byte	0x20c
 566 00e7 11       		.byte	0x11
 567 00e8 8B000000 		.4byte	0x8b
 568 00ec 00       		.byte	0
 569 00ed 02       		.uleb128 0x2
 570 00ee 435200   		.ascii	"CR\000"
ARM GAS  C:\Users\DEVELO~1\AppData\Local\Temp\ccS6AjqE.s 			page 11


 571 00f1 09       		.byte	0x9
 572 00f2 0D02     		.2byte	0x20d
 573 00f4 11       		.byte	0x11
 574 00f5 8B000000 		.4byte	0x8b
 575 00f9 04       		.byte	0x4
 576 00fa 01       		.uleb128 0x1
 577 00fb 72040000 		.4byte	.LASF14
 578 00ff 09       		.byte	0x9
 579 0100 0E02     		.2byte	0x20e
 580 0102 0C       		.byte	0xc
 581 0103 87010000 		.4byte	0x187
 582 0107 08       		.byte	0x8
 583 0108 01       		.uleb128 0x1
 584 0109 52050000 		.4byte	.LASF15
 585 010d 09       		.byte	0x9
 586 010e 0F02     		.2byte	0x20f
 587 0110 11       		.byte	0x11
 588 0111 8B000000 		.4byte	0x8b
 589 0115 34       		.byte	0x34
 590 0116 01       		.uleb128 0x1
 591 0117 70030000 		.4byte	.LASF16
 592 011b 09       		.byte	0x9
 593 011c 1002     		.2byte	0x210
 594 011e 0C       		.byte	0xc
 595 011f 7F000000 		.4byte	0x7f
 596 0123 38       		.byte	0x38
 597 0124 01       		.uleb128 0x1
 598 0125 B1010000 		.4byte	.LASF17
 599 0129 09       		.byte	0x9
 600 012a 1102     		.2byte	0x211
 601 012c 11       		.byte	0x11
 602 012d 8B000000 		.4byte	0x8b
 603 0131 3C       		.byte	0x3c
 604 0132 01       		.uleb128 0x1
 605 0133 7A030000 		.4byte	.LASF18
 606 0137 09       		.byte	0x9
 607 0138 1202     		.2byte	0x212
 608 013a 0C       		.byte	0xc
 609 013b 7F000000 		.4byte	0x7f
 610 013f 40       		.byte	0x40
 611 0140 01       		.uleb128 0x1
 612 0141 85040000 		.4byte	.LASF19
 613 0145 09       		.byte	0x9
 614 0146 1302     		.2byte	0x213
 615 0148 11       		.byte	0x11
 616 0149 8B000000 		.4byte	0x8b
 617 014d 44       		.byte	0x44
 618 014e 01       		.uleb128 0x1
 619 014f 84030000 		.4byte	.LASF20
 620 0153 09       		.byte	0x9
 621 0154 1402     		.2byte	0x214
 622 0156 0C       		.byte	0xc
 623 0157 7F000000 		.4byte	0x7f
 624 015b 48       		.byte	0x48
 625 015c 01       		.uleb128 0x1
 626 015d 38000000 		.4byte	.LASF21
 627 0161 09       		.byte	0x9
ARM GAS  C:\Users\DEVELO~1\AppData\Local\Temp\ccS6AjqE.s 			page 12


 628 0162 1502     		.2byte	0x215
 629 0164 11       		.byte	0x11
 630 0165 8B000000 		.4byte	0x8b
 631 0169 4C       		.byte	0x4c
 632 016a 01       		.uleb128 0x1
 633 016b 8E030000 		.4byte	.LASF22
 634 016f 09       		.byte	0x9
 635 0170 1602     		.2byte	0x216
 636 0172 0C       		.byte	0xc
 637 0173 7F000000 		.4byte	0x7f
 638 0177 50       		.byte	0x50
 639 0178 01       		.uleb128 0x1
 640 0179 F2040000 		.4byte	.LASF23
 641 017d 09       		.byte	0x9
 642 017e 1702     		.2byte	0x217
 643 0180 11       		.byte	0x11
 644 0181 8B000000 		.4byte	0x8b
 645 0185 54       		.byte	0x54
 646 0186 00       		.byte	0
 647 0187 05       		.uleb128 0x5
 648 0188 7F000000 		.4byte	0x7f
 649 018c 97010000 		.4byte	0x197
 650 0190 06       		.uleb128 0x6
 651 0191 2D000000 		.4byte	0x2d
 652 0195 0A       		.byte	0xa
 653 0196 00       		.byte	0
 654 0197 0A       		.uleb128 0xa
 655 0198 63040000 		.4byte	.LASF24
 656 019c 09       		.byte	0x9
 657 019d 1802     		.2byte	0x218
 658 019f 02       		.byte	0x2
 659 01a0 D6000000 		.4byte	0xd6
 660 01a4 05       		.uleb128 0x5
 661 01a5 7F000000 		.4byte	0x7f
 662 01a9 B4010000 		.4byte	0x1b4
 663 01ad 06       		.uleb128 0x6
 664 01ae 2D000000 		.4byte	0x2d
 665 01b2 08       		.byte	0x8
 666 01b3 00       		.byte	0
 667 01b4 14       		.uleb128 0x14
 668 01b5 3001     		.2byte	0x130
 669 01b7 09       		.byte	0x9
 670 01b8 CE04     		.2byte	0x4ce
 671 01ba 09       		.byte	0x9
 672 01bb 4D050000 		.4byte	0x54d
 673 01bf 02       		.uleb128 0x2
 674 01c0 435200   		.ascii	"CR\000"
 675 01c3 09       		.byte	0x9
 676 01c4 D004     		.2byte	0x4d0
 677 01c6 10       		.byte	0x10
 678 01c7 8B000000 		.4byte	0x8b
 679 01cb 00       		.byte	0
 680 01cc 01       		.uleb128 0x1
 681 01cd 0C020000 		.4byte	.LASF25
 682 01d1 09       		.byte	0x9
 683 01d2 D104     		.2byte	0x4d1
 684 01d4 10       		.byte	0x10
ARM GAS  C:\Users\DEVELO~1\AppData\Local\Temp\ccS6AjqE.s 			page 13


 685 01d5 8B000000 		.4byte	0x8b
 686 01d9 04       		.byte	0x4
 687 01da 01       		.uleb128 0x1
 688 01db 26050000 		.4byte	.LASF26
 689 01df 09       		.byte	0x9
 690 01e0 D204     		.2byte	0x4d2
 691 01e2 10       		.byte	0x10
 692 01e3 8B000000 		.4byte	0x8b
 693 01e7 08       		.byte	0x8
 694 01e8 01       		.uleb128 0x1
 695 01e9 0B050000 		.4byte	.LASF27
 696 01ed 09       		.byte	0x9
 697 01ee D304     		.2byte	0x4d3
 698 01f0 10       		.byte	0x10
 699 01f1 8B000000 		.4byte	0x8b
 700 01f5 0C       		.byte	0xc
 701 01f6 01       		.uleb128 0x1
 702 01f7 62050000 		.4byte	.LASF28
 703 01fb 09       		.byte	0x9
 704 01fc D404     		.2byte	0x4d4
 705 01fe 10       		.byte	0x10
 706 01ff 8B000000 		.4byte	0x8b
 707 0203 10       		.byte	0x10
 708 0204 01       		.uleb128 0x1
 709 0205 4B030000 		.4byte	.LASF29
 710 0209 09       		.byte	0x9
 711 020a D504     		.2byte	0x4d5
 712 020c 0F       		.byte	0xf
 713 020d 7F000000 		.4byte	0x7f
 714 0211 14       		.byte	0x14
 715 0212 01       		.uleb128 0x1
 716 0213 7E050000 		.4byte	.LASF30
 717 0217 09       		.byte	0x9
 718 0218 D604     		.2byte	0x4d6
 719 021a 10       		.byte	0x10
 720 021b 8B000000 		.4byte	0x8b
 721 021f 18       		.byte	0x18
 722 0220 01       		.uleb128 0x1
 723 0221 69030000 		.4byte	.LASF31
 724 0225 09       		.byte	0x9
 725 0226 D704     		.2byte	0x4d7
 726 0228 10       		.byte	0x10
 727 0229 8B000000 		.4byte	0x8b
 728 022d 1C       		.byte	0x1c
 729 022e 01       		.uleb128 0x1
 730 022f 30010000 		.4byte	.LASF32
 731 0233 09       		.byte	0x9
 732 0234 D804     		.2byte	0x4d8
 733 0236 10       		.byte	0x10
 734 0237 8B000000 		.4byte	0x8b
 735 023b 20       		.byte	0x20
 736 023c 01       		.uleb128 0x1
 737 023d 55030000 		.4byte	.LASF33
 738 0241 09       		.byte	0x9
 739 0242 D904     		.2byte	0x4d9
 740 0244 0F       		.byte	0xf
 741 0245 7F000000 		.4byte	0x7f
ARM GAS  C:\Users\DEVELO~1\AppData\Local\Temp\ccS6AjqE.s 			page 14


 742 0249 24       		.byte	0x24
 743 024a 01       		.uleb128 0x1
 744 024b 02020000 		.4byte	.LASF34
 745 024f 09       		.byte	0x9
 746 0250 DA04     		.2byte	0x4da
 747 0252 10       		.byte	0x10
 748 0253 8B000000 		.4byte	0x8b
 749 0257 28       		.byte	0x28
 750 0258 01       		.uleb128 0x1
 751 0259 6E010000 		.4byte	.LASF35
 752 025d 09       		.byte	0x9
 753 025e DB04     		.2byte	0x4db
 754 0260 10       		.byte	0x10
 755 0261 8B000000 		.4byte	0x8b
 756 0265 2C       		.byte	0x2c
 757 0266 01       		.uleb128 0x1
 758 0267 17000000 		.4byte	.LASF36
 759 026b 09       		.byte	0x9
 760 026c DC04     		.2byte	0x4dc
 761 026e 10       		.byte	0x10
 762 026f 8B000000 		.4byte	0x8b
 763 0273 30       		.byte	0x30
 764 0274 01       		.uleb128 0x1
 765 0275 18010000 		.4byte	.LASF37
 766 0279 09       		.byte	0x9
 767 027a DD04     		.2byte	0x4dd
 768 027c 10       		.byte	0x10
 769 027d 8B000000 		.4byte	0x8b
 770 0281 34       		.byte	0x34
 771 0282 01       		.uleb128 0x1
 772 0283 B1030000 		.4byte	.LASF38
 773 0287 09       		.byte	0x9
 774 0288 DE04     		.2byte	0x4de
 775 028a 10       		.byte	0x10
 776 028b 8B000000 		.4byte	0x8b
 777 028f 38       		.byte	0x38
 778 0290 01       		.uleb128 0x1
 779 0291 BA010000 		.4byte	.LASF39
 780 0295 09       		.byte	0x9
 781 0296 DF04     		.2byte	0x4df
 782 0298 10       		.byte	0x10
 783 0299 8B000000 		.4byte	0x8b
 784 029d 3C       		.byte	0x3c
 785 029e 01       		.uleb128 0x1
 786 029f 87010000 		.4byte	.LASF40
 787 02a3 09       		.byte	0x9
 788 02a4 E004     		.2byte	0x4e0
 789 02a6 10       		.byte	0x10
 790 02a7 8B000000 		.4byte	0x8b
 791 02ab 40       		.byte	0x40
 792 02ac 01       		.uleb128 0x1
 793 02ad DA020000 		.4byte	.LASF41
 794 02b1 09       		.byte	0x9
 795 02b2 E104     		.2byte	0x4e1
 796 02b4 10       		.byte	0x10
 797 02b5 8B000000 		.4byte	0x8b
 798 02b9 44       		.byte	0x44
ARM GAS  C:\Users\DEVELO~1\AppData\Local\Temp\ccS6AjqE.s 			page 15


 799 02ba 01       		.uleb128 0x1
 800 02bb 5F030000 		.4byte	.LASF42
 801 02bf 09       		.byte	0x9
 802 02c0 E204     		.2byte	0x4e2
 803 02c2 10       		.byte	0x10
 804 02c3 7F000000 		.4byte	0x7f
 805 02c7 48       		.byte	0x48
 806 02c8 01       		.uleb128 0x1
 807 02c9 70050000 		.4byte	.LASF43
 808 02cd 09       		.byte	0x9
 809 02ce E304     		.2byte	0x4e3
 810 02d0 11       		.byte	0x11
 811 02d1 8B000000 		.4byte	0x8b
 812 02d5 4C       		.byte	0x4c
 813 02d6 01       		.uleb128 0x1
 814 02d7 A0010000 		.4byte	.LASF44
 815 02db 09       		.byte	0x9
 816 02dc E404     		.2byte	0x4e4
 817 02de 11       		.byte	0x11
 818 02df 8B000000 		.4byte	0x8b
 819 02e3 50       		.byte	0x50
 820 02e4 01       		.uleb128 0x1
 821 02e5 B1020000 		.4byte	.LASF45
 822 02e9 09       		.byte	0x9
 823 02ea E504     		.2byte	0x4e5
 824 02ec 11       		.byte	0x11
 825 02ed 8B000000 		.4byte	0x8b
 826 02f1 54       		.byte	0x54
 827 02f2 01       		.uleb128 0x1
 828 02f3 A9010000 		.4byte	.LASF46
 829 02f7 09       		.byte	0x9
 830 02f8 E604     		.2byte	0x4e6
 831 02fa 11       		.byte	0x11
 832 02fb 8B000000 		.4byte	0x8b
 833 02ff 58       		.byte	0x58
 834 0300 01       		.uleb128 0x1
 835 0301 72040000 		.4byte	.LASF14
 836 0305 09       		.byte	0x9
 837 0306 E704     		.2byte	0x4e7
 838 0308 10       		.byte	0x10
 839 0309 7F000000 		.4byte	0x7f
 840 030d 5C       		.byte	0x5c
 841 030e 01       		.uleb128 0x1
 842 030f B8000000 		.4byte	.LASF47
 843 0313 09       		.byte	0x9
 844 0314 E804     		.2byte	0x4e8
 845 0316 11       		.byte	0x11
 846 0317 8B000000 		.4byte	0x8b
 847 031b 60       		.byte	0x60
 848 031c 01       		.uleb128 0x1
 849 031d 82010000 		.4byte	.LASF48
 850 0321 09       		.byte	0x9
 851 0322 E904     		.2byte	0x4e9
 852 0324 11       		.byte	0x11
 853 0325 8B000000 		.4byte	0x8b
 854 0329 64       		.byte	0x64
 855 032a 01       		.uleb128 0x1
ARM GAS  C:\Users\DEVELO~1\AppData\Local\Temp\ccS6AjqE.s 			page 16


 856 032b 37050000 		.4byte	.LASF49
 857 032f 09       		.byte	0x9
 858 0330 EA04     		.2byte	0x4ea
 859 0332 11       		.byte	0x11
 860 0333 8B000000 		.4byte	0x8b
 861 0337 68       		.byte	0x68
 862 0338 01       		.uleb128 0x1
 863 0339 70030000 		.4byte	.LASF16
 864 033d 09       		.byte	0x9
 865 033e EB04     		.2byte	0x4eb
 866 0340 0F       		.byte	0xf
 867 0341 7F000000 		.4byte	0x7f
 868 0345 6C       		.byte	0x6c
 869 0346 01       		.uleb128 0x1
 870 0347 3C050000 		.4byte	.LASF50
 871 034b 09       		.byte	0x9
 872 034c EC04     		.2byte	0x4ec
 873 034e 11       		.byte	0x11
 874 034f 8B000000 		.4byte	0x8b
 875 0353 70       		.byte	0x70
 876 0354 02       		.uleb128 0x2
 877 0355 43535200 		.ascii	"CSR\000"
 878 0359 09       		.byte	0x9
 879 035a ED04     		.2byte	0x4ed
 880 035c 11       		.byte	0x11
 881 035d 8B000000 		.4byte	0x8b
 882 0361 74       		.byte	0x74
 883 0362 01       		.uleb128 0x1
 884 0363 7A030000 		.4byte	.LASF18
 885 0367 09       		.byte	0x9
 886 0368 EE04     		.2byte	0x4ee
 887 036a 0F       		.byte	0xf
 888 036b 7F000000 		.4byte	0x7f
 889 036f 78       		.byte	0x78
 890 0370 01       		.uleb128 0x1
 891 0371 9F020000 		.4byte	.LASF51
 892 0375 09       		.byte	0x9
 893 0376 EF04     		.2byte	0x4ef
 894 0378 10       		.byte	0x10
 895 0379 8B000000 		.4byte	0x8b
 896 037d 7C       		.byte	0x7c
 897 037e 01       		.uleb128 0x1
 898 037f E6000000 		.4byte	.LASF52
 899 0383 09       		.byte	0x9
 900 0384 F004     		.2byte	0x4f0
 901 0386 10       		.byte	0x10
 902 0387 8B000000 		.4byte	0x8b
 903 038b 80       		.byte	0x80
 904 038c 01       		.uleb128 0x1
 905 038d A9040000 		.4byte	.LASF53
 906 0391 09       		.byte	0x9
 907 0392 F104     		.2byte	0x4f1
 908 0394 10       		.byte	0x10
 909 0395 8B000000 		.4byte	0x8b
 910 0399 84       		.byte	0x84
 911 039a 01       		.uleb128 0x1
 912 039b BD000000 		.4byte	.LASF54
ARM GAS  C:\Users\DEVELO~1\AppData\Local\Temp\ccS6AjqE.s 			page 17


 913 039f 09       		.byte	0x9
 914 03a0 F204     		.2byte	0x4f2
 915 03a2 10       		.byte	0x10
 916 03a3 8B000000 		.4byte	0x8b
 917 03a7 88       		.byte	0x88
 918 03a8 01       		.uleb128 0x1
 919 03a9 02050000 		.4byte	.LASF55
 920 03ad 09       		.byte	0x9
 921 03ae F304     		.2byte	0x4f3
 922 03b0 10       		.byte	0x10
 923 03b1 8B000000 		.4byte	0x8b
 924 03b5 8C       		.byte	0x8c
 925 03b6 01       		.uleb128 0x1
 926 03b7 C6020000 		.4byte	.LASF56
 927 03bb 09       		.byte	0x9
 928 03bc F404     		.2byte	0x4f4
 929 03be 10       		.byte	0x10
 930 03bf 8B000000 		.4byte	0x8b
 931 03c3 90       		.byte	0x90
 932 03c4 01       		.uleb128 0x1
 933 03c5 18030000 		.4byte	.LASF57
 934 03c9 09       		.byte	0x9
 935 03ca F504     		.2byte	0x4f5
 936 03cc 10       		.byte	0x10
 937 03cd 8B000000 		.4byte	0x8b
 938 03d1 94       		.byte	0x94
 939 03d2 01       		.uleb128 0x1
 940 03d3 22010000 		.4byte	.LASF58
 941 03d7 09       		.byte	0x9
 942 03d8 F604     		.2byte	0x4f6
 943 03da 10       		.byte	0x10
 944 03db 8B000000 		.4byte	0x8b
 945 03df 98       		.byte	0x98
 946 03e0 01       		.uleb128 0x1
 947 03e1 F3020000 		.4byte	.LASF59
 948 03e5 09       		.byte	0x9
 949 03e6 F704     		.2byte	0x4f7
 950 03e8 10       		.byte	0x10
 951 03e9 8B000000 		.4byte	0x8b
 952 03ed 9C       		.byte	0x9c
 953 03ee 02       		.uleb128 0x2
 954 03ef 47435200 		.ascii	"GCR\000"
 955 03f3 09       		.byte	0x9
 956 03f4 F804     		.2byte	0x4f8
 957 03f6 10       		.byte	0x10
 958 03f7 8B000000 		.4byte	0x8b
 959 03fb A0       		.byte	0xa0
 960 03fc 01       		.uleb128 0x1
 961 03fd 8E030000 		.4byte	.LASF22
 962 0401 09       		.byte	0x9
 963 0402 F904     		.2byte	0x4f9
 964 0404 0F       		.byte	0xf
 965 0405 7F000000 		.4byte	0x7f
 966 0409 A4       		.byte	0xa4
 967 040a 01       		.uleb128 0x1
 968 040b 82000000 		.4byte	.LASF60
 969 040f 09       		.byte	0x9
ARM GAS  C:\Users\DEVELO~1\AppData\Local\Temp\ccS6AjqE.s 			page 18


 970 0410 FA04     		.2byte	0x4fa
 971 0412 10       		.byte	0x10
 972 0413 8B000000 		.4byte	0x8b
 973 0417 A8       		.byte	0xa8
 974 0418 01       		.uleb128 0x1
 975 0419 F7000000 		.4byte	.LASF61
 976 041d 09       		.byte	0x9
 977 041e FB04     		.2byte	0x4fb
 978 0420 0F       		.byte	0xf
 979 0421 A4010000 		.4byte	0x1a4
 980 0425 AC       		.byte	0xac
 981 0426 02       		.uleb128 0x2
 982 0427 52535200 		.ascii	"RSR\000"
 983 042b 09       		.byte	0x9
 984 042c FC04     		.2byte	0x4fc
 985 042e 10       		.byte	0x10
 986 042f 8B000000 		.4byte	0x8b
 987 0433 D0       		.byte	0xd0
 988 0434 01       		.uleb128 0x1
 989 0435 56040000 		.4byte	.LASF62
 990 0439 09       		.byte	0x9
 991 043a FD04     		.2byte	0x4fd
 992 043c 10       		.byte	0x10
 993 043d 8B000000 		.4byte	0x8b
 994 0441 D4       		.byte	0xd4
 995 0442 01       		.uleb128 0x1
 996 0443 5A050000 		.4byte	.LASF63
 997 0447 09       		.byte	0x9
 998 0448 FE04     		.2byte	0x4fe
 999 044a 10       		.byte	0x10
 1000 044b 8B000000 		.4byte	0x8b
 1001 044f D8       		.byte	0xd8
 1002 0450 01       		.uleb128 0x1
 1003 0451 FA040000 		.4byte	.LASF64
 1004 0455 09       		.byte	0x9
 1005 0456 FF04     		.2byte	0x4ff
 1006 0458 10       		.byte	0x10
 1007 0459 8B000000 		.4byte	0x8b
 1008 045d DC       		.byte	0xdc
 1009 045e 01       		.uleb128 0x1
 1010 045f 43030000 		.4byte	.LASF65
 1011 0463 09       		.byte	0x9
 1012 0464 0005     		.2byte	0x500
 1013 0466 10       		.byte	0x10
 1014 0467 8B000000 		.4byte	0x8b
 1015 046b E0       		.byte	0xe0
 1016 046c 01       		.uleb128 0x1
 1017 046d 3B030000 		.4byte	.LASF66
 1018 0471 09       		.byte	0x9
 1019 0472 0105     		.2byte	0x501
 1020 0474 10       		.byte	0x10
 1021 0475 8B000000 		.4byte	0x8b
 1022 0479 E4       		.byte	0xe4
 1023 047a 01       		.uleb128 0x1
 1024 047b 67050000 		.4byte	.LASF67
 1025 047f 09       		.byte	0x9
 1026 0480 0205     		.2byte	0x502
ARM GAS  C:\Users\DEVELO~1\AppData\Local\Temp\ccS6AjqE.s 			page 19


 1027 0482 10       		.byte	0x10
 1028 0483 8B000000 		.4byte	0x8b
 1029 0487 E8       		.byte	0xe8
 1030 0488 01       		.uleb128 0x1
 1031 0489 A8020000 		.4byte	.LASF68
 1032 048d 09       		.byte	0x9
 1033 048e 0305     		.2byte	0x503
 1034 0490 10       		.byte	0x10
 1035 0491 8B000000 		.4byte	0x8b
 1036 0495 EC       		.byte	0xec
 1037 0496 01       		.uleb128 0x1
 1038 0497 4E040000 		.4byte	.LASF69
 1039 049b 09       		.byte	0x9
 1040 049c 0405     		.2byte	0x504
 1041 049e 10       		.byte	0x10
 1042 049f 8B000000 		.4byte	0x8b
 1043 04a3 F0       		.byte	0xf0
 1044 04a4 01       		.uleb128 0x1
 1045 04a5 10030000 		.4byte	.LASF70
 1046 04a9 09       		.byte	0x9
 1047 04aa 0505     		.2byte	0x505
 1048 04ac 10       		.byte	0x10
 1049 04ad 8B000000 		.4byte	0x8b
 1050 04b1 F4       		.byte	0xf4
 1051 04b2 01       		.uleb128 0x1
 1052 04b3 02010000 		.4byte	.LASF71
 1053 04b7 09       		.byte	0x9
 1054 04b8 0605     		.2byte	0x506
 1055 04ba 10       		.byte	0x10
 1056 04bb 7F000000 		.4byte	0x7f
 1057 04bf F8       		.byte	0xf8
 1058 04c0 01       		.uleb128 0x1
 1059 04c1 31040000 		.4byte	.LASF72
 1060 04c5 09       		.byte	0x9
 1061 04c6 0705     		.2byte	0x507
 1062 04c8 10       		.byte	0x10
 1063 04c9 8B000000 		.4byte	0x8b
 1064 04cd FC       		.byte	0xfc
 1065 04ce 04       		.uleb128 0x4
 1066 04cf AE000000 		.4byte	.LASF73
 1067 04d3 0805     		.2byte	0x508
 1068 04d5 10       		.byte	0x10
 1069 04d6 8B000000 		.4byte	0x8b
 1070 04da 0001     		.2byte	0x100
 1071 04dc 04       		.uleb128 0x4
 1072 04dd 22030000 		.4byte	.LASF74
 1073 04e1 0905     		.2byte	0x509
 1074 04e3 10       		.byte	0x10
 1075 04e4 8B000000 		.4byte	0x8b
 1076 04e8 0401     		.2byte	0x104
 1077 04ea 04       		.uleb128 0x4
 1078 04eb DA040000 		.4byte	.LASF75
 1079 04ef 0A05     		.2byte	0x50a
 1080 04f1 10       		.byte	0x10
 1081 04f2 8B000000 		.4byte	0x8b
 1082 04f6 0801     		.2byte	0x108
 1083 04f8 04       		.uleb128 0x4
ARM GAS  C:\Users\DEVELO~1\AppData\Local\Temp\ccS6AjqE.s 			page 20


 1084 04f9 2C030000 		.4byte	.LASF76
 1085 04fd 0B05     		.2byte	0x50b
 1086 04ff 10       		.byte	0x10
 1087 0500 8B000000 		.4byte	0x8b
 1088 0504 0C01     		.2byte	0x10c
 1089 0506 04       		.uleb128 0x4
 1090 0507 2C050000 		.4byte	.LASF77
 1091 050b 0C05     		.2byte	0x50c
 1092 050d 10       		.byte	0x10
 1093 050e 8B000000 		.4byte	0x8b
 1094 0512 1001     		.2byte	0x110
 1095 0514 04       		.uleb128 0x4
 1096 0515 46000000 		.4byte	.LASF78
 1097 0519 0D05     		.2byte	0x50d
 1098 051b 10       		.byte	0x10
 1099 051c 8B000000 		.4byte	0x8b
 1100 0520 1401     		.2byte	0x114
 1101 0522 04       		.uleb128 0x4
 1102 0523 D0020000 		.4byte	.LASF79
 1103 0527 0E05     		.2byte	0x50e
 1104 0529 10       		.byte	0x10
 1105 052a 8B000000 		.4byte	0x8b
 1106 052e 1801     		.2byte	0x118
 1107 0530 04       		.uleb128 0x4
 1108 0531 3B040000 		.4byte	.LASF80
 1109 0535 0F05     		.2byte	0x50f
 1110 0537 10       		.byte	0x10
 1111 0538 8B000000 		.4byte	0x8b
 1112 053c 1C01     		.2byte	0x11c
 1113 053e 04       		.uleb128 0x4
 1114 053f 0D010000 		.4byte	.LASF81
 1115 0543 1005     		.2byte	0x510
 1116 0545 0F       		.byte	0xf
 1117 0546 9C000000 		.4byte	0x9c
 1118 054a 2001     		.2byte	0x120
 1119 054c 00       		.byte	0
 1120 054d 0A       		.uleb128 0xa
 1121 054e E3010000 		.4byte	.LASF82
 1122 0552 09       		.byte	0x9
 1123 0553 1205     		.2byte	0x512
 1124 0555 03       		.byte	0x3
 1125 0556 B4010000 		.4byte	0x1b4
 1126 055a 03       		.uleb128 0x3
 1127 055b 01       		.byte	0x1
 1128 055c 02       		.byte	0x2
 1129 055d AB030000 		.4byte	.LASF83
 1130 0561 0E       		.uleb128 0xe
 1131 0562 60       		.byte	0x60
 1132 0563 0A       		.byte	0xa
 1133 0564 F601     		.2byte	0x1f6
 1134 0566 81060000 		.4byte	0x681
 1135 056a 02       		.uleb128 0x2
 1136 056b 43523100 		.ascii	"CR1\000"
 1137 056f 0A       		.byte	0xa
 1138 0570 F701     		.2byte	0x1f7
 1139 0572 19       		.byte	0x19
 1140 0573 8B000000 		.4byte	0x8b
ARM GAS  C:\Users\DEVELO~1\AppData\Local\Temp\ccS6AjqE.s 			page 21


 1141 0577 00       		.byte	0
 1142 0578 02       		.uleb128 0x2
 1143 0579 43523200 		.ascii	"CR2\000"
 1144 057d 0A       		.byte	0xa
 1145 057e F801     		.2byte	0x1f8
 1146 0580 19       		.byte	0x19
 1147 0581 8B000000 		.4byte	0x8b
 1148 0585 04       		.byte	0x4
 1149 0586 01       		.uleb128 0x1
 1150 0587 9F040000 		.4byte	.LASF84
 1151 058b 0A       		.byte	0xa
 1152 058c F901     		.2byte	0x1f9
 1153 058e 19       		.byte	0x19
 1154 058f 8B000000 		.4byte	0x8b
 1155 0593 08       		.byte	0x8
 1156 0594 01       		.uleb128 0x1
 1157 0595 20000000 		.4byte	.LASF85
 1158 0599 0A       		.byte	0xa
 1159 059a FA01     		.2byte	0x1fa
 1160 059c 19       		.byte	0x19
 1161 059d 8B000000 		.4byte	0x8b
 1162 05a1 0C       		.byte	0xc
 1163 05a2 02       		.uleb128 0x2
 1164 05a3 535200   		.ascii	"SR\000"
 1165 05a6 0A       		.byte	0xa
 1166 05a7 FB01     		.2byte	0x1fb
 1167 05a9 19       		.byte	0x19
 1168 05aa 8B000000 		.4byte	0x8b
 1169 05ae 10       		.byte	0x10
 1170 05af 02       		.uleb128 0x2
 1171 05b0 45475200 		.ascii	"EGR\000"
 1172 05b4 0A       		.byte	0xa
 1173 05b5 FC01     		.2byte	0x1fc
 1174 05b7 19       		.byte	0x19
 1175 05b8 8B000000 		.4byte	0x8b
 1176 05bc 14       		.byte	0x14
 1177 05bd 01       		.uleb128 0x1
 1178 05be 78050000 		.4byte	.LASF86
 1179 05c2 0A       		.byte	0xa
 1180 05c3 FD01     		.2byte	0x1fd
 1181 05c5 19       		.byte	0x19
 1182 05c6 8B000000 		.4byte	0x8b
 1183 05ca 18       		.byte	0x18
 1184 05cb 01       		.uleb128 0x1
 1185 05cc C6000000 		.4byte	.LASF87
 1186 05d0 0A       		.byte	0xa
 1187 05d1 FE01     		.2byte	0x1fe
 1188 05d3 19       		.byte	0x19
 1189 05d4 8B000000 		.4byte	0x8b
 1190 05d8 1C       		.byte	0x1c
 1191 05d9 01       		.uleb128 0x1
 1192 05da 2B010000 		.4byte	.LASF88
 1193 05de 0A       		.byte	0xa
 1194 05df FF01     		.2byte	0x1ff
 1195 05e1 19       		.byte	0x19
 1196 05e2 8B000000 		.4byte	0x8b
 1197 05e6 20       		.byte	0x20
ARM GAS  C:\Users\DEVELO~1\AppData\Local\Temp\ccS6AjqE.s 			page 22


 1198 05e7 02       		.uleb128 0x2
 1199 05e8 434E5400 		.ascii	"CNT\000"
 1200 05ec 0A       		.byte	0xa
 1201 05ed 0002     		.2byte	0x200
 1202 05ef 19       		.byte	0x19
 1203 05f0 8B000000 		.4byte	0x8b
 1204 05f4 24       		.byte	0x24
 1205 05f5 02       		.uleb128 0x2
 1206 05f6 50534300 		.ascii	"PSC\000"
 1207 05fa 0A       		.byte	0xa
 1208 05fb 0102     		.2byte	0x201
 1209 05fd 19       		.byte	0x19
 1210 05fe 8B000000 		.4byte	0x8b
 1211 0602 28       		.byte	0x28
 1212 0603 02       		.uleb128 0x2
 1213 0604 41525200 		.ascii	"ARR\000"
 1214 0608 0A       		.byte	0xa
 1215 0609 0202     		.2byte	0x202
 1216 060b 19       		.byte	0x19
 1217 060c 8B000000 		.4byte	0x8b
 1218 0610 2C       		.byte	0x2c
 1219 0611 02       		.uleb128 0x2
 1220 0612 52435200 		.ascii	"RCR\000"
 1221 0616 0A       		.byte	0xa
 1222 0617 0302     		.2byte	0x203
 1223 0619 19       		.byte	0x19
 1224 061a 8B000000 		.4byte	0x8b
 1225 061e 30       		.byte	0x30
 1226 061f 02       		.uleb128 0x2
 1227 0620 43435200 		.ascii	"CCR\000"
 1228 0624 0A       		.byte	0xa
 1229 0625 0402     		.2byte	0x204
 1230 0627 19       		.byte	0x19
 1231 0628 BC000000 		.4byte	0xbc
 1232 062c 34       		.byte	0x34
 1233 062d 01       		.uleb128 0x1
 1234 062e A9000000 		.4byte	.LASF89
 1235 0632 0A       		.byte	0xa
 1236 0633 0502     		.2byte	0x205
 1237 0635 19       		.byte	0x19
 1238 0636 8B000000 		.4byte	0x8b
 1239 063a 44       		.byte	0x44
 1240 063b 02       		.uleb128 0x2
 1241 063c 44435200 		.ascii	"DCR\000"
 1242 0640 0A       		.byte	0xa
 1243 0641 1302     		.2byte	0x213
 1244 0643 19       		.byte	0x19
 1245 0644 8B000000 		.4byte	0x8b
 1246 0648 48       		.byte	0x48
 1247 0649 01       		.uleb128 0x1
 1248 064a A4040000 		.4byte	.LASF90
 1249 064e 0A       		.byte	0xa
 1250 064f 1402     		.2byte	0x214
 1251 0651 19       		.byte	0x19
 1252 0652 8B000000 		.4byte	0x8b
 1253 0656 4C       		.byte	0x4c
 1254 0657 02       		.uleb128 0x2
ARM GAS  C:\Users\DEVELO~1\AppData\Local\Temp\ccS6AjqE.s 			page 23


 1255 0658 4F5200   		.ascii	"OR\000"
 1256 065b 0A       		.byte	0xa
 1257 065c 1502     		.2byte	0x215
 1258 065e 19       		.byte	0x19
 1259 065f 8B000000 		.4byte	0x8b
 1260 0663 50       		.byte	0x50
 1261 0664 01       		.uleb128 0x1
 1262 0665 40000000 		.4byte	.LASF91
 1263 0669 0A       		.byte	0xa
 1264 066a 1602     		.2byte	0x216
 1265 066c 19       		.byte	0x19
 1266 066d 8B000000 		.4byte	0x8b
 1267 0671 54       		.byte	0x54
 1268 0672 01       		.uleb128 0x1
 1269 0673 5E040000 		.4byte	.LASF92
 1270 0677 0A       		.byte	0xa
 1271 0678 1702     		.2byte	0x217
 1272 067a 19       		.byte	0x19
 1273 067b D1000000 		.4byte	0xd1
 1274 067f 58       		.byte	0x58
 1275 0680 00       		.byte	0
 1276 0681 0A       		.uleb128 0xa
 1277 0682 BA020000 		.4byte	.LASF93
 1278 0686 0A       		.byte	0xa
 1279 0687 1902     		.2byte	0x219
 1280 0689 03       		.byte	0x3
 1281 068a 61050000 		.4byte	0x561
 1282 068e 15       		.uleb128 0x15
 1283 068f C7040000 		.4byte	.LASF111
 1284 0693 01       		.byte	0x1
 1285 0694 5101     		.2byte	0x151
 1286 0696 08       		.byte	0x8
 1287 0697 0F       		.uleb128 0xf
 1288 0698 00000000 		.4byte	.LASF95
 1289 069c 8802     		.2byte	0x288
 1290 069e 00000000 		.4byte	.LFB433
 1291 06a2 44000000 		.4byte	.LFE433-.LFB433
 1292 06a6 01       		.uleb128 0x1
 1293 06a7 9C       		.byte	0x9c
 1294 06a8 CC060000 		.4byte	0x6cc
 1295 06ac 16       		.uleb128 0x16
 1296 06ad 737200   		.ascii	"sr\000"
 1297 06b0 06       		.byte	0x6
 1298 06b1 8A02     		.2byte	0x28a
 1299 06b3 0C       		.byte	0xc
 1300 06b4 7F000000 		.4byte	0x7f
 1301 06b8 02       		.uleb128 0x2
 1302 06b9 91       		.byte	0x91
 1303 06ba 70       		.sleb128 -16
 1304 06bb 17       		.uleb128 0x17
 1305 06bc 36030000 		.4byte	.LASF94
 1306 06c0 06       		.byte	0x6
 1307 06c1 8B02     		.2byte	0x28b
 1308 06c3 10       		.byte	0x10
 1309 06c4 CC060000 		.4byte	0x6cc
 1310 06c8 02       		.uleb128 0x2
 1311 06c9 91       		.byte	0x91
ARM GAS  C:\Users\DEVELO~1\AppData\Local\Temp\ccS6AjqE.s 			page 24


 1312 06ca 74       		.sleb128 -12
 1313 06cb 00       		.byte	0
 1314 06cc 18       		.uleb128 0x18
 1315 06cd 04       		.byte	0x4
 1316 06ce 81060000 		.4byte	0x681
 1317 06d2 0F       		.uleb128 0xf
 1318 06d3 9D000000 		.4byte	.LASF96
 1319 06d7 4F02     		.2byte	0x24f
 1320 06d9 00000000 		.4byte	.LFB432
 1321 06dd 64000000 		.4byte	.LFE432-.LFB432
 1322 06e1 01       		.uleb128 0x1
 1323 06e2 9C       		.byte	0x9c
 1324 06e3 F1060000 		.4byte	0x6f1
 1325 06e7 19       		.uleb128 0x19
 1326 06e8 45040000 		.4byte	.LASF112
 1327 06ec 01070000 		.4byte	0x701
 1328 06f0 00       		.byte	0
 1329 06f1 05       		.uleb128 0x5
 1330 06f2 97000000 		.4byte	0x97
 1331 06f6 01070000 		.4byte	0x701
 1332 06fa 06       		.uleb128 0x6
 1333 06fb 2D000000 		.4byte	0x2d
 1334 06ff 0B       		.byte	0xb
 1335 0700 00       		.byte	0
 1336 0701 0D       		.uleb128 0xd
 1337 0702 F1060000 		.4byte	0x6f1
 1338 0706 1A       		.uleb128 0x1a
 1339 0707 E4020000 		.4byte	.LASF101
 1340 070b 05       		.byte	0x5
 1341 070c 8D       		.byte	0x8d
 1342 070d 16       		.byte	0x16
 1343 070e 00000000 		.4byte	.LFB388
 1344 0712 5C000000 		.4byte	.LFE388-.LFB388
 1345 0716 01       		.uleb128 0x1
 1346 0717 9C       		.byte	0x9c
 1347 0718 3A070000 		.4byte	0x73a
 1348 071c 1B       		.uleb128 0x1b
 1349 071d 9B010000 		.4byte	.LASF97
 1350 0721 05       		.byte	0x5
 1351 0722 8D       		.byte	0x8d
 1352 0723 2E       		.byte	0x2e
 1353 0724 7F000000 		.4byte	0x7f
 1354 0728 02       		.uleb128 0x2
 1355 0729 91       		.byte	0x91
 1356 072a 74       		.sleb128 -12
 1357 072b 1C       		.uleb128 0x1c
 1358 072c 6C7000   		.ascii	"lp\000"
 1359 072f 05       		.byte	0x5
 1360 0730 8D       		.byte	0x8d
 1361 0731 39       		.byte	0x39
 1362 0732 5A050000 		.4byte	0x55a
 1363 0736 02       		.uleb128 0x2
 1364 0737 91       		.byte	0x91
 1365 0738 73       		.sleb128 -13
 1366 0739 00       		.byte	0
 1367 073a 0B       		.uleb128 0xb
 1368 073b FC020000 		.4byte	.LASF98
ARM GAS  C:\Users\DEVELO~1\AppData\Local\Temp\ccS6AjqE.s 			page 25


 1369 073f 9902     		.2byte	0x299
 1370 0741 00000000 		.4byte	.LFB357
 1371 0745 0C000000 		.4byte	.LFE357-.LFB357
 1372 0749 01       		.uleb128 0x1
 1373 074a 9C       		.byte	0x9c
 1374 074b 0B       		.uleb128 0xb
 1375 074c 88000000 		.4byte	.LASF99
 1376 0750 5E02     		.2byte	0x25e
 1377 0752 00000000 		.4byte	.LFB353
 1378 0756 0C000000 		.4byte	.LFE353-.LFB353
 1379 075a 01       		.uleb128 0x1
 1380 075b 9C       		.byte	0x9c
 1381 075c 0B       		.uleb128 0xb
 1382 075d 25000000 		.4byte	.LASF100
 1383 0761 5302     		.2byte	0x253
 1384 0763 00000000 		.4byte	.LFB352
 1385 0767 0C000000 		.4byte	.LFE352-.LFB352
 1386 076b 01       		.uleb128 0x1
 1387 076c 9C       		.byte	0x9c
 1388 076d 10       		.uleb128 0x10
 1389 076e 98030000 		.4byte	.LASF102
 1390 0772 D901     		.2byte	0x1d9
 1391 0774 00000000 		.4byte	.LFB205
 1392 0778 20000000 		.4byte	.LFE205-.LFB205
 1393 077c 01       		.uleb128 0x1
 1394 077d 9C       		.byte	0x9c
 1395 077e BE070000 		.4byte	0x7be
 1396 0782 07       		.uleb128 0x7
 1397 0783 0F080000 		.4byte	0x80f
 1398 0787 0A000000 		.4byte	.LBB32
 1399 078b 0C000000 		.4byte	.LBE32-.LBB32
 1400 078f 01       		.byte	0x1
 1401 0790 DD01     		.2byte	0x1dd
 1402 0792 07       		.uleb128 0x7
 1403 0793 1D080000 		.4byte	0x81d
 1404 0797 0A000000 		.4byte	.LBB34
 1405 079b 0A000000 		.4byte	.LBE34-.LBB34
 1406 079f 03       		.byte	0x3
 1407 07a0 6B03     		.2byte	0x36b
 1408 07a2 07       		.uleb128 0x7
 1409 07a3 2B080000 		.4byte	0x82b
 1410 07a7 0A000000 		.4byte	.LBB36
 1411 07ab 08000000 		.4byte	.LBE36-.LBB36
 1412 07af 03       		.byte	0x3
 1413 07b0 5203     		.2byte	0x352
 1414 07b2 11       		.uleb128 0x11
 1415 07b3 35080000 		.4byte	0x835
 1416 07b7 02       		.uleb128 0x2
 1417 07b8 91       		.byte	0x91
 1418 07b9 74       		.sleb128 -12
 1419 07ba 00       		.byte	0
 1420 07bb 00       		.byte	0
 1421 07bc 00       		.byte	0
 1422 07bd 00       		.byte	0
 1423 07be 10       		.uleb128 0x10
 1424 07bf 41050000 		.4byte	.LASF103
 1425 07c3 C301     		.2byte	0x1c3
ARM GAS  C:\Users\DEVELO~1\AppData\Local\Temp\ccS6AjqE.s 			page 26


 1426 07c5 00000000 		.4byte	.LFB204
 1427 07c9 20000000 		.4byte	.LFE204-.LFB204
 1428 07cd 01       		.uleb128 0x1
 1429 07ce 9C       		.byte	0x9c
 1430 07cf 0F080000 		.4byte	0x80f
 1431 07d3 07       		.uleb128 0x7
 1432 07d4 16080000 		.4byte	0x816
 1433 07d8 0A000000 		.4byte	.LBB26
 1434 07dc 0C000000 		.4byte	.LBE26-.LBB26
 1435 07e0 01       		.byte	0x1
 1436 07e1 C501     		.2byte	0x1c5
 1437 07e3 07       		.uleb128 0x7
 1438 07e4 24080000 		.4byte	0x824
 1439 07e8 0A000000 		.4byte	.LBB28
 1440 07ec 0A000000 		.4byte	.LBE28-.LBB28
 1441 07f0 03       		.byte	0x3
 1442 07f1 6003     		.2byte	0x360
 1443 07f3 07       		.uleb128 0x7
 1444 07f4 2B080000 		.4byte	0x82b
 1445 07f8 0A000000 		.4byte	.LBB30
 1446 07fc 08000000 		.4byte	.LBE30-.LBB30
 1447 0800 03       		.byte	0x3
 1448 0801 3F03     		.2byte	0x33f
 1449 0803 11       		.uleb128 0x11
 1450 0804 35080000 		.4byte	0x835
 1451 0808 02       		.uleb128 0x2
 1452 0809 91       		.byte	0x91
 1453 080a 74       		.sleb128 -12
 1454 080b 00       		.byte	0
 1455 080c 00       		.byte	0
 1456 080d 00       		.byte	0
 1457 080e 00       		.byte	0
 1458 080f 08       		.uleb128 0x8
 1459 0810 B2040000 		.4byte	.LASF104
 1460 0814 6903     		.2byte	0x369
 1461 0816 08       		.uleb128 0x8
 1462 0817 13050000 		.4byte	.LASF105
 1463 081b 5E03     		.2byte	0x35e
 1464 081d 08       		.uleb128 0x8
 1465 081e 76010000 		.4byte	.LASF106
 1466 0822 4F03     		.2byte	0x34f
 1467 0824 08       		.uleb128 0x8
 1468 0825 5A000000 		.4byte	.LASF107
 1469 0829 3703     		.2byte	0x337
 1470 082b 1D       		.uleb128 0x1d
 1471 082c E4040000 		.4byte	.LASF113
 1472 0830 02       		.byte	0x2
 1473 0831 EB01     		.2byte	0x1eb
 1474 0833 1B       		.byte	0x1b
 1475 0834 03       		.byte	0x3
 1476 0835 1E       		.uleb128 0x1e
 1477 0836 EF000000 		.4byte	.LASF114
 1478 083a 02       		.byte	0x2
 1479 083b EB01     		.2byte	0x1eb
 1480 083d 32       		.byte	0x32
 1481 083e 7F000000 		.4byte	0x7f
 1482 0842 00       		.byte	0
ARM GAS  C:\Users\DEVELO~1\AppData\Local\Temp\ccS6AjqE.s 			page 27


 1483 0843 00       		.byte	0
 1484              		.section	.debug_abbrev,"",%progbits
 1485              	.Ldebug_abbrev0:
 1486 0000 01       		.uleb128 0x1
 1487 0001 0D       		.uleb128 0xd
 1488 0002 00       		.byte	0
 1489 0003 03       		.uleb128 0x3
 1490 0004 0E       		.uleb128 0xe
 1491 0005 3A       		.uleb128 0x3a
 1492 0006 0B       		.uleb128 0xb
 1493 0007 3B       		.uleb128 0x3b
 1494 0008 05       		.uleb128 0x5
 1495 0009 39       		.uleb128 0x39
 1496 000a 0B       		.uleb128 0xb
 1497 000b 49       		.uleb128 0x49
 1498 000c 13       		.uleb128 0x13
 1499 000d 38       		.uleb128 0x38
 1500 000e 0B       		.uleb128 0xb
 1501 000f 00       		.byte	0
 1502 0010 00       		.byte	0
 1503 0011 02       		.uleb128 0x2
 1504 0012 0D       		.uleb128 0xd
 1505 0013 00       		.byte	0
 1506 0014 03       		.uleb128 0x3
 1507 0015 08       		.uleb128 0x8
 1508 0016 3A       		.uleb128 0x3a
 1509 0017 0B       		.uleb128 0xb
 1510 0018 3B       		.uleb128 0x3b
 1511 0019 05       		.uleb128 0x5
 1512 001a 39       		.uleb128 0x39
 1513 001b 0B       		.uleb128 0xb
 1514 001c 49       		.uleb128 0x49
 1515 001d 13       		.uleb128 0x13
 1516 001e 38       		.uleb128 0x38
 1517 001f 0B       		.uleb128 0xb
 1518 0020 00       		.byte	0
 1519 0021 00       		.byte	0
 1520 0022 03       		.uleb128 0x3
 1521 0023 24       		.uleb128 0x24
 1522 0024 00       		.byte	0
 1523 0025 0B       		.uleb128 0xb
 1524 0026 0B       		.uleb128 0xb
 1525 0027 3E       		.uleb128 0x3e
 1526 0028 0B       		.uleb128 0xb
 1527 0029 03       		.uleb128 0x3
 1528 002a 0E       		.uleb128 0xe
 1529 002b 00       		.byte	0
 1530 002c 00       		.byte	0
 1531 002d 04       		.uleb128 0x4
 1532 002e 0D       		.uleb128 0xd
 1533 002f 00       		.byte	0
 1534 0030 03       		.uleb128 0x3
 1535 0031 0E       		.uleb128 0xe
 1536 0032 3A       		.uleb128 0x3a
 1537 0033 21       		.uleb128 0x21
 1538 0034 09       		.sleb128 9
 1539 0035 3B       		.uleb128 0x3b
ARM GAS  C:\Users\DEVELO~1\AppData\Local\Temp\ccS6AjqE.s 			page 28


 1540 0036 05       		.uleb128 0x5
 1541 0037 39       		.uleb128 0x39
 1542 0038 0B       		.uleb128 0xb
 1543 0039 49       		.uleb128 0x49
 1544 003a 13       		.uleb128 0x13
 1545 003b 38       		.uleb128 0x38
 1546 003c 05       		.uleb128 0x5
 1547 003d 00       		.byte	0
 1548 003e 00       		.byte	0
 1549 003f 05       		.uleb128 0x5
 1550 0040 01       		.uleb128 0x1
 1551 0041 01       		.byte	0x1
 1552 0042 49       		.uleb128 0x49
 1553 0043 13       		.uleb128 0x13
 1554 0044 01       		.uleb128 0x1
 1555 0045 13       		.uleb128 0x13
 1556 0046 00       		.byte	0
 1557 0047 00       		.byte	0
 1558 0048 06       		.uleb128 0x6
 1559 0049 21       		.uleb128 0x21
 1560 004a 00       		.byte	0
 1561 004b 49       		.uleb128 0x49
 1562 004c 13       		.uleb128 0x13
 1563 004d 2F       		.uleb128 0x2f
 1564 004e 0B       		.uleb128 0xb
 1565 004f 00       		.byte	0
 1566 0050 00       		.byte	0
 1567 0051 07       		.uleb128 0x7
 1568 0052 1D       		.uleb128 0x1d
 1569 0053 01       		.byte	0x1
 1570 0054 31       		.uleb128 0x31
 1571 0055 13       		.uleb128 0x13
 1572 0056 11       		.uleb128 0x11
 1573 0057 01       		.uleb128 0x1
 1574 0058 12       		.uleb128 0x12
 1575 0059 06       		.uleb128 0x6
 1576 005a 58       		.uleb128 0x58
 1577 005b 0B       		.uleb128 0xb
 1578 005c 59       		.uleb128 0x59
 1579 005d 05       		.uleb128 0x5
 1580 005e 57       		.uleb128 0x57
 1581 005f 21       		.uleb128 0x21
 1582 0060 03       		.sleb128 3
 1583 0061 00       		.byte	0
 1584 0062 00       		.byte	0
 1585 0063 08       		.uleb128 0x8
 1586 0064 2E       		.uleb128 0x2e
 1587 0065 00       		.byte	0
 1588 0066 03       		.uleb128 0x3
 1589 0067 0E       		.uleb128 0xe
 1590 0068 3A       		.uleb128 0x3a
 1591 0069 21       		.uleb128 0x21
 1592 006a 03       		.sleb128 3
 1593 006b 3B       		.uleb128 0x3b
 1594 006c 05       		.uleb128 0x5
 1595 006d 39       		.uleb128 0x39
 1596 006e 21       		.uleb128 0x21
ARM GAS  C:\Users\DEVELO~1\AppData\Local\Temp\ccS6AjqE.s 			page 29


 1597 006f 1B       		.sleb128 27
 1598 0070 27       		.uleb128 0x27
 1599 0071 19       		.uleb128 0x19
 1600 0072 20       		.uleb128 0x20
 1601 0073 21       		.uleb128 0x21
 1602 0074 03       		.sleb128 3
 1603 0075 00       		.byte	0
 1604 0076 00       		.byte	0
 1605 0077 09       		.uleb128 0x9
 1606 0078 35       		.uleb128 0x35
 1607 0079 00       		.byte	0
 1608 007a 49       		.uleb128 0x49
 1609 007b 13       		.uleb128 0x13
 1610 007c 00       		.byte	0
 1611 007d 00       		.byte	0
 1612 007e 0A       		.uleb128 0xa
 1613 007f 16       		.uleb128 0x16
 1614 0080 00       		.byte	0
 1615 0081 03       		.uleb128 0x3
 1616 0082 0E       		.uleb128 0xe
 1617 0083 3A       		.uleb128 0x3a
 1618 0084 0B       		.uleb128 0xb
 1619 0085 3B       		.uleb128 0x3b
 1620 0086 05       		.uleb128 0x5
 1621 0087 39       		.uleb128 0x39
 1622 0088 0B       		.uleb128 0xb
 1623 0089 49       		.uleb128 0x49
 1624 008a 13       		.uleb128 0x13
 1625 008b 00       		.byte	0
 1626 008c 00       		.byte	0
 1627 008d 0B       		.uleb128 0xb
 1628 008e 2E       		.uleb128 0x2e
 1629 008f 00       		.byte	0
 1630 0090 03       		.uleb128 0x3
 1631 0091 0E       		.uleb128 0xe
 1632 0092 3A       		.uleb128 0x3a
 1633 0093 21       		.uleb128 0x21
 1634 0094 04       		.sleb128 4
 1635 0095 3B       		.uleb128 0x3b
 1636 0096 05       		.uleb128 0x5
 1637 0097 39       		.uleb128 0x39
 1638 0098 21       		.uleb128 0x21
 1639 0099 14       		.sleb128 20
 1640 009a 27       		.uleb128 0x27
 1641 009b 19       		.uleb128 0x19
 1642 009c 11       		.uleb128 0x11
 1643 009d 01       		.uleb128 0x1
 1644 009e 12       		.uleb128 0x12
 1645 009f 06       		.uleb128 0x6
 1646 00a0 40       		.uleb128 0x40
 1647 00a1 18       		.uleb128 0x18
 1648 00a2 7C       		.uleb128 0x7c
 1649 00a3 19       		.uleb128 0x19
 1650 00a4 00       		.byte	0
 1651 00a5 00       		.byte	0
 1652 00a6 0C       		.uleb128 0xc
 1653 00a7 16       		.uleb128 0x16
ARM GAS  C:\Users\DEVELO~1\AppData\Local\Temp\ccS6AjqE.s 			page 30


 1654 00a8 00       		.byte	0
 1655 00a9 03       		.uleb128 0x3
 1656 00aa 0E       		.uleb128 0xe
 1657 00ab 3A       		.uleb128 0x3a
 1658 00ac 0B       		.uleb128 0xb
 1659 00ad 3B       		.uleb128 0x3b
 1660 00ae 0B       		.uleb128 0xb
 1661 00af 39       		.uleb128 0x39
 1662 00b0 0B       		.uleb128 0xb
 1663 00b1 49       		.uleb128 0x49
 1664 00b2 13       		.uleb128 0x13
 1665 00b3 00       		.byte	0
 1666 00b4 00       		.byte	0
 1667 00b5 0D       		.uleb128 0xd
 1668 00b6 26       		.uleb128 0x26
 1669 00b7 00       		.byte	0
 1670 00b8 49       		.uleb128 0x49
 1671 00b9 13       		.uleb128 0x13
 1672 00ba 00       		.byte	0
 1673 00bb 00       		.byte	0
 1674 00bc 0E       		.uleb128 0xe
 1675 00bd 13       		.uleb128 0x13
 1676 00be 01       		.byte	0x1
 1677 00bf 0B       		.uleb128 0xb
 1678 00c0 0B       		.uleb128 0xb
 1679 00c1 3A       		.uleb128 0x3a
 1680 00c2 0B       		.uleb128 0xb
 1681 00c3 3B       		.uleb128 0x3b
 1682 00c4 05       		.uleb128 0x5
 1683 00c5 39       		.uleb128 0x39
 1684 00c6 21       		.uleb128 0x21
 1685 00c7 09       		.sleb128 9
 1686 00c8 01       		.uleb128 0x1
 1687 00c9 13       		.uleb128 0x13
 1688 00ca 00       		.byte	0
 1689 00cb 00       		.byte	0
 1690 00cc 0F       		.uleb128 0xf
 1691 00cd 2E       		.uleb128 0x2e
 1692 00ce 01       		.byte	0x1
 1693 00cf 3F       		.uleb128 0x3f
 1694 00d0 19       		.uleb128 0x19
 1695 00d1 03       		.uleb128 0x3
 1696 00d2 0E       		.uleb128 0xe
 1697 00d3 3A       		.uleb128 0x3a
 1698 00d4 21       		.uleb128 0x21
 1699 00d5 06       		.sleb128 6
 1700 00d6 3B       		.uleb128 0x3b
 1701 00d7 05       		.uleb128 0x5
 1702 00d8 39       		.uleb128 0x39
 1703 00d9 21       		.uleb128 0x21
 1704 00da 06       		.sleb128 6
 1705 00db 27       		.uleb128 0x27
 1706 00dc 19       		.uleb128 0x19
 1707 00dd 11       		.uleb128 0x11
 1708 00de 01       		.uleb128 0x1
 1709 00df 12       		.uleb128 0x12
 1710 00e0 06       		.uleb128 0x6
ARM GAS  C:\Users\DEVELO~1\AppData\Local\Temp\ccS6AjqE.s 			page 31


 1711 00e1 40       		.uleb128 0x40
 1712 00e2 18       		.uleb128 0x18
 1713 00e3 7C       		.uleb128 0x7c
 1714 00e4 19       		.uleb128 0x19
 1715 00e5 01       		.uleb128 0x1
 1716 00e6 13       		.uleb128 0x13
 1717 00e7 00       		.byte	0
 1718 00e8 00       		.byte	0
 1719 00e9 10       		.uleb128 0x10
 1720 00ea 2E       		.uleb128 0x2e
 1721 00eb 01       		.byte	0x1
 1722 00ec 03       		.uleb128 0x3
 1723 00ed 0E       		.uleb128 0xe
 1724 00ee 3A       		.uleb128 0x3a
 1725 00ef 21       		.uleb128 0x21
 1726 00f0 01       		.sleb128 1
 1727 00f1 3B       		.uleb128 0x3b
 1728 00f2 05       		.uleb128 0x5
 1729 00f3 39       		.uleb128 0x39
 1730 00f4 21       		.uleb128 0x21
 1731 00f5 14       		.sleb128 20
 1732 00f6 27       		.uleb128 0x27
 1733 00f7 19       		.uleb128 0x19
 1734 00f8 11       		.uleb128 0x11
 1735 00f9 01       		.uleb128 0x1
 1736 00fa 12       		.uleb128 0x12
 1737 00fb 06       		.uleb128 0x6
 1738 00fc 40       		.uleb128 0x40
 1739 00fd 18       		.uleb128 0x18
 1740 00fe 7A       		.uleb128 0x7a
 1741 00ff 19       		.uleb128 0x19
 1742 0100 01       		.uleb128 0x1
 1743 0101 13       		.uleb128 0x13
 1744 0102 00       		.byte	0
 1745 0103 00       		.byte	0
 1746 0104 11       		.uleb128 0x11
 1747 0105 05       		.uleb128 0x5
 1748 0106 00       		.byte	0
 1749 0107 31       		.uleb128 0x31
 1750 0108 13       		.uleb128 0x13
 1751 0109 02       		.uleb128 0x2
 1752 010a 18       		.uleb128 0x18
 1753 010b 00       		.byte	0
 1754 010c 00       		.byte	0
 1755 010d 12       		.uleb128 0x12
 1756 010e 11       		.uleb128 0x11
 1757 010f 01       		.byte	0x1
 1758 0110 25       		.uleb128 0x25
 1759 0111 0E       		.uleb128 0xe
 1760 0112 13       		.uleb128 0x13
 1761 0113 0B       		.uleb128 0xb
 1762 0114 03       		.uleb128 0x3
 1763 0115 0E       		.uleb128 0xe
 1764 0116 1B       		.uleb128 0x1b
 1765 0117 0E       		.uleb128 0xe
 1766 0118 55       		.uleb128 0x55
 1767 0119 17       		.uleb128 0x17
ARM GAS  C:\Users\DEVELO~1\AppData\Local\Temp\ccS6AjqE.s 			page 32


 1768 011a 11       		.uleb128 0x11
 1769 011b 01       		.uleb128 0x1
 1770 011c 10       		.uleb128 0x10
 1771 011d 17       		.uleb128 0x17
 1772 011e 00       		.byte	0
 1773 011f 00       		.byte	0
 1774 0120 13       		.uleb128 0x13
 1775 0121 24       		.uleb128 0x24
 1776 0122 00       		.byte	0
 1777 0123 0B       		.uleb128 0xb
 1778 0124 0B       		.uleb128 0xb
 1779 0125 3E       		.uleb128 0x3e
 1780 0126 0B       		.uleb128 0xb
 1781 0127 03       		.uleb128 0x3
 1782 0128 08       		.uleb128 0x8
 1783 0129 00       		.byte	0
 1784 012a 00       		.byte	0
 1785 012b 14       		.uleb128 0x14
 1786 012c 13       		.uleb128 0x13
 1787 012d 01       		.byte	0x1
 1788 012e 0B       		.uleb128 0xb
 1789 012f 05       		.uleb128 0x5
 1790 0130 3A       		.uleb128 0x3a
 1791 0131 0B       		.uleb128 0xb
 1792 0132 3B       		.uleb128 0x3b
 1793 0133 05       		.uleb128 0x5
 1794 0134 39       		.uleb128 0x39
 1795 0135 0B       		.uleb128 0xb
 1796 0136 01       		.uleb128 0x1
 1797 0137 13       		.uleb128 0x13
 1798 0138 00       		.byte	0
 1799 0139 00       		.byte	0
 1800 013a 15       		.uleb128 0x15
 1801 013b 2E       		.uleb128 0x2e
 1802 013c 00       		.byte	0
 1803 013d 3F       		.uleb128 0x3f
 1804 013e 19       		.uleb128 0x19
 1805 013f 03       		.uleb128 0x3
 1806 0140 0E       		.uleb128 0xe
 1807 0141 3A       		.uleb128 0x3a
 1808 0142 0B       		.uleb128 0xb
 1809 0143 3B       		.uleb128 0x3b
 1810 0144 05       		.uleb128 0x5
 1811 0145 39       		.uleb128 0x39
 1812 0146 0B       		.uleb128 0xb
 1813 0147 27       		.uleb128 0x27
 1814 0148 19       		.uleb128 0x19
 1815 0149 3C       		.uleb128 0x3c
 1816 014a 19       		.uleb128 0x19
 1817 014b 00       		.byte	0
 1818 014c 00       		.byte	0
 1819 014d 16       		.uleb128 0x16
 1820 014e 34       		.uleb128 0x34
 1821 014f 00       		.byte	0
 1822 0150 03       		.uleb128 0x3
 1823 0151 08       		.uleb128 0x8
 1824 0152 3A       		.uleb128 0x3a
ARM GAS  C:\Users\DEVELO~1\AppData\Local\Temp\ccS6AjqE.s 			page 33


 1825 0153 0B       		.uleb128 0xb
 1826 0154 3B       		.uleb128 0x3b
 1827 0155 05       		.uleb128 0x5
 1828 0156 39       		.uleb128 0x39
 1829 0157 0B       		.uleb128 0xb
 1830 0158 49       		.uleb128 0x49
 1831 0159 13       		.uleb128 0x13
 1832 015a 02       		.uleb128 0x2
 1833 015b 18       		.uleb128 0x18
 1834 015c 00       		.byte	0
 1835 015d 00       		.byte	0
 1836 015e 17       		.uleb128 0x17
 1837 015f 34       		.uleb128 0x34
 1838 0160 00       		.byte	0
 1839 0161 03       		.uleb128 0x3
 1840 0162 0E       		.uleb128 0xe
 1841 0163 3A       		.uleb128 0x3a
 1842 0164 0B       		.uleb128 0xb
 1843 0165 3B       		.uleb128 0x3b
 1844 0166 05       		.uleb128 0x5
 1845 0167 39       		.uleb128 0x39
 1846 0168 0B       		.uleb128 0xb
 1847 0169 49       		.uleb128 0x49
 1848 016a 13       		.uleb128 0x13
 1849 016b 02       		.uleb128 0x2
 1850 016c 18       		.uleb128 0x18
 1851 016d 00       		.byte	0
 1852 016e 00       		.byte	0
 1853 016f 18       		.uleb128 0x18
 1854 0170 0F       		.uleb128 0xf
 1855 0171 00       		.byte	0
 1856 0172 0B       		.uleb128 0xb
 1857 0173 0B       		.uleb128 0xb
 1858 0174 49       		.uleb128 0x49
 1859 0175 13       		.uleb128 0x13
 1860 0176 00       		.byte	0
 1861 0177 00       		.byte	0
 1862 0178 19       		.uleb128 0x19
 1863 0179 34       		.uleb128 0x34
 1864 017a 00       		.byte	0
 1865 017b 03       		.uleb128 0x3
 1866 017c 0E       		.uleb128 0xe
 1867 017d 49       		.uleb128 0x49
 1868 017e 13       		.uleb128 0x13
 1869 017f 34       		.uleb128 0x34
 1870 0180 19       		.uleb128 0x19
 1871 0181 00       		.byte	0
 1872 0182 00       		.byte	0
 1873 0183 1A       		.uleb128 0x1a
 1874 0184 2E       		.uleb128 0x2e
 1875 0185 01       		.byte	0x1
 1876 0186 03       		.uleb128 0x3
 1877 0187 0E       		.uleb128 0xe
 1878 0188 3A       		.uleb128 0x3a
 1879 0189 0B       		.uleb128 0xb
 1880 018a 3B       		.uleb128 0x3b
 1881 018b 0B       		.uleb128 0xb
ARM GAS  C:\Users\DEVELO~1\AppData\Local\Temp\ccS6AjqE.s 			page 34


 1882 018c 39       		.uleb128 0x39
 1883 018d 0B       		.uleb128 0xb
 1884 018e 27       		.uleb128 0x27
 1885 018f 19       		.uleb128 0x19
 1886 0190 11       		.uleb128 0x11
 1887 0191 01       		.uleb128 0x1
 1888 0192 12       		.uleb128 0x12
 1889 0193 06       		.uleb128 0x6
 1890 0194 40       		.uleb128 0x40
 1891 0195 18       		.uleb128 0x18
 1892 0196 7A       		.uleb128 0x7a
 1893 0197 19       		.uleb128 0x19
 1894 0198 01       		.uleb128 0x1
 1895 0199 13       		.uleb128 0x13
 1896 019a 00       		.byte	0
 1897 019b 00       		.byte	0
 1898 019c 1B       		.uleb128 0x1b
 1899 019d 05       		.uleb128 0x5
 1900 019e 00       		.byte	0
 1901 019f 03       		.uleb128 0x3
 1902 01a0 0E       		.uleb128 0xe
 1903 01a1 3A       		.uleb128 0x3a
 1904 01a2 0B       		.uleb128 0xb
 1905 01a3 3B       		.uleb128 0x3b
 1906 01a4 0B       		.uleb128 0xb
 1907 01a5 39       		.uleb128 0x39
 1908 01a6 0B       		.uleb128 0xb
 1909 01a7 49       		.uleb128 0x49
 1910 01a8 13       		.uleb128 0x13
 1911 01a9 02       		.uleb128 0x2
 1912 01aa 18       		.uleb128 0x18
 1913 01ab 00       		.byte	0
 1914 01ac 00       		.byte	0
 1915 01ad 1C       		.uleb128 0x1c
 1916 01ae 05       		.uleb128 0x5
 1917 01af 00       		.byte	0
 1918 01b0 03       		.uleb128 0x3
 1919 01b1 08       		.uleb128 0x8
 1920 01b2 3A       		.uleb128 0x3a
 1921 01b3 0B       		.uleb128 0xb
 1922 01b4 3B       		.uleb128 0x3b
 1923 01b5 0B       		.uleb128 0xb
 1924 01b6 39       		.uleb128 0x39
 1925 01b7 0B       		.uleb128 0xb
 1926 01b8 49       		.uleb128 0x49
 1927 01b9 13       		.uleb128 0x13
 1928 01ba 02       		.uleb128 0x2
 1929 01bb 18       		.uleb128 0x18
 1930 01bc 00       		.byte	0
 1931 01bd 00       		.byte	0
 1932 01be 1D       		.uleb128 0x1d
 1933 01bf 2E       		.uleb128 0x2e
 1934 01c0 01       		.byte	0x1
 1935 01c1 03       		.uleb128 0x3
 1936 01c2 0E       		.uleb128 0xe
 1937 01c3 3A       		.uleb128 0x3a
 1938 01c4 0B       		.uleb128 0xb
ARM GAS  C:\Users\DEVELO~1\AppData\Local\Temp\ccS6AjqE.s 			page 35


 1939 01c5 3B       		.uleb128 0x3b
 1940 01c6 05       		.uleb128 0x5
 1941 01c7 39       		.uleb128 0x39
 1942 01c8 0B       		.uleb128 0xb
 1943 01c9 27       		.uleb128 0x27
 1944 01ca 19       		.uleb128 0x19
 1945 01cb 20       		.uleb128 0x20
 1946 01cc 0B       		.uleb128 0xb
 1947 01cd 00       		.byte	0
 1948 01ce 00       		.byte	0
 1949 01cf 1E       		.uleb128 0x1e
 1950 01d0 05       		.uleb128 0x5
 1951 01d1 00       		.byte	0
 1952 01d2 03       		.uleb128 0x3
 1953 01d3 0E       		.uleb128 0xe
 1954 01d4 3A       		.uleb128 0x3a
 1955 01d5 0B       		.uleb128 0xb
 1956 01d6 3B       		.uleb128 0x3b
 1957 01d7 05       		.uleb128 0x5
 1958 01d8 39       		.uleb128 0x39
 1959 01d9 0B       		.uleb128 0xb
 1960 01da 49       		.uleb128 0x49
 1961 01db 13       		.uleb128 0x13
 1962 01dc 00       		.byte	0
 1963 01dd 00       		.byte	0
 1964 01de 00       		.byte	0
 1965              		.section	.debug_aranges,"",%progbits
 1966 0000 54000000 		.4byte	0x54
 1967 0004 0200     		.2byte	0x2
 1968 0006 00000000 		.4byte	.Ldebug_info0
 1969 000a 04       		.byte	0x4
 1970 000b 00       		.byte	0
 1971 000c 0000     		.2byte	0
 1972 000e 0000     		.2byte	0
 1973 0010 00000000 		.4byte	.LFB204
 1974 0014 20000000 		.4byte	.LFE204-.LFB204
 1975 0018 00000000 		.4byte	.LFB205
 1976 001c 20000000 		.4byte	.LFE205-.LFB205
 1977 0020 00000000 		.4byte	.LFB352
 1978 0024 0C000000 		.4byte	.LFE352-.LFB352
 1979 0028 00000000 		.4byte	.LFB353
 1980 002c 0C000000 		.4byte	.LFE353-.LFB353
 1981 0030 00000000 		.4byte	.LFB357
 1982 0034 0C000000 		.4byte	.LFE357-.LFB357
 1983 0038 00000000 		.4byte	.LFB388
 1984 003c 5C000000 		.4byte	.LFE388-.LFB388
 1985 0040 00000000 		.4byte	.LFB432
 1986 0044 64000000 		.4byte	.LFE432-.LFB432
 1987 0048 00000000 		.4byte	.LFB433
 1988 004c 44000000 		.4byte	.LFE433-.LFB433
 1989 0050 00000000 		.4byte	0
 1990 0054 00000000 		.4byte	0
 1991              		.section	.debug_rnglists,"",%progbits
 1992              	.Ldebug_ranges0:
 1993 0000 39000000 		.4byte	.Ldebug_ranges3-.Ldebug_ranges2
 1994              	.Ldebug_ranges2:
 1995 0004 0500     		.2byte	0x5
ARM GAS  C:\Users\DEVELO~1\AppData\Local\Temp\ccS6AjqE.s 			page 36


 1996 0006 04       		.byte	0x4
 1997 0007 00       		.byte	0
 1998 0008 00000000 		.4byte	0
 1999              	.LLRL0:
 2000 000c 07       		.byte	0x7
 2001 000d 00000000 		.4byte	.LFB204
 2002 0011 20       		.uleb128 .LFE204-.LFB204
 2003 0012 07       		.byte	0x7
 2004 0013 00000000 		.4byte	.LFB205
 2005 0017 20       		.uleb128 .LFE205-.LFB205
 2006 0018 07       		.byte	0x7
 2007 0019 00000000 		.4byte	.LFB352
 2008 001d 0C       		.uleb128 .LFE352-.LFB352
 2009 001e 07       		.byte	0x7
 2010 001f 00000000 		.4byte	.LFB353
 2011 0023 0C       		.uleb128 .LFE353-.LFB353
 2012 0024 07       		.byte	0x7
 2013 0025 00000000 		.4byte	.LFB357
 2014 0029 0C       		.uleb128 .LFE357-.LFB357
 2015 002a 07       		.byte	0x7
 2016 002b 00000000 		.4byte	.LFB388
 2017 002f 5C       		.uleb128 .LFE388-.LFB388
 2018 0030 07       		.byte	0x7
 2019 0031 00000000 		.4byte	.LFB432
 2020 0035 64       		.uleb128 .LFE432-.LFB432
 2021 0036 07       		.byte	0x7
 2022 0037 00000000 		.4byte	.LFB433
 2023 003b 44       		.uleb128 .LFE433-.LFB433
 2024 003c 00       		.byte	0
 2025              	.Ldebug_ranges3:
 2026              		.section	.debug_line,"",%progbits
 2027              	.Ldebug_line0:
 2028 0000 CC030000 		.section	.debug_str,"MS",%progbits,1
 2028      03006902 
 2028      00000201 
 2028      FB0E0D00 
 2028      01010101 
 2029              	.LASF95:
 2030 0000 73745F6C 		.ascii	"st_lld_serve_interrupt\000"
 2030      6C645F73 
 2030      65727665 
 2030      5F696E74 
 2030      65727275 
 2031              	.LASF36:
 2032 0017 504C4C31 		.ascii	"PLL1DIVR\000"
 2032      44495652 
 2032      00
 2033              	.LASF85:
 2034 0020 44494552 		.ascii	"DIER\000"
 2034      00
 2035              	.LASF100:
 2036 0025 6F73616C 		.ascii	"osalSysLockFromISR\000"
 2036      5379734C 
 2036      6F636B46 
 2036      726F6D49 
 2036      535200
 2037              	.LASF21:
ARM GAS  C:\Users\DEVELO~1\AppData\Local\Temp\ccS6AjqE.s 			page 37


 2038 0038 41504232 		.ascii	"APB2FZ1\000"
 2038      465A3100 
 2039              	.LASF91:
 2040 0040 43434D52 		.ascii	"CCMR3\000"
 2040      3300
 2041              	.LASF78:
 2042 0046 41504231 		.ascii	"APB1HLPENR\000"
 2042      484C5045 
 2042      4E5200
 2043              	.LASF7:
 2044 0051 6C6F6E67 		.ascii	"long int\000"
 2044      20696E74 
 2044      00
 2045              	.LASF107:
 2046 005a 706F7274 		.ascii	"port_lock\000"
 2046      5F6C6F63 
 2046      6B00
 2047              	.LASF9:
 2048 0064 6C6F6E67 		.ascii	"long long unsigned int\000"
 2048      206C6F6E 
 2048      6720756E 
 2048      7369676E 
 2048      65642069 
 2049              	.LASF13:
 2050 007b 4944434F 		.ascii	"IDCODE\000"
 2050      444500
 2051              	.LASF60:
 2052 0082 4433414D 		.ascii	"D3AMR\000"
 2052      5200
 2053              	.LASF99:
 2054 0088 6F73616C 		.ascii	"osalSysUnlockFromISR\000"
 2054      53797355 
 2054      6E6C6F63 
 2054      6B46726F 
 2054      6D495352 
 2055              	.LASF96:
 2056 009d 73745F6C 		.ascii	"st_lld_init\000"
 2056      6C645F69 
 2056      6E697400 
 2057              	.LASF89:
 2058 00a9 42445452 		.ascii	"BDTR\000"
 2058      00
 2059              	.LASF73:
 2060 00ae 41484231 		.ascii	"AHB1LPENR\000"
 2060      4C50454E 
 2060      5200
 2061              	.LASF47:
 2062 00b8 43494552 		.ascii	"CIER\000"
 2062      00
 2063              	.LASF54:
 2064 00bd 41484234 		.ascii	"AHB4RSTR\000"
 2064      52535452 
 2064      00
 2065              	.LASF87:
 2066 00c6 43434D52 		.ascii	"CCMR2\000"
 2066      3200
 2067              	.LASF1:
ARM GAS  C:\Users\DEVELO~1\AppData\Local\Temp\ccS6AjqE.s 			page 38


 2068 00cc 6C6F6E67 		.ascii	"long long int\000"
 2068      206C6F6E 
 2068      6720696E 
 2068      7400
 2069              	.LASF3:
 2070 00da 7369676E 		.ascii	"signed char\000"
 2070      65642063 
 2070      68617200 
 2071              	.LASF52:
 2072 00e6 41484231 		.ascii	"AHB1RSTR\000"
 2072      52535452 
 2072      00
 2073              	.LASF114:
 2074 00ef 62617365 		.ascii	"basePri\000"
 2074      50726900 
 2075              	.LASF61:
 2076 00f7 52455345 		.ascii	"RESERVED11\000"
 2076      52564544 
 2076      313100
 2077              	.LASF71:
 2078 0102 52455345 		.ascii	"RESERVED12\000"
 2078      52564544 
 2078      313200
 2079              	.LASF81:
 2080 010d 52455345 		.ascii	"RESERVED13\000"
 2080      52564544 
 2080      313300
 2081              	.LASF37:
 2082 0118 504C4C31 		.ascii	"PLL1FRACR\000"
 2082      46524143 
 2082      5200
 2083              	.LASF58:
 2084 0122 41504232 		.ascii	"APB2RSTR\000"
 2084      52535452 
 2084      00
 2085              	.LASF88:
 2086 012b 43434552 		.ascii	"CCER\000"
 2086      00
 2087              	.LASF32:
 2088 0130 44334346 		.ascii	"D3CFGR\000"
 2088      475200
 2089              	.LASF109:
 2090 0137 2E2E2F2E 		.ascii	"../../../os/hal/ports/STM32/LLD/SYSTICKv1/hal_st_ll"
 2090      2E2F2E2E 
 2090      2F6F732F 
 2090      68616C2F 
 2090      706F7274 
 2091 016a 642E6300 		.ascii	"d.c\000"
 2092              	.LASF35:
 2093 016e 504C4C43 		.ascii	"PLLCFGR\000"
 2093      46475200 
 2094              	.LASF106:
 2095 0176 706F7274 		.ascii	"port_unlock\000"
 2095      5F756E6C 
 2095      6F636B00 
 2096              	.LASF48:
 2097 0182 43494652 		.ascii	"CIFR\000"
ARM GAS  C:\Users\DEVELO~1\AppData\Local\Temp\ccS6AjqE.s 			page 39


 2097      00
 2098              	.LASF40:
 2099 0187 504C4C33 		.ascii	"PLL3DIVR\000"
 2099      44495652 
 2099      00
 2100              	.LASF10:
 2101 0190 5F5F7569 		.ascii	"__uint32_t\000"
 2101      6E743332 
 2101      5F7400
 2102              	.LASF97:
 2103 019b 6D61736B 		.ascii	"mask\000"
 2103      00
 2104              	.LASF44:
 2105 01a0 44324343 		.ascii	"D2CCIP1R\000"
 2105      49503152 
 2105      00
 2106              	.LASF46:
 2107 01a9 44334343 		.ascii	"D3CCIPR\000"
 2107      49505200 
 2108              	.LASF17:
 2109 01b1 41504231 		.ascii	"APB1LFZ1\000"
 2109      4C465A31 
 2109      00
 2110              	.LASF39:
 2111 01ba 504C4C32 		.ascii	"PLL2FRACR\000"
 2111      46524143 
 2111      5200
 2112              	.LASF0:
 2113 01c4 756E7369 		.ascii	"unsigned int\000"
 2113      676E6564 
 2113      20696E74 
 2113      00
 2114              	.LASF8:
 2115 01d1 6C6F6E67 		.ascii	"long unsigned int\000"
 2115      20756E73 
 2115      69676E65 
 2115      6420696E 
 2115      7400
 2116              	.LASF82:
 2117 01e3 5243435F 		.ascii	"RCC_TypeDef\000"
 2117      54797065 
 2117      44656600 
 2118              	.LASF6:
 2119 01ef 73686F72 		.ascii	"short unsigned int\000"
 2119      7420756E 
 2119      7369676E 
 2119      65642069 
 2119      6E7400
 2120              	.LASF34:
 2121 0202 504C4C43 		.ascii	"PLLCKSELR\000"
 2121      4B53454C 
 2121      5200
 2122              	.LASF25:
 2123 020c 48534943 		.ascii	"HSICFGR\000"
 2123      46475200 
 2124              	.LASF108:
 2125 0214 474E5520 		.ascii	"GNU C17 11.3.1 20220712 -mcpu=cortex-m7 -mthumb -mf"
ARM GAS  C:\Users\DEVELO~1\AppData\Local\Temp\ccS6AjqE.s 			page 40


 2125      43313720 
 2125      31312E33 
 2125      2E312032 
 2125      30323230 
 2126 0247 6C6F6174 		.ascii	"loat-abi=soft -march=armv7e-m -ggdb -O0 -ffunction-"
 2126      2D616269 
 2126      3D736F66 
 2126      74202D6D 
 2126      61726368 
 2127 027a 73656374 		.ascii	"sections -fdata-sections -fno-common\000"
 2127      696F6E73 
 2127      202D6664 
 2127      6174612D 
 2127      73656374 
 2128              	.LASF51:
 2129 029f 41484233 		.ascii	"AHB3RSTR\000"
 2129      52535452 
 2129      00
 2130              	.LASF68:
 2131 02a8 41504231 		.ascii	"APB1HENR\000"
 2131      48454E52 
 2131      00
 2132              	.LASF45:
 2133 02b1 44324343 		.ascii	"D2CCIP2R\000"
 2133      49503252 
 2133      00
 2134              	.LASF93:
 2135 02ba 73746D33 		.ascii	"stm32_tim_t\000"
 2135      325F7469 
 2135      6D5F7400 
 2136              	.LASF56:
 2137 02c6 41504231 		.ascii	"APB1LRSTR\000"
 2137      4C525354 
 2137      5200
 2138              	.LASF79:
 2139 02d0 41504232 		.ascii	"APB2LPENR\000"
 2139      4C50454E 
 2139      5200
 2140              	.LASF41:
 2141 02da 504C4C33 		.ascii	"PLL3FRACR\000"
 2141      46524143 
 2141      5200
 2142              	.LASF101:
 2143 02e4 72636345 		.ascii	"rccEnableAPB1L\000"
 2143      6E61626C 
 2143      65415042 
 2143      314C00
 2144              	.LASF59:
 2145 02f3 41504234 		.ascii	"APB4RSTR\000"
 2145      52535452 
 2145      00
 2146              	.LASF98:
 2147 02fc 6F73616C 		.ascii	"osalOsTimerHandlerI\000"
 2147      4F735469 
 2147      6D657248 
 2147      616E646C 
 2147      65724900 
ARM GAS  C:\Users\DEVELO~1\AppData\Local\Temp\ccS6AjqE.s 			page 41


 2148              	.LASF70:
 2149 0310 41504234 		.ascii	"APB4ENR\000"
 2149      454E5200 
 2150              	.LASF57:
 2151 0318 41504231 		.ascii	"APB1HRSTR\000"
 2151      48525354 
 2151      5200
 2152              	.LASF74:
 2153 0322 41484232 		.ascii	"AHB2LPENR\000"
 2153      4C50454E 
 2153      5200
 2154              	.LASF76:
 2155 032c 41504233 		.ascii	"APB3LPENR\000"
 2155      4C50454E 
 2155      5200
 2156              	.LASF94:
 2157 0336 74696D70 		.ascii	"timp\000"
 2157      00
 2158              	.LASF66:
 2159 033b 41504233 		.ascii	"APB3ENR\000"
 2159      454E5200 
 2160              	.LASF65:
 2161 0343 41484234 		.ascii	"AHB4ENR\000"
 2161      454E5200 
 2162              	.LASF29:
 2163 034b 52455345 		.ascii	"RESERVED1\000"
 2163      52564544 
 2163      3100
 2164              	.LASF33:
 2165 0355 52455345 		.ascii	"RESERVED2\000"
 2165      52564544 
 2165      3200
 2166              	.LASF42:
 2167 035f 52455345 		.ascii	"RESERVED3\000"
 2167      52564544 
 2167      3300
 2168              	.LASF31:
 2169 0369 44324346 		.ascii	"D2CFGR\000"
 2169      475200
 2170              	.LASF16:
 2171 0370 52455345 		.ascii	"RESERVED5\000"
 2171      52564544 
 2171      3500
 2172              	.LASF18:
 2173 037a 52455345 		.ascii	"RESERVED6\000"
 2173      52564544 
 2173      3600
 2174              	.LASF20:
 2175 0384 52455345 		.ascii	"RESERVED7\000"
 2175      52564544 
 2175      3700
 2176              	.LASF22:
 2177 038e 52455345 		.ascii	"RESERVED8\000"
 2177      52564544 
 2177      3800
 2178              	.LASF102:
 2179 0398 63685379 		.ascii	"chSysUnlockFromISR\000"
ARM GAS  C:\Users\DEVELO~1\AppData\Local\Temp\ccS6AjqE.s 			page 42


 2179      73556E6C 
 2179      6F636B46 
 2179      726F6D49 
 2179      535200
 2180              	.LASF83:
 2181 03ab 5F426F6F 		.ascii	"_Bool\000"
 2181      6C00
 2182              	.LASF38:
 2183 03b1 504C4C32 		.ascii	"PLL2DIVR\000"
 2183      44495652 
 2183      00
 2184              	.LASF4:
 2185 03ba 756E7369 		.ascii	"unsigned char\000"
 2185      676E6564 
 2185      20636861 
 2185      7200
 2186              	.LASF5:
 2187 03c8 73686F72 		.ascii	"short int\000"
 2187      7420696E 
 2187      7400
 2188              	.LASF110:
 2189 03d2 433A5C50 		.ascii	"C:\\PROJET\\ChibiOS project\\ChibiOS_21.11.4\\demos"
 2189      524F4A45 
 2189      545C4368 
 2189      6962694F 
 2189      53207072 
 2190 0401 5C53544D 		.ascii	"\\STM32\\RT-STM32H743ZI_REV_XY-NUCLEO144_Quartz8M\000"
 2190      33325C52 
 2190      542D5354 
 2190      4D333248 
 2190      3734335A 
 2191              	.LASF72:
 2192 0431 41484233 		.ascii	"AHB3LPENR\000"
 2192      4C50454E 
 2192      5200
 2193              	.LASF80:
 2194 043b 41504234 		.ascii	"APB4LPENR\000"
 2194      4C50454E 
 2194      5200
 2195              	.LASF112:
 2196 0445 5F5F6675 		.ascii	"__func__\000"
 2196      6E635F5F 
 2196      00
 2197              	.LASF69:
 2198 044e 41504232 		.ascii	"APB2ENR\000"
 2198      454E5200 
 2199              	.LASF62:
 2200 0456 41484233 		.ascii	"AHB3ENR\000"
 2200      454E5200 
 2201              	.LASF92:
 2202 045e 43435852 		.ascii	"CCXR\000"
 2202      00
 2203              	.LASF24:
 2204 0463 4442474D 		.ascii	"DBGMCU_TypeDef\000"
 2204      43555F54 
 2204      79706544 
 2204      656600
ARM GAS  C:\Users\DEVELO~1\AppData\Local\Temp\ccS6AjqE.s 			page 43


 2205              	.LASF14:
 2206 0472 52455345 		.ascii	"RESERVED4\000"
 2206      52564544 
 2206      3400
 2207              	.LASF11:
 2208 047c 75696E74 		.ascii	"uint32_t\000"
 2208      33325F74 
 2208      00
 2209              	.LASF19:
 2210 0485 41504231 		.ascii	"APB1HFZ1\000"
 2210      48465A31 
 2210      00
 2211              	.LASF2:
 2212 048e 6C6F6E67 		.ascii	"long double\000"
 2212      20646F75 
 2212      626C6500 
 2213              	.LASF12:
 2214 049a 63686172 		.ascii	"char\000"
 2214      00
 2215              	.LASF84:
 2216 049f 534D4352 		.ascii	"SMCR\000"
 2216      00
 2217              	.LASF90:
 2218 04a4 444D4152 		.ascii	"DMAR\000"
 2218      00
 2219              	.LASF53:
 2220 04a9 41484232 		.ascii	"AHB2RSTR\000"
 2220      52535452 
 2220      00
 2221              	.LASF104:
 2222 04b2 706F7274 		.ascii	"port_unlock_from_isr\000"
 2222      5F756E6C 
 2222      6F636B5F 
 2222      66726F6D 
 2222      5F697372 
 2223              	.LASF111:
 2224 04c7 63685379 		.ascii	"chSysTimerHandlerI\000"
 2224      7354696D 
 2224      65724861 
 2224      6E646C65 
 2224      724900
 2225              	.LASF75:
 2226 04da 41484234 		.ascii	"AHB4LPENR\000"
 2226      4C50454E 
 2226      5200
 2227              	.LASF113:
 2228 04e4 5F5F7365 		.ascii	"__set_BASEPRI\000"
 2228      745F4241 
 2228      53455052 
 2228      4900
 2229              	.LASF23:
 2230 04f2 41504234 		.ascii	"APB4FZ1\000"
 2230      465A3100 
 2231              	.LASF64:
 2232 04fa 41484232 		.ascii	"AHB2ENR\000"
 2232      454E5200 
 2233              	.LASF55:
ARM GAS  C:\Users\DEVELO~1\AppData\Local\Temp\ccS6AjqE.s 			page 44


 2234 0502 41504233 		.ascii	"APB3RSTR\000"
 2234      52535452 
 2234      00
 2235              	.LASF27:
 2236 050b 43534943 		.ascii	"CSICFGR\000"
 2236      46475200 
 2237              	.LASF105:
 2238 0513 706F7274 		.ascii	"port_lock_from_isr\000"
 2238      5F6C6F63 
 2238      6B5F6672 
 2238      6F6D5F69 
 2238      737200
 2239              	.LASF26:
 2240 0526 43525243 		.ascii	"CRRCR\000"
 2240      5200
 2241              	.LASF77:
 2242 052c 41504231 		.ascii	"APB1LLPENR\000"
 2242      4C4C5045 
 2242      4E5200
 2243              	.LASF49:
 2244 0537 43494352 		.ascii	"CICR\000"
 2244      00
 2245              	.LASF50:
 2246 053c 42444352 		.ascii	"BDCR\000"
 2246      00
 2247              	.LASF103:
 2248 0541 63685379 		.ascii	"chSysLockFromISR\000"
 2248      734C6F63 
 2248      6B46726F 
 2248      6D495352 
 2248      00
 2249              	.LASF15:
 2250 0552 41504233 		.ascii	"APB3FZ1\000"
 2250      465A3100 
 2251              	.LASF63:
 2252 055a 41484231 		.ascii	"AHB1ENR\000"
 2252      454E5200 
 2253              	.LASF28:
 2254 0562 43464752 		.ascii	"CFGR\000"
 2254      00
 2255              	.LASF67:
 2256 0567 41504231 		.ascii	"APB1LENR\000"
 2256      4C454E52 
 2256      00
 2257              	.LASF43:
 2258 0570 44314343 		.ascii	"D1CCIPR\000"
 2258      49505200 
 2259              	.LASF86:
 2260 0578 43434D52 		.ascii	"CCMR1\000"
 2260      3100
 2261              	.LASF30:
 2262 057e 44314346 		.ascii	"D1CFGR\000"
 2262      475200
 2263              		.ident	"GCC: (Arm GNU Toolchain 11.3.Rel1) 11.3.1 20220712"
ARM GAS  C:\Users\DEVELO~1\AppData\Local\Temp\ccS6AjqE.s 			page 45


DEFINED SYMBOLS
                            *ABS*:00000000 hal_st_lld.c
C:\Users\DEVELO~1\AppData\Local\Temp\ccS6AjqE.s:18     .text.chSysLockFromISR:00000000 $t
C:\Users\DEVELO~1\AppData\Local\Temp\ccS6AjqE.s:23     .text.chSysLockFromISR:00000000 chSysLockFromISR
C:\Users\DEVELO~1\AppData\Local\Temp\ccS6AjqE.s:83     .text.chSysUnlockFromISR:00000000 $t
C:\Users\DEVELO~1\AppData\Local\Temp\ccS6AjqE.s:88     .text.chSysUnlockFromISR:00000000 chSysUnlockFromISR
C:\Users\DEVELO~1\AppData\Local\Temp\ccS6AjqE.s:145    .text.osalSysLockFromISR:00000000 $t
C:\Users\DEVELO~1\AppData\Local\Temp\ccS6AjqE.s:150    .text.osalSysLockFromISR:00000000 osalSysLockFromISR
C:\Users\DEVELO~1\AppData\Local\Temp\ccS6AjqE.s:172    .text.osalSysUnlockFromISR:00000000 $t
C:\Users\DEVELO~1\AppData\Local\Temp\ccS6AjqE.s:177    .text.osalSysUnlockFromISR:00000000 osalSysUnlockFromISR
C:\Users\DEVELO~1\AppData\Local\Temp\ccS6AjqE.s:198    .text.osalOsTimerHandlerI:00000000 $t
C:\Users\DEVELO~1\AppData\Local\Temp\ccS6AjqE.s:203    .text.osalOsTimerHandlerI:00000000 osalOsTimerHandlerI
C:\Users\DEVELO~1\AppData\Local\Temp\ccS6AjqE.s:224    .text.rccEnableAPB1L:00000000 $t
C:\Users\DEVELO~1\AppData\Local\Temp\ccS6AjqE.s:229    .text.rccEnableAPB1L:00000000 rccEnableAPB1L
C:\Users\DEVELO~1\AppData\Local\Temp\ccS6AjqE.s:296    .text.rccEnableAPB1L:00000058 $d
C:\Users\DEVELO~1\AppData\Local\Temp\ccS6AjqE.s:301    .text.st_lld_init:00000000 $t
C:\Users\DEVELO~1\AppData\Local\Temp\ccS6AjqE.s:307    .text.st_lld_init:00000000 st_lld_init
C:\Users\DEVELO~1\AppData\Local\Temp\ccS6AjqE.s:376    .text.st_lld_init:00000060 $d
C:\Users\DEVELO~1\AppData\Local\Temp\ccS6AjqE.s:381    .text.st_lld_serve_interrupt:00000000 $t
C:\Users\DEVELO~1\AppData\Local\Temp\ccS6AjqE.s:387    .text.st_lld_serve_interrupt:00000000 st_lld_serve_interrupt

UNDEFINED SYMBOLS
chSysTimerHandlerI
