ARM GAS  C:\Users\DEVELO~1\AppData\Local\Temp\ccnjsgLn.s 			page 1


   1              		.cpu cortex-m7
   2              		.arch armv7e-m
   3              		.fpu softvfp
   4              		.eabi_attribute 20, 1
   5              		.eabi_attribute 21, 1
   6              		.eabi_attribute 23, 3
   7              		.eabi_attribute 24, 1
   8              		.eabi_attribute 25, 1
   9              		.eabi_attribute 26, 1
  10              		.eabi_attribute 30, 6
  11              		.eabi_attribute 34, 1
  12              		.eabi_attribute 18, 4
  13              		.file	"hal_sdram.c"
  14              		.text
  15              	.Ltext0:
  16              		.cfi_sections	.debug_frame
  17              		.section	.text.chSysLock,"ax",%progbits
  18              		.align	1
  19              		.syntax unified
  20              		.thumb
  21              		.thumb_func
  22              		.type	chSysLock, %function
  23              	chSysLock:
  24              	.LFB202:
  25              		.file 1 "../../../os/rt/include/chsys.h"
  26              		.loc 1 407 36
  27              		.cfi_startproc
  28              		@ args = 0, pretend = 0, frame = 8
  29              		@ frame_needed = 1, uses_anonymous_args = 0
  30              		@ link register save eliminated.
  31 0000 80B4     		push	{r7}
  32              		.cfi_def_cfa_offset 4
  33              		.cfi_offset 7, -4
  34 0002 83B0     		sub	sp, sp, #12
  35              		.cfi_def_cfa_offset 16
  36 0004 00AF     		add	r7, sp, #0
  37              		.cfi_def_cfa_register 7
  38 0006 3023     		movs	r3, #48
  39 0008 7B60     		str	r3, [r7, #4]
  40              	.LBB14:
  41              	.LBB15:
  42              	.LBB16:
  43              	.LBB17:
  44              		.file 2 "../../../os/common/ext/ARM/CMSIS/Core/Include/cmsis_gcc.h"
  45              		.loc 2 493 3
  46 000a 7B68     		ldr	r3, [r7, #4]
  47              		.syntax unified
  48              	@ 493 "../../../os/common/ext/ARM/CMSIS/Core/Include/cmsis_gcc.h" 1
  49 000c 83F31188 		MSR basepri, r3
  50              	@ 0 "" 2
  51              		.loc 2 494 1
  52              		.thumb
  53              		.syntax unified
  54 0010 00BF     		nop
  55              	.LBE17:
  56              	.LBE16:
  57              		.file 3 "../../../os/common/ports/ARMv7-M/chcore.h"
ARM GAS  C:\Users\DEVELO~1\AppData\Local\Temp\ccnjsgLn.s 			page 2


  58              		.loc 3 840 1
  59 0012 00BF     		nop
  60              	.LBE15:
  61              	.LBE14:
  62              		.loc 1 412 1
  63 0014 00BF     		nop
  64 0016 0C37     		adds	r7, r7, #12
  65              		.cfi_def_cfa_offset 4
  66 0018 BD46     		mov	sp, r7
  67              		.cfi_def_cfa_register 13
  68              		@ sp needed
  69 001a 80BC     		pop	{r7}
  70              		.cfi_restore 7
  71              		.cfi_def_cfa_offset 0
  72 001c 7047     		bx	lr
  73              		.cfi_endproc
  74              	.LFE202:
  75              		.size	chSysLock, .-chSysLock
  76              		.section	.text.chSysUnlock,"ax",%progbits
  77              		.align	1
  78              		.syntax unified
  79              		.thumb
  80              		.thumb_func
  81              		.type	chSysUnlock, %function
  82              	chSysUnlock:
  83              	.LFB203:
  84              		.loc 1 421 38
  85              		.cfi_startproc
  86              		@ args = 0, pretend = 0, frame = 8
  87              		@ frame_needed = 1, uses_anonymous_args = 0
  88              		@ link register save eliminated.
  89 0000 80B4     		push	{r7}
  90              		.cfi_def_cfa_offset 4
  91              		.cfi_offset 7, -4
  92 0002 83B0     		sub	sp, sp, #12
  93              		.cfi_def_cfa_offset 16
  94 0004 00AF     		add	r7, sp, #0
  95              		.cfi_def_cfa_register 7
  96 0006 0023     		movs	r3, #0
  97 0008 7B60     		str	r3, [r7, #4]
  98              	.LBB18:
  99              	.LBB19:
 100              	.LBB20:
 101              	.LBB21:
 102              		.loc 2 493 3
 103 000a 7B68     		ldr	r3, [r7, #4]
 104              		.syntax unified
 105              	@ 493 "../../../os/common/ext/ARM/CMSIS/Core/Include/cmsis_gcc.h" 1
 106 000c 83F31188 		MSR basepri, r3
 107              	@ 0 "" 2
 108              		.loc 2 494 1
 109              		.thumb
 110              		.syntax unified
 111 0010 00BF     		nop
 112              	.LBE21:
 113              	.LBE20:
 114              		.loc 3 854 1
ARM GAS  C:\Users\DEVELO~1\AppData\Local\Temp\ccnjsgLn.s 			page 3


 115 0012 00BF     		nop
 116              	.LBE19:
 117              	.LBE18:
 118              		.loc 1 435 1
 119 0014 00BF     		nop
 120 0016 0C37     		adds	r7, r7, #12
 121              		.cfi_def_cfa_offset 4
 122 0018 BD46     		mov	sp, r7
 123              		.cfi_def_cfa_register 13
 124              		@ sp needed
 125 001a 80BC     		pop	{r7}
 126              		.cfi_restore 7
 127              		.cfi_def_cfa_offset 0
 128 001c 7047     		bx	lr
 129              		.cfi_endproc
 130              	.LFE203:
 131              		.size	chSysUnlock, .-chSysUnlock
 132              		.section	.text.osalSysLock,"ax",%progbits
 133              		.align	1
 134              		.syntax unified
 135              		.thumb
 136              		.thumb_func
 137              		.type	osalSysLock, %function
 138              	osalSysLock:
 139              	.LFB350:
 140              		.file 4 "../../../os/hal/osal/rt-nil/osal.h"
 141              		.loc 4 573 38
 142              		.cfi_startproc
 143              		@ args = 0, pretend = 0, frame = 0
 144              		@ frame_needed = 1, uses_anonymous_args = 0
 145 0000 80B5     		push	{r7, lr}
 146              		.cfi_def_cfa_offset 8
 147              		.cfi_offset 7, -8
 148              		.cfi_offset 14, -4
 149 0002 00AF     		add	r7, sp, #0
 150              		.cfi_def_cfa_register 7
 151              		.loc 4 575 3
 152 0004 FFF7FEFF 		bl	chSysLock
 153              		.loc 4 576 1
 154 0008 00BF     		nop
 155 000a 80BD     		pop	{r7, pc}
 156              		.cfi_endproc
 157              	.LFE350:
 158              		.size	osalSysLock, .-osalSysLock
 159              		.section	.text.osalSysUnlock,"ax",%progbits
 160              		.align	1
 161              		.syntax unified
 162              		.thumb
 163              		.thumb_func
 164              		.type	osalSysUnlock, %function
 165              	osalSysUnlock:
 166              	.LFB351:
 167              		.loc 4 584 40
 168              		.cfi_startproc
 169              		@ args = 0, pretend = 0, frame = 0
 170              		@ frame_needed = 1, uses_anonymous_args = 0
 171 0000 80B5     		push	{r7, lr}
ARM GAS  C:\Users\DEVELO~1\AppData\Local\Temp\ccnjsgLn.s 			page 4


 172              		.cfi_def_cfa_offset 8
 173              		.cfi_offset 7, -8
 174              		.cfi_offset 14, -4
 175 0002 00AF     		add	r7, sp, #0
 176              		.cfi_def_cfa_register 7
 177              		.loc 4 586 3
 178 0004 FFF7FEFF 		bl	chSysUnlock
 179              		.loc 4 587 1
 180 0008 00BF     		nop
 181 000a 80BD     		pop	{r7, pc}
 182              		.cfi_endproc
 183              	.LFE351:
 184              		.size	osalSysUnlock, .-osalSysUnlock
 185              		.section	.text.sdramInit,"ax",%progbits
 186              		.align	1
 187              		.global	sdramInit
 188              		.syntax unified
 189              		.thumb
 190              		.thumb_func
 191              		.type	sdramInit, %function
 192              	sdramInit:
 193              	.LFB432:
 194              		.file 5 "../../../ChibiOS-Contrib-chibios-21.11.x/os/hal/src/hal_sdram.c"
 195              		.loc 5 60 22
 196              		.cfi_startproc
 197              		@ args = 0, pretend = 0, frame = 0
 198              		@ frame_needed = 1, uses_anonymous_args = 0
 199 0000 80B5     		push	{r7, lr}
 200              		.cfi_def_cfa_offset 8
 201              		.cfi_offset 7, -8
 202              		.cfi_offset 14, -4
 203 0002 00AF     		add	r7, sp, #0
 204              		.cfi_def_cfa_register 7
 205              		.loc 5 61 3
 206 0004 FFF7FEFF 		bl	fsmcInit
 207              		.loc 5 62 3
 208 0008 0248     		ldr	r0, .L6
 209 000a FFF7FEFF 		bl	sdramObjectInit
 210              		.loc 5 63 1
 211 000e 00BF     		nop
 212 0010 80BD     		pop	{r7, pc}
 213              	.L7:
 214 0012 00BF     		.align	2
 215              	.L6:
 216 0014 00000000 		.word	SDRAMD1
 217              		.cfi_endproc
 218              	.LFE432:
 219              		.size	sdramInit, .-sdramInit
 220              		.section	.text.sdramObjectInit,"ax",%progbits
 221              		.align	1
 222              		.global	sdramObjectInit
 223              		.syntax unified
 224              		.thumb
 225              		.thumb_func
 226              		.type	sdramObjectInit, %function
 227              	sdramObjectInit:
 228              	.LFB433:
ARM GAS  C:\Users\DEVELO~1\AppData\Local\Temp\ccnjsgLn.s 			page 5


 229              		.loc 5 72 43
 230              		.cfi_startproc
 231              		@ args = 0, pretend = 0, frame = 8
 232              		@ frame_needed = 1, uses_anonymous_args = 0
 233              		@ link register save eliminated.
 234 0000 80B4     		push	{r7}
 235              		.cfi_def_cfa_offset 4
 236              		.cfi_offset 7, -4
 237 0002 83B0     		sub	sp, sp, #12
 238              		.cfi_def_cfa_offset 16
 239 0004 00AF     		add	r7, sp, #0
 240              		.cfi_def_cfa_register 7
 241 0006 7860     		str	r0, [r7, #4]
 242              		.loc 5 74 25
 243 0008 054B     		ldr	r3, .L9
 244 000a 5A68     		ldr	r2, [r3, #4]
 245              		.loc 5 74 17
 246 000c 7B68     		ldr	r3, [r7, #4]
 247 000e 5A60     		str	r2, [r3, #4]
 248              		.loc 5 75 18
 249 0010 7B68     		ldr	r3, [r7, #4]
 250 0012 0122     		movs	r2, #1
 251 0014 1A70     		strb	r2, [r3]
 252              		.loc 5 76 1
 253 0016 00BF     		nop
 254 0018 0C37     		adds	r7, r7, #12
 255              		.cfi_def_cfa_offset 4
 256 001a BD46     		mov	sp, r7
 257              		.cfi_def_cfa_register 13
 258              		@ sp needed
 259 001c 80BC     		pop	{r7}
 260              		.cfi_restore 7
 261              		.cfi_def_cfa_offset 0
 262 001e 7047     		bx	lr
 263              	.L10:
 264              		.align	2
 265              	.L9:
 266 0020 00000000 		.word	FSMCD1
 267              		.cfi_endproc
 268              	.LFE433:
 269              		.size	sdramObjectInit, .-sdramObjectInit
 270              		.section	.text.sdramStart,"ax",%progbits
 271              		.align	1
 272              		.global	sdramStart
 273              		.syntax unified
 274              		.thumb
 275              		.thumb_func
 276              		.type	sdramStart, %function
 277              	sdramStart:
 278              	.LFB434:
 279              		.loc 5 86 65
 280              		.cfi_startproc
 281              		@ args = 0, pretend = 0, frame = 8
 282              		@ frame_needed = 1, uses_anonymous_args = 0
 283 0000 80B5     		push	{r7, lr}
 284              		.cfi_def_cfa_offset 8
 285              		.cfi_offset 7, -8
ARM GAS  C:\Users\DEVELO~1\AppData\Local\Temp\ccnjsgLn.s 			page 6


 286              		.cfi_offset 14, -4
 287 0002 82B0     		sub	sp, sp, #8
 288              		.cfi_def_cfa_offset 16
 289 0004 00AF     		add	r7, sp, #0
 290              		.cfi_def_cfa_register 7
 291 0006 7860     		str	r0, [r7, #4]
 292 0008 3960     		str	r1, [r7]
 293              		.loc 5 90 13
 294 000a 0B4B     		ldr	r3, .L13
 295 000c 1B78     		ldrb	r3, [r3]	@ zero_extendqisi2
 296              		.loc 5 90 6
 297 000e 012B     		cmp	r3, #1
 298 0010 02D1     		bne	.L12
 299              		.loc 5 91 5
 300 0012 0948     		ldr	r0, .L13
 301 0014 FFF7FEFF 		bl	fsmcStart
 302              	.L12:
 303              		.loc 5 93 3
 304 0018 FFF7FEFF 		bl	osalSysLock
 305              		.loc 5 96 3
 306 001c 3968     		ldr	r1, [r7]
 307 001e 7868     		ldr	r0, [r7, #4]
 308 0020 FFF7FEFF 		bl	sdram_lld_start
 309              		.loc 5 97 17
 310 0024 7B68     		ldr	r3, [r7, #4]
 311 0026 0222     		movs	r2, #2
 312 0028 1A70     		strb	r2, [r3]
 313              		.loc 5 98 3
 314 002a FFF7FEFF 		bl	osalSysUnlock
 315              		.loc 5 99 1
 316 002e 00BF     		nop
 317 0030 0837     		adds	r7, r7, #8
 318              		.cfi_def_cfa_offset 8
 319 0032 BD46     		mov	sp, r7
 320              		.cfi_def_cfa_register 13
 321              		@ sp needed
 322 0034 80BD     		pop	{r7, pc}
 323              	.L14:
 324 0036 00BF     		.align	2
 325              	.L13:
 326 0038 00000000 		.word	FSMCD1
 327              		.cfi_endproc
 328              	.LFE434:
 329              		.size	sdramStart, .-sdramStart
 330              		.section	.text.sdramStop,"ax",%progbits
 331              		.align	1
 332              		.global	sdramStop
 333              		.syntax unified
 334              		.thumb
 335              		.thumb_func
 336              		.type	sdramStop, %function
 337              	sdramStop:
 338              	.LFB435:
 339              		.loc 5 108 37
 340              		.cfi_startproc
 341              		@ args = 0, pretend = 0, frame = 8
 342              		@ frame_needed = 1, uses_anonymous_args = 0
ARM GAS  C:\Users\DEVELO~1\AppData\Local\Temp\ccnjsgLn.s 			page 7


 343 0000 80B5     		push	{r7, lr}
 344              		.cfi_def_cfa_offset 8
 345              		.cfi_offset 7, -8
 346              		.cfi_offset 14, -4
 347 0002 82B0     		sub	sp, sp, #8
 348              		.cfi_def_cfa_offset 16
 349 0004 00AF     		add	r7, sp, #0
 350              		.cfi_def_cfa_register 7
 351 0006 7860     		str	r0, [r7, #4]
 352              		.loc 5 112 3
 353 0008 FFF7FEFF 		bl	osalSysLock
 354              		.loc 5 115 3
 355 000c 7868     		ldr	r0, [r7, #4]
 356 000e FFF7FEFF 		bl	sdram_lld_stop
 357              		.loc 5 116 17
 358 0012 7B68     		ldr	r3, [r7, #4]
 359 0014 0122     		movs	r2, #1
 360 0016 1A70     		strb	r2, [r3]
 361              		.loc 5 117 3
 362 0018 FFF7FEFF 		bl	osalSysUnlock
 363              		.loc 5 118 1
 364 001c 00BF     		nop
 365 001e 0837     		adds	r7, r7, #8
 366              		.cfi_def_cfa_offset 8
 367 0020 BD46     		mov	sp, r7
 368              		.cfi_def_cfa_register 13
 369              		@ sp needed
 370 0022 80BD     		pop	{r7, pc}
 371              		.cfi_endproc
 372              	.LFE435:
 373              		.size	sdramStop, .-sdramStop
 374              		.text
 375              	.Letext0:
 376              		.file 6 "c:\\chibistudio\\tools\\gnu tools arm embedded\\11.3 2022.08\\arm-none-eabi\\include\\mac
 377              		.file 7 "c:\\chibistudio\\tools\\gnu tools arm embedded\\11.3 2022.08\\arm-none-eabi\\include\\sys
 378              		.file 8 "../../../ChibiOS-Contrib-chibios-21.11.x/os/hal/include/hal_fsmc.h"
 379              		.file 9 "../../../ChibiOS-Contrib-chibios-21.11.x/os/hal/include/hal_sdram.h"
 380              		.file 10 "../../../ChibiOS-Contrib-chibios-21.11.x/os/hal/ports/STM32/LLD/FSMCv1/hal_sdram_lld.h"
 381              		.section	.debug_info,"",%progbits
 382              	.Ldebug_info0:
 383 0000 3D040000 		.4byte	0x43d
 384 0004 0500     		.2byte	0x5
 385 0006 01       		.byte	0x1
 386 0007 04       		.byte	0x4
 387 0008 00000000 		.4byte	.Ldebug_abbrev0
 388 000c 16       		.uleb128 0x16
 389 000d 1C000000 		.4byte	.LASF56
 390 0011 1D       		.byte	0x1d
 391 0012 34010000 		.4byte	.LASF57
 392 0016 C7020000 		.4byte	.LASF58
 393 001a 0C000000 		.4byte	.LLRL0
 394 001e 00000000 		.4byte	0
 395 0022 00000000 		.4byte	.Ldebug_line0
 396 0026 17       		.uleb128 0x17
 397 0027 04       		.byte	0x4
 398 0028 05       		.byte	0x5
 399 0029 696E7400 		.ascii	"int\000"
ARM GAS  C:\Users\DEVELO~1\AppData\Local\Temp\ccnjsgLn.s 			page 8


 400 002d 02       		.uleb128 0x2
 401 002e 04       		.byte	0x4
 402 002f 07       		.byte	0x7
 403 0030 64030000 		.4byte	.LASF0
 404 0034 02       		.uleb128 0x2
 405 0035 08       		.byte	0x8
 406 0036 05       		.byte	0x5
 407 0037 26010000 		.4byte	.LASF1
 408 003b 02       		.uleb128 0x2
 409 003c 08       		.byte	0x8
 410 003d 04       		.byte	0x4
 411 003e 1A010000 		.4byte	.LASF2
 412 0042 02       		.uleb128 0x2
 413 0043 01       		.byte	0x1
 414 0044 06       		.byte	0x6
 415 0045 C4010000 		.4byte	.LASF3
 416 0049 02       		.uleb128 0x2
 417 004a 01       		.byte	0x1
 418 004b 08       		.byte	0x8
 419 004c AD010000 		.4byte	.LASF4
 420 0050 02       		.uleb128 0x2
 421 0051 02       		.byte	0x2
 422 0052 05       		.byte	0x5
 423 0053 AD000000 		.4byte	.LASF5
 424 0057 02       		.uleb128 0x2
 425 0058 02       		.byte	0x2
 426 0059 07       		.byte	0x7
 427 005a 0B020000 		.4byte	.LASF6
 428 005e 02       		.uleb128 0x2
 429 005f 04       		.byte	0x4
 430 0060 05       		.byte	0x5
 431 0061 74010000 		.4byte	.LASF7
 432 0065 03       		.uleb128 0x3
 433 0066 8F020000 		.4byte	.LASF10
 434 006a 06       		.byte	0x6
 435 006b 4F       		.byte	0x4f
 436 006c 19       		.byte	0x19
 437 006d 71000000 		.4byte	0x71
 438 0071 02       		.uleb128 0x2
 439 0072 04       		.byte	0x4
 440 0073 07       		.byte	0x7
 441 0074 6F020000 		.4byte	.LASF8
 442 0078 02       		.uleb128 0x2
 443 0079 08       		.byte	0x8
 444 007a 07       		.byte	0x7
 445 007b D0010000 		.4byte	.LASF9
 446 007f 03       		.uleb128 0x3
 447 0080 E7010000 		.4byte	.LASF11
 448 0084 07       		.byte	0x7
 449 0085 30       		.byte	0x30
 450 0086 14       		.byte	0x14
 451 0087 65000000 		.4byte	0x65
 452 008b 18       		.uleb128 0x18
 453 008c 7F000000 		.4byte	0x7f
 454 0090 02       		.uleb128 0x2
 455 0091 01       		.byte	0x1
 456 0092 08       		.byte	0x8
ARM GAS  C:\Users\DEVELO~1\AppData\Local\Temp\ccnjsgLn.s 			page 9


 457 0093 3C020000 		.4byte	.LASF12
 458 0097 05       		.uleb128 0x5
 459 0098 90000000 		.4byte	0x90
 460 009c 02       		.uleb128 0x2
 461 009d 01       		.byte	0x1
 462 009e 02       		.byte	0x2
 463 009f 41020000 		.4byte	.LASF13
 464 00a3 0D       		.uleb128 0xd
 465 00a4 1C       		.byte	0x1c
 466 00a5 08       		.byte	0x8
 467 00a6 AC       		.byte	0xac
 468 00a7 07010000 		.4byte	0x107
 469 00ab 01       		.uleb128 0x1
 470 00ac C4000000 		.4byte	.LASF14
 471 00b0 08       		.byte	0x8
 472 00b1 AD       		.byte	0xad
 473 00b2 11       		.byte	0x11
 474 00b3 8B000000 		.4byte	0x8b
 475 00b7 00       		.byte	0
 476 00b8 01       		.uleb128 0x1
 477 00b9 CA000000 		.4byte	.LASF15
 478 00bd 08       		.byte	0x8
 479 00be AE       		.byte	0xae
 480 00bf 11       		.byte	0x11
 481 00c0 8B000000 		.4byte	0x8b
 482 00c4 04       		.byte	0x4
 483 00c5 01       		.uleb128 0x1
 484 00c6 5D020000 		.4byte	.LASF16
 485 00ca 08       		.byte	0x8
 486 00cb AF       		.byte	0xaf
 487 00cc 11       		.byte	0x11
 488 00cd 8B000000 		.4byte	0x8b
 489 00d1 08       		.byte	0x8
 490 00d2 01       		.uleb128 0x1
 491 00d3 DE000000 		.4byte	.LASF17
 492 00d7 08       		.byte	0x8
 493 00d8 B0       		.byte	0xb0
 494 00d9 11       		.byte	0x11
 495 00da 8B000000 		.4byte	0x8b
 496 00de 0C       		.byte	0xc
 497 00df 01       		.uleb128 0x1
 498 00e0 2C030000 		.4byte	.LASF18
 499 00e4 08       		.byte	0x8
 500 00e5 B1       		.byte	0xb1
 501 00e6 11       		.byte	0x11
 502 00e7 8B000000 		.4byte	0x8b
 503 00eb 10       		.byte	0x10
 504 00ec 01       		.uleb128 0x1
 505 00ed 06000000 		.4byte	.LASF19
 506 00f1 08       		.byte	0x8
 507 00f2 B2       		.byte	0xb2
 508 00f3 11       		.byte	0x11
 509 00f4 8B000000 		.4byte	0x8b
 510 00f8 14       		.byte	0x14
 511 00f9 01       		.uleb128 0x1
 512 00fa 8A020000 		.4byte	.LASF20
 513 00fe 08       		.byte	0x8
ARM GAS  C:\Users\DEVELO~1\AppData\Local\Temp\ccnjsgLn.s 			page 10


 514 00ff B3       		.byte	0xb3
 515 0100 11       		.byte	0x11
 516 0101 8B000000 		.4byte	0x8b
 517 0105 18       		.byte	0x18
 518 0106 00       		.byte	0
 519 0107 03       		.uleb128 0x3
 520 0108 4B030000 		.4byte	.LASF21
 521 010c 08       		.byte	0x8
 522 010d B4       		.byte	0xb4
 523 010e 03       		.byte	0x3
 524 010f A3000000 		.4byte	0xa3
 525 0113 0E       		.uleb128 0xe
 526 0114 31020000 		.4byte	.LASF22
 527 0118 1E01     		.2byte	0x11e
 528 011a 1B       		.byte	0x1b
 529 011b 1F010000 		.4byte	0x11f
 530 011f 19       		.uleb128 0x19
 531 0120 31020000 		.4byte	.LASF22
 532 0124 08       		.byte	0x8
 533 0125 08       		.byte	0x8
 534 0126 2C01     		.2byte	0x12c
 535 0128 08       		.byte	0x8
 536 0129 48010000 		.4byte	0x148
 537 012d 0F       		.uleb128 0xf
 538 012e A7000000 		.4byte	.LASF23
 539 0132 3001     		.2byte	0x130
 540 0134 1D       		.byte	0x1d
 541 0135 6A010000 		.4byte	0x16a
 542 0139 00       		.byte	0
 543 013a 0F       		.uleb128 0xf
 544 013b 5E030000 		.4byte	.LASF24
 545 013f 4F01     		.2byte	0x14f
 546 0141 1E       		.byte	0x1e
 547 0142 76010000 		.4byte	0x176
 548 0146 04       		.byte	0x4
 549 0147 00       		.byte	0
 550 0148 1A       		.uleb128 0x1a
 551 0149 07       		.byte	0x7
 552 014a 01       		.byte	0x1
 553 014b 49000000 		.4byte	0x49
 554 014f 08       		.byte	0x8
 555 0150 2301     		.2byte	0x123
 556 0152 0E       		.byte	0xe
 557 0153 6A010000 		.4byte	0x16a
 558 0157 04       		.uleb128 0x4
 559 0158 FF010000 		.4byte	.LASF25
 560 015c 00       		.byte	0
 561 015d 04       		.uleb128 0x4
 562 015e A6020000 		.4byte	.LASF26
 563 0162 01       		.byte	0x1
 564 0163 04       		.uleb128 0x4
 565 0164 26020000 		.4byte	.LASF27
 566 0168 02       		.byte	0x2
 567 0169 00       		.byte	0
 568 016a 0E       		.uleb128 0xe
 569 016b 63020000 		.4byte	.LASF28
 570 016f 2701     		.2byte	0x127
ARM GAS  C:\Users\DEVELO~1\AppData\Local\Temp\ccnjsgLn.s 			page 11


 571 0171 03       		.byte	0x3
 572 0172 48010000 		.4byte	0x148
 573 0176 06       		.uleb128 0x6
 574 0177 07010000 		.4byte	0x107
 575 017b 1B       		.uleb128 0x1b
 576 017c 94030000 		.4byte	.LASF39
 577 0180 08       		.byte	0x8
 578 0181 5D01     		.2byte	0x15d
 579 0183 13       		.byte	0x13
 580 0184 13010000 		.4byte	0x113
 581 0188 1C       		.uleb128 0x1c
 582 0189 07       		.byte	0x7
 583 018a 01       		.byte	0x1
 584 018b 49000000 		.4byte	0x49
 585 018f 09       		.byte	0x9
 586 0190 A4       		.byte	0xa4
 587 0191 0E       		.byte	0xe
 588 0192 A9010000 		.4byte	0x1a9
 589 0196 04       		.uleb128 0x4
 590 0197 7D010000 		.4byte	.LASF29
 591 019b 00       		.byte	0
 592 019c 04       		.uleb128 0x4
 593 019d 71030000 		.4byte	.LASF30
 594 01a1 01       		.byte	0x1
 595 01a2 04       		.uleb128 0x4
 596 01a3 7C030000 		.4byte	.LASF31
 597 01a7 02       		.byte	0x2
 598 01a8 00       		.byte	0
 599 01a9 03       		.uleb128 0x3
 600 01aa B7000000 		.4byte	.LASF32
 601 01ae 09       		.byte	0x9
 602 01af A8       		.byte	0xa8
 603 01b0 03       		.byte	0x3
 604 01b1 88010000 		.4byte	0x188
 605 01b5 03       		.uleb128 0x3
 606 01b6 88030000 		.4byte	.LASF33
 607 01ba 09       		.byte	0x9
 608 01bb AD       		.byte	0xad
 609 01bc 1C       		.byte	0x1c
 610 01bd C1010000 		.4byte	0x1c1
 611 01c1 1D       		.uleb128 0x1d
 612 01c2 88030000 		.4byte	.LASF33
 613 01c6 08       		.byte	0x8
 614 01c7 09       		.byte	0x9
 615 01c8 D0       		.byte	0xd0
 616 01c9 08       		.byte	0x8
 617 01ca E9010000 		.4byte	0x1e9
 618 01ce 01       		.uleb128 0x1
 619 01cf A7000000 		.4byte	.LASF23
 620 01d3 09       		.byte	0x9
 621 01d4 D4       		.byte	0xd4
 622 01d5 1D       		.byte	0x1d
 623 01d6 A9010000 		.4byte	0x1a9
 624 01da 00       		.byte	0
 625 01db 01       		.uleb128 0x1
 626 01dc 5E030000 		.4byte	.LASF24
 627 01e0 09       		.byte	0x9
ARM GAS  C:\Users\DEVELO~1\AppData\Local\Temp\ccnjsgLn.s 			page 12


 628 01e1 D8       		.byte	0xd8
 629 01e2 1E       		.byte	0x1e
 630 01e3 76010000 		.4byte	0x176
 631 01e7 04       		.byte	0x4
 632 01e8 00       		.byte	0
 633 01e9 0D       		.uleb128 0xd
 634 01ea 10       		.byte	0x10
 635 01eb 09       		.byte	0x9
 636 01ec B3       		.byte	0xb3
 637 01ed 26020000 		.4byte	0x226
 638 01f1 01       		.uleb128 0x1
 639 01f2 15010000 		.4byte	.LASF34
 640 01f6 09       		.byte	0x9
 641 01f7 B8       		.byte	0xb8
 642 01f8 11       		.byte	0x11
 643 01f9 7F000000 		.4byte	0x7f
 644 01fd 00       		.byte	0
 645 01fe 01       		.uleb128 0x1
 646 01ff B0020000 		.4byte	.LASF35
 647 0203 09       		.byte	0x9
 648 0204 BE       		.byte	0xbe
 649 0205 11       		.byte	0x11
 650 0206 7F000000 		.4byte	0x7f
 651 020a 04       		.byte	0x4
 652 020b 01       		.uleb128 0x1
 653 020c 26030000 		.4byte	.LASF36
 654 0210 09       		.byte	0x9
 655 0211 C4       		.byte	0xc4
 656 0212 11       		.byte	0x11
 657 0213 7F000000 		.4byte	0x7f
 658 0217 08       		.byte	0x8
 659 0218 01       		.uleb128 0x1
 660 0219 00000000 		.4byte	.LASF37
 661 021d 09       		.byte	0x9
 662 021e CA       		.byte	0xca
 663 021f 11       		.byte	0x11
 664 0220 7F000000 		.4byte	0x7f
 665 0224 0C       		.byte	0xc
 666 0225 00       		.byte	0
 667 0226 03       		.uleb128 0x3
 668 0227 E4000000 		.4byte	.LASF38
 669 022b 09       		.byte	0x9
 670 022c CB       		.byte	0xcb
 671 022d 03       		.byte	0x3
 672 022e E9010000 		.4byte	0x1e9
 673 0232 05       		.uleb128 0x5
 674 0233 26020000 		.4byte	0x226
 675 0237 1E       		.uleb128 0x1e
 676 0238 BF020000 		.4byte	.LASF40
 677 023c 09       		.byte	0x9
 678 023d E3       		.byte	0xe3
 679 023e 14       		.byte	0x14
 680 023f B5010000 		.4byte	0x1b5
 681 0243 10       		.uleb128 0x10
 682 0244 F0010000 		.4byte	.LASF41
 683 0248 6D       		.byte	0x6d
 684 0249 53020000 		.4byte	0x253
ARM GAS  C:\Users\DEVELO~1\AppData\Local\Temp\ccnjsgLn.s 			page 13


 685 024d 07       		.uleb128 0x7
 686 024e 53020000 		.4byte	0x253
 687 0252 00       		.byte	0
 688 0253 06       		.uleb128 0x6
 689 0254 B5010000 		.4byte	0x1b5
 690 0258 10       		.uleb128 0x10
 691 0259 0C000000 		.4byte	.LASF42
 692 025d 6C       		.byte	0x6c
 693 025e 6D020000 		.4byte	0x26d
 694 0262 07       		.uleb128 0x7
 695 0263 53020000 		.4byte	0x253
 696 0267 07       		.uleb128 0x7
 697 0268 6D020000 		.4byte	0x26d
 698 026c 00       		.byte	0
 699 026d 06       		.uleb128 0x6
 700 026e 32020000 		.4byte	0x232
 701 0272 1F       		.uleb128 0x1f
 702 0273 B5020000 		.4byte	.LASF43
 703 0277 08       		.byte	0x8
 704 0278 6401     		.2byte	0x164
 705 027a 08       		.byte	0x8
 706 027b 85020000 		.4byte	0x285
 707 027f 07       		.uleb128 0x7
 708 0280 85020000 		.4byte	0x285
 709 0284 00       		.byte	0
 710 0285 06       		.uleb128 0x6
 711 0286 13010000 		.4byte	0x113
 712 028a 20       		.uleb128 0x20
 713 028b 81020000 		.4byte	.LASF59
 714 028f 08       		.byte	0x8
 715 0290 6301     		.2byte	0x163
 716 0292 08       		.byte	0x8
 717 0293 11       		.uleb128 0x11
 718 0294 53020000 		.4byte	.LASF44
 719 0298 6C       		.byte	0x6c
 720 0299 00000000 		.4byte	.LFB435
 721 029d 24000000 		.4byte	.LFE435-.LFB435
 722 02a1 01       		.uleb128 0x1
 723 02a2 9C       		.byte	0x9c
 724 02a3 BF020000 		.4byte	0x2bf
 725 02a7 08       		.uleb128 0x8
 726 02a8 9A010000 		.4byte	.LASF46
 727 02ac 6C       		.byte	0x6c
 728 02ad 1D       		.byte	0x1d
 729 02ae 53020000 		.4byte	0x253
 730 02b2 02       		.uleb128 0x2
 731 02b3 91       		.byte	0x91
 732 02b4 74       		.sleb128 -12
 733 02b5 0A       		.uleb128 0xa
 734 02b6 BB010000 		.4byte	.LASF48
 735 02ba CF020000 		.4byte	0x2cf
 736 02be 00       		.byte	0
 737 02bf 0B       		.uleb128 0xb
 738 02c0 97000000 		.4byte	0x97
 739 02c4 CF020000 		.4byte	0x2cf
 740 02c8 0C       		.uleb128 0xc
 741 02c9 2D000000 		.4byte	0x2d
ARM GAS  C:\Users\DEVELO~1\AppData\Local\Temp\ccnjsgLn.s 			page 14


 742 02cd 09       		.byte	0x9
 743 02ce 00       		.byte	0
 744 02cf 05       		.uleb128 0x5
 745 02d0 BF020000 		.4byte	0x2bf
 746 02d4 11       		.uleb128 0x11
 747 02d5 40030000 		.4byte	.LASF45
 748 02d9 56       		.byte	0x56
 749 02da 00000000 		.4byte	.LFB434
 750 02de 3C000000 		.4byte	.LFE434-.LFB434
 751 02e2 01       		.uleb128 0x1
 752 02e3 9C       		.byte	0x9c
 753 02e4 0E030000 		.4byte	0x30e
 754 02e8 08       		.uleb128 0x8
 755 02e9 9A010000 		.4byte	.LASF46
 756 02ed 56       		.byte	0x56
 757 02ee 1E       		.byte	0x1e
 758 02ef 53020000 		.4byte	0x253
 759 02f3 02       		.uleb128 0x2
 760 02f4 91       		.byte	0x91
 761 02f5 74       		.sleb128 -12
 762 02f6 08       		.uleb128 0x8
 763 02f7 04010000 		.4byte	.LASF47
 764 02fb 56       		.byte	0x56
 765 02fc 39       		.byte	0x39
 766 02fd 6D020000 		.4byte	0x26d
 767 0301 02       		.uleb128 0x2
 768 0302 91       		.byte	0x91
 769 0303 70       		.sleb128 -16
 770 0304 0A       		.uleb128 0xa
 771 0305 BB010000 		.4byte	.LASF48
 772 0309 1E030000 		.4byte	0x31e
 773 030d 00       		.byte	0
 774 030e 0B       		.uleb128 0xb
 775 030f 97000000 		.4byte	0x97
 776 0313 1E030000 		.4byte	0x31e
 777 0317 0C       		.uleb128 0xc
 778 0318 2D000000 		.4byte	0x2d
 779 031c 0A       		.byte	0xa
 780 031d 00       		.byte	0
 781 031e 05       		.uleb128 0x5
 782 031f 0E030000 		.4byte	0x30e
 783 0323 21       		.uleb128 0x21
 784 0324 8A010000 		.4byte	.LASF49
 785 0328 05       		.byte	0x5
 786 0329 48       		.byte	0x48
 787 032a 06       		.byte	0x6
 788 032b 00000000 		.4byte	.LFB433
 789 032f 24000000 		.4byte	.LFE433-.LFB433
 790 0333 01       		.uleb128 0x1
 791 0334 9C       		.byte	0x9c
 792 0335 48030000 		.4byte	0x348
 793 0339 08       		.uleb128 0x8
 794 033a 9A010000 		.4byte	.LASF46
 795 033e 48       		.byte	0x48
 796 033f 23       		.byte	0x23
 797 0340 53020000 		.4byte	0x253
 798 0344 02       		.uleb128 0x2
ARM GAS  C:\Users\DEVELO~1\AppData\Local\Temp\ccnjsgLn.s 			page 15


 799 0345 91       		.byte	0x91
 800 0346 74       		.sleb128 -12
 801 0347 00       		.byte	0
 802 0348 22       		.uleb128 0x22
 803 0349 0B010000 		.4byte	.LASF60
 804 034d 05       		.byte	0x5
 805 034e 3C       		.byte	0x3c
 806 034f 06       		.byte	0x6
 807 0350 00000000 		.4byte	.LFB432
 808 0354 18000000 		.4byte	.LFE432-.LFB432
 809 0358 01       		.uleb128 0x1
 810 0359 9C       		.byte	0x9c
 811 035a 12       		.uleb128 0x12
 812 035b D0000000 		.4byte	.LASF50
 813 035f 4802     		.2byte	0x248
 814 0361 00000000 		.4byte	.LFB351
 815 0365 0C000000 		.4byte	.LFE351-.LFB351
 816 0369 01       		.uleb128 0x1
 817 036a 9C       		.byte	0x9c
 818 036b 12       		.uleb128 0x12
 819 036c A1010000 		.4byte	.LASF51
 820 0370 3D02     		.2byte	0x23d
 821 0372 00000000 		.4byte	.LFB350
 822 0376 0C000000 		.4byte	.LFE350-.LFB350
 823 037a 01       		.uleb128 0x1
 824 037b 9C       		.byte	0x9c
 825 037c 13       		.uleb128 0x13
 826 037d 9A020000 		.4byte	.LASF52
 827 0381 A501     		.2byte	0x1a5
 828 0383 00000000 		.4byte	.LFB203
 829 0387 1E000000 		.4byte	.LFE203-.LFB203
 830 038b 01       		.uleb128 0x1
 831 038c 9C       		.byte	0x9c
 832 038d C5030000 		.4byte	0x3c5
 833 0391 0A       		.uleb128 0xa
 834 0392 BB010000 		.4byte	.LASF48
 835 0396 D5030000 		.4byte	0x3d5
 836 039a 09       		.uleb128 0x9
 837 039b 1A040000 		.4byte	0x41a
 838 039f 0A000000 		.4byte	.LBB18
 839 03a3 0A000000 		.4byte	.LBE18-.LBB18
 840 03a7 01       		.byte	0x1
 841 03a8 B201     		.2byte	0x1b2
 842 03aa 09       		.uleb128 0x9
 843 03ab 28040000 		.4byte	0x428
 844 03af 0A000000 		.4byte	.LBB20
 845 03b3 08000000 		.4byte	.LBE20-.LBB20
 846 03b7 03       		.byte	0x3
 847 03b8 5203     		.2byte	0x352
 848 03ba 14       		.uleb128 0x14
 849 03bb 32040000 		.4byte	0x432
 850 03bf 02       		.uleb128 0x2
 851 03c0 91       		.byte	0x91
 852 03c1 74       		.sleb128 -12
 853 03c2 00       		.byte	0
 854 03c3 00       		.byte	0
 855 03c4 00       		.byte	0
ARM GAS  C:\Users\DEVELO~1\AppData\Local\Temp\ccnjsgLn.s 			page 16


 856 03c5 0B       		.uleb128 0xb
 857 03c6 97000000 		.4byte	0x97
 858 03ca D5030000 		.4byte	0x3d5
 859 03ce 0C       		.uleb128 0xc
 860 03cf 2D000000 		.4byte	0x2d
 861 03d3 0B       		.byte	0xb
 862 03d4 00       		.byte	0
 863 03d5 05       		.uleb128 0x5
 864 03d6 C5030000 		.4byte	0x3c5
 865 03da 13       		.uleb128 0x13
 866 03db FA000000 		.4byte	.LASF53
 867 03df 9701     		.2byte	0x197
 868 03e1 00000000 		.4byte	.LFB202
 869 03e5 1E000000 		.4byte	.LFE202-.LFB202
 870 03e9 01       		.uleb128 0x1
 871 03ea 9C       		.byte	0x9c
 872 03eb 1A040000 		.4byte	0x41a
 873 03ef 09       		.uleb128 0x9
 874 03f0 21040000 		.4byte	0x421
 875 03f4 0A000000 		.4byte	.LBB14
 876 03f8 0A000000 		.4byte	.LBE14-.LBB14
 877 03fc 01       		.byte	0x1
 878 03fd 9901     		.2byte	0x199
 879 03ff 09       		.uleb128 0x9
 880 0400 28040000 		.4byte	0x428
 881 0404 0A000000 		.4byte	.LBB16
 882 0408 08000000 		.4byte	.LBE16-.LBB16
 883 040c 03       		.byte	0x3
 884 040d 3F03     		.2byte	0x33f
 885 040f 14       		.uleb128 0x14
 886 0410 32040000 		.4byte	0x432
 887 0414 02       		.uleb128 0x2
 888 0415 91       		.byte	0x91
 889 0416 74       		.sleb128 -12
 890 0417 00       		.byte	0
 891 0418 00       		.byte	0
 892 0419 00       		.byte	0
 893 041a 15       		.uleb128 0x15
 894 041b 47020000 		.4byte	.LASF54
 895 041f 4F03     		.2byte	0x34f
 896 0421 15       		.uleb128 0x15
 897 0422 F0000000 		.4byte	.LASF55
 898 0426 3703     		.2byte	0x337
 899 0428 23       		.uleb128 0x23
 900 0429 32030000 		.4byte	.LASF61
 901 042d 02       		.byte	0x2
 902 042e EB01     		.2byte	0x1eb
 903 0430 1B       		.byte	0x1b
 904 0431 03       		.byte	0x3
 905 0432 24       		.uleb128 0x24
 906 0433 1E020000 		.4byte	.LASF62
 907 0437 02       		.byte	0x2
 908 0438 EB01     		.2byte	0x1eb
 909 043a 32       		.byte	0x32
 910 043b 7F000000 		.4byte	0x7f
 911 043f 00       		.byte	0
 912 0440 00       		.byte	0
ARM GAS  C:\Users\DEVELO~1\AppData\Local\Temp\ccnjsgLn.s 			page 17


 913              		.section	.debug_abbrev,"",%progbits
 914              	.Ldebug_abbrev0:
 915 0000 01       		.uleb128 0x1
 916 0001 0D       		.uleb128 0xd
 917 0002 00       		.byte	0
 918 0003 03       		.uleb128 0x3
 919 0004 0E       		.uleb128 0xe
 920 0005 3A       		.uleb128 0x3a
 921 0006 0B       		.uleb128 0xb
 922 0007 3B       		.uleb128 0x3b
 923 0008 0B       		.uleb128 0xb
 924 0009 39       		.uleb128 0x39
 925 000a 0B       		.uleb128 0xb
 926 000b 49       		.uleb128 0x49
 927 000c 13       		.uleb128 0x13
 928 000d 38       		.uleb128 0x38
 929 000e 0B       		.uleb128 0xb
 930 000f 00       		.byte	0
 931 0010 00       		.byte	0
 932 0011 02       		.uleb128 0x2
 933 0012 24       		.uleb128 0x24
 934 0013 00       		.byte	0
 935 0014 0B       		.uleb128 0xb
 936 0015 0B       		.uleb128 0xb
 937 0016 3E       		.uleb128 0x3e
 938 0017 0B       		.uleb128 0xb
 939 0018 03       		.uleb128 0x3
 940 0019 0E       		.uleb128 0xe
 941 001a 00       		.byte	0
 942 001b 00       		.byte	0
 943 001c 03       		.uleb128 0x3
 944 001d 16       		.uleb128 0x16
 945 001e 00       		.byte	0
 946 001f 03       		.uleb128 0x3
 947 0020 0E       		.uleb128 0xe
 948 0021 3A       		.uleb128 0x3a
 949 0022 0B       		.uleb128 0xb
 950 0023 3B       		.uleb128 0x3b
 951 0024 0B       		.uleb128 0xb
 952 0025 39       		.uleb128 0x39
 953 0026 0B       		.uleb128 0xb
 954 0027 49       		.uleb128 0x49
 955 0028 13       		.uleb128 0x13
 956 0029 00       		.byte	0
 957 002a 00       		.byte	0
 958 002b 04       		.uleb128 0x4
 959 002c 28       		.uleb128 0x28
 960 002d 00       		.byte	0
 961 002e 03       		.uleb128 0x3
 962 002f 0E       		.uleb128 0xe
 963 0030 1C       		.uleb128 0x1c
 964 0031 0B       		.uleb128 0xb
 965 0032 00       		.byte	0
 966 0033 00       		.byte	0
 967 0034 05       		.uleb128 0x5
 968 0035 26       		.uleb128 0x26
 969 0036 00       		.byte	0
ARM GAS  C:\Users\DEVELO~1\AppData\Local\Temp\ccnjsgLn.s 			page 18


 970 0037 49       		.uleb128 0x49
 971 0038 13       		.uleb128 0x13
 972 0039 00       		.byte	0
 973 003a 00       		.byte	0
 974 003b 06       		.uleb128 0x6
 975 003c 0F       		.uleb128 0xf
 976 003d 00       		.byte	0
 977 003e 0B       		.uleb128 0xb
 978 003f 21       		.uleb128 0x21
 979 0040 04       		.sleb128 4
 980 0041 49       		.uleb128 0x49
 981 0042 13       		.uleb128 0x13
 982 0043 00       		.byte	0
 983 0044 00       		.byte	0
 984 0045 07       		.uleb128 0x7
 985 0046 05       		.uleb128 0x5
 986 0047 00       		.byte	0
 987 0048 49       		.uleb128 0x49
 988 0049 13       		.uleb128 0x13
 989 004a 00       		.byte	0
 990 004b 00       		.byte	0
 991 004c 08       		.uleb128 0x8
 992 004d 05       		.uleb128 0x5
 993 004e 00       		.byte	0
 994 004f 03       		.uleb128 0x3
 995 0050 0E       		.uleb128 0xe
 996 0051 3A       		.uleb128 0x3a
 997 0052 21       		.uleb128 0x21
 998 0053 05       		.sleb128 5
 999 0054 3B       		.uleb128 0x3b
 1000 0055 0B       		.uleb128 0xb
 1001 0056 39       		.uleb128 0x39
 1002 0057 0B       		.uleb128 0xb
 1003 0058 49       		.uleb128 0x49
 1004 0059 13       		.uleb128 0x13
 1005 005a 02       		.uleb128 0x2
 1006 005b 18       		.uleb128 0x18
 1007 005c 00       		.byte	0
 1008 005d 00       		.byte	0
 1009 005e 09       		.uleb128 0x9
 1010 005f 1D       		.uleb128 0x1d
 1011 0060 01       		.byte	0x1
 1012 0061 31       		.uleb128 0x31
 1013 0062 13       		.uleb128 0x13
 1014 0063 11       		.uleb128 0x11
 1015 0064 01       		.uleb128 0x1
 1016 0065 12       		.uleb128 0x12
 1017 0066 06       		.uleb128 0x6
 1018 0067 58       		.uleb128 0x58
 1019 0068 0B       		.uleb128 0xb
 1020 0069 59       		.uleb128 0x59
 1021 006a 05       		.uleb128 0x5
 1022 006b 57       		.uleb128 0x57
 1023 006c 21       		.uleb128 0x21
 1024 006d 03       		.sleb128 3
 1025 006e 00       		.byte	0
 1026 006f 00       		.byte	0
ARM GAS  C:\Users\DEVELO~1\AppData\Local\Temp\ccnjsgLn.s 			page 19


 1027 0070 0A       		.uleb128 0xa
 1028 0071 34       		.uleb128 0x34
 1029 0072 00       		.byte	0
 1030 0073 03       		.uleb128 0x3
 1031 0074 0E       		.uleb128 0xe
 1032 0075 49       		.uleb128 0x49
 1033 0076 13       		.uleb128 0x13
 1034 0077 34       		.uleb128 0x34
 1035 0078 19       		.uleb128 0x19
 1036 0079 00       		.byte	0
 1037 007a 00       		.byte	0
 1038 007b 0B       		.uleb128 0xb
 1039 007c 01       		.uleb128 0x1
 1040 007d 01       		.byte	0x1
 1041 007e 49       		.uleb128 0x49
 1042 007f 13       		.uleb128 0x13
 1043 0080 01       		.uleb128 0x1
 1044 0081 13       		.uleb128 0x13
 1045 0082 00       		.byte	0
 1046 0083 00       		.byte	0
 1047 0084 0C       		.uleb128 0xc
 1048 0085 21       		.uleb128 0x21
 1049 0086 00       		.byte	0
 1050 0087 49       		.uleb128 0x49
 1051 0088 13       		.uleb128 0x13
 1052 0089 2F       		.uleb128 0x2f
 1053 008a 0B       		.uleb128 0xb
 1054 008b 00       		.byte	0
 1055 008c 00       		.byte	0
 1056 008d 0D       		.uleb128 0xd
 1057 008e 13       		.uleb128 0x13
 1058 008f 01       		.byte	0x1
 1059 0090 0B       		.uleb128 0xb
 1060 0091 0B       		.uleb128 0xb
 1061 0092 3A       		.uleb128 0x3a
 1062 0093 0B       		.uleb128 0xb
 1063 0094 3B       		.uleb128 0x3b
 1064 0095 0B       		.uleb128 0xb
 1065 0096 39       		.uleb128 0x39
 1066 0097 21       		.uleb128 0x21
 1067 0098 09       		.sleb128 9
 1068 0099 01       		.uleb128 0x1
 1069 009a 13       		.uleb128 0x13
 1070 009b 00       		.byte	0
 1071 009c 00       		.byte	0
 1072 009d 0E       		.uleb128 0xe
 1073 009e 16       		.uleb128 0x16
 1074 009f 00       		.byte	0
 1075 00a0 03       		.uleb128 0x3
 1076 00a1 0E       		.uleb128 0xe
 1077 00a2 3A       		.uleb128 0x3a
 1078 00a3 21       		.uleb128 0x21
 1079 00a4 08       		.sleb128 8
 1080 00a5 3B       		.uleb128 0x3b
 1081 00a6 05       		.uleb128 0x5
 1082 00a7 39       		.uleb128 0x39
 1083 00a8 0B       		.uleb128 0xb
ARM GAS  C:\Users\DEVELO~1\AppData\Local\Temp\ccnjsgLn.s 			page 20


 1084 00a9 49       		.uleb128 0x49
 1085 00aa 13       		.uleb128 0x13
 1086 00ab 00       		.byte	0
 1087 00ac 00       		.byte	0
 1088 00ad 0F       		.uleb128 0xf
 1089 00ae 0D       		.uleb128 0xd
 1090 00af 00       		.byte	0
 1091 00b0 03       		.uleb128 0x3
 1092 00b1 0E       		.uleb128 0xe
 1093 00b2 3A       		.uleb128 0x3a
 1094 00b3 21       		.uleb128 0x21
 1095 00b4 08       		.sleb128 8
 1096 00b5 3B       		.uleb128 0x3b
 1097 00b6 05       		.uleb128 0x5
 1098 00b7 39       		.uleb128 0x39
 1099 00b8 0B       		.uleb128 0xb
 1100 00b9 49       		.uleb128 0x49
 1101 00ba 13       		.uleb128 0x13
 1102 00bb 38       		.uleb128 0x38
 1103 00bc 0B       		.uleb128 0xb
 1104 00bd 00       		.byte	0
 1105 00be 00       		.byte	0
 1106 00bf 10       		.uleb128 0x10
 1107 00c0 2E       		.uleb128 0x2e
 1108 00c1 01       		.byte	0x1
 1109 00c2 3F       		.uleb128 0x3f
 1110 00c3 19       		.uleb128 0x19
 1111 00c4 03       		.uleb128 0x3
 1112 00c5 0E       		.uleb128 0xe
 1113 00c6 3A       		.uleb128 0x3a
 1114 00c7 21       		.uleb128 0x21
 1115 00c8 0A       		.sleb128 10
 1116 00c9 3B       		.uleb128 0x3b
 1117 00ca 0B       		.uleb128 0xb
 1118 00cb 39       		.uleb128 0x39
 1119 00cc 21       		.uleb128 0x21
 1120 00cd 08       		.sleb128 8
 1121 00ce 27       		.uleb128 0x27
 1122 00cf 19       		.uleb128 0x19
 1123 00d0 3C       		.uleb128 0x3c
 1124 00d1 19       		.uleb128 0x19
 1125 00d2 01       		.uleb128 0x1
 1126 00d3 13       		.uleb128 0x13
 1127 00d4 00       		.byte	0
 1128 00d5 00       		.byte	0
 1129 00d6 11       		.uleb128 0x11
 1130 00d7 2E       		.uleb128 0x2e
 1131 00d8 01       		.byte	0x1
 1132 00d9 3F       		.uleb128 0x3f
 1133 00da 19       		.uleb128 0x19
 1134 00db 03       		.uleb128 0x3
 1135 00dc 0E       		.uleb128 0xe
 1136 00dd 3A       		.uleb128 0x3a
 1137 00de 21       		.uleb128 0x21
 1138 00df 05       		.sleb128 5
 1139 00e0 3B       		.uleb128 0x3b
 1140 00e1 0B       		.uleb128 0xb
ARM GAS  C:\Users\DEVELO~1\AppData\Local\Temp\ccnjsgLn.s 			page 21


 1141 00e2 39       		.uleb128 0x39
 1142 00e3 21       		.uleb128 0x21
 1143 00e4 06       		.sleb128 6
 1144 00e5 27       		.uleb128 0x27
 1145 00e6 19       		.uleb128 0x19
 1146 00e7 11       		.uleb128 0x11
 1147 00e8 01       		.uleb128 0x1
 1148 00e9 12       		.uleb128 0x12
 1149 00ea 06       		.uleb128 0x6
 1150 00eb 40       		.uleb128 0x40
 1151 00ec 18       		.uleb128 0x18
 1152 00ed 7C       		.uleb128 0x7c
 1153 00ee 19       		.uleb128 0x19
 1154 00ef 01       		.uleb128 0x1
 1155 00f0 13       		.uleb128 0x13
 1156 00f1 00       		.byte	0
 1157 00f2 00       		.byte	0
 1158 00f3 12       		.uleb128 0x12
 1159 00f4 2E       		.uleb128 0x2e
 1160 00f5 00       		.byte	0
 1161 00f6 03       		.uleb128 0x3
 1162 00f7 0E       		.uleb128 0xe
 1163 00f8 3A       		.uleb128 0x3a
 1164 00f9 21       		.uleb128 0x21
 1165 00fa 04       		.sleb128 4
 1166 00fb 3B       		.uleb128 0x3b
 1167 00fc 05       		.uleb128 0x5
 1168 00fd 39       		.uleb128 0x39
 1169 00fe 21       		.uleb128 0x21
 1170 00ff 14       		.sleb128 20
 1171 0100 27       		.uleb128 0x27
 1172 0101 19       		.uleb128 0x19
 1173 0102 11       		.uleb128 0x11
 1174 0103 01       		.uleb128 0x1
 1175 0104 12       		.uleb128 0x12
 1176 0105 06       		.uleb128 0x6
 1177 0106 40       		.uleb128 0x40
 1178 0107 18       		.uleb128 0x18
 1179 0108 7C       		.uleb128 0x7c
 1180 0109 19       		.uleb128 0x19
 1181 010a 00       		.byte	0
 1182 010b 00       		.byte	0
 1183 010c 13       		.uleb128 0x13
 1184 010d 2E       		.uleb128 0x2e
 1185 010e 01       		.byte	0x1
 1186 010f 03       		.uleb128 0x3
 1187 0110 0E       		.uleb128 0xe
 1188 0111 3A       		.uleb128 0x3a
 1189 0112 21       		.uleb128 0x21
 1190 0113 01       		.sleb128 1
 1191 0114 3B       		.uleb128 0x3b
 1192 0115 05       		.uleb128 0x5
 1193 0116 39       		.uleb128 0x39
 1194 0117 21       		.uleb128 0x21
 1195 0118 14       		.sleb128 20
 1196 0119 27       		.uleb128 0x27
 1197 011a 19       		.uleb128 0x19
ARM GAS  C:\Users\DEVELO~1\AppData\Local\Temp\ccnjsgLn.s 			page 22


 1198 011b 11       		.uleb128 0x11
 1199 011c 01       		.uleb128 0x1
 1200 011d 12       		.uleb128 0x12
 1201 011e 06       		.uleb128 0x6
 1202 011f 40       		.uleb128 0x40
 1203 0120 18       		.uleb128 0x18
 1204 0121 7A       		.uleb128 0x7a
 1205 0122 19       		.uleb128 0x19
 1206 0123 01       		.uleb128 0x1
 1207 0124 13       		.uleb128 0x13
 1208 0125 00       		.byte	0
 1209 0126 00       		.byte	0
 1210 0127 14       		.uleb128 0x14
 1211 0128 05       		.uleb128 0x5
 1212 0129 00       		.byte	0
 1213 012a 31       		.uleb128 0x31
 1214 012b 13       		.uleb128 0x13
 1215 012c 02       		.uleb128 0x2
 1216 012d 18       		.uleb128 0x18
 1217 012e 00       		.byte	0
 1218 012f 00       		.byte	0
 1219 0130 15       		.uleb128 0x15
 1220 0131 2E       		.uleb128 0x2e
 1221 0132 00       		.byte	0
 1222 0133 03       		.uleb128 0x3
 1223 0134 0E       		.uleb128 0xe
 1224 0135 3A       		.uleb128 0x3a
 1225 0136 21       		.uleb128 0x21
 1226 0137 03       		.sleb128 3
 1227 0138 3B       		.uleb128 0x3b
 1228 0139 05       		.uleb128 0x5
 1229 013a 39       		.uleb128 0x39
 1230 013b 21       		.uleb128 0x21
 1231 013c 1B       		.sleb128 27
 1232 013d 27       		.uleb128 0x27
 1233 013e 19       		.uleb128 0x19
 1234 013f 20       		.uleb128 0x20
 1235 0140 21       		.uleb128 0x21
 1236 0141 03       		.sleb128 3
 1237 0142 00       		.byte	0
 1238 0143 00       		.byte	0
 1239 0144 16       		.uleb128 0x16
 1240 0145 11       		.uleb128 0x11
 1241 0146 01       		.byte	0x1
 1242 0147 25       		.uleb128 0x25
 1243 0148 0E       		.uleb128 0xe
 1244 0149 13       		.uleb128 0x13
 1245 014a 0B       		.uleb128 0xb
 1246 014b 03       		.uleb128 0x3
 1247 014c 0E       		.uleb128 0xe
 1248 014d 1B       		.uleb128 0x1b
 1249 014e 0E       		.uleb128 0xe
 1250 014f 55       		.uleb128 0x55
 1251 0150 17       		.uleb128 0x17
 1252 0151 11       		.uleb128 0x11
 1253 0152 01       		.uleb128 0x1
 1254 0153 10       		.uleb128 0x10
ARM GAS  C:\Users\DEVELO~1\AppData\Local\Temp\ccnjsgLn.s 			page 23


 1255 0154 17       		.uleb128 0x17
 1256 0155 00       		.byte	0
 1257 0156 00       		.byte	0
 1258 0157 17       		.uleb128 0x17
 1259 0158 24       		.uleb128 0x24
 1260 0159 00       		.byte	0
 1261 015a 0B       		.uleb128 0xb
 1262 015b 0B       		.uleb128 0xb
 1263 015c 3E       		.uleb128 0x3e
 1264 015d 0B       		.uleb128 0xb
 1265 015e 03       		.uleb128 0x3
 1266 015f 08       		.uleb128 0x8
 1267 0160 00       		.byte	0
 1268 0161 00       		.byte	0
 1269 0162 18       		.uleb128 0x18
 1270 0163 35       		.uleb128 0x35
 1271 0164 00       		.byte	0
 1272 0165 49       		.uleb128 0x49
 1273 0166 13       		.uleb128 0x13
 1274 0167 00       		.byte	0
 1275 0168 00       		.byte	0
 1276 0169 19       		.uleb128 0x19
 1277 016a 13       		.uleb128 0x13
 1278 016b 01       		.byte	0x1
 1279 016c 03       		.uleb128 0x3
 1280 016d 0E       		.uleb128 0xe
 1281 016e 0B       		.uleb128 0xb
 1282 016f 0B       		.uleb128 0xb
 1283 0170 3A       		.uleb128 0x3a
 1284 0171 0B       		.uleb128 0xb
 1285 0172 3B       		.uleb128 0x3b
 1286 0173 05       		.uleb128 0x5
 1287 0174 39       		.uleb128 0x39
 1288 0175 0B       		.uleb128 0xb
 1289 0176 01       		.uleb128 0x1
 1290 0177 13       		.uleb128 0x13
 1291 0178 00       		.byte	0
 1292 0179 00       		.byte	0
 1293 017a 1A       		.uleb128 0x1a
 1294 017b 04       		.uleb128 0x4
 1295 017c 01       		.byte	0x1
 1296 017d 3E       		.uleb128 0x3e
 1297 017e 0B       		.uleb128 0xb
 1298 017f 0B       		.uleb128 0xb
 1299 0180 0B       		.uleb128 0xb
 1300 0181 49       		.uleb128 0x49
 1301 0182 13       		.uleb128 0x13
 1302 0183 3A       		.uleb128 0x3a
 1303 0184 0B       		.uleb128 0xb
 1304 0185 3B       		.uleb128 0x3b
 1305 0186 05       		.uleb128 0x5
 1306 0187 39       		.uleb128 0x39
 1307 0188 0B       		.uleb128 0xb
 1308 0189 01       		.uleb128 0x1
 1309 018a 13       		.uleb128 0x13
 1310 018b 00       		.byte	0
 1311 018c 00       		.byte	0
ARM GAS  C:\Users\DEVELO~1\AppData\Local\Temp\ccnjsgLn.s 			page 24


 1312 018d 1B       		.uleb128 0x1b
 1313 018e 34       		.uleb128 0x34
 1314 018f 00       		.byte	0
 1315 0190 03       		.uleb128 0x3
 1316 0191 0E       		.uleb128 0xe
 1317 0192 3A       		.uleb128 0x3a
 1318 0193 0B       		.uleb128 0xb
 1319 0194 3B       		.uleb128 0x3b
 1320 0195 05       		.uleb128 0x5
 1321 0196 39       		.uleb128 0x39
 1322 0197 0B       		.uleb128 0xb
 1323 0198 49       		.uleb128 0x49
 1324 0199 13       		.uleb128 0x13
 1325 019a 3F       		.uleb128 0x3f
 1326 019b 19       		.uleb128 0x19
 1327 019c 3C       		.uleb128 0x3c
 1328 019d 19       		.uleb128 0x19
 1329 019e 00       		.byte	0
 1330 019f 00       		.byte	0
 1331 01a0 1C       		.uleb128 0x1c
 1332 01a1 04       		.uleb128 0x4
 1333 01a2 01       		.byte	0x1
 1334 01a3 3E       		.uleb128 0x3e
 1335 01a4 0B       		.uleb128 0xb
 1336 01a5 0B       		.uleb128 0xb
 1337 01a6 0B       		.uleb128 0xb
 1338 01a7 49       		.uleb128 0x49
 1339 01a8 13       		.uleb128 0x13
 1340 01a9 3A       		.uleb128 0x3a
 1341 01aa 0B       		.uleb128 0xb
 1342 01ab 3B       		.uleb128 0x3b
 1343 01ac 0B       		.uleb128 0xb
 1344 01ad 39       		.uleb128 0x39
 1345 01ae 0B       		.uleb128 0xb
 1346 01af 01       		.uleb128 0x1
 1347 01b0 13       		.uleb128 0x13
 1348 01b1 00       		.byte	0
 1349 01b2 00       		.byte	0
 1350 01b3 1D       		.uleb128 0x1d
 1351 01b4 13       		.uleb128 0x13
 1352 01b5 01       		.byte	0x1
 1353 01b6 03       		.uleb128 0x3
 1354 01b7 0E       		.uleb128 0xe
 1355 01b8 0B       		.uleb128 0xb
 1356 01b9 0B       		.uleb128 0xb
 1357 01ba 3A       		.uleb128 0x3a
 1358 01bb 0B       		.uleb128 0xb
 1359 01bc 3B       		.uleb128 0x3b
 1360 01bd 0B       		.uleb128 0xb
 1361 01be 39       		.uleb128 0x39
 1362 01bf 0B       		.uleb128 0xb
 1363 01c0 01       		.uleb128 0x1
 1364 01c1 13       		.uleb128 0x13
 1365 01c2 00       		.byte	0
 1366 01c3 00       		.byte	0
 1367 01c4 1E       		.uleb128 0x1e
 1368 01c5 34       		.uleb128 0x34
ARM GAS  C:\Users\DEVELO~1\AppData\Local\Temp\ccnjsgLn.s 			page 25


 1369 01c6 00       		.byte	0
 1370 01c7 03       		.uleb128 0x3
 1371 01c8 0E       		.uleb128 0xe
 1372 01c9 3A       		.uleb128 0x3a
 1373 01ca 0B       		.uleb128 0xb
 1374 01cb 3B       		.uleb128 0x3b
 1375 01cc 0B       		.uleb128 0xb
 1376 01cd 39       		.uleb128 0x39
 1377 01ce 0B       		.uleb128 0xb
 1378 01cf 49       		.uleb128 0x49
 1379 01d0 13       		.uleb128 0x13
 1380 01d1 3F       		.uleb128 0x3f
 1381 01d2 19       		.uleb128 0x19
 1382 01d3 3C       		.uleb128 0x3c
 1383 01d4 19       		.uleb128 0x19
 1384 01d5 00       		.byte	0
 1385 01d6 00       		.byte	0
 1386 01d7 1F       		.uleb128 0x1f
 1387 01d8 2E       		.uleb128 0x2e
 1388 01d9 01       		.byte	0x1
 1389 01da 3F       		.uleb128 0x3f
 1390 01db 19       		.uleb128 0x19
 1391 01dc 03       		.uleb128 0x3
 1392 01dd 0E       		.uleb128 0xe
 1393 01de 3A       		.uleb128 0x3a
 1394 01df 0B       		.uleb128 0xb
 1395 01e0 3B       		.uleb128 0x3b
 1396 01e1 05       		.uleb128 0x5
 1397 01e2 39       		.uleb128 0x39
 1398 01e3 0B       		.uleb128 0xb
 1399 01e4 27       		.uleb128 0x27
 1400 01e5 19       		.uleb128 0x19
 1401 01e6 3C       		.uleb128 0x3c
 1402 01e7 19       		.uleb128 0x19
 1403 01e8 01       		.uleb128 0x1
 1404 01e9 13       		.uleb128 0x13
 1405 01ea 00       		.byte	0
 1406 01eb 00       		.byte	0
 1407 01ec 20       		.uleb128 0x20
 1408 01ed 2E       		.uleb128 0x2e
 1409 01ee 00       		.byte	0
 1410 01ef 3F       		.uleb128 0x3f
 1411 01f0 19       		.uleb128 0x19
 1412 01f1 03       		.uleb128 0x3
 1413 01f2 0E       		.uleb128 0xe
 1414 01f3 3A       		.uleb128 0x3a
 1415 01f4 0B       		.uleb128 0xb
 1416 01f5 3B       		.uleb128 0x3b
 1417 01f6 05       		.uleb128 0x5
 1418 01f7 39       		.uleb128 0x39
 1419 01f8 0B       		.uleb128 0xb
 1420 01f9 27       		.uleb128 0x27
 1421 01fa 19       		.uleb128 0x19
 1422 01fb 3C       		.uleb128 0x3c
 1423 01fc 19       		.uleb128 0x19
 1424 01fd 00       		.byte	0
 1425 01fe 00       		.byte	0
ARM GAS  C:\Users\DEVELO~1\AppData\Local\Temp\ccnjsgLn.s 			page 26


 1426 01ff 21       		.uleb128 0x21
 1427 0200 2E       		.uleb128 0x2e
 1428 0201 01       		.byte	0x1
 1429 0202 3F       		.uleb128 0x3f
 1430 0203 19       		.uleb128 0x19
 1431 0204 03       		.uleb128 0x3
 1432 0205 0E       		.uleb128 0xe
 1433 0206 3A       		.uleb128 0x3a
 1434 0207 0B       		.uleb128 0xb
 1435 0208 3B       		.uleb128 0x3b
 1436 0209 0B       		.uleb128 0xb
 1437 020a 39       		.uleb128 0x39
 1438 020b 0B       		.uleb128 0xb
 1439 020c 27       		.uleb128 0x27
 1440 020d 19       		.uleb128 0x19
 1441 020e 11       		.uleb128 0x11
 1442 020f 01       		.uleb128 0x1
 1443 0210 12       		.uleb128 0x12
 1444 0211 06       		.uleb128 0x6
 1445 0212 40       		.uleb128 0x40
 1446 0213 18       		.uleb128 0x18
 1447 0214 7A       		.uleb128 0x7a
 1448 0215 19       		.uleb128 0x19
 1449 0216 01       		.uleb128 0x1
 1450 0217 13       		.uleb128 0x13
 1451 0218 00       		.byte	0
 1452 0219 00       		.byte	0
 1453 021a 22       		.uleb128 0x22
 1454 021b 2E       		.uleb128 0x2e
 1455 021c 00       		.byte	0
 1456 021d 3F       		.uleb128 0x3f
 1457 021e 19       		.uleb128 0x19
 1458 021f 03       		.uleb128 0x3
 1459 0220 0E       		.uleb128 0xe
 1460 0221 3A       		.uleb128 0x3a
 1461 0222 0B       		.uleb128 0xb
 1462 0223 3B       		.uleb128 0x3b
 1463 0224 0B       		.uleb128 0xb
 1464 0225 39       		.uleb128 0x39
 1465 0226 0B       		.uleb128 0xb
 1466 0227 27       		.uleb128 0x27
 1467 0228 19       		.uleb128 0x19
 1468 0229 11       		.uleb128 0x11
 1469 022a 01       		.uleb128 0x1
 1470 022b 12       		.uleb128 0x12
 1471 022c 06       		.uleb128 0x6
 1472 022d 40       		.uleb128 0x40
 1473 022e 18       		.uleb128 0x18
 1474 022f 7C       		.uleb128 0x7c
 1475 0230 19       		.uleb128 0x19
 1476 0231 00       		.byte	0
 1477 0232 00       		.byte	0
 1478 0233 23       		.uleb128 0x23
 1479 0234 2E       		.uleb128 0x2e
 1480 0235 01       		.byte	0x1
 1481 0236 03       		.uleb128 0x3
 1482 0237 0E       		.uleb128 0xe
ARM GAS  C:\Users\DEVELO~1\AppData\Local\Temp\ccnjsgLn.s 			page 27


 1483 0238 3A       		.uleb128 0x3a
 1484 0239 0B       		.uleb128 0xb
 1485 023a 3B       		.uleb128 0x3b
 1486 023b 05       		.uleb128 0x5
 1487 023c 39       		.uleb128 0x39
 1488 023d 0B       		.uleb128 0xb
 1489 023e 27       		.uleb128 0x27
 1490 023f 19       		.uleb128 0x19
 1491 0240 20       		.uleb128 0x20
 1492 0241 0B       		.uleb128 0xb
 1493 0242 00       		.byte	0
 1494 0243 00       		.byte	0
 1495 0244 24       		.uleb128 0x24
 1496 0245 05       		.uleb128 0x5
 1497 0246 00       		.byte	0
 1498 0247 03       		.uleb128 0x3
 1499 0248 0E       		.uleb128 0xe
 1500 0249 3A       		.uleb128 0x3a
 1501 024a 0B       		.uleb128 0xb
 1502 024b 3B       		.uleb128 0x3b
 1503 024c 05       		.uleb128 0x5
 1504 024d 39       		.uleb128 0x39
 1505 024e 0B       		.uleb128 0xb
 1506 024f 49       		.uleb128 0x49
 1507 0250 13       		.uleb128 0x13
 1508 0251 00       		.byte	0
 1509 0252 00       		.byte	0
 1510 0253 00       		.byte	0
 1511              		.section	.debug_aranges,"",%progbits
 1512 0000 54000000 		.4byte	0x54
 1513 0004 0200     		.2byte	0x2
 1514 0006 00000000 		.4byte	.Ldebug_info0
 1515 000a 04       		.byte	0x4
 1516 000b 00       		.byte	0
 1517 000c 0000     		.2byte	0
 1518 000e 0000     		.2byte	0
 1519 0010 00000000 		.4byte	.LFB202
 1520 0014 1E000000 		.4byte	.LFE202-.LFB202
 1521 0018 00000000 		.4byte	.LFB203
 1522 001c 1E000000 		.4byte	.LFE203-.LFB203
 1523 0020 00000000 		.4byte	.LFB350
 1524 0024 0C000000 		.4byte	.LFE350-.LFB350
 1525 0028 00000000 		.4byte	.LFB351
 1526 002c 0C000000 		.4byte	.LFE351-.LFB351
 1527 0030 00000000 		.4byte	.LFB432
 1528 0034 18000000 		.4byte	.LFE432-.LFB432
 1529 0038 00000000 		.4byte	.LFB433
 1530 003c 24000000 		.4byte	.LFE433-.LFB433
 1531 0040 00000000 		.4byte	.LFB434
 1532 0044 3C000000 		.4byte	.LFE434-.LFB434
 1533 0048 00000000 		.4byte	.LFB435
 1534 004c 24000000 		.4byte	.LFE435-.LFB435
 1535 0050 00000000 		.4byte	0
 1536 0054 00000000 		.4byte	0
 1537              		.section	.debug_rnglists,"",%progbits
 1538              	.Ldebug_ranges0:
 1539 0000 39000000 		.4byte	.Ldebug_ranges3-.Ldebug_ranges2
ARM GAS  C:\Users\DEVELO~1\AppData\Local\Temp\ccnjsgLn.s 			page 28


 1540              	.Ldebug_ranges2:
 1541 0004 0500     		.2byte	0x5
 1542 0006 04       		.byte	0x4
 1543 0007 00       		.byte	0
 1544 0008 00000000 		.4byte	0
 1545              	.LLRL0:
 1546 000c 07       		.byte	0x7
 1547 000d 00000000 		.4byte	.LFB202
 1548 0011 1E       		.uleb128 .LFE202-.LFB202
 1549 0012 07       		.byte	0x7
 1550 0013 00000000 		.4byte	.LFB203
 1551 0017 1E       		.uleb128 .LFE203-.LFB203
 1552 0018 07       		.byte	0x7
 1553 0019 00000000 		.4byte	.LFB350
 1554 001d 0C       		.uleb128 .LFE350-.LFB350
 1555 001e 07       		.byte	0x7
 1556 001f 00000000 		.4byte	.LFB351
 1557 0023 0C       		.uleb128 .LFE351-.LFB351
 1558 0024 07       		.byte	0x7
 1559 0025 00000000 		.4byte	.LFB432
 1560 0029 18       		.uleb128 .LFE432-.LFB432
 1561 002a 07       		.byte	0x7
 1562 002b 00000000 		.4byte	.LFB433
 1563 002f 24       		.uleb128 .LFE433-.LFB433
 1564 0030 07       		.byte	0x7
 1565 0031 00000000 		.4byte	.LFB434
 1566 0035 3C       		.uleb128 .LFE434-.LFB434
 1567 0036 07       		.byte	0x7
 1568 0037 00000000 		.4byte	.LFB435
 1569 003b 24       		.uleb128 .LFE435-.LFB435
 1570 003c 00       		.byte	0
 1571              	.Ldebug_ranges3:
 1572              		.section	.debug_line,"",%progbits
 1573              	.Ldebug_line0:
 1574 0000 93030000 		.section	.debug_str,"MS",%progbits,1
 1574      03008202 
 1574      00000201 
 1574      FB0E0D00 
 1574      01010101 
 1575              	.LASF37:
 1576 0000 73647274 		.ascii	"sdrtr\000"
 1576      7200
 1577              	.LASF19:
 1578 0006 53445254 		.ascii	"SDRTR\000"
 1578      5200
 1579              	.LASF42:
 1580 000c 73647261 		.ascii	"sdram_lld_start\000"
 1580      6D5F6C6C 
 1580      645F7374 
 1580      61727400 
 1581              	.LASF56:
 1582 001c 474E5520 		.ascii	"GNU C17 11.3.1 20220712 -mcpu=cortex-m7 -mthumb -mf"
 1582      43313720 
 1582      31312E33 
 1582      2E312032 
 1582      30323230 
 1583 004f 6C6F6174 		.ascii	"loat-abi=soft -march=armv7e-m -ggdb -O0 -ffunction-"
ARM GAS  C:\Users\DEVELO~1\AppData\Local\Temp\ccnjsgLn.s 			page 29


 1583      2D616269 
 1583      3D736F66 
 1583      74202D6D 
 1583      61726368 
 1584 0082 73656374 		.ascii	"sections -fdata-sections -fno-common\000"
 1584      696F6E73 
 1584      202D6664 
 1584      6174612D 
 1584      73656374 
 1585              	.LASF23:
 1586 00a7 73746174 		.ascii	"state\000"
 1586      6500
 1587              	.LASF5:
 1588 00ad 73686F72 		.ascii	"short int\000"
 1588      7420696E 
 1588      7400
 1589              	.LASF32:
 1590 00b7 73647261 		.ascii	"sdramstate_t\000"
 1590      6D737461 
 1590      74655F74 
 1590      00
 1591              	.LASF14:
 1592 00c4 53444352 		.ascii	"SDCR1\000"
 1592      3100
 1593              	.LASF15:
 1594 00ca 53444352 		.ascii	"SDCR2\000"
 1594      3200
 1595              	.LASF50:
 1596 00d0 6F73616C 		.ascii	"osalSysUnlock\000"
 1596      53797355 
 1596      6E6C6F63 
 1596      6B00
 1597              	.LASF17:
 1598 00de 53445452 		.ascii	"SDTR2\000"
 1598      3200
 1599              	.LASF38:
 1600 00e4 53445241 		.ascii	"SDRAMConfig\000"
 1600      4D436F6E 
 1600      66696700 
 1601              	.LASF55:
 1602 00f0 706F7274 		.ascii	"port_lock\000"
 1602      5F6C6F63 
 1602      6B00
 1603              	.LASF53:
 1604 00fa 63685379 		.ascii	"chSysLock\000"
 1604      734C6F63 
 1604      6B00
 1605              	.LASF47:
 1606 0104 636F6E66 		.ascii	"config\000"
 1606      696700
 1607              	.LASF60:
 1608 010b 73647261 		.ascii	"sdramInit\000"
 1608      6D496E69 
 1608      7400
 1609              	.LASF34:
 1610 0115 73646372 		.ascii	"sdcr\000"
 1610      00
ARM GAS  C:\Users\DEVELO~1\AppData\Local\Temp\ccnjsgLn.s 			page 30


 1611              	.LASF2:
 1612 011a 6C6F6E67 		.ascii	"long double\000"
 1612      20646F75 
 1612      626C6500 
 1613              	.LASF1:
 1614 0126 6C6F6E67 		.ascii	"long long int\000"
 1614      206C6F6E 
 1614      6720696E 
 1614      7400
 1615              	.LASF57:
 1616 0134 2E2E2F2E 		.ascii	"../../../ChibiOS-Contrib-chibios-21.11.x/os/hal/src"
 1616      2E2F2E2E 
 1616      2F436869 
 1616      62694F53 
 1616      2D436F6E 
 1617 0167 2F68616C 		.ascii	"/hal_sdram.c\000"
 1617      5F736472 
 1617      616D2E63 
 1617      00
 1618              	.LASF7:
 1619 0174 6C6F6E67 		.ascii	"long int\000"
 1619      20696E74 
 1619      00
 1620              	.LASF29:
 1621 017d 53445241 		.ascii	"SDRAM_UNINIT\000"
 1621      4D5F554E 
 1621      494E4954 
 1621      00
 1622              	.LASF49:
 1623 018a 73647261 		.ascii	"sdramObjectInit\000"
 1623      6D4F626A 
 1623      65637449 
 1623      6E697400 
 1624              	.LASF46:
 1625 019a 73647261 		.ascii	"sdramp\000"
 1625      6D7000
 1626              	.LASF51:
 1627 01a1 6F73616C 		.ascii	"osalSysLock\000"
 1627      5379734C 
 1627      6F636B00 
 1628              	.LASF4:
 1629 01ad 756E7369 		.ascii	"unsigned char\000"
 1629      676E6564 
 1629      20636861 
 1629      7200
 1630              	.LASF48:
 1631 01bb 5F5F6675 		.ascii	"__func__\000"
 1631      6E635F5F 
 1631      00
 1632              	.LASF3:
 1633 01c4 7369676E 		.ascii	"signed char\000"
 1633      65642063 
 1633      68617200 
 1634              	.LASF9:
 1635 01d0 6C6F6E67 		.ascii	"long long unsigned int\000"
 1635      206C6F6E 
 1635      6720756E 
ARM GAS  C:\Users\DEVELO~1\AppData\Local\Temp\ccnjsgLn.s 			page 31


 1635      7369676E 
 1635      65642069 
 1636              	.LASF11:
 1637 01e7 75696E74 		.ascii	"uint32_t\000"
 1637      33325F74 
 1637      00
 1638              	.LASF41:
 1639 01f0 73647261 		.ascii	"sdram_lld_stop\000"
 1639      6D5F6C6C 
 1639      645F7374 
 1639      6F7000
 1640              	.LASF25:
 1641 01ff 46534D43 		.ascii	"FSMC_UNINIT\000"
 1641      5F554E49 
 1641      4E495400 
 1642              	.LASF6:
 1643 020b 73686F72 		.ascii	"short unsigned int\000"
 1643      7420756E 
 1643      7369676E 
 1643      65642069 
 1643      6E7400
 1644              	.LASF62:
 1645 021e 62617365 		.ascii	"basePri\000"
 1645      50726900 
 1646              	.LASF27:
 1647 0226 46534D43 		.ascii	"FSMC_READY\000"
 1647      5F524541 
 1647      445900
 1648              	.LASF22:
 1649 0231 46534D43 		.ascii	"FSMCDriver\000"
 1649      44726976 
 1649      657200
 1650              	.LASF12:
 1651 023c 63686172 		.ascii	"char\000"
 1651      00
 1652              	.LASF13:
 1653 0241 5F426F6F 		.ascii	"_Bool\000"
 1653      6C00
 1654              	.LASF54:
 1655 0247 706F7274 		.ascii	"port_unlock\000"
 1655      5F756E6C 
 1655      6F636B00 
 1656              	.LASF44:
 1657 0253 73647261 		.ascii	"sdramStop\000"
 1657      6D53746F 
 1657      7000
 1658              	.LASF16:
 1659 025d 53445452 		.ascii	"SDTR1\000"
 1659      3100
 1660              	.LASF28:
 1661 0263 66736D63 		.ascii	"fsmcstate_t\000"
 1661      73746174 
 1661      655F7400 
 1662              	.LASF8:
 1663 026f 6C6F6E67 		.ascii	"long unsigned int\000"
 1663      20756E73 
 1663      69676E65 
ARM GAS  C:\Users\DEVELO~1\AppData\Local\Temp\ccnjsgLn.s 			page 32


 1663      6420696E 
 1663      7400
 1664              	.LASF59:
 1665 0281 66736D63 		.ascii	"fsmcInit\000"
 1665      496E6974 
 1665      00
 1666              	.LASF20:
 1667 028a 53445352 		.ascii	"SDSR\000"
 1667      00
 1668              	.LASF10:
 1669 028f 5F5F7569 		.ascii	"__uint32_t\000"
 1669      6E743332 
 1669      5F7400
 1670              	.LASF52:
 1671 029a 63685379 		.ascii	"chSysUnlock\000"
 1671      73556E6C 
 1671      6F636B00 
 1672              	.LASF26:
 1673 02a6 46534D43 		.ascii	"FSMC_STOP\000"
 1673      5F53544F 
 1673      5000
 1674              	.LASF35:
 1675 02b0 73647472 		.ascii	"sdtr\000"
 1675      00
 1676              	.LASF43:
 1677 02b5 66736D63 		.ascii	"fsmcStart\000"
 1677      53746172 
 1677      7400
 1678              	.LASF40:
 1679 02bf 53445241 		.ascii	"SDRAMD1\000"
 1679      4D443100 
 1680              	.LASF58:
 1681 02c7 433A5C50 		.ascii	"C:\\PROJET\\ChibiOS project\\ChibiOS_21.11.4\\demos"
 1681      524F4A45 
 1681      545C4368 
 1681      6962694F 
 1681      53207072 
 1682 02f6 5C53544D 		.ascii	"\\STM32\\RT-STM32H743ZI_REV_XY-NUCLEO144_Quartz8M\000"
 1682      33325C52 
 1682      542D5354 
 1682      4D333248 
 1682      3734335A 
 1683              	.LASF36:
 1684 0326 7364636D 		.ascii	"sdcmr\000"
 1684      7200
 1685              	.LASF18:
 1686 032c 5344434D 		.ascii	"SDCMR\000"
 1686      5200
 1687              	.LASF61:
 1688 0332 5F5F7365 		.ascii	"__set_BASEPRI\000"
 1688      745F4241 
 1688      53455052 
 1688      4900
 1689              	.LASF45:
 1690 0340 73647261 		.ascii	"sdramStart\000"
 1690      6D537461 
 1690      727400
ARM GAS  C:\Users\DEVELO~1\AppData\Local\Temp\ccnjsgLn.s 			page 33


 1691              	.LASF21:
 1692 034b 46534D43 		.ascii	"FSMC_SDRAM_TypeDef\000"
 1692      5F534452 
 1692      414D5F54 
 1692      79706544 
 1692      656600
 1693              	.LASF24:
 1694 035e 73647261 		.ascii	"sdram\000"
 1694      6D00
 1695              	.LASF0:
 1696 0364 756E7369 		.ascii	"unsigned int\000"
 1696      676E6564 
 1696      20696E74 
 1696      00
 1697              	.LASF30:
 1698 0371 53445241 		.ascii	"SDRAM_STOP\000"
 1698      4D5F5354 
 1698      4F5000
 1699              	.LASF31:
 1700 037c 53445241 		.ascii	"SDRAM_READY\000"
 1700      4D5F5245 
 1700      41445900 
 1701              	.LASF33:
 1702 0388 53445241 		.ascii	"SDRAMDriver\000"
 1702      4D447269 
 1702      76657200 
 1703              	.LASF39:
 1704 0394 46534D43 		.ascii	"FSMCD1\000"
 1704      443100
 1705              		.ident	"GCC: (Arm GNU Toolchain 11.3.Rel1) 11.3.1 20220712"
ARM GAS  C:\Users\DEVELO~1\AppData\Local\Temp\ccnjsgLn.s 			page 34


DEFINED SYMBOLS
                            *ABS*:00000000 hal_sdram.c
C:\Users\DEVELO~1\AppData\Local\Temp\ccnjsgLn.s:18     .text.chSysLock:00000000 $t
C:\Users\DEVELO~1\AppData\Local\Temp\ccnjsgLn.s:23     .text.chSysLock:00000000 chSysLock
C:\Users\DEVELO~1\AppData\Local\Temp\ccnjsgLn.s:77     .text.chSysUnlock:00000000 $t
C:\Users\DEVELO~1\AppData\Local\Temp\ccnjsgLn.s:82     .text.chSysUnlock:00000000 chSysUnlock
C:\Users\DEVELO~1\AppData\Local\Temp\ccnjsgLn.s:133    .text.osalSysLock:00000000 $t
C:\Users\DEVELO~1\AppData\Local\Temp\ccnjsgLn.s:138    .text.osalSysLock:00000000 osalSysLock
C:\Users\DEVELO~1\AppData\Local\Temp\ccnjsgLn.s:160    .text.osalSysUnlock:00000000 $t
C:\Users\DEVELO~1\AppData\Local\Temp\ccnjsgLn.s:165    .text.osalSysUnlock:00000000 osalSysUnlock
C:\Users\DEVELO~1\AppData\Local\Temp\ccnjsgLn.s:186    .text.sdramInit:00000000 $t
C:\Users\DEVELO~1\AppData\Local\Temp\ccnjsgLn.s:192    .text.sdramInit:00000000 sdramInit
C:\Users\DEVELO~1\AppData\Local\Temp\ccnjsgLn.s:227    .text.sdramObjectInit:00000000 sdramObjectInit
C:\Users\DEVELO~1\AppData\Local\Temp\ccnjsgLn.s:216    .text.sdramInit:00000014 $d
C:\Users\DEVELO~1\AppData\Local\Temp\ccnjsgLn.s:221    .text.sdramObjectInit:00000000 $t
C:\Users\DEVELO~1\AppData\Local\Temp\ccnjsgLn.s:266    .text.sdramObjectInit:00000020 $d
C:\Users\DEVELO~1\AppData\Local\Temp\ccnjsgLn.s:271    .text.sdramStart:00000000 $t
C:\Users\DEVELO~1\AppData\Local\Temp\ccnjsgLn.s:277    .text.sdramStart:00000000 sdramStart
C:\Users\DEVELO~1\AppData\Local\Temp\ccnjsgLn.s:326    .text.sdramStart:00000038 $d
C:\Users\DEVELO~1\AppData\Local\Temp\ccnjsgLn.s:331    .text.sdramStop:00000000 $t
C:\Users\DEVELO~1\AppData\Local\Temp\ccnjsgLn.s:337    .text.sdramStop:00000000 sdramStop

UNDEFINED SYMBOLS
fsmcInit
SDRAMD1
FSMCD1
fsmcStart
sdram_lld_start
sdram_lld_stop
