ARM GAS  C:\Users\DEVELO~1\AppData\Local\Temp\ccYxf25s.s 			page 1


   1              		.cpu cortex-m7
   2              		.arch armv7e-m
   3              		.fpu softvfp
   4              		.eabi_attribute 20, 1
   5              		.eabi_attribute 21, 1
   6              		.eabi_attribute 23, 3
   7              		.eabi_attribute 24, 1
   8              		.eabi_attribute 25, 1
   9              		.eabi_attribute 26, 1
  10              		.eabi_attribute 30, 6
  11              		.eabi_attribute 34, 1
  12              		.eabi_attribute 18, 4
  13              		.file	"main.c"
  14              		.text
  15              	.Ltext0:
  16              		.cfi_sections	.debug_frame
  17              		.section	.text.adc_lowlevel_init,"ax",%progbits
  18              		.align	1
  19              		.syntax unified
  20              		.thumb
  21              		.thumb_func
  22              		.type	adc_lowlevel_init, %function
  23              	adc_lowlevel_init:
  24              	.LFB435:
  25              		.file 1 "main.c"
  26              		.loc 1 9 37
  27              		.cfi_startproc
  28              		@ args = 0, pretend = 0, frame = 0
  29              		@ frame_needed = 1, uses_anonymous_args = 0
  30 0000 80B5     		push	{r7, lr}
  31              		.cfi_def_cfa_offset 8
  32              		.cfi_offset 7, -8
  33              		.cfi_offset 14, -4
  34 0002 00AF     		add	r7, sp, #0
  35              		.cfi_def_cfa_register 7
  36              		.loc 1 11 16
  37 0004 254B     		ldr	r3, .L4
  38 0006 D3F8D830 		ldr	r3, [r3, #216]
  39 000a 244A     		ldr	r2, .L4
  40 000c 43F02003 		orr	r3, r3, #32
  41 0010 C2F8D830 		str	r3, [r2, #216]
  42              	.LBB4:
  43              	.LBB5:
  44              		.file 2 "../../../os/common/ext/ARM/CMSIS/Core/Include/cmsis_gcc.h"
  45              		.loc 2 879 3
  46              		.syntax unified
  47              	@ 879 "../../../os/common/ext/ARM/CMSIS/Core/Include/cmsis_gcc.h" 1
  48 0014 BFF34F8F 		dsb 0xF
  49              	@ 0 "" 2
  50              		.loc 2 880 1
  51              		.thumb
  52              		.syntax unified
  53 0018 00BF     		nop
  54              	.LBE5:
  55              	.LBE4:
  56              		.loc 1 15 12
  57 001a 214B     		ldr	r3, .L4+4
ARM GAS  C:\Users\DEVELO~1\AppData\Local\Temp\ccYxf25s.s 			page 2


  58 001c 9B68     		ldr	r3, [r3, #8]
  59 001e 204A     		ldr	r2, .L4+4
  60 0020 23F00053 		bic	r3, r3, #536870912
  61 0024 9360     		str	r3, [r2, #8]
  62              		.loc 1 16 12
  63 0026 1E4B     		ldr	r3, .L4+4
  64 0028 9B68     		ldr	r3, [r3, #8]
  65 002a 1D4A     		ldr	r2, .L4+4
  66 002c 43F08053 		orr	r3, r3, #268435456
  67 0030 9360     		str	r3, [r2, #8]
  68              		.loc 1 17 3
  69 0032 0A20     		movs	r0, #10
  70 0034 FFF7FEFF 		bl	chThdSleep
  71              		.loc 1 20 12
  72 0038 194B     		ldr	r3, .L4+4
  73 003a 9B68     		ldr	r3, [r3, #8]
  74 003c 184A     		ldr	r2, .L4+4
  75 003e 23F00103 		bic	r3, r3, #1
  76 0042 9360     		str	r3, [r2, #8]
  77              		.loc 1 21 12
  78 0044 164B     		ldr	r3, .L4+4
  79 0046 9B68     		ldr	r3, [r3, #8]
  80 0048 154A     		ldr	r2, .L4+4
  81 004a 43F00043 		orr	r3, r3, #-2147483648
  82 004e 9360     		str	r3, [r2, #8]
  83              		.loc 1 22 9
  84 0050 00BF     		nop
  85              	.L2:
  86              		.loc 1 22 14 discriminator 1
  87 0052 134B     		ldr	r3, .L4+4
  88 0054 9B68     		ldr	r3, [r3, #8]
  89              		.loc 1 22 10 discriminator 1
  90 0056 002B     		cmp	r3, #0
  91 0058 FBDB     		blt	.L2
  92              		.loc 1 25 7
  93 005a 114B     		ldr	r3, .L4+4
  94              		.loc 1 25 14
  95 005c 0022     		movs	r2, #0
  96 005e DA60     		str	r2, [r3, #12]
  97              		.loc 1 26 7
  98 0060 0F4B     		ldr	r3, .L4+4
  99              		.loc 1 26 15
 100 0062 4FF4C042 		mov	r2, #24576
 101 0066 5A61     		str	r2, [r3, #20]
 102              		.loc 1 27 7
 103 0068 0D4B     		ldr	r3, .L4+4
 104              		.loc 1 27 14
 105 006a 4FF48072 		mov	r2, #256
 106 006e 1A63     		str	r2, [r3, #48]
 107              		.loc 1 30 13
 108 0070 0B4B     		ldr	r3, .L4+4
 109 0072 1B68     		ldr	r3, [r3]
 110 0074 0A4A     		ldr	r2, .L4+4
 111 0076 43F00103 		orr	r3, r3, #1
 112 007a 1360     		str	r3, [r2]
 113              		.loc 1 31 12
 114 007c 084B     		ldr	r3, .L4+4
ARM GAS  C:\Users\DEVELO~1\AppData\Local\Temp\ccYxf25s.s 			page 3


 115 007e 9B68     		ldr	r3, [r3, #8]
 116 0080 074A     		ldr	r2, .L4+4
 117 0082 43F00103 		orr	r3, r3, #1
 118 0086 9360     		str	r3, [r2, #8]
 119              		.loc 1 32 9
 120 0088 00BF     		nop
 121              	.L3:
 122              		.loc 1 32 16 discriminator 1
 123 008a 054B     		ldr	r3, .L4+4
 124 008c 1B68     		ldr	r3, [r3]
 125              		.loc 1 32 22 discriminator 1
 126 008e 03F00103 		and	r3, r3, #1
 127              		.loc 1 32 10 discriminator 1
 128 0092 002B     		cmp	r3, #0
 129 0094 F9D0     		beq	.L3
 130              		.loc 1 33 1
 131 0096 00BF     		nop
 132 0098 00BF     		nop
 133 009a 80BD     		pop	{r7, pc}
 134              	.L5:
 135              		.align	2
 136              	.L4:
 137 009c 00440258 		.word	1476543488
 138 00a0 00200240 		.word	1073881088
 139              		.cfi_endproc
 140              	.LFE435:
 141              		.size	adc_lowlevel_init, .-adc_lowlevel_init
 142              		.section	.text.adc_read_once,"ax",%progbits
 143              		.align	1
 144              		.syntax unified
 145              		.thumb
 146              		.thumb_func
 147              		.type	adc_read_once, %function
 148              	adc_read_once:
 149              	.LFB436:
 150              		.loc 1 35 37
 151              		.cfi_startproc
 152              		@ args = 0, pretend = 0, frame = 0
 153              		@ frame_needed = 1, uses_anonymous_args = 0
 154              		@ link register save eliminated.
 155 0000 80B4     		push	{r7}
 156              		.cfi_def_cfa_offset 4
 157              		.cfi_offset 7, -4
 158 0002 00AF     		add	r7, sp, #0
 159              		.cfi_def_cfa_register 7
 160              		.loc 1 36 12
 161 0004 094B     		ldr	r3, .L9
 162 0006 9B68     		ldr	r3, [r3, #8]
 163 0008 084A     		ldr	r2, .L9
 164 000a 43F00403 		orr	r3, r3, #4
 165 000e 9360     		str	r3, [r2, #8]
 166              		.loc 1 37 9
 167 0010 00BF     		nop
 168              	.L7:
 169              		.loc 1 37 16 discriminator 1
 170 0012 064B     		ldr	r3, .L9
 171 0014 1B68     		ldr	r3, [r3]
ARM GAS  C:\Users\DEVELO~1\AppData\Local\Temp\ccYxf25s.s 			page 4


 172              		.loc 1 37 22 discriminator 1
 173 0016 03F00403 		and	r3, r3, #4
 174              		.loc 1 37 10 discriminator 1
 175 001a 002B     		cmp	r3, #0
 176 001c F9D0     		beq	.L7
 177              		.loc 1 38 14
 178 001e 034B     		ldr	r3, .L9
 179 0020 1B6C     		ldr	r3, [r3, #64]
 180 0022 9BB2     		uxth	r3, r3
 181              		.loc 1 39 1
 182 0024 1846     		mov	r0, r3
 183 0026 BD46     		mov	sp, r7
 184              		.cfi_def_cfa_register 13
 185              		@ sp needed
 186 0028 80BC     		pop	{r7}
 187              		.cfi_restore 7
 188              		.cfi_def_cfa_offset 0
 189 002a 7047     		bx	lr
 190              	.L10:
 191              		.align	2
 192              	.L9:
 193 002c 00200240 		.word	1073881088
 194              		.cfi_endproc
 195              	.LFE436:
 196              		.size	adc_read_once, .-adc_read_once
 197              		.section	.rodata
 198              		.align	2
 199              	.LC0:
 200 0000 41444320 		.ascii	"ADC PC4: %u\000"
 200      5043343A 
 200      20257500 
 201              		.section	.text.main,"ax",%progbits
 202              		.align	1
 203              		.global	main
 204              		.syntax unified
 205              		.thumb
 206              		.thumb_func
 207              		.type	main, %function
 208              	main:
 209              	.LFB437:
 210              		.loc 1 43 16
 211              		.cfi_startproc
 212              		@ args = 0, pretend = 0, frame = 40
 213              		@ frame_needed = 1, uses_anonymous_args = 0
 214 0000 80B5     		push	{r7, lr}
 215              		.cfi_def_cfa_offset 8
 216              		.cfi_offset 7, -8
 217              		.cfi_offset 14, -4
 218 0002 8AB0     		sub	sp, sp, #40
 219              		.cfi_def_cfa_offset 48
 220 0004 00AF     		add	r7, sp, #0
 221              		.cfi_def_cfa_register 7
 222              		.loc 1 44 3
 223 0006 FFF7FEFF 		bl	halInit
 224              		.loc 1 45 3
 225 000a FFF7FEFF 		bl	chSysInit
 226              		.loc 1 47 3
ARM GAS  C:\Users\DEVELO~1\AppData\Local\Temp\ccYxf25s.s 			page 5


 227 000e FFF7FEFF 		bl	drivers_init_all
 228              		.loc 1 48 3
 229 0012 FFF7FEFF 		bl	drv_display_init
 230              		.loc 1 51 3
 231 0016 0322     		movs	r2, #3
 232 0018 1021     		movs	r1, #16
 233 001a 0F48     		ldr	r0, .L13
 234 001c FFF7FEFF 		bl	_pal_lld_setgroupmode
 235              		.loc 1 53 3
 236 0020 FFF7FEFF 		bl	adc_lowlevel_init
 237              	.L12:
 238              	.LBB6:
 239              		.loc 1 58 18 discriminator 1
 240 0024 FFF7FEFF 		bl	adc_read_once
 241 0028 0346     		mov	r3, r0
 242 002a FB84     		strh	r3, [r7, #38]	@ movhi
 243              		.loc 1 60 5 discriminator 1
 244 002c FFF7FEFF 		bl	drv_display_clear
 245              		.loc 1 61 5 discriminator 1
 246 0030 FB8C     		ldrh	r3, [r7, #38]
 247 0032 381D     		adds	r0, r7, #4
 248 0034 094A     		ldr	r2, .L13+4
 249 0036 2021     		movs	r1, #32
 250 0038 FFF7FEFF 		bl	snprintf
 251              		.loc 1 62 5 discriminator 1
 252 003c 3B1D     		adds	r3, r7, #4
 253 003e 1A46     		mov	r2, r3
 254 0040 0021     		movs	r1, #0
 255 0042 0020     		movs	r0, #0
 256 0044 FFF7FEFF 		bl	drv_display_draw_text
 257              		.loc 1 63 5 discriminator 1
 258 0048 FFF7FEFF 		bl	drv_display_update
 259              		.loc 1 65 5 discriminator 1
 260 004c 4FF4FA60 		mov	r0, #2000
 261 0050 FFF7FEFF 		bl	chThdSleep
 262              	.LBE6:
 263              		.loc 1 57 16 discriminator 1
 264 0054 E6E7     		b	.L12
 265              	.L14:
 266 0056 00BF     		.align	2
 267              	.L13:
 268 0058 00080258 		.word	1476528128
 269 005c 00000000 		.word	.LC0
 270              		.cfi_endproc
 271              	.LFE437:
 272              		.size	main, .-main
 273              		.text
 274              	.Letext0:
 275              		.file 3 "c:\\chibistudio\\tools\\gnu tools arm embedded\\11.3 2022.08\\lib\\gcc\\arm-none-eabi\\11
 276              		.file 4 "c:\\chibistudio\\tools\\gnu tools arm embedded\\11.3 2022.08\\arm-none-eabi\\include\\mac
 277              		.file 5 "c:\\chibistudio\\tools\\gnu tools arm embedded\\11.3 2022.08\\arm-none-eabi\\include\\sys
 278              		.file 6 "../../../os/rt/include/chtime.h"
 279              		.file 7 "../../../os/common/ext/ST/STM32H7xx/stm32h743xx.h"
 280              		.file 8 "../../../os/hal/ports/STM32/LLD/GPIOv2/stm32_gpio.h"
 281              		.file 9 "../../../os/hal/ports/STM32/LLD/GPIOv2/hal_pal_lld.h"
 282              		.file 10 "drivers/drv_display.h"
 283              		.file 11 "drivers/drivers.h"
ARM GAS  C:\Users\DEVELO~1\AppData\Local\Temp\ccYxf25s.s 			page 6


 284              		.file 12 "../../../os/rt/include/chsys.h"
 285              		.file 13 "../../../os/hal/include/hal.h"
 286              		.file 14 "../../../os/rt/include/chthreads.h"
 287              		.file 15 "c:\\chibistudio\\tools\\gnu tools arm embedded\\11.3 2022.08\\arm-none-eabi\\include\\st
 288              		.section	.debug_info,"",%progbits
 289              	.Ldebug_info0:
 290 0000 0D090000 		.4byte	0x90d
 291 0004 0500     		.2byte	0x5
 292 0006 01       		.byte	0x1
 293 0007 04       		.byte	0x4
 294 0008 00000000 		.4byte	.Ldebug_abbrev0
 295 000c 13       		.uleb128 0x13
 296 000d 73020000 		.4byte	.LASF139
 297 0011 1D       		.byte	0x1d
 298 0012 DC040000 		.4byte	.LASF140
 299 0016 59040000 		.4byte	.LASF141
 300 001a 0C000000 		.4byte	.LLRL0
 301 001e 00000000 		.4byte	0
 302 0022 00000000 		.4byte	.Ldebug_line0
 303 0026 14       		.uleb128 0x14
 304 0027 04       		.byte	0x4
 305 0028 05       		.byte	0x5
 306 0029 696E7400 		.ascii	"int\000"
 307 002d 03       		.uleb128 0x3
 308 002e 2B000000 		.4byte	.LASF4
 309 0032 03       		.byte	0x3
 310 0033 D1       		.byte	0xd1
 311 0034 17       		.byte	0x17
 312 0035 39000000 		.4byte	0x39
 313 0039 04       		.uleb128 0x4
 314 003a 04       		.byte	0x4
 315 003b 07       		.byte	0x7
 316 003c 0F020000 		.4byte	.LASF0
 317 0040 04       		.uleb128 0x4
 318 0041 08       		.byte	0x8
 319 0042 05       		.byte	0x5
 320 0043 D9000000 		.4byte	.LASF1
 321 0047 04       		.uleb128 0x4
 322 0048 08       		.byte	0x8
 323 0049 04       		.byte	0x4
 324 004a FE040000 		.4byte	.LASF2
 325 004e 04       		.uleb128 0x4
 326 004f 01       		.byte	0x1
 327 0050 06       		.byte	0x6
 328 0051 E7000000 		.4byte	.LASF3
 329 0055 03       		.uleb128 0x3
 330 0056 72000000 		.4byte	.LASF5
 331 005a 04       		.byte	0x4
 332 005b 2B       		.byte	0x2b
 333 005c 18       		.byte	0x18
 334 005d 61000000 		.4byte	0x61
 335 0061 04       		.uleb128 0x4
 336 0062 01       		.byte	0x1
 337 0063 08       		.byte	0x8
 338 0064 41040000 		.4byte	.LASF6
 339 0068 04       		.uleb128 0x4
 340 0069 02       		.byte	0x2
ARM GAS  C:\Users\DEVELO~1\AppData\Local\Temp\ccYxf25s.s 			page 7


 341 006a 05       		.byte	0x5
 342 006b 4F040000 		.4byte	.LASF7
 343 006f 03       		.uleb128 0x3
 344 0070 0F050000 		.4byte	.LASF8
 345 0074 04       		.byte	0x4
 346 0075 39       		.byte	0x39
 347 0076 19       		.byte	0x19
 348 0077 7B000000 		.4byte	0x7b
 349 007b 04       		.uleb128 0x4
 350 007c 02       		.byte	0x2
 351 007d 07       		.byte	0x7
 352 007e 4E020000 		.4byte	.LASF9
 353 0082 04       		.uleb128 0x4
 354 0083 04       		.byte	0x4
 355 0084 05       		.byte	0x5
 356 0085 BA050000 		.4byte	.LASF10
 357 0089 03       		.uleb128 0x3
 358 008a DC010000 		.4byte	.LASF11
 359 008e 04       		.byte	0x4
 360 008f 4F       		.byte	0x4f
 361 0090 19       		.byte	0x19
 362 0091 95000000 		.4byte	0x95
 363 0095 04       		.uleb128 0x4
 364 0096 04       		.byte	0x4
 365 0097 07       		.byte	0x7
 366 0098 1C020000 		.4byte	.LASF12
 367 009c 03       		.uleb128 0x3
 368 009d B6030000 		.4byte	.LASF13
 369 00a1 04       		.byte	0x4
 370 00a2 69       		.byte	0x69
 371 00a3 19       		.byte	0x19
 372 00a4 A8000000 		.4byte	0xa8
 373 00a8 04       		.uleb128 0x4
 374 00a9 08       		.byte	0x8
 375 00aa 07       		.byte	0x7
 376 00ab A1000000 		.4byte	.LASF14
 377 00af 03       		.uleb128 0x3
 378 00b0 84050000 		.4byte	.LASF15
 379 00b4 05       		.byte	0x5
 380 00b5 18       		.byte	0x18
 381 00b6 13       		.byte	0x13
 382 00b7 55000000 		.4byte	0x55
 383 00bb 03       		.uleb128 0x3
 384 00bc 82010000 		.4byte	.LASF16
 385 00c0 05       		.byte	0x5
 386 00c1 24       		.byte	0x24
 387 00c2 14       		.byte	0x14
 388 00c3 6F000000 		.4byte	0x6f
 389 00c7 03       		.uleb128 0x3
 390 00c8 ED040000 		.4byte	.LASF17
 391 00cc 05       		.byte	0x5
 392 00cd 30       		.byte	0x30
 393 00ce 14       		.byte	0x14
 394 00cf 89000000 		.4byte	0x89
 395 00d3 0E       		.uleb128 0xe
 396 00d4 C7000000 		.4byte	0xc7
 397 00d8 03       		.uleb128 0x3
ARM GAS  C:\Users\DEVELO~1\AppData\Local\Temp\ccYxf25s.s 			page 8


 398 00d9 51000000 		.4byte	.LASF18
 399 00dd 05       		.byte	0x5
 400 00de 3C       		.byte	0x3c
 401 00df 14       		.byte	0x14
 402 00e0 9C000000 		.4byte	0x9c
 403 00e4 0A       		.uleb128 0xa
 404 00e5 F0000000 		.4byte	0xf0
 405 00e9 04       		.uleb128 0x4
 406 00ea 01       		.byte	0x1
 407 00eb 08       		.byte	0x8
 408 00ec 0A050000 		.4byte	.LASF19
 409 00f0 15       		.uleb128 0x15
 410 00f1 E9000000 		.4byte	0xe9
 411 00f5 03       		.uleb128 0x3
 412 00f6 74010000 		.4byte	.LASF20
 413 00fa 06       		.byte	0x6
 414 00fb 79       		.byte	0x79
 415 00fc 12       		.byte	0x12
 416 00fd C7000000 		.4byte	0xc7
 417 0101 03       		.uleb128 0x3
 418 0102 42020000 		.4byte	.LASF21
 419 0106 06       		.byte	0x6
 420 0107 9B       		.byte	0x9b
 421 0108 12       		.byte	0x12
 422 0109 D8000000 		.4byte	0xd8
 423 010d 0B       		.uleb128 0xb
 424 010e CC       		.byte	0xcc
 425 010f 07       		.byte	0x7
 426 0110 F3       		.byte	0xf3
 427 0111 09       		.byte	0x9
 428 0112 37030000 		.4byte	0x337
 429 0116 07       		.uleb128 0x7
 430 0117 49535200 		.ascii	"ISR\000"
 431 011b 07       		.byte	0x7
 432 011c F5       		.byte	0xf5
 433 011d 11       		.byte	0x11
 434 011e D3000000 		.4byte	0xd3
 435 0122 00       		.byte	0
 436 0123 07       		.uleb128 0x7
 437 0124 49455200 		.ascii	"IER\000"
 438 0128 07       		.byte	0x7
 439 0129 F6       		.byte	0xf6
 440 012a 11       		.byte	0x11
 441 012b D3000000 		.4byte	0xd3
 442 012f 04       		.byte	0x4
 443 0130 07       		.uleb128 0x7
 444 0131 435200   		.ascii	"CR\000"
 445 0134 07       		.byte	0x7
 446 0135 F7       		.byte	0xf7
 447 0136 11       		.byte	0x11
 448 0137 D3000000 		.4byte	0xd3
 449 013b 08       		.byte	0x8
 450 013c 02       		.uleb128 0x2
 451 013d B5050000 		.4byte	.LASF22
 452 0141 07       		.byte	0x7
 453 0142 F8       		.byte	0xf8
 454 0143 11       		.byte	0x11
ARM GAS  C:\Users\DEVELO~1\AppData\Local\Temp\ccYxf25s.s 			page 9


 455 0144 D3000000 		.4byte	0xd3
 456 0148 0C       		.byte	0xc
 457 0149 02       		.uleb128 0x2
 458 014a 7E050000 		.4byte	.LASF23
 459 014e 07       		.byte	0x7
 460 014f F9       		.byte	0xf9
 461 0150 11       		.byte	0x11
 462 0151 D3000000 		.4byte	0xd3
 463 0155 10       		.byte	0x10
 464 0156 02       		.uleb128 0x2
 465 0157 86030000 		.4byte	.LASF24
 466 015b 07       		.byte	0x7
 467 015c FA       		.byte	0xfa
 468 015d 11       		.byte	0x11
 469 015e D3000000 		.4byte	0xd3
 470 0162 14       		.byte	0x14
 471 0163 02       		.uleb128 0x2
 472 0164 8C030000 		.4byte	.LASF25
 473 0168 07       		.byte	0x7
 474 0169 FB       		.byte	0xfb
 475 016a 11       		.byte	0x11
 476 016b D3000000 		.4byte	0xd3
 477 016f 18       		.byte	0x18
 478 0170 02       		.uleb128 0x2
 479 0171 92030000 		.4byte	.LASF26
 480 0175 07       		.byte	0x7
 481 0176 FC       		.byte	0xfc
 482 0177 11       		.byte	0x11
 483 0178 D3000000 		.4byte	0xd3
 484 017c 1C       		.byte	0x1c
 485 017d 02       		.uleb128 0x2
 486 017e 2D050000 		.4byte	.LASF27
 487 0182 07       		.byte	0x7
 488 0183 FD       		.byte	0xfd
 489 0184 11       		.byte	0x11
 490 0185 D3000000 		.4byte	0xd3
 491 0189 20       		.byte	0x20
 492 018a 02       		.uleb128 0x2
 493 018b 9F010000 		.4byte	.LASF28
 494 018f 07       		.byte	0x7
 495 0190 FE       		.byte	0xfe
 496 0191 11       		.byte	0x11
 497 0192 D3000000 		.4byte	0xd3
 498 0196 24       		.byte	0x24
 499 0197 02       		.uleb128 0x2
 500 0198 DB030000 		.4byte	.LASF29
 501 019c 07       		.byte	0x7
 502 019d FF       		.byte	0xff
 503 019e 11       		.byte	0x11
 504 019f C7000000 		.4byte	0xc7
 505 01a3 28       		.byte	0x28
 506 01a4 01       		.uleb128 0x1
 507 01a5 E5030000 		.4byte	.LASF30
 508 01a9 0001     		.2byte	0x100
 509 01ab 11       		.byte	0x11
 510 01ac C7000000 		.4byte	0xc7
 511 01b0 2C       		.byte	0x2c
ARM GAS  C:\Users\DEVELO~1\AppData\Local\Temp\ccYxf25s.s 			page 10


 512 01b1 01       		.uleb128 0x1
 513 01b2 98030000 		.4byte	.LASF31
 514 01b6 0101     		.2byte	0x101
 515 01b8 11       		.byte	0x11
 516 01b9 D3000000 		.4byte	0xd3
 517 01bd 30       		.byte	0x30
 518 01be 01       		.uleb128 0x1
 519 01bf 9D030000 		.4byte	.LASF32
 520 01c3 0201     		.2byte	0x102
 521 01c5 11       		.byte	0x11
 522 01c6 D3000000 		.4byte	0xd3
 523 01ca 34       		.byte	0x34
 524 01cb 01       		.uleb128 0x1
 525 01cc A2030000 		.4byte	.LASF33
 526 01d0 0301     		.2byte	0x103
 527 01d2 11       		.byte	0x11
 528 01d3 D3000000 		.4byte	0xd3
 529 01d7 38       		.byte	0x38
 530 01d8 01       		.uleb128 0x1
 531 01d9 A7030000 		.4byte	.LASF34
 532 01dd 0401     		.2byte	0x104
 533 01df 11       		.byte	0x11
 534 01e0 D3000000 		.4byte	0xd3
 535 01e4 3C       		.byte	0x3c
 536 01e5 08       		.uleb128 0x8
 537 01e6 445200   		.ascii	"DR\000"
 538 01e9 0501     		.2byte	0x105
 539 01eb 11       		.byte	0x11
 540 01ec D3000000 		.4byte	0xd3
 541 01f0 40       		.byte	0x40
 542 01f1 01       		.uleb128 0x1
 543 01f2 EF030000 		.4byte	.LASF35
 544 01f6 0601     		.2byte	0x106
 545 01f8 11       		.byte	0x11
 546 01f9 C7000000 		.4byte	0xc7
 547 01fd 44       		.byte	0x44
 548 01fe 01       		.uleb128 0x1
 549 01ff E3040000 		.4byte	.LASF36
 550 0203 0701     		.2byte	0x107
 551 0205 11       		.byte	0x11
 552 0206 C7000000 		.4byte	0xc7
 553 020a 48       		.byte	0x48
 554 020b 01       		.uleb128 0x1
 555 020c D4000000 		.4byte	.LASF37
 556 0210 0801     		.2byte	0x108
 557 0212 11       		.byte	0x11
 558 0213 D3000000 		.4byte	0xd3
 559 0217 4C       		.byte	0x4c
 560 0218 01       		.uleb128 0x1
 561 0219 00040000 		.4byte	.LASF38
 562 021d 0901     		.2byte	0x109
 563 021f 11       		.byte	0x11
 564 0220 37030000 		.4byte	0x337
 565 0224 50       		.byte	0x50
 566 0225 01       		.uleb128 0x1
 567 0226 00000000 		.4byte	.LASF39
 568 022a 0A01     		.2byte	0x10a
ARM GAS  C:\Users\DEVELO~1\AppData\Local\Temp\ccYxf25s.s 			page 11


 569 022c 11       		.byte	0x11
 570 022d D3000000 		.4byte	0xd3
 571 0231 60       		.byte	0x60
 572 0232 01       		.uleb128 0x1
 573 0233 05000000 		.4byte	.LASF40
 574 0237 0B01     		.2byte	0x10b
 575 0239 11       		.byte	0x11
 576 023a D3000000 		.4byte	0xd3
 577 023e 64       		.byte	0x64
 578 023f 01       		.uleb128 0x1
 579 0240 46030000 		.4byte	.LASF41
 580 0244 0C01     		.2byte	0x10c
 581 0246 11       		.byte	0x11
 582 0247 D3000000 		.4byte	0xd3
 583 024b 68       		.byte	0x68
 584 024c 01       		.uleb128 0x1
 585 024d 4B030000 		.4byte	.LASF42
 586 0251 0D01     		.2byte	0x10d
 587 0253 11       		.byte	0x11
 588 0254 D3000000 		.4byte	0xd3
 589 0258 6C       		.byte	0x6c
 590 0259 01       		.uleb128 0x1
 591 025a 0A040000 		.4byte	.LASF43
 592 025e 0E01     		.2byte	0x10e
 593 0260 11       		.byte	0x11
 594 0261 37030000 		.4byte	0x337
 595 0265 70       		.byte	0x70
 596 0266 01       		.uleb128 0x1
 597 0267 9E050000 		.4byte	.LASF44
 598 026b 0F01     		.2byte	0x10f
 599 026d 11       		.byte	0x11
 600 026e D3000000 		.4byte	0xd3
 601 0272 80       		.byte	0x80
 602 0273 01       		.uleb128 0x1
 603 0274 77030000 		.4byte	.LASF45
 604 0278 1001     		.2byte	0x110
 605 027a 11       		.byte	0x11
 606 027b D3000000 		.4byte	0xd3
 607 027f 84       		.byte	0x84
 608 0280 01       		.uleb128 0x1
 609 0281 A3050000 		.4byte	.LASF46
 610 0285 1101     		.2byte	0x111
 611 0287 11       		.byte	0x11
 612 0288 D3000000 		.4byte	0xd3
 613 028c 88       		.byte	0x88
 614 028d 01       		.uleb128 0x1
 615 028e A8050000 		.4byte	.LASF47
 616 0292 1201     		.2byte	0x112
 617 0294 11       		.byte	0x11
 618 0295 D3000000 		.4byte	0xd3
 619 0299 8C       		.byte	0x8c
 620 029a 01       		.uleb128 0x1
 621 029b 14040000 		.4byte	.LASF48
 622 029f 1301     		.2byte	0x113
 623 02a1 11       		.byte	0x11
 624 02a2 37030000 		.4byte	0x337
 625 02a6 90       		.byte	0x90
ARM GAS  C:\Users\DEVELO~1\AppData\Local\Temp\ccYxf25s.s 			page 12


 626 02a7 01       		.uleb128 0x1
 627 02a8 44010000 		.4byte	.LASF49
 628 02ac 1401     		.2byte	0x114
 629 02ae 11       		.byte	0x11
 630 02af D3000000 		.4byte	0xd3
 631 02b3 A0       		.byte	0xa0
 632 02b4 01       		.uleb128 0x1
 633 02b5 0A000000 		.4byte	.LASF50
 634 02b9 1501     		.2byte	0x115
 635 02bb 11       		.byte	0x11
 636 02bc D3000000 		.4byte	0xd3
 637 02c0 A4       		.byte	0xa4
 638 02c1 01       		.uleb128 0x1
 639 02c2 1E040000 		.4byte	.LASF51
 640 02c6 1601     		.2byte	0x116
 641 02c8 11       		.byte	0x11
 642 02c9 C7000000 		.4byte	0xc7
 643 02cd A8       		.byte	0xa8
 644 02ce 01       		.uleb128 0x1
 645 02cf 28040000 		.4byte	.LASF52
 646 02d3 1701     		.2byte	0x117
 647 02d5 11       		.byte	0x11
 648 02d6 C7000000 		.4byte	0xc7
 649 02da AC       		.byte	0xac
 650 02db 01       		.uleb128 0x1
 651 02dc 32050000 		.4byte	.LASF53
 652 02e0 1801     		.2byte	0x118
 653 02e2 11       		.byte	0x11
 654 02e3 D3000000 		.4byte	0xd3
 655 02e7 B0       		.byte	0xb0
 656 02e8 01       		.uleb128 0x1
 657 02e9 A4010000 		.4byte	.LASF54
 658 02ed 1901     		.2byte	0x119
 659 02ef 11       		.byte	0x11
 660 02f0 D3000000 		.4byte	0xd3
 661 02f4 B4       		.byte	0xb4
 662 02f5 01       		.uleb128 0x1
 663 02f6 37050000 		.4byte	.LASF55
 664 02fa 1A01     		.2byte	0x11a
 665 02fc 11       		.byte	0x11
 666 02fd D3000000 		.4byte	0xd3
 667 0301 B8       		.byte	0xb8
 668 0302 01       		.uleb128 0x1
 669 0303 A9010000 		.4byte	.LASF56
 670 0307 1B01     		.2byte	0x11b
 671 0309 11       		.byte	0x11
 672 030a D3000000 		.4byte	0xd3
 673 030e BC       		.byte	0xbc
 674 030f 01       		.uleb128 0x1
 675 0310 BE000000 		.4byte	.LASF57
 676 0314 1C01     		.2byte	0x11c
 677 0316 11       		.byte	0x11
 678 0317 D3000000 		.4byte	0xd3
 679 031b C0       		.byte	0xc0
 680 031c 01       		.uleb128 0x1
 681 031d 97010000 		.4byte	.LASF58
 682 0321 1D01     		.2byte	0x11d
ARM GAS  C:\Users\DEVELO~1\AppData\Local\Temp\ccYxf25s.s 			page 13


 683 0323 11       		.byte	0x11
 684 0324 D3000000 		.4byte	0xd3
 685 0328 C4       		.byte	0xc4
 686 0329 01       		.uleb128 0x1
 687 032a C3050000 		.4byte	.LASF59
 688 032e 1E01     		.2byte	0x11e
 689 0330 11       		.byte	0x11
 690 0331 D3000000 		.4byte	0xd3
 691 0335 C8       		.byte	0xc8
 692 0336 00       		.byte	0
 693 0337 0C       		.uleb128 0xc
 694 0338 C7000000 		.4byte	0xc7
 695 033c 47030000 		.4byte	0x347
 696 0340 0D       		.uleb128 0xd
 697 0341 39000000 		.4byte	0x39
 698 0345 03       		.byte	0x3
 699 0346 00       		.byte	0
 700 0347 0F       		.uleb128 0xf
 701 0348 8B010000 		.4byte	.LASF60
 702 034c 1F01     		.2byte	0x11f
 703 034e 0D010000 		.4byte	0x10d
 704 0352 0C       		.uleb128 0xc
 705 0353 C7000000 		.4byte	0xc7
 706 0357 62030000 		.4byte	0x362
 707 035b 0D       		.uleb128 0xd
 708 035c 39000000 		.4byte	0x39
 709 0360 08       		.byte	0x8
 710 0361 00       		.byte	0
 711 0362 16       		.uleb128 0x16
 712 0363 3001     		.2byte	0x130
 713 0365 07       		.byte	0x7
 714 0366 CE04     		.2byte	0x4ce
 715 0368 09       		.byte	0x9
 716 0369 C3060000 		.4byte	0x6c3
 717 036d 08       		.uleb128 0x8
 718 036e 435200   		.ascii	"CR\000"
 719 0371 D004     		.2byte	0x4d0
 720 0373 10       		.byte	0x10
 721 0374 D3000000 		.4byte	0xd3
 722 0378 00       		.byte	0
 723 0379 01       		.uleb128 0x1
 724 037a 6B020000 		.4byte	.LASF61
 725 037e D104     		.2byte	0x4d1
 726 0380 10       		.byte	0x10
 727 0381 D3000000 		.4byte	0xd3
 728 0385 04       		.byte	0x4
 729 0386 01       		.uleb128 0x1
 730 0387 BB010000 		.4byte	.LASF62
 731 038b D204     		.2byte	0x4d2
 732 038d 10       		.byte	0x10
 733 038e D3000000 		.4byte	0xd3
 734 0392 08       		.byte	0x8
 735 0393 01       		.uleb128 0x1
 736 0394 58050000 		.4byte	.LASF63
 737 0398 D304     		.2byte	0x4d3
 738 039a 10       		.byte	0x10
 739 039b D3000000 		.4byte	0xd3
ARM GAS  C:\Users\DEVELO~1\AppData\Local\Temp\ccYxf25s.s 			page 14


 740 039f 0C       		.byte	0xc
 741 03a0 01       		.uleb128 0x1
 742 03a1 B5050000 		.4byte	.LASF22
 743 03a5 D404     		.2byte	0x4d4
 744 03a7 10       		.byte	0x10
 745 03a8 D3000000 		.4byte	0xd3
 746 03ac 10       		.byte	0x10
 747 03ad 01       		.uleb128 0x1
 748 03ae DB030000 		.4byte	.LASF29
 749 03b2 D504     		.2byte	0x4d5
 750 03b4 0F       		.byte	0xf
 751 03b5 C7000000 		.4byte	0xc7
 752 03b9 14       		.byte	0x14
 753 03ba 01       		.uleb128 0x1
 754 03bb F0050000 		.4byte	.LASF64
 755 03bf D604     		.2byte	0x4d6
 756 03c1 10       		.byte	0x10
 757 03c2 D3000000 		.4byte	0xd3
 758 03c6 18       		.byte	0x18
 759 03c7 01       		.uleb128 0x1
 760 03c8 F9030000 		.4byte	.LASF65
 761 03cc D704     		.2byte	0x4d7
 762 03ce 10       		.byte	0x10
 763 03cf D3000000 		.4byte	0xd3
 764 03d3 1C       		.byte	0x1c
 765 03d4 01       		.uleb128 0x1
 766 03d5 7C000000 		.4byte	.LASF66
 767 03d9 D804     		.2byte	0x4d8
 768 03db 10       		.byte	0x10
 769 03dc D3000000 		.4byte	0xd3
 770 03e0 20       		.byte	0x20
 771 03e1 01       		.uleb128 0x1
 772 03e2 E5030000 		.4byte	.LASF30
 773 03e6 D904     		.2byte	0x4d9
 774 03e8 0F       		.byte	0xf
 775 03e9 C7000000 		.4byte	0xc7
 776 03ed 24       		.byte	0x24
 777 03ee 01       		.uleb128 0x1
 778 03ef 61020000 		.4byte	.LASF67
 779 03f3 DA04     		.2byte	0x4da
 780 03f5 10       		.byte	0x10
 781 03f6 D3000000 		.4byte	0xd3
 782 03fa 28       		.byte	0x28
 783 03fb 01       		.uleb128 0x1
 784 03fc B3010000 		.4byte	.LASF68
 785 0400 DB04     		.2byte	0x4db
 786 0402 10       		.byte	0x10
 787 0403 D3000000 		.4byte	0xd3
 788 0407 2C       		.byte	0x2c
 789 0408 01       		.uleb128 0x1
 790 0409 17000000 		.4byte	.LASF69
 791 040d DC04     		.2byte	0x4dc
 792 040f 10       		.byte	0x10
 793 0410 D3000000 		.4byte	0xd3
 794 0414 30       		.byte	0x30
 795 0415 01       		.uleb128 0x1
 796 0416 4B010000 		.4byte	.LASF70
ARM GAS  C:\Users\DEVELO~1\AppData\Local\Temp\ccYxf25s.s 			page 15


 797 041a DD04     		.2byte	0x4dd
 798 041c 10       		.byte	0x10
 799 041d D3000000 		.4byte	0xd3
 800 0421 34       		.byte	0x34
 801 0422 01       		.uleb128 0x1
 802 0423 38040000 		.4byte	.LASF71
 803 0427 DE04     		.2byte	0x4de
 804 0429 10       		.byte	0x10
 805 042a D3000000 		.4byte	0xd3
 806 042e 38       		.byte	0x38
 807 042f 01       		.uleb128 0x1
 808 0430 05020000 		.4byte	.LASF72
 809 0434 DF04     		.2byte	0x4df
 810 0436 10       		.byte	0x10
 811 0437 D3000000 		.4byte	0xd3
 812 043b 3C       		.byte	0x3c
 813 043c 01       		.uleb128 0x1
 814 043d C6010000 		.4byte	.LASF73
 815 0441 E004     		.2byte	0x4e0
 816 0443 10       		.byte	0x10
 817 0444 D3000000 		.4byte	0xd3
 818 0448 40       		.byte	0x40
 819 0449 01       		.uleb128 0x1
 820 044a 3C030000 		.4byte	.LASF74
 821 044e E104     		.2byte	0x4e1
 822 0450 10       		.byte	0x10
 823 0451 D3000000 		.4byte	0xd3
 824 0455 44       		.byte	0x44
 825 0456 01       		.uleb128 0x1
 826 0457 EF030000 		.4byte	.LASF35
 827 045b E204     		.2byte	0x4e2
 828 045d 10       		.byte	0x10
 829 045e C7000000 		.4byte	0xc7
 830 0462 48       		.byte	0x48
 831 0463 01       		.uleb128 0x1
 832 0464 F6040000 		.4byte	.LASF75
 833 0468 E304     		.2byte	0x4e3
 834 046a 11       		.byte	0x11
 835 046b D3000000 		.4byte	0xd3
 836 046f 4C       		.byte	0x4c
 837 0470 01       		.uleb128 0x1
 838 0471 E7010000 		.4byte	.LASF76
 839 0475 E404     		.2byte	0x4e4
 840 0477 11       		.byte	0x11
 841 0478 D3000000 		.4byte	0xd3
 842 047c 50       		.byte	0x50
 843 047d 01       		.uleb128 0x1
 844 047e 10030000 		.4byte	.LASF77
 845 0482 E504     		.2byte	0x4e5
 846 0484 11       		.byte	0x11
 847 0485 D3000000 		.4byte	0xd3
 848 0489 54       		.byte	0x54
 849 048a 01       		.uleb128 0x1
 850 048b F0010000 		.4byte	.LASF78
 851 048f E604     		.2byte	0x4e6
 852 0491 11       		.byte	0x11
 853 0492 D3000000 		.4byte	0xd3
ARM GAS  C:\Users\DEVELO~1\AppData\Local\Temp\ccYxf25s.s 			page 16


 854 0496 58       		.byte	0x58
 855 0497 01       		.uleb128 0x1
 856 0498 E3040000 		.4byte	.LASF36
 857 049c E704     		.2byte	0x4e7
 858 049e 10       		.byte	0x10
 859 049f C7000000 		.4byte	0xc7
 860 04a3 5C       		.byte	0x5c
 861 04a4 01       		.uleb128 0x1
 862 04a5 CF000000 		.4byte	.LASF79
 863 04a9 E804     		.2byte	0x4e8
 864 04ab 11       		.byte	0x11
 865 04ac D3000000 		.4byte	0xd3
 866 04b0 60       		.byte	0x60
 867 04b1 01       		.uleb128 0x1
 868 04b2 C1010000 		.4byte	.LASF80
 869 04b6 E904     		.2byte	0x4e9
 870 04b8 11       		.byte	0x11
 871 04b9 D3000000 		.4byte	0xd3
 872 04bd 64       		.byte	0x64
 873 04be 01       		.uleb128 0x1
 874 04bf 74050000 		.4byte	.LASF81
 875 04c3 EA04     		.2byte	0x4ea
 876 04c5 11       		.byte	0x11
 877 04c6 D3000000 		.4byte	0xd3
 878 04ca 68       		.byte	0x68
 879 04cb 01       		.uleb128 0x1
 880 04cc 00040000 		.4byte	.LASF38
 881 04d0 EB04     		.2byte	0x4eb
 882 04d2 0F       		.byte	0xf
 883 04d3 C7000000 		.4byte	0xc7
 884 04d7 6C       		.byte	0x6c
 885 04d8 01       		.uleb128 0x1
 886 04d9 79050000 		.4byte	.LASF82
 887 04dd EC04     		.2byte	0x4ec
 888 04df 11       		.byte	0x11
 889 04e0 D3000000 		.4byte	0xd3
 890 04e4 70       		.byte	0x70
 891 04e5 08       		.uleb128 0x8
 892 04e6 43535200 		.ascii	"CSR\000"
 893 04ea ED04     		.2byte	0x4ed
 894 04ec 11       		.byte	0x11
 895 04ed D3000000 		.4byte	0xd3
 896 04f1 74       		.byte	0x74
 897 04f2 01       		.uleb128 0x1
 898 04f3 0A040000 		.4byte	.LASF43
 899 04f7 EE04     		.2byte	0x4ee
 900 04f9 0F       		.byte	0xf
 901 04fa C7000000 		.4byte	0xc7
 902 04fe 78       		.byte	0x78
 903 04ff 01       		.uleb128 0x1
 904 0500 FE020000 		.4byte	.LASF83
 905 0504 EF04     		.2byte	0x4ef
 906 0506 10       		.byte	0x10
 907 0507 D3000000 		.4byte	0xd3
 908 050b 7C       		.byte	0x7c
 909 050c 01       		.uleb128 0x1
 910 050d F8000000 		.4byte	.LASF84
ARM GAS  C:\Users\DEVELO~1\AppData\Local\Temp\ccYxf25s.s 			page 17


 911 0511 F004     		.2byte	0x4f0
 912 0513 10       		.byte	0x10
 913 0514 D3000000 		.4byte	0xd3
 914 0518 80       		.byte	0x80
 915 0519 01       		.uleb128 0x1
 916 051a 1A050000 		.4byte	.LASF85
 917 051e F104     		.2byte	0x4f1
 918 0520 10       		.byte	0x10
 919 0521 D3000000 		.4byte	0xd3
 920 0525 84       		.byte	0x84
 921 0526 01       		.uleb128 0x1
 922 0527 48000000 		.4byte	.LASF86
 923 052b F204     		.2byte	0x4f2
 924 052d 10       		.byte	0x10
 925 052e D3000000 		.4byte	0xd3
 926 0532 88       		.byte	0x88
 927 0533 01       		.uleb128 0x1
 928 0534 4F050000 		.4byte	.LASF87
 929 0538 F304     		.2byte	0x4f3
 930 053a 10       		.byte	0x10
 931 053b D3000000 		.4byte	0xd3
 932 053f 8C       		.byte	0x8c
 933 0540 01       		.uleb128 0x1
 934 0541 AC030000 		.4byte	.LASF88
 935 0545 F404     		.2byte	0x4f4
 936 0547 10       		.byte	0x10
 937 0548 D3000000 		.4byte	0xd3
 938 054c 90       		.byte	0x90
 939 054d 01       		.uleb128 0x1
 940 054e 6D030000 		.4byte	.LASF89
 941 0552 F504     		.2byte	0x4f5
 942 0554 10       		.byte	0x10
 943 0555 D3000000 		.4byte	0xd3
 944 0559 94       		.byte	0x94
 945 055a 01       		.uleb128 0x1
 946 055b 55010000 		.4byte	.LASF90
 947 055f F604     		.2byte	0x4f6
 948 0561 10       		.byte	0x10
 949 0562 D3000000 		.4byte	0xd3
 950 0566 98       		.byte	0x98
 951 0567 01       		.uleb128 0x1
 952 0568 56030000 		.4byte	.LASF91
 953 056c F704     		.2byte	0x4f7
 954 056e 10       		.byte	0x10
 955 056f D3000000 		.4byte	0xd3
 956 0573 9C       		.byte	0x9c
 957 0574 08       		.uleb128 0x8
 958 0575 47435200 		.ascii	"GCR\000"
 959 0579 F804     		.2byte	0x4f8
 960 057b 10       		.byte	0x10
 961 057c D3000000 		.4byte	0xd3
 962 0580 A0       		.byte	0xa0
 963 0581 01       		.uleb128 0x1
 964 0582 1E040000 		.4byte	.LASF51
 965 0586 F904     		.2byte	0x4f9
 966 0588 0F       		.byte	0xf
 967 0589 C7000000 		.4byte	0xc7
ARM GAS  C:\Users\DEVELO~1\AppData\Local\Temp\ccYxf25s.s 			page 18


 968 058d A4       		.byte	0xa4
 969 058e 01       		.uleb128 0x1
 970 058f B8000000 		.4byte	.LASF92
 971 0593 FA04     		.2byte	0x4fa
 972 0595 10       		.byte	0x10
 973 0596 D3000000 		.4byte	0xd3
 974 059a A8       		.byte	0xa8
 975 059b 01       		.uleb128 0x1
 976 059c 23010000 		.4byte	.LASF93
 977 05a0 FB04     		.2byte	0x4fb
 978 05a2 0F       		.byte	0xf
 979 05a3 52030000 		.4byte	0x352
 980 05a7 AC       		.byte	0xac
 981 05a8 08       		.uleb128 0x8
 982 05a9 52535200 		.ascii	"RSR\000"
 983 05ad FC04     		.2byte	0x4fc
 984 05af 10       		.byte	0x10
 985 05b0 D3000000 		.4byte	0xd3
 986 05b4 D0       		.byte	0xd0
 987 05b5 01       		.uleb128 0x1
 988 05b6 D4040000 		.4byte	.LASF94
 989 05ba FD04     		.2byte	0x4fd
 990 05bc 10       		.byte	0x10
 991 05bd D3000000 		.4byte	0xd3
 992 05c1 D4       		.byte	0xd4
 993 05c2 01       		.uleb128 0x1
 994 05c3 AD050000 		.4byte	.LASF95
 995 05c7 FE04     		.2byte	0x4fe
 996 05c9 10       		.byte	0x10
 997 05ca D3000000 		.4byte	0xd3
 998 05ce D8       		.byte	0xd8
 999 05cf 01       		.uleb128 0x1
 1000 05d0 47050000 		.4byte	.LASF96
 1001 05d4 FF04     		.2byte	0x4ff
 1002 05d6 10       		.byte	0x10
 1003 05d7 D3000000 		.4byte	0xd3
 1004 05db DC       		.byte	0xdc
 1005 05dc 01       		.uleb128 0x1
 1006 05dd D3030000 		.4byte	.LASF97
 1007 05e1 0005     		.2byte	0x500
 1008 05e3 10       		.byte	0x10
 1009 05e4 D3000000 		.4byte	0xd3
 1010 05e8 E0       		.byte	0xe0
 1011 05e9 01       		.uleb128 0x1
 1012 05ea C6030000 		.4byte	.LASF98
 1013 05ee 0105     		.2byte	0x501
 1014 05f0 10       		.byte	0x10
 1015 05f1 D3000000 		.4byte	0xd3
 1016 05f5 E4       		.byte	0xe4
 1017 05f6 01       		.uleb128 0x1
 1018 05f7 CC050000 		.4byte	.LASF99
 1019 05fb 0205     		.2byte	0x502
 1020 05fd 10       		.byte	0x10
 1021 05fe D3000000 		.4byte	0xd3
 1022 0602 E8       		.byte	0xe8
 1023 0603 01       		.uleb128 0x1
 1024 0604 07030000 		.4byte	.LASF100
ARM GAS  C:\Users\DEVELO~1\AppData\Local\Temp\ccYxf25s.s 			page 19


 1025 0608 0305     		.2byte	0x503
 1026 060a 10       		.byte	0x10
 1027 060b D3000000 		.4byte	0xd3
 1028 060f EC       		.byte	0xec
 1029 0610 01       		.uleb128 0x1
 1030 0611 CC040000 		.4byte	.LASF101
 1031 0615 0405     		.2byte	0x504
 1032 0617 10       		.byte	0x10
 1033 0618 D3000000 		.4byte	0xd3
 1034 061c F0       		.byte	0xf0
 1035 061d 01       		.uleb128 0x1
 1036 061e 5F030000 		.4byte	.LASF102
 1037 0622 0505     		.2byte	0x505
 1038 0624 10       		.byte	0x10
 1039 0625 D3000000 		.4byte	0xd3
 1040 0629 F4       		.byte	0xf4
 1041 062a 01       		.uleb128 0x1
 1042 062b 2E010000 		.4byte	.LASF103
 1043 062f 0605     		.2byte	0x506
 1044 0631 10       		.byte	0x10
 1045 0632 C7000000 		.4byte	0xc7
 1046 0636 F8       		.byte	0xf8
 1047 0637 01       		.uleb128 0x1
 1048 0638 B8040000 		.4byte	.LASF104
 1049 063c 0705     		.2byte	0x507
 1050 063e 10       		.byte	0x10
 1051 063f D3000000 		.4byte	0xd3
 1052 0643 FC       		.byte	0xfc
 1053 0644 06       		.uleb128 0x6
 1054 0645 C5000000 		.4byte	.LASF105
 1055 0649 0805     		.2byte	0x508
 1056 064b 10       		.byte	0x10
 1057 064c D3000000 		.4byte	0xd3
 1058 0650 0001     		.2byte	0x100
 1059 0652 06       		.uleb128 0x6
 1060 0653 7C030000 		.4byte	.LASF106
 1061 0657 0905     		.2byte	0x509
 1062 0659 10       		.byte	0x10
 1063 065a D3000000 		.4byte	0xd3
 1064 065e 0401     		.2byte	0x104
 1065 0660 06       		.uleb128 0x6
 1066 0661 23050000 		.4byte	.LASF107
 1067 0665 0A05     		.2byte	0x50a
 1068 0667 10       		.byte	0x10
 1069 0668 D3000000 		.4byte	0xd3
 1070 066c 0801     		.2byte	0x108
 1071 066e 06       		.uleb128 0x6
 1072 066f 19010000 		.4byte	.LASF108
 1073 0673 0B05     		.2byte	0x50b
 1074 0675 10       		.byte	0x10
 1075 0676 D3000000 		.4byte	0xd3
 1076 067a 0C01     		.2byte	0x10c
 1077 067c 06       		.uleb128 0x6
 1078 067d 69050000 		.4byte	.LASF109
 1079 0681 0C05     		.2byte	0x50c
 1080 0683 10       		.byte	0x10
 1081 0684 D3000000 		.4byte	0xd3
ARM GAS  C:\Users\DEVELO~1\AppData\Local\Temp\ccYxf25s.s 			page 20


 1082 0688 1001     		.2byte	0x110
 1083 068a 06       		.uleb128 0x6
 1084 068b 83000000 		.4byte	.LASF110
 1085 068f 0D05     		.2byte	0x50d
 1086 0691 10       		.byte	0x10
 1087 0692 D3000000 		.4byte	0xd3
 1088 0696 1401     		.2byte	0x114
 1089 0698 06       		.uleb128 0x6
 1090 0699 32030000 		.4byte	.LASF111
 1091 069d 0E05     		.2byte	0x50e
 1092 069f 10       		.byte	0x10
 1093 06a0 D3000000 		.4byte	0xd3
 1094 06a4 1801     		.2byte	0x118
 1095 06a6 06       		.uleb128 0x6
 1096 06a7 C2040000 		.4byte	.LASF112
 1097 06ab 0F05     		.2byte	0x50f
 1098 06ad 10       		.byte	0x10
 1099 06ae D3000000 		.4byte	0xd3
 1100 06b2 1C01     		.2byte	0x11c
 1101 06b4 06       		.uleb128 0x6
 1102 06b5 39010000 		.4byte	.LASF113
 1103 06b9 1005     		.2byte	0x510
 1104 06bb 0F       		.byte	0xf
 1105 06bc 37030000 		.4byte	0x337
 1106 06c0 2001     		.2byte	0x120
 1107 06c2 00       		.byte	0
 1108 06c3 0F       		.uleb128 0xf
 1109 06c4 36020000 		.4byte	.LASF114
 1110 06c8 1205     		.2byte	0x512
 1111 06ca 62030000 		.4byte	0x362
 1112 06ce 04       		.uleb128 0x4
 1113 06cf 01       		.byte	0x1
 1114 06d0 02       		.byte	0x2
 1115 06d1 32040000 		.4byte	.LASF115
 1116 06d5 0B       		.uleb128 0xb
 1117 06d6 04       		.byte	0x4
 1118 06d7 08       		.byte	0x8
 1119 06d8 5B       		.byte	0x5b
 1120 06d9 05       		.byte	0x5
 1121 06da F9060000 		.4byte	0x6f9
 1122 06de 07       		.uleb128 0x7
 1123 06df 73657400 		.ascii	"set\000"
 1124 06e3 08       		.byte	0x8
 1125 06e4 5C       		.byte	0x5c
 1126 06e5 19       		.byte	0x19
 1127 06e6 BB000000 		.4byte	0xbb
 1128 06ea 00       		.byte	0
 1129 06eb 02       		.uleb128 0x2
 1130 06ec 67030000 		.4byte	.LASF116
 1131 06f0 08       		.byte	0x8
 1132 06f1 5D       		.byte	0x5d
 1133 06f2 19       		.byte	0x19
 1134 06f3 BB000000 		.4byte	0xbb
 1135 06f7 02       		.byte	0x2
 1136 06f8 00       		.byte	0
 1137 06f9 17       		.uleb128 0x17
 1138 06fa 04       		.byte	0x4
ARM GAS  C:\Users\DEVELO~1\AppData\Local\Temp\ccYxf25s.s 			page 21


 1139 06fb 08       		.byte	0x8
 1140 06fc 59       		.byte	0x59
 1141 06fd 0C       		.byte	0xc
 1142 06fe 15070000 		.4byte	0x715
 1143 0702 10       		.uleb128 0x10
 1144 0703 5700     		.ascii	"W\000"
 1145 0705 5A       		.byte	0x5a
 1146 0706 19       		.byte	0x19
 1147 0707 C7000000 		.4byte	0xc7
 1148 070b 10       		.uleb128 0x10
 1149 070c 4800     		.ascii	"H\000"
 1150 070e 5E       		.byte	0x5e
 1151 070f 07       		.byte	0x7
 1152 0710 D5060000 		.4byte	0x6d5
 1153 0714 00       		.byte	0
 1154 0715 0E       		.uleb128 0xe
 1155 0716 F9060000 		.4byte	0x6f9
 1156 071a 0B       		.uleb128 0xb
 1157 071b 28       		.byte	0x28
 1158 071c 08       		.byte	0x8
 1159 071d 51       		.byte	0x51
 1160 071e 09       		.byte	0x9
 1161 071f A6070000 		.4byte	0x7a6
 1162 0723 02       		.uleb128 0x2
 1163 0724 9B000000 		.4byte	.LASF117
 1164 0728 08       		.byte	0x8
 1165 0729 53       		.byte	0x53
 1166 072a 19       		.byte	0x19
 1167 072b D3000000 		.4byte	0xd3
 1168 072f 00       		.byte	0
 1169 0730 02       		.uleb128 0x2
 1170 0731 6B000000 		.4byte	.LASF118
 1171 0735 08       		.byte	0x8
 1172 0736 54       		.byte	0x54
 1173 0737 19       		.byte	0x19
 1174 0738 D3000000 		.4byte	0xd3
 1175 073c 04       		.byte	0x4
 1176 073d 02       		.uleb128 0x2
 1177 073e D4010000 		.4byte	.LASF119
 1178 0742 08       		.byte	0x8
 1179 0743 55       		.byte	0x55
 1180 0744 19       		.byte	0x19
 1181 0745 D3000000 		.4byte	0xd3
 1182 0749 08       		.byte	0x8
 1183 074a 02       		.uleb128 0x2
 1184 074b 11000000 		.4byte	.LASF120
 1185 074f 08       		.byte	0x8
 1186 0750 56       		.byte	0x56
 1187 0751 19       		.byte	0x19
 1188 0752 D3000000 		.4byte	0xd3
 1189 0756 0C       		.byte	0xc
 1190 0757 07       		.uleb128 0x7
 1191 0758 49445200 		.ascii	"IDR\000"
 1192 075c 08       		.byte	0x8
 1193 075d 57       		.byte	0x57
 1194 075e 19       		.byte	0x19
 1195 075f D3000000 		.4byte	0xd3
ARM GAS  C:\Users\DEVELO~1\AppData\Local\Temp\ccYxf25s.s 			page 22


 1196 0763 10       		.byte	0x10
 1197 0764 07       		.uleb128 0x7
 1198 0765 4F445200 		.ascii	"ODR\000"
 1199 0769 08       		.byte	0x8
 1200 076a 58       		.byte	0x58
 1201 076b 19       		.byte	0x19
 1202 076c D3000000 		.4byte	0xd3
 1203 0770 14       		.byte	0x14
 1204 0771 02       		.uleb128 0x2
 1205 0772 F3000000 		.4byte	.LASF121
 1206 0776 08       		.byte	0x8
 1207 0777 5F       		.byte	0x5f
 1208 0778 05       		.byte	0x5
 1209 0779 15070000 		.4byte	0x715
 1210 077d 18       		.byte	0x18
 1211 077e 02       		.uleb128 0x2
 1212 077f 19030000 		.4byte	.LASF122
 1213 0783 08       		.byte	0x8
 1214 0784 60       		.byte	0x60
 1215 0785 19       		.byte	0x19
 1216 0786 D3000000 		.4byte	0xd3
 1217 078a 1C       		.byte	0x1c
 1218 078b 02       		.uleb128 0x2
 1219 078c CE030000 		.4byte	.LASF123
 1220 0790 08       		.byte	0x8
 1221 0791 61       		.byte	0x61
 1222 0792 19       		.byte	0x19
 1223 0793 D3000000 		.4byte	0xd3
 1224 0797 20       		.byte	0x20
 1225 0798 02       		.uleb128 0x2
 1226 0799 C1030000 		.4byte	.LASF124
 1227 079d 08       		.byte	0x8
 1228 079e 62       		.byte	0x62
 1229 079f 19       		.byte	0x19
 1230 07a0 D3000000 		.4byte	0xd3
 1231 07a4 24       		.byte	0x24
 1232 07a5 00       		.byte	0
 1233 07a6 03       		.uleb128 0x3
 1234 07a7 F8010000 		.4byte	.LASF125
 1235 07ab 08       		.byte	0x8
 1236 07ac 63       		.byte	0x63
 1237 07ad 03       		.byte	0x3
 1238 07ae 1A070000 		.4byte	0x71a
 1239 07b2 03       		.uleb128 0x3
 1240 07b3 8E000000 		.4byte	.LASF126
 1241 07b7 09       		.byte	0x9
 1242 07b8 C2       		.byte	0xc2
 1243 07b9 12       		.byte	0x12
 1244 07ba C7000000 		.4byte	0xc7
 1245 07be 03       		.uleb128 0x3
 1246 07bf D5050000 		.4byte	.LASF127
 1247 07c3 09       		.byte	0x9
 1248 07c4 C7       		.byte	0xc7
 1249 07c5 12       		.byte	0x12
 1250 07c6 C7000000 		.4byte	0xc7
 1251 07ca 03       		.uleb128 0x3
 1252 07cb 3C050000 		.4byte	.LASF128
ARM GAS  C:\Users\DEVELO~1\AppData\Local\Temp\ccYxf25s.s 			page 23


 1253 07cf 09       		.byte	0x9
 1254 07d0 D9       		.byte	0xd9
 1255 07d1 18       		.byte	0x18
 1256 07d2 D6070000 		.4byte	0x7d6
 1257 07d6 0A       		.uleb128 0xa
 1258 07d7 A6070000 		.4byte	0x7a6
 1259 07db 0A       		.uleb128 0xa
 1260 07dc E9000000 		.4byte	0xe9
 1261 07e0 09       		.uleb128 0x9
 1262 07e1 1F030000 		.4byte	.LASF129
 1263 07e5 0A       		.byte	0xa
 1264 07e6 14       		.byte	0x14
 1265 07e7 18       		.uleb128 0x18
 1266 07e8 5E010000 		.4byte	.LASF131
 1267 07ec 0A       		.byte	0xa
 1268 07ed 22       		.byte	0x22
 1269 07ee 06       		.byte	0x6
 1270 07ef 03080000 		.4byte	0x803
 1271 07f3 05       		.uleb128 0x5
 1272 07f4 AF000000 		.4byte	0xaf
 1273 07f8 05       		.uleb128 0x5
 1274 07f9 AF000000 		.4byte	0xaf
 1275 07fd 05       		.uleb128 0x5
 1276 07fe E4000000 		.4byte	0xe4
 1277 0802 00       		.byte	0
 1278 0803 19       		.uleb128 0x19
 1279 0804 60050000 		.4byte	.LASF142
 1280 0808 0F       		.byte	0xf
 1281 0809 1401     		.2byte	0x114
 1282 080b 05       		.byte	0x5
 1283 080c 26000000 		.4byte	0x26
 1284 0810 25080000 		.4byte	0x825
 1285 0814 05       		.uleb128 0x5
 1286 0815 DB070000 		.4byte	0x7db
 1287 0819 05       		.uleb128 0x5
 1288 081a 2D000000 		.4byte	0x2d
 1289 081e 05       		.uleb128 0x5
 1290 081f E4000000 		.4byte	0xe4
 1291 0823 1A       		.uleb128 0x1a
 1292 0824 00       		.byte	0
 1293 0825 09       		.uleb128 0x9
 1294 0826 DE050000 		.4byte	.LASF130
 1295 082a 0A       		.byte	0xa
 1296 082b 13       		.byte	0x13
 1297 082c 11       		.uleb128 0x11
 1298 082d 32000000 		.4byte	.LASF132
 1299 0831 09       		.byte	0x9
 1300 0832 F301     		.2byte	0x1f3
 1301 0834 48080000 		.4byte	0x848
 1302 0838 05       		.uleb128 0x5
 1303 0839 CA070000 		.4byte	0x7ca
 1304 083d 05       		.uleb128 0x5
 1305 083e B2070000 		.4byte	0x7b2
 1306 0842 05       		.uleb128 0x5
 1307 0843 BE070000 		.4byte	0x7be
 1308 0847 00       		.byte	0
 1309 0848 09       		.uleb128 0x9
ARM GAS  C:\Users\DEVELO~1\AppData\Local\Temp\ccYxf25s.s 			page 24


 1310 0849 5A000000 		.4byte	.LASF133
 1311 084d 0A       		.byte	0xa
 1312 084e 12       		.byte	0x12
 1313 084f 09       		.uleb128 0x9
 1314 0850 F7050000 		.4byte	.LASF134
 1315 0854 0B       		.byte	0xb
 1316 0855 28       		.byte	0x28
 1317 0856 12       		.uleb128 0x12
 1318 0857 01010000 		.4byte	.LASF135
 1319 085b 0C       		.byte	0xc
 1320 085c 4E01     		.2byte	0x14e
 1321 085e 12       		.uleb128 0x12
 1322 085f 2E020000 		.4byte	.LASF136
 1323 0863 0D       		.byte	0xd
 1324 0864 0101     		.2byte	0x101
 1325 0866 11       		.uleb128 0x11
 1326 0867 20000000 		.4byte	.LASF137
 1327 086b 0E       		.byte	0xe
 1328 086c 4201     		.2byte	0x142
 1329 086e 78080000 		.4byte	0x878
 1330 0872 05       		.uleb128 0x5
 1331 0873 F5000000 		.4byte	0xf5
 1332 0877 00       		.byte	0
 1333 0878 1B       		.uleb128 0x1b
 1334 0879 AE010000 		.4byte	.LASF143
 1335 087d 01       		.byte	0x1
 1336 087e 2B       		.byte	0x2b
 1337 087f 05       		.byte	0x5
 1338 0880 26000000 		.4byte	0x26
 1339 0884 00000000 		.4byte	.LFB437
 1340 0888 60000000 		.4byte	.LFE437-.LFB437
 1341 088c 01       		.uleb128 0x1
 1342 088d 9C       		.byte	0x9c
 1343 088e B9080000 		.4byte	0x8b9
 1344 0892 1C       		.uleb128 0x1c
 1345 0893 CF010000 		.4byte	.LASF138
 1346 0897 01       		.byte	0x1
 1347 0898 37       		.byte	0x37
 1348 0899 08       		.byte	0x8
 1349 089a B9080000 		.4byte	0x8b9
 1350 089e 02       		.uleb128 0x2
 1351 089f 91       		.byte	0x91
 1352 08a0 54       		.sleb128 -44
 1353 08a1 1D       		.uleb128 0x1d
 1354 08a2 24000000 		.4byte	.LBB6
 1355 08a6 30000000 		.4byte	.LBE6-.LBB6
 1356 08aa 1E       		.uleb128 0x1e
 1357 08ab 7600     		.ascii	"v\000"
 1358 08ad 01       		.byte	0x1
 1359 08ae 3A       		.byte	0x3a
 1360 08af 0E       		.byte	0xe
 1361 08b0 BB000000 		.4byte	0xbb
 1362 08b4 02       		.uleb128 0x2
 1363 08b5 91       		.byte	0x91
 1364 08b6 76       		.sleb128 -10
 1365 08b7 00       		.byte	0
 1366 08b8 00       		.byte	0
ARM GAS  C:\Users\DEVELO~1\AppData\Local\Temp\ccYxf25s.s 			page 25


 1367 08b9 0C       		.uleb128 0xc
 1368 08ba E9000000 		.4byte	0xe9
 1369 08be C9080000 		.4byte	0x8c9
 1370 08c2 0D       		.uleb128 0xd
 1371 08c3 39000000 		.4byte	0x39
 1372 08c7 1F       		.byte	0x1f
 1373 08c8 00       		.byte	0
 1374 08c9 1F       		.uleb128 0x1f
 1375 08ca 0B010000 		.4byte	.LASF144
 1376 08ce 01       		.byte	0x1
 1377 08cf 23       		.byte	0x23
 1378 08d0 11       		.byte	0x11
 1379 08d1 BB000000 		.4byte	0xbb
 1380 08d5 00000000 		.4byte	.LFB436
 1381 08d9 30000000 		.4byte	.LFE436-.LFB436
 1382 08dd 01       		.uleb128 0x1
 1383 08de 9C       		.byte	0x9c
 1384 08df 20       		.uleb128 0x20
 1385 08e0 8C050000 		.4byte	.LASF145
 1386 08e4 01       		.byte	0x1
 1387 08e5 09       		.byte	0x9
 1388 08e6 0D       		.byte	0xd
 1389 08e7 00000000 		.4byte	.LFB435
 1390 08eb A4000000 		.4byte	.LFE435-.LFB435
 1391 08ef 01       		.uleb128 0x1
 1392 08f0 9C       		.byte	0x9c
 1393 08f1 06090000 		.4byte	0x906
 1394 08f5 21       		.uleb128 0x21
 1395 08f6 06090000 		.4byte	0x906
 1396 08fa 14000000 		.4byte	.LBB4
 1397 08fe 06000000 		.4byte	.LBE4-.LBB4
 1398 0902 01       		.byte	0x1
 1399 0903 0C       		.byte	0xc
 1400 0904 03       		.byte	0x3
 1401 0905 00       		.byte	0
 1402 0906 22       		.uleb128 0x22
 1403 0907 50030000 		.4byte	.LASF146
 1404 090b 02       		.byte	0x2
 1405 090c 6D03     		.2byte	0x36d
 1406 090e 1B       		.byte	0x1b
 1407 090f 03       		.byte	0x3
 1408 0910 00       		.byte	0
 1409              		.section	.debug_abbrev,"",%progbits
 1410              	.Ldebug_abbrev0:
 1411 0000 01       		.uleb128 0x1
 1412 0001 0D       		.uleb128 0xd
 1413 0002 00       		.byte	0
 1414 0003 03       		.uleb128 0x3
 1415 0004 0E       		.uleb128 0xe
 1416 0005 3A       		.uleb128 0x3a
 1417 0006 21       		.uleb128 0x21
 1418 0007 07       		.sleb128 7
 1419 0008 3B       		.uleb128 0x3b
 1420 0009 05       		.uleb128 0x5
 1421 000a 39       		.uleb128 0x39
 1422 000b 0B       		.uleb128 0xb
 1423 000c 49       		.uleb128 0x49
ARM GAS  C:\Users\DEVELO~1\AppData\Local\Temp\ccYxf25s.s 			page 26


 1424 000d 13       		.uleb128 0x13
 1425 000e 38       		.uleb128 0x38
 1426 000f 0B       		.uleb128 0xb
 1427 0010 00       		.byte	0
 1428 0011 00       		.byte	0
 1429 0012 02       		.uleb128 0x2
 1430 0013 0D       		.uleb128 0xd
 1431 0014 00       		.byte	0
 1432 0015 03       		.uleb128 0x3
 1433 0016 0E       		.uleb128 0xe
 1434 0017 3A       		.uleb128 0x3a
 1435 0018 0B       		.uleb128 0xb
 1436 0019 3B       		.uleb128 0x3b
 1437 001a 0B       		.uleb128 0xb
 1438 001b 39       		.uleb128 0x39
 1439 001c 0B       		.uleb128 0xb
 1440 001d 49       		.uleb128 0x49
 1441 001e 13       		.uleb128 0x13
 1442 001f 38       		.uleb128 0x38
 1443 0020 0B       		.uleb128 0xb
 1444 0021 00       		.byte	0
 1445 0022 00       		.byte	0
 1446 0023 03       		.uleb128 0x3
 1447 0024 16       		.uleb128 0x16
 1448 0025 00       		.byte	0
 1449 0026 03       		.uleb128 0x3
 1450 0027 0E       		.uleb128 0xe
 1451 0028 3A       		.uleb128 0x3a
 1452 0029 0B       		.uleb128 0xb
 1453 002a 3B       		.uleb128 0x3b
 1454 002b 0B       		.uleb128 0xb
 1455 002c 39       		.uleb128 0x39
 1456 002d 0B       		.uleb128 0xb
 1457 002e 49       		.uleb128 0x49
 1458 002f 13       		.uleb128 0x13
 1459 0030 00       		.byte	0
 1460 0031 00       		.byte	0
 1461 0032 04       		.uleb128 0x4
 1462 0033 24       		.uleb128 0x24
 1463 0034 00       		.byte	0
 1464 0035 0B       		.uleb128 0xb
 1465 0036 0B       		.uleb128 0xb
 1466 0037 3E       		.uleb128 0x3e
 1467 0038 0B       		.uleb128 0xb
 1468 0039 03       		.uleb128 0x3
 1469 003a 0E       		.uleb128 0xe
 1470 003b 00       		.byte	0
 1471 003c 00       		.byte	0
 1472 003d 05       		.uleb128 0x5
 1473 003e 05       		.uleb128 0x5
 1474 003f 00       		.byte	0
 1475 0040 49       		.uleb128 0x49
 1476 0041 13       		.uleb128 0x13
 1477 0042 00       		.byte	0
 1478 0043 00       		.byte	0
 1479 0044 06       		.uleb128 0x6
 1480 0045 0D       		.uleb128 0xd
ARM GAS  C:\Users\DEVELO~1\AppData\Local\Temp\ccYxf25s.s 			page 27


 1481 0046 00       		.byte	0
 1482 0047 03       		.uleb128 0x3
 1483 0048 0E       		.uleb128 0xe
 1484 0049 3A       		.uleb128 0x3a
 1485 004a 21       		.uleb128 0x21
 1486 004b 07       		.sleb128 7
 1487 004c 3B       		.uleb128 0x3b
 1488 004d 05       		.uleb128 0x5
 1489 004e 39       		.uleb128 0x39
 1490 004f 0B       		.uleb128 0xb
 1491 0050 49       		.uleb128 0x49
 1492 0051 13       		.uleb128 0x13
 1493 0052 38       		.uleb128 0x38
 1494 0053 05       		.uleb128 0x5
 1495 0054 00       		.byte	0
 1496 0055 00       		.byte	0
 1497 0056 07       		.uleb128 0x7
 1498 0057 0D       		.uleb128 0xd
 1499 0058 00       		.byte	0
 1500 0059 03       		.uleb128 0x3
 1501 005a 08       		.uleb128 0x8
 1502 005b 3A       		.uleb128 0x3a
 1503 005c 0B       		.uleb128 0xb
 1504 005d 3B       		.uleb128 0x3b
 1505 005e 0B       		.uleb128 0xb
 1506 005f 39       		.uleb128 0x39
 1507 0060 0B       		.uleb128 0xb
 1508 0061 49       		.uleb128 0x49
 1509 0062 13       		.uleb128 0x13
 1510 0063 38       		.uleb128 0x38
 1511 0064 0B       		.uleb128 0xb
 1512 0065 00       		.byte	0
 1513 0066 00       		.byte	0
 1514 0067 08       		.uleb128 0x8
 1515 0068 0D       		.uleb128 0xd
 1516 0069 00       		.byte	0
 1517 006a 03       		.uleb128 0x3
 1518 006b 08       		.uleb128 0x8
 1519 006c 3A       		.uleb128 0x3a
 1520 006d 21       		.uleb128 0x21
 1521 006e 07       		.sleb128 7
 1522 006f 3B       		.uleb128 0x3b
 1523 0070 05       		.uleb128 0x5
 1524 0071 39       		.uleb128 0x39
 1525 0072 0B       		.uleb128 0xb
 1526 0073 49       		.uleb128 0x49
 1527 0074 13       		.uleb128 0x13
 1528 0075 38       		.uleb128 0x38
 1529 0076 0B       		.uleb128 0xb
 1530 0077 00       		.byte	0
 1531 0078 00       		.byte	0
 1532 0079 09       		.uleb128 0x9
 1533 007a 2E       		.uleb128 0x2e
 1534 007b 00       		.byte	0
 1535 007c 3F       		.uleb128 0x3f
 1536 007d 19       		.uleb128 0x19
 1537 007e 03       		.uleb128 0x3
ARM GAS  C:\Users\DEVELO~1\AppData\Local\Temp\ccYxf25s.s 			page 28


 1538 007f 0E       		.uleb128 0xe
 1539 0080 3A       		.uleb128 0x3a
 1540 0081 0B       		.uleb128 0xb
 1541 0082 3B       		.uleb128 0x3b
 1542 0083 0B       		.uleb128 0xb
 1543 0084 39       		.uleb128 0x39
 1544 0085 21       		.uleb128 0x21
 1545 0086 06       		.sleb128 6
 1546 0087 27       		.uleb128 0x27
 1547 0088 19       		.uleb128 0x19
 1548 0089 3C       		.uleb128 0x3c
 1549 008a 19       		.uleb128 0x19
 1550 008b 00       		.byte	0
 1551 008c 00       		.byte	0
 1552 008d 0A       		.uleb128 0xa
 1553 008e 0F       		.uleb128 0xf
 1554 008f 00       		.byte	0
 1555 0090 0B       		.uleb128 0xb
 1556 0091 21       		.uleb128 0x21
 1557 0092 04       		.sleb128 4
 1558 0093 49       		.uleb128 0x49
 1559 0094 13       		.uleb128 0x13
 1560 0095 00       		.byte	0
 1561 0096 00       		.byte	0
 1562 0097 0B       		.uleb128 0xb
 1563 0098 13       		.uleb128 0x13
 1564 0099 01       		.byte	0x1
 1565 009a 0B       		.uleb128 0xb
 1566 009b 0B       		.uleb128 0xb
 1567 009c 3A       		.uleb128 0x3a
 1568 009d 0B       		.uleb128 0xb
 1569 009e 3B       		.uleb128 0x3b
 1570 009f 0B       		.uleb128 0xb
 1571 00a0 39       		.uleb128 0x39
 1572 00a1 0B       		.uleb128 0xb
 1573 00a2 01       		.uleb128 0x1
 1574 00a3 13       		.uleb128 0x13
 1575 00a4 00       		.byte	0
 1576 00a5 00       		.byte	0
 1577 00a6 0C       		.uleb128 0xc
 1578 00a7 01       		.uleb128 0x1
 1579 00a8 01       		.byte	0x1
 1580 00a9 49       		.uleb128 0x49
 1581 00aa 13       		.uleb128 0x13
 1582 00ab 01       		.uleb128 0x1
 1583 00ac 13       		.uleb128 0x13
 1584 00ad 00       		.byte	0
 1585 00ae 00       		.byte	0
 1586 00af 0D       		.uleb128 0xd
 1587 00b0 21       		.uleb128 0x21
 1588 00b1 00       		.byte	0
 1589 00b2 49       		.uleb128 0x49
 1590 00b3 13       		.uleb128 0x13
 1591 00b4 2F       		.uleb128 0x2f
 1592 00b5 0B       		.uleb128 0xb
 1593 00b6 00       		.byte	0
 1594 00b7 00       		.byte	0
ARM GAS  C:\Users\DEVELO~1\AppData\Local\Temp\ccYxf25s.s 			page 29


 1595 00b8 0E       		.uleb128 0xe
 1596 00b9 35       		.uleb128 0x35
 1597 00ba 00       		.byte	0
 1598 00bb 49       		.uleb128 0x49
 1599 00bc 13       		.uleb128 0x13
 1600 00bd 00       		.byte	0
 1601 00be 00       		.byte	0
 1602 00bf 0F       		.uleb128 0xf
 1603 00c0 16       		.uleb128 0x16
 1604 00c1 00       		.byte	0
 1605 00c2 03       		.uleb128 0x3
 1606 00c3 0E       		.uleb128 0xe
 1607 00c4 3A       		.uleb128 0x3a
 1608 00c5 21       		.uleb128 0x21
 1609 00c6 07       		.sleb128 7
 1610 00c7 3B       		.uleb128 0x3b
 1611 00c8 05       		.uleb128 0x5
 1612 00c9 39       		.uleb128 0x39
 1613 00ca 21       		.uleb128 0x21
 1614 00cb 03       		.sleb128 3
 1615 00cc 49       		.uleb128 0x49
 1616 00cd 13       		.uleb128 0x13
 1617 00ce 00       		.byte	0
 1618 00cf 00       		.byte	0
 1619 00d0 10       		.uleb128 0x10
 1620 00d1 0D       		.uleb128 0xd
 1621 00d2 00       		.byte	0
 1622 00d3 03       		.uleb128 0x3
 1623 00d4 08       		.uleb128 0x8
 1624 00d5 3A       		.uleb128 0x3a
 1625 00d6 21       		.uleb128 0x21
 1626 00d7 08       		.sleb128 8
 1627 00d8 3B       		.uleb128 0x3b
 1628 00d9 0B       		.uleb128 0xb
 1629 00da 39       		.uleb128 0x39
 1630 00db 0B       		.uleb128 0xb
 1631 00dc 49       		.uleb128 0x49
 1632 00dd 13       		.uleb128 0x13
 1633 00de 00       		.byte	0
 1634 00df 00       		.byte	0
 1635 00e0 11       		.uleb128 0x11
 1636 00e1 2E       		.uleb128 0x2e
 1637 00e2 01       		.byte	0x1
 1638 00e3 3F       		.uleb128 0x3f
 1639 00e4 19       		.uleb128 0x19
 1640 00e5 03       		.uleb128 0x3
 1641 00e6 0E       		.uleb128 0xe
 1642 00e7 3A       		.uleb128 0x3a
 1643 00e8 0B       		.uleb128 0xb
 1644 00e9 3B       		.uleb128 0x3b
 1645 00ea 05       		.uleb128 0x5
 1646 00eb 39       		.uleb128 0x39
 1647 00ec 21       		.uleb128 0x21
 1648 00ed 08       		.sleb128 8
 1649 00ee 27       		.uleb128 0x27
 1650 00ef 19       		.uleb128 0x19
 1651 00f0 3C       		.uleb128 0x3c
ARM GAS  C:\Users\DEVELO~1\AppData\Local\Temp\ccYxf25s.s 			page 30


 1652 00f1 19       		.uleb128 0x19
 1653 00f2 01       		.uleb128 0x1
 1654 00f3 13       		.uleb128 0x13
 1655 00f4 00       		.byte	0
 1656 00f5 00       		.byte	0
 1657 00f6 12       		.uleb128 0x12
 1658 00f7 2E       		.uleb128 0x2e
 1659 00f8 00       		.byte	0
 1660 00f9 3F       		.uleb128 0x3f
 1661 00fa 19       		.uleb128 0x19
 1662 00fb 03       		.uleb128 0x3
 1663 00fc 0E       		.uleb128 0xe
 1664 00fd 3A       		.uleb128 0x3a
 1665 00fe 0B       		.uleb128 0xb
 1666 00ff 3B       		.uleb128 0x3b
 1667 0100 05       		.uleb128 0x5
 1668 0101 39       		.uleb128 0x39
 1669 0102 21       		.uleb128 0x21
 1670 0103 08       		.sleb128 8
 1671 0104 27       		.uleb128 0x27
 1672 0105 19       		.uleb128 0x19
 1673 0106 3C       		.uleb128 0x3c
 1674 0107 19       		.uleb128 0x19
 1675 0108 00       		.byte	0
 1676 0109 00       		.byte	0
 1677 010a 13       		.uleb128 0x13
 1678 010b 11       		.uleb128 0x11
 1679 010c 01       		.byte	0x1
 1680 010d 25       		.uleb128 0x25
 1681 010e 0E       		.uleb128 0xe
 1682 010f 13       		.uleb128 0x13
 1683 0110 0B       		.uleb128 0xb
 1684 0111 03       		.uleb128 0x3
 1685 0112 0E       		.uleb128 0xe
 1686 0113 1B       		.uleb128 0x1b
 1687 0114 0E       		.uleb128 0xe
 1688 0115 55       		.uleb128 0x55
 1689 0116 17       		.uleb128 0x17
 1690 0117 11       		.uleb128 0x11
 1691 0118 01       		.uleb128 0x1
 1692 0119 10       		.uleb128 0x10
 1693 011a 17       		.uleb128 0x17
 1694 011b 00       		.byte	0
 1695 011c 00       		.byte	0
 1696 011d 14       		.uleb128 0x14
 1697 011e 24       		.uleb128 0x24
 1698 011f 00       		.byte	0
 1699 0120 0B       		.uleb128 0xb
 1700 0121 0B       		.uleb128 0xb
 1701 0122 3E       		.uleb128 0x3e
 1702 0123 0B       		.uleb128 0xb
 1703 0124 03       		.uleb128 0x3
 1704 0125 08       		.uleb128 0x8
 1705 0126 00       		.byte	0
 1706 0127 00       		.byte	0
 1707 0128 15       		.uleb128 0x15
 1708 0129 26       		.uleb128 0x26
ARM GAS  C:\Users\DEVELO~1\AppData\Local\Temp\ccYxf25s.s 			page 31


 1709 012a 00       		.byte	0
 1710 012b 49       		.uleb128 0x49
 1711 012c 13       		.uleb128 0x13
 1712 012d 00       		.byte	0
 1713 012e 00       		.byte	0
 1714 012f 16       		.uleb128 0x16
 1715 0130 13       		.uleb128 0x13
 1716 0131 01       		.byte	0x1
 1717 0132 0B       		.uleb128 0xb
 1718 0133 05       		.uleb128 0x5
 1719 0134 3A       		.uleb128 0x3a
 1720 0135 0B       		.uleb128 0xb
 1721 0136 3B       		.uleb128 0x3b
 1722 0137 05       		.uleb128 0x5
 1723 0138 39       		.uleb128 0x39
 1724 0139 0B       		.uleb128 0xb
 1725 013a 01       		.uleb128 0x1
 1726 013b 13       		.uleb128 0x13
 1727 013c 00       		.byte	0
 1728 013d 00       		.byte	0
 1729 013e 17       		.uleb128 0x17
 1730 013f 17       		.uleb128 0x17
 1731 0140 01       		.byte	0x1
 1732 0141 0B       		.uleb128 0xb
 1733 0142 0B       		.uleb128 0xb
 1734 0143 3A       		.uleb128 0x3a
 1735 0144 0B       		.uleb128 0xb
 1736 0145 3B       		.uleb128 0x3b
 1737 0146 0B       		.uleb128 0xb
 1738 0147 39       		.uleb128 0x39
 1739 0148 0B       		.uleb128 0xb
 1740 0149 01       		.uleb128 0x1
 1741 014a 13       		.uleb128 0x13
 1742 014b 00       		.byte	0
 1743 014c 00       		.byte	0
 1744 014d 18       		.uleb128 0x18
 1745 014e 2E       		.uleb128 0x2e
 1746 014f 01       		.byte	0x1
 1747 0150 3F       		.uleb128 0x3f
 1748 0151 19       		.uleb128 0x19
 1749 0152 03       		.uleb128 0x3
 1750 0153 0E       		.uleb128 0xe
 1751 0154 3A       		.uleb128 0x3a
 1752 0155 0B       		.uleb128 0xb
 1753 0156 3B       		.uleb128 0x3b
 1754 0157 0B       		.uleb128 0xb
 1755 0158 39       		.uleb128 0x39
 1756 0159 0B       		.uleb128 0xb
 1757 015a 27       		.uleb128 0x27
 1758 015b 19       		.uleb128 0x19
 1759 015c 3C       		.uleb128 0x3c
 1760 015d 19       		.uleb128 0x19
 1761 015e 01       		.uleb128 0x1
 1762 015f 13       		.uleb128 0x13
 1763 0160 00       		.byte	0
 1764 0161 00       		.byte	0
 1765 0162 19       		.uleb128 0x19
ARM GAS  C:\Users\DEVELO~1\AppData\Local\Temp\ccYxf25s.s 			page 32


 1766 0163 2E       		.uleb128 0x2e
 1767 0164 01       		.byte	0x1
 1768 0165 3F       		.uleb128 0x3f
 1769 0166 19       		.uleb128 0x19
 1770 0167 03       		.uleb128 0x3
 1771 0168 0E       		.uleb128 0xe
 1772 0169 3A       		.uleb128 0x3a
 1773 016a 0B       		.uleb128 0xb
 1774 016b 3B       		.uleb128 0x3b
 1775 016c 05       		.uleb128 0x5
 1776 016d 39       		.uleb128 0x39
 1777 016e 0B       		.uleb128 0xb
 1778 016f 27       		.uleb128 0x27
 1779 0170 19       		.uleb128 0x19
 1780 0171 49       		.uleb128 0x49
 1781 0172 13       		.uleb128 0x13
 1782 0173 3C       		.uleb128 0x3c
 1783 0174 19       		.uleb128 0x19
 1784 0175 01       		.uleb128 0x1
 1785 0176 13       		.uleb128 0x13
 1786 0177 00       		.byte	0
 1787 0178 00       		.byte	0
 1788 0179 1A       		.uleb128 0x1a
 1789 017a 18       		.uleb128 0x18
 1790 017b 00       		.byte	0
 1791 017c 00       		.byte	0
 1792 017d 00       		.byte	0
 1793 017e 1B       		.uleb128 0x1b
 1794 017f 2E       		.uleb128 0x2e
 1795 0180 01       		.byte	0x1
 1796 0181 3F       		.uleb128 0x3f
 1797 0182 19       		.uleb128 0x19
 1798 0183 03       		.uleb128 0x3
 1799 0184 0E       		.uleb128 0xe
 1800 0185 3A       		.uleb128 0x3a
 1801 0186 0B       		.uleb128 0xb
 1802 0187 3B       		.uleb128 0x3b
 1803 0188 0B       		.uleb128 0xb
 1804 0189 39       		.uleb128 0x39
 1805 018a 0B       		.uleb128 0xb
 1806 018b 27       		.uleb128 0x27
 1807 018c 19       		.uleb128 0x19
 1808 018d 49       		.uleb128 0x49
 1809 018e 13       		.uleb128 0x13
 1810 018f 11       		.uleb128 0x11
 1811 0190 01       		.uleb128 0x1
 1812 0191 12       		.uleb128 0x12
 1813 0192 06       		.uleb128 0x6
 1814 0193 40       		.uleb128 0x40
 1815 0194 18       		.uleb128 0x18
 1816 0195 7C       		.uleb128 0x7c
 1817 0196 19       		.uleb128 0x19
 1818 0197 01       		.uleb128 0x1
 1819 0198 13       		.uleb128 0x13
 1820 0199 00       		.byte	0
 1821 019a 00       		.byte	0
 1822 019b 1C       		.uleb128 0x1c
ARM GAS  C:\Users\DEVELO~1\AppData\Local\Temp\ccYxf25s.s 			page 33


 1823 019c 34       		.uleb128 0x34
 1824 019d 00       		.byte	0
 1825 019e 03       		.uleb128 0x3
 1826 019f 0E       		.uleb128 0xe
 1827 01a0 3A       		.uleb128 0x3a
 1828 01a1 0B       		.uleb128 0xb
 1829 01a2 3B       		.uleb128 0x3b
 1830 01a3 0B       		.uleb128 0xb
 1831 01a4 39       		.uleb128 0x39
 1832 01a5 0B       		.uleb128 0xb
 1833 01a6 49       		.uleb128 0x49
 1834 01a7 13       		.uleb128 0x13
 1835 01a8 02       		.uleb128 0x2
 1836 01a9 18       		.uleb128 0x18
 1837 01aa 00       		.byte	0
 1838 01ab 00       		.byte	0
 1839 01ac 1D       		.uleb128 0x1d
 1840 01ad 0B       		.uleb128 0xb
 1841 01ae 01       		.byte	0x1
 1842 01af 11       		.uleb128 0x11
 1843 01b0 01       		.uleb128 0x1
 1844 01b1 12       		.uleb128 0x12
 1845 01b2 06       		.uleb128 0x6
 1846 01b3 00       		.byte	0
 1847 01b4 00       		.byte	0
 1848 01b5 1E       		.uleb128 0x1e
 1849 01b6 34       		.uleb128 0x34
 1850 01b7 00       		.byte	0
 1851 01b8 03       		.uleb128 0x3
 1852 01b9 08       		.uleb128 0x8
 1853 01ba 3A       		.uleb128 0x3a
 1854 01bb 0B       		.uleb128 0xb
 1855 01bc 3B       		.uleb128 0x3b
 1856 01bd 0B       		.uleb128 0xb
 1857 01be 39       		.uleb128 0x39
 1858 01bf 0B       		.uleb128 0xb
 1859 01c0 49       		.uleb128 0x49
 1860 01c1 13       		.uleb128 0x13
 1861 01c2 02       		.uleb128 0x2
 1862 01c3 18       		.uleb128 0x18
 1863 01c4 00       		.byte	0
 1864 01c5 00       		.byte	0
 1865 01c6 1F       		.uleb128 0x1f
 1866 01c7 2E       		.uleb128 0x2e
 1867 01c8 00       		.byte	0
 1868 01c9 03       		.uleb128 0x3
 1869 01ca 0E       		.uleb128 0xe
 1870 01cb 3A       		.uleb128 0x3a
 1871 01cc 0B       		.uleb128 0xb
 1872 01cd 3B       		.uleb128 0x3b
 1873 01ce 0B       		.uleb128 0xb
 1874 01cf 39       		.uleb128 0x39
 1875 01d0 0B       		.uleb128 0xb
 1876 01d1 27       		.uleb128 0x27
 1877 01d2 19       		.uleb128 0x19
 1878 01d3 49       		.uleb128 0x49
 1879 01d4 13       		.uleb128 0x13
ARM GAS  C:\Users\DEVELO~1\AppData\Local\Temp\ccYxf25s.s 			page 34


 1880 01d5 11       		.uleb128 0x11
 1881 01d6 01       		.uleb128 0x1
 1882 01d7 12       		.uleb128 0x12
 1883 01d8 06       		.uleb128 0x6
 1884 01d9 40       		.uleb128 0x40
 1885 01da 18       		.uleb128 0x18
 1886 01db 7A       		.uleb128 0x7a
 1887 01dc 19       		.uleb128 0x19
 1888 01dd 00       		.byte	0
 1889 01de 00       		.byte	0
 1890 01df 20       		.uleb128 0x20
 1891 01e0 2E       		.uleb128 0x2e
 1892 01e1 01       		.byte	0x1
 1893 01e2 03       		.uleb128 0x3
 1894 01e3 0E       		.uleb128 0xe
 1895 01e4 3A       		.uleb128 0x3a
 1896 01e5 0B       		.uleb128 0xb
 1897 01e6 3B       		.uleb128 0x3b
 1898 01e7 0B       		.uleb128 0xb
 1899 01e8 39       		.uleb128 0x39
 1900 01e9 0B       		.uleb128 0xb
 1901 01ea 27       		.uleb128 0x27
 1902 01eb 19       		.uleb128 0x19
 1903 01ec 11       		.uleb128 0x11
 1904 01ed 01       		.uleb128 0x1
 1905 01ee 12       		.uleb128 0x12
 1906 01ef 06       		.uleb128 0x6
 1907 01f0 40       		.uleb128 0x40
 1908 01f1 18       		.uleb128 0x18
 1909 01f2 7C       		.uleb128 0x7c
 1910 01f3 19       		.uleb128 0x19
 1911 01f4 01       		.uleb128 0x1
 1912 01f5 13       		.uleb128 0x13
 1913 01f6 00       		.byte	0
 1914 01f7 00       		.byte	0
 1915 01f8 21       		.uleb128 0x21
 1916 01f9 1D       		.uleb128 0x1d
 1917 01fa 00       		.byte	0
 1918 01fb 31       		.uleb128 0x31
 1919 01fc 13       		.uleb128 0x13
 1920 01fd 11       		.uleb128 0x11
 1921 01fe 01       		.uleb128 0x1
 1922 01ff 12       		.uleb128 0x12
 1923 0200 06       		.uleb128 0x6
 1924 0201 58       		.uleb128 0x58
 1925 0202 0B       		.uleb128 0xb
 1926 0203 59       		.uleb128 0x59
 1927 0204 0B       		.uleb128 0xb
 1928 0205 57       		.uleb128 0x57
 1929 0206 0B       		.uleb128 0xb
 1930 0207 00       		.byte	0
 1931 0208 00       		.byte	0
 1932 0209 22       		.uleb128 0x22
 1933 020a 2E       		.uleb128 0x2e
 1934 020b 00       		.byte	0
 1935 020c 03       		.uleb128 0x3
 1936 020d 0E       		.uleb128 0xe
ARM GAS  C:\Users\DEVELO~1\AppData\Local\Temp\ccYxf25s.s 			page 35


 1937 020e 3A       		.uleb128 0x3a
 1938 020f 0B       		.uleb128 0xb
 1939 0210 3B       		.uleb128 0x3b
 1940 0211 05       		.uleb128 0x5
 1941 0212 39       		.uleb128 0x39
 1942 0213 0B       		.uleb128 0xb
 1943 0214 27       		.uleb128 0x27
 1944 0215 19       		.uleb128 0x19
 1945 0216 20       		.uleb128 0x20
 1946 0217 0B       		.uleb128 0xb
 1947 0218 00       		.byte	0
 1948 0219 00       		.byte	0
 1949 021a 00       		.byte	0
 1950              		.section	.debug_aranges,"",%progbits
 1951 0000 2C000000 		.4byte	0x2c
 1952 0004 0200     		.2byte	0x2
 1953 0006 00000000 		.4byte	.Ldebug_info0
 1954 000a 04       		.byte	0x4
 1955 000b 00       		.byte	0
 1956 000c 0000     		.2byte	0
 1957 000e 0000     		.2byte	0
 1958 0010 00000000 		.4byte	.LFB435
 1959 0014 A4000000 		.4byte	.LFE435-.LFB435
 1960 0018 00000000 		.4byte	.LFB436
 1961 001c 30000000 		.4byte	.LFE436-.LFB436
 1962 0020 00000000 		.4byte	.LFB437
 1963 0024 60000000 		.4byte	.LFE437-.LFB437
 1964 0028 00000000 		.4byte	0
 1965 002c 00000000 		.4byte	0
 1966              		.section	.debug_rnglists,"",%progbits
 1967              	.Ldebug_ranges0:
 1968 0000 1C000000 		.4byte	.Ldebug_ranges3-.Ldebug_ranges2
 1969              	.Ldebug_ranges2:
 1970 0004 0500     		.2byte	0x5
 1971 0006 04       		.byte	0x4
 1972 0007 00       		.byte	0
 1973 0008 00000000 		.4byte	0
 1974              	.LLRL0:
 1975 000c 07       		.byte	0x7
 1976 000d 00000000 		.4byte	.LFB435
 1977 0011 A401     		.uleb128 .LFE435-.LFB435
 1978 0013 07       		.byte	0x7
 1979 0014 00000000 		.4byte	.LFB436
 1980 0018 30       		.uleb128 .LFE436-.LFB436
 1981 0019 07       		.byte	0x7
 1982 001a 00000000 		.4byte	.LFB437
 1983 001e 60       		.uleb128 .LFE437-.LFB437
 1984 001f 00       		.byte	0
 1985              	.Ldebug_ranges3:
 1986              		.section	.debug_line,"",%progbits
 1987              	.Ldebug_line0:
 1988 0000 D7030000 		.section	.debug_str,"MS",%progbits,1
 1988      0300EA02 
 1988      00000201 
 1988      FB0E0D00 
 1988      01010101 
 1989              	.LASF39:
ARM GAS  C:\Users\DEVELO~1\AppData\Local\Temp\ccYxf25s.s 			page 36


 1990 0000 4F465231 		.ascii	"OFR1\000"
 1990      00
 1991              	.LASF40:
 1992 0005 4F465232 		.ascii	"OFR2\000"
 1992      00
 1993              	.LASF50:
 1994 000a 41574433 		.ascii	"AWD3CR\000"
 1994      435200
 1995              	.LASF120:
 1996 0011 50555044 		.ascii	"PUPDR\000"
 1996      5200
 1997              	.LASF69:
 1998 0017 504C4C31 		.ascii	"PLL1DIVR\000"
 1998      44495652 
 1998      00
 1999              	.LASF137:
 2000 0020 63685468 		.ascii	"chThdSleep\000"
 2000      64536C65 
 2000      657000
 2001              	.LASF4:
 2002 002b 73697A65 		.ascii	"size_t\000"
 2002      5F7400
 2003              	.LASF132:
 2004 0032 5F70616C 		.ascii	"_pal_lld_setgroupmode\000"
 2004      5F6C6C64 
 2004      5F736574 
 2004      67726F75 
 2004      706D6F64 
 2005              	.LASF86:
 2006 0048 41484234 		.ascii	"AHB4RSTR\000"
 2006      52535452 
 2006      00
 2007              	.LASF18:
 2008 0051 75696E74 		.ascii	"uint64_t\000"
 2008      36345F74 
 2008      00
 2009              	.LASF133:
 2010 005a 6472765F 		.ascii	"drv_display_init\000"
 2010      64697370 
 2010      6C61795F 
 2010      696E6974 
 2010      00
 2011              	.LASF118:
 2012 006b 4F545950 		.ascii	"OTYPER\000"
 2012      455200
 2013              	.LASF5:
 2014 0072 5F5F7569 		.ascii	"__uint8_t\000"
 2014      6E74385F 
 2014      7400
 2015              	.LASF66:
 2016 007c 44334346 		.ascii	"D3CFGR\000"
 2016      475200
 2017              	.LASF110:
 2018 0083 41504231 		.ascii	"APB1HLPENR\000"
 2018      484C5045 
 2018      4E5200
 2019              	.LASF126:
ARM GAS  C:\Users\DEVELO~1\AppData\Local\Temp\ccYxf25s.s 			page 37


 2020 008e 696F706F 		.ascii	"ioportmask_t\000"
 2020      72746D61 
 2020      736B5F74 
 2020      00
 2021              	.LASF117:
 2022 009b 4D4F4445 		.ascii	"MODER\000"
 2022      5200
 2023              	.LASF14:
 2024 00a1 6C6F6E67 		.ascii	"long long unsigned int\000"
 2024      206C6F6E 
 2024      6720756E 
 2024      7369676E 
 2024      65642069 
 2025              	.LASF92:
 2026 00b8 4433414D 		.ascii	"D3AMR\000"
 2026      5200
 2027              	.LASF57:
 2028 00be 44494653 		.ascii	"DIFSEL\000"
 2028      454C00
 2029              	.LASF105:
 2030 00c5 41484231 		.ascii	"AHB1LPENR\000"
 2030      4C50454E 
 2030      5200
 2031              	.LASF79:
 2032 00cf 43494552 		.ascii	"CIER\000"
 2032      00
 2033              	.LASF37:
 2034 00d4 4A535152 		.ascii	"JSQR\000"
 2034      00
 2035              	.LASF1:
 2036 00d9 6C6F6E67 		.ascii	"long long int\000"
 2036      206C6F6E 
 2036      6720696E 
 2036      7400
 2037              	.LASF3:
 2038 00e7 7369676E 		.ascii	"signed char\000"
 2038      65642063 
 2038      68617200 
 2039              	.LASF121:
 2040 00f3 42535252 		.ascii	"BSRR\000"
 2040      00
 2041              	.LASF84:
 2042 00f8 41484231 		.ascii	"AHB1RSTR\000"
 2042      52535452 
 2042      00
 2043              	.LASF135:
 2044 0101 63685379 		.ascii	"chSysInit\000"
 2044      73496E69 
 2044      7400
 2045              	.LASF144:
 2046 010b 6164635F 		.ascii	"adc_read_once\000"
 2046      72656164 
 2046      5F6F6E63 
 2046      6500
 2047              	.LASF108:
 2048 0119 41504233 		.ascii	"APB3LPENR\000"
 2048      4C50454E 
ARM GAS  C:\Users\DEVELO~1\AppData\Local\Temp\ccYxf25s.s 			page 38


 2048      5200
 2049              	.LASF93:
 2050 0123 52455345 		.ascii	"RESERVED11\000"
 2050      52564544 
 2050      313100
 2051              	.LASF103:
 2052 012e 52455345 		.ascii	"RESERVED12\000"
 2052      52564544 
 2052      313200
 2053              	.LASF113:
 2054 0139 52455345 		.ascii	"RESERVED13\000"
 2054      52564544 
 2054      313300
 2055              	.LASF49:
 2056 0144 41574432 		.ascii	"AWD2CR\000"
 2056      435200
 2057              	.LASF70:
 2058 014b 504C4C31 		.ascii	"PLL1FRACR\000"
 2058      46524143 
 2058      5200
 2059              	.LASF90:
 2060 0155 41504232 		.ascii	"APB2RSTR\000"
 2060      52535452 
 2060      00
 2061              	.LASF131:
 2062 015e 6472765F 		.ascii	"drv_display_draw_text\000"
 2062      64697370 
 2062      6C61795F 
 2062      64726177 
 2062      5F746578 
 2063              	.LASF20:
 2064 0174 73797369 		.ascii	"sysinterval_t\000"
 2064      6E746572 
 2064      76616C5F 
 2064      7400
 2065              	.LASF16:
 2066 0182 75696E74 		.ascii	"uint16_t\000"
 2066      31365F74 
 2066      00
 2067              	.LASF60:
 2068 018b 4144435F 		.ascii	"ADC_TypeDef\000"
 2068      54797065 
 2068      44656600 
 2069              	.LASF58:
 2070 0197 43414C46 		.ascii	"CALFACT\000"
 2070      41435400 
 2071              	.LASF28:
 2072 019f 48545231 		.ascii	"HTR1\000"
 2072      00
 2073              	.LASF54:
 2074 01a4 48545232 		.ascii	"HTR2\000"
 2074      00
 2075              	.LASF56:
 2076 01a9 48545233 		.ascii	"HTR3\000"
 2076      00
 2077              	.LASF143:
 2078 01ae 6D61696E 		.ascii	"main\000"
ARM GAS  C:\Users\DEVELO~1\AppData\Local\Temp\ccYxf25s.s 			page 39


 2078      00
 2079              	.LASF68:
 2080 01b3 504C4C43 		.ascii	"PLLCFGR\000"
 2080      46475200 
 2081              	.LASF62:
 2082 01bb 43525243 		.ascii	"CRRCR\000"
 2082      5200
 2083              	.LASF80:
 2084 01c1 43494652 		.ascii	"CIFR\000"
 2084      00
 2085              	.LASF73:
 2086 01c6 504C4C33 		.ascii	"PLL3DIVR\000"
 2086      44495652 
 2086      00
 2087              	.LASF138:
 2088 01cf 6C696E65 		.ascii	"line\000"
 2088      00
 2089              	.LASF119:
 2090 01d4 4F535045 		.ascii	"OSPEEDR\000"
 2090      45445200 
 2091              	.LASF11:
 2092 01dc 5F5F7569 		.ascii	"__uint32_t\000"
 2092      6E743332 
 2092      5F7400
 2093              	.LASF76:
 2094 01e7 44324343 		.ascii	"D2CCIP1R\000"
 2094      49503152 
 2094      00
 2095              	.LASF78:
 2096 01f0 44334343 		.ascii	"D3CCIPR\000"
 2096      49505200 
 2097              	.LASF125:
 2098 01f8 73746D33 		.ascii	"stm32_gpio_t\000"
 2098      325F6770 
 2098      696F5F74 
 2098      00
 2099              	.LASF72:
 2100 0205 504C4C32 		.ascii	"PLL2FRACR\000"
 2100      46524143 
 2100      5200
 2101              	.LASF0:
 2102 020f 756E7369 		.ascii	"unsigned int\000"
 2102      676E6564 
 2102      20696E74 
 2102      00
 2103              	.LASF12:
 2104 021c 6C6F6E67 		.ascii	"long unsigned int\000"
 2104      20756E73 
 2104      69676E65 
 2104      6420696E 
 2104      7400
 2105              	.LASF136:
 2106 022e 68616C49 		.ascii	"halInit\000"
 2106      6E697400 
 2107              	.LASF114:
 2108 0236 5243435F 		.ascii	"RCC_TypeDef\000"
 2108      54797065 
ARM GAS  C:\Users\DEVELO~1\AppData\Local\Temp\ccYxf25s.s 			page 40


 2108      44656600 
 2109              	.LASF21:
 2110 0242 74696D65 		.ascii	"time_conv_t\000"
 2110      5F636F6E 
 2110      765F7400 
 2111              	.LASF9:
 2112 024e 73686F72 		.ascii	"short unsigned int\000"
 2112      7420756E 
 2112      7369676E 
 2112      65642069 
 2112      6E7400
 2113              	.LASF67:
 2114 0261 504C4C43 		.ascii	"PLLCKSELR\000"
 2114      4B53454C 
 2114      5200
 2115              	.LASF61:
 2116 026b 48534943 		.ascii	"HSICFGR\000"
 2116      46475200 
 2117              	.LASF139:
 2118 0273 474E5520 		.ascii	"GNU C17 11.3.1 20220712 -mcpu=cortex-m7 -mthumb -mf"
 2118      43313720 
 2118      31312E33 
 2118      2E312032 
 2118      30323230 
 2119 02a6 6C6F6174 		.ascii	"loat-abi=soft -march=armv7e-m -ggdb -O0 -ffunction-"
 2119      2D616269 
 2119      3D736F66 
 2119      74202D6D 
 2119      61726368 
 2120 02d9 73656374 		.ascii	"sections -fdata-sections -fno-common\000"
 2120      696F6E73 
 2120      202D6664 
 2120      6174612D 
 2120      73656374 
 2121              	.LASF83:
 2122 02fe 41484233 		.ascii	"AHB3RSTR\000"
 2122      52535452 
 2122      00
 2123              	.LASF100:
 2124 0307 41504231 		.ascii	"APB1HENR\000"
 2124      48454E52 
 2124      00
 2125              	.LASF77:
 2126 0310 44324343 		.ascii	"D2CCIP2R\000"
 2126      49503252 
 2126      00
 2127              	.LASF122:
 2128 0319 4C4F434B 		.ascii	"LOCKR\000"
 2128      5200
 2129              	.LASF129:
 2130 031f 6472765F 		.ascii	"drv_display_update\000"
 2130      64697370 
 2130      6C61795F 
 2130      75706461 
 2130      746500
 2131              	.LASF111:
 2132 0332 41504232 		.ascii	"APB2LPENR\000"
ARM GAS  C:\Users\DEVELO~1\AppData\Local\Temp\ccYxf25s.s 			page 41


 2132      4C50454E 
 2132      5200
 2133              	.LASF74:
 2134 033c 504C4C33 		.ascii	"PLL3FRACR\000"
 2134      46524143 
 2134      5200
 2135              	.LASF41:
 2136 0346 4F465233 		.ascii	"OFR3\000"
 2136      00
 2137              	.LASF42:
 2138 034b 4F465234 		.ascii	"OFR4\000"
 2138      00
 2139              	.LASF146:
 2140 0350 5F5F4453 		.ascii	"__DSB\000"
 2140      4200
 2141              	.LASF91:
 2142 0356 41504234 		.ascii	"APB4RSTR\000"
 2142      52535452 
 2142      00
 2143              	.LASF102:
 2144 035f 41504234 		.ascii	"APB4ENR\000"
 2144      454E5200 
 2145              	.LASF116:
 2146 0367 636C6561 		.ascii	"clear\000"
 2146      7200
 2147              	.LASF89:
 2148 036d 41504231 		.ascii	"APB1HRSTR\000"
 2148      48525354 
 2148      5200
 2149              	.LASF45:
 2150 0377 4A445232 		.ascii	"JDR2\000"
 2150      00
 2151              	.LASF106:
 2152 037c 41484232 		.ascii	"AHB2LPENR\000"
 2152      4C50454E 
 2152      5200
 2153              	.LASF24:
 2154 0386 534D5052 		.ascii	"SMPR1\000"
 2154      3100
 2155              	.LASF25:
 2156 038c 534D5052 		.ascii	"SMPR2\000"
 2156      3200
 2157              	.LASF26:
 2158 0392 50435345 		.ascii	"PCSEL\000"
 2158      4C00
 2159              	.LASF31:
 2160 0398 53515231 		.ascii	"SQR1\000"
 2160      00
 2161              	.LASF32:
 2162 039d 53515232 		.ascii	"SQR2\000"
 2162      00
 2163              	.LASF33:
 2164 03a2 53515233 		.ascii	"SQR3\000"
 2164      00
 2165              	.LASF34:
 2166 03a7 53515234 		.ascii	"SQR4\000"
 2166      00
ARM GAS  C:\Users\DEVELO~1\AppData\Local\Temp\ccYxf25s.s 			page 42


 2167              	.LASF88:
 2168 03ac 41504231 		.ascii	"APB1LRSTR\000"
 2168      4C525354 
 2168      5200
 2169              	.LASF13:
 2170 03b6 5F5F7569 		.ascii	"__uint64_t\000"
 2170      6E743634 
 2170      5F7400
 2171              	.LASF124:
 2172 03c1 41465248 		.ascii	"AFRH\000"
 2172      00
 2173              	.LASF98:
 2174 03c6 41504233 		.ascii	"APB3ENR\000"
 2174      454E5200 
 2175              	.LASF123:
 2176 03ce 4146524C 		.ascii	"AFRL\000"
 2176      00
 2177              	.LASF97:
 2178 03d3 41484234 		.ascii	"AHB4ENR\000"
 2178      454E5200 
 2179              	.LASF29:
 2180 03db 52455345 		.ascii	"RESERVED1\000"
 2180      52564544 
 2180      3100
 2181              	.LASF30:
 2182 03e5 52455345 		.ascii	"RESERVED2\000"
 2182      52564544 
 2182      3200
 2183              	.LASF35:
 2184 03ef 52455345 		.ascii	"RESERVED3\000"
 2184      52564544 
 2184      3300
 2185              	.LASF65:
 2186 03f9 44324346 		.ascii	"D2CFGR\000"
 2186      475200
 2187              	.LASF38:
 2188 0400 52455345 		.ascii	"RESERVED5\000"
 2188      52564544 
 2188      3500
 2189              	.LASF43:
 2190 040a 52455345 		.ascii	"RESERVED6\000"
 2190      52564544 
 2190      3600
 2191              	.LASF48:
 2192 0414 52455345 		.ascii	"RESERVED7\000"
 2192      52564544 
 2192      3700
 2193              	.LASF51:
 2194 041e 52455345 		.ascii	"RESERVED8\000"
 2194      52564544 
 2194      3800
 2195              	.LASF52:
 2196 0428 52455345 		.ascii	"RESERVED9\000"
 2196      52564544 
 2196      3900
 2197              	.LASF115:
 2198 0432 5F426F6F 		.ascii	"_Bool\000"
ARM GAS  C:\Users\DEVELO~1\AppData\Local\Temp\ccYxf25s.s 			page 43


 2198      6C00
 2199              	.LASF71:
 2200 0438 504C4C32 		.ascii	"PLL2DIVR\000"
 2200      44495652 
 2200      00
 2201              	.LASF6:
 2202 0441 756E7369 		.ascii	"unsigned char\000"
 2202      676E6564 
 2202      20636861 
 2202      7200
 2203              	.LASF7:
 2204 044f 73686F72 		.ascii	"short int\000"
 2204      7420696E 
 2204      7400
 2205              	.LASF141:
 2206 0459 433A5C50 		.ascii	"C:\\PROJET\\ChibiOS project\\ChibiOS_21.11.4\\demos"
 2206      524F4A45 
 2206      545C4368 
 2206      6962694F 
 2206      53207072 
 2207 0488 5C53544D 		.ascii	"\\STM32\\RT-STM32H743ZI_REV_XY-NUCLEO144_Quartz8M\000"
 2207      33325C52 
 2207      542D5354 
 2207      4D333248 
 2207      3734335A 
 2208              	.LASF104:
 2209 04b8 41484233 		.ascii	"AHB3LPENR\000"
 2209      4C50454E 
 2209      5200
 2210              	.LASF112:
 2211 04c2 41504234 		.ascii	"APB4LPENR\000"
 2211      4C50454E 
 2211      5200
 2212              	.LASF101:
 2213 04cc 41504232 		.ascii	"APB2ENR\000"
 2213      454E5200 
 2214              	.LASF94:
 2215 04d4 41484233 		.ascii	"AHB3ENR\000"
 2215      454E5200 
 2216              	.LASF140:
 2217 04dc 6D61696E 		.ascii	"main.c\000"
 2217      2E6300
 2218              	.LASF36:
 2219 04e3 52455345 		.ascii	"RESERVED4\000"
 2219      52564544 
 2219      3400
 2220              	.LASF17:
 2221 04ed 75696E74 		.ascii	"uint32_t\000"
 2221      33325F74 
 2221      00
 2222              	.LASF75:
 2223 04f6 44314343 		.ascii	"D1CCIPR\000"
 2223      49505200 
 2224              	.LASF2:
 2225 04fe 6C6F6E67 		.ascii	"long double\000"
 2225      20646F75 
 2225      626C6500 
ARM GAS  C:\Users\DEVELO~1\AppData\Local\Temp\ccYxf25s.s 			page 44


 2226              	.LASF19:
 2227 050a 63686172 		.ascii	"char\000"
 2227      00
 2228              	.LASF8:
 2229 050f 5F5F7569 		.ascii	"__uint16_t\000"
 2229      6E743136 
 2229      5F7400
 2230              	.LASF85:
 2231 051a 41484232 		.ascii	"AHB2RSTR\000"
 2231      52535452 
 2231      00
 2232              	.LASF107:
 2233 0523 41484234 		.ascii	"AHB4LPENR\000"
 2233      4C50454E 
 2233      5200
 2234              	.LASF27:
 2235 052d 4C545231 		.ascii	"LTR1\000"
 2235      00
 2236              	.LASF53:
 2237 0532 4C545232 		.ascii	"LTR2\000"
 2237      00
 2238              	.LASF55:
 2239 0537 4C545233 		.ascii	"LTR3\000"
 2239      00
 2240              	.LASF128:
 2241 053c 696F706F 		.ascii	"ioportid_t\000"
 2241      72746964 
 2241      5F7400
 2242              	.LASF96:
 2243 0547 41484232 		.ascii	"AHB2ENR\000"
 2243      454E5200 
 2244              	.LASF87:
 2245 054f 41504233 		.ascii	"APB3RSTR\000"
 2245      52535452 
 2245      00
 2246              	.LASF63:
 2247 0558 43534943 		.ascii	"CSICFGR\000"
 2247      46475200 
 2248              	.LASF142:
 2249 0560 736E7072 		.ascii	"snprintf\000"
 2249      696E7466 
 2249      00
 2250              	.LASF109:
 2251 0569 41504231 		.ascii	"APB1LLPENR\000"
 2251      4C4C5045 
 2251      4E5200
 2252              	.LASF81:
 2253 0574 43494352 		.ascii	"CICR\000"
 2253      00
 2254              	.LASF82:
 2255 0579 42444352 		.ascii	"BDCR\000"
 2255      00
 2256              	.LASF23:
 2257 057e 43464752 		.ascii	"CFGR2\000"
 2257      3200
 2258              	.LASF15:
 2259 0584 75696E74 		.ascii	"uint8_t\000"
ARM GAS  C:\Users\DEVELO~1\AppData\Local\Temp\ccYxf25s.s 			page 45


 2259      385F7400 
 2260              	.LASF145:
 2261 058c 6164635F 		.ascii	"adc_lowlevel_init\000"
 2261      6C6F776C 
 2261      6576656C 
 2261      5F696E69 
 2261      7400
 2262              	.LASF44:
 2263 059e 4A445231 		.ascii	"JDR1\000"
 2263      00
 2264              	.LASF46:
 2265 05a3 4A445233 		.ascii	"JDR3\000"
 2265      00
 2266              	.LASF47:
 2267 05a8 4A445234 		.ascii	"JDR4\000"
 2267      00
 2268              	.LASF95:
 2269 05ad 41484231 		.ascii	"AHB1ENR\000"
 2269      454E5200 
 2270              	.LASF22:
 2271 05b5 43464752 		.ascii	"CFGR\000"
 2271      00
 2272              	.LASF10:
 2273 05ba 6C6F6E67 		.ascii	"long int\000"
 2273      20696E74 
 2273      00
 2274              	.LASF59:
 2275 05c3 43414C46 		.ascii	"CALFACT2\000"
 2275      41435432 
 2275      00
 2276              	.LASF99:
 2277 05cc 41504231 		.ascii	"APB1LENR\000"
 2277      4C454E52 
 2277      00
 2278              	.LASF127:
 2279 05d5 696F6D6F 		.ascii	"iomode_t\000"
 2279      64655F74 
 2279      00
 2280              	.LASF130:
 2281 05de 6472765F 		.ascii	"drv_display_clear\000"
 2281      64697370 
 2281      6C61795F 
 2281      636C6561 
 2281      7200
 2282              	.LASF64:
 2283 05f0 44314346 		.ascii	"D1CFGR\000"
 2283      475200
 2284              	.LASF134:
 2285 05f7 64726976 		.ascii	"drivers_init_all\000"
 2285      6572735F 
 2285      696E6974 
 2285      5F616C6C 
 2285      00
 2286              		.ident	"GCC: (Arm GNU Toolchain 11.3.Rel1) 11.3.1 20220712"
ARM GAS  C:\Users\DEVELO~1\AppData\Local\Temp\ccYxf25s.s 			page 46


DEFINED SYMBOLS
                            *ABS*:00000000 main.c
C:\Users\DEVELO~1\AppData\Local\Temp\ccYxf25s.s:18     .text.adc_lowlevel_init:00000000 $t
C:\Users\DEVELO~1\AppData\Local\Temp\ccYxf25s.s:23     .text.adc_lowlevel_init:00000000 adc_lowlevel_init
C:\Users\DEVELO~1\AppData\Local\Temp\ccYxf25s.s:137    .text.adc_lowlevel_init:0000009c $d
C:\Users\DEVELO~1\AppData\Local\Temp\ccYxf25s.s:143    .text.adc_read_once:00000000 $t
C:\Users\DEVELO~1\AppData\Local\Temp\ccYxf25s.s:148    .text.adc_read_once:00000000 adc_read_once
C:\Users\DEVELO~1\AppData\Local\Temp\ccYxf25s.s:193    .text.adc_read_once:0000002c $d
C:\Users\DEVELO~1\AppData\Local\Temp\ccYxf25s.s:198    .rodata:00000000 $d
C:\Users\DEVELO~1\AppData\Local\Temp\ccYxf25s.s:202    .text.main:00000000 $t
C:\Users\DEVELO~1\AppData\Local\Temp\ccYxf25s.s:208    .text.main:00000000 main
C:\Users\DEVELO~1\AppData\Local\Temp\ccYxf25s.s:268    .text.main:00000058 $d

UNDEFINED SYMBOLS
chThdSleep
halInit
chSysInit
drivers_init_all
drv_display_init
_pal_lld_setgroupmode
drv_display_clear
snprintf
drv_display_draw_text
drv_display_update
