ARM GAS  C:\Users\DEVELO~1\AppData\Local\Temp\ccdJgx34.s 			page 1


   1              		.cpu cortex-m7
   2              		.arch armv7e-m
   3              		.fpu softvfp
   4              		.eabi_attribute 20, 1
   5              		.eabi_attribute 21, 1
   6              		.eabi_attribute 23, 3
   7              		.eabi_attribute 24, 1
   8              		.eabi_attribute 25, 1
   9              		.eabi_attribute 26, 1
  10              		.eabi_attribute 30, 6
  11              		.eabi_attribute 34, 1
  12              		.eabi_attribute 18, 4
  13              		.file	"mpu_config.c"
  14              		.text
  15              	.Ltext0:
  16              		.cfi_sections	.debug_frame
  17              		.section	.bss.initialized,"aw",%nobits
  18              		.type	initialized, %object
  19              		.size	initialized, 1
  20              	initialized:
  21 0000 00       		.space	1
  22              		.section	.text.mpu_compute_rasr_size,"ax",%progbits
  23              		.align	1
  24              		.syntax unified
  25              		.thumb
  26              		.thumb_func
  27              		.type	mpu_compute_rasr_size, %function
  28              	mpu_compute_rasr_size:
  29              	.LFB432:
  30              		.file 1 "mpu/mpu_config.c"
  31              		.loc 1 17 69
  32              		.cfi_startproc
  33              		@ args = 0, pretend = 0, frame = 16
  34              		@ frame_needed = 1, uses_anonymous_args = 0
  35              		@ link register save eliminated.
  36 0000 80B4     		push	{r7}
  37              		.cfi_def_cfa_offset 4
  38              		.cfi_offset 7, -4
  39 0002 85B0     		sub	sp, sp, #20
  40              		.cfi_def_cfa_offset 24
  41 0004 00AF     		add	r7, sp, #0
  42              		.cfi_def_cfa_register 7
  43 0006 7860     		str	r0, [r7, #4]
  44 0008 3960     		str	r1, [r7]
  45              		.loc 1 18 10
  46 000a 2023     		movs	r3, #32
  47 000c FB60     		str	r3, [r7, #12]
  48              		.loc 1 19 12
  49 000e 0823     		movs	r3, #8
  50 0010 BB60     		str	r3, [r7, #8]
  51              		.loc 1 21 6
  52 0012 7B68     		ldr	r3, [r7, #4]
  53 0014 1F2B     		cmp	r3, #31
  54 0016 07D8     		bhi	.L4
  55              		.loc 1 22 12
  56 0018 0023     		movs	r3, #0
  57 001a 0DE0     		b	.L3
ARM GAS  C:\Users\DEVELO~1\AppData\Local\Temp\ccdJgx34.s 			page 2


  58              	.L5:
  59              		.loc 1 26 17
  60 001c FB68     		ldr	r3, [r7, #12]
  61 001e 5B00     		lsls	r3, r3, #1
  62 0020 FB60     		str	r3, [r7, #12]
  63              		.loc 1 27 9
  64 0022 BB68     		ldr	r3, [r7, #8]
  65 0024 0133     		adds	r3, r3, #1
  66 0026 BB60     		str	r3, [r7, #8]
  67              	.L4:
  68              		.loc 1 25 22
  69 0028 FA68     		ldr	r2, [r7, #12]
  70 002a 7B68     		ldr	r3, [r7, #4]
  71 002c 9A42     		cmp	r2, r3
  72 002e F5D3     		bcc	.L5
  73              		.loc 1 30 14
  74 0030 3B68     		ldr	r3, [r7]
  75 0032 BA68     		ldr	r2, [r7, #8]
  76 0034 1A60     		str	r2, [r3]
  77              		.loc 1 31 10
  78 0036 0123     		movs	r3, #1
  79              	.L3:
  80              		.loc 1 32 1
  81 0038 1846     		mov	r0, r3
  82 003a 1437     		adds	r7, r7, #20
  83              		.cfi_def_cfa_offset 4
  84 003c BD46     		mov	sp, r7
  85              		.cfi_def_cfa_register 13
  86              		@ sp needed
  87 003e 80BC     		pop	{r7}
  88              		.cfi_restore 7
  89              		.cfi_def_cfa_offset 0
  90 0040 7047     		bx	lr
  91              		.cfi_endproc
  92              	.LFE432:
  93              		.size	mpu_compute_rasr_size, .-mpu_compute_rasr_size
  94              		.section	.text.mpu_config_init_once,"ax",%progbits
  95              		.align	1
  96              		.global	mpu_config_init_once
  97              		.syntax unified
  98              		.thumb
  99              		.thumb_func
 100              		.type	mpu_config_init_once, %function
 101              	mpu_config_init_once:
 102              	.LFB433:
 103              		.loc 1 34 33
 104              		.cfi_startproc
 105              		@ args = 0, pretend = 0, frame = 16
 106              		@ frame_needed = 1, uses_anonymous_args = 0
 107 0000 80B5     		push	{r7, lr}
 108              		.cfi_def_cfa_offset 8
 109              		.cfi_offset 7, -8
 110              		.cfi_offset 14, -4
 111 0002 84B0     		sub	sp, sp, #16
 112              		.cfi_def_cfa_offset 24
 113 0004 00AF     		add	r7, sp, #0
 114              		.cfi_def_cfa_register 7
ARM GAS  C:\Users\DEVELO~1\AppData\Local\Temp\ccdJgx34.s 			page 3


 115              		.loc 1 36 7
 116 0006 254B     		ldr	r3, .L11
 117 0008 1B78     		ldrb	r3, [r3]	@ zero_extendqisi2
 118              		.loc 1 36 6
 119 000a 002B     		cmp	r3, #0
 120 000c 01D0     		beq	.L7
 121              		.loc 1 37 12
 122 000e 0123     		movs	r3, #1
 123 0010 3FE0     		b	.L10
 124              	.L7:
 125              		.loc 1 39 15
 126 0012 224B     		ldr	r3, .L11
 127 0014 0122     		movs	r2, #1
 128 0016 1A70     		strb	r2, [r3]
 129              		.loc 1 43 13
 130 0018 214B     		ldr	r3, .L11+4
 131 001a FB60     		str	r3, [r7, #12]
 132              		.loc 1 44 46
 133 001c 214A     		ldr	r2, .L11+8
 134 001e 204B     		ldr	r3, .L11+4
 135 0020 D31A     		subs	r3, r2, r3
 136              		.loc 1 44 10
 137 0022 BB60     		str	r3, [r7, #8]
 138              		.loc 1 45 12
 139 0024 0023     		movs	r3, #0
 140 0026 7B60     		str	r3, [r7, #4]
 141              		.loc 1 48 8
 142 0028 3B1D     		adds	r3, r7, #4
 143 002a 1946     		mov	r1, r3
 144 002c B868     		ldr	r0, [r7, #8]
 145 002e FFF7FEFF 		bl	mpu_compute_rasr_size
 146 0032 0346     		mov	r3, r0
 147              		.loc 1 48 7
 148 0034 83F00103 		eor	r3, r3, #1
 149 0038 DBB2     		uxtb	r3, r3
 150              		.loc 1 48 6
 151 003a 002B     		cmp	r3, #0
 152 003c 01D0     		beq	.L9
 153              		.loc 1 49 12
 154 003e 0023     		movs	r3, #0
 155 0040 27E0     		b	.L10
 156              	.L9:
 157              		.loc 1 53 3
 158 0042 194B     		ldr	r3, .L11+12
 159 0044 5B6A     		ldr	r3, [r3, #36]
 160 0046 184A     		ldr	r2, .L11+12
 161 0048 23F48033 		bic	r3, r3, #65536
 162 004c 5362     		str	r3, [r2, #36]
 163 004e 174B     		ldr	r3, .L11+16
 164 0050 0022     		movs	r2, #0
 165 0052 5A60     		str	r2, [r3, #4]
 166              		.loc 1 59 3
 167 0054 154B     		ldr	r3, .L11+16
 168 0056 0122     		movs	r2, #1
 169 0058 9A60     		str	r2, [r3, #8]
 170 005a 144B     		ldr	r3, .L11+16
 171 005c 4FF04042 		mov	r2, #-1073741824
ARM GAS  C:\Users\DEVELO~1\AppData\Local\Temp\ccdJgx34.s 			page 4


 172 0060 DA60     		str	r2, [r3, #12]
 173 0062 124B     		ldr	r3, .L11+16
 174 0064 124A     		ldr	r2, .L11+20
 175 0066 1A61     		str	r2, [r3, #16]
 176              		.loc 1 71 3
 177 0068 104B     		ldr	r3, .L11+16
 178 006a 0322     		movs	r2, #3
 179 006c 9A60     		str	r2, [r3, #8]
 180 006e 0F4A     		ldr	r2, .L11+16
 181 0070 FB68     		ldr	r3, [r7, #12]
 182 0072 D360     		str	r3, [r2, #12]
 183 0074 7B68     		ldr	r3, [r7, #4]
 184 0076 0D4A     		ldr	r2, .L11+16
 185 0078 43F40023 		orr	r3, r3, #524288
 186 007c 1361     		str	r3, [r2, #16]
 187              		.loc 1 79 3
 188 007e 0B4B     		ldr	r3, .L11+16
 189 0080 0522     		movs	r2, #5
 190 0082 5A60     		str	r2, [r3, #4]
 191 0084 084B     		ldr	r3, .L11+12
 192 0086 5B6A     		ldr	r3, [r3, #36]
 193 0088 074A     		ldr	r2, .L11+12
 194 008a 43F48033 		orr	r3, r3, #65536
 195 008e 5362     		str	r3, [r2, #36]
 196              		.loc 1 83 10
 197 0090 0123     		movs	r3, #1
 198              	.L10:
 199              		.loc 1 84 1 discriminator 1
 200 0092 1846     		mov	r0, r3
 201 0094 1037     		adds	r7, r7, #16
 202              		.cfi_def_cfa_offset 8
 203 0096 BD46     		mov	sp, r7
 204              		.cfi_def_cfa_register 13
 205              		@ sp needed
 206 0098 80BD     		pop	{r7, pc}
 207              	.L12:
 208 009a 00BF     		.align	2
 209              	.L11:
 210 009c 00000000 		.word	initialized
 211 00a0 00000000 		.word	__nocache_base__
 212 00a4 00000000 		.word	__nocache_end__
 213 00a8 00ED00E0 		.word	-536810240
 214 00ac 90ED00E0 		.word	-536810096
 215 00b0 30000800 		.word	524336
 216              		.cfi_endproc
 217              	.LFE433:
 218              		.size	mpu_config_init_once, .-mpu_config_init_once
 219              		.text
 220              	.Letext0:
 221              		.file 2 "c:\\chibistudio\\tools\\gnu tools arm embedded\\11.3 2022.08\\arm-none-eabi\\include\\mac
 222              		.file 3 "c:\\chibistudio\\tools\\gnu tools arm embedded\\11.3 2022.08\\arm-none-eabi\\include\\sys
 223              		.file 4 "mpu/mpu_config.h"
 224              		.file 5 "c:\\chibistudio\\tools\\gnu tools arm embedded\\11.3 2022.08\\lib\\gcc\\arm-none-eabi\\11
 225              		.file 6 "../../../os/common/ext/ARM/CMSIS/Core/Include/core_cm7.h"
 226              		.section	.debug_info,"",%progbits
 227              	.Ldebug_info0:
 228 0000 62050000 		.4byte	0x562
ARM GAS  C:\Users\DEVELO~1\AppData\Local\Temp\ccdJgx34.s 			page 5


 229 0004 0500     		.2byte	0x5
 230 0006 01       		.byte	0x1
 231 0007 04       		.byte	0x4
 232 0008 00000000 		.4byte	.Ldebug_abbrev0
 233 000c 0E       		.uleb128 0xe
 234 000d 1C000000 		.4byte	.LASF86
 235 0011 1D       		.byte	0x1d
 236 0012 06000000 		.4byte	.LASF87
 237 0016 B8000000 		.4byte	.LASF88
 238 001a 0C000000 		.4byte	.LLRL0
 239 001e 00000000 		.4byte	0
 240 0022 00000000 		.4byte	.Ldebug_line0
 241 0026 03       		.uleb128 0x3
 242 0027 01       		.byte	0x1
 243 0028 06       		.byte	0x6
 244 0029 31020000 		.4byte	.LASF0
 245 002d 06       		.uleb128 0x6
 246 002e E2010000 		.4byte	.LASF5
 247 0032 02       		.byte	0x2
 248 0033 2B       		.byte	0x2b
 249 0034 18       		.byte	0x18
 250 0035 39000000 		.4byte	0x39
 251 0039 03       		.uleb128 0x3
 252 003a 01       		.byte	0x1
 253 003b 08       		.byte	0x8
 254 003c 1E020000 		.4byte	.LASF1
 255 0040 03       		.uleb128 0x3
 256 0041 02       		.byte	0x2
 257 0042 05       		.byte	0x5
 258 0043 A7000000 		.4byte	.LASF2
 259 0047 03       		.uleb128 0x3
 260 0048 02       		.byte	0x2
 261 0049 07       		.byte	0x7
 262 004a 92020000 		.4byte	.LASF3
 263 004e 03       		.uleb128 0x3
 264 004f 04       		.byte	0x4
 265 0050 05       		.byte	0x5
 266 0051 C1010000 		.4byte	.LASF4
 267 0055 06       		.uleb128 0x6
 268 0056 29010000 		.4byte	.LASF6
 269 005a 02       		.byte	0x2
 270 005b 4F       		.byte	0x4f
 271 005c 19       		.byte	0x19
 272 005d 61000000 		.4byte	0x61
 273 0061 03       		.uleb128 0x3
 274 0062 04       		.byte	0x4
 275 0063 07       		.byte	0x7
 276 0064 30030000 		.4byte	.LASF7
 277 0068 03       		.uleb128 0x3
 278 0069 08       		.byte	0x8
 279 006a 05       		.byte	0x5
 280 006b AE010000 		.4byte	.LASF8
 281 006f 03       		.uleb128 0x3
 282 0070 08       		.byte	0x8
 283 0071 07       		.byte	0x7
 284 0072 42020000 		.4byte	.LASF9
 285 0076 0F       		.uleb128 0xf
ARM GAS  C:\Users\DEVELO~1\AppData\Local\Temp\ccdJgx34.s 			page 6


 286 0077 04       		.byte	0x4
 287 0078 05       		.byte	0x5
 288 0079 696E7400 		.ascii	"int\000"
 289 007d 06       		.uleb128 0x6
 290 007e 56030000 		.4byte	.LASF10
 291 0082 02       		.byte	0x2
 292 0083 E8       		.byte	0xe8
 293 0084 1A       		.byte	0x1a
 294 0085 89000000 		.4byte	0x89
 295 0089 03       		.uleb128 0x3
 296 008a 04       		.byte	0x4
 297 008b 07       		.byte	0x7
 298 008c 66020000 		.4byte	.LASF11
 299 0090 06       		.uleb128 0x6
 300 0091 50010000 		.4byte	.LASF12
 301 0095 03       		.byte	0x3
 302 0096 18       		.byte	0x18
 303 0097 13       		.byte	0x13
 304 0098 2D000000 		.4byte	0x2d
 305 009c 07       		.uleb128 0x7
 306 009d 90000000 		.4byte	0x90
 307 00a1 06       		.uleb128 0x6
 308 00a2 09030000 		.4byte	.LASF13
 309 00a6 03       		.byte	0x3
 310 00a7 30       		.byte	0x30
 311 00a8 14       		.byte	0x14
 312 00a9 55000000 		.4byte	0x55
 313 00ad 07       		.uleb128 0x7
 314 00ae A1000000 		.4byte	0xa1
 315 00b2 09       		.uleb128 0x9
 316 00b3 AD000000 		.4byte	0xad
 317 00b7 06       		.uleb128 0x6
 318 00b8 61010000 		.4byte	.LASF14
 319 00bc 03       		.byte	0x3
 320 00bd 52       		.byte	0x52
 321 00be 15       		.byte	0x15
 322 00bf 7D000000 		.4byte	0x7d
 323 00c3 0B       		.uleb128 0xb
 324 00c4 AE030000 		.4byte	.LASF15
 325 00c8 12       		.byte	0x12
 326 00c9 90000000 		.4byte	0x90
 327 00cd 0B       		.uleb128 0xb
 328 00ce 87010000 		.4byte	.LASF16
 329 00d2 13       		.byte	0x13
 330 00d3 90000000 		.4byte	0x90
 331 00d7 06       		.uleb128 0x6
 332 00d8 B1000000 		.4byte	.LASF17
 333 00dc 05       		.byte	0x5
 334 00dd D1       		.byte	0xd1
 335 00de 17       		.byte	0x17
 336 00df 89000000 		.4byte	0x89
 337 00e3 03       		.uleb128 0x3
 338 00e4 08       		.byte	0x8
 339 00e5 04       		.byte	0x4
 340 00e6 1D010000 		.4byte	.LASF18
 341 00ea 03       		.uleb128 0x3
 342 00eb 01       		.byte	0x1
ARM GAS  C:\Users\DEVELO~1\AppData\Local\Temp\ccdJgx34.s 			page 7


 343 00ec 08       		.byte	0x8
 344 00ed BB020000 		.4byte	.LASF19
 345 00f1 10       		.uleb128 0x10
 346 00f2 AC02     		.2byte	0x2ac
 347 00f4 06       		.byte	0x6
 348 00f5 C701     		.2byte	0x1c7
 349 00f7 09       		.byte	0x9
 350 00f8 6D030000 		.4byte	0x36d
 351 00fc 01       		.uleb128 0x1
 352 00fd 44010000 		.4byte	.LASF20
 353 0101 C901     		.2byte	0x1c9
 354 0103 B2000000 		.4byte	0xb2
 355 0107 00       		.byte	0
 356 0108 01       		.uleb128 0x1
 357 0109 9D010000 		.4byte	.LASF21
 358 010d CA01     		.2byte	0x1ca
 359 010f AD000000 		.4byte	0xad
 360 0113 04       		.byte	0x4
 361 0114 01       		.uleb128 0x1
 362 0115 CD020000 		.4byte	.LASF22
 363 0119 CB01     		.2byte	0x1cb
 364 011b AD000000 		.4byte	0xad
 365 011f 08       		.byte	0x8
 366 0120 01       		.uleb128 0x1
 367 0121 18020000 		.4byte	.LASF23
 368 0125 CC01     		.2byte	0x1cc
 369 0127 AD000000 		.4byte	0xad
 370 012b 0C       		.byte	0xc
 371 012c 0A       		.uleb128 0xa
 372 012d 53435200 		.ascii	"SCR\000"
 373 0131 CD01     		.2byte	0x1cd
 374 0133 AD000000 		.4byte	0xad
 375 0137 10       		.byte	0x10
 376 0138 0A       		.uleb128 0xa
 377 0139 43435200 		.ascii	"CCR\000"
 378 013d CE01     		.2byte	0x1ce
 379 013f AD000000 		.4byte	0xad
 380 0143 14       		.byte	0x14
 381 0144 01       		.uleb128 0x1
 382 0145 3D020000 		.4byte	.LASF24
 383 0149 CF01     		.2byte	0x1cf
 384 014b 7D030000 		.4byte	0x37d
 385 014f 18       		.byte	0x18
 386 0150 01       		.uleb128 0x1
 387 0151 59020000 		.4byte	.LASF25
 388 0155 D001     		.2byte	0x1d0
 389 0157 AD000000 		.4byte	0xad
 390 015b 24       		.byte	0x24
 391 015c 01       		.uleb128 0x1
 392 015d EC010000 		.4byte	.LASF26
 393 0161 D101     		.2byte	0x1d1
 394 0163 AD000000 		.4byte	0xad
 395 0167 28       		.byte	0x28
 396 0168 01       		.uleb128 0x1
 397 0169 F5020000 		.4byte	.LASF27
 398 016d D201     		.2byte	0x1d2
 399 016f AD000000 		.4byte	0xad
ARM GAS  C:\Users\DEVELO~1\AppData\Local\Temp\ccdJgx34.s 			page 8


 400 0173 2C       		.byte	0x2c
 401 0174 01       		.uleb128 0x1
 402 0175 EA020000 		.4byte	.LASF28
 403 0179 D301     		.2byte	0x1d3
 404 017b AD000000 		.4byte	0xad
 405 017f 30       		.byte	0x30
 406 0180 01       		.uleb128 0x1
 407 0181 7B020000 		.4byte	.LASF29
 408 0185 D401     		.2byte	0x1d4
 409 0187 AD000000 		.4byte	0xad
 410 018b 34       		.byte	0x34
 411 018c 01       		.uleb128 0x1
 412 018d BC010000 		.4byte	.LASF30
 413 0191 D501     		.2byte	0x1d5
 414 0193 AD000000 		.4byte	0xad
 415 0197 38       		.byte	0x38
 416 0198 01       		.uleb128 0x1
 417 0199 9B030000 		.4byte	.LASF31
 418 019d D601     		.2byte	0x1d6
 419 019f AD000000 		.4byte	0xad
 420 01a3 3C       		.byte	0x3c
 421 01a4 01       		.uleb128 0x1
 422 01a5 5F020000 		.4byte	.LASF32
 423 01a9 D701     		.2byte	0x1d7
 424 01ab 97030000 		.4byte	0x397
 425 01af 40       		.byte	0x40
 426 01b0 01       		.uleb128 0x1
 427 01b1 A7030000 		.4byte	.LASF33
 428 01b5 D801     		.2byte	0x1d8
 429 01b7 B2000000 		.4byte	0xb2
 430 01bb 48       		.byte	0x48
 431 01bc 01       		.uleb128 0x1
 432 01bd 80010000 		.4byte	.LASF34
 433 01c1 D901     		.2byte	0x1d9
 434 01c3 B2000000 		.4byte	0xb2
 435 01c7 4C       		.byte	0x4c
 436 01c8 01       		.uleb128 0x1
 437 01c9 94030000 		.4byte	.LASF35
 438 01cd DA01     		.2byte	0x1da
 439 01cf B1030000 		.4byte	0x3b1
 440 01d3 50       		.byte	0x50
 441 01d4 01       		.uleb128 0x1
 442 01d5 10020000 		.4byte	.LASF36
 443 01d9 DB01     		.2byte	0x1db
 444 01db CB030000 		.4byte	0x3cb
 445 01df 60       		.byte	0x60
 446 01e0 01       		.uleb128 0x1
 447 01e1 FF020000 		.4byte	.LASF37
 448 01e5 DC01     		.2byte	0x1dc
 449 01e7 D0030000 		.4byte	0x3d0
 450 01eb 74       		.byte	0x74
 451 01ec 01       		.uleb128 0x1
 452 01ed 75010000 		.4byte	.LASF38
 453 01f1 DD01     		.2byte	0x1dd
 454 01f3 B2000000 		.4byte	0xb2
 455 01f7 78       		.byte	0x78
 456 01f8 0A       		.uleb128 0xa
ARM GAS  C:\Users\DEVELO~1\AppData\Local\Temp\ccdJgx34.s 			page 9


 457 01f9 43545200 		.ascii	"CTR\000"
 458 01fd DE01     		.2byte	0x1de
 459 01ff B2000000 		.4byte	0xb2
 460 0203 7C       		.byte	0x7c
 461 0204 01       		.uleb128 0x1
 462 0205 DB010000 		.4byte	.LASF39
 463 0209 DF01     		.2byte	0x1df
 464 020b B2000000 		.4byte	0xb2
 465 020f 80       		.byte	0x80
 466 0210 01       		.uleb128 0x1
 467 0211 8B020000 		.4byte	.LASF40
 468 0215 E001     		.2byte	0x1e0
 469 0217 AD000000 		.4byte	0xad
 470 021b 84       		.byte	0x84
 471 021c 01       		.uleb128 0x1
 472 021d CB030000 		.4byte	.LASF41
 473 0221 E101     		.2byte	0x1e1
 474 0223 AD000000 		.4byte	0xad
 475 0227 88       		.byte	0x88
 476 0228 01       		.uleb128 0x1
 477 0229 12030000 		.4byte	.LASF42
 478 022d E201     		.2byte	0x1e2
 479 022f E0030000 		.4byte	0x3e0
 480 0233 8C       		.byte	0x8c
 481 0234 02       		.uleb128 0x2
 482 0235 7B010000 		.4byte	.LASF43
 483 0239 E301     		.2byte	0x1e3
 484 023b AD000000 		.4byte	0xad
 485 023f 0002     		.2byte	0x200
 486 0241 02       		.uleb128 0x2
 487 0242 1C030000 		.4byte	.LASF44
 488 0246 E401     		.2byte	0x1e4
 489 0248 F0030000 		.4byte	0x3f0
 490 024c 0402     		.2byte	0x204
 491 024e 02       		.uleb128 0x2
 492 024f 97010000 		.4byte	.LASF45
 493 0253 E501     		.2byte	0x1e5
 494 0255 B2000000 		.4byte	0xb2
 495 0259 4002     		.2byte	0x240
 496 025b 02       		.uleb128 0x2
 497 025c 4A010000 		.4byte	.LASF46
 498 0260 E601     		.2byte	0x1e6
 499 0262 B2000000 		.4byte	0xb2
 500 0266 4402     		.2byte	0x244
 501 0268 02       		.uleb128 0x2
 502 0269 A2010000 		.4byte	.LASF47
 503 026d E701     		.2byte	0x1e7
 504 026f B2000000 		.4byte	0xb2
 505 0273 4802     		.2byte	0x248
 506 0275 02       		.uleb128 0x2
 507 0276 26030000 		.4byte	.LASF48
 508 027a E801     		.2byte	0x1e8
 509 027c D0030000 		.4byte	0x3d0
 510 0280 4C02     		.2byte	0x24c
 511 0282 02       		.uleb128 0x2
 512 0283 F1010000 		.4byte	.LASF49
 513 0287 E901     		.2byte	0x1e9
ARM GAS  C:\Users\DEVELO~1\AppData\Local\Temp\ccdJgx34.s 			page 10


 514 0289 AD000000 		.4byte	0xad
 515 028d 5002     		.2byte	0x250
 516 028f 02       		.uleb128 0x2
 517 0290 42030000 		.4byte	.LASF50
 518 0294 EA01     		.2byte	0x1ea
 519 0296 D0030000 		.4byte	0x3d0
 520 029a 5402     		.2byte	0x254
 521 029c 02       		.uleb128 0x2
 522 029d 08020000 		.4byte	.LASF51
 523 02a1 EB01     		.2byte	0x1eb
 524 02a3 AD000000 		.4byte	0xad
 525 02a7 5802     		.2byte	0x258
 526 02a9 02       		.uleb128 0x2
 527 02aa F9010000 		.4byte	.LASF52
 528 02ae EC01     		.2byte	0x1ec
 529 02b0 AD000000 		.4byte	0xad
 530 02b4 5C02     		.2byte	0x25c
 531 02b6 02       		.uleb128 0x2
 532 02b7 17010000 		.4byte	.LASF53
 533 02bb ED01     		.2byte	0x1ed
 534 02bd AD000000 		.4byte	0xad
 535 02c1 6002     		.2byte	0x260
 536 02c3 02       		.uleb128 0x2
 537 02c4 C0020000 		.4byte	.LASF54
 538 02c8 EE01     		.2byte	0x1ee
 539 02ca AD000000 		.4byte	0xad
 540 02ce 6402     		.2byte	0x264
 541 02d0 02       		.uleb128 0x2
 542 02d1 73020000 		.4byte	.LASF55
 543 02d5 EF01     		.2byte	0x1ef
 544 02d7 AD000000 		.4byte	0xad
 545 02db 6802     		.2byte	0x268
 546 02dd 02       		.uleb128 0x2
 547 02de 00000000 		.4byte	.LASF56
 548 02e2 F001     		.2byte	0x1f0
 549 02e4 AD000000 		.4byte	0xad
 550 02e8 6C02     		.2byte	0x26c
 551 02ea 02       		.uleb128 0x2
 552 02eb 34010000 		.4byte	.LASF57
 553 02ef F101     		.2byte	0x1f1
 554 02f1 AD000000 		.4byte	0xad
 555 02f5 7002     		.2byte	0x270
 556 02f7 02       		.uleb128 0x2
 557 02f8 62030000 		.4byte	.LASF58
 558 02fc F201     		.2byte	0x1f2
 559 02fe AD000000 		.4byte	0xad
 560 0302 7402     		.2byte	0x274
 561 0304 02       		.uleb128 0x2
 562 0305 6B010000 		.4byte	.LASF59
 563 0309 F301     		.2byte	0x1f3
 564 030b 00040000 		.4byte	0x400
 565 030f 7802     		.2byte	0x278
 566 0311 02       		.uleb128 0x2
 567 0312 01020000 		.4byte	.LASF60
 568 0316 F401     		.2byte	0x1f4
 569 0318 AD000000 		.4byte	0xad
 570 031c 9002     		.2byte	0x290
ARM GAS  C:\Users\DEVELO~1\AppData\Local\Temp\ccdJgx34.s 			page 11


 571 031e 02       		.uleb128 0x2
 572 031f A0030000 		.4byte	.LASF61
 573 0323 F501     		.2byte	0x1f5
 574 0325 AD000000 		.4byte	0xad
 575 0329 9402     		.2byte	0x294
 576 032b 02       		.uleb128 0x2
 577 032c 3D010000 		.4byte	.LASF62
 578 0330 F601     		.2byte	0x1f6
 579 0332 AD000000 		.4byte	0xad
 580 0336 9802     		.2byte	0x298
 581 0338 02       		.uleb128 0x2
 582 0339 FA020000 		.4byte	.LASF63
 583 033d F701     		.2byte	0x1f7
 584 033f AD000000 		.4byte	0xad
 585 0343 9C02     		.2byte	0x29c
 586 0345 02       		.uleb128 0x2
 587 0346 83030000 		.4byte	.LASF64
 588 034a F801     		.2byte	0x1f8
 589 034c AD000000 		.4byte	0xad
 590 0350 A002     		.2byte	0x2a0
 591 0352 02       		.uleb128 0x2
 592 0353 4C030000 		.4byte	.LASF65
 593 0357 F901     		.2byte	0x1f9
 594 0359 D0030000 		.4byte	0x3d0
 595 035d A402     		.2byte	0x2a4
 596 035f 02       		.uleb128 0x2
 597 0360 A8010000 		.4byte	.LASF66
 598 0364 FA01     		.2byte	0x1fa
 599 0366 AD000000 		.4byte	0xad
 600 036a A802     		.2byte	0x2a8
 601 036c 00       		.byte	0
 602 036d 04       		.uleb128 0x4
 603 036e 9C000000 		.4byte	0x9c
 604 0372 7D030000 		.4byte	0x37d
 605 0376 05       		.uleb128 0x5
 606 0377 89000000 		.4byte	0x89
 607 037b 0B       		.byte	0xb
 608 037c 00       		.byte	0
 609 037d 07       		.uleb128 0x7
 610 037e 6D030000 		.4byte	0x36d
 611 0382 04       		.uleb128 0x4
 612 0383 B2000000 		.4byte	0xb2
 613 0387 92030000 		.4byte	0x392
 614 038b 05       		.uleb128 0x5
 615 038c 89000000 		.4byte	0x89
 616 0390 01       		.byte	0x1
 617 0391 00       		.byte	0
 618 0392 09       		.uleb128 0x9
 619 0393 82030000 		.4byte	0x382
 620 0397 07       		.uleb128 0x7
 621 0398 92030000 		.4byte	0x392
 622 039c 04       		.uleb128 0x4
 623 039d B2000000 		.4byte	0xb2
 624 03a1 AC030000 		.4byte	0x3ac
 625 03a5 05       		.uleb128 0x5
 626 03a6 89000000 		.4byte	0x89
 627 03aa 03       		.byte	0x3
ARM GAS  C:\Users\DEVELO~1\AppData\Local\Temp\ccdJgx34.s 			page 12


 628 03ab 00       		.byte	0
 629 03ac 09       		.uleb128 0x9
 630 03ad 9C030000 		.4byte	0x39c
 631 03b1 07       		.uleb128 0x7
 632 03b2 AC030000 		.4byte	0x3ac
 633 03b6 04       		.uleb128 0x4
 634 03b7 B2000000 		.4byte	0xb2
 635 03bb C6030000 		.4byte	0x3c6
 636 03bf 05       		.uleb128 0x5
 637 03c0 89000000 		.4byte	0x89
 638 03c4 04       		.byte	0x4
 639 03c5 00       		.byte	0
 640 03c6 09       		.uleb128 0x9
 641 03c7 B6030000 		.4byte	0x3b6
 642 03cb 07       		.uleb128 0x7
 643 03cc C6030000 		.4byte	0x3c6
 644 03d0 04       		.uleb128 0x4
 645 03d1 A1000000 		.4byte	0xa1
 646 03d5 E0030000 		.4byte	0x3e0
 647 03d9 05       		.uleb128 0x5
 648 03da 89000000 		.4byte	0x89
 649 03de 00       		.byte	0
 650 03df 00       		.byte	0
 651 03e0 04       		.uleb128 0x4
 652 03e1 A1000000 		.4byte	0xa1
 653 03e5 F0030000 		.4byte	0x3f0
 654 03e9 05       		.uleb128 0x5
 655 03ea 89000000 		.4byte	0x89
 656 03ee 5C       		.byte	0x5c
 657 03ef 00       		.byte	0
 658 03f0 04       		.uleb128 0x4
 659 03f1 A1000000 		.4byte	0xa1
 660 03f5 00040000 		.4byte	0x400
 661 03f9 05       		.uleb128 0x5
 662 03fa 89000000 		.4byte	0x89
 663 03fe 0E       		.byte	0xe
 664 03ff 00       		.byte	0
 665 0400 04       		.uleb128 0x4
 666 0401 A1000000 		.4byte	0xa1
 667 0405 10040000 		.4byte	0x410
 668 0409 05       		.uleb128 0x5
 669 040a 89000000 		.4byte	0x89
 670 040e 05       		.byte	0x5
 671 040f 00       		.byte	0
 672 0410 0C       		.uleb128 0xc
 673 0411 58010000 		.4byte	.LASF67
 674 0415 FB01     		.2byte	0x1fb
 675 0417 F1000000 		.4byte	0xf1
 676 041b 11       		.uleb128 0x11
 677 041c 2C       		.byte	0x2c
 678 041d 06       		.byte	0x6
 679 041e 9405     		.2byte	0x594
 680 0420 09       		.byte	0x9
 681 0421 AA040000 		.4byte	0x4aa
 682 0425 01       		.uleb128 0x1
 683 0426 17000000 		.4byte	.LASF68
 684 042a 9605     		.2byte	0x596
ARM GAS  C:\Users\DEVELO~1\AppData\Local\Temp\ccdJgx34.s 			page 13


 685 042c B2000000 		.4byte	0xb2
 686 0430 00       		.byte	0
 687 0431 01       		.uleb128 0x1
 688 0432 2C020000 		.4byte	.LASF69
 689 0436 9705     		.2byte	0x597
 690 0438 AD000000 		.4byte	0xad
 691 043c 04       		.byte	0x4
 692 043d 0A       		.uleb128 0xa
 693 043e 524E5200 		.ascii	"RNR\000"
 694 0442 9805     		.2byte	0x598
 695 0444 AD000000 		.4byte	0xad
 696 0448 08       		.byte	0x8
 697 0449 01       		.uleb128 0x1
 698 044a 8A030000 		.4byte	.LASF70
 699 044e 9905     		.2byte	0x599
 700 0450 AD000000 		.4byte	0xad
 701 0454 0C       		.byte	0xc
 702 0455 01       		.uleb128 0x1
 703 0456 8F030000 		.4byte	.LASF71
 704 045a 9A05     		.2byte	0x59a
 705 045c AD000000 		.4byte	0xad
 706 0460 10       		.byte	0x10
 707 0461 01       		.uleb128 0x1
 708 0462 D2020000 		.4byte	.LASF72
 709 0466 9B05     		.2byte	0x59b
 710 0468 AD000000 		.4byte	0xad
 711 046c 14       		.byte	0x14
 712 046d 01       		.uleb128 0x1
 713 046e D1030000 		.4byte	.LASF73
 714 0472 9C05     		.2byte	0x59c
 715 0474 AD000000 		.4byte	0xad
 716 0478 18       		.byte	0x18
 717 0479 01       		.uleb128 0x1
 718 047a DA020000 		.4byte	.LASF74
 719 047e 9D05     		.2byte	0x59d
 720 0480 AD000000 		.4byte	0xad
 721 0484 1C       		.byte	0x1c
 722 0485 01       		.uleb128 0x1
 723 0486 D9030000 		.4byte	.LASF75
 724 048a 9E05     		.2byte	0x59e
 725 048c AD000000 		.4byte	0xad
 726 0490 20       		.byte	0x20
 727 0491 01       		.uleb128 0x1
 728 0492 E2020000 		.4byte	.LASF76
 729 0496 9F05     		.2byte	0x59f
 730 0498 AD000000 		.4byte	0xad
 731 049c 24       		.byte	0x24
 732 049d 01       		.uleb128 0x1
 733 049e E1030000 		.4byte	.LASF77
 734 04a2 A005     		.2byte	0x5a0
 735 04a4 AD000000 		.4byte	0xad
 736 04a8 28       		.byte	0x28
 737 04a9 00       		.byte	0
 738 04aa 0C       		.uleb128 0xc
 739 04ab E9030000 		.4byte	.LASF78
 740 04af A105     		.2byte	0x5a1
 741 04b1 1B040000 		.4byte	0x41b
ARM GAS  C:\Users\DEVELO~1\AppData\Local\Temp\ccdJgx34.s 			page 14


 742 04b5 03       		.uleb128 0x3
 743 04b6 01       		.byte	0x1
 744 04b7 02       		.byte	0x2
 745 04b8 EF020000 		.4byte	.LASF79
 746 04bc 12       		.uleb128 0x12
 747 04bd 04       		.byte	0x4
 748 04be A1000000 		.4byte	0xa1
 749 04c2 08       		.uleb128 0x8
 750 04c3 BF030000 		.4byte	.LASF80
 751 04c7 0F       		.byte	0xf
 752 04c8 0D       		.byte	0xd
 753 04c9 B5040000 		.4byte	0x4b5
 754 04cd 05       		.uleb128 0x5
 755 04ce 03       		.byte	0x3
 756 04cf 00000000 		.4byte	initialized
 757 04d3 13       		.uleb128 0x13
 758 04d4 69030000 		.4byte	.LASF89
 759 04d8 01       		.byte	0x1
 760 04d9 22       		.byte	0x22
 761 04da 06       		.byte	0x6
 762 04db B5040000 		.4byte	0x4b5
 763 04df 00000000 		.4byte	.LFB433
 764 04e3 B4000000 		.4byte	.LFE433-.LFB433
 765 04e7 01       		.uleb128 0x1
 766 04e8 9C       		.byte	0x9c
 767 04e9 18050000 		.4byte	0x518
 768 04ed 08       		.uleb128 0x8
 769 04ee CA010000 		.4byte	.LASF81
 770 04f2 2B       		.byte	0x2b
 771 04f3 0D       		.byte	0xd
 772 04f4 B7000000 		.4byte	0xb7
 773 04f8 02       		.uleb128 0x2
 774 04f9 91       		.byte	0x91
 775 04fa 74       		.sleb128 -12
 776 04fb 08       		.uleb128 0x8
 777 04fc 7E030000 		.4byte	.LASF82
 778 0500 2C       		.byte	0x2c
 779 0501 0A       		.byte	0xa
 780 0502 D7000000 		.4byte	0xd7
 781 0506 02       		.uleb128 0x2
 782 0507 91       		.byte	0x91
 783 0508 70       		.sleb128 -16
 784 0509 08       		.uleb128 0x8
 785 050a 81020000 		.4byte	.LASF83
 786 050e 2D       		.byte	0x2d
 787 050f 0C       		.byte	0xc
 788 0510 A1000000 		.4byte	0xa1
 789 0514 02       		.uleb128 0x2
 790 0515 91       		.byte	0x91
 791 0516 6C       		.sleb128 -20
 792 0517 00       		.byte	0
 793 0518 14       		.uleb128 0x14
 794 0519 A5020000 		.4byte	.LASF90
 795 051d 01       		.byte	0x1
 796 051e 11       		.byte	0x11
 797 051f 0D       		.byte	0xd
 798 0520 B5040000 		.4byte	0x4b5
ARM GAS  C:\Users\DEVELO~1\AppData\Local\Temp\ccdJgx34.s 			page 15


 799 0524 00000000 		.4byte	.LFB432
 800 0528 42000000 		.4byte	.LFE432-.LFB432
 801 052c 01       		.uleb128 0x1
 802 052d 9C       		.byte	0x9c
 803 052e 0D       		.uleb128 0xd
 804 052f 7E030000 		.4byte	.LASF82
 805 0533 2A       		.byte	0x2a
 806 0534 D7000000 		.4byte	0xd7
 807 0538 02       		.uleb128 0x2
 808 0539 91       		.byte	0x91
 809 053a 6C       		.sleb128 -20
 810 053b 0D       		.uleb128 0xd
 811 053c 81020000 		.4byte	.LASF83
 812 0540 3A       		.byte	0x3a
 813 0541 BC040000 		.4byte	0x4bc
 814 0545 02       		.uleb128 0x2
 815 0546 91       		.byte	0x91
 816 0547 68       		.sleb128 -24
 817 0548 08       		.uleb128 0x8
 818 0549 CF010000 		.4byte	.LASF84
 819 054d 12       		.byte	0x12
 820 054e 0A       		.byte	0xa
 821 054f D7000000 		.4byte	0xd7
 822 0553 02       		.uleb128 0x2
 823 0554 91       		.byte	0x91
 824 0555 74       		.sleb128 -12
 825 0556 08       		.uleb128 0x8
 826 0557 C8020000 		.4byte	.LASF85
 827 055b 13       		.byte	0x13
 828 055c 0C       		.byte	0xc
 829 055d A1000000 		.4byte	0xa1
 830 0561 02       		.uleb128 0x2
 831 0562 91       		.byte	0x91
 832 0563 70       		.sleb128 -16
 833 0564 00       		.byte	0
 834 0565 00       		.byte	0
 835              		.section	.debug_abbrev,"",%progbits
 836              	.Ldebug_abbrev0:
 837 0000 01       		.uleb128 0x1
 838 0001 0D       		.uleb128 0xd
 839 0002 00       		.byte	0
 840 0003 03       		.uleb128 0x3
 841 0004 0E       		.uleb128 0xe
 842 0005 3A       		.uleb128 0x3a
 843 0006 21       		.uleb128 0x21
 844 0007 06       		.sleb128 6
 845 0008 3B       		.uleb128 0x3b
 846 0009 05       		.uleb128 0x5
 847 000a 39       		.uleb128 0x39
 848 000b 21       		.uleb128 0x21
 849 000c 12       		.sleb128 18
 850 000d 49       		.uleb128 0x49
 851 000e 13       		.uleb128 0x13
 852 000f 38       		.uleb128 0x38
 853 0010 0B       		.uleb128 0xb
 854 0011 00       		.byte	0
 855 0012 00       		.byte	0
ARM GAS  C:\Users\DEVELO~1\AppData\Local\Temp\ccdJgx34.s 			page 16


 856 0013 02       		.uleb128 0x2
 857 0014 0D       		.uleb128 0xd
 858 0015 00       		.byte	0
 859 0016 03       		.uleb128 0x3
 860 0017 0E       		.uleb128 0xe
 861 0018 3A       		.uleb128 0x3a
 862 0019 21       		.uleb128 0x21
 863 001a 06       		.sleb128 6
 864 001b 3B       		.uleb128 0x3b
 865 001c 05       		.uleb128 0x5
 866 001d 39       		.uleb128 0x39
 867 001e 21       		.uleb128 0x21
 868 001f 12       		.sleb128 18
 869 0020 49       		.uleb128 0x49
 870 0021 13       		.uleb128 0x13
 871 0022 38       		.uleb128 0x38
 872 0023 05       		.uleb128 0x5
 873 0024 00       		.byte	0
 874 0025 00       		.byte	0
 875 0026 03       		.uleb128 0x3
 876 0027 24       		.uleb128 0x24
 877 0028 00       		.byte	0
 878 0029 0B       		.uleb128 0xb
 879 002a 0B       		.uleb128 0xb
 880 002b 3E       		.uleb128 0x3e
 881 002c 0B       		.uleb128 0xb
 882 002d 03       		.uleb128 0x3
 883 002e 0E       		.uleb128 0xe
 884 002f 00       		.byte	0
 885 0030 00       		.byte	0
 886 0031 04       		.uleb128 0x4
 887 0032 01       		.uleb128 0x1
 888 0033 01       		.byte	0x1
 889 0034 49       		.uleb128 0x49
 890 0035 13       		.uleb128 0x13
 891 0036 01       		.uleb128 0x1
 892 0037 13       		.uleb128 0x13
 893 0038 00       		.byte	0
 894 0039 00       		.byte	0
 895 003a 05       		.uleb128 0x5
 896 003b 21       		.uleb128 0x21
 897 003c 00       		.byte	0
 898 003d 49       		.uleb128 0x49
 899 003e 13       		.uleb128 0x13
 900 003f 2F       		.uleb128 0x2f
 901 0040 0B       		.uleb128 0xb
 902 0041 00       		.byte	0
 903 0042 00       		.byte	0
 904 0043 06       		.uleb128 0x6
 905 0044 16       		.uleb128 0x16
 906 0045 00       		.byte	0
 907 0046 03       		.uleb128 0x3
 908 0047 0E       		.uleb128 0xe
 909 0048 3A       		.uleb128 0x3a
 910 0049 0B       		.uleb128 0xb
 911 004a 3B       		.uleb128 0x3b
 912 004b 0B       		.uleb128 0xb
ARM GAS  C:\Users\DEVELO~1\AppData\Local\Temp\ccdJgx34.s 			page 17


 913 004c 39       		.uleb128 0x39
 914 004d 0B       		.uleb128 0xb
 915 004e 49       		.uleb128 0x49
 916 004f 13       		.uleb128 0x13
 917 0050 00       		.byte	0
 918 0051 00       		.byte	0
 919 0052 07       		.uleb128 0x7
 920 0053 35       		.uleb128 0x35
 921 0054 00       		.byte	0
 922 0055 49       		.uleb128 0x49
 923 0056 13       		.uleb128 0x13
 924 0057 00       		.byte	0
 925 0058 00       		.byte	0
 926 0059 08       		.uleb128 0x8
 927 005a 34       		.uleb128 0x34
 928 005b 00       		.byte	0
 929 005c 03       		.uleb128 0x3
 930 005d 0E       		.uleb128 0xe
 931 005e 3A       		.uleb128 0x3a
 932 005f 21       		.uleb128 0x21
 933 0060 01       		.sleb128 1
 934 0061 3B       		.uleb128 0x3b
 935 0062 0B       		.uleb128 0xb
 936 0063 39       		.uleb128 0x39
 937 0064 0B       		.uleb128 0xb
 938 0065 49       		.uleb128 0x49
 939 0066 13       		.uleb128 0x13
 940 0067 02       		.uleb128 0x2
 941 0068 18       		.uleb128 0x18
 942 0069 00       		.byte	0
 943 006a 00       		.byte	0
 944 006b 09       		.uleb128 0x9
 945 006c 26       		.uleb128 0x26
 946 006d 00       		.byte	0
 947 006e 49       		.uleb128 0x49
 948 006f 13       		.uleb128 0x13
 949 0070 00       		.byte	0
 950 0071 00       		.byte	0
 951 0072 0A       		.uleb128 0xa
 952 0073 0D       		.uleb128 0xd
 953 0074 00       		.byte	0
 954 0075 03       		.uleb128 0x3
 955 0076 08       		.uleb128 0x8
 956 0077 3A       		.uleb128 0x3a
 957 0078 21       		.uleb128 0x21
 958 0079 06       		.sleb128 6
 959 007a 3B       		.uleb128 0x3b
 960 007b 05       		.uleb128 0x5
 961 007c 39       		.uleb128 0x39
 962 007d 21       		.uleb128 0x21
 963 007e 12       		.sleb128 18
 964 007f 49       		.uleb128 0x49
 965 0080 13       		.uleb128 0x13
 966 0081 38       		.uleb128 0x38
 967 0082 0B       		.uleb128 0xb
 968 0083 00       		.byte	0
 969 0084 00       		.byte	0
ARM GAS  C:\Users\DEVELO~1\AppData\Local\Temp\ccdJgx34.s 			page 18


 970 0085 0B       		.uleb128 0xb
 971 0086 34       		.uleb128 0x34
 972 0087 00       		.byte	0
 973 0088 03       		.uleb128 0x3
 974 0089 0E       		.uleb128 0xe
 975 008a 3A       		.uleb128 0x3a
 976 008b 21       		.uleb128 0x21
 977 008c 04       		.sleb128 4
 978 008d 3B       		.uleb128 0x3b
 979 008e 0B       		.uleb128 0xb
 980 008f 39       		.uleb128 0x39
 981 0090 21       		.uleb128 0x21
 982 0091 10       		.sleb128 16
 983 0092 49       		.uleb128 0x49
 984 0093 13       		.uleb128 0x13
 985 0094 3F       		.uleb128 0x3f
 986 0095 19       		.uleb128 0x19
 987 0096 3C       		.uleb128 0x3c
 988 0097 19       		.uleb128 0x19
 989 0098 00       		.byte	0
 990 0099 00       		.byte	0
 991 009a 0C       		.uleb128 0xc
 992 009b 16       		.uleb128 0x16
 993 009c 00       		.byte	0
 994 009d 03       		.uleb128 0x3
 995 009e 0E       		.uleb128 0xe
 996 009f 3A       		.uleb128 0x3a
 997 00a0 21       		.uleb128 0x21
 998 00a1 06       		.sleb128 6
 999 00a2 3B       		.uleb128 0x3b
 1000 00a3 05       		.uleb128 0x5
 1001 00a4 39       		.uleb128 0x39
 1002 00a5 21       		.uleb128 0x21
 1003 00a6 03       		.sleb128 3
 1004 00a7 49       		.uleb128 0x49
 1005 00a8 13       		.uleb128 0x13
 1006 00a9 00       		.byte	0
 1007 00aa 00       		.byte	0
 1008 00ab 0D       		.uleb128 0xd
 1009 00ac 05       		.uleb128 0x5
 1010 00ad 00       		.byte	0
 1011 00ae 03       		.uleb128 0x3
 1012 00af 0E       		.uleb128 0xe
 1013 00b0 3A       		.uleb128 0x3a
 1014 00b1 21       		.uleb128 0x21
 1015 00b2 01       		.sleb128 1
 1016 00b3 3B       		.uleb128 0x3b
 1017 00b4 21       		.uleb128 0x21
 1018 00b5 11       		.sleb128 17
 1019 00b6 39       		.uleb128 0x39
 1020 00b7 0B       		.uleb128 0xb
 1021 00b8 49       		.uleb128 0x49
 1022 00b9 13       		.uleb128 0x13
 1023 00ba 02       		.uleb128 0x2
 1024 00bb 18       		.uleb128 0x18
 1025 00bc 00       		.byte	0
 1026 00bd 00       		.byte	0
ARM GAS  C:\Users\DEVELO~1\AppData\Local\Temp\ccdJgx34.s 			page 19


 1027 00be 0E       		.uleb128 0xe
 1028 00bf 11       		.uleb128 0x11
 1029 00c0 01       		.byte	0x1
 1030 00c1 25       		.uleb128 0x25
 1031 00c2 0E       		.uleb128 0xe
 1032 00c3 13       		.uleb128 0x13
 1033 00c4 0B       		.uleb128 0xb
 1034 00c5 03       		.uleb128 0x3
 1035 00c6 0E       		.uleb128 0xe
 1036 00c7 1B       		.uleb128 0x1b
 1037 00c8 0E       		.uleb128 0xe
 1038 00c9 55       		.uleb128 0x55
 1039 00ca 17       		.uleb128 0x17
 1040 00cb 11       		.uleb128 0x11
 1041 00cc 01       		.uleb128 0x1
 1042 00cd 10       		.uleb128 0x10
 1043 00ce 17       		.uleb128 0x17
 1044 00cf 00       		.byte	0
 1045 00d0 00       		.byte	0
 1046 00d1 0F       		.uleb128 0xf
 1047 00d2 24       		.uleb128 0x24
 1048 00d3 00       		.byte	0
 1049 00d4 0B       		.uleb128 0xb
 1050 00d5 0B       		.uleb128 0xb
 1051 00d6 3E       		.uleb128 0x3e
 1052 00d7 0B       		.uleb128 0xb
 1053 00d8 03       		.uleb128 0x3
 1054 00d9 08       		.uleb128 0x8
 1055 00da 00       		.byte	0
 1056 00db 00       		.byte	0
 1057 00dc 10       		.uleb128 0x10
 1058 00dd 13       		.uleb128 0x13
 1059 00de 01       		.byte	0x1
 1060 00df 0B       		.uleb128 0xb
 1061 00e0 05       		.uleb128 0x5
 1062 00e1 3A       		.uleb128 0x3a
 1063 00e2 0B       		.uleb128 0xb
 1064 00e3 3B       		.uleb128 0x3b
 1065 00e4 05       		.uleb128 0x5
 1066 00e5 39       		.uleb128 0x39
 1067 00e6 0B       		.uleb128 0xb
 1068 00e7 01       		.uleb128 0x1
 1069 00e8 13       		.uleb128 0x13
 1070 00e9 00       		.byte	0
 1071 00ea 00       		.byte	0
 1072 00eb 11       		.uleb128 0x11
 1073 00ec 13       		.uleb128 0x13
 1074 00ed 01       		.byte	0x1
 1075 00ee 0B       		.uleb128 0xb
 1076 00ef 0B       		.uleb128 0xb
 1077 00f0 3A       		.uleb128 0x3a
 1078 00f1 0B       		.uleb128 0xb
 1079 00f2 3B       		.uleb128 0x3b
 1080 00f3 05       		.uleb128 0x5
 1081 00f4 39       		.uleb128 0x39
 1082 00f5 0B       		.uleb128 0xb
 1083 00f6 01       		.uleb128 0x1
ARM GAS  C:\Users\DEVELO~1\AppData\Local\Temp\ccdJgx34.s 			page 20


 1084 00f7 13       		.uleb128 0x13
 1085 00f8 00       		.byte	0
 1086 00f9 00       		.byte	0
 1087 00fa 12       		.uleb128 0x12
 1088 00fb 0F       		.uleb128 0xf
 1089 00fc 00       		.byte	0
 1090 00fd 0B       		.uleb128 0xb
 1091 00fe 0B       		.uleb128 0xb
 1092 00ff 49       		.uleb128 0x49
 1093 0100 13       		.uleb128 0x13
 1094 0101 00       		.byte	0
 1095 0102 00       		.byte	0
 1096 0103 13       		.uleb128 0x13
 1097 0104 2E       		.uleb128 0x2e
 1098 0105 01       		.byte	0x1
 1099 0106 3F       		.uleb128 0x3f
 1100 0107 19       		.uleb128 0x19
 1101 0108 03       		.uleb128 0x3
 1102 0109 0E       		.uleb128 0xe
 1103 010a 3A       		.uleb128 0x3a
 1104 010b 0B       		.uleb128 0xb
 1105 010c 3B       		.uleb128 0x3b
 1106 010d 0B       		.uleb128 0xb
 1107 010e 39       		.uleb128 0x39
 1108 010f 0B       		.uleb128 0xb
 1109 0110 27       		.uleb128 0x27
 1110 0111 19       		.uleb128 0x19
 1111 0112 49       		.uleb128 0x49
 1112 0113 13       		.uleb128 0x13
 1113 0114 11       		.uleb128 0x11
 1114 0115 01       		.uleb128 0x1
 1115 0116 12       		.uleb128 0x12
 1116 0117 06       		.uleb128 0x6
 1117 0118 40       		.uleb128 0x40
 1118 0119 18       		.uleb128 0x18
 1119 011a 7C       		.uleb128 0x7c
 1120 011b 19       		.uleb128 0x19
 1121 011c 01       		.uleb128 0x1
 1122 011d 13       		.uleb128 0x13
 1123 011e 00       		.byte	0
 1124 011f 00       		.byte	0
 1125 0120 14       		.uleb128 0x14
 1126 0121 2E       		.uleb128 0x2e
 1127 0122 01       		.byte	0x1
 1128 0123 03       		.uleb128 0x3
 1129 0124 0E       		.uleb128 0xe
 1130 0125 3A       		.uleb128 0x3a
 1131 0126 0B       		.uleb128 0xb
 1132 0127 3B       		.uleb128 0x3b
 1133 0128 0B       		.uleb128 0xb
 1134 0129 39       		.uleb128 0x39
 1135 012a 0B       		.uleb128 0xb
 1136 012b 27       		.uleb128 0x27
 1137 012c 19       		.uleb128 0x19
 1138 012d 49       		.uleb128 0x49
 1139 012e 13       		.uleb128 0x13
 1140 012f 11       		.uleb128 0x11
ARM GAS  C:\Users\DEVELO~1\AppData\Local\Temp\ccdJgx34.s 			page 21


 1141 0130 01       		.uleb128 0x1
 1142 0131 12       		.uleb128 0x12
 1143 0132 06       		.uleb128 0x6
 1144 0133 40       		.uleb128 0x40
 1145 0134 18       		.uleb128 0x18
 1146 0135 7A       		.uleb128 0x7a
 1147 0136 19       		.uleb128 0x19
 1148 0137 00       		.byte	0
 1149 0138 00       		.byte	0
 1150 0139 00       		.byte	0
 1151              		.section	.debug_aranges,"",%progbits
 1152 0000 24000000 		.4byte	0x24
 1153 0004 0200     		.2byte	0x2
 1154 0006 00000000 		.4byte	.Ldebug_info0
 1155 000a 04       		.byte	0x4
 1156 000b 00       		.byte	0
 1157 000c 0000     		.2byte	0
 1158 000e 0000     		.2byte	0
 1159 0010 00000000 		.4byte	.LFB432
 1160 0014 42000000 		.4byte	.LFE432-.LFB432
 1161 0018 00000000 		.4byte	.LFB433
 1162 001c B4000000 		.4byte	.LFE433-.LFB433
 1163 0020 00000000 		.4byte	0
 1164 0024 00000000 		.4byte	0
 1165              		.section	.debug_rnglists,"",%progbits
 1166              	.Ldebug_ranges0:
 1167 0000 16000000 		.4byte	.Ldebug_ranges3-.Ldebug_ranges2
 1168              	.Ldebug_ranges2:
 1169 0004 0500     		.2byte	0x5
 1170 0006 04       		.byte	0x4
 1171 0007 00       		.byte	0
 1172 0008 00000000 		.4byte	0
 1173              	.LLRL0:
 1174 000c 07       		.byte	0x7
 1175 000d 00000000 		.4byte	.LFB432
 1176 0011 42       		.uleb128 .LFE432-.LFB432
 1177 0012 07       		.byte	0x7
 1178 0013 00000000 		.4byte	.LFB433
 1179 0017 B401     		.uleb128 .LFE433-.LFB433
 1180 0019 00       		.byte	0
 1181              	.Ldebug_ranges3:
 1182              		.section	.debug_line,"",%progbits
 1183              	.Ldebug_line0:
 1184 0000 23020000 		.section	.debug_str,"MS",%progbits,1
 1184      0300A801 
 1184      00000201 
 1184      FB0E0D00 
 1184      01010101 
 1185              	.LASF56:
 1186 0000 44434353 		.ascii	"DCCSW\000"
 1186      5700
 1187              	.LASF87:
 1188 0006 6D70752F 		.ascii	"mpu/mpu_config.c\000"
 1188      6D70755F 
 1188      636F6E66 
 1188      69672E63 
 1188      00
ARM GAS  C:\Users\DEVELO~1\AppData\Local\Temp\ccdJgx34.s 			page 22


 1189              	.LASF68:
 1190 0017 54595045 		.ascii	"TYPE\000"
 1190      00
 1191              	.LASF86:
 1192 001c 474E5520 		.ascii	"GNU C17 11.3.1 20220712 -mcpu=cortex-m7 -mthumb -mf"
 1192      43313720 
 1192      31312E33 
 1192      2E312032 
 1192      30323230 
 1193 004f 6C6F6174 		.ascii	"loat-abi=soft -march=armv7e-m -ggdb -O0 -ffunction-"
 1193      2D616269 
 1193      3D736F66 
 1193      74202D6D 
 1193      61726368 
 1194 0082 73656374 		.ascii	"sections -fdata-sections -fno-common\000"
 1194      696F6E73 
 1194      202D6664 
 1194      6174612D 
 1194      73656374 
 1195              	.LASF2:
 1196 00a7 73686F72 		.ascii	"short int\000"
 1196      7420696E 
 1196      7400
 1197              	.LASF17:
 1198 00b1 73697A65 		.ascii	"size_t\000"
 1198      5F7400
 1199              	.LASF88:
 1200 00b8 433A5C50 		.ascii	"C:\\PROJET\\ChibiOS project\\ChibiOS_21.11.4\\demos"
 1200      524F4A45 
 1200      545C4368 
 1200      6962694F 
 1200      53207072 
 1201 00e7 5C53544D 		.ascii	"\\STM32\\RT-STM32H743ZI_REV_XY-NUCLEO144_Quartz8M\000"
 1201      33325C52 
 1201      542D5354 
 1201      4D333248 
 1201      3734335A 
 1202              	.LASF53:
 1203 0117 44434953 		.ascii	"DCISW\000"
 1203      5700
 1204              	.LASF18:
 1205 011d 6C6F6E67 		.ascii	"long double\000"
 1205      20646F75 
 1205      626C6500 
 1206              	.LASF6:
 1207 0129 5F5F7569 		.ascii	"__uint32_t\000"
 1207      6E743332 
 1207      5F7400
 1208              	.LASF57:
 1209 0134 44434349 		.ascii	"DCCIMVAC\000"
 1209      4D564143 
 1209      00
 1210              	.LASF62:
 1211 013d 41484250 		.ascii	"AHBPCR\000"
 1211      435200
 1212              	.LASF20:
 1213 0144 43505549 		.ascii	"CPUID\000"
ARM GAS  C:\Users\DEVELO~1\AppData\Local\Temp\ccdJgx34.s 			page 23


 1213      4400
 1214              	.LASF46:
 1215 014a 4D564652 		.ascii	"MVFR1\000"
 1215      3100
 1216              	.LASF12:
 1217 0150 75696E74 		.ascii	"uint8_t\000"
 1217      385F7400 
 1218              	.LASF67:
 1219 0158 5343425F 		.ascii	"SCB_Type\000"
 1219      54797065 
 1219      00
 1220              	.LASF14:
 1221 0161 75696E74 		.ascii	"uintptr_t\000"
 1221      7074725F 
 1221      7400
 1222              	.LASF59:
 1223 016b 52455345 		.ascii	"RESERVED7\000"
 1223      52564544 
 1223      3700
 1224              	.LASF38:
 1225 0175 434C4944 		.ascii	"CLIDR\000"
 1225      5200
 1226              	.LASF43:
 1227 017b 53544952 		.ascii	"STIR\000"
 1227      00
 1228              	.LASF34:
 1229 0180 49445F41 		.ascii	"ID_AFR\000"
 1229      465200
 1230              	.LASF16:
 1231 0187 5F5F6E6F 		.ascii	"__nocache_end__\000"
 1231      63616368 
 1231      655F656E 
 1231      645F5F00 
 1232              	.LASF45:
 1233 0197 4D564652 		.ascii	"MVFR0\000"
 1233      3000
 1234              	.LASF21:
 1235 019d 49435352 		.ascii	"ICSR\000"
 1235      00
 1236              	.LASF47:
 1237 01a2 4D564652 		.ascii	"MVFR2\000"
 1237      3200
 1238              	.LASF66:
 1239 01a8 41424653 		.ascii	"ABFSR\000"
 1239      5200
 1240              	.LASF8:
 1241 01ae 6C6F6E67 		.ascii	"long long int\000"
 1241      206C6F6E 
 1241      6720696E 
 1241      7400
 1242              	.LASF30:
 1243 01bc 42464152 		.ascii	"BFAR\000"
 1243      00
 1244              	.LASF4:
 1245 01c1 6C6F6E67 		.ascii	"long int\000"
 1245      20696E74 
 1245      00
ARM GAS  C:\Users\DEVELO~1\AppData\Local\Temp\ccdJgx34.s 			page 24


 1246              	.LASF81:
 1247 01ca 62617365 		.ascii	"base\000"
 1247      00
 1248              	.LASF84:
 1249 01cf 72656769 		.ascii	"region_size\000"
 1249      6F6E5F73 
 1249      697A6500 
 1250              	.LASF39:
 1251 01db 43435349 		.ascii	"CCSIDR\000"
 1251      445200
 1252              	.LASF5:
 1253 01e2 5F5F7569 		.ascii	"__uint8_t\000"
 1253      6E74385F 
 1253      7400
 1254              	.LASF26:
 1255 01ec 43465352 		.ascii	"CFSR\000"
 1255      00
 1256              	.LASF49:
 1257 01f1 49434941 		.ascii	"ICIALLU\000"
 1257      4C4C5500 
 1258              	.LASF52:
 1259 01f9 4443494D 		.ascii	"DCIMVAC\000"
 1259      56414300 
 1260              	.LASF60:
 1261 0201 4954434D 		.ascii	"ITCMCR\000"
 1261      435200
 1262              	.LASF51:
 1263 0208 4943494D 		.ascii	"ICIMVAU\000"
 1263      56415500 
 1264              	.LASF36:
 1265 0210 49445F49 		.ascii	"ID_ISAR\000"
 1265      53415200 
 1266              	.LASF23:
 1267 0218 41495243 		.ascii	"AIRCR\000"
 1267      5200
 1268              	.LASF1:
 1269 021e 756E7369 		.ascii	"unsigned char\000"
 1269      676E6564 
 1269      20636861 
 1269      7200
 1270              	.LASF69:
 1271 022c 4354524C 		.ascii	"CTRL\000"
 1271      00
 1272              	.LASF0:
 1273 0231 7369676E 		.ascii	"signed char\000"
 1273      65642063 
 1273      68617200 
 1274              	.LASF24:
 1275 023d 53485052 		.ascii	"SHPR\000"
 1275      00
 1276              	.LASF9:
 1277 0242 6C6F6E67 		.ascii	"long long unsigned int\000"
 1277      206C6F6E 
 1277      6720756E 
 1277      7369676E 
 1277      65642069 
 1278              	.LASF25:
ARM GAS  C:\Users\DEVELO~1\AppData\Local\Temp\ccdJgx34.s 			page 25


 1279 0259 53484353 		.ascii	"SHCSR\000"
 1279      5200
 1280              	.LASF32:
 1281 025f 49445F50 		.ascii	"ID_PFR\000"
 1281      465200
 1282              	.LASF11:
 1283 0266 756E7369 		.ascii	"unsigned int\000"
 1283      676E6564 
 1283      20696E74 
 1283      00
 1284              	.LASF55:
 1285 0273 4443434D 		.ascii	"DCCMVAC\000"
 1285      56414300 
 1286              	.LASF29:
 1287 027b 4D4D4641 		.ascii	"MMFAR\000"
 1287      5200
 1288              	.LASF83:
 1289 0281 72617372 		.ascii	"rasr_size\000"
 1289      5F73697A 
 1289      6500
 1290              	.LASF40:
 1291 028b 43535345 		.ascii	"CSSELR\000"
 1291      4C5200
 1292              	.LASF3:
 1293 0292 73686F72 		.ascii	"short unsigned int\000"
 1293      7420756E 
 1293      7369676E 
 1293      65642069 
 1293      6E7400
 1294              	.LASF90:
 1295 02a5 6D70755F 		.ascii	"mpu_compute_rasr_size\000"
 1295      636F6D70 
 1295      7574655F 
 1295      72617372 
 1295      5F73697A 
 1296              	.LASF19:
 1297 02bb 63686172 		.ascii	"char\000"
 1297      00
 1298              	.LASF54:
 1299 02c0 4443434D 		.ascii	"DCCMVAU\000"
 1299      56415500 
 1300              	.LASF85:
 1301 02c8 72617372 		.ascii	"rasr\000"
 1301      00
 1302              	.LASF22:
 1303 02cd 56544F52 		.ascii	"VTOR\000"
 1303      00
 1304              	.LASF72:
 1305 02d2 52424152 		.ascii	"RBAR_A1\000"
 1305      5F413100 
 1306              	.LASF74:
 1307 02da 52424152 		.ascii	"RBAR_A2\000"
 1307      5F413200 
 1308              	.LASF76:
 1309 02e2 52424152 		.ascii	"RBAR_A3\000"
 1309      5F413300 
 1310              	.LASF28:
ARM GAS  C:\Users\DEVELO~1\AppData\Local\Temp\ccdJgx34.s 			page 26


 1311 02ea 44465352 		.ascii	"DFSR\000"
 1311      00
 1312              	.LASF79:
 1313 02ef 5F426F6F 		.ascii	"_Bool\000"
 1313      6C00
 1314              	.LASF27:
 1315 02f5 48465352 		.ascii	"HFSR\000"
 1315      00
 1316              	.LASF63:
 1317 02fa 43414352 		.ascii	"CACR\000"
 1317      00
 1318              	.LASF37:
 1319 02ff 52455345 		.ascii	"RESERVED0\000"
 1319      52564544 
 1319      3000
 1320              	.LASF13:
 1321 0309 75696E74 		.ascii	"uint32_t\000"
 1321      33325F74 
 1321      00
 1322              	.LASF42:
 1323 0312 52455345 		.ascii	"RESERVED3\000"
 1323      52564544 
 1323      3300
 1324              	.LASF44:
 1325 031c 52455345 		.ascii	"RESERVED4\000"
 1325      52564544 
 1325      3400
 1326              	.LASF48:
 1327 0326 52455345 		.ascii	"RESERVED5\000"
 1327      52564544 
 1327      3500
 1328              	.LASF7:
 1329 0330 6C6F6E67 		.ascii	"long unsigned int\000"
 1329      20756E73 
 1329      69676E65 
 1329      6420696E 
 1329      7400
 1330              	.LASF50:
 1331 0342 52455345 		.ascii	"RESERVED6\000"
 1331      52564544 
 1331      3600
 1332              	.LASF65:
 1333 034c 52455345 		.ascii	"RESERVED8\000"
 1333      52564544 
 1333      3800
 1334              	.LASF10:
 1335 0356 5F5F7569 		.ascii	"__uintptr_t\000"
 1335      6E747074 
 1335      725F7400 
 1336              	.LASF58:
 1337 0362 44434349 		.ascii	"DCCISW\000"
 1337      535700
 1338              	.LASF89:
 1339 0369 6D70755F 		.ascii	"mpu_config_init_once\000"
 1339      636F6E66 
 1339      69675F69 
 1339      6E69745F 
ARM GAS  C:\Users\DEVELO~1\AppData\Local\Temp\ccdJgx34.s 			page 27


 1339      6F6E6365 
 1340              	.LASF82:
 1341 037e 73697A65 		.ascii	"size\000"
 1341      00
 1342              	.LASF64:
 1343 0383 41484253 		.ascii	"AHBSCR\000"
 1343      435200
 1344              	.LASF70:
 1345 038a 52424152 		.ascii	"RBAR\000"
 1345      00
 1346              	.LASF71:
 1347 038f 52415352 		.ascii	"RASR\000"
 1347      00
 1348              	.LASF35:
 1349 0394 49445F4D 		.ascii	"ID_MFR\000"
 1349      465200
 1350              	.LASF31:
 1351 039b 41465352 		.ascii	"AFSR\000"
 1351      00
 1352              	.LASF61:
 1353 03a0 4454434D 		.ascii	"DTCMCR\000"
 1353      435200
 1354              	.LASF33:
 1355 03a7 49445F44 		.ascii	"ID_DFR\000"
 1355      465200
 1356              	.LASF15:
 1357 03ae 5F5F6E6F 		.ascii	"__nocache_base__\000"
 1357      63616368 
 1357      655F6261 
 1357      73655F5F 
 1357      00
 1358              	.LASF80:
 1359 03bf 696E6974 		.ascii	"initialized\000"
 1359      69616C69 
 1359      7A656400 
 1360              	.LASF41:
 1361 03cb 43504143 		.ascii	"CPACR\000"
 1361      5200
 1362              	.LASF73:
 1363 03d1 52415352 		.ascii	"RASR_A1\000"
 1363      5F413100 
 1364              	.LASF75:
 1365 03d9 52415352 		.ascii	"RASR_A2\000"
 1365      5F413200 
 1366              	.LASF77:
 1367 03e1 52415352 		.ascii	"RASR_A3\000"
 1367      5F413300 
 1368              	.LASF78:
 1369 03e9 4D50555F 		.ascii	"MPU_Type\000"
 1369      54797065 
 1369      00
 1370              		.ident	"GCC: (Arm GNU Toolchain 11.3.Rel1) 11.3.1 20220712"
ARM GAS  C:\Users\DEVELO~1\AppData\Local\Temp\ccdJgx34.s 			page 28


DEFINED SYMBOLS
                            *ABS*:00000000 mpu_config.c
C:\Users\DEVELO~1\AppData\Local\Temp\ccdJgx34.s:20     .bss.initialized:00000000 initialized
C:\Users\DEVELO~1\AppData\Local\Temp\ccdJgx34.s:21     .bss.initialized:00000000 $d
C:\Users\DEVELO~1\AppData\Local\Temp\ccdJgx34.s:23     .text.mpu_compute_rasr_size:00000000 $t
C:\Users\DEVELO~1\AppData\Local\Temp\ccdJgx34.s:28     .text.mpu_compute_rasr_size:00000000 mpu_compute_rasr_size
C:\Users\DEVELO~1\AppData\Local\Temp\ccdJgx34.s:95     .text.mpu_config_init_once:00000000 $t
C:\Users\DEVELO~1\AppData\Local\Temp\ccdJgx34.s:101    .text.mpu_config_init_once:00000000 mpu_config_init_once
C:\Users\DEVELO~1\AppData\Local\Temp\ccdJgx34.s:210    .text.mpu_config_init_once:0000009c $d

UNDEFINED SYMBOLS
__nocache_base__
__nocache_end__
