ARM GAS  C:\Users\DEVELO~1\AppData\Local\Temp\ccadvWfV.s 			page 1


   1              		.cpu cortex-m7
   2              		.arch armv7e-m
   3              		.fpu softvfp
   4              		.eabi_attribute 20, 1
   5              		.eabi_attribute 21, 1
   6              		.eabi_attribute 23, 3
   7              		.eabi_attribute 24, 1
   8              		.eabi_attribute 25, 1
   9              		.eabi_attribute 26, 1
  10              		.eabi_attribute 30, 6
  11              		.eabi_attribute 34, 1
  12              		.eabi_attribute 18, 4
  13              		.file	"oop_base_object.c"
  14              		.text
  15              	.Ltext0:
  16              		.cfi_sections	.debug_frame
  17              		.section	.text.__bo_objinit_impl,"ax",%progbits
  18              		.align	1
  19              		.global	__bo_objinit_impl
  20              		.syntax unified
  21              		.thumb
  22              		.thumb_func
  23              		.type	__bo_objinit_impl, %function
  24              	__bo_objinit_impl:
  25              	.LFB381:
  26              		.file 1 "../../../os/common/oop/src/oop_base_object.c"
  27              		.loc 1 76 52
  28              		.cfi_startproc
  29              		@ args = 0, pretend = 0, frame = 16
  30              		@ frame_needed = 1, uses_anonymous_args = 0
  31              		@ link register save eliminated.
  32 0000 80B4     		push	{r7}
  33              		.cfi_def_cfa_offset 4
  34              		.cfi_offset 7, -4
  35 0002 85B0     		sub	sp, sp, #20
  36              		.cfi_def_cfa_offset 24
  37 0004 00AF     		add	r7, sp, #0
  38              		.cfi_def_cfa_register 7
  39 0006 7860     		str	r0, [r7, #4]
  40 0008 3960     		str	r1, [r7]
  41              		.loc 1 77 18
  42 000a 7B68     		ldr	r3, [r7, #4]
  43 000c FB60     		str	r3, [r7, #12]
  44              		.loc 1 80 13
  45 000e FB68     		ldr	r3, [r7, #12]
  46 0010 3A68     		ldr	r2, [r7]
  47 0012 1A60     		str	r2, [r3]
  48              		.loc 1 84 10
  49 0014 FB68     		ldr	r3, [r7, #12]
  50              		.loc 1 85 1
  51 0016 1846     		mov	r0, r3
  52 0018 1437     		adds	r7, r7, #20
  53              		.cfi_def_cfa_offset 4
  54 001a BD46     		mov	sp, r7
  55              		.cfi_def_cfa_register 13
  56              		@ sp needed
  57 001c 80BC     		pop	{r7}
ARM GAS  C:\Users\DEVELO~1\AppData\Local\Temp\ccadvWfV.s 			page 2


  58              		.cfi_restore 7
  59              		.cfi_def_cfa_offset 0
  60 001e 7047     		bx	lr
  61              		.cfi_endproc
  62              	.LFE381:
  63              		.size	__bo_objinit_impl, .-__bo_objinit_impl
  64              		.section	.text.__bo_dispose_impl,"ax",%progbits
  65              		.align	1
  66              		.global	__bo_dispose_impl
  67              		.syntax unified
  68              		.thumb
  69              		.thumb_func
  70              		.type	__bo_dispose_impl, %function
  71              	__bo_dispose_impl:
  72              	.LFB382:
  73              		.loc 1 97 34
  74              		.cfi_startproc
  75              		@ args = 0, pretend = 0, frame = 16
  76              		@ frame_needed = 1, uses_anonymous_args = 0
  77              		@ link register save eliminated.
  78 0000 80B4     		push	{r7}
  79              		.cfi_def_cfa_offset 4
  80              		.cfi_offset 7, -4
  81 0002 85B0     		sub	sp, sp, #20
  82              		.cfi_def_cfa_offset 24
  83 0004 00AF     		add	r7, sp, #0
  84              		.cfi_def_cfa_register 7
  85 0006 7860     		str	r0, [r7, #4]
  86              		.loc 1 98 18
  87 0008 7B68     		ldr	r3, [r7, #4]
  88 000a FB60     		str	r3, [r7, #12]
  89              		.loc 1 102 1
  90 000c 00BF     		nop
  91 000e 1437     		adds	r7, r7, #20
  92              		.cfi_def_cfa_offset 4
  93 0010 BD46     		mov	sp, r7
  94              		.cfi_def_cfa_register 13
  95              		@ sp needed
  96 0012 80BC     		pop	{r7}
  97              		.cfi_restore 7
  98              		.cfi_def_cfa_offset 0
  99 0014 7047     		bx	lr
 100              		.cfi_endproc
 101              	.LFE382:
 102              		.size	__bo_dispose_impl, .-__bo_dispose_impl
 103              		.text
 104              	.Letext0:
 105              		.file 2 "../../../os/common/oop/include/oop_base_object.h"
 106              		.section	.debug_info,"",%progbits
 107              	.Ldebug_info0:
 108 0000 55010000 		.4byte	0x155
 109 0004 0500     		.2byte	0x5
 110 0006 01       		.byte	0x1
 111 0007 04       		.byte	0x4
 112 0008 00000000 		.4byte	.Ldebug_abbrev0
 113 000c 06       		.uleb128 0x6
 114 000d E5000000 		.4byte	.LASF16
ARM GAS  C:\Users\DEVELO~1\AppData\Local\Temp\ccadvWfV.s 			page 3


 115 0011 1D       		.byte	0x1d
 116 0012 C4010000 		.4byte	.LASF17
 117 0016 1B000000 		.4byte	.LASF18
 118 001a 0C000000 		.4byte	.LLRL0
 119 001e 00000000 		.4byte	0
 120 0022 00000000 		.4byte	.Ldebug_line0
 121 0026 07       		.uleb128 0x7
 122 0027 04       		.byte	0x4
 123 0028 05       		.byte	0x5
 124 0029 696E7400 		.ascii	"int\000"
 125 002d 01       		.uleb128 0x1
 126 002e 04       		.byte	0x4
 127 002f 07       		.byte	0x7
 128 0030 0E000000 		.4byte	.LASF0
 129 0034 01       		.uleb128 0x1
 130 0035 08       		.byte	0x8
 131 0036 05       		.byte	0x5
 132 0037 00000000 		.4byte	.LASF1
 133 003b 01       		.uleb128 0x1
 134 003c 08       		.byte	0x8
 135 003d 04       		.byte	0x4
 136 003e B8010000 		.4byte	.LASF2
 137 0042 01       		.uleb128 0x1
 138 0043 01       		.byte	0x1
 139 0044 06       		.byte	0x6
 140 0045 9A010000 		.4byte	.LASF3
 141 0049 01       		.uleb128 0x1
 142 004a 01       		.byte	0x1
 143 004b 08       		.byte	0x8
 144 004c D2000000 		.4byte	.LASF4
 145 0050 01       		.uleb128 0x1
 146 0051 02       		.byte	0x2
 147 0052 05       		.byte	0x5
 148 0053 F1010000 		.4byte	.LASF5
 149 0057 01       		.uleb128 0x1
 150 0058 02       		.byte	0x2
 151 0059 07       		.byte	0x7
 152 005a 87010000 		.4byte	.LASF6
 153 005e 01       		.uleb128 0x1
 154 005f 04       		.byte	0x4
 155 0060 05       		.byte	0x5
 156 0061 7E010000 		.4byte	.LASF7
 157 0065 01       		.uleb128 0x1
 158 0066 04       		.byte	0x4
 159 0067 07       		.byte	0x7
 160 0068 94000000 		.4byte	.LASF8
 161 006c 01       		.uleb128 0x1
 162 006d 08       		.byte	0x8
 163 006e 07       		.byte	0x7
 164 006f A6000000 		.4byte	.LASF9
 165 0073 01       		.uleb128 0x1
 166 0074 01       		.byte	0x1
 167 0075 08       		.byte	0x8
 168 0076 E0000000 		.4byte	.LASF10
 169 007a 08       		.uleb128 0x8
 170 007b 04       		.byte	0x4
 171 007c 02       		.uleb128 0x2
ARM GAS  C:\Users\DEVELO~1\AppData\Local\Temp\ccadvWfV.s 			page 4


 172 007d 81000000 		.4byte	0x81
 173 0081 09       		.uleb128 0x9
 174 0082 8C000000 		.4byte	0x8c
 175 0086 0A       		.uleb128 0xa
 176 0087 7A000000 		.4byte	0x7a
 177 008b 00       		.byte	0
 178 008c 01       		.uleb128 0x1
 179 008d 01       		.byte	0x1
 180 008e 02       		.byte	0x2
 181 008f 78010000 		.4byte	.LASF11
 182 0093 0B       		.uleb128 0xb
 183 0094 7A000000 		.4byte	.LASF19
 184 0098 02       		.byte	0x2
 185 0099 97       		.byte	0x97
 186 009a 1C       		.byte	0x1c
 187 009b 9F000000 		.4byte	0x9f
 188 009f 04       		.uleb128 0x4
 189 00a0 88000000 		.4byte	.LASF12
 190 00a4 A4       		.byte	0xa4
 191 00a5 B7000000 		.4byte	0xb7
 192 00a9 0C       		.uleb128 0xc
 193 00aa 766D7400 		.ascii	"vmt\000"
 194 00ae 02       		.byte	0x2
 195 00af A8       		.byte	0xa8
 196 00b0 21       		.byte	0x21
 197 00b1 D4000000 		.4byte	0xd4
 198 00b5 00       		.byte	0
 199 00b6 00       		.byte	0
 200 00b7 04       		.uleb128 0x4
 201 00b8 C2000000 		.4byte	.LASF13
 202 00bc 9C       		.byte	0x9c
 203 00bd CF000000 		.4byte	0xcf
 204 00c1 0D       		.uleb128 0xd
 205 00c2 70010000 		.4byte	.LASF14
 206 00c6 02       		.byte	0x2
 207 00c7 9E       		.byte	0x9e
 208 00c8 0A       		.byte	0xa
 209 00c9 7C000000 		.4byte	0x7c
 210 00cd 00       		.byte	0
 211 00ce 00       		.byte	0
 212 00cf 0E       		.uleb128 0xe
 213 00d0 B7000000 		.4byte	0xb7
 214 00d4 02       		.uleb128 0x2
 215 00d5 CF000000 		.4byte	0xcf
 216 00d9 0F       		.uleb128 0xf
 217 00da A6010000 		.4byte	.LASF20
 218 00de 01       		.byte	0x1
 219 00df 61       		.byte	0x61
 220 00e0 06       		.byte	0x6
 221 00e1 00000000 		.4byte	.LFB382
 222 00e5 16000000 		.4byte	.LFE382-.LFB382
 223 00e9 01       		.uleb128 0x1
 224 00ea 9C       		.byte	0x9c
 225 00eb 0A010000 		.4byte	0x10a
 226 00ef 03       		.uleb128 0x3
 227 00f0 697000   		.ascii	"ip\000"
 228 00f3 61       		.byte	0x61
ARM GAS  C:\Users\DEVELO~1\AppData\Local\Temp\ccadvWfV.s 			page 5


 229 00f4 1E       		.byte	0x1e
 230 00f5 7A000000 		.4byte	0x7a
 231 00f9 02       		.uleb128 0x2
 232 00fa 91       		.byte	0x91
 233 00fb 6C       		.sleb128 -20
 234 00fc 05       		.uleb128 0x5
 235 00fd BD000000 		.4byte	.LASF15
 236 0101 62       		.byte	0x62
 237 0102 0A010000 		.4byte	0x10a
 238 0106 02       		.uleb128 0x2
 239 0107 91       		.byte	0x91
 240 0108 74       		.sleb128 -12
 241 0109 00       		.byte	0
 242 010a 02       		.uleb128 0x2
 243 010b 93000000 		.4byte	0x93
 244 010f 10       		.uleb128 0x10
 245 0110 FB010000 		.4byte	.LASF21
 246 0114 01       		.byte	0x1
 247 0115 4C       		.byte	0x4c
 248 0116 07       		.byte	0x7
 249 0117 7A000000 		.4byte	0x7a
 250 011b 00000000 		.4byte	.LFB381
 251 011f 20000000 		.4byte	.LFE381-.LFB381
 252 0123 01       		.uleb128 0x1
 253 0124 9C       		.byte	0x9c
 254 0125 52010000 		.4byte	0x152
 255 0129 03       		.uleb128 0x3
 256 012a 697000   		.ascii	"ip\000"
 257 012d 4C       		.byte	0x4c
 258 012e 1F       		.byte	0x1f
 259 012f 7A000000 		.4byte	0x7a
 260 0133 02       		.uleb128 0x2
 261 0134 91       		.byte	0x91
 262 0135 6C       		.sleb128 -20
 263 0136 03       		.uleb128 0x3
 264 0137 766D7400 		.ascii	"vmt\000"
 265 013b 4C       		.byte	0x4c
 266 013c 2F       		.byte	0x2f
 267 013d 52010000 		.4byte	0x152
 268 0141 02       		.uleb128 0x2
 269 0142 91       		.byte	0x91
 270 0143 68       		.sleb128 -24
 271 0144 05       		.uleb128 0x5
 272 0145 BD000000 		.4byte	.LASF15
 273 0149 4D       		.byte	0x4d
 274 014a 0A010000 		.4byte	0x10a
 275 014e 02       		.uleb128 0x2
 276 014f 91       		.byte	0x91
 277 0150 74       		.sleb128 -12
 278 0151 00       		.byte	0
 279 0152 02       		.uleb128 0x2
 280 0153 57010000 		.4byte	0x157
 281 0157 11       		.uleb128 0x11
 282 0158 00       		.byte	0
 283              		.section	.debug_abbrev,"",%progbits
 284              	.Ldebug_abbrev0:
 285 0000 01       		.uleb128 0x1
ARM GAS  C:\Users\DEVELO~1\AppData\Local\Temp\ccadvWfV.s 			page 6


 286 0001 24       		.uleb128 0x24
 287 0002 00       		.byte	0
 288 0003 0B       		.uleb128 0xb
 289 0004 0B       		.uleb128 0xb
 290 0005 3E       		.uleb128 0x3e
 291 0006 0B       		.uleb128 0xb
 292 0007 03       		.uleb128 0x3
 293 0008 0E       		.uleb128 0xe
 294 0009 00       		.byte	0
 295 000a 00       		.byte	0
 296 000b 02       		.uleb128 0x2
 297 000c 0F       		.uleb128 0xf
 298 000d 00       		.byte	0
 299 000e 0B       		.uleb128 0xb
 300 000f 21       		.uleb128 0x21
 301 0010 04       		.sleb128 4
 302 0011 49       		.uleb128 0x49
 303 0012 13       		.uleb128 0x13
 304 0013 00       		.byte	0
 305 0014 00       		.byte	0
 306 0015 03       		.uleb128 0x3
 307 0016 05       		.uleb128 0x5
 308 0017 00       		.byte	0
 309 0018 03       		.uleb128 0x3
 310 0019 08       		.uleb128 0x8
 311 001a 3A       		.uleb128 0x3a
 312 001b 21       		.uleb128 0x21
 313 001c 01       		.sleb128 1
 314 001d 3B       		.uleb128 0x3b
 315 001e 0B       		.uleb128 0xb
 316 001f 39       		.uleb128 0x39
 317 0020 0B       		.uleb128 0xb
 318 0021 49       		.uleb128 0x49
 319 0022 13       		.uleb128 0x13
 320 0023 02       		.uleb128 0x2
 321 0024 18       		.uleb128 0x18
 322 0025 00       		.byte	0
 323 0026 00       		.byte	0
 324 0027 04       		.uleb128 0x4
 325 0028 13       		.uleb128 0x13
 326 0029 01       		.byte	0x1
 327 002a 03       		.uleb128 0x3
 328 002b 0E       		.uleb128 0xe
 329 002c 0B       		.uleb128 0xb
 330 002d 21       		.uleb128 0x21
 331 002e 04       		.sleb128 4
 332 002f 3A       		.uleb128 0x3a
 333 0030 21       		.uleb128 0x21
 334 0031 02       		.sleb128 2
 335 0032 3B       		.uleb128 0x3b
 336 0033 0B       		.uleb128 0xb
 337 0034 39       		.uleb128 0x39
 338 0035 21       		.uleb128 0x21
 339 0036 08       		.sleb128 8
 340 0037 01       		.uleb128 0x1
 341 0038 13       		.uleb128 0x13
 342 0039 00       		.byte	0
ARM GAS  C:\Users\DEVELO~1\AppData\Local\Temp\ccadvWfV.s 			page 7


 343 003a 00       		.byte	0
 344 003b 05       		.uleb128 0x5
 345 003c 34       		.uleb128 0x34
 346 003d 00       		.byte	0
 347 003e 03       		.uleb128 0x3
 348 003f 0E       		.uleb128 0xe
 349 0040 3A       		.uleb128 0x3a
 350 0041 21       		.uleb128 0x21
 351 0042 01       		.sleb128 1
 352 0043 3B       		.uleb128 0x3b
 353 0044 0B       		.uleb128 0xb
 354 0045 39       		.uleb128 0x39
 355 0046 21       		.uleb128 0x21
 356 0047 12       		.sleb128 18
 357 0048 49       		.uleb128 0x49
 358 0049 13       		.uleb128 0x13
 359 004a 02       		.uleb128 0x2
 360 004b 18       		.uleb128 0x18
 361 004c 00       		.byte	0
 362 004d 00       		.byte	0
 363 004e 06       		.uleb128 0x6
 364 004f 11       		.uleb128 0x11
 365 0050 01       		.byte	0x1
 366 0051 25       		.uleb128 0x25
 367 0052 0E       		.uleb128 0xe
 368 0053 13       		.uleb128 0x13
 369 0054 0B       		.uleb128 0xb
 370 0055 03       		.uleb128 0x3
 371 0056 0E       		.uleb128 0xe
 372 0057 1B       		.uleb128 0x1b
 373 0058 0E       		.uleb128 0xe
 374 0059 55       		.uleb128 0x55
 375 005a 17       		.uleb128 0x17
 376 005b 11       		.uleb128 0x11
 377 005c 01       		.uleb128 0x1
 378 005d 10       		.uleb128 0x10
 379 005e 17       		.uleb128 0x17
 380 005f 00       		.byte	0
 381 0060 00       		.byte	0
 382 0061 07       		.uleb128 0x7
 383 0062 24       		.uleb128 0x24
 384 0063 00       		.byte	0
 385 0064 0B       		.uleb128 0xb
 386 0065 0B       		.uleb128 0xb
 387 0066 3E       		.uleb128 0x3e
 388 0067 0B       		.uleb128 0xb
 389 0068 03       		.uleb128 0x3
 390 0069 08       		.uleb128 0x8
 391 006a 00       		.byte	0
 392 006b 00       		.byte	0
 393 006c 08       		.uleb128 0x8
 394 006d 0F       		.uleb128 0xf
 395 006e 00       		.byte	0
 396 006f 0B       		.uleb128 0xb
 397 0070 0B       		.uleb128 0xb
 398 0071 00       		.byte	0
 399 0072 00       		.byte	0
ARM GAS  C:\Users\DEVELO~1\AppData\Local\Temp\ccadvWfV.s 			page 8


 400 0073 09       		.uleb128 0x9
 401 0074 15       		.uleb128 0x15
 402 0075 01       		.byte	0x1
 403 0076 27       		.uleb128 0x27
 404 0077 19       		.uleb128 0x19
 405 0078 01       		.uleb128 0x1
 406 0079 13       		.uleb128 0x13
 407 007a 00       		.byte	0
 408 007b 00       		.byte	0
 409 007c 0A       		.uleb128 0xa
 410 007d 05       		.uleb128 0x5
 411 007e 00       		.byte	0
 412 007f 49       		.uleb128 0x49
 413 0080 13       		.uleb128 0x13
 414 0081 00       		.byte	0
 415 0082 00       		.byte	0
 416 0083 0B       		.uleb128 0xb
 417 0084 16       		.uleb128 0x16
 418 0085 00       		.byte	0
 419 0086 03       		.uleb128 0x3
 420 0087 0E       		.uleb128 0xe
 421 0088 3A       		.uleb128 0x3a
 422 0089 0B       		.uleb128 0xb
 423 008a 3B       		.uleb128 0x3b
 424 008b 0B       		.uleb128 0xb
 425 008c 39       		.uleb128 0x39
 426 008d 0B       		.uleb128 0xb
 427 008e 49       		.uleb128 0x49
 428 008f 13       		.uleb128 0x13
 429 0090 00       		.byte	0
 430 0091 00       		.byte	0
 431 0092 0C       		.uleb128 0xc
 432 0093 0D       		.uleb128 0xd
 433 0094 00       		.byte	0
 434 0095 03       		.uleb128 0x3
 435 0096 08       		.uleb128 0x8
 436 0097 3A       		.uleb128 0x3a
 437 0098 0B       		.uleb128 0xb
 438 0099 3B       		.uleb128 0x3b
 439 009a 0B       		.uleb128 0xb
 440 009b 39       		.uleb128 0x39
 441 009c 0B       		.uleb128 0xb
 442 009d 49       		.uleb128 0x49
 443 009e 13       		.uleb128 0x13
 444 009f 38       		.uleb128 0x38
 445 00a0 0B       		.uleb128 0xb
 446 00a1 00       		.byte	0
 447 00a2 00       		.byte	0
 448 00a3 0D       		.uleb128 0xd
 449 00a4 0D       		.uleb128 0xd
 450 00a5 00       		.byte	0
 451 00a6 03       		.uleb128 0x3
 452 00a7 0E       		.uleb128 0xe
 453 00a8 3A       		.uleb128 0x3a
 454 00a9 0B       		.uleb128 0xb
 455 00aa 3B       		.uleb128 0x3b
 456 00ab 0B       		.uleb128 0xb
ARM GAS  C:\Users\DEVELO~1\AppData\Local\Temp\ccadvWfV.s 			page 9


 457 00ac 39       		.uleb128 0x39
 458 00ad 0B       		.uleb128 0xb
 459 00ae 49       		.uleb128 0x49
 460 00af 13       		.uleb128 0x13
 461 00b0 38       		.uleb128 0x38
 462 00b1 0B       		.uleb128 0xb
 463 00b2 00       		.byte	0
 464 00b3 00       		.byte	0
 465 00b4 0E       		.uleb128 0xe
 466 00b5 26       		.uleb128 0x26
 467 00b6 00       		.byte	0
 468 00b7 49       		.uleb128 0x49
 469 00b8 13       		.uleb128 0x13
 470 00b9 00       		.byte	0
 471 00ba 00       		.byte	0
 472 00bb 0F       		.uleb128 0xf
 473 00bc 2E       		.uleb128 0x2e
 474 00bd 01       		.byte	0x1
 475 00be 3F       		.uleb128 0x3f
 476 00bf 19       		.uleb128 0x19
 477 00c0 03       		.uleb128 0x3
 478 00c1 0E       		.uleb128 0xe
 479 00c2 3A       		.uleb128 0x3a
 480 00c3 0B       		.uleb128 0xb
 481 00c4 3B       		.uleb128 0x3b
 482 00c5 0B       		.uleb128 0xb
 483 00c6 39       		.uleb128 0x39
 484 00c7 0B       		.uleb128 0xb
 485 00c8 27       		.uleb128 0x27
 486 00c9 19       		.uleb128 0x19
 487 00ca 11       		.uleb128 0x11
 488 00cb 01       		.uleb128 0x1
 489 00cc 12       		.uleb128 0x12
 490 00cd 06       		.uleb128 0x6
 491 00ce 40       		.uleb128 0x40
 492 00cf 18       		.uleb128 0x18
 493 00d0 7A       		.uleb128 0x7a
 494 00d1 19       		.uleb128 0x19
 495 00d2 01       		.uleb128 0x1
 496 00d3 13       		.uleb128 0x13
 497 00d4 00       		.byte	0
 498 00d5 00       		.byte	0
 499 00d6 10       		.uleb128 0x10
 500 00d7 2E       		.uleb128 0x2e
 501 00d8 01       		.byte	0x1
 502 00d9 3F       		.uleb128 0x3f
 503 00da 19       		.uleb128 0x19
 504 00db 03       		.uleb128 0x3
 505 00dc 0E       		.uleb128 0xe
 506 00dd 3A       		.uleb128 0x3a
 507 00de 0B       		.uleb128 0xb
 508 00df 3B       		.uleb128 0x3b
 509 00e0 0B       		.uleb128 0xb
 510 00e1 39       		.uleb128 0x39
 511 00e2 0B       		.uleb128 0xb
 512 00e3 27       		.uleb128 0x27
 513 00e4 19       		.uleb128 0x19
ARM GAS  C:\Users\DEVELO~1\AppData\Local\Temp\ccadvWfV.s 			page 10


 514 00e5 49       		.uleb128 0x49
 515 00e6 13       		.uleb128 0x13
 516 00e7 11       		.uleb128 0x11
 517 00e8 01       		.uleb128 0x1
 518 00e9 12       		.uleb128 0x12
 519 00ea 06       		.uleb128 0x6
 520 00eb 40       		.uleb128 0x40
 521 00ec 18       		.uleb128 0x18
 522 00ed 7A       		.uleb128 0x7a
 523 00ee 19       		.uleb128 0x19
 524 00ef 01       		.uleb128 0x1
 525 00f0 13       		.uleb128 0x13
 526 00f1 00       		.byte	0
 527 00f2 00       		.byte	0
 528 00f3 11       		.uleb128 0x11
 529 00f4 26       		.uleb128 0x26
 530 00f5 00       		.byte	0
 531 00f6 00       		.byte	0
 532 00f7 00       		.byte	0
 533 00f8 00       		.byte	0
 534              		.section	.debug_aranges,"",%progbits
 535 0000 24000000 		.4byte	0x24
 536 0004 0200     		.2byte	0x2
 537 0006 00000000 		.4byte	.Ldebug_info0
 538 000a 04       		.byte	0x4
 539 000b 00       		.byte	0
 540 000c 0000     		.2byte	0
 541 000e 0000     		.2byte	0
 542 0010 00000000 		.4byte	.LFB381
 543 0014 20000000 		.4byte	.LFE381-.LFB381
 544 0018 00000000 		.4byte	.LFB382
 545 001c 16000000 		.4byte	.LFE382-.LFB382
 546 0020 00000000 		.4byte	0
 547 0024 00000000 		.4byte	0
 548              		.section	.debug_rnglists,"",%progbits
 549              	.Ldebug_ranges0:
 550 0000 15000000 		.4byte	.Ldebug_ranges3-.Ldebug_ranges2
 551              	.Ldebug_ranges2:
 552 0004 0500     		.2byte	0x5
 553 0006 04       		.byte	0x4
 554 0007 00       		.byte	0
 555 0008 00000000 		.4byte	0
 556              	.LLRL0:
 557 000c 07       		.byte	0x7
 558 000d 00000000 		.4byte	.LFB381
 559 0011 20       		.uleb128 .LFE381-.LFB381
 560 0012 07       		.byte	0x7
 561 0013 00000000 		.4byte	.LFB382
 562 0017 16       		.uleb128 .LFE382-.LFB382
 563 0018 00       		.byte	0
 564              	.Ldebug_ranges3:
 565              		.section	.debug_line,"",%progbits
 566              	.Ldebug_line0:
 567 0000 B3000000 		.section	.debug_str,"MS",%progbits,1
 567      03007700 
 567      00000201 
 567      FB0E0D00 
ARM GAS  C:\Users\DEVELO~1\AppData\Local\Temp\ccadvWfV.s 			page 11


 567      01010101 
 568              	.LASF1:
 569 0000 6C6F6E67 		.ascii	"long long int\000"
 569      206C6F6E 
 569      6720696E 
 569      7400
 570              	.LASF0:
 571 000e 756E7369 		.ascii	"unsigned int\000"
 571      676E6564 
 571      20696E74 
 571      00
 572              	.LASF18:
 573 001b 433A5C50 		.ascii	"C:\\PROJET\\ChibiOS project\\ChibiOS_21.11.4\\demos"
 573      524F4A45 
 573      545C4368 
 573      6962694F 
 573      53207072 
 574 004a 5C53544D 		.ascii	"\\STM32\\RT-STM32H743ZI_REV_XY-NUCLEO144_Quartz8M\000"
 574      33325C52 
 574      542D5354 
 574      4D333248 
 574      3734335A 
 575              	.LASF19:
 576 007a 62617365 		.ascii	"base_object_c\000"
 576      5F6F626A 
 576      6563745F 
 576      6300
 577              	.LASF12:
 578 0088 62617365 		.ascii	"base_object\000"
 578      5F6F626A 
 578      65637400 
 579              	.LASF8:
 580 0094 6C6F6E67 		.ascii	"long unsigned int\000"
 580      20756E73 
 580      69676E65 
 580      6420696E 
 580      7400
 581              	.LASF9:
 582 00a6 6C6F6E67 		.ascii	"long long unsigned int\000"
 582      206C6F6E 
 582      6720756E 
 582      7369676E 
 582      65642069 
 583              	.LASF15:
 584 00bd 73656C66 		.ascii	"self\000"
 584      00
 585              	.LASF13:
 586 00c2 62617365 		.ascii	"base_object_vmt\000"
 586      5F6F626A 
 586      6563745F 
 586      766D7400 
 587              	.LASF4:
 588 00d2 756E7369 		.ascii	"unsigned char\000"
 588      676E6564 
 588      20636861 
 588      7200
 589              	.LASF10:
ARM GAS  C:\Users\DEVELO~1\AppData\Local\Temp\ccadvWfV.s 			page 12


 590 00e0 63686172 		.ascii	"char\000"
 590      00
 591              	.LASF16:
 592 00e5 474E5520 		.ascii	"GNU C17 11.3.1 20220712 -mcpu=cortex-m7 -mthumb -mf"
 592      43313720 
 592      31312E33 
 592      2E312032 
 592      30323230 
 593 0118 6C6F6174 		.ascii	"loat-abi=soft -march=armv7e-m -ggdb -O0 -ffunction-"
 593      2D616269 
 593      3D736F66 
 593      74202D6D 
 593      61726368 
 594 014b 73656374 		.ascii	"sections -fdata-sections -fno-common\000"
 594      696F6E73 
 594      202D6664 
 594      6174612D 
 594      73656374 
 595              	.LASF14:
 596 0170 64697370 		.ascii	"dispose\000"
 596      6F736500 
 597              	.LASF11:
 598 0178 5F426F6F 		.ascii	"_Bool\000"
 598      6C00
 599              	.LASF7:
 600 017e 6C6F6E67 		.ascii	"long int\000"
 600      20696E74 
 600      00
 601              	.LASF6:
 602 0187 73686F72 		.ascii	"short unsigned int\000"
 602      7420756E 
 602      7369676E 
 602      65642069 
 602      6E7400
 603              	.LASF3:
 604 019a 7369676E 		.ascii	"signed char\000"
 604      65642063 
 604      68617200 
 605              	.LASF20:
 606 01a6 5F5F626F 		.ascii	"__bo_dispose_impl\000"
 606      5F646973 
 606      706F7365 
 606      5F696D70 
 606      6C00
 607              	.LASF2:
 608 01b8 6C6F6E67 		.ascii	"long double\000"
 608      20646F75 
 608      626C6500 
 609              	.LASF17:
 610 01c4 2E2E2F2E 		.ascii	"../../../os/common/oop/src/oop_base_object.c\000"
 610      2E2F2E2E 
 610      2F6F732F 
 610      636F6D6D 
 610      6F6E2F6F 
 611              	.LASF5:
 612 01f1 73686F72 		.ascii	"short int\000"
 612      7420696E 
ARM GAS  C:\Users\DEVELO~1\AppData\Local\Temp\ccadvWfV.s 			page 13


 612      7400
 613              	.LASF21:
 614 01fb 5F5F626F 		.ascii	"__bo_objinit_impl\000"
 614      5F6F626A 
 614      696E6974 
 614      5F696D70 
 614      6C00
 615              		.ident	"GCC: (Arm GNU Toolchain 11.3.Rel1) 11.3.1 20220712"
ARM GAS  C:\Users\DEVELO~1\AppData\Local\Temp\ccadvWfV.s 			page 14


DEFINED SYMBOLS
                            *ABS*:00000000 oop_base_object.c
C:\Users\DEVELO~1\AppData\Local\Temp\ccadvWfV.s:18     .text.__bo_objinit_impl:00000000 $t
C:\Users\DEVELO~1\AppData\Local\Temp\ccadvWfV.s:24     .text.__bo_objinit_impl:00000000 __bo_objinit_impl
C:\Users\DEVELO~1\AppData\Local\Temp\ccadvWfV.s:65     .text.__bo_dispose_impl:00000000 $t
C:\Users\DEVELO~1\AppData\Local\Temp\ccadvWfV.s:71     .text.__bo_dispose_impl:00000000 __bo_dispose_impl

NO UNDEFINED SYMBOLS
