ARM GAS  C:\Users\DEVELO~1\AppData\Local\Temp\ccTJtvRj.s 			page 1


   1              		.cpu cortex-m7
   2              		.arch armv7e-m
   3              		.fpu softvfp
   4              		.eabi_attribute 20, 1
   5              		.eabi_attribute 21, 1
   6              		.eabi_attribute 23, 3
   7              		.eabi_attribute 24, 1
   8              		.eabi_attribute 25, 1
   9              		.eabi_attribute 26, 1
  10              		.eabi_attribute 30, 6
  11              		.eabi_attribute 34, 1
  12              		.eabi_attribute 18, 4
  13              		.file	"stm32_exti.c"
  14              		.text
  15              	.Ltext0:
  16              		.cfi_sections	.debug_frame
  17              	.Letext0:
  18              		.section	.debug_info,"",%progbits
  19              	.Ldebug_info0:
  20 0000 76000000 		.4byte	0x76
  21 0004 0500     		.2byte	0x5
  22 0006 01       		.byte	0x1
  23 0007 04       		.byte	0x4
  24 0008 00000000 		.4byte	.Ldebug_abbrev0
  25 000c 02       		.uleb128 0x2
  26 000d EA000000 		.4byte	.LASF12
  27 0011 1D       		.byte	0x1d
  28 0012 7A000000 		.4byte	.LASF13
  29 0016 1B000000 		.4byte	.LASF14
  30 001a 00000000 		.4byte	.Ldebug_line0
  31 001e 03       		.uleb128 0x3
  32 001f 04       		.byte	0x4
  33 0020 05       		.byte	0x5
  34 0021 696E7400 		.ascii	"int\000"
  35 0025 01       		.uleb128 0x1
  36 0026 04       		.byte	0x4
  37 0027 07       		.byte	0x7
  38 0028 0E000000 		.4byte	.LASF0
  39 002c 01       		.uleb128 0x1
  40 002d 08       		.byte	0x8
  41 002e 05       		.byte	0x5
  42 002f 00000000 		.4byte	.LASF1
  43 0033 01       		.uleb128 0x1
  44 0034 08       		.byte	0x8
  45 0035 04       		.byte	0x4
  46 0036 A3010000 		.4byte	.LASF2
  47 003a 01       		.uleb128 0x1
  48 003b 01       		.byte	0x1
  49 003c 06       		.byte	0x6
  50 003d 97010000 		.4byte	.LASF3
  51 0041 01       		.uleb128 0x1
  52 0042 01       		.byte	0x1
  53 0043 08       		.byte	0x8
  54 0044 D7000000 		.4byte	.LASF4
  55 0048 01       		.uleb128 0x1
  56 0049 02       		.byte	0x2
  57 004a 05       		.byte	0x5
ARM GAS  C:\Users\DEVELO~1\AppData\Local\Temp\ccTJtvRj.s 			page 2


  58 004b AF010000 		.4byte	.LASF5
  59 004f 01       		.uleb128 0x1
  60 0050 02       		.byte	0x2
  61 0051 07       		.byte	0x7
  62 0052 84010000 		.4byte	.LASF6
  63 0056 01       		.uleb128 0x1
  64 0057 04       		.byte	0x4
  65 0058 05       		.byte	0x5
  66 0059 7B010000 		.4byte	.LASF7
  67 005d 01       		.uleb128 0x1
  68 005e 04       		.byte	0x4
  69 005f 07       		.byte	0x7
  70 0060 AE000000 		.4byte	.LASF8
  71 0064 01       		.uleb128 0x1
  72 0065 08       		.byte	0x8
  73 0066 07       		.byte	0x7
  74 0067 C0000000 		.4byte	.LASF9
  75 006b 01       		.uleb128 0x1
  76 006c 01       		.byte	0x1
  77 006d 08       		.byte	0x8
  78 006e E5000000 		.4byte	.LASF10
  79 0072 01       		.uleb128 0x1
  80 0073 01       		.byte	0x1
  81 0074 02       		.byte	0x2
  82 0075 75010000 		.4byte	.LASF11
  83 0079 00       		.byte	0
  84              		.section	.debug_abbrev,"",%progbits
  85              	.Ldebug_abbrev0:
  86 0000 01       		.uleb128 0x1
  87 0001 24       		.uleb128 0x24
  88 0002 00       		.byte	0
  89 0003 0B       		.uleb128 0xb
  90 0004 0B       		.uleb128 0xb
  91 0005 3E       		.uleb128 0x3e
  92 0006 0B       		.uleb128 0xb
  93 0007 03       		.uleb128 0x3
  94 0008 0E       		.uleb128 0xe
  95 0009 00       		.byte	0
  96 000a 00       		.byte	0
  97 000b 02       		.uleb128 0x2
  98 000c 11       		.uleb128 0x11
  99 000d 01       		.byte	0x1
 100 000e 25       		.uleb128 0x25
 101 000f 0E       		.uleb128 0xe
 102 0010 13       		.uleb128 0x13
 103 0011 0B       		.uleb128 0xb
 104 0012 03       		.uleb128 0x3
 105 0013 0E       		.uleb128 0xe
 106 0014 1B       		.uleb128 0x1b
 107 0015 0E       		.uleb128 0xe
 108 0016 10       		.uleb128 0x10
 109 0017 17       		.uleb128 0x17
 110 0018 00       		.byte	0
 111 0019 00       		.byte	0
 112 001a 03       		.uleb128 0x3
 113 001b 24       		.uleb128 0x24
 114 001c 00       		.byte	0
ARM GAS  C:\Users\DEVELO~1\AppData\Local\Temp\ccTJtvRj.s 			page 3


 115 001d 0B       		.uleb128 0xb
 116 001e 0B       		.uleb128 0xb
 117 001f 3E       		.uleb128 0x3e
 118 0020 0B       		.uleb128 0xb
 119 0021 03       		.uleb128 0x3
 120 0022 08       		.uleb128 0x8
 121 0023 00       		.byte	0
 122 0024 00       		.byte	0
 123 0025 00       		.byte	0
 124              		.section	.debug_aranges,"",%progbits
 125 0000 14000000 		.4byte	0x14
 126 0004 0200     		.2byte	0x2
 127 0006 00000000 		.4byte	.Ldebug_info0
 128 000a 04       		.byte	0x4
 129 000b 00       		.byte	0
 130 000c 0000     		.2byte	0
 131 000e 0000     		.2byte	0
 132 0010 00000000 		.4byte	0
 133 0014 00000000 		.4byte	0
 134              		.section	.debug_line,"",%progbits
 135              	.Ldebug_line0:
 136 0000 19000000 		.section	.debug_str,"MS",%progbits,1
 136      03001300 
 136      00000201 
 136      FB0E0D00 
 136      01010101 
 137              	.LASF1:
 138 0000 6C6F6E67 		.ascii	"long long int\000"
 138      206C6F6E 
 138      6720696E 
 138      7400
 139              	.LASF0:
 140 000e 756E7369 		.ascii	"unsigned int\000"
 140      676E6564 
 140      20696E74 
 140      00
 141              	.LASF14:
 142 001b 433A5C50 		.ascii	"C:\\PROJET\\ChibiOS project\\ChibiOS_21.11.4\\demos"
 142      524F4A45 
 142      545C4368 
 142      6962694F 
 142      53207072 
 143 004a 5C53544D 		.ascii	"\\STM32\\RT-STM32H743ZI_REV_XY-NUCLEO144_Quartz8M\000"
 143      33325C52 
 143      542D5354 
 143      4D333248 
 143      3734335A 
 144              	.LASF13:
 145 007a 2E2E2F2E 		.ascii	"../../../os/hal/ports/STM32/LLD/EXTIv1/stm32_exti.c"
 145      2E2F2E2E 
 145      2F6F732F 
 145      68616C2F 
 145      706F7274 
 146 00ad 00       		.ascii	"\000"
 147              	.LASF8:
 148 00ae 6C6F6E67 		.ascii	"long unsigned int\000"
 148      20756E73 
ARM GAS  C:\Users\DEVELO~1\AppData\Local\Temp\ccTJtvRj.s 			page 4


 148      69676E65 
 148      6420696E 
 148      7400
 149              	.LASF9:
 150 00c0 6C6F6E67 		.ascii	"long long unsigned int\000"
 150      206C6F6E 
 150      6720756E 
 150      7369676E 
 150      65642069 
 151              	.LASF4:
 152 00d7 756E7369 		.ascii	"unsigned char\000"
 152      676E6564 
 152      20636861 
 152      7200
 153              	.LASF10:
 154 00e5 63686172 		.ascii	"char\000"
 154      00
 155              	.LASF12:
 156 00ea 474E5520 		.ascii	"GNU C17 11.3.1 20220712 -mcpu=cortex-m7 -mthumb -mf"
 156      43313720 
 156      31312E33 
 156      2E312032 
 156      30323230 
 157 011d 6C6F6174 		.ascii	"loat-abi=soft -march=armv7e-m -ggdb -O0 -ffunction-"
 157      2D616269 
 157      3D736F66 
 157      74202D6D 
 157      61726368 
 158 0150 73656374 		.ascii	"sections -fdata-sections -fno-common\000"
 158      696F6E73 
 158      202D6664 
 158      6174612D 
 158      73656374 
 159              	.LASF11:
 160 0175 5F426F6F 		.ascii	"_Bool\000"
 160      6C00
 161              	.LASF7:
 162 017b 6C6F6E67 		.ascii	"long int\000"
 162      20696E74 
 162      00
 163              	.LASF6:
 164 0184 73686F72 		.ascii	"short unsigned int\000"
 164      7420756E 
 164      7369676E 
 164      65642069 
 164      6E7400
 165              	.LASF3:
 166 0197 7369676E 		.ascii	"signed char\000"
 166      65642063 
 166      68617200 
 167              	.LASF2:
 168 01a3 6C6F6E67 		.ascii	"long double\000"
 168      20646F75 
 168      626C6500 
 169              	.LASF5:
 170 01af 73686F72 		.ascii	"short int\000"
 170      7420696E 
ARM GAS  C:\Users\DEVELO~1\AppData\Local\Temp\ccTJtvRj.s 			page 5


 170      7400
 171              		.ident	"GCC: (Arm GNU Toolchain 11.3.Rel1) 11.3.1 20220712"
ARM GAS  C:\Users\DEVELO~1\AppData\Local\Temp\ccTJtvRj.s 			page 6


DEFINED SYMBOLS
                            *ABS*:00000000 stm32_exti.c

NO UNDEFINED SYMBOLS
