ARM GAS  C:\Users\DEVELO~1\AppData\Local\Temp\ccV34OEq.s 			page 1


   1              		.cpu cortex-m7
   2              		.arch armv7e-m
   3              		.fpu softvfp
   4              		.eabi_attribute 20, 1
   5              		.eabi_attribute 21, 1
   6              		.eabi_attribute 23, 3
   7              		.eabi_attribute 24, 1
   8              		.eabi_attribute 25, 1
   9              		.eabi_attribute 26, 1
  10              		.eabi_attribute 30, 6
  11              		.eabi_attribute 34, 1
  12              		.eabi_attribute 18, 4
  13              		.file	"ui_model.c"
  14              		.text
  15              	.Ltext0:
  16              		.cfi_sections	.debug_frame
  17              		.section	.bss.ui_hall_mask,"aw",%nobits
  18              		.align	1
  19              		.type	ui_hall_mask, %object
  20              		.size	ui_hall_mask, 2
  21              	ui_hall_mask:
  22 0000 0000     		.space	2
  23              		.section	.text.ui_model_set_hall_mask,"ax",%progbits
  24              		.align	1
  25              		.global	ui_model_set_hall_mask
  26              		.syntax unified
  27              		.thumb
  28              		.thumb_func
  29              		.type	ui_model_set_hall_mask, %function
  30              	ui_model_set_hall_mask:
  31              	.LFB0:
  32              		.file 1 "ui/ui_model.c"
  33              		.loc 1 5 44
  34              		.cfi_startproc
  35              		@ args = 0, pretend = 0, frame = 8
  36              		@ frame_needed = 1, uses_anonymous_args = 0
  37              		@ link register save eliminated.
  38 0000 80B4     		push	{r7}
  39              		.cfi_def_cfa_offset 4
  40              		.cfi_offset 7, -4
  41 0002 83B0     		sub	sp, sp, #12
  42              		.cfi_def_cfa_offset 16
  43 0004 00AF     		add	r7, sp, #0
  44              		.cfi_def_cfa_register 7
  45 0006 0346     		mov	r3, r0
  46 0008 FB80     		strh	r3, [r7, #6]	@ movhi
  47              		.loc 1 6 5
  48 000a 044A     		ldr	r2, .L2
  49 000c FB88     		ldrh	r3, [r7, #6]	@ movhi
  50 000e 1380     		strh	r3, [r2]	@ movhi
  51              		.loc 1 7 1
  52 0010 00BF     		nop
  53 0012 0C37     		adds	r7, r7, #12
  54              		.cfi_def_cfa_offset 4
  55 0014 BD46     		mov	sp, r7
  56              		.cfi_def_cfa_register 13
  57              		@ sp needed
ARM GAS  C:\Users\DEVELO~1\AppData\Local\Temp\ccV34OEq.s 			page 2


  58 0016 80BC     		pop	{r7}
  59              		.cfi_restore 7
  60              		.cfi_def_cfa_offset 0
  61 0018 7047     		bx	lr
  62              	.L3:
  63 001a 00BF     		.align	2
  64              	.L2:
  65 001c 00000000 		.word	ui_hall_mask
  66              		.cfi_endproc
  67              	.LFE0:
  68              		.size	ui_model_set_hall_mask, .-ui_model_set_hall_mask
  69              		.section	.text.ui_model_get_hall_mask,"ax",%progbits
  70              		.align	1
  71              		.global	ui_model_get_hall_mask
  72              		.syntax unified
  73              		.thumb
  74              		.thumb_func
  75              		.type	ui_model_get_hall_mask, %function
  76              	ui_model_get_hall_mask:
  77              	.LFB1:
  78              		.loc 1 9 39
  79              		.cfi_startproc
  80              		@ args = 0, pretend = 0, frame = 0
  81              		@ frame_needed = 1, uses_anonymous_args = 0
  82              		@ link register save eliminated.
  83 0000 80B4     		push	{r7}
  84              		.cfi_def_cfa_offset 4
  85              		.cfi_offset 7, -4
  86 0002 00AF     		add	r7, sp, #0
  87              		.cfi_def_cfa_register 7
  88              		.loc 1 10 12
  89 0004 034B     		ldr	r3, .L6
  90 0006 1B88     		ldrh	r3, [r3]	@ movhi
  91 0008 9BB2     		uxth	r3, r3
  92              		.loc 1 11 1
  93 000a 1846     		mov	r0, r3
  94 000c BD46     		mov	sp, r7
  95              		.cfi_def_cfa_register 13
  96              		@ sp needed
  97 000e 80BC     		pop	{r7}
  98              		.cfi_restore 7
  99              		.cfi_def_cfa_offset 0
 100 0010 7047     		bx	lr
 101              	.L7:
 102 0012 00BF     		.align	2
 103              	.L6:
 104 0014 00000000 		.word	ui_hall_mask
 105              		.cfi_endproc
 106              	.LFE1:
 107              		.size	ui_model_get_hall_mask, .-ui_model_get_hall_mask
 108              		.text
 109              	.Letext0:
 110              		.file 2 "c:\\chibistudio\\tools\\gnu tools arm embedded\\11.3 2022.08\\arm-none-eabi\\include\\mac
 111              		.file 3 "c:\\chibistudio\\tools\\gnu tools arm embedded\\11.3 2022.08\\arm-none-eabi\\include\\sys
 112              		.section	.debug_info,"",%progbits
 113              	.Ldebug_info0:
 114 0000 D0000000 		.4byte	0xd0
ARM GAS  C:\Users\DEVELO~1\AppData\Local\Temp\ccV34OEq.s 			page 3


 115 0004 0500     		.2byte	0x5
 116 0006 01       		.byte	0x1
 117 0007 04       		.byte	0x4
 118 0008 00000000 		.4byte	.Ldebug_abbrev0
 119 000c 03       		.uleb128 0x3
 120 000d CB000000 		.4byte	.LASF11
 121 0011 1D       		.byte	0x1d
 122 0012 17000000 		.4byte	.LASF12
 123 0016 61000000 		.4byte	.LASF13
 124 001a 0C000000 		.4byte	.LLRL0
 125 001e 00000000 		.4byte	0
 126 0022 00000000 		.4byte	.Ldebug_line0
 127 0026 01       		.uleb128 0x1
 128 0027 01       		.byte	0x1
 129 0028 06       		.byte	0x6
 130 0029 C4010000 		.4byte	.LASF0
 131 002d 01       		.uleb128 0x1
 132 002e 01       		.byte	0x1
 133 002f 08       		.byte	0x8
 134 0030 63010000 		.4byte	.LASF1
 135 0034 01       		.uleb128 0x1
 136 0035 02       		.byte	0x2
 137 0036 05       		.byte	0x5
 138 0037 A8010000 		.4byte	.LASF2
 139 003b 02       		.uleb128 0x2
 140 003c C0000000 		.4byte	.LASF9
 141 0040 02       		.byte	0x2
 142 0041 39       		.byte	0x39
 143 0042 19       		.byte	0x19
 144 0043 47000000 		.4byte	0x47
 145 0047 01       		.uleb128 0x1
 146 0048 02       		.byte	0x2
 147 0049 07       		.byte	0x7
 148 004a 4E000000 		.4byte	.LASF3
 149 004e 01       		.uleb128 0x1
 150 004f 04       		.byte	0x4
 151 0050 05       		.byte	0x5
 152 0051 BB010000 		.4byte	.LASF4
 153 0055 01       		.uleb128 0x1
 154 0056 04       		.byte	0x4
 155 0057 07       		.byte	0x7
 156 0058 3C000000 		.4byte	.LASF5
 157 005c 01       		.uleb128 0x1
 158 005d 08       		.byte	0x8
 159 005e 05       		.byte	0x5
 160 005f 95010000 		.4byte	.LASF6
 161 0063 01       		.uleb128 0x1
 162 0064 08       		.byte	0x8
 163 0065 07       		.byte	0x7
 164 0066 7E010000 		.4byte	.LASF7
 165 006a 04       		.uleb128 0x4
 166 006b 04       		.byte	0x4
 167 006c 05       		.byte	0x5
 168 006d 696E7400 		.ascii	"int\000"
 169 0071 01       		.uleb128 0x1
 170 0072 04       		.byte	0x4
 171 0073 07       		.byte	0x7
ARM GAS  C:\Users\DEVELO~1\AppData\Local\Temp\ccV34OEq.s 			page 4


 172 0074 71010000 		.4byte	.LASF8
 173 0078 02       		.uleb128 0x2
 174 0079 B2010000 		.4byte	.LASF10
 175 007d 03       		.byte	0x3
 176 007e 24       		.byte	0x24
 177 007f 14       		.byte	0x14
 178 0080 3B000000 		.4byte	0x3b
 179 0084 05       		.uleb128 0x5
 180 0085 78000000 		.4byte	0x78
 181 0089 06       		.uleb128 0x6
 182 008a 56010000 		.4byte	.LASF14
 183 008e 01       		.byte	0x1
 184 008f 03       		.byte	0x3
 185 0090 1A       		.byte	0x1a
 186 0091 84000000 		.4byte	0x84
 187 0095 05       		.uleb128 0x5
 188 0096 03       		.byte	0x3
 189 0097 00000000 		.4byte	ui_hall_mask
 190 009b 07       		.uleb128 0x7
 191 009c 00000000 		.4byte	.LASF15
 192 00a0 01       		.byte	0x1
 193 00a1 09       		.byte	0x9
 194 00a2 0A       		.byte	0xa
 195 00a3 78000000 		.4byte	0x78
 196 00a7 00000000 		.4byte	.LFB1
 197 00ab 18000000 		.4byte	.LFE1-.LFB1
 198 00af 01       		.uleb128 0x1
 199 00b0 9C       		.byte	0x9c
 200 00b1 08       		.uleb128 0x8
 201 00b2 25000000 		.4byte	.LASF16
 202 00b6 01       		.byte	0x1
 203 00b7 05       		.byte	0x5
 204 00b8 06       		.byte	0x6
 205 00b9 00000000 		.4byte	.LFB0
 206 00bd 20000000 		.4byte	.LFE0-.LFB0
 207 00c1 01       		.uleb128 0x1
 208 00c2 9C       		.byte	0x9c
 209 00c3 09       		.uleb128 0x9
 210 00c4 A3010000 		.4byte	.LASF17
 211 00c8 01       		.byte	0x1
 212 00c9 05       		.byte	0x5
 213 00ca 26       		.byte	0x26
 214 00cb 78000000 		.4byte	0x78
 215 00cf 02       		.uleb128 0x2
 216 00d0 91       		.byte	0x91
 217 00d1 76       		.sleb128 -10
 218 00d2 00       		.byte	0
 219 00d3 00       		.byte	0
 220              		.section	.debug_abbrev,"",%progbits
 221              	.Ldebug_abbrev0:
 222 0000 01       		.uleb128 0x1
 223 0001 24       		.uleb128 0x24
 224 0002 00       		.byte	0
 225 0003 0B       		.uleb128 0xb
 226 0004 0B       		.uleb128 0xb
 227 0005 3E       		.uleb128 0x3e
 228 0006 0B       		.uleb128 0xb
ARM GAS  C:\Users\DEVELO~1\AppData\Local\Temp\ccV34OEq.s 			page 5


 229 0007 03       		.uleb128 0x3
 230 0008 0E       		.uleb128 0xe
 231 0009 00       		.byte	0
 232 000a 00       		.byte	0
 233 000b 02       		.uleb128 0x2
 234 000c 16       		.uleb128 0x16
 235 000d 00       		.byte	0
 236 000e 03       		.uleb128 0x3
 237 000f 0E       		.uleb128 0xe
 238 0010 3A       		.uleb128 0x3a
 239 0011 0B       		.uleb128 0xb
 240 0012 3B       		.uleb128 0x3b
 241 0013 0B       		.uleb128 0xb
 242 0014 39       		.uleb128 0x39
 243 0015 0B       		.uleb128 0xb
 244 0016 49       		.uleb128 0x49
 245 0017 13       		.uleb128 0x13
 246 0018 00       		.byte	0
 247 0019 00       		.byte	0
 248 001a 03       		.uleb128 0x3
 249 001b 11       		.uleb128 0x11
 250 001c 01       		.byte	0x1
 251 001d 25       		.uleb128 0x25
 252 001e 0E       		.uleb128 0xe
 253 001f 13       		.uleb128 0x13
 254 0020 0B       		.uleb128 0xb
 255 0021 03       		.uleb128 0x3
 256 0022 0E       		.uleb128 0xe
 257 0023 1B       		.uleb128 0x1b
 258 0024 0E       		.uleb128 0xe
 259 0025 55       		.uleb128 0x55
 260 0026 17       		.uleb128 0x17
 261 0027 11       		.uleb128 0x11
 262 0028 01       		.uleb128 0x1
 263 0029 10       		.uleb128 0x10
 264 002a 17       		.uleb128 0x17
 265 002b 00       		.byte	0
 266 002c 00       		.byte	0
 267 002d 04       		.uleb128 0x4
 268 002e 24       		.uleb128 0x24
 269 002f 00       		.byte	0
 270 0030 0B       		.uleb128 0xb
 271 0031 0B       		.uleb128 0xb
 272 0032 3E       		.uleb128 0x3e
 273 0033 0B       		.uleb128 0xb
 274 0034 03       		.uleb128 0x3
 275 0035 08       		.uleb128 0x8
 276 0036 00       		.byte	0
 277 0037 00       		.byte	0
 278 0038 05       		.uleb128 0x5
 279 0039 35       		.uleb128 0x35
 280 003a 00       		.byte	0
 281 003b 49       		.uleb128 0x49
 282 003c 13       		.uleb128 0x13
 283 003d 00       		.byte	0
 284 003e 00       		.byte	0
 285 003f 06       		.uleb128 0x6
ARM GAS  C:\Users\DEVELO~1\AppData\Local\Temp\ccV34OEq.s 			page 6


 286 0040 34       		.uleb128 0x34
 287 0041 00       		.byte	0
 288 0042 03       		.uleb128 0x3
 289 0043 0E       		.uleb128 0xe
 290 0044 3A       		.uleb128 0x3a
 291 0045 0B       		.uleb128 0xb
 292 0046 3B       		.uleb128 0x3b
 293 0047 0B       		.uleb128 0xb
 294 0048 39       		.uleb128 0x39
 295 0049 0B       		.uleb128 0xb
 296 004a 49       		.uleb128 0x49
 297 004b 13       		.uleb128 0x13
 298 004c 02       		.uleb128 0x2
 299 004d 18       		.uleb128 0x18
 300 004e 00       		.byte	0
 301 004f 00       		.byte	0
 302 0050 07       		.uleb128 0x7
 303 0051 2E       		.uleb128 0x2e
 304 0052 00       		.byte	0
 305 0053 3F       		.uleb128 0x3f
 306 0054 19       		.uleb128 0x19
 307 0055 03       		.uleb128 0x3
 308 0056 0E       		.uleb128 0xe
 309 0057 3A       		.uleb128 0x3a
 310 0058 0B       		.uleb128 0xb
 311 0059 3B       		.uleb128 0x3b
 312 005a 0B       		.uleb128 0xb
 313 005b 39       		.uleb128 0x39
 314 005c 0B       		.uleb128 0xb
 315 005d 27       		.uleb128 0x27
 316 005e 19       		.uleb128 0x19
 317 005f 49       		.uleb128 0x49
 318 0060 13       		.uleb128 0x13
 319 0061 11       		.uleb128 0x11
 320 0062 01       		.uleb128 0x1
 321 0063 12       		.uleb128 0x12
 322 0064 06       		.uleb128 0x6
 323 0065 40       		.uleb128 0x40
 324 0066 18       		.uleb128 0x18
 325 0067 7A       		.uleb128 0x7a
 326 0068 19       		.uleb128 0x19
 327 0069 00       		.byte	0
 328 006a 00       		.byte	0
 329 006b 08       		.uleb128 0x8
 330 006c 2E       		.uleb128 0x2e
 331 006d 01       		.byte	0x1
 332 006e 3F       		.uleb128 0x3f
 333 006f 19       		.uleb128 0x19
 334 0070 03       		.uleb128 0x3
 335 0071 0E       		.uleb128 0xe
 336 0072 3A       		.uleb128 0x3a
 337 0073 0B       		.uleb128 0xb
 338 0074 3B       		.uleb128 0x3b
 339 0075 0B       		.uleb128 0xb
 340 0076 39       		.uleb128 0x39
 341 0077 0B       		.uleb128 0xb
 342 0078 27       		.uleb128 0x27
ARM GAS  C:\Users\DEVELO~1\AppData\Local\Temp\ccV34OEq.s 			page 7


 343 0079 19       		.uleb128 0x19
 344 007a 11       		.uleb128 0x11
 345 007b 01       		.uleb128 0x1
 346 007c 12       		.uleb128 0x12
 347 007d 06       		.uleb128 0x6
 348 007e 40       		.uleb128 0x40
 349 007f 18       		.uleb128 0x18
 350 0080 7A       		.uleb128 0x7a
 351 0081 19       		.uleb128 0x19
 352 0082 00       		.byte	0
 353 0083 00       		.byte	0
 354 0084 09       		.uleb128 0x9
 355 0085 05       		.uleb128 0x5
 356 0086 00       		.byte	0
 357 0087 03       		.uleb128 0x3
 358 0088 0E       		.uleb128 0xe
 359 0089 3A       		.uleb128 0x3a
 360 008a 0B       		.uleb128 0xb
 361 008b 3B       		.uleb128 0x3b
 362 008c 0B       		.uleb128 0xb
 363 008d 39       		.uleb128 0x39
 364 008e 0B       		.uleb128 0xb
 365 008f 49       		.uleb128 0x49
 366 0090 13       		.uleb128 0x13
 367 0091 02       		.uleb128 0x2
 368 0092 18       		.uleb128 0x18
 369 0093 00       		.byte	0
 370 0094 00       		.byte	0
 371 0095 00       		.byte	0
 372              		.section	.debug_aranges,"",%progbits
 373 0000 24000000 		.4byte	0x24
 374 0004 0200     		.2byte	0x2
 375 0006 00000000 		.4byte	.Ldebug_info0
 376 000a 04       		.byte	0x4
 377 000b 00       		.byte	0
 378 000c 0000     		.2byte	0
 379 000e 0000     		.2byte	0
 380 0010 00000000 		.4byte	.LFB0
 381 0014 20000000 		.4byte	.LFE0-.LFB0
 382 0018 00000000 		.4byte	.LFB1
 383 001c 18000000 		.4byte	.LFE1-.LFB1
 384 0020 00000000 		.4byte	0
 385 0024 00000000 		.4byte	0
 386              		.section	.debug_rnglists,"",%progbits
 387              	.Ldebug_ranges0:
 388 0000 15000000 		.4byte	.Ldebug_ranges3-.Ldebug_ranges2
 389              	.Ldebug_ranges2:
 390 0004 0500     		.2byte	0x5
 391 0006 04       		.byte	0x4
 392 0007 00       		.byte	0
 393 0008 00000000 		.4byte	0
 394              	.LLRL0:
 395 000c 07       		.byte	0x7
 396 000d 00000000 		.4byte	.LFB0
 397 0011 20       		.uleb128 .LFE0-.LFB0
 398 0012 07       		.byte	0x7
 399 0013 00000000 		.4byte	.LFB1
ARM GAS  C:\Users\DEVELO~1\AppData\Local\Temp\ccV34OEq.s 			page 8


 400 0017 18       		.uleb128 .LFE1-.LFB1
 401 0018 00       		.byte	0
 402              	.Ldebug_ranges3:
 403              		.section	.debug_line,"",%progbits
 404              	.Ldebug_line0:
 405 0000 1F010000 		.section	.debug_str,"MS",%progbits,1
 405      0300EF00 
 405      00000201 
 405      FB0E0D00 
 405      01010101 
 406              	.LASF15:
 407 0000 75695F6D 		.ascii	"ui_model_get_hall_mask\000"
 407      6F64656C 
 407      5F676574 
 407      5F68616C 
 407      6C5F6D61 
 408              	.LASF12:
 409 0017 75692F75 		.ascii	"ui/ui_model.c\000"
 409      695F6D6F 
 409      64656C2E 
 409      6300
 410              	.LASF16:
 411 0025 75695F6D 		.ascii	"ui_model_set_hall_mask\000"
 411      6F64656C 
 411      5F736574 
 411      5F68616C 
 411      6C5F6D61 
 412              	.LASF5:
 413 003c 6C6F6E67 		.ascii	"long unsigned int\000"
 413      20756E73 
 413      69676E65 
 413      6420696E 
 413      7400
 414              	.LASF3:
 415 004e 73686F72 		.ascii	"short unsigned int\000"
 415      7420756E 
 415      7369676E 
 415      65642069 
 415      6E7400
 416              	.LASF13:
 417 0061 433A5C50 		.ascii	"C:\\PROJET\\ChibiOS project\\ChibiOS_21.11.4\\demos"
 417      524F4A45 
 417      545C4368 
 417      6962694F 
 417      53207072 
 418 0090 5C53544D 		.ascii	"\\STM32\\RT-STM32H743ZI_REV_XY-NUCLEO144_Quartz8M\000"
 418      33325C52 
 418      542D5354 
 418      4D333248 
 418      3734335A 
 419              	.LASF9:
 420 00c0 5F5F7569 		.ascii	"__uint16_t\000"
 420      6E743136 
 420      5F7400
 421              	.LASF11:
 422 00cb 474E5520 		.ascii	"GNU C17 11.3.1 20220712 -mcpu=cortex-m7 -mthumb -mf"
 422      43313720 
ARM GAS  C:\Users\DEVELO~1\AppData\Local\Temp\ccV34OEq.s 			page 9


 422      31312E33 
 422      2E312032 
 422      30323230 
 423 00fe 6C6F6174 		.ascii	"loat-abi=soft -march=armv7e-m -ggdb -O0 -ffunction-"
 423      2D616269 
 423      3D736F66 
 423      74202D6D 
 423      61726368 
 424 0131 73656374 		.ascii	"sections -fdata-sections -fno-common\000"
 424      696F6E73 
 424      202D6664 
 424      6174612D 
 424      73656374 
 425              	.LASF14:
 426 0156 75695F68 		.ascii	"ui_hall_mask\000"
 426      616C6C5F 
 426      6D61736B 
 426      00
 427              	.LASF1:
 428 0163 756E7369 		.ascii	"unsigned char\000"
 428      676E6564 
 428      20636861 
 428      7200
 429              	.LASF8:
 430 0171 756E7369 		.ascii	"unsigned int\000"
 430      676E6564 
 430      20696E74 
 430      00
 431              	.LASF7:
 432 017e 6C6F6E67 		.ascii	"long long unsigned int\000"
 432      206C6F6E 
 432      6720756E 
 432      7369676E 
 432      65642069 
 433              	.LASF6:
 434 0195 6C6F6E67 		.ascii	"long long int\000"
 434      206C6F6E 
 434      6720696E 
 434      7400
 435              	.LASF17:
 436 01a3 6D61736B 		.ascii	"mask\000"
 436      00
 437              	.LASF2:
 438 01a8 73686F72 		.ascii	"short int\000"
 438      7420696E 
 438      7400
 439              	.LASF10:
 440 01b2 75696E74 		.ascii	"uint16_t\000"
 440      31365F74 
 440      00
 441              	.LASF4:
 442 01bb 6C6F6E67 		.ascii	"long int\000"
 442      20696E74 
 442      00
 443              	.LASF0:
 444 01c4 7369676E 		.ascii	"signed char\000"
 444      65642063 
ARM GAS  C:\Users\DEVELO~1\AppData\Local\Temp\ccV34OEq.s 			page 10


 444      68617200 
 445              		.ident	"GCC: (Arm GNU Toolchain 11.3.Rel1) 11.3.1 20220712"
ARM GAS  C:\Users\DEVELO~1\AppData\Local\Temp\ccV34OEq.s 			page 11


DEFINED SYMBOLS
                            *ABS*:00000000 ui_model.c
C:\Users\DEVELO~1\AppData\Local\Temp\ccV34OEq.s:18     .bss.ui_hall_mask:00000000 $d
C:\Users\DEVELO~1\AppData\Local\Temp\ccV34OEq.s:21     .bss.ui_hall_mask:00000000 ui_hall_mask
C:\Users\DEVELO~1\AppData\Local\Temp\ccV34OEq.s:24     .text.ui_model_set_hall_mask:00000000 $t
C:\Users\DEVELO~1\AppData\Local\Temp\ccV34OEq.s:30     .text.ui_model_set_hall_mask:00000000 ui_model_set_hall_mask
C:\Users\DEVELO~1\AppData\Local\Temp\ccV34OEq.s:65     .text.ui_model_set_hall_mask:0000001c $d
C:\Users\DEVELO~1\AppData\Local\Temp\ccV34OEq.s:70     .text.ui_model_get_hall_mask:00000000 $t
C:\Users\DEVELO~1\AppData\Local\Temp\ccV34OEq.s:76     .text.ui_model_get_hall_mask:00000000 ui_model_get_hall_mask
C:\Users\DEVELO~1\AppData\Local\Temp\ccV34OEq.s:104    .text.ui_model_get_hall_mask:00000014 $d

NO UNDEFINED SYMBOLS
