ARM GAS  C:\Users\DEVELO~1\AppData\Local\Temp\ccRUvqpW.s 			page 1


   1              		.cpu cortex-m7
   2              		.arch armv7e-m
   3              		.fpu softvfp
   4              		.eabi_attribute 20, 1
   5              		.eabi_attribute 21, 1
   6              		.eabi_attribute 23, 3
   7              		.eabi_attribute 24, 1
   8              		.eabi_attribute 25, 1
   9              		.eabi_attribute 26, 1
  10              		.eabi_attribute 30, 6
  11              		.eabi_attribute 34, 1
  12              		.eabi_attribute 18, 4
  13              		.file	"usb_device.c"
  14              		.text
  15              	.Ltext0:
  16              		.cfi_sections	.debug_frame
  17              		.section	.text.usb_device_start,"ax",%progbits
  18              		.align	1
  19              		.global	usb_device_start
  20              		.syntax unified
  21              		.thumb
  22              		.thumb_func
  23              		.type	usb_device_start, %function
  24              	usb_device_start:
  25              	.LFB432:
  26              		.file 1 "usb/usb_device.c"
  27              		.loc 1 48 29
  28              		.cfi_startproc
  29              		@ args = 0, pretend = 0, frame = 0
  30              		@ frame_needed = 1, uses_anonymous_args = 0
  31 0000 80B5     		push	{r7, lr}
  32              		.cfi_def_cfa_offset 8
  33              		.cfi_offset 7, -8
  34              		.cfi_offset 14, -4
  35 0002 00AF     		add	r7, sp, #0
  36              		.cfi_def_cfa_register 7
  37              		.loc 1 50 5
  38 0004 104B     		ldr	r3, .L2
  39 0006 D3F89030 		ldr	r3, [r3, #144]
  40 000a D3F80428 		ldr	r2, [r3, #2052]
  41 000e 0E4B     		ldr	r3, .L2
  42 0010 D3F89030 		ldr	r3, [r3, #144]
  43 0014 42F00202 		orr	r2, r2, #2
  44 0018 C3F80428 		str	r2, [r3, #2052]
  45              		.loc 1 51 5
  46 001c 43F69820 		movw	r0, #15000
  47 0020 FFF7FEFF 		bl	chThdSleep
  48              		.loc 1 54 5
  49 0024 0949     		ldr	r1, .L2+4
  50 0026 0848     		ldr	r0, .L2
  51 0028 FFF7FEFF 		bl	usbStart
  52              		.loc 1 74 5
  53 002c 064B     		ldr	r3, .L2
  54 002e D3F89030 		ldr	r3, [r3, #144]
  55 0032 D3F80428 		ldr	r2, [r3, #2052]
  56 0036 044B     		ldr	r3, .L2
  57 0038 D3F89030 		ldr	r3, [r3, #144]
ARM GAS  C:\Users\DEVELO~1\AppData\Local\Temp\ccRUvqpW.s 			page 2


  58 003c 22F00202 		bic	r2, r2, #2
  59 0040 C3F80428 		str	r2, [r3, #2052]
  60              		.loc 1 75 1
  61 0044 00BF     		nop
  62 0046 80BD     		pop	{r7, pc}
  63              	.L3:
  64              		.align	2
  65              	.L2:
  66 0048 00000000 		.word	USBD1
  67 004c 00000000 		.word	usbcfg
  68              		.cfi_endproc
  69              	.LFE432:
  70              		.size	usb_device_start, .-usb_device_start
  71              		.section	.text.usb_device_active,"ax",%progbits
  72              		.align	1
  73              		.global	usb_device_active
  74              		.syntax unified
  75              		.thumb
  76              		.thumb_func
  77              		.type	usb_device_active, %function
  78              	usb_device_active:
  79              	.LFB433:
  80              		.loc 1 82 30
  81              		.cfi_startproc
  82              		@ args = 0, pretend = 0, frame = 0
  83              		@ frame_needed = 1, uses_anonymous_args = 0
  84              		@ link register save eliminated.
  85 0000 80B4     		push	{r7}
  86              		.cfi_def_cfa_offset 4
  87              		.cfi_offset 7, -4
  88 0002 00AF     		add	r7, sp, #0
  89              		.cfi_def_cfa_register 7
  90              		.loc 1 83 12
  91 0004 034B     		ldr	r3, .L6
  92 0006 1B78     		ldrb	r3, [r3]
  93 0008 DBB2     		uxtb	r3, r3
  94              		.loc 1 84 1
  95 000a 1846     		mov	r0, r3
  96 000c BD46     		mov	sp, r7
  97              		.cfi_def_cfa_register 13
  98              		@ sp needed
  99 000e 80BC     		pop	{r7}
 100              		.cfi_restore 7
 101              		.cfi_def_cfa_offset 0
 102 0010 7047     		bx	lr
 103              	.L7:
 104 0012 00BF     		.align	2
 105              	.L6:
 106 0014 00000000 		.word	usb_midi_tx_ready
 107              		.cfi_endproc
 108              	.LFE433:
 109              		.size	usb_device_active, .-usb_device_active
 110              		.text
 111              	.Letext0:
 112              		.file 2 "c:\\chibistudio\\tools\\gnu tools arm embedded\\11.3 2022.08\\lib\\gcc\\arm-none-eabi\\11
 113              		.file 3 "c:\\chibistudio\\tools\\gnu tools arm embedded\\11.3 2022.08\\arm-none-eabi\\include\\mac
 114              		.file 4 "c:\\chibistudio\\tools\\gnu tools arm embedded\\11.3 2022.08\\arm-none-eabi\\include\\sys
ARM GAS  C:\Users\DEVELO~1\AppData\Local\Temp\ccRUvqpW.s 			page 3


 115              		.file 5 "../../../os/rt/include/chearly.h"
 116              		.file 6 "../../../os/rt/include/chtime.h"
 117              		.file 7 "../../../os/hal/include/hal_usb.h"
 118              		.file 8 "../../../os/hal/ports/STM32/LLD/OTGv1/hal_usb_lld.h"
 119              		.file 9 "../../../os/hal/ports/STM32/LLD/OTGv1/stm32_otg.h"
 120              		.file 10 "usb/usbcfg.h"
 121              		.file 11 "../../../os/rt/include/chthreads.h"
 122              		.section	.debug_info,"",%progbits
 123              	.Ldebug_info0:
 124 0000 BA0B0000 		.4byte	0xbba
 125 0004 0500     		.2byte	0x5
 126 0006 01       		.byte	0x1
 127 0007 04       		.byte	0x4
 128 0008 00000000 		.4byte	.Ldebug_abbrev0
 129 000c 16       		.uleb128 0x16
 130 000d 5F010000 		.4byte	.LASF183
 131 0011 1D       		.byte	0x1d
 132 0012 17020000 		.4byte	.LASF184
 133 0016 1A030000 		.4byte	.LASF185
 134 001a 0C000000 		.4byte	.LLRL0
 135 001e 00000000 		.4byte	0
 136 0022 00000000 		.4byte	.Ldebug_line0
 137 0026 17       		.uleb128 0x17
 138 0027 04       		.byte	0x4
 139 0028 05       		.byte	0x5
 140 0029 696E7400 		.ascii	"int\000"
 141 002d 05       		.uleb128 0x5
 142 002e 21000000 		.4byte	.LASF4
 143 0032 02       		.byte	0x2
 144 0033 D1       		.byte	0xd1
 145 0034 17       		.byte	0x17
 146 0035 39000000 		.4byte	0x39
 147 0039 0B       		.uleb128 0xb
 148 003a 04       		.byte	0x4
 149 003b 07       		.byte	0x7
 150 003c BD020000 		.4byte	.LASF0
 151 0040 0B       		.uleb128 0xb
 152 0041 08       		.byte	0x8
 153 0042 05       		.byte	0x5
 154 0043 E7000000 		.4byte	.LASF1
 155 0047 0B       		.uleb128 0xb
 156 0048 08       		.byte	0x8
 157 0049 04       		.byte	0x4
 158 004a C4060000 		.4byte	.LASF2
 159 004e 0B       		.uleb128 0xb
 160 004f 01       		.byte	0x1
 161 0050 06       		.byte	0x6
 162 0051 F5000000 		.4byte	.LASF3
 163 0055 05       		.uleb128 0x5
 164 0056 4A000000 		.4byte	.LASF5
 165 005a 03       		.byte	0x3
 166 005b 2B       		.byte	0x2b
 167 005c 18       		.byte	0x18
 168 005d 61000000 		.4byte	0x61
 169 0061 0B       		.uleb128 0xb
 170 0062 01       		.byte	0x1
 171 0063 08       		.byte	0x8
ARM GAS  C:\Users\DEVELO~1\AppData\Local\Temp\ccRUvqpW.s 			page 4


 172 0064 E6050000 		.4byte	.LASF6
 173 0068 0B       		.uleb128 0xb
 174 0069 02       		.byte	0x2
 175 006a 05       		.byte	0x5
 176 006b 03060000 		.4byte	.LASF7
 177 006f 05       		.uleb128 0x5
 178 0070 F2060000 		.4byte	.LASF8
 179 0074 03       		.byte	0x3
 180 0075 39       		.byte	0x39
 181 0076 19       		.byte	0x19
 182 0077 7B000000 		.4byte	0x7b
 183 007b 0B       		.uleb128 0xb
 184 007c 02       		.byte	0x2
 185 007d 07       		.byte	0x7
 186 007e 57070000 		.4byte	.LASF9
 187 0082 05       		.uleb128 0x5
 188 0083 16070000 		.4byte	.LASF10
 189 0087 03       		.byte	0x3
 190 0088 4D       		.byte	0x4d
 191 0089 18       		.byte	0x18
 192 008a 8E000000 		.4byte	0x8e
 193 008e 0B       		.uleb128 0xb
 194 008f 04       		.byte	0x4
 195 0090 05       		.byte	0x5
 196 0091 66080000 		.4byte	.LASF11
 197 0095 05       		.uleb128 0x5
 198 0096 6A070000 		.4byte	.LASF12
 199 009a 03       		.byte	0x3
 200 009b 4F       		.byte	0x4f
 201 009c 19       		.byte	0x19
 202 009d A1000000 		.4byte	0xa1
 203 00a1 0B       		.uleb128 0xb
 204 00a2 04       		.byte	0x4
 205 00a3 07       		.byte	0x7
 206 00a4 1C010000 		.4byte	.LASF13
 207 00a8 05       		.uleb128 0x5
 208 00a9 5E050000 		.4byte	.LASF14
 209 00ad 03       		.byte	0x3
 210 00ae 69       		.byte	0x69
 211 00af 19       		.byte	0x19
 212 00b0 B4000000 		.4byte	0xb4
 213 00b4 0B       		.uleb128 0xb
 214 00b5 08       		.byte	0x8
 215 00b6 07       		.byte	0x7
 216 00b7 3A010000 		.4byte	.LASF15
 217 00bb 05       		.uleb128 0x5
 218 00bc 0C080000 		.4byte	.LASF16
 219 00c0 04       		.byte	0x4
 220 00c1 18       		.byte	0x18
 221 00c2 13       		.byte	0x13
 222 00c3 55000000 		.4byte	0x55
 223 00c7 0E       		.uleb128 0xe
 224 00c8 BB000000 		.4byte	0xbb
 225 00cc 05       		.uleb128 0x5
 226 00cd 67020000 		.4byte	.LASF17
 227 00d1 04       		.byte	0x4
 228 00d2 24       		.byte	0x24
ARM GAS  C:\Users\DEVELO~1\AppData\Local\Temp\ccRUvqpW.s 			page 5


 229 00d3 14       		.byte	0x14
 230 00d4 6F000000 		.4byte	0x6f
 231 00d8 05       		.uleb128 0x5
 232 00d9 DE050000 		.4byte	.LASF18
 233 00dd 04       		.byte	0x4
 234 00de 2C       		.byte	0x2c
 235 00df 13       		.byte	0x13
 236 00e0 82000000 		.4byte	0x82
 237 00e4 05       		.uleb128 0x5
 238 00e5 A3070000 		.4byte	.LASF19
 239 00e9 04       		.byte	0x4
 240 00ea 30       		.byte	0x30
 241 00eb 14       		.byte	0x14
 242 00ec 95000000 		.4byte	0x95
 243 00f0 0C       		.uleb128 0xc
 244 00f1 E4000000 		.4byte	0xe4
 245 00f5 05       		.uleb128 0x5
 246 00f6 38000000 		.4byte	.LASF20
 247 00fa 04       		.byte	0x4
 248 00fb 3C       		.byte	0x3c
 249 00fc 14       		.byte	0x14
 250 00fd A8000000 		.4byte	0xa8
 251 0101 05       		.uleb128 0x5
 252 0102 EF030000 		.4byte	.LASF21
 253 0106 05       		.byte	0x5
 254 0107 58       		.byte	0x58
 255 0108 19       		.byte	0x19
 256 0109 D8000000 		.4byte	0xd8
 257 010d 0B       		.uleb128 0xb
 258 010e 01       		.byte	0x1
 259 010f 08       		.byte	0x8
 260 0110 D0060000 		.4byte	.LASF22
 261 0114 05       		.uleb128 0x5
 262 0115 A6020000 		.4byte	.LASF23
 263 0119 06       		.byte	0x6
 264 011a 79       		.byte	0x79
 265 011b 12       		.byte	0x12
 266 011c E4000000 		.4byte	0xe4
 267 0120 05       		.uleb128 0x5
 268 0121 81030000 		.4byte	.LASF24
 269 0125 06       		.byte	0x6
 270 0126 9B       		.byte	0x9b
 271 0127 12       		.byte	0x12
 272 0128 F5000000 		.4byte	0xf5
 273 012c 18       		.uleb128 0x18
 274 012d 04       		.byte	0x4
 275 012e 07       		.uleb128 0x7
 276 012f F0000000 		.4byte	0xf0
 277 0133 3E010000 		.4byte	0x13e
 278 0137 08       		.uleb128 0x8
 279 0138 39000000 		.4byte	0x39
 280 013c 0F       		.byte	0xf
 281 013d 00       		.byte	0
 282 013e 0C       		.uleb128 0xc
 283 013f 2E010000 		.4byte	0x12e
 284 0143 07       		.uleb128 0x7
 285 0144 F0000000 		.4byte	0xf0
ARM GAS  C:\Users\DEVELO~1\AppData\Local\Temp\ccRUvqpW.s 			page 6


 286 0148 53010000 		.4byte	0x153
 287 014c 08       		.uleb128 0x8
 288 014d 39000000 		.4byte	0x39
 289 0151 0E       		.byte	0xe
 290 0152 00       		.byte	0
 291 0153 0C       		.uleb128 0xc
 292 0154 43010000 		.4byte	0x143
 293 0158 0B       		.uleb128 0xb
 294 0159 01       		.byte	0x1
 295 015a 02       		.byte	0x2
 296 015b D8050000 		.4byte	.LASF25
 297 015f 0C       		.uleb128 0xc
 298 0160 58010000 		.4byte	0x158
 299 0164 09       		.uleb128 0x9
 300 0165 BB000000 		.4byte	0xbb
 301 0169 09       		.uleb128 0x9
 302 016a C7000000 		.4byte	0xc7
 303 016e 06       		.uleb128 0x6
 304 016f 02080000 		.4byte	.LASF26
 305 0173 07       		.byte	0x7
 306 0174 0301     		.2byte	0x103
 307 0176 1A       		.byte	0x1a
 308 0177 7B010000 		.4byte	0x17b
 309 017b 19       		.uleb128 0x19
 310 017c 02080000 		.4byte	.LASF26
 311 0180 9C       		.byte	0x9c
 312 0181 08       		.byte	0x8
 313 0182 A501     		.2byte	0x1a5
 314 0184 08       		.byte	0x8
 315 0185 90020000 		.4byte	0x290
 316 0189 01       		.uleb128 0x1
 317 018a 01020000 		.4byte	.LASF27
 318 018e 08       		.byte	0x8
 319 018f A901     		.2byte	0x1a9
 320 0191 21       		.byte	0x21
 321 0192 CD020000 		.4byte	0x2cd
 322 0196 00       		.byte	0
 323 0197 01       		.uleb128 0x1
 324 0198 EB020000 		.4byte	.LASF28
 325 019c 08       		.byte	0x8
 326 019d AD01     		.2byte	0x1ad
 327 019f 22       		.byte	0x22
 328 01a0 FF0A0000 		.4byte	0xaff
 329 01a4 04       		.byte	0x4
 330 01a5 01       		.uleb128 0x1
 331 01a6 96030000 		.4byte	.LASF29
 332 01aa 08       		.byte	0x8
 333 01ab B101     		.2byte	0x1b1
 334 01ad 21       		.byte	0x21
 335 01ae CC000000 		.4byte	0xcc
 336 01b2 08       		.byte	0x8
 337 01b3 01       		.uleb128 0x1
 338 01b4 47040000 		.4byte	.LASF30
 339 01b8 08       		.byte	0x8
 340 01b9 B501     		.2byte	0x1b5
 341 01bb 21       		.byte	0x21
 342 01bc CC000000 		.4byte	0xcc
ARM GAS  C:\Users\DEVELO~1\AppData\Local\Temp\ccRUvqpW.s 			page 7


 343 01c0 0A       		.byte	0xa
 344 01c1 13       		.uleb128 0x13
 345 01c2 65706300 		.ascii	"epc\000"
 346 01c6 B901     		.2byte	0x1b9
 347 01c8 040B0000 		.4byte	0xb04
 348 01cc 0C       		.byte	0xc
 349 01cd 01       		.uleb128 0x1
 350 01ce 34080000 		.4byte	.LASF31
 351 01d2 08       		.byte	0x8
 352 01d3 C001     		.2byte	0x1c0
 353 01d5 22       		.byte	0x22
 354 01d6 190B0000 		.4byte	0xb19
 355 01da 30       		.byte	0x30
 356 01db 01       		.uleb128 0x1
 357 01dc 07020000 		.4byte	.LASF32
 358 01e0 08       		.byte	0x8
 359 01e1 C701     		.2byte	0x1c7
 360 01e3 22       		.byte	0x22
 361 01e4 190B0000 		.4byte	0xb19
 362 01e8 50       		.byte	0x50
 363 01e9 01       		.uleb128 0x1
 364 01ea A8060000 		.4byte	.LASF33
 365 01ee 08       		.byte	0x8
 366 01ef CB01     		.2byte	0x1cb
 367 01f1 21       		.byte	0x21
 368 01f2 10030000 		.4byte	0x310
 369 01f6 70       		.byte	0x70
 370 01f7 01       		.uleb128 0x1
 371 01f8 A9030000 		.4byte	.LASF34
 372 01fc 08       		.byte	0x8
 373 01fd CF01     		.2byte	0x1cf
 374 01ff 22       		.byte	0x22
 375 0200 64010000 		.4byte	0x164
 376 0204 74       		.byte	0x74
 377 0205 01       		.uleb128 0x1
 378 0206 3A040000 		.4byte	.LASF35
 379 020a 08       		.byte	0x8
 380 020b D301     		.2byte	0x1d3
 381 020d 21       		.byte	0x21
 382 020e 2D000000 		.4byte	0x2d
 383 0212 78       		.byte	0x78
 384 0213 01       		.uleb128 0x1
 385 0214 3D070000 		.4byte	.LASF36
 386 0218 08       		.byte	0x8
 387 0219 D701     		.2byte	0x1d7
 388 021b 21       		.byte	0x21
 389 021c 98030000 		.4byte	0x398
 390 0220 7C       		.byte	0x7c
 391 0221 01       		.uleb128 0x1
 392 0222 2E050000 		.4byte	.LASF37
 393 0226 08       		.byte	0x8
 394 0227 DB01     		.2byte	0x1db
 395 0229 21       		.byte	0x21
 396 022a 290B0000 		.4byte	0xb29
 397 022e 80       		.byte	0x80
 398 022f 01       		.uleb128 0x1
 399 0230 D0070000 		.4byte	.LASF38
ARM GAS  C:\Users\DEVELO~1\AppData\Local\Temp\ccRUvqpW.s 			page 8


 400 0234 08       		.byte	0x8
 401 0235 DF01     		.2byte	0x1df
 402 0237 21       		.byte	0x21
 403 0238 CC000000 		.4byte	0xcc
 404 023c 88       		.byte	0x88
 405 023d 01       		.uleb128 0x1
 406 023e D5040000 		.4byte	.LASF39
 407 0242 08       		.byte	0x8
 408 0243 E301     		.2byte	0x1e3
 409 0245 21       		.byte	0x21
 410 0246 BB000000 		.4byte	0xbb
 411 024a 8A       		.byte	0x8a
 412 024b 01       		.uleb128 0x1
 413 024c 85080000 		.4byte	.LASF40
 414 0250 08       		.byte	0x8
 415 0251 E701     		.2byte	0x1e7
 416 0253 21       		.byte	0x21
 417 0254 BB000000 		.4byte	0xbb
 418 0258 8B       		.byte	0x8b
 419 0259 01       		.uleb128 0x1
 420 025a 70060000 		.4byte	.LASF41
 421 025e 08       		.byte	0x8
 422 025f EB01     		.2byte	0x1eb
 423 0261 21       		.byte	0x21
 424 0262 CD020000 		.4byte	0x2cd
 425 0266 8C       		.byte	0x8c
 426 0267 13       		.uleb128 0x13
 427 0268 6F746700 		.ascii	"otg\000"
 428 026c F301     		.2byte	0x1f3
 429 026e 390B0000 		.4byte	0xb39
 430 0272 90       		.byte	0x90
 431 0273 01       		.uleb128 0x1
 432 0274 30040000 		.4byte	.LASF42
 433 0278 08       		.byte	0x8
 434 0279 F701     		.2byte	0x1f7
 435 027b 22       		.byte	0x22
 436 027c 3E0B0000 		.4byte	0xb3e
 437 0280 94       		.byte	0x94
 438 0281 01       		.uleb128 0x1
 439 0282 7A050000 		.4byte	.LASF43
 440 0286 08       		.byte	0x8
 441 0287 FB01     		.2byte	0x1fb
 442 0289 21       		.byte	0x21
 443 028a E4000000 		.4byte	0xe4
 444 028e 98       		.byte	0x98
 445 028f 00       		.byte	0
 446 0290 06       		.uleb128 0x6
 447 0291 0D060000 		.4byte	.LASF44
 448 0295 07       		.byte	0x7
 449 0296 0801     		.2byte	0x108
 450 0298 11       		.byte	0x11
 451 0299 BB000000 		.4byte	0xbb
 452 029d 0F       		.uleb128 0xf
 453 029e 61000000 		.4byte	0x61
 454 02a2 0D01     		.2byte	0x10d
 455 02a4 CD020000 		.4byte	0x2cd
 456 02a8 04       		.uleb128 0x4
ARM GAS  C:\Users\DEVELO~1\AppData\Local\Temp\ccRUvqpW.s 			page 9


 457 02a9 AD000000 		.4byte	.LASF45
 458 02ad 00       		.byte	0
 459 02ae 04       		.uleb128 0x4
 460 02af CF050000 		.4byte	.LASF46
 461 02b3 01       		.byte	0x1
 462 02b4 04       		.uleb128 0x4
 463 02b5 C5050000 		.4byte	.LASF47
 464 02b9 02       		.byte	0x2
 465 02ba 04       		.uleb128 0x4
 466 02bb 58060000 		.4byte	.LASF48
 467 02bf 03       		.byte	0x3
 468 02c0 04       		.uleb128 0x4
 469 02c1 CA020000 		.4byte	.LASF49
 470 02c5 04       		.byte	0x4
 471 02c6 04       		.uleb128 0x4
 472 02c7 77080000 		.4byte	.LASF50
 473 02cb 05       		.byte	0x5
 474 02cc 00       		.byte	0
 475 02cd 06       		.uleb128 0x6
 476 02ce 02070000 		.4byte	.LASF51
 477 02d2 07       		.byte	0x7
 478 02d3 1401     		.2byte	0x114
 479 02d5 03       		.byte	0x3
 480 02d6 9D020000 		.4byte	0x29d
 481 02da 0F       		.uleb128 0xf
 482 02db 61000000 		.4byte	0x61
 483 02df 2201     		.2byte	0x122
 484 02e1 10030000 		.4byte	0x310
 485 02e5 04       		.uleb128 0x4
 486 02e6 78040000 		.4byte	.LASF52
 487 02ea 00       		.byte	0
 488 02eb 04       		.uleb128 0x4
 489 02ec 59040000 		.4byte	.LASF53
 490 02f0 09       		.byte	0x9
 491 02f1 04       		.uleb128 0x4
 492 02f2 91000000 		.4byte	.LASF54
 493 02f6 0A       		.byte	0xa
 494 02f7 04       		.uleb128 0x4
 495 02f8 04040000 		.4byte	.LASF55
 496 02fc 0B       		.byte	0xb
 497 02fd 04       		.uleb128 0x4
 498 02fe AC070000 		.4byte	.LASF56
 499 0302 14       		.byte	0x14
 500 0303 04       		.uleb128 0x4
 501 0304 03030000 		.4byte	.LASF57
 502 0308 15       		.byte	0x15
 503 0309 04       		.uleb128 0x4
 504 030a EA010000 		.4byte	.LASF58
 505 030e 06       		.byte	0x6
 506 030f 00       		.byte	0
 507 0310 06       		.uleb128 0x6
 508 0311 76020000 		.4byte	.LASF59
 509 0315 07       		.byte	0x7
 510 0316 2A01     		.2byte	0x12a
 511 0318 03       		.byte	0x3
 512 0319 DA020000 		.4byte	0x2da
 513 031d 0F       		.uleb128 0xf
ARM GAS  C:\Users\DEVELO~1\AppData\Local\Temp\ccRUvqpW.s 			page 10


 514 031e 61000000 		.4byte	0x61
 515 0322 2F01     		.2byte	0x12f
 516 0324 53030000 		.4byte	0x353
 517 0328 04       		.uleb128 0x4
 518 0329 E2060000 		.4byte	.LASF60
 519 032d 00       		.byte	0
 520 032e 04       		.uleb128 0x4
 521 032f 89050000 		.4byte	.LASF61
 522 0333 01       		.byte	0x1
 523 0334 04       		.uleb128 0x4
 524 0335 28070000 		.4byte	.LASF62
 525 0339 02       		.byte	0x2
 526 033a 04       		.uleb128 0x4
 527 033b 67000000 		.4byte	.LASF63
 528 033f 03       		.byte	0x3
 529 0340 04       		.uleb128 0x4
 530 0341 96060000 		.4byte	.LASF64
 531 0345 04       		.byte	0x4
 532 0346 04       		.uleb128 0x4
 533 0347 56020000 		.4byte	.LASF65
 534 034b 05       		.byte	0x5
 535 034c 04       		.uleb128 0x4
 536 034d 8C020000 		.4byte	.LASF66
 537 0351 06       		.byte	0x6
 538 0352 00       		.byte	0
 539 0353 06       		.uleb128 0x6
 540 0354 5C000000 		.4byte	.LASF67
 541 0358 07       		.byte	0x7
 542 0359 3701     		.2byte	0x137
 543 035b 03       		.byte	0x3
 544 035c 1D030000 		.4byte	0x31d
 545 0360 0D       		.uleb128 0xd
 546 0361 08       		.byte	0x8
 547 0362 07       		.byte	0x7
 548 0363 3C01     		.2byte	0x13c
 549 0365 86030000 		.4byte	0x386
 550 0369 01       		.uleb128 0x1
 551 036a DB020000 		.4byte	.LASF68
 552 036e 07       		.byte	0x7
 553 036f 4001     		.2byte	0x140
 554 0371 21       		.byte	0x21
 555 0372 2D000000 		.4byte	0x2d
 556 0376 00       		.byte	0
 557 0377 01       		.uleb128 0x1
 558 0378 F5030000 		.4byte	.LASF69
 559 037c 07       		.byte	0x7
 560 037d 4401     		.2byte	0x144
 561 037f 22       		.byte	0x22
 562 0380 69010000 		.4byte	0x169
 563 0384 04       		.byte	0x4
 564 0385 00       		.byte	0
 565 0386 06       		.uleb128 0x6
 566 0387 C0000000 		.4byte	.LASF70
 567 038b 07       		.byte	0x7
 568 038c 4501     		.2byte	0x145
 569 038e 03       		.byte	0x3
 570 038f 60030000 		.4byte	0x360
ARM GAS  C:\Users\DEVELO~1\AppData\Local\Temp\ccRUvqpW.s 			page 11


 571 0393 0E       		.uleb128 0xe
 572 0394 86030000 		.4byte	0x386
 573 0398 06       		.uleb128 0x6
 574 0399 01010000 		.4byte	.LASF71
 575 039d 07       		.byte	0x7
 576 039e 4D01     		.2byte	0x14d
 577 03a0 10       		.byte	0x10
 578 03a1 A5030000 		.4byte	0x3a5
 579 03a5 09       		.uleb128 0x9
 580 03a6 AA030000 		.4byte	0x3aa
 581 03aa 10       		.uleb128 0x10
 582 03ab B5030000 		.4byte	0x3b5
 583 03af 0A       		.uleb128 0xa
 584 03b0 B5030000 		.4byte	0x3b5
 585 03b4 00       		.byte	0
 586 03b5 09       		.uleb128 0x9
 587 03b6 6E010000 		.4byte	0x16e
 588 03ba 06       		.uleb128 0x6
 589 03bb D7070000 		.4byte	.LASF72
 590 03bf 07       		.byte	0x7
 591 03c0 5601     		.2byte	0x156
 592 03c2 10       		.byte	0x10
 593 03c3 C7030000 		.4byte	0x3c7
 594 03c7 09       		.uleb128 0x9
 595 03c8 CC030000 		.4byte	0x3cc
 596 03cc 10       		.uleb128 0x10
 597 03cd DC030000 		.4byte	0x3dc
 598 03d1 0A       		.uleb128 0xa
 599 03d2 B5030000 		.4byte	0x3b5
 600 03d6 0A       		.uleb128 0xa
 601 03d7 90020000 		.4byte	0x290
 602 03db 00       		.byte	0
 603 03dc 06       		.uleb128 0x6
 604 03dd 40020000 		.4byte	.LASF73
 605 03e1 07       		.byte	0x7
 606 03e2 5F01     		.2byte	0x15f
 607 03e4 10       		.byte	0x10
 608 03e5 E9030000 		.4byte	0x3e9
 609 03e9 09       		.uleb128 0x9
 610 03ea EE030000 		.4byte	0x3ee
 611 03ee 10       		.uleb128 0x10
 612 03ef FE030000 		.4byte	0x3fe
 613 03f3 0A       		.uleb128 0xa
 614 03f4 B5030000 		.4byte	0x3b5
 615 03f8 0A       		.uleb128 0xa
 616 03f9 53030000 		.4byte	0x353
 617 03fd 00       		.byte	0
 618 03fe 06       		.uleb128 0x6
 619 03ff F1040000 		.4byte	.LASF74
 620 0403 07       		.byte	0x7
 621 0404 6B01     		.2byte	0x16b
 622 0406 10       		.byte	0x10
 623 0407 0B040000 		.4byte	0x40b
 624 040b 09       		.uleb128 0x9
 625 040c 10040000 		.4byte	0x410
 626 0410 14       		.uleb128 0x14
 627 0411 58010000 		.4byte	0x158
ARM GAS  C:\Users\DEVELO~1\AppData\Local\Temp\ccRUvqpW.s 			page 12


 628 0415 1F040000 		.4byte	0x41f
 629 0419 0A       		.uleb128 0xa
 630 041a B5030000 		.4byte	0x3b5
 631 041e 00       		.byte	0
 632 041f 06       		.uleb128 0x6
 633 0420 1B050000 		.4byte	.LASF75
 634 0424 07       		.byte	0x7
 635 0425 7001     		.2byte	0x170
 636 0427 21       		.byte	0x21
 637 0428 2C040000 		.4byte	0x42c
 638 042c 09       		.uleb128 0x9
 639 042d 31040000 		.4byte	0x431
 640 0431 14       		.uleb128 0x14
 641 0432 4F040000 		.4byte	0x44f
 642 0436 4F040000 		.4byte	0x44f
 643 043a 0A       		.uleb128 0xa
 644 043b B5030000 		.4byte	0x3b5
 645 043f 0A       		.uleb128 0xa
 646 0440 BB000000 		.4byte	0xbb
 647 0444 0A       		.uleb128 0xa
 648 0445 BB000000 		.4byte	0xbb
 649 0449 0A       		.uleb128 0xa
 650 044a CC000000 		.4byte	0xcc
 651 044e 00       		.byte	0
 652 044f 09       		.uleb128 0x9
 653 0450 93030000 		.4byte	0x393
 654 0454 11       		.uleb128 0x11
 655 0455 29       		.byte	0x29
 656 0456 B3040000 		.4byte	0x4b3
 657 045a 02       		.uleb128 0x2
 658 045b 5F080000 		.4byte	.LASF76
 659 045f 2A       		.byte	0x2a
 660 0460 F0000000 		.4byte	0xf0
 661 0464 00       		.byte	0
 662 0465 02       		.uleb128 0x2
 663 0466 BE050000 		.4byte	.LASF77
 664 046a 2C       		.byte	0x2c
 665 046b F0000000 		.4byte	0xf0
 666 046f 04       		.byte	0x4
 667 0470 02       		.uleb128 0x2
 668 0471 15050000 		.4byte	.LASF78
 669 0475 2D       		.byte	0x2d
 670 0476 F0000000 		.4byte	0xf0
 671 047a 08       		.byte	0x8
 672 047b 02       		.uleb128 0x2
 673 047c 51010000 		.4byte	.LASF79
 674 0480 2E       		.byte	0x2e
 675 0481 F0000000 		.4byte	0xf0
 676 0485 0C       		.byte	0xc
 677 0486 02       		.uleb128 0x2
 678 0487 CE000000 		.4byte	.LASF80
 679 048b 30       		.byte	0x30
 680 048c F0000000 		.4byte	0xf0
 681 0490 10       		.byte	0x10
 682 0491 02       		.uleb128 0x2
 683 0492 12030000 		.4byte	.LASF81
 684 0496 32       		.byte	0x32
ARM GAS  C:\Users\DEVELO~1\AppData\Local\Temp\ccRUvqpW.s 			page 13


 685 0497 F0000000 		.4byte	0xf0
 686 049b 14       		.byte	0x14
 687 049c 02       		.uleb128 0x2
 688 049d 79030000 		.4byte	.LASF82
 689 04a1 33       		.byte	0x33
 690 04a2 F0000000 		.4byte	0xf0
 691 04a6 18       		.byte	0x18
 692 04a7 02       		.uleb128 0x2
 693 04a8 51040000 		.4byte	.LASF83
 694 04ac 34       		.byte	0x34
 695 04ad F0000000 		.4byte	0xf0
 696 04b1 1C       		.byte	0x1c
 697 04b2 00       		.byte	0
 698 04b3 05       		.uleb128 0x5
 699 04b4 1B040000 		.4byte	.LASF84
 700 04b8 09       		.byte	0x9
 701 04b9 35       		.byte	0x35
 702 04ba 03       		.byte	0x3
 703 04bb 54040000 		.4byte	0x454
 704 04bf 11       		.uleb128 0x11
 705 04c0 3A       		.byte	0x3a
 706 04c1 1E050000 		.4byte	0x51e
 707 04c5 02       		.uleb128 0x2
 708 04c6 CD040000 		.4byte	.LASF85
 709 04ca 3B       		.byte	0x3b
 710 04cb F0000000 		.4byte	0xf0
 711 04cf 00       		.byte	0
 712 04d0 02       		.uleb128 0x2
 713 04d1 AC050000 		.4byte	.LASF86
 714 04d5 3D       		.byte	0x3d
 715 04d6 F0000000 		.4byte	0xf0
 716 04da 04       		.byte	0x4
 717 04db 02       		.uleb128 0x2
 718 04dc FB050000 		.4byte	.LASF87
 719 04e0 3E       		.byte	0x3e
 720 04e1 F0000000 		.4byte	0xf0
 721 04e5 08       		.byte	0x8
 722 04e6 02       		.uleb128 0x2
 723 04e7 F4050000 		.4byte	.LASF88
 724 04eb 40       		.byte	0x40
 725 04ec F0000000 		.4byte	0xf0
 726 04f0 0C       		.byte	0xc
 727 04f1 02       		.uleb128 0x2
 728 04f2 34050000 		.4byte	.LASF89
 729 04f6 41       		.byte	0x41
 730 04f7 F0000000 		.4byte	0xf0
 731 04fb 10       		.byte	0x10
 732 04fc 02       		.uleb128 0x2
 733 04fd 12030000 		.4byte	.LASF81
 734 0501 43       		.byte	0x43
 735 0502 F0000000 		.4byte	0xf0
 736 0506 14       		.byte	0x14
 737 0507 02       		.uleb128 0x2
 738 0508 57080000 		.4byte	.LASF90
 739 050c 44       		.byte	0x44
 740 050d F0000000 		.4byte	0xf0
 741 0511 18       		.byte	0x18
ARM GAS  C:\Users\DEVELO~1\AppData\Local\Temp\ccRUvqpW.s 			page 14


 742 0512 02       		.uleb128 0x2
 743 0513 B1030000 		.4byte	.LASF91
 744 0517 46       		.byte	0x46
 745 0518 F0000000 		.4byte	0xf0
 746 051c 1C       		.byte	0x1c
 747 051d 00       		.byte	0
 748 051e 05       		.uleb128 0x5
 749 051f 8C040000 		.4byte	.LASF92
 750 0523 09       		.byte	0x9
 751 0524 47       		.byte	0x47
 752 0525 03       		.byte	0x3
 753 0526 BF040000 		.4byte	0x4bf
 754 052a 11       		.uleb128 0x11
 755 052b 4C       		.byte	0x4c
 756 052c 89050000 		.4byte	0x589
 757 0530 02       		.uleb128 0x2
 758 0531 95070000 		.4byte	.LASF93
 759 0535 4D       		.byte	0x4d
 760 0536 F0000000 		.4byte	0xf0
 761 053a 00       		.byte	0
 762 053b 02       		.uleb128 0x2
 763 053c AC050000 		.4byte	.LASF86
 764 0540 4F       		.byte	0x4f
 765 0541 F0000000 		.4byte	0xf0
 766 0545 04       		.byte	0x4
 767 0546 02       		.uleb128 0x2
 768 0547 B8000000 		.4byte	.LASF94
 769 054b 50       		.byte	0x50
 770 054c F0000000 		.4byte	0xf0
 771 0550 08       		.byte	0x8
 772 0551 02       		.uleb128 0x2
 773 0552 F4050000 		.4byte	.LASF88
 774 0556 52       		.byte	0x52
 775 0557 F0000000 		.4byte	0xf0
 776 055b 0C       		.byte	0xc
 777 055c 02       		.uleb128 0x2
 778 055d D3030000 		.4byte	.LASF95
 779 0561 53       		.byte	0x53
 780 0562 F0000000 		.4byte	0xf0
 781 0566 10       		.byte	0x10
 782 0567 02       		.uleb128 0x2
 783 0568 12030000 		.4byte	.LASF81
 784 056c 55       		.byte	0x55
 785 056d F0000000 		.4byte	0xf0
 786 0571 14       		.byte	0x14
 787 0572 02       		.uleb128 0x2
 788 0573 79030000 		.4byte	.LASF82
 789 0577 56       		.byte	0x56
 790 0578 F0000000 		.4byte	0xf0
 791 057c 18       		.byte	0x18
 792 057d 02       		.uleb128 0x2
 793 057e B1030000 		.4byte	.LASF91
 794 0582 57       		.byte	0x57
 795 0583 F0000000 		.4byte	0xf0
 796 0587 1C       		.byte	0x1c
 797 0588 00       		.byte	0
 798 0589 05       		.uleb128 0x5
ARM GAS  C:\Users\DEVELO~1\AppData\Local\Temp\ccRUvqpW.s 			page 15


 799 058a 3E080000 		.4byte	.LASF96
 800 058e 09       		.byte	0x9
 801 058f 58       		.byte	0x58
 802 0590 03       		.byte	0x3
 803 0591 2A050000 		.4byte	0x52a
 804 0595 1A       		.uleb128 0x1a
 805 0596 00100100 		.4byte	0x11000
 806 059a 09       		.byte	0x9
 807 059b 5D       		.byte	0x5d
 808 059c 09       		.byte	0x9
 809 059d 3F080000 		.4byte	0x83f
 810 05a1 02       		.uleb128 0x2
 811 05a2 4F070000 		.4byte	.LASF97
 812 05a6 5E       		.byte	0x5e
 813 05a7 F0000000 		.4byte	0xf0
 814 05ab 00       		.byte	0
 815 05ac 02       		.uleb128 0x2
 816 05ad 9E020000 		.4byte	.LASF98
 817 05b1 5F       		.byte	0x5f
 818 05b2 F0000000 		.4byte	0xf0
 819 05b6 04       		.byte	0x4
 820 05b7 02       		.uleb128 0x2
 821 05b8 54000000 		.4byte	.LASF99
 822 05bc 60       		.byte	0x60
 823 05bd F0000000 		.4byte	0xf0
 824 05c1 08       		.byte	0x8
 825 05c2 02       		.uleb128 0x2
 826 05c3 72050000 		.4byte	.LASF100
 827 05c7 61       		.byte	0x61
 828 05c8 F0000000 		.4byte	0xf0
 829 05cc 0C       		.byte	0xc
 830 05cd 02       		.uleb128 0x2
 831 05ce 3F040000 		.4byte	.LASF101
 832 05d2 62       		.byte	0x62
 833 05d3 F0000000 		.4byte	0xf0
 834 05d7 10       		.byte	0x10
 835 05d8 02       		.uleb128 0x2
 836 05d9 CB030000 		.4byte	.LASF102
 837 05dd 63       		.byte	0x63
 838 05de F0000000 		.4byte	0xf0
 839 05e2 14       		.byte	0x14
 840 05e3 02       		.uleb128 0x2
 841 05e4 E3020000 		.4byte	.LASF103
 842 05e8 64       		.byte	0x64
 843 05e9 F0000000 		.4byte	0xf0
 844 05ed 18       		.byte	0x18
 845 05ee 02       		.uleb128 0x2
 846 05ef A7040000 		.4byte	.LASF104
 847 05f3 65       		.byte	0x65
 848 05f4 F0000000 		.4byte	0xf0
 849 05f8 1C       		.byte	0x1c
 850 05f9 02       		.uleb128 0x2
 851 05fa 20070000 		.4byte	.LASF105
 852 05fe 67       		.byte	0x67
 853 05ff F0000000 		.4byte	0xf0
 854 0603 20       		.byte	0x20
 855 0604 02       		.uleb128 0x2
ARM GAS  C:\Users\DEVELO~1\AppData\Local\Temp\ccRUvqpW.s 			page 16


 856 0605 89000000 		.4byte	.LASF106
 857 0609 69       		.byte	0x69
 858 060a F0000000 		.4byte	0xf0
 859 060e 24       		.byte	0x24
 860 060f 02       		.uleb128 0x2
 861 0610 F8010000 		.4byte	.LASF107
 862 0614 6A       		.byte	0x6a
 863 0615 F0000000 		.4byte	0xf0
 864 0619 28       		.byte	0x28
 865 061a 02       		.uleb128 0x2
 866 061b A1080000 		.4byte	.LASF108
 867 061f 6C       		.byte	0x6c
 868 0620 F0000000 		.4byte	0xf0
 869 0624 2C       		.byte	0x2c
 870 0625 02       		.uleb128 0x2
 871 0626 81050000 		.4byte	.LASF109
 872 062a 6E       		.byte	0x6e
 873 062b F0000000 		.4byte	0xf0
 874 062f 30       		.byte	0x30
 875 0630 02       		.uleb128 0x2
 876 0631 A4050000 		.4byte	.LASF110
 877 0635 6F       		.byte	0x6f
 878 0636 F0000000 		.4byte	0xf0
 879 063a 34       		.byte	0x34
 880 063b 02       		.uleb128 0x2
 881 063c 51080000 		.4byte	.LASF111
 882 0640 70       		.byte	0x70
 883 0641 F0000000 		.4byte	0xf0
 884 0645 38       		.byte	0x38
 885 0646 1B       		.uleb128 0x1b
 886 0647 43494400 		.ascii	"CID\000"
 887 064b 09       		.byte	0x9
 888 064c 71       		.byte	0x71
 889 064d 15       		.byte	0x15
 890 064e F0000000 		.4byte	0xf0
 891 0652 3C       		.byte	0x3c
 892 0653 02       		.uleb128 0x2
 893 0654 E7070000 		.4byte	.LASF112
 894 0658 72       		.byte	0x72
 895 0659 4F080000 		.4byte	0x84f
 896 065d 40       		.byte	0x40
 897 065e 03       		.uleb128 0x3
 898 065f AF040000 		.4byte	.LASF113
 899 0663 73       		.byte	0x73
 900 0664 F0000000 		.4byte	0xf0
 901 0668 0001     		.2byte	0x100
 902 066a 03       		.uleb128 0x3
 903 066b 6F080000 		.4byte	.LASF114
 904 066f 75       		.byte	0x75
 905 0670 53010000 		.4byte	0x153
 906 0674 0401     		.2byte	0x104
 907 0676 03       		.uleb128 0x3
 908 0677 BB060000 		.4byte	.LASF115
 909 067b 77       		.byte	0x77
 910 067c 64080000 		.4byte	0x864
 911 0680 4001     		.2byte	0x140
 912 0682 03       		.uleb128 0x3
ARM GAS  C:\Users\DEVELO~1\AppData\Local\Temp\ccRUvqpW.s 			page 17


 913 0683 FD060000 		.4byte	.LASF116
 914 0687 78       		.byte	0x78
 915 0688 F0000000 		.4byte	0xf0
 916 068c 0004     		.2byte	0x400
 917 068e 03       		.uleb128 0x3
 918 068f 5A010000 		.4byte	.LASF117
 919 0693 79       		.byte	0x79
 920 0694 F0000000 		.4byte	0xf0
 921 0698 0404     		.2byte	0x404
 922 069a 03       		.uleb128 0x3
 923 069b 3A020000 		.4byte	.LASF118
 924 069f 7A       		.byte	0x7a
 925 06a0 F0000000 		.4byte	0xf0
 926 06a4 0804     		.2byte	0x408
 927 06a6 03       		.uleb128 0x3
 928 06a7 8D060000 		.4byte	.LASF119
 929 06ab 7C       		.byte	0x7c
 930 06ac F0000000 		.4byte	0xf0
 931 06b0 0C04     		.2byte	0x40c
 932 06b2 03       		.uleb128 0x3
 933 06b3 7C060000 		.4byte	.LASF120
 934 06b7 7D       		.byte	0x7d
 935 06b8 F0000000 		.4byte	0xf0
 936 06bc 1004     		.2byte	0x410
 937 06be 03       		.uleb128 0x3
 938 06bf DC060000 		.4byte	.LASF121
 939 06c3 7F       		.byte	0x7f
 940 06c4 F0000000 		.4byte	0xf0
 941 06c8 1404     		.2byte	0x414
 942 06ca 03       		.uleb128 0x3
 943 06cb DE000000 		.4byte	.LASF122
 944 06cf 81       		.byte	0x81
 945 06d0 F0000000 		.4byte	0xf0
 946 06d4 1804     		.2byte	0x418
 947 06d6 03       		.uleb128 0x3
 948 06d7 8C070000 		.4byte	.LASF123
 949 06db 83       		.byte	0x83
 950 06dc 79080000 		.4byte	0x879
 951 06e0 1C04     		.2byte	0x41c
 952 06e2 03       		.uleb128 0x3
 953 06e3 28000000 		.4byte	.LASF124
 954 06e7 84       		.byte	0x84
 955 06e8 F0000000 		.4byte	0xf0
 956 06ec 4004     		.2byte	0x440
 957 06ee 03       		.uleb128 0x3
 958 06ef 28020000 		.4byte	.LASF125
 959 06f3 86       		.byte	0x86
 960 06f4 8E080000 		.4byte	0x88e
 961 06f8 4404     		.2byte	0x444
 962 06fa 12       		.uleb128 0x12
 963 06fb 686300   		.ascii	"hc\000"
 964 06fe 87       		.byte	0x87
 965 06ff 18       		.byte	0x18
 966 0700 93080000 		.4byte	0x893
 967 0704 0005     		.2byte	0x500
 968 0706 03       		.uleb128 0x3
 969 0707 D5000000 		.4byte	.LASF126
ARM GAS  C:\Users\DEVELO~1\AppData\Local\Temp\ccRUvqpW.s 			page 18


 970 070b 88       		.byte	0x88
 971 070c B3080000 		.4byte	0x8b3
 972 0710 0007     		.2byte	0x700
 973 0712 03       		.uleb128 0x3
 974 0713 A8000000 		.4byte	.LASF127
 975 0717 89       		.byte	0x89
 976 0718 F0000000 		.4byte	0xf0
 977 071c 0008     		.2byte	0x800
 978 071e 03       		.uleb128 0x3
 979 071f 7E000000 		.4byte	.LASF128
 980 0723 8A       		.byte	0x8a
 981 0724 F0000000 		.4byte	0xf0
 982 0728 0408     		.2byte	0x804
 983 072a 03       		.uleb128 0x3
 984 072b 12020000 		.4byte	.LASF129
 985 072f 8B       		.byte	0x8b
 986 0730 F0000000 		.4byte	0xf0
 987 0734 0808     		.2byte	0x808
 988 0736 03       		.uleb128 0x3
 989 0737 AA080000 		.4byte	.LASF130
 990 073b 8C       		.byte	0x8c
 991 073c F0000000 		.4byte	0xf0
 992 0740 0C08     		.2byte	0x80c
 993 0742 03       		.uleb128 0x3
 994 0743 3D050000 		.4byte	.LASF131
 995 0747 8D       		.byte	0x8d
 996 0748 F0000000 		.4byte	0xf0
 997 074c 1008     		.2byte	0x810
 998 074e 03       		.uleb128 0x3
 999 074f 1B080000 		.4byte	.LASF132
 1000 0753 8F       		.byte	0x8f
 1001 0754 F0000000 		.4byte	0xf0
 1002 0758 1408     		.2byte	0x814
 1003 075a 03       		.uleb128 0x3
 1004 075b 70020000 		.4byte	.LASF133
 1005 075f 91       		.byte	0x91
 1006 0760 F0000000 		.4byte	0xf0
 1007 0764 1808     		.2byte	0x818
 1008 0766 03       		.uleb128 0x3
 1009 0767 41000000 		.4byte	.LASF134
 1010 076b 93       		.byte	0x93
 1011 076c F0000000 		.4byte	0xf0
 1012 0770 1C08     		.2byte	0x81c
 1013 0772 03       		.uleb128 0x3
 1014 0773 31020000 		.4byte	.LASF135
 1015 0777 95       		.byte	0x95
 1016 0778 F0000000 		.4byte	0xf0
 1017 077c 2008     		.2byte	0x820
 1018 077e 03       		.uleb128 0x3
 1019 077f 4D020000 		.4byte	.LASF136
 1020 0783 96       		.byte	0x96
 1021 0784 F0000000 		.4byte	0xf0
 1022 0788 2408     		.2byte	0x824
 1023 078a 03       		.uleb128 0x3
 1024 078b 7B070000 		.4byte	.LASF137
 1025 078f 97       		.byte	0x97
 1026 0790 F0000000 		.4byte	0xf0
ARM GAS  C:\Users\DEVELO~1\AppData\Local\Temp\ccRUvqpW.s 			page 19


 1027 0794 2808     		.2byte	0x828
 1028 0796 03       		.uleb128 0x3
 1029 0797 65060000 		.4byte	.LASF138
 1030 079b 99       		.byte	0x99
 1031 079c F0000000 		.4byte	0xf0
 1032 07a0 2C08     		.2byte	0x82c
 1033 07a2 03       		.uleb128 0x3
 1034 07a3 FA020000 		.4byte	.LASF139
 1035 07a7 9B       		.byte	0x9b
 1036 07a8 F0000000 		.4byte	0xf0
 1037 07ac 3008     		.2byte	0x830
 1038 07ae 03       		.uleb128 0x3
 1039 07af 2D000000 		.4byte	.LASF140
 1040 07b3 9C       		.byte	0x9c
 1041 07b4 F0000000 		.4byte	0xf0
 1042 07b8 3408     		.2byte	0x834
 1043 07ba 03       		.uleb128 0x3
 1044 07bb 8D030000 		.4byte	.LASF141
 1045 07bf 9E       		.byte	0x9e
 1046 07c0 F0000000 		.4byte	0xf0
 1047 07c4 3808     		.2byte	0x838
 1048 07c6 03       		.uleb128 0x3
 1049 07c7 B9030000 		.4byte	.LASF142
 1050 07cb 9F       		.byte	0x9f
 1051 07cc F0000000 		.4byte	0xf0
 1052 07d0 3C08     		.2byte	0x83c
 1053 07d2 03       		.uleb128 0x3
 1054 07d3 9E040000 		.4byte	.LASF143
 1055 07d7 A0       		.byte	0xa0
 1056 07d8 3E010000 		.4byte	0x13e
 1057 07dc 4008     		.2byte	0x840
 1058 07de 03       		.uleb128 0x3
 1059 07df 06000000 		.4byte	.LASF144
 1060 07e3 A1       		.byte	0xa1
 1061 07e4 3E010000 		.4byte	0x13e
 1062 07e8 8008     		.2byte	0x880
 1063 07ea 03       		.uleb128 0x3
 1064 07eb 46070000 		.4byte	.LASF145
 1065 07ef A2       		.byte	0xa2
 1066 07f0 3E010000 		.4byte	0x13e
 1067 07f4 C008     		.2byte	0x8c0
 1068 07f6 12       		.uleb128 0x12
 1069 07f7 696500   		.ascii	"ie\000"
 1070 07fa A3       		.byte	0xa3
 1071 07fb 15       		.byte	0x15
 1072 07fc B8080000 		.4byte	0x8b8
 1073 0800 0009     		.2byte	0x900
 1074 0802 12       		.uleb128 0x12
 1075 0803 6F6500   		.ascii	"oe\000"
 1076 0806 A4       		.byte	0xa4
 1077 0807 16       		.byte	0x16
 1078 0808 C8080000 		.4byte	0x8c8
 1079 080c 000B     		.2byte	0xb00
 1080 080e 03       		.uleb128 0x3
 1081 080f 0D070000 		.4byte	.LASF146
 1082 0813 A5       		.byte	0xa5
 1083 0814 B3080000 		.4byte	0x8b3
ARM GAS  C:\Users\DEVELO~1\AppData\Local\Temp\ccRUvqpW.s 			page 20


 1084 0818 000D     		.2byte	0xd00
 1085 081a 03       		.uleb128 0x3
 1086 081b F2020000 		.4byte	.LASF147
 1087 081f A6       		.byte	0xa6
 1088 0820 F0000000 		.4byte	0xf0
 1089 0824 000E     		.2byte	0xe00
 1090 0826 03       		.uleb128 0x3
 1091 0827 9B050000 		.4byte	.LASF148
 1092 082b A8       		.byte	0xa8
 1093 082c E8080000 		.4byte	0x8e8
 1094 0830 040E     		.2byte	0xe04
 1095 0832 03       		.uleb128 0x3
 1096 0833 FF030000 		.4byte	.LASF149
 1097 0837 A9       		.byte	0xa9
 1098 0838 04090000 		.4byte	0x904
 1099 083c 0010     		.2byte	0x1000
 1100 083e 00       		.byte	0
 1101 083f 07       		.uleb128 0x7
 1102 0840 F0000000 		.4byte	0xf0
 1103 0844 4F080000 		.4byte	0x84f
 1104 0848 08       		.uleb128 0x8
 1105 0849 39000000 		.4byte	0x39
 1106 084d 2F       		.byte	0x2f
 1107 084e 00       		.byte	0
 1108 084f 0C       		.uleb128 0xc
 1109 0850 3F080000 		.4byte	0x83f
 1110 0854 07       		.uleb128 0x7
 1111 0855 F0000000 		.4byte	0xf0
 1112 0859 64080000 		.4byte	0x864
 1113 085d 08       		.uleb128 0x8
 1114 085e 39000000 		.4byte	0x39
 1115 0862 AF       		.byte	0xaf
 1116 0863 00       		.byte	0
 1117 0864 0C       		.uleb128 0xc
 1118 0865 54080000 		.4byte	0x854
 1119 0869 07       		.uleb128 0x7
 1120 086a F0000000 		.4byte	0xf0
 1121 086e 79080000 		.4byte	0x879
 1122 0872 08       		.uleb128 0x8
 1123 0873 39000000 		.4byte	0x39
 1124 0877 08       		.byte	0x8
 1125 0878 00       		.byte	0
 1126 0879 0C       		.uleb128 0xc
 1127 087a 69080000 		.4byte	0x869
 1128 087e 07       		.uleb128 0x7
 1129 087f F0000000 		.4byte	0xf0
 1130 0883 8E080000 		.4byte	0x88e
 1131 0887 08       		.uleb128 0x8
 1132 0888 39000000 		.4byte	0x39
 1133 088c 2E       		.byte	0x2e
 1134 088d 00       		.byte	0
 1135 088e 0C       		.uleb128 0xc
 1136 088f 7E080000 		.4byte	0x87e
 1137 0893 07       		.uleb128 0x7
 1138 0894 B3040000 		.4byte	0x4b3
 1139 0898 A3080000 		.4byte	0x8a3
 1140 089c 08       		.uleb128 0x8
ARM GAS  C:\Users\DEVELO~1\AppData\Local\Temp\ccRUvqpW.s 			page 21


 1141 089d 39000000 		.4byte	0x39
 1142 08a1 0F       		.byte	0xf
 1143 08a2 00       		.byte	0
 1144 08a3 07       		.uleb128 0x7
 1145 08a4 F0000000 		.4byte	0xf0
 1146 08a8 B3080000 		.4byte	0x8b3
 1147 08ac 08       		.uleb128 0x8
 1148 08ad 39000000 		.4byte	0x39
 1149 08b1 3F       		.byte	0x3f
 1150 08b2 00       		.byte	0
 1151 08b3 0C       		.uleb128 0xc
 1152 08b4 A3080000 		.4byte	0x8a3
 1153 08b8 07       		.uleb128 0x7
 1154 08b9 1E050000 		.4byte	0x51e
 1155 08bd C8080000 		.4byte	0x8c8
 1156 08c1 08       		.uleb128 0x8
 1157 08c2 39000000 		.4byte	0x39
 1158 08c6 0F       		.byte	0xf
 1159 08c7 00       		.byte	0
 1160 08c8 07       		.uleb128 0x7
 1161 08c9 89050000 		.4byte	0x589
 1162 08cd D8080000 		.4byte	0x8d8
 1163 08d1 08       		.uleb128 0x8
 1164 08d2 39000000 		.4byte	0x39
 1165 08d6 0F       		.byte	0xf
 1166 08d7 00       		.byte	0
 1167 08d8 07       		.uleb128 0x7
 1168 08d9 F0000000 		.4byte	0xf0
 1169 08dd E8080000 		.4byte	0x8e8
 1170 08e1 08       		.uleb128 0x8
 1171 08e2 39000000 		.4byte	0x39
 1172 08e6 7E       		.byte	0x7e
 1173 08e7 00       		.byte	0
 1174 08e8 0C       		.uleb128 0xc
 1175 08e9 D8080000 		.4byte	0x8d8
 1176 08ed 07       		.uleb128 0x7
 1177 08ee F0000000 		.4byte	0xf0
 1178 08f2 04090000 		.4byte	0x904
 1179 08f6 08       		.uleb128 0x8
 1180 08f7 39000000 		.4byte	0x39
 1181 08fb 0F       		.byte	0xf
 1182 08fc 1C       		.uleb128 0x1c
 1183 08fd 39000000 		.4byte	0x39
 1184 0901 FF03     		.2byte	0x3ff
 1185 0903 00       		.byte	0
 1186 0904 0C       		.uleb128 0xc
 1187 0905 ED080000 		.4byte	0x8ed
 1188 0909 05       		.uleb128 0x5
 1189 090a 2E010000 		.4byte	.LASF150
 1190 090e 09       		.byte	0x9
 1191 090f AA       		.byte	0xaa
 1192 0910 03       		.byte	0x3
 1193 0911 95050000 		.4byte	0x595
 1194 0915 0D       		.uleb128 0xd
 1195 0916 0C       		.byte	0xc
 1196 0917 08       		.byte	0x8
 1197 0918 0401     		.2byte	0x104
ARM GAS  C:\Users\DEVELO~1\AppData\Local\Temp\ccRUvqpW.s 			page 22


 1198 091a 49090000 		.4byte	0x949
 1199 091e 01       		.uleb128 0x1
 1200 091f 15060000 		.4byte	.LASF151
 1201 0923 08       		.byte	0x8
 1202 0924 0501     		.2byte	0x105
 1203 0926 21       		.byte	0x21
 1204 0927 E4000000 		.4byte	0xe4
 1205 092b 00       		.byte	0
 1206 092c 01       		.uleb128 0x1
 1207 092d 0F010000 		.4byte	.LASF152
 1208 0931 08       		.byte	0x8
 1209 0932 0601     		.2byte	0x106
 1210 0934 21       		.byte	0x21
 1211 0935 E4000000 		.4byte	0xe4
 1212 0939 04       		.byte	0x4
 1213 093a 01       		.uleb128 0x1
 1214 093b BF040000 		.4byte	.LASF153
 1215 093f 08       		.byte	0x8
 1216 0940 0701     		.2byte	0x107
 1217 0942 21       		.byte	0x21
 1218 0943 E4000000 		.4byte	0xe4
 1219 0947 08       		.byte	0x8
 1220 0948 00       		.byte	0
 1221 0949 06       		.uleb128 0x6
 1222 094a DC030000 		.4byte	.LASF154
 1223 094e 08       		.byte	0x8
 1224 094f 0801     		.2byte	0x108
 1225 0951 03       		.byte	0x3
 1226 0952 15090000 		.4byte	0x915
 1227 0956 0E       		.uleb128 0xe
 1228 0957 49090000 		.4byte	0x949
 1229 095b 0D       		.uleb128 0xd
 1230 095c 10       		.byte	0x10
 1231 095d 08       		.byte	0x8
 1232 095e 0D01     		.2byte	0x10d
 1233 0960 9D090000 		.4byte	0x99d
 1234 0964 01       		.uleb128 0x1
 1235 0965 B8040000 		.4byte	.LASF155
 1236 0969 08       		.byte	0x8
 1237 096a 1101     		.2byte	0x111
 1238 096c 21       		.byte	0x21
 1239 096d 2D000000 		.4byte	0x2d
 1240 0971 00       		.byte	0
 1241 0972 01       		.uleb128 0x1
 1242 0973 9D070000 		.4byte	.LASF156
 1243 0977 08       		.byte	0x8
 1244 0978 1501     		.2byte	0x115
 1245 097a 21       		.byte	0x21
 1246 097b 2D000000 		.4byte	0x2d
 1247 097f 04       		.byte	0x4
 1248 0980 01       		.uleb128 0x1
 1249 0981 D5020000 		.4byte	.LASF157
 1250 0985 08       		.byte	0x8
 1251 0986 1901     		.2byte	0x119
 1252 0988 22       		.byte	0x22
 1253 0989 69010000 		.4byte	0x169
 1254 098d 08       		.byte	0x8
ARM GAS  C:\Users\DEVELO~1\AppData\Local\Temp\ccRUvqpW.s 			page 23


 1255 098e 01       		.uleb128 0x1
 1256 098f 84020000 		.4byte	.LASF158
 1257 0993 08       		.byte	0x8
 1258 0994 2401     		.2byte	0x124
 1259 0996 21       		.byte	0x21
 1260 0997 2D000000 		.4byte	0x2d
 1261 099b 0C       		.byte	0xc
 1262 099c 00       		.byte	0
 1263 099d 06       		.uleb128 0x6
 1264 099e EF070000 		.4byte	.LASF159
 1265 09a2 08       		.byte	0x8
 1266 09a3 2501     		.2byte	0x125
 1267 09a5 03       		.byte	0x3
 1268 09a6 5B090000 		.4byte	0x95b
 1269 09aa 0D       		.uleb128 0xd
 1270 09ab 10       		.byte	0x10
 1271 09ac 08       		.byte	0x8
 1272 09ad 2A01     		.2byte	0x12a
 1273 09af EC090000 		.4byte	0x9ec
 1274 09b3 01       		.uleb128 0x1
 1275 09b4 14080000 		.4byte	.LASF160
 1276 09b8 08       		.byte	0x8
 1277 09b9 2E01     		.2byte	0x12e
 1278 09bb 21       		.byte	0x21
 1279 09bc 2D000000 		.4byte	0x2d
 1280 09c0 00       		.byte	0
 1281 09c1 01       		.uleb128 0x1
 1282 09c2 00000000 		.4byte	.LASF161
 1283 09c6 08       		.byte	0x8
 1284 09c7 3201     		.2byte	0x132
 1285 09c9 21       		.byte	0x21
 1286 09ca 2D000000 		.4byte	0x2d
 1287 09ce 04       		.byte	0x4
 1288 09cf 01       		.uleb128 0x1
 1289 09d0 83000000 		.4byte	.LASF162
 1290 09d4 08       		.byte	0x8
 1291 09d5 3601     		.2byte	0x136
 1292 09d7 22       		.byte	0x22
 1293 09d8 64010000 		.4byte	0x164
 1294 09dc 08       		.byte	0x8
 1295 09dd 01       		.uleb128 0x1
 1296 09de 84020000 		.4byte	.LASF158
 1297 09e2 08       		.byte	0x8
 1298 09e3 4101     		.2byte	0x141
 1299 09e5 21       		.byte	0x21
 1300 09e6 2D000000 		.4byte	0x2d
 1301 09ea 0C       		.byte	0xc
 1302 09eb 00       		.byte	0
 1303 09ec 06       		.uleb128 0x6
 1304 09ed 01050000 		.4byte	.LASF163
 1305 09f1 08       		.byte	0x8
 1306 09f2 4201     		.2byte	0x142
 1307 09f4 03       		.byte	0x3
 1308 09f5 AA090000 		.4byte	0x9aa
 1309 09f9 0D       		.uleb128 0xd
 1310 09fa 24       		.byte	0x24
 1311 09fb 08       		.byte	0x8
ARM GAS  C:\Users\DEVELO~1\AppData\Local\Temp\ccRUvqpW.s 			page 24


 1312 09fc 4801     		.2byte	0x148
 1313 09fe 8F0A0000 		.4byte	0xa8f
 1314 0a02 01       		.uleb128 0x1
 1315 0a03 84070000 		.4byte	.LASF164
 1316 0a07 08       		.byte	0x8
 1317 0a08 4C01     		.2byte	0x14c
 1318 0a0a 21       		.byte	0x21
 1319 0a0b E4000000 		.4byte	0xe4
 1320 0a0f 00       		.byte	0
 1321 0a10 01       		.uleb128 0x1
 1322 0a11 69050000 		.4byte	.LASF165
 1323 0a15 08       		.byte	0x8
 1324 0a16 5701     		.2byte	0x157
 1325 0a18 21       		.byte	0x21
 1326 0a19 BA030000 		.4byte	0x3ba
 1327 0a1d 04       		.byte	0x4
 1328 0a1e 01       		.uleb128 0x1
 1329 0a1f A3030000 		.4byte	.LASF166
 1330 0a23 08       		.byte	0x8
 1331 0a24 5C01     		.2byte	0x15c
 1332 0a26 21       		.byte	0x21
 1333 0a27 BA030000 		.4byte	0x3ba
 1334 0a2b 08       		.byte	0x8
 1335 0a2c 01       		.uleb128 0x1
 1336 0a2d 1A000000 		.4byte	.LASF167
 1337 0a31 08       		.byte	0x8
 1338 0a32 6101     		.2byte	0x161
 1339 0a34 21       		.byte	0x21
 1340 0a35 BA030000 		.4byte	0x3ba
 1341 0a39 0C       		.byte	0xc
 1342 0a3a 01       		.uleb128 0x1
 1343 0a3b B3050000 		.4byte	.LASF168
 1344 0a3f 08       		.byte	0x8
 1345 0a40 6601     		.2byte	0x166
 1346 0a42 21       		.byte	0x21
 1347 0a43 CC000000 		.4byte	0xcc
 1348 0a47 10       		.byte	0x10
 1349 0a48 01       		.uleb128 0x1
 1350 0a49 C4070000 		.4byte	.LASF169
 1351 0a4d 08       		.byte	0x8
 1352 0a4e 6B01     		.2byte	0x16b
 1353 0a50 21       		.byte	0x21
 1354 0a51 CC000000 		.4byte	0xcc
 1355 0a55 12       		.byte	0x12
 1356 0a56 01       		.uleb128 0x1
 1357 0a57 84060000 		.4byte	.LASF170
 1358 0a5b 08       		.byte	0x8
 1359 0a5c 7101     		.2byte	0x171
 1360 0a5e 22       		.byte	0x22
 1361 0a5f 8F0A0000 		.4byte	0xa8f
 1362 0a63 14       		.byte	0x14
 1363 0a64 01       		.uleb128 0x1
 1364 0a65 DD040000 		.4byte	.LASF171
 1365 0a69 08       		.byte	0x8
 1366 0a6a 7701     		.2byte	0x177
 1367 0a6c 22       		.byte	0x22
 1368 0a6d 940A0000 		.4byte	0xa94
ARM GAS  C:\Users\DEVELO~1\AppData\Local\Temp\ccRUvqpW.s 			page 25


 1369 0a71 18       		.byte	0x18
 1370 0a72 01       		.uleb128 0x1
 1371 0a73 93080000 		.4byte	.LASF172
 1372 0a77 08       		.byte	0x8
 1373 0a78 7E01     		.2byte	0x17e
 1374 0a7a 21       		.byte	0x21
 1375 0a7b CC000000 		.4byte	0xcc
 1376 0a7f 1C       		.byte	0x1c
 1377 0a80 01       		.uleb128 0x1
 1378 0a81 E7040000 		.4byte	.LASF173
 1379 0a85 08       		.byte	0x8
 1380 0a86 8401     		.2byte	0x184
 1381 0a88 22       		.byte	0x22
 1382 0a89 64010000 		.4byte	0x164
 1383 0a8d 20       		.byte	0x20
 1384 0a8e 00       		.byte	0
 1385 0a8f 09       		.uleb128 0x9
 1386 0a90 9D090000 		.4byte	0x99d
 1387 0a94 09       		.uleb128 0x9
 1388 0a95 EC090000 		.4byte	0x9ec
 1389 0a99 06       		.uleb128 0x6
 1390 0a9a 4C050000 		.4byte	.LASF174
 1391 0a9e 08       		.byte	0x8
 1392 0a9f 8501     		.2byte	0x185
 1393 0aa1 03       		.byte	0x3
 1394 0aa2 F9090000 		.4byte	0x9f9
 1395 0aa6 0E       		.uleb128 0xe
 1396 0aa7 990A0000 		.4byte	0xa99
 1397 0aab 0D       		.uleb128 0xd
 1398 0aac 10       		.byte	0x10
 1399 0aad 08       		.byte	0x8
 1400 0aae 8A01     		.2byte	0x18a
 1401 0ab0 ED0A0000 		.4byte	0xaed
 1402 0ab4 01       		.uleb128 0x1
 1403 0ab5 C2030000 		.4byte	.LASF175
 1404 0ab9 08       		.byte	0x8
 1405 0aba 8F01     		.2byte	0x18f
 1406 0abc 21       		.byte	0x21
 1407 0abd DC030000 		.4byte	0x3dc
 1408 0ac1 00       		.byte	0
 1409 0ac2 01       		.uleb128 0x1
 1410 0ac3 34060000 		.4byte	.LASF176
 1411 0ac7 08       		.byte	0x8
 1412 0ac8 9401     		.2byte	0x194
 1413 0aca 21       		.byte	0x21
 1414 0acb 1F040000 		.4byte	0x41f
 1415 0acf 04       		.byte	0x4
 1416 0ad0 01       		.uleb128 0x1
 1417 0ad1 67040000 		.4byte	.LASF177
 1418 0ad5 08       		.byte	0x8
 1419 0ad6 9A01     		.2byte	0x19a
 1420 0ad8 21       		.byte	0x21
 1421 0ad9 FE030000 		.4byte	0x3fe
 1422 0add 08       		.byte	0x8
 1423 0ade 01       		.uleb128 0x1
 1424 0adf 45050000 		.4byte	.LASF178
 1425 0ae3 08       		.byte	0x8
ARM GAS  C:\Users\DEVELO~1\AppData\Local\Temp\ccRUvqpW.s 			page 26


 1426 0ae4 9E01     		.2byte	0x19e
 1427 0ae6 21       		.byte	0x21
 1428 0ae7 98030000 		.4byte	0x398
 1429 0aeb 0C       		.byte	0xc
 1430 0aec 00       		.byte	0
 1431 0aed 06       		.uleb128 0x6
 1432 0aee B1060000 		.4byte	.LASF179
 1433 0af2 08       		.byte	0x8
 1434 0af3 A001     		.2byte	0x1a0
 1435 0af5 03       		.byte	0x3
 1436 0af6 AB0A0000 		.4byte	0xaab
 1437 0afa 0E       		.uleb128 0xe
 1438 0afb ED0A0000 		.4byte	0xaed
 1439 0aff 09       		.uleb128 0x9
 1440 0b00 FA0A0000 		.4byte	0xafa
 1441 0b04 07       		.uleb128 0x7
 1442 0b05 140B0000 		.4byte	0xb14
 1443 0b09 140B0000 		.4byte	0xb14
 1444 0b0d 08       		.uleb128 0x8
 1445 0b0e 39000000 		.4byte	0x39
 1446 0b12 08       		.byte	0x8
 1447 0b13 00       		.byte	0
 1448 0b14 09       		.uleb128 0x9
 1449 0b15 A60A0000 		.4byte	0xaa6
 1450 0b19 07       		.uleb128 0x7
 1451 0b1a 2C010000 		.4byte	0x12c
 1452 0b1e 290B0000 		.4byte	0xb29
 1453 0b22 08       		.uleb128 0x8
 1454 0b23 39000000 		.4byte	0x39
 1455 0b27 07       		.byte	0x7
 1456 0b28 00       		.byte	0
 1457 0b29 07       		.uleb128 0x7
 1458 0b2a BB000000 		.4byte	0xbb
 1459 0b2e 390B0000 		.4byte	0xb39
 1460 0b32 08       		.uleb128 0x8
 1461 0b33 39000000 		.4byte	0x39
 1462 0b37 07       		.byte	0x7
 1463 0b38 00       		.byte	0
 1464 0b39 09       		.uleb128 0x9
 1465 0b3a 09090000 		.4byte	0x909
 1466 0b3e 09       		.uleb128 0x9
 1467 0b3f 56090000 		.4byte	0x956
 1468 0b43 1D       		.uleb128 0x1d
 1469 0b44 75070000 		.4byte	.LASF180
 1470 0b48 08       		.byte	0x8
 1471 0b49 4102     		.2byte	0x241
 1472 0b4b 12       		.byte	0x12
 1473 0b4c 6E010000 		.4byte	0x16e
 1474 0b50 15       		.uleb128 0x15
 1475 0b51 46060000 		.4byte	.LASF181
 1476 0b55 43       		.byte	0x43
 1477 0b56 16       		.byte	0x16
 1478 0b57 5F010000 		.4byte	0x15f
 1479 0b5b 15       		.uleb128 0x15
 1480 0b5c D5060000 		.4byte	.LASF182
 1481 0b60 56       		.byte	0x56
 1482 0b61 18       		.byte	0x18
ARM GAS  C:\Users\DEVELO~1\AppData\Local\Temp\ccRUvqpW.s 			page 27


 1483 0b62 FA0A0000 		.4byte	0xafa
 1484 0b66 1E       		.uleb128 0x1e
 1485 0b67 B4020000 		.4byte	.LASF186
 1486 0b6b 07       		.byte	0x7
 1487 0b6c 5F02     		.2byte	0x25f
 1488 0b6e 09       		.byte	0x9
 1489 0b6f 01010000 		.4byte	0x101
 1490 0b73 820B0000 		.4byte	0xb82
 1491 0b77 0A       		.uleb128 0xa
 1492 0b78 B5030000 		.4byte	0x3b5
 1493 0b7c 0A       		.uleb128 0xa
 1494 0b7d FF0A0000 		.4byte	0xaff
 1495 0b81 00       		.byte	0
 1496 0b82 1F       		.uleb128 0x1f
 1497 0b83 0F000000 		.4byte	.LASF187
 1498 0b87 0B       		.byte	0xb
 1499 0b88 4201     		.2byte	0x142
 1500 0b8a 08       		.byte	0x8
 1501 0b8b 950B0000 		.4byte	0xb95
 1502 0b8f 0A       		.uleb128 0xa
 1503 0b90 14010000 		.4byte	0x114
 1504 0b94 00       		.byte	0
 1505 0b95 20       		.uleb128 0x20
 1506 0b96 22060000 		.4byte	.LASF188
 1507 0b9a 01       		.byte	0x1
 1508 0b9b 52       		.byte	0x52
 1509 0b9c 06       		.byte	0x6
 1510 0b9d 58010000 		.4byte	0x158
 1511 0ba1 00000000 		.4byte	.LFB433
 1512 0ba5 18000000 		.4byte	.LFE433-.LFB433
 1513 0ba9 01       		.uleb128 0x1
 1514 0baa 9C       		.byte	0x9c
 1515 0bab 21       		.uleb128 0x21
 1516 0bac 23080000 		.4byte	.LASF189
 1517 0bb0 01       		.byte	0x1
 1518 0bb1 30       		.byte	0x30
 1519 0bb2 06       		.byte	0x6
 1520 0bb3 00000000 		.4byte	.LFB432
 1521 0bb7 50000000 		.4byte	.LFE432-.LFB432
 1522 0bbb 01       		.uleb128 0x1
 1523 0bbc 9C       		.byte	0x9c
 1524 0bbd 00       		.byte	0
 1525              		.section	.debug_abbrev,"",%progbits
 1526              	.Ldebug_abbrev0:
 1527 0000 01       		.uleb128 0x1
 1528 0001 0D       		.uleb128 0xd
 1529 0002 00       		.byte	0
 1530 0003 03       		.uleb128 0x3
 1531 0004 0E       		.uleb128 0xe
 1532 0005 3A       		.uleb128 0x3a
 1533 0006 0B       		.uleb128 0xb
 1534 0007 3B       		.uleb128 0x3b
 1535 0008 05       		.uleb128 0x5
 1536 0009 39       		.uleb128 0x39
 1537 000a 0B       		.uleb128 0xb
 1538 000b 49       		.uleb128 0x49
 1539 000c 13       		.uleb128 0x13
ARM GAS  C:\Users\DEVELO~1\AppData\Local\Temp\ccRUvqpW.s 			page 28


 1540 000d 38       		.uleb128 0x38
 1541 000e 0B       		.uleb128 0xb
 1542 000f 00       		.byte	0
 1543 0010 00       		.byte	0
 1544 0011 02       		.uleb128 0x2
 1545 0012 0D       		.uleb128 0xd
 1546 0013 00       		.byte	0
 1547 0014 03       		.uleb128 0x3
 1548 0015 0E       		.uleb128 0xe
 1549 0016 3A       		.uleb128 0x3a
 1550 0017 21       		.uleb128 0x21
 1551 0018 09       		.sleb128 9
 1552 0019 3B       		.uleb128 0x3b
 1553 001a 0B       		.uleb128 0xb
 1554 001b 39       		.uleb128 0x39
 1555 001c 21       		.uleb128 0x21
 1556 001d 15       		.sleb128 21
 1557 001e 49       		.uleb128 0x49
 1558 001f 13       		.uleb128 0x13
 1559 0020 38       		.uleb128 0x38
 1560 0021 0B       		.uleb128 0xb
 1561 0022 00       		.byte	0
 1562 0023 00       		.byte	0
 1563 0024 03       		.uleb128 0x3
 1564 0025 0D       		.uleb128 0xd
 1565 0026 00       		.byte	0
 1566 0027 03       		.uleb128 0x3
 1567 0028 0E       		.uleb128 0xe
 1568 0029 3A       		.uleb128 0x3a
 1569 002a 21       		.uleb128 0x21
 1570 002b 09       		.sleb128 9
 1571 002c 3B       		.uleb128 0x3b
 1572 002d 0B       		.uleb128 0xb
 1573 002e 39       		.uleb128 0x39
 1574 002f 21       		.uleb128 0x21
 1575 0030 15       		.sleb128 21
 1576 0031 49       		.uleb128 0x49
 1577 0032 13       		.uleb128 0x13
 1578 0033 38       		.uleb128 0x38
 1579 0034 05       		.uleb128 0x5
 1580 0035 00       		.byte	0
 1581 0036 00       		.byte	0
 1582 0037 04       		.uleb128 0x4
 1583 0038 28       		.uleb128 0x28
 1584 0039 00       		.byte	0
 1585 003a 03       		.uleb128 0x3
 1586 003b 0E       		.uleb128 0xe
 1587 003c 1C       		.uleb128 0x1c
 1588 003d 0B       		.uleb128 0xb
 1589 003e 00       		.byte	0
 1590 003f 00       		.byte	0
 1591 0040 05       		.uleb128 0x5
 1592 0041 16       		.uleb128 0x16
 1593 0042 00       		.byte	0
 1594 0043 03       		.uleb128 0x3
 1595 0044 0E       		.uleb128 0xe
 1596 0045 3A       		.uleb128 0x3a
ARM GAS  C:\Users\DEVELO~1\AppData\Local\Temp\ccRUvqpW.s 			page 29


 1597 0046 0B       		.uleb128 0xb
 1598 0047 3B       		.uleb128 0x3b
 1599 0048 0B       		.uleb128 0xb
 1600 0049 39       		.uleb128 0x39
 1601 004a 0B       		.uleb128 0xb
 1602 004b 49       		.uleb128 0x49
 1603 004c 13       		.uleb128 0x13
 1604 004d 00       		.byte	0
 1605 004e 00       		.byte	0
 1606 004f 06       		.uleb128 0x6
 1607 0050 16       		.uleb128 0x16
 1608 0051 00       		.byte	0
 1609 0052 03       		.uleb128 0x3
 1610 0053 0E       		.uleb128 0xe
 1611 0054 3A       		.uleb128 0x3a
 1612 0055 0B       		.uleb128 0xb
 1613 0056 3B       		.uleb128 0x3b
 1614 0057 05       		.uleb128 0x5
 1615 0058 39       		.uleb128 0x39
 1616 0059 0B       		.uleb128 0xb
 1617 005a 49       		.uleb128 0x49
 1618 005b 13       		.uleb128 0x13
 1619 005c 00       		.byte	0
 1620 005d 00       		.byte	0
 1621 005e 07       		.uleb128 0x7
 1622 005f 01       		.uleb128 0x1
 1623 0060 01       		.byte	0x1
 1624 0061 49       		.uleb128 0x49
 1625 0062 13       		.uleb128 0x13
 1626 0063 01       		.uleb128 0x1
 1627 0064 13       		.uleb128 0x13
 1628 0065 00       		.byte	0
 1629 0066 00       		.byte	0
 1630 0067 08       		.uleb128 0x8
 1631 0068 21       		.uleb128 0x21
 1632 0069 00       		.byte	0
 1633 006a 49       		.uleb128 0x49
 1634 006b 13       		.uleb128 0x13
 1635 006c 2F       		.uleb128 0x2f
 1636 006d 0B       		.uleb128 0xb
 1637 006e 00       		.byte	0
 1638 006f 00       		.byte	0
 1639 0070 09       		.uleb128 0x9
 1640 0071 0F       		.uleb128 0xf
 1641 0072 00       		.byte	0
 1642 0073 0B       		.uleb128 0xb
 1643 0074 21       		.uleb128 0x21
 1644 0075 04       		.sleb128 4
 1645 0076 49       		.uleb128 0x49
 1646 0077 13       		.uleb128 0x13
 1647 0078 00       		.byte	0
 1648 0079 00       		.byte	0
 1649 007a 0A       		.uleb128 0xa
 1650 007b 05       		.uleb128 0x5
 1651 007c 00       		.byte	0
 1652 007d 49       		.uleb128 0x49
 1653 007e 13       		.uleb128 0x13
ARM GAS  C:\Users\DEVELO~1\AppData\Local\Temp\ccRUvqpW.s 			page 30


 1654 007f 00       		.byte	0
 1655 0080 00       		.byte	0
 1656 0081 0B       		.uleb128 0xb
 1657 0082 24       		.uleb128 0x24
 1658 0083 00       		.byte	0
 1659 0084 0B       		.uleb128 0xb
 1660 0085 0B       		.uleb128 0xb
 1661 0086 3E       		.uleb128 0x3e
 1662 0087 0B       		.uleb128 0xb
 1663 0088 03       		.uleb128 0x3
 1664 0089 0E       		.uleb128 0xe
 1665 008a 00       		.byte	0
 1666 008b 00       		.byte	0
 1667 008c 0C       		.uleb128 0xc
 1668 008d 35       		.uleb128 0x35
 1669 008e 00       		.byte	0
 1670 008f 49       		.uleb128 0x49
 1671 0090 13       		.uleb128 0x13
 1672 0091 00       		.byte	0
 1673 0092 00       		.byte	0
 1674 0093 0D       		.uleb128 0xd
 1675 0094 13       		.uleb128 0x13
 1676 0095 01       		.byte	0x1
 1677 0096 0B       		.uleb128 0xb
 1678 0097 0B       		.uleb128 0xb
 1679 0098 3A       		.uleb128 0x3a
 1680 0099 0B       		.uleb128 0xb
 1681 009a 3B       		.uleb128 0x3b
 1682 009b 05       		.uleb128 0x5
 1683 009c 39       		.uleb128 0x39
 1684 009d 21       		.uleb128 0x21
 1685 009e 09       		.sleb128 9
 1686 009f 01       		.uleb128 0x1
 1687 00a0 13       		.uleb128 0x13
 1688 00a1 00       		.byte	0
 1689 00a2 00       		.byte	0
 1690 00a3 0E       		.uleb128 0xe
 1691 00a4 26       		.uleb128 0x26
 1692 00a5 00       		.byte	0
 1693 00a6 49       		.uleb128 0x49
 1694 00a7 13       		.uleb128 0x13
 1695 00a8 00       		.byte	0
 1696 00a9 00       		.byte	0
 1697 00aa 0F       		.uleb128 0xf
 1698 00ab 04       		.uleb128 0x4
 1699 00ac 01       		.byte	0x1
 1700 00ad 3E       		.uleb128 0x3e
 1701 00ae 21       		.uleb128 0x21
 1702 00af 07       		.sleb128 7
 1703 00b0 0B       		.uleb128 0xb
 1704 00b1 21       		.uleb128 0x21
 1705 00b2 01       		.sleb128 1
 1706 00b3 49       		.uleb128 0x49
 1707 00b4 13       		.uleb128 0x13
 1708 00b5 3A       		.uleb128 0x3a
 1709 00b6 21       		.uleb128 0x21
 1710 00b7 07       		.sleb128 7
ARM GAS  C:\Users\DEVELO~1\AppData\Local\Temp\ccRUvqpW.s 			page 31


 1711 00b8 3B       		.uleb128 0x3b
 1712 00b9 05       		.uleb128 0x5
 1713 00ba 39       		.uleb128 0x39
 1714 00bb 21       		.uleb128 0x21
 1715 00bc 0E       		.sleb128 14
 1716 00bd 01       		.uleb128 0x1
 1717 00be 13       		.uleb128 0x13
 1718 00bf 00       		.byte	0
 1719 00c0 00       		.byte	0
 1720 00c1 10       		.uleb128 0x10
 1721 00c2 15       		.uleb128 0x15
 1722 00c3 01       		.byte	0x1
 1723 00c4 27       		.uleb128 0x27
 1724 00c5 19       		.uleb128 0x19
 1725 00c6 01       		.uleb128 0x1
 1726 00c7 13       		.uleb128 0x13
 1727 00c8 00       		.byte	0
 1728 00c9 00       		.byte	0
 1729 00ca 11       		.uleb128 0x11
 1730 00cb 13       		.uleb128 0x13
 1731 00cc 01       		.byte	0x1
 1732 00cd 0B       		.uleb128 0xb
 1733 00ce 21       		.uleb128 0x21
 1734 00cf 20       		.sleb128 32
 1735 00d0 3A       		.uleb128 0x3a
 1736 00d1 21       		.uleb128 0x21
 1737 00d2 09       		.sleb128 9
 1738 00d3 3B       		.uleb128 0x3b
 1739 00d4 0B       		.uleb128 0xb
 1740 00d5 39       		.uleb128 0x39
 1741 00d6 21       		.uleb128 0x21
 1742 00d7 09       		.sleb128 9
 1743 00d8 01       		.uleb128 0x1
 1744 00d9 13       		.uleb128 0x13
 1745 00da 00       		.byte	0
 1746 00db 00       		.byte	0
 1747 00dc 12       		.uleb128 0x12
 1748 00dd 0D       		.uleb128 0xd
 1749 00de 00       		.byte	0
 1750 00df 03       		.uleb128 0x3
 1751 00e0 08       		.uleb128 0x8
 1752 00e1 3A       		.uleb128 0x3a
 1753 00e2 21       		.uleb128 0x21
 1754 00e3 09       		.sleb128 9
 1755 00e4 3B       		.uleb128 0x3b
 1756 00e5 0B       		.uleb128 0xb
 1757 00e6 39       		.uleb128 0x39
 1758 00e7 0B       		.uleb128 0xb
 1759 00e8 49       		.uleb128 0x49
 1760 00e9 13       		.uleb128 0x13
 1761 00ea 38       		.uleb128 0x38
 1762 00eb 05       		.uleb128 0x5
 1763 00ec 00       		.byte	0
 1764 00ed 00       		.byte	0
 1765 00ee 13       		.uleb128 0x13
 1766 00ef 0D       		.uleb128 0xd
 1767 00f0 00       		.byte	0
ARM GAS  C:\Users\DEVELO~1\AppData\Local\Temp\ccRUvqpW.s 			page 32


 1768 00f1 03       		.uleb128 0x3
 1769 00f2 08       		.uleb128 0x8
 1770 00f3 3A       		.uleb128 0x3a
 1771 00f4 21       		.uleb128 0x21
 1772 00f5 08       		.sleb128 8
 1773 00f6 3B       		.uleb128 0x3b
 1774 00f7 05       		.uleb128 0x5
 1775 00f8 39       		.uleb128 0x39
 1776 00f9 21       		.uleb128 0x21
 1777 00fa 22       		.sleb128 34
 1778 00fb 49       		.uleb128 0x49
 1779 00fc 13       		.uleb128 0x13
 1780 00fd 38       		.uleb128 0x38
 1781 00fe 0B       		.uleb128 0xb
 1782 00ff 00       		.byte	0
 1783 0100 00       		.byte	0
 1784 0101 14       		.uleb128 0x14
 1785 0102 15       		.uleb128 0x15
 1786 0103 01       		.byte	0x1
 1787 0104 27       		.uleb128 0x27
 1788 0105 19       		.uleb128 0x19
 1789 0106 49       		.uleb128 0x49
 1790 0107 13       		.uleb128 0x13
 1791 0108 01       		.uleb128 0x1
 1792 0109 13       		.uleb128 0x13
 1793 010a 00       		.byte	0
 1794 010b 00       		.byte	0
 1795 010c 15       		.uleb128 0x15
 1796 010d 34       		.uleb128 0x34
 1797 010e 00       		.byte	0
 1798 010f 03       		.uleb128 0x3
 1799 0110 0E       		.uleb128 0xe
 1800 0111 3A       		.uleb128 0x3a
 1801 0112 21       		.uleb128 0x21
 1802 0113 0A       		.sleb128 10
 1803 0114 3B       		.uleb128 0x3b
 1804 0115 0B       		.uleb128 0xb
 1805 0116 39       		.uleb128 0x39
 1806 0117 0B       		.uleb128 0xb
 1807 0118 49       		.uleb128 0x49
 1808 0119 13       		.uleb128 0x13
 1809 011a 3F       		.uleb128 0x3f
 1810 011b 19       		.uleb128 0x19
 1811 011c 3C       		.uleb128 0x3c
 1812 011d 19       		.uleb128 0x19
 1813 011e 00       		.byte	0
 1814 011f 00       		.byte	0
 1815 0120 16       		.uleb128 0x16
 1816 0121 11       		.uleb128 0x11
 1817 0122 01       		.byte	0x1
 1818 0123 25       		.uleb128 0x25
 1819 0124 0E       		.uleb128 0xe
 1820 0125 13       		.uleb128 0x13
 1821 0126 0B       		.uleb128 0xb
 1822 0127 03       		.uleb128 0x3
 1823 0128 0E       		.uleb128 0xe
 1824 0129 1B       		.uleb128 0x1b
ARM GAS  C:\Users\DEVELO~1\AppData\Local\Temp\ccRUvqpW.s 			page 33


 1825 012a 0E       		.uleb128 0xe
 1826 012b 55       		.uleb128 0x55
 1827 012c 17       		.uleb128 0x17
 1828 012d 11       		.uleb128 0x11
 1829 012e 01       		.uleb128 0x1
 1830 012f 10       		.uleb128 0x10
 1831 0130 17       		.uleb128 0x17
 1832 0131 00       		.byte	0
 1833 0132 00       		.byte	0
 1834 0133 17       		.uleb128 0x17
 1835 0134 24       		.uleb128 0x24
 1836 0135 00       		.byte	0
 1837 0136 0B       		.uleb128 0xb
 1838 0137 0B       		.uleb128 0xb
 1839 0138 3E       		.uleb128 0x3e
 1840 0139 0B       		.uleb128 0xb
 1841 013a 03       		.uleb128 0x3
 1842 013b 08       		.uleb128 0x8
 1843 013c 00       		.byte	0
 1844 013d 00       		.byte	0
 1845 013e 18       		.uleb128 0x18
 1846 013f 0F       		.uleb128 0xf
 1847 0140 00       		.byte	0
 1848 0141 0B       		.uleb128 0xb
 1849 0142 0B       		.uleb128 0xb
 1850 0143 00       		.byte	0
 1851 0144 00       		.byte	0
 1852 0145 19       		.uleb128 0x19
 1853 0146 13       		.uleb128 0x13
 1854 0147 01       		.byte	0x1
 1855 0148 03       		.uleb128 0x3
 1856 0149 0E       		.uleb128 0xe
 1857 014a 0B       		.uleb128 0xb
 1858 014b 0B       		.uleb128 0xb
 1859 014c 3A       		.uleb128 0x3a
 1860 014d 0B       		.uleb128 0xb
 1861 014e 3B       		.uleb128 0x3b
 1862 014f 05       		.uleb128 0x5
 1863 0150 39       		.uleb128 0x39
 1864 0151 0B       		.uleb128 0xb
 1865 0152 01       		.uleb128 0x1
 1866 0153 13       		.uleb128 0x13
 1867 0154 00       		.byte	0
 1868 0155 00       		.byte	0
 1869 0156 1A       		.uleb128 0x1a
 1870 0157 13       		.uleb128 0x13
 1871 0158 01       		.byte	0x1
 1872 0159 0B       		.uleb128 0xb
 1873 015a 06       		.uleb128 0x6
 1874 015b 3A       		.uleb128 0x3a
 1875 015c 0B       		.uleb128 0xb
 1876 015d 3B       		.uleb128 0x3b
 1877 015e 0B       		.uleb128 0xb
 1878 015f 39       		.uleb128 0x39
 1879 0160 0B       		.uleb128 0xb
 1880 0161 01       		.uleb128 0x1
 1881 0162 13       		.uleb128 0x13
ARM GAS  C:\Users\DEVELO~1\AppData\Local\Temp\ccRUvqpW.s 			page 34


 1882 0163 00       		.byte	0
 1883 0164 00       		.byte	0
 1884 0165 1B       		.uleb128 0x1b
 1885 0166 0D       		.uleb128 0xd
 1886 0167 00       		.byte	0
 1887 0168 03       		.uleb128 0x3
 1888 0169 08       		.uleb128 0x8
 1889 016a 3A       		.uleb128 0x3a
 1890 016b 0B       		.uleb128 0xb
 1891 016c 3B       		.uleb128 0x3b
 1892 016d 0B       		.uleb128 0xb
 1893 016e 39       		.uleb128 0x39
 1894 016f 0B       		.uleb128 0xb
 1895 0170 49       		.uleb128 0x49
 1896 0171 13       		.uleb128 0x13
 1897 0172 38       		.uleb128 0x38
 1898 0173 0B       		.uleb128 0xb
 1899 0174 00       		.byte	0
 1900 0175 00       		.byte	0
 1901 0176 1C       		.uleb128 0x1c
 1902 0177 21       		.uleb128 0x21
 1903 0178 00       		.byte	0
 1904 0179 49       		.uleb128 0x49
 1905 017a 13       		.uleb128 0x13
 1906 017b 2F       		.uleb128 0x2f
 1907 017c 05       		.uleb128 0x5
 1908 017d 00       		.byte	0
 1909 017e 00       		.byte	0
 1910 017f 1D       		.uleb128 0x1d
 1911 0180 34       		.uleb128 0x34
 1912 0181 00       		.byte	0
 1913 0182 03       		.uleb128 0x3
 1914 0183 0E       		.uleb128 0xe
 1915 0184 3A       		.uleb128 0x3a
 1916 0185 0B       		.uleb128 0xb
 1917 0186 3B       		.uleb128 0x3b
 1918 0187 05       		.uleb128 0x5
 1919 0188 39       		.uleb128 0x39
 1920 0189 0B       		.uleb128 0xb
 1921 018a 49       		.uleb128 0x49
 1922 018b 13       		.uleb128 0x13
 1923 018c 3F       		.uleb128 0x3f
 1924 018d 19       		.uleb128 0x19
 1925 018e 3C       		.uleb128 0x3c
 1926 018f 19       		.uleb128 0x19
 1927 0190 00       		.byte	0
 1928 0191 00       		.byte	0
 1929 0192 1E       		.uleb128 0x1e
 1930 0193 2E       		.uleb128 0x2e
 1931 0194 01       		.byte	0x1
 1932 0195 3F       		.uleb128 0x3f
 1933 0196 19       		.uleb128 0x19
 1934 0197 03       		.uleb128 0x3
 1935 0198 0E       		.uleb128 0xe
 1936 0199 3A       		.uleb128 0x3a
 1937 019a 0B       		.uleb128 0xb
 1938 019b 3B       		.uleb128 0x3b
ARM GAS  C:\Users\DEVELO~1\AppData\Local\Temp\ccRUvqpW.s 			page 35


 1939 019c 05       		.uleb128 0x5
 1940 019d 39       		.uleb128 0x39
 1941 019e 0B       		.uleb128 0xb
 1942 019f 27       		.uleb128 0x27
 1943 01a0 19       		.uleb128 0x19
 1944 01a1 49       		.uleb128 0x49
 1945 01a2 13       		.uleb128 0x13
 1946 01a3 3C       		.uleb128 0x3c
 1947 01a4 19       		.uleb128 0x19
 1948 01a5 01       		.uleb128 0x1
 1949 01a6 13       		.uleb128 0x13
 1950 01a7 00       		.byte	0
 1951 01a8 00       		.byte	0
 1952 01a9 1F       		.uleb128 0x1f
 1953 01aa 2E       		.uleb128 0x2e
 1954 01ab 01       		.byte	0x1
 1955 01ac 3F       		.uleb128 0x3f
 1956 01ad 19       		.uleb128 0x19
 1957 01ae 03       		.uleb128 0x3
 1958 01af 0E       		.uleb128 0xe
 1959 01b0 3A       		.uleb128 0x3a
 1960 01b1 0B       		.uleb128 0xb
 1961 01b2 3B       		.uleb128 0x3b
 1962 01b3 05       		.uleb128 0x5
 1963 01b4 39       		.uleb128 0x39
 1964 01b5 0B       		.uleb128 0xb
 1965 01b6 27       		.uleb128 0x27
 1966 01b7 19       		.uleb128 0x19
 1967 01b8 3C       		.uleb128 0x3c
 1968 01b9 19       		.uleb128 0x19
 1969 01ba 01       		.uleb128 0x1
 1970 01bb 13       		.uleb128 0x13
 1971 01bc 00       		.byte	0
 1972 01bd 00       		.byte	0
 1973 01be 20       		.uleb128 0x20
 1974 01bf 2E       		.uleb128 0x2e
 1975 01c0 00       		.byte	0
 1976 01c1 3F       		.uleb128 0x3f
 1977 01c2 19       		.uleb128 0x19
 1978 01c3 03       		.uleb128 0x3
 1979 01c4 0E       		.uleb128 0xe
 1980 01c5 3A       		.uleb128 0x3a
 1981 01c6 0B       		.uleb128 0xb
 1982 01c7 3B       		.uleb128 0x3b
 1983 01c8 0B       		.uleb128 0xb
 1984 01c9 39       		.uleb128 0x39
 1985 01ca 0B       		.uleb128 0xb
 1986 01cb 27       		.uleb128 0x27
 1987 01cc 19       		.uleb128 0x19
 1988 01cd 49       		.uleb128 0x49
 1989 01ce 13       		.uleb128 0x13
 1990 01cf 11       		.uleb128 0x11
 1991 01d0 01       		.uleb128 0x1
 1992 01d1 12       		.uleb128 0x12
 1993 01d2 06       		.uleb128 0x6
 1994 01d3 40       		.uleb128 0x40
 1995 01d4 18       		.uleb128 0x18
ARM GAS  C:\Users\DEVELO~1\AppData\Local\Temp\ccRUvqpW.s 			page 36


 1996 01d5 7A       		.uleb128 0x7a
 1997 01d6 19       		.uleb128 0x19
 1998 01d7 00       		.byte	0
 1999 01d8 00       		.byte	0
 2000 01d9 21       		.uleb128 0x21
 2001 01da 2E       		.uleb128 0x2e
 2002 01db 00       		.byte	0
 2003 01dc 3F       		.uleb128 0x3f
 2004 01dd 19       		.uleb128 0x19
 2005 01de 03       		.uleb128 0x3
 2006 01df 0E       		.uleb128 0xe
 2007 01e0 3A       		.uleb128 0x3a
 2008 01e1 0B       		.uleb128 0xb
 2009 01e2 3B       		.uleb128 0x3b
 2010 01e3 0B       		.uleb128 0xb
 2011 01e4 39       		.uleb128 0x39
 2012 01e5 0B       		.uleb128 0xb
 2013 01e6 27       		.uleb128 0x27
 2014 01e7 19       		.uleb128 0x19
 2015 01e8 11       		.uleb128 0x11
 2016 01e9 01       		.uleb128 0x1
 2017 01ea 12       		.uleb128 0x12
 2018 01eb 06       		.uleb128 0x6
 2019 01ec 40       		.uleb128 0x40
 2020 01ed 18       		.uleb128 0x18
 2021 01ee 7C       		.uleb128 0x7c
 2022 01ef 19       		.uleb128 0x19
 2023 01f0 00       		.byte	0
 2024 01f1 00       		.byte	0
 2025 01f2 00       		.byte	0
 2026              		.section	.debug_aranges,"",%progbits
 2027 0000 24000000 		.4byte	0x24
 2028 0004 0200     		.2byte	0x2
 2029 0006 00000000 		.4byte	.Ldebug_info0
 2030 000a 04       		.byte	0x4
 2031 000b 00       		.byte	0
 2032 000c 0000     		.2byte	0
 2033 000e 0000     		.2byte	0
 2034 0010 00000000 		.4byte	.LFB432
 2035 0014 50000000 		.4byte	.LFE432-.LFB432
 2036 0018 00000000 		.4byte	.LFB433
 2037 001c 18000000 		.4byte	.LFE433-.LFB433
 2038 0020 00000000 		.4byte	0
 2039 0024 00000000 		.4byte	0
 2040              		.section	.debug_rnglists,"",%progbits
 2041              	.Ldebug_ranges0:
 2042 0000 15000000 		.4byte	.Ldebug_ranges3-.Ldebug_ranges2
 2043              	.Ldebug_ranges2:
 2044 0004 0500     		.2byte	0x5
 2045 0006 04       		.byte	0x4
 2046 0007 00       		.byte	0
 2047 0008 00000000 		.4byte	0
 2048              	.LLRL0:
 2049 000c 07       		.byte	0x7
 2050 000d 00000000 		.4byte	.LFB432
 2051 0011 50       		.uleb128 .LFE432-.LFB432
 2052 0012 07       		.byte	0x7
ARM GAS  C:\Users\DEVELO~1\AppData\Local\Temp\ccRUvqpW.s 			page 37


 2053 0013 00000000 		.4byte	.LFB433
 2054 0017 18       		.uleb128 .LFE433-.LFB433
 2055 0018 00       		.byte	0
 2056              	.Ldebug_ranges3:
 2057              		.section	.debug_line,"",%progbits
 2058              	.Ldebug_line0:
 2059 0000 4C020000 		.section	.debug_str,"MS",%progbits,1
 2059      03001202 
 2059      00000201 
 2059      FB0E0D00 
 2059      01010101 
 2060              	.LASF161:
 2061 0000 7278636E 		.ascii	"rxcnt\000"
 2061      7400
 2062              	.LASF144:
 2063 0006 72657376 		.ascii	"resvd880\000"
 2063      64383830 
 2063      00
 2064              	.LASF187:
 2065 000f 63685468 		.ascii	"chThdSleep\000"
 2065      64536C65 
 2065      657000
 2066              	.LASF167:
 2067 001a 6F75745F 		.ascii	"out_cb\000"
 2067      636200
 2068              	.LASF4:
 2069 0021 73697A65 		.ascii	"size_t\000"
 2069      5F7400
 2070              	.LASF124:
 2071 0028 48505254 		.ascii	"HPRT\000"
 2071      00
 2072              	.LASF140:
 2073 002d 44494550 		.ascii	"DIEPEMPMSK\000"
 2073      454D504D 
 2073      534B00
 2074              	.LASF20:
 2075 0038 75696E74 		.ascii	"uint64_t\000"
 2075      36345F74 
 2075      00
 2076              	.LASF134:
 2077 0041 4441494E 		.ascii	"DAINTMSK\000"
 2077      544D534B 
 2077      00
 2078              	.LASF5:
 2079 004a 5F5F7569 		.ascii	"__uint8_t\000"
 2079      6E74385F 
 2079      7400
 2080              	.LASF99:
 2081 0054 47414842 		.ascii	"GAHBCFG\000"
 2081      43464700 
 2082              	.LASF67:
 2083 005c 75736265 		.ascii	"usbevent_t\000"
 2083      76656E74 
 2083      5F7400
 2084              	.LASF63:
 2085 0067 5553425F 		.ascii	"USB_EVENT_UNCONFIGURED\000"
 2085      4556454E 
ARM GAS  C:\Users\DEVELO~1\AppData\Local\Temp\ccRUvqpW.s 			page 38


 2085      545F554E 
 2085      434F4E46 
 2085      49475552 
 2086              	.LASF128:
 2087 007e 4443544C 		.ascii	"DCTL\000"
 2087      00
 2088              	.LASF162:
 2089 0083 72786275 		.ascii	"rxbuf\000"
 2089      6600
 2090              	.LASF106:
 2091 0089 47525846 		.ascii	"GRXFSIZ\000"
 2091      53495A00 
 2092              	.LASF54:
 2093 0091 5553425F 		.ascii	"USB_EP0_IN_WAITING_TX0\000"
 2093      4550305F 
 2093      494E5F57 
 2093      41495449 
 2093      4E475F54 
 2094              	.LASF127:
 2095 00a8 44434647 		.ascii	"DCFG\000"
 2095      00
 2096              	.LASF45:
 2097 00ad 5553425F 		.ascii	"USB_UNINIT\000"
 2097      554E494E 
 2097      495400
 2098              	.LASF94:
 2099 00b8 444F4550 		.ascii	"DOEPINT\000"
 2099      494E5400 
 2100              	.LASF70:
 2101 00c0 55534244 		.ascii	"USBDescriptor\000"
 2101      65736372 
 2101      6970746F 
 2101      7200
 2102              	.LASF80:
 2103 00ce 48435453 		.ascii	"HCTSIZ\000"
 2103      495A00
 2104              	.LASF126:
 2105 00d5 72657376 		.ascii	"resvd700\000"
 2105      64373030 
 2105      00
 2106              	.LASF122:
 2107 00de 4841494E 		.ascii	"HAINTMSK\000"
 2107      544D534B 
 2107      00
 2108              	.LASF1:
 2109 00e7 6C6F6E67 		.ascii	"long long int\000"
 2109      206C6F6E 
 2109      6720696E 
 2109      7400
 2110              	.LASF3:
 2111 00f5 7369676E 		.ascii	"signed char\000"
 2111      65642063 
 2111      68617200 
 2112              	.LASF71:
 2113 0101 75736263 		.ascii	"usbcallback_t\000"
 2113      616C6C62 
 2113      61636B5F 
ARM GAS  C:\Users\DEVELO~1\AppData\Local\Temp\ccRUvqpW.s 			page 39


 2113      7400
 2114              	.LASF152:
 2115 010f 6F74675F 		.ascii	"otg_ram_size\000"
 2115      72616D5F 
 2115      73697A65 
 2115      00
 2116              	.LASF13:
 2117 011c 6C6F6E67 		.ascii	"long unsigned int\000"
 2117      20756E73 
 2117      69676E65 
 2117      6420696E 
 2117      7400
 2118              	.LASF150:
 2119 012e 73746D33 		.ascii	"stm32_otg_t\000"
 2119      325F6F74 
 2119      675F7400 
 2120              	.LASF15:
 2121 013a 6C6F6E67 		.ascii	"long long unsigned int\000"
 2121      206C6F6E 
 2121      6720756E 
 2121      7369676E 
 2121      65642069 
 2122              	.LASF79:
 2123 0151 4843494E 		.ascii	"HCINTMSK\000"
 2123      544D534B 
 2123      00
 2124              	.LASF117:
 2125 015a 48464952 		.ascii	"HFIR\000"
 2125      00
 2126              	.LASF183:
 2127 015f 474E5520 		.ascii	"GNU C17 11.3.1 20220712 -mcpu=cortex-m7 -mthumb -mf"
 2127      43313720 
 2127      31312E33 
 2127      2E312032 
 2127      30323230 
 2128 0192 6C6F6174 		.ascii	"loat-abi=soft -march=armv7e-m -ggdb -O0 -ffunction-"
 2128      2D616269 
 2128      3D736F66 
 2128      74202D6D 
 2128      61726368 
 2129 01c5 73656374 		.ascii	"sections -fdata-sections -fno-common\000"
 2129      696F6E73 
 2129      202D6664 
 2129      6174612D 
 2129      73656374 
 2130              	.LASF58:
 2131 01ea 5553425F 		.ascii	"USB_EP0_ERROR\000"
 2131      4550305F 
 2131      4552524F 
 2131      5200
 2132              	.LASF107:
 2133 01f8 44494550 		.ascii	"DIEPTXF0\000"
 2133      54584630 
 2133      00
 2134              	.LASF27:
 2135 0201 73746174 		.ascii	"state\000"
 2135      6500
ARM GAS  C:\Users\DEVELO~1\AppData\Local\Temp\ccRUvqpW.s 			page 40


 2136              	.LASF32:
 2137 0207 6F75745F 		.ascii	"out_params\000"
 2137      70617261 
 2137      6D7300
 2138              	.LASF129:
 2139 0212 44535453 		.ascii	"DSTS\000"
 2139      00
 2140              	.LASF184:
 2141 0217 7573622F 		.ascii	"usb/usb_device.c\000"
 2141      7573625F 
 2141      64657669 
 2141      63652E63 
 2141      00
 2142              	.LASF125:
 2143 0228 72657376 		.ascii	"resvd444\000"
 2143      64343434 
 2143      00
 2144              	.LASF135:
 2145 0231 72657376 		.ascii	"resvd820\000"
 2145      64383230 
 2145      00
 2146              	.LASF118:
 2147 023a 48464E55 		.ascii	"HFNUM\000"
 2147      4D00
 2148              	.LASF73:
 2149 0240 75736265 		.ascii	"usbeventcb_t\000"
 2149      76656E74 
 2149      63625F74 
 2149      00
 2150              	.LASF136:
 2151 024d 72657376 		.ascii	"resvd824\000"
 2151      64383234 
 2151      00
 2152              	.LASF65:
 2153 0256 5553425F 		.ascii	"USB_EVENT_WAKEUP\000"
 2153      4556454E 
 2153      545F5741 
 2153      4B455550 
 2153      00
 2154              	.LASF17:
 2155 0267 75696E74 		.ascii	"uint16_t\000"
 2155      31365F74 
 2155      00
 2156              	.LASF133:
 2157 0270 4441494E 		.ascii	"DAINT\000"
 2157      5400
 2158              	.LASF59:
 2159 0276 75736265 		.ascii	"usbep0state_t\000"
 2159      70307374 
 2159      6174655F 
 2159      7400
 2160              	.LASF158:
 2161 0284 746F7473 		.ascii	"totsize\000"
 2161      697A6500 
 2162              	.LASF66:
 2163 028c 5553425F 		.ascii	"USB_EVENT_STALLED\000"
 2163      4556454E 
ARM GAS  C:\Users\DEVELO~1\AppData\Local\Temp\ccRUvqpW.s 			page 41


 2163      545F5354 
 2163      414C4C45 
 2163      4400
 2164              	.LASF98:
 2165 029e 474F5447 		.ascii	"GOTGINT\000"
 2165      494E5400 
 2166              	.LASF23:
 2167 02a6 73797369 		.ascii	"sysinterval_t\000"
 2167      6E746572 
 2167      76616C5F 
 2167      7400
 2168              	.LASF186:
 2169 02b4 75736253 		.ascii	"usbStart\000"
 2169      74617274 
 2169      00
 2170              	.LASF0:
 2171 02bd 756E7369 		.ascii	"unsigned int\000"
 2171      676E6564 
 2171      20696E74 
 2171      00
 2172              	.LASF49:
 2173 02ca 5553425F 		.ascii	"USB_ACTIVE\000"
 2173      41435449 
 2173      564500
 2174              	.LASF157:
 2175 02d5 74786275 		.ascii	"txbuf\000"
 2175      6600
 2176              	.LASF68:
 2177 02db 75645F73 		.ascii	"ud_size\000"
 2177      697A6500 
 2178              	.LASF103:
 2179 02e3 47494E54 		.ascii	"GINTMSK\000"
 2179      4D534B00 
 2180              	.LASF28:
 2181 02eb 636F6E66 		.ascii	"config\000"
 2181      696700
 2182              	.LASF147:
 2183 02f2 50434743 		.ascii	"PCGCCTL\000"
 2183      43544C00 
 2184              	.LASF139:
 2185 02fa 72657376 		.ascii	"resvd830\000"
 2185      64383330 
 2185      00
 2186              	.LASF57:
 2187 0303 5553425F 		.ascii	"USB_EP0_OUT_RX\000"
 2187      4550305F 
 2187      4F55545F 
 2187      525800
 2188              	.LASF81:
 2189 0312 72657376 		.ascii	"resvd14\000"
 2189      64313400 
 2190              	.LASF185:
 2191 031a 433A5C50 		.ascii	"C:\\PROJET\\ChibiOS project\\ChibiOS_21.11.4\\demos"
 2191      524F4A45 
 2191      545C4368 
 2191      6962694F 
 2191      53207072 
ARM GAS  C:\Users\DEVELO~1\AppData\Local\Temp\ccRUvqpW.s 			page 42


 2192 0349 5C53544D 		.ascii	"\\STM32\\RT-STM32H743ZI_REV_XY-NUCLEO144_Quartz8M\000"
 2192      33325C52 
 2192      542D5354 
 2192      4D333248 
 2192      3734335A 
 2193              	.LASF82:
 2194 0379 72657376 		.ascii	"resvd18\000"
 2194      64313800 
 2195              	.LASF24:
 2196 0381 74696D65 		.ascii	"time_conv_t\000"
 2196      5F636F6E 
 2196      765F7400 
 2197              	.LASF141:
 2198 038d 72657376 		.ascii	"resvd838\000"
 2198      64383338 
 2198      00
 2199              	.LASF29:
 2200 0396 7472616E 		.ascii	"transmitting\000"
 2200      736D6974 
 2200      74696E67 
 2200      00
 2201              	.LASF166:
 2202 03a3 696E5F63 		.ascii	"in_cb\000"
 2202      6200
 2203              	.LASF34:
 2204 03a9 6570306E 		.ascii	"ep0next\000"
 2204      65787400 
 2205              	.LASF91:
 2206 03b1 72657376 		.ascii	"resvd1C\000"
 2206      64314300 
 2207              	.LASF142:
 2208 03b9 72657376 		.ascii	"resvd83C\000"
 2208      64383343 
 2208      00
 2209              	.LASF175:
 2210 03c2 6576656E 		.ascii	"event_cb\000"
 2210      745F6362 
 2210      00
 2211              	.LASF102:
 2212 03cb 47494E54 		.ascii	"GINTSTS\000"
 2212      53545300 
 2213              	.LASF95:
 2214 03d3 444F4550 		.ascii	"DOEPTSIZ\000"
 2214      5453495A 
 2214      00
 2215              	.LASF154:
 2216 03dc 73746D33 		.ascii	"stm32_otg_params_t\000"
 2216      325F6F74 
 2216      675F7061 
 2216      72616D73 
 2216      5F7400
 2217              	.LASF21:
 2218 03ef 6D73675F 		.ascii	"msg_t\000"
 2218      7400
 2219              	.LASF69:
 2220 03f5 75645F73 		.ascii	"ud_string\000"
 2220      7472696E 
ARM GAS  C:\Users\DEVELO~1\AppData\Local\Temp\ccRUvqpW.s 			page 43


 2220      6700
 2221              	.LASF149:
 2222 03ff 4649464F 		.ascii	"FIFO\000"
 2222      00
 2223              	.LASF55:
 2224 0404 5553425F 		.ascii	"USB_EP0_IN_SENDING_STS\000"
 2224      4550305F 
 2224      494E5F53 
 2224      454E4449 
 2224      4E475F53 
 2225              	.LASF84:
 2226 041b 73746D33 		.ascii	"stm32_otg_host_chn_t\000"
 2226      325F6F74 
 2226      675F686F 
 2226      73745F63 
 2226      686E5F74 
 2227              	.LASF42:
 2228 0430 6F746770 		.ascii	"otgparams\000"
 2228      6172616D 
 2228      7300
 2229              	.LASF35:
 2230 043a 6570306E 		.ascii	"ep0n\000"
 2230      00
 2231              	.LASF101:
 2232 043f 47525354 		.ascii	"GRSTCTL\000"
 2232      43544C00 
 2233              	.LASF30:
 2234 0447 72656365 		.ascii	"receiving\000"
 2234      6976696E 
 2234      6700
 2235              	.LASF83:
 2236 0451 72657376 		.ascii	"resvd1c\000"
 2236      64316300 
 2237              	.LASF53:
 2238 0459 5553425F 		.ascii	"USB_EP0_IN_TX\000"
 2238      4550305F 
 2238      494E5F54 
 2238      5800
 2239              	.LASF177:
 2240 0467 72657175 		.ascii	"requests_hook_cb\000"
 2240      65737473 
 2240      5F686F6F 
 2240      6B5F6362 
 2240      00
 2241              	.LASF52:
 2242 0478 5553425F 		.ascii	"USB_EP0_STP_WAITING\000"
 2242      4550305F 
 2242      5354505F 
 2242      57414954 
 2242      494E4700 
 2243              	.LASF92:
 2244 048c 73746D33 		.ascii	"stm32_otg_in_ep_t\000"
 2244      325F6F74 
 2244      675F696E 
 2244      5F65705F 
 2244      7400
 2245              	.LASF143:
ARM GAS  C:\Users\DEVELO~1\AppData\Local\Temp\ccRUvqpW.s 			page 44


 2246 049e 72657376 		.ascii	"resvd840\000"
 2246      64383430 
 2246      00
 2247              	.LASF104:
 2248 04a7 47525853 		.ascii	"GRXSTSR\000"
 2248      54535200 
 2249              	.LASF113:
 2250 04af 48505458 		.ascii	"HPTXFSIZ\000"
 2250      4653495A 
 2250      00
 2251              	.LASF155:
 2252 04b8 74787369 		.ascii	"txsize\000"
 2252      7A6500
 2253              	.LASF153:
 2254 04bf 6E756D5F 		.ascii	"num_endpoints\000"
 2254      656E6470 
 2254      6F696E74 
 2254      7300
 2255              	.LASF85:
 2256 04cd 44494550 		.ascii	"DIEPCTL\000"
 2256      43544C00 
 2257              	.LASF39:
 2258 04d5 61646472 		.ascii	"address\000"
 2258      65737300 
 2259              	.LASF171:
 2260 04dd 6F75745F 		.ascii	"out_state\000"
 2260      73746174 
 2260      6500
 2261              	.LASF173:
 2262 04e7 73657475 		.ascii	"setup_buf\000"
 2262      705F6275 
 2262      6600
 2263              	.LASF74:
 2264 04f1 75736272 		.ascii	"usbreqhandler_t\000"
 2264      65716861 
 2264      6E646C65 
 2264      725F7400 
 2265              	.LASF163:
 2266 0501 5553424F 		.ascii	"USBOutEndpointState\000"
 2266      7574456E 
 2266      64706F69 
 2266      6E745374 
 2266      61746500 
 2267              	.LASF78:
 2268 0515 4843494E 		.ascii	"HCINT\000"
 2268      5400
 2269              	.LASF75:
 2270 051b 75736267 		.ascii	"usbgetdescriptor_t\000"
 2270      65746465 
 2270      73637269 
 2270      70746F72 
 2270      5F7400
 2271              	.LASF37:
 2272 052e 73657475 		.ascii	"setup\000"
 2272      7000
 2273              	.LASF89:
 2274 0534 44494550 		.ascii	"DIEPTSIZ\000"
ARM GAS  C:\Users\DEVELO~1\AppData\Local\Temp\ccRUvqpW.s 			page 45


 2274      5453495A 
 2274      00
 2275              	.LASF131:
 2276 053d 44494550 		.ascii	"DIEPMSK\000"
 2276      4D534B00 
 2277              	.LASF178:
 2278 0545 736F665F 		.ascii	"sof_cb\000"
 2278      636200
 2279              	.LASF174:
 2280 054c 55534245 		.ascii	"USBEndpointConfig\000"
 2280      6E64706F 
 2280      696E7443 
 2280      6F6E6669 
 2280      6700
 2281              	.LASF14:
 2282 055e 5F5F7569 		.ascii	"__uint64_t\000"
 2282      6E743634 
 2282      5F7400
 2283              	.LASF165:
 2284 0569 73657475 		.ascii	"setup_cb\000"
 2284      705F6362 
 2284      00
 2285              	.LASF100:
 2286 0572 47555342 		.ascii	"GUSBCFG\000"
 2286      43464700 
 2287              	.LASF43:
 2288 057a 706D6E65 		.ascii	"pmnext\000"
 2288      787400
 2289              	.LASF109:
 2290 0581 72657376 		.ascii	"resvd30\000"
 2290      64333000 
 2291              	.LASF61:
 2292 0589 5553425F 		.ascii	"USB_EVENT_ADDRESS\000"
 2292      4556454E 
 2292      545F4144 
 2292      44524553 
 2292      5300
 2293              	.LASF148:
 2294 059b 72657376 		.ascii	"resvdE04\000"
 2294      64453034 
 2294      00
 2295              	.LASF110:
 2296 05a4 72657376 		.ascii	"resvd34\000"
 2296      64333400 
 2297              	.LASF86:
 2298 05ac 72657376 		.ascii	"resvd4\000"
 2298      643400
 2299              	.LASF168:
 2300 05b3 696E5F6D 		.ascii	"in_maxsize\000"
 2300      61787369 
 2300      7A6500
 2301              	.LASF77:
 2302 05be 72657376 		.ascii	"resvd8\000"
 2302      643800
 2303              	.LASF47:
 2304 05c5 5553425F 		.ascii	"USB_READY\000"
 2304      52454144 
ARM GAS  C:\Users\DEVELO~1\AppData\Local\Temp\ccRUvqpW.s 			page 46


 2304      5900
 2305              	.LASF46:
 2306 05cf 5553425F 		.ascii	"USB_STOP\000"
 2306      53544F50 
 2306      00
 2307              	.LASF25:
 2308 05d8 5F426F6F 		.ascii	"_Bool\000"
 2308      6C00
 2309              	.LASF18:
 2310 05de 696E7433 		.ascii	"int32_t\000"
 2310      325F7400 
 2311              	.LASF6:
 2312 05e6 756E7369 		.ascii	"unsigned char\000"
 2312      676E6564 
 2312      20636861 
 2312      7200
 2313              	.LASF88:
 2314 05f4 72657376 		.ascii	"resvdC\000"
 2314      644300
 2315              	.LASF87:
 2316 05fb 44494550 		.ascii	"DIEPINT\000"
 2316      494E5400 
 2317              	.LASF7:
 2318 0603 73686F72 		.ascii	"short int\000"
 2318      7420696E 
 2318      7400
 2319              	.LASF44:
 2320 060d 75736265 		.ascii	"usbep_t\000"
 2320      705F7400 
 2321              	.LASF151:
 2322 0615 72785F66 		.ascii	"rx_fifo_size\000"
 2322      69666F5F 
 2322      73697A65 
 2322      00
 2323              	.LASF188:
 2324 0622 7573625F 		.ascii	"usb_device_active\000"
 2324      64657669 
 2324      63655F61 
 2324      63746976 
 2324      6500
 2325              	.LASF176:
 2326 0634 6765745F 		.ascii	"get_descriptor_cb\000"
 2326      64657363 
 2326      72697074 
 2326      6F725F63 
 2326      6200
 2327              	.LASF181:
 2328 0646 7573625F 		.ascii	"usb_midi_tx_ready\000"
 2328      6D696469 
 2328      5F74785F 
 2328      72656164 
 2328      7900
 2329              	.LASF48:
 2330 0658 5553425F 		.ascii	"USB_SELECTED\000"
 2330      53454C45 
 2330      43544544 
 2330      00
ARM GAS  C:\Users\DEVELO~1\AppData\Local\Temp\ccRUvqpW.s 			page 47


 2331              	.LASF138:
 2332 0665 44564255 		.ascii	"DVBUSPULSE\000"
 2332      5350554C 
 2332      534500
 2333              	.LASF41:
 2334 0670 73617665 		.ascii	"saved_state\000"
 2334      645F7374 
 2334      61746500 
 2335              	.LASF120:
 2336 067c 48505458 		.ascii	"HPTXSTS\000"
 2336      53545300 
 2337              	.LASF170:
 2338 0684 696E5F73 		.ascii	"in_state\000"
 2338      74617465 
 2338      00
 2339              	.LASF119:
 2340 068d 72657376 		.ascii	"resvd40C\000"
 2340      64343043 
 2340      00
 2341              	.LASF64:
 2342 0696 5553425F 		.ascii	"USB_EVENT_SUSPEND\000"
 2342      4556454E 
 2342      545F5355 
 2342      5350454E 
 2342      4400
 2343              	.LASF33:
 2344 06a8 65703073 		.ascii	"ep0state\000"
 2344      74617465 
 2344      00
 2345              	.LASF179:
 2346 06b1 55534243 		.ascii	"USBConfig\000"
 2346      6F6E6669 
 2346      6700
 2347              	.LASF115:
 2348 06bb 72657376 		.ascii	"resvd140\000"
 2348      64313430 
 2348      00
 2349              	.LASF2:
 2350 06c4 6C6F6E67 		.ascii	"long double\000"
 2350      20646F75 
 2350      626C6500 
 2351              	.LASF22:
 2352 06d0 63686172 		.ascii	"char\000"
 2352      00
 2353              	.LASF182:
 2354 06d5 75736263 		.ascii	"usbcfg\000"
 2354      666700
 2355              	.LASF121:
 2356 06dc 4841494E 		.ascii	"HAINT\000"
 2356      5400
 2357              	.LASF60:
 2358 06e2 5553425F 		.ascii	"USB_EVENT_RESET\000"
 2358      4556454E 
 2358      545F5245 
 2358      53455400 
 2359              	.LASF8:
 2360 06f2 5F5F7569 		.ascii	"__uint16_t\000"
ARM GAS  C:\Users\DEVELO~1\AppData\Local\Temp\ccRUvqpW.s 			page 48


 2360      6E743136 
 2360      5F7400
 2361              	.LASF116:
 2362 06fd 48434647 		.ascii	"HCFG\000"
 2362      00
 2363              	.LASF51:
 2364 0702 75736273 		.ascii	"usbstate_t\000"
 2364      74617465 
 2364      5F7400
 2365              	.LASF146:
 2366 070d 72657376 		.ascii	"resvdD00\000"
 2366      64443030 
 2366      00
 2367              	.LASF10:
 2368 0716 5F5F696E 		.ascii	"__int32_t\000"
 2368      7433325F 
 2368      7400
 2369              	.LASF105:
 2370 0720 47525853 		.ascii	"GRXSTSP\000"
 2370      54535000 
 2371              	.LASF62:
 2372 0728 5553425F 		.ascii	"USB_EVENT_CONFIGURED\000"
 2372      4556454E 
 2372      545F434F 
 2372      4E464947 
 2372      55524544 
 2373              	.LASF36:
 2374 073d 65703065 		.ascii	"ep0endcb\000"
 2374      6E646362 
 2374      00
 2375              	.LASF145:
 2376 0746 72657376 		.ascii	"resvd8C0\000"
 2376      64384330 
 2376      00
 2377              	.LASF97:
 2378 074f 474F5447 		.ascii	"GOTGCTL\000"
 2378      43544C00 
 2379              	.LASF9:
 2380 0757 73686F72 		.ascii	"short unsigned int\000"
 2380      7420756E 
 2380      7369676E 
 2380      65642069 
 2380      6E7400
 2381              	.LASF12:
 2382 076a 5F5F7569 		.ascii	"__uint32_t\000"
 2382      6E743332 
 2382      5F7400
 2383              	.LASF180:
 2384 0775 55534244 		.ascii	"USBD1\000"
 2384      3100
 2385              	.LASF137:
 2386 077b 44564255 		.ascii	"DVBUSDIS\000"
 2386      53444953 
 2386      00
 2387              	.LASF164:
 2388 0784 65705F6D 		.ascii	"ep_mode\000"
 2388      6F646500 
ARM GAS  C:\Users\DEVELO~1\AppData\Local\Temp\ccRUvqpW.s 			page 49


 2389              	.LASF123:
 2390 078c 72657376 		.ascii	"resvd41C\000"
 2390      64343143 
 2390      00
 2391              	.LASF93:
 2392 0795 444F4550 		.ascii	"DOEPCTL\000"
 2392      43544C00 
 2393              	.LASF156:
 2394 079d 7478636E 		.ascii	"txcnt\000"
 2394      7400
 2395              	.LASF19:
 2396 07a3 75696E74 		.ascii	"uint32_t\000"
 2396      33325F74 
 2396      00
 2397              	.LASF56:
 2398 07ac 5553425F 		.ascii	"USB_EP0_OUT_WAITING_STS\000"
 2398      4550305F 
 2398      4F55545F 
 2398      57414954 
 2398      494E475F 
 2399              	.LASF169:
 2400 07c4 6F75745F 		.ascii	"out_maxsize\000"
 2400      6D617873 
 2400      697A6500 
 2401              	.LASF38:
 2402 07d0 73746174 		.ascii	"status\000"
 2402      757300
 2403              	.LASF72:
 2404 07d7 75736265 		.ascii	"usbepcallback_t\000"
 2404      7063616C 
 2404      6C626163 
 2404      6B5F7400 
 2405              	.LASF112:
 2406 07e7 72657376 		.ascii	"resvd58\000"
 2406      64353800 
 2407              	.LASF159:
 2408 07ef 55534249 		.ascii	"USBInEndpointState\000"
 2408      6E456E64 
 2408      706F696E 
 2408      74537461 
 2408      746500
 2409              	.LASF26:
 2410 0802 55534244 		.ascii	"USBDriver\000"
 2410      72697665 
 2410      7200
 2411              	.LASF16:
 2412 080c 75696E74 		.ascii	"uint8_t\000"
 2412      385F7400 
 2413              	.LASF160:
 2414 0814 72787369 		.ascii	"rxsize\000"
 2414      7A6500
 2415              	.LASF132:
 2416 081b 444F4550 		.ascii	"DOEPMSK\000"
 2416      4D534B00 
 2417              	.LASF189:
 2418 0823 7573625F 		.ascii	"usb_device_start\000"
 2418      64657669 
ARM GAS  C:\Users\DEVELO~1\AppData\Local\Temp\ccRUvqpW.s 			page 50


 2418      63655F73 
 2418      74617274 
 2418      00
 2419              	.LASF31:
 2420 0834 696E5F70 		.ascii	"in_params\000"
 2420      6172616D 
 2420      7300
 2421              	.LASF96:
 2422 083e 73746D33 		.ascii	"stm32_otg_out_ep_t\000"
 2422      325F6F74 
 2422      675F6F75 
 2422      745F6570 
 2422      5F7400
 2423              	.LASF111:
 2424 0851 47434346 		.ascii	"GCCFG\000"
 2424      4700
 2425              	.LASF90:
 2426 0857 44545846 		.ascii	"DTXFSTS\000"
 2426      53545300 
 2427              	.LASF76:
 2428 085f 48434348 		.ascii	"HCCHAR\000"
 2428      415200
 2429              	.LASF11:
 2430 0866 6C6F6E67 		.ascii	"long int\000"
 2430      20696E74 
 2430      00
 2431              	.LASF114:
 2432 086f 44494550 		.ascii	"DIEPTXF\000"
 2432      54584600 
 2433              	.LASF50:
 2434 0877 5553425F 		.ascii	"USB_SUSPENDED\000"
 2434      53555350 
 2434      454E4445 
 2434      4400
 2435              	.LASF40:
 2436 0885 636F6E66 		.ascii	"configuration\000"
 2436      69677572 
 2436      6174696F 
 2436      6E00
 2437              	.LASF172:
 2438 0893 696E5F6D 		.ascii	"in_multiplier\000"
 2438      756C7469 
 2438      706C6965 
 2438      7200
 2439              	.LASF108:
 2440 08a1 484E5054 		.ascii	"HNPTXSTS\000"
 2440      58535453 
 2440      00
 2441              	.LASF130:
 2442 08aa 72657376 		.ascii	"resvd80C\000"
 2442      64383043 
 2442      00
 2443              		.ident	"GCC: (Arm GNU Toolchain 11.3.Rel1) 11.3.1 20220712"
ARM GAS  C:\Users\DEVELO~1\AppData\Local\Temp\ccRUvqpW.s 			page 51


DEFINED SYMBOLS
                            *ABS*:00000000 usb_device.c
C:\Users\DEVELO~1\AppData\Local\Temp\ccRUvqpW.s:18     .text.usb_device_start:00000000 $t
C:\Users\DEVELO~1\AppData\Local\Temp\ccRUvqpW.s:24     .text.usb_device_start:00000000 usb_device_start
C:\Users\DEVELO~1\AppData\Local\Temp\ccRUvqpW.s:66     .text.usb_device_start:00000048 $d
C:\Users\DEVELO~1\AppData\Local\Temp\ccRUvqpW.s:72     .text.usb_device_active:00000000 $t
C:\Users\DEVELO~1\AppData\Local\Temp\ccRUvqpW.s:78     .text.usb_device_active:00000000 usb_device_active
C:\Users\DEVELO~1\AppData\Local\Temp\ccRUvqpW.s:106    .text.usb_device_active:00000014 $d

UNDEFINED SYMBOLS
chThdSleep
usbStart
USBD1
usbcfg
usb_midi_tx_ready
