ARM GAS  C:\Users\DEVELO~1\AppData\Local\Temp\ccjLlGMY.s 			page 1


   1              		.cpu cortex-m7
   2              		.arch armv7e-m
   3              		.fpu softvfp
   4              		.eabi_attribute 20, 1
   5              		.eabi_attribute 21, 1
   6              		.eabi_attribute 23, 3
   7              		.eabi_attribute 24, 1
   8              		.eabi_attribute 25, 1
   9              		.eabi_attribute 26, 1
  10              		.eabi_attribute 30, 2
  11              		.eabi_attribute 34, 1
  12              		.eabi_attribute 18, 4
  13              		.file	"chrfcu.c"
  14              		.text
  15              	.Ltext0:
  16              		.cfi_sections	.debug_frame
  17              		.section	.text.chRFCUCollectFaultsI,"ax",%progbits
  18              		.align	1
  19              		.p2align 4,,15
  20              		.global	chRFCUCollectFaultsI
  21              		.syntax unified
  22              		.thumb
  23              		.thumb_func
  24              		.type	chRFCUCollectFaultsI, %function
  25              	chRFCUCollectFaultsI:
  26              	.LVL0:
  27              	.LFB346:
  28              		.file 1 "../../../os/rt/src/chrfcu.c"
  29              		.loc 1 60 45 view -0
  30              		.cfi_startproc
  31              		@ args = 0, pretend = 0, frame = 0
  32              		@ frame_needed = 0, uses_anonymous_args = 0
  33              		@ link register save eliminated.
  34              		.loc 1 63 3 view .LVU1
  35              		.loc 1 63 23 is_stmt 0 view .LVU2
  36 0000 024A     		ldr	r2, .L3
  37 0002 536B     		ldr	r3, [r2, #52]
  38 0004 0343     		orrs	r3, r3, r0
  39 0006 5363     		str	r3, [r2, #52]
  40              		.loc 1 68 3 is_stmt 1 view .LVU3
  41              		.loc 1 68 35 view .LVU4
  42              		.loc 1 69 1 is_stmt 0 view .LVU5
  43 0008 7047     		bx	lr
  44              	.L4:
  45 000a 00BF     		.align	2
  46              	.L3:
  47 000c 00000000 		.word	ch0
  48              		.cfi_endproc
  49              	.LFE346:
  50              		.size	chRFCUCollectFaultsI, .-chRFCUCollectFaultsI
  51              		.section	.text.chRFCUGetAndClearFaultsI,"ax",%progbits
  52              		.align	1
  53              		.p2align 4,,15
  54              		.global	chRFCUGetAndClearFaultsI
  55              		.syntax unified
  56              		.thumb
  57              		.thumb_func
ARM GAS  C:\Users\DEVELO~1\AppData\Local\Temp\ccjLlGMY.s 			page 2


  58              		.type	chRFCUGetAndClearFaultsI, %function
  59              	chRFCUGetAndClearFaultsI:
  60              	.LVL1:
  61              	.LFB347:
  62              		.loc 1 79 56 is_stmt 1 view -0
  63              		.cfi_startproc
  64              		@ args = 0, pretend = 0, frame = 0
  65              		@ frame_needed = 0, uses_anonymous_args = 0
  66              		@ link register save eliminated.
  67              		.loc 1 80 3 view .LVU7
  68              		.loc 1 83 3 view .LVU8
  69              		.loc 1 85 3 view .LVU9
  70              		.loc 1 85 16 is_stmt 0 view .LVU10
  71 0000 034B     		ldr	r3, .L6
  72 0002 5A6B     		ldr	r2, [r3, #52]
  73              	.LVL2:
  74              		.loc 1 86 3 is_stmt 1 view .LVU11
  75              		.loc 1 86 18 is_stmt 0 view .LVU12
  76 0004 22EA0001 		bic	r1, r2, r0
  77              		.loc 1 94 1 view .LVU13
  78 0008 1040     		ands	r0, r0, r2
  79              	.LVL3:
  80              		.loc 1 86 18 view .LVU14
  81 000a 5963     		str	r1, [r3, #52]
  82              		.loc 1 93 3 is_stmt 1 view .LVU15
  83              		.loc 1 94 1 is_stmt 0 view .LVU16
  84 000c 7047     		bx	lr
  85              	.L7:
  86 000e 00BF     		.align	2
  87              	.L6:
  88 0010 00000000 		.word	ch0
  89              		.cfi_endproc
  90              	.LFE347:
  91              		.size	chRFCUGetAndClearFaultsI, .-chRFCUGetAndClearFaultsI
  92              		.text
  93              	.Letext0:
  94              		.file 2 "c:\\chibistudio\\tools\\gnu tools arm embedded\\11.3 2022.08\\arm-none-eabi\\include\\mac
  95              		.file 3 "c:\\chibistudio\\tools\\gnu tools arm embedded\\11.3 2022.08\\arm-none-eabi\\include\\sys
  96              		.file 4 "../../../os/common/ports/ARM-common/chtypes.h"
  97              		.file 5 "../../../os/rt/include/chearly.h"
  98              		.file 6 "../../../os/rt/include/chobjects.h"
  99              		.file 7 "../../../os/rt/include/chrfcu.h"
 100              		.file 8 "../../../os/rt/include/chdebug.h"
 101              		.file 9 "../../../os/rt/include/chtime.h"
 102              		.file 10 "../../../os/rt/include/chlists.h"
 103              		.file 11 "../../../os/rt/include/chtrace.h"
 104              		.file 12 "../../../os/common/ports/ARMv7-M/chcore.h"
 105              		.file 13 "../../../os/rt/include/chsem.h"
 106              		.file 14 "../../../os/rt/include/chmtx.h"
 107              		.file 15 "../../../os/rt/include/chsys.h"
 108              		.section	.debug_info,"",%progbits
 109              	.Ldebug_info0:
 110 0000 36090000 		.4byte	0x936
 111 0004 0500     		.2byte	0x5
 112 0006 01       		.byte	0x1
 113 0007 04       		.byte	0x4
 114 0008 00000000 		.4byte	.Ldebug_abbrev0
ARM GAS  C:\Users\DEVELO~1\AppData\Local\Temp\ccjLlGMY.s 			page 3


 115 000c 13       		.uleb128 0x13
 116 000d 06020000 		.4byte	.LASF122
 117 0011 1D       		.byte	0x1d
 118 0012 DA040000 		.4byte	.LASF123
 119 0016 2E000000 		.4byte	.LASF124
 120 001a 0C000000 		.4byte	.LLRL2
 121 001e 00000000 		.4byte	0
 122 0022 00000000 		.4byte	.Ldebug_line0
 123 0026 14       		.uleb128 0x14
 124 0027 04       		.byte	0x4
 125 0028 05       		.byte	0x5
 126 0029 696E7400 		.ascii	"int\000"
 127 002d 05       		.uleb128 0x5
 128 002e 04       		.byte	0x4
 129 002f 07       		.byte	0x7
 130 0030 AF010000 		.4byte	.LASF0
 131 0034 05       		.uleb128 0x5
 132 0035 08       		.byte	0x8
 133 0036 05       		.byte	0x5
 134 0037 D6000000 		.4byte	.LASF1
 135 003b 05       		.uleb128 0x5
 136 003c 08       		.byte	0x8
 137 003d 04       		.byte	0x4
 138 003e F6040000 		.4byte	.LASF2
 139 0042 05       		.uleb128 0x5
 140 0043 01       		.byte	0x1
 141 0044 06       		.byte	0x6
 142 0045 E4000000 		.4byte	.LASF3
 143 0049 01       		.uleb128 0x1
 144 004a 24000000 		.4byte	.LASF6
 145 004e 02       		.byte	0x2
 146 004f 2B       		.byte	0x2b
 147 0050 18       		.byte	0x18
 148 0051 55000000 		.4byte	0x55
 149 0055 05       		.uleb128 0x5
 150 0056 01       		.byte	0x1
 151 0057 08       		.byte	0x8
 152 0058 57040000 		.4byte	.LASF4
 153 005c 05       		.uleb128 0x5
 154 005d 02       		.byte	0x2
 155 005e 05       		.byte	0x5
 156 005f 6C040000 		.4byte	.LASF5
 157 0063 01       		.uleb128 0x1
 158 0064 15050000 		.4byte	.LASF7
 159 0068 02       		.byte	0x2
 160 0069 39       		.byte	0x39
 161 006a 19       		.byte	0x19
 162 006b 6F000000 		.4byte	0x6f
 163 006f 05       		.uleb128 0x5
 164 0070 02       		.byte	0x2
 165 0071 07       		.byte	0x7
 166 0072 D1020000 		.4byte	.LASF8
 167 0076 01       		.uleb128 0x1
 168 0077 3C030000 		.4byte	.LASF9
 169 007b 02       		.byte	0x2
 170 007c 4D       		.byte	0x4d
 171 007d 18       		.byte	0x18
ARM GAS  C:\Users\DEVELO~1\AppData\Local\Temp\ccjLlGMY.s 			page 4


 172 007e 82000000 		.4byte	0x82
 173 0082 05       		.uleb128 0x5
 174 0083 04       		.byte	0x4
 175 0084 05       		.byte	0x5
 176 0085 1B010000 		.4byte	.LASF10
 177 0089 01       		.uleb128 0x1
 178 008a 62010000 		.4byte	.LASF11
 179 008e 02       		.byte	0x2
 180 008f 4F       		.byte	0x4f
 181 0090 19       		.byte	0x19
 182 0091 95000000 		.4byte	0x95
 183 0095 05       		.uleb128 0x5
 184 0096 04       		.byte	0x4
 185 0097 07       		.byte	0x7
 186 0098 E2010000 		.4byte	.LASF12
 187 009c 01       		.uleb128 0x1
 188 009d 0A040000 		.4byte	.LASF13
 189 00a1 02       		.byte	0x2
 190 00a2 69       		.byte	0x69
 191 00a3 19       		.byte	0x19
 192 00a4 A8000000 		.4byte	0xa8
 193 00a8 05       		.uleb128 0x5
 194 00a9 08       		.byte	0x8
 195 00aa 07       		.byte	0x7
 196 00ab FE000000 		.4byte	.LASF14
 197 00af 01       		.uleb128 0x1
 198 00b0 D6050000 		.4byte	.LASF15
 199 00b4 03       		.byte	0x3
 200 00b5 18       		.byte	0x18
 201 00b6 13       		.byte	0x13
 202 00b7 49000000 		.4byte	0x49
 203 00bb 01       		.uleb128 0x1
 204 00bc 3E010000 		.4byte	.LASF16
 205 00c0 03       		.byte	0x3
 206 00c1 24       		.byte	0x24
 207 00c2 14       		.byte	0x14
 208 00c3 63000000 		.4byte	0x63
 209 00c7 01       		.uleb128 0x1
 210 00c8 4F040000 		.4byte	.LASF17
 211 00cc 03       		.byte	0x3
 212 00cd 2C       		.byte	0x2c
 213 00ce 13       		.byte	0x13
 214 00cf 76000000 		.4byte	0x76
 215 00d3 01       		.uleb128 0x1
 216 00d4 B4040000 		.4byte	.LASF18
 217 00d8 03       		.byte	0x3
 218 00d9 30       		.byte	0x30
 219 00da 14       		.byte	0x14
 220 00db 89000000 		.4byte	0x89
 221 00df 01       		.uleb128 0x1
 222 00e0 CC030000 		.4byte	.LASF19
 223 00e4 03       		.byte	0x3
 224 00e5 3C       		.byte	0x3c
 225 00e6 14       		.byte	0x14
 226 00e7 9C000000 		.4byte	0x9c
 227 00eb 10       		.uleb128 0x10
 228 00ec DF000000 		.4byte	0xdf
ARM GAS  C:\Users\DEVELO~1\AppData\Local\Temp\ccjLlGMY.s 			page 5


 229 00f0 01       		.uleb128 0x1
 230 00f1 C4040000 		.4byte	.LASF20
 231 00f5 04       		.byte	0x4
 232 00f6 48       		.byte	0x48
 233 00f7 1D       		.byte	0x1d
 234 00f8 DF000000 		.4byte	0xdf
 235 00fc 01       		.uleb128 0x1
 236 00fd 5C030000 		.4byte	.LASF21
 237 0101 05       		.byte	0x5
 238 0102 50       		.byte	0x50
 239 0103 19       		.byte	0x19
 240 0104 F0000000 		.4byte	0xf0
 241 0108 01       		.uleb128 0x1
 242 0109 FD020000 		.4byte	.LASF22
 243 010d 05       		.byte	0x5
 244 010e 53       		.byte	0x53
 245 010f 19       		.byte	0x19
 246 0110 AF000000 		.4byte	0xaf
 247 0114 01       		.uleb128 0x1
 248 0115 24010000 		.4byte	.LASF23
 249 0119 05       		.byte	0x5
 250 011a 54       		.byte	0x54
 251 011b 19       		.byte	0x19
 252 011c AF000000 		.4byte	0xaf
 253 0120 01       		.uleb128 0x1
 254 0121 1F040000 		.4byte	.LASF24
 255 0125 05       		.byte	0x5
 256 0126 55       		.byte	0x55
 257 0127 19       		.byte	0x19
 258 0128 AF000000 		.4byte	0xaf
 259 012c 01       		.uleb128 0x1
 260 012d 31040000 		.4byte	.LASF25
 261 0131 05       		.byte	0x5
 262 0132 57       		.byte	0x57
 263 0133 19       		.byte	0x19
 264 0134 D3000000 		.4byte	0xd3
 265 0138 01       		.uleb128 0x1
 266 0139 EE020000 		.4byte	.LASF26
 267 013d 05       		.byte	0x5
 268 013e 58       		.byte	0x58
 269 013f 19       		.byte	0x19
 270 0140 C7000000 		.4byte	0xc7
 271 0144 01       		.uleb128 0x1
 272 0145 1B030000 		.4byte	.LASF27
 273 0149 05       		.byte	0x5
 274 014a 5A       		.byte	0x5a
 275 014b 19       		.byte	0x19
 276 014c D3000000 		.4byte	0xd3
 277 0150 01       		.uleb128 0x1
 278 0151 A0010000 		.4byte	.LASF28
 279 0155 05       		.byte	0x5
 280 0156 5C       		.byte	0x5c
 281 0157 19       		.byte	0x19
 282 0158 C7000000 		.4byte	0xc7
 283 015c 01       		.uleb128 0x1
 284 015d 15040000 		.4byte	.LASF29
 285 0161 05       		.byte	0x5
ARM GAS  C:\Users\DEVELO~1\AppData\Local\Temp\ccjLlGMY.s 			page 6


 286 0162 80       		.byte	0x80
 287 0163 12       		.byte	0x12
 288 0164 2D000000 		.4byte	0x2d
 289 0168 01       		.uleb128 0x1
 290 0169 20050000 		.4byte	.LASF30
 291 016d 05       		.byte	0x5
 292 016e 85       		.byte	0x85
 293 016f 1A       		.byte	0x1a
 294 0170 74010000 		.4byte	0x174
 295 0174 07       		.uleb128 0x7
 296 0175 E4020000 		.4byte	.LASF45
 297 0179 48       		.byte	0x48
 298 017a 06       		.byte	0x6
 299 017b 9C       		.byte	0x9c
 300 017c 08       		.byte	0x8
 301 017d 51020000 		.4byte	0x251
 302 0181 08       		.uleb128 0x8
 303 0182 68647200 		.ascii	"hdr\000"
 304 0186 06       		.byte	0x6
 305 0187 AD       		.byte	0xad
 306 0188 05       		.byte	0x5
 307 0189 01070000 		.4byte	0x701
 308 018d 00       		.byte	0
 309 018e 08       		.uleb128 0x8
 310 018f 63747800 		.ascii	"ctx\000"
 311 0193 06       		.byte	0x6
 312 0194 B1       		.byte	0xb1
 313 0195 21       		.byte	0x21
 314 0196 6C060000 		.4byte	0x66c
 315 019a 0C       		.byte	0xc
 316 019b 02       		.uleb128 0x2
 317 019c F4010000 		.4byte	.LASF31
 318 01a0 06       		.byte	0x6
 319 01a1 B6       		.byte	0xb6
 320 01a2 21       		.byte	0x21
 321 01a3 97030000 		.4byte	0x397
 322 01a7 10       		.byte	0x10
 323 01a8 02       		.uleb128 0x2
 324 01a9 D4040000 		.4byte	.LASF32
 325 01ad 06       		.byte	0x6
 326 01ae BB       		.byte	0xbb
 327 01af 22       		.byte	0x22
 328 01b0 03080000 		.4byte	0x803
 329 01b4 18       		.byte	0x18
 330 01b5 02       		.uleb128 0x2
 331 01b6 BB020000 		.4byte	.LASF33
 332 01ba 06       		.byte	0x6
 333 01bb C0       		.byte	0xc0
 334 01bc 22       		.byte	0x22
 335 01bd 31030000 		.4byte	0x331
 336 01c1 1C       		.byte	0x1c
 337 01c2 02       		.uleb128 0x2
 338 01c3 02050000 		.4byte	.LASF34
 339 01c7 06       		.byte	0x6
 340 01c8 C9       		.byte	0xc9
 341 01c9 22       		.byte	0x22
 342 01ca 08080000 		.4byte	0x808
ARM GAS  C:\Users\DEVELO~1\AppData\Local\Temp\ccjLlGMY.s 			page 7


 343 01ce 20       		.byte	0x20
 344 01cf 02       		.uleb128 0x2
 345 01d0 15010000 		.4byte	.LASF35
 346 01d4 06       		.byte	0x6
 347 01d5 CE       		.byte	0xce
 348 01d6 21       		.byte	0x21
 349 01d7 14010000 		.4byte	0x114
 350 01db 24       		.byte	0x24
 351 01dc 02       		.uleb128 0x2
 352 01dd DE050000 		.4byte	.LASF36
 353 01e1 06       		.byte	0x6
 354 01e2 D2       		.byte	0xd2
 355 01e3 21       		.byte	0x21
 356 01e4 08010000 		.4byte	0x108
 357 01e8 25       		.byte	0x25
 358 01e9 02       		.uleb128 0x2
 359 01ea 27040000 		.4byte	.LASF37
 360 01ee 06       		.byte	0x6
 361 01ef D7       		.byte	0xd7
 362 01f0 21       		.byte	0x21
 363 01f1 20010000 		.4byte	0x120
 364 01f5 26       		.byte	0x26
 365 01f6 06       		.uleb128 0x6
 366 01f7 7500     		.ascii	"u\000"
 367 01f9 06       		.byte	0x6
 368 01fa 2801     		.2byte	0x128
 369 01fc 21       		.byte	0x21
 370 01fd 2E070000 		.4byte	0x72e
 371 0201 28       		.byte	0x28
 372 0202 03       		.uleb128 0x3
 373 0203 72010000 		.4byte	.LASF38
 374 0207 2D01     		.2byte	0x12d
 375 0209 21       		.byte	0x21
 376 020a 6B030000 		.4byte	0x36b
 377 020e 2C       		.byte	0x2c
 378 020f 03       		.uleb128 0x3
 379 0210 A6010000 		.4byte	.LASF39
 380 0214 3301     		.2byte	0x133
 381 0216 21       		.byte	0x21
 382 0217 97030000 		.4byte	0x397
 383 021b 30       		.byte	0x30
 384 021c 03       		.uleb128 0x3
 385 021d F4020000 		.4byte	.LASF40
 386 0221 3901     		.2byte	0x139
 387 0223 21       		.byte	0x21
 388 0224 44010000 		.4byte	0x144
 389 0228 38       		.byte	0x38
 390 0229 03       		.uleb128 0x3
 391 022a 0E060000 		.4byte	.LASF41
 392 022e 4001     		.2byte	0x140
 393 0230 22       		.byte	0x22
 394 0231 FE070000 		.4byte	0x7fe
 395 0235 3C       		.byte	0x3c
 396 0236 03       		.uleb128 0x3
 397 0237 79030000 		.4byte	.LASF42
 398 023b 4401     		.2byte	0x144
 399 023d 21       		.byte	0x21
ARM GAS  C:\Users\DEVELO~1\AppData\Local\Temp\ccjLlGMY.s 			page 8


 400 023e 2C010000 		.4byte	0x12c
 401 0242 40       		.byte	0x40
 402 0243 03       		.uleb128 0x3
 403 0244 C6020000 		.4byte	.LASF43
 404 0248 4B01     		.2byte	0x14b
 405 024a 22       		.byte	0x22
 406 024b 84040000 		.4byte	0x484
 407 024f 44       		.byte	0x44
 408 0250 00       		.byte	0
 409 0251 01       		.uleb128 0x1
 410 0252 74050000 		.4byte	.LASF44
 411 0256 05       		.byte	0x5
 412 0257 8A       		.byte	0x8a
 413 0258 1F       		.byte	0x1f
 414 0259 5D020000 		.4byte	0x25d
 415 025d 15       		.uleb128 0x15
 416 025e 65050000 		.4byte	.LASF46
 417 0262 9008     		.2byte	0x890
 418 0264 06       		.byte	0x6
 419 0265 8A01     		.2byte	0x18a
 420 0267 08       		.byte	0x8
 421 0268 E3020000 		.4byte	0x2e3
 422 026c 03       		.uleb128 0x3
 423 026d D0050000 		.4byte	.LASF47
 424 0271 8E01     		.2byte	0x18e
 425 0273 21       		.byte	0x21
 426 0274 36080000 		.4byte	0x836
 427 0278 00       		.byte	0
 428 0279 03       		.uleb128 0x3
 429 027a 90000000 		.4byte	.LASF48
 430 027e 9201     		.2byte	0x192
 431 0280 21       		.byte	0x21
 432 0281 C2060000 		.4byte	0x6c2
 433 0285 10       		.byte	0x10
 434 0286 03       		.uleb128 0x3
 435 0287 82050000 		.4byte	.LASF49
 436 028b 9901     		.2byte	0x199
 437 028d 21       		.byte	0x21
 438 028e E9060000 		.4byte	0x6e9
 439 0292 28       		.byte	0x28
 440 0293 03       		.uleb128 0x3
 441 0294 8D040000 		.4byte	.LASF50
 442 0298 9E01     		.2byte	0x19e
 443 029a 21       		.byte	0x21
 444 029b 5C010000 		.4byte	0x15c
 445 029f 30       		.byte	0x30
 446 02a0 03       		.uleb128 0x3
 447 02a1 1F000000 		.4byte	.LASF51
 448 02a5 A401     		.2byte	0x1a4
 449 02a7 21       		.byte	0x21
 450 02a8 0A030000 		.4byte	0x30a
 451 02ac 34       		.byte	0x34
 452 02ad 03       		.uleb128 0x3
 453 02ae 0E050000 		.4byte	.LASF52
 454 02b2 A901     		.2byte	0x1a9
 455 02b4 22       		.byte	0x22
 456 02b5 A1080000 		.4byte	0x8a1
ARM GAS  C:\Users\DEVELO~1\AppData\Local\Temp\ccjLlGMY.s 			page 9


 457 02b9 38       		.byte	0x38
 458 02ba 03       		.uleb128 0x3
 459 02bb B8000000 		.4byte	.LASF53
 460 02bf AD01     		.2byte	0x1ad
 461 02c1 21       		.byte	0x21
 462 02c2 68010000 		.4byte	0x168
 463 02c6 3C       		.byte	0x3c
 464 02c7 06       		.uleb128 0x6
 465 02c8 64626700 		.ascii	"dbg\000"
 466 02cc 06       		.byte	0x6
 467 02cd B101     		.2byte	0x1b1
 468 02cf 21       		.byte	0x21
 469 02d0 47030000 		.4byte	0x347
 470 02d4 84       		.byte	0x84
 471 02d5 03       		.uleb128 0x3
 472 02d6 ED050000 		.4byte	.LASF54
 473 02da B601     		.2byte	0x1b6
 474 02dc 21       		.byte	0x21
 475 02dd DA050000 		.4byte	0x5da
 476 02e1 88       		.byte	0x88
 477 02e2 00       		.byte	0
 478 02e3 01       		.uleb128 0x1
 479 02e4 82030000 		.4byte	.LASF55
 480 02e8 07       		.byte	0x7
 481 02e9 3F       		.byte	0x3f
 482 02ea 12       		.byte	0x12
 483 02eb D3000000 		.4byte	0xd3
 484 02ef 07       		.uleb128 0x7
 485 02f0 2D010000 		.4byte	.LASF56
 486 02f4 04       		.byte	0x4
 487 02f5 07       		.byte	0x7
 488 02f6 44       		.byte	0x44
 489 02f7 10       		.byte	0x10
 490 02f8 0A030000 		.4byte	0x30a
 491 02fc 02       		.uleb128 0x2
 492 02fd 6D010000 		.4byte	.LASF57
 493 0301 07       		.byte	0x7
 494 0302 48       		.byte	0x48
 495 0303 21       		.byte	0x21
 496 0304 E3020000 		.4byte	0x2e3
 497 0308 00       		.byte	0
 498 0309 00       		.byte	0
 499 030a 01       		.uleb128 0x1
 500 030b 65040000 		.4byte	.LASF58
 501 030f 07       		.byte	0x7
 502 0310 49       		.byte	0x49
 503 0311 03       		.byte	0x3
 504 0312 EF020000 		.4byte	0x2ef
 505 0316 07       		.uleb128 0x7
 506 0317 39040000 		.4byte	.LASF59
 507 031b 04       		.byte	0x4
 508 031c 08       		.byte	0x8
 509 031d 3E       		.byte	0x3e
 510 031e 10       		.byte	0x10
 511 031f 31030000 		.4byte	0x331
 512 0323 02       		.uleb128 0x2
 513 0324 54050000 		.4byte	.LASF60
ARM GAS  C:\Users\DEVELO~1\AppData\Local\Temp\ccjLlGMY.s 			page 10


 514 0328 08       		.byte	0x8
 515 0329 46       		.byte	0x46
 516 032a 24       		.byte	0x24
 517 032b 36030000 		.4byte	0x336
 518 032f 00       		.byte	0
 519 0330 00       		.byte	0
 520 0331 04       		.uleb128 0x4
 521 0332 42030000 		.4byte	0x342
 522 0336 10       		.uleb128 0x10
 523 0337 31030000 		.4byte	0x331
 524 033b 05       		.uleb128 0x5
 525 033c 01       		.byte	0x1
 526 033d 08       		.byte	0x8
 527 033e 09050000 		.4byte	.LASF61
 528 0342 11       		.uleb128 0x11
 529 0343 3B030000 		.4byte	0x33b
 530 0347 01       		.uleb128 0x1
 531 0348 D3010000 		.4byte	.LASF62
 532 034c 08       		.byte	0x8
 533 034d 51       		.byte	0x51
 534 034e 03       		.byte	0x3
 535 034f 16030000 		.4byte	0x316
 536 0353 01       		.uleb128 0x1
 537 0354 2F050000 		.4byte	.LASF63
 538 0358 09       		.byte	0x9
 539 0359 6D       		.byte	0x6d
 540 035a 12       		.byte	0x12
 541 035b D3000000 		.4byte	0xd3
 542 035f 01       		.uleb128 0x1
 543 0360 92010000 		.4byte	.LASF64
 544 0364 09       		.byte	0x9
 545 0365 79       		.byte	0x79
 546 0366 12       		.byte	0x12
 547 0367 D3000000 		.4byte	0xd3
 548 036b 01       		.uleb128 0x1
 549 036c B8030000 		.4byte	.LASF65
 550 0370 0A       		.byte	0xa
 551 0371 32       		.byte	0x32
 552 0372 18       		.byte	0x18
 553 0373 77030000 		.4byte	0x377
 554 0377 07       		.uleb128 0x7
 555 0378 05030000 		.4byte	.LASF66
 556 037c 04       		.byte	0x4
 557 037d 0A       		.byte	0xa
 558 037e 38       		.byte	0x38
 559 037f 08       		.byte	0x8
 560 0380 92030000 		.4byte	0x392
 561 0384 02       		.uleb128 0x2
 562 0385 D1000000 		.4byte	.LASF67
 563 0389 0A       		.byte	0xa
 564 038a 39       		.byte	0x39
 565 038b 1A       		.byte	0x1a
 566 038c 92030000 		.4byte	0x392
 567 0390 00       		.byte	0
 568 0391 00       		.byte	0
 569 0392 04       		.uleb128 0x4
 570 0393 6B030000 		.4byte	0x36b
ARM GAS  C:\Users\DEVELO~1\AppData\Local\Temp\ccjLlGMY.s 			page 11


 571 0397 01       		.uleb128 0x1
 572 0398 FB010000 		.4byte	.LASF68
 573 039c 0A       		.byte	0xa
 574 039d 3F       		.byte	0x3f
 575 039e 19       		.byte	0x19
 576 039f A3030000 		.4byte	0x3a3
 577 03a3 07       		.uleb128 0x7
 578 03a4 35010000 		.4byte	.LASF69
 579 03a8 08       		.byte	0x8
 580 03a9 0A       		.byte	0xa
 581 03aa 45       		.byte	0x45
 582 03ab 08       		.byte	0x8
 583 03ac CB030000 		.4byte	0x3cb
 584 03b0 02       		.uleb128 0x2
 585 03b1 D1000000 		.4byte	.LASF67
 586 03b5 0A       		.byte	0xa
 587 03b6 46       		.byte	0x46
 588 03b7 1A       		.byte	0x1a
 589 03b8 CB030000 		.4byte	0x3cb
 590 03bc 00       		.byte	0
 591 03bd 02       		.uleb128 0x2
 592 03be 00000000 		.4byte	.LASF70
 593 03c2 0A       		.byte	0xa
 594 03c3 47       		.byte	0x47
 595 03c4 1A       		.byte	0x1a
 596 03c5 CB030000 		.4byte	0x3cb
 597 03c9 04       		.byte	0x4
 598 03ca 00       		.byte	0
 599 03cb 04       		.uleb128 0x4
 600 03cc 97030000 		.4byte	0x397
 601 03d0 01       		.uleb128 0x1
 602 03d1 40050000 		.4byte	.LASF71
 603 03d5 0A       		.byte	0xa
 604 03d6 4E       		.byte	0x4e
 605 03d7 22       		.byte	0x22
 606 03d8 DC030000 		.4byte	0x3dc
 607 03dc 07       		.uleb128 0x7
 608 03dd 8A050000 		.4byte	.LASF72
 609 03e1 0C       		.byte	0xc
 610 03e2 0A       		.byte	0xa
 611 03e3 55       		.byte	0x55
 612 03e4 08       		.byte	0x8
 613 03e5 11040000 		.4byte	0x411
 614 03e9 02       		.uleb128 0x2
 615 03ea D1000000 		.4byte	.LASF67
 616 03ee 0A       		.byte	0xa
 617 03ef 56       		.byte	0x56
 618 03f0 1A       		.byte	0x1a
 619 03f1 11040000 		.4byte	0x411
 620 03f5 00       		.byte	0
 621 03f6 02       		.uleb128 0x2
 622 03f7 00000000 		.4byte	.LASF70
 623 03fb 0A       		.byte	0xa
 624 03fc 57       		.byte	0x57
 625 03fd 1A       		.byte	0x1a
 626 03fe 11040000 		.4byte	0x411
 627 0402 04       		.byte	0x4
ARM GAS  C:\Users\DEVELO~1\AppData\Local\Temp\ccjLlGMY.s 			page 12


 628 0403 02       		.uleb128 0x2
 629 0404 FD030000 		.4byte	.LASF73
 630 0408 0A       		.byte	0xa
 631 0409 58       		.byte	0x58
 632 040a 19       		.byte	0x19
 633 040b 2C010000 		.4byte	0x12c
 634 040f 08       		.byte	0x8
 635 0410 00       		.byte	0
 636 0411 04       		.uleb128 0x4
 637 0412 D0030000 		.4byte	0x3d0
 638 0416 01       		.uleb128 0x1
 639 0417 9C050000 		.4byte	.LASF74
 640 041b 0A       		.byte	0xa
 641 041c 5F       		.byte	0x5f
 642 041d 1E       		.byte	0x1e
 643 041e 22040000 		.4byte	0x422
 644 0422 07       		.uleb128 0x7
 645 0423 F0000000 		.4byte	.LASF75
 646 0427 0C       		.byte	0xc
 647 0428 0A       		.byte	0xa
 648 0429 64       		.byte	0x64
 649 042a 08       		.byte	0x8
 650 042b 57040000 		.4byte	0x457
 651 042f 02       		.uleb128 0x2
 652 0430 D1000000 		.4byte	.LASF67
 653 0434 0A       		.byte	0xa
 654 0435 65       		.byte	0x65
 655 0436 1A       		.byte	0x1a
 656 0437 57040000 		.4byte	0x457
 657 043b 00       		.byte	0
 658 043c 02       		.uleb128 0x2
 659 043d 00000000 		.4byte	.LASF70
 660 0441 0A       		.byte	0xa
 661 0442 66       		.byte	0x66
 662 0443 1A       		.byte	0x1a
 663 0444 57040000 		.4byte	0x457
 664 0448 04       		.byte	0x4
 665 0449 02       		.uleb128 0x2
 666 044a CB000000 		.4byte	.LASF76
 667 044e 0A       		.byte	0xa
 668 044f 67       		.byte	0x67
 669 0450 19       		.byte	0x19
 670 0451 5F030000 		.4byte	0x35f
 671 0455 08       		.byte	0x8
 672 0456 00       		.byte	0
 673 0457 04       		.uleb128 0x4
 674 0458 16040000 		.4byte	0x416
 675 045c 0A       		.uleb128 0xa
 676 045d 08       		.byte	0x8
 677 045e 83       		.byte	0x83
 678 045f 05       		.byte	0x5
 679 0460 7F040000 		.4byte	0x47f
 680 0464 08       		.uleb128 0x8
 681 0465 6E747000 		.ascii	"ntp\000"
 682 0469 0B       		.byte	0xb
 683 046a 87       		.byte	0x87
 684 046b 1E       		.byte	0x1e
ARM GAS  C:\Users\DEVELO~1\AppData\Local\Temp\ccjLlGMY.s 			page 13


 685 046c 7F040000 		.4byte	0x47f
 686 0470 00       		.byte	0
 687 0471 02       		.uleb128 0x2
 688 0472 7F040000 		.4byte	.LASF77
 689 0476 0B       		.byte	0xb
 690 0477 8B       		.byte	0x8b
 691 0478 1E       		.byte	0x1e
 692 0479 84040000 		.4byte	0x484
 693 047d 04       		.byte	0x4
 694 047e 00       		.byte	0
 695 047f 04       		.uleb128 0x4
 696 0480 68010000 		.4byte	0x168
 697 0484 16       		.uleb128 0x16
 698 0485 04       		.byte	0x4
 699 0486 0A       		.uleb128 0xa
 700 0487 08       		.byte	0x8
 701 0488 90       		.byte	0x90
 702 0489 05       		.byte	0x5
 703 048a A8040000 		.4byte	0x4a8
 704 048e 08       		.uleb128 0x8
 705 048f 747000   		.ascii	"tp\000"
 706 0492 0B       		.byte	0xb
 707 0493 94       		.byte	0x94
 708 0494 1E       		.byte	0x1e
 709 0495 7F040000 		.4byte	0x47f
 710 0499 00       		.byte	0
 711 049a 08       		.uleb128 0x8
 712 049b 6D736700 		.ascii	"msg\000"
 713 049f 0B       		.byte	0xb
 714 04a0 98       		.byte	0x98
 715 04a1 1D       		.byte	0x1d
 716 04a2 38010000 		.4byte	0x138
 717 04a6 04       		.byte	0x4
 718 04a7 00       		.byte	0
 719 04a8 0A       		.uleb128 0xa
 720 04a9 04       		.byte	0x4
 721 04aa 9D       		.byte	0x9d
 722 04ab 05       		.byte	0x5
 723 04ac BE040000 		.4byte	0x4be
 724 04b0 02       		.uleb128 0x2
 725 04b1 BB020000 		.4byte	.LASF33
 726 04b5 0B       		.byte	0xb
 727 04b6 A1       		.byte	0xa1
 728 04b7 1E       		.byte	0x1e
 729 04b8 31030000 		.4byte	0x331
 730 04bc 00       		.byte	0
 731 04bd 00       		.byte	0
 732 04be 0A       		.uleb128 0xa
 733 04bf 04       		.byte	0x4
 734 04c0 A6       		.byte	0xa6
 735 04c1 05       		.byte	0x5
 736 04c2 D4040000 		.4byte	0x4d4
 737 04c6 02       		.uleb128 0x2
 738 04c7 95040000 		.4byte	.LASF78
 739 04cb 0B       		.byte	0xb
 740 04cc AA       		.byte	0xaa
 741 04cd 1E       		.byte	0x1e
ARM GAS  C:\Users\DEVELO~1\AppData\Local\Temp\ccjLlGMY.s 			page 14


 742 04ce 31030000 		.4byte	0x331
 743 04d2 00       		.byte	0
 744 04d3 00       		.byte	0
 745 04d4 0A       		.uleb128 0xa
 746 04d5 08       		.byte	0x8
 747 04d6 AF       		.byte	0xaf
 748 04d7 05       		.byte	0x5
 749 04d8 F7040000 		.4byte	0x4f7
 750 04dc 08       		.uleb128 0x8
 751 04dd 75703100 		.ascii	"up1\000"
 752 04e1 0B       		.byte	0xb
 753 04e2 B3       		.byte	0xb3
 754 04e3 1E       		.byte	0x1e
 755 04e4 84040000 		.4byte	0x484
 756 04e8 00       		.byte	0
 757 04e9 08       		.uleb128 0x8
 758 04ea 75703200 		.ascii	"up2\000"
 759 04ee 0B       		.byte	0xb
 760 04ef B7       		.byte	0xb7
 761 04f0 1E       		.byte	0x1e
 762 04f1 84040000 		.4byte	0x484
 763 04f5 04       		.byte	0x4
 764 04f6 00       		.byte	0
 765 04f7 0D       		.uleb128 0xd
 766 04f8 08       		.byte	0x8
 767 04f9 0B       		.byte	0xb
 768 04fa 7F       		.byte	0x7f
 769 04fb 35050000 		.4byte	0x535
 770 04ff 0E       		.uleb128 0xe
 771 0500 737700   		.ascii	"sw\000"
 772 0503 8C       		.byte	0x8c
 773 0504 5C040000 		.4byte	0x45c
 774 0508 0E       		.uleb128 0xe
 775 0509 72647900 		.ascii	"rdy\000"
 776 050d 99       		.byte	0x99
 777 050e 86040000 		.4byte	0x486
 778 0512 0E       		.uleb128 0xe
 779 0513 69737200 		.ascii	"isr\000"
 780 0517 A2       		.byte	0xa2
 781 0518 A8040000 		.4byte	0x4a8
 782 051c 09       		.uleb128 0x9
 783 051d AA000000 		.4byte	.LASF79
 784 0521 0B       		.byte	0xb
 785 0522 AB       		.byte	0xab
 786 0523 07       		.byte	0x7
 787 0524 BE040000 		.4byte	0x4be
 788 0528 09       		.uleb128 0x9
 789 0529 2C040000 		.4byte	.LASF80
 790 052d 0B       		.byte	0xb
 791 052e B8       		.byte	0xb8
 792 052f 07       		.byte	0x7
 793 0530 D4040000 		.4byte	0x4d4
 794 0534 00       		.byte	0
 795 0535 0A       		.uleb128 0xa
 796 0536 10       		.byte	0x10
 797 0537 6C       		.byte	0x6c
 798 0538 09       		.byte	0x9
ARM GAS  C:\Users\DEVELO~1\AppData\Local\Temp\ccjLlGMY.s 			page 15


 799 0539 7A050000 		.4byte	0x57a
 800 053d 0F       		.uleb128 0xf
 801 053e 97000000 		.4byte	.LASF81
 802 0542 70       		.byte	0x70
 803 0543 D3000000 		.4byte	0xd3
 804 0547 03       		.byte	0x3
 805 0548 00       		.byte	0
 806 0549 0F       		.uleb128 0xf
 807 054a 15010000 		.4byte	.LASF35
 808 054e 74       		.byte	0x74
 809 054f D3000000 		.4byte	0xd3
 810 0553 05       		.byte	0x5
 811 0554 03       		.byte	0x3
 812 0555 0F       		.uleb128 0xf
 813 0556 67030000 		.4byte	.LASF82
 814 055a 7A       		.byte	0x7a
 815 055b D3000000 		.4byte	0xd3
 816 055f 18       		.byte	0x18
 817 0560 08       		.byte	0x8
 818 0561 02       		.uleb128 0x2
 819 0562 F8030000 		.4byte	.LASF83
 820 0566 0B       		.byte	0xb
 821 0567 7E       		.byte	0x7e
 822 0568 19       		.byte	0x19
 823 0569 53030000 		.4byte	0x353
 824 056d 04       		.byte	0x4
 825 056e 08       		.uleb128 0x8
 826 056f 7500     		.ascii	"u\000"
 827 0571 0B       		.byte	0xb
 828 0572 B9       		.byte	0xb9
 829 0573 05       		.byte	0x5
 830 0574 F7040000 		.4byte	0x4f7
 831 0578 08       		.byte	0x8
 832 0579 00       		.byte	0
 833 057a 01       		.uleb128 0x1
 834 057b 9C000000 		.4byte	.LASF84
 835 057f 0B       		.byte	0xb
 836 0580 BA       		.byte	0xba
 837 0581 03       		.byte	0x3
 838 0582 35050000 		.4byte	0x535
 839 0586 17       		.uleb128 0x17
 840 0587 0808     		.2byte	0x808
 841 0589 0B       		.byte	0xb
 842 058a C0       		.byte	0xc0
 843 058b 09       		.byte	0x9
 844 058c C5050000 		.4byte	0x5c5
 845 0590 02       		.uleb128 0x2
 846 0591 C2030000 		.4byte	.LASF85
 847 0595 0B       		.byte	0xb
 848 0596 C4       		.byte	0xc4
 849 0597 19       		.byte	0x19
 850 0598 BB000000 		.4byte	0xbb
 851 059c 00       		.byte	0
 852 059d 02       		.uleb128 0x2
 853 059e CC020000 		.4byte	.LASF86
 854 05a2 0B       		.byte	0xb
 855 05a3 C8       		.byte	0xc8
ARM GAS  C:\Users\DEVELO~1\AppData\Local\Temp\ccjLlGMY.s 			page 16


 856 05a4 19       		.byte	0x19
 857 05a5 BB000000 		.4byte	0xbb
 858 05a9 02       		.byte	0x2
 859 05aa 08       		.uleb128 0x8
 860 05ab 70747200 		.ascii	"ptr\000"
 861 05af 0B       		.byte	0xb
 862 05b0 CC       		.byte	0xcc
 863 05b1 1A       		.byte	0x1a
 864 05b2 C5050000 		.4byte	0x5c5
 865 05b6 04       		.byte	0x4
 866 05b7 02       		.uleb128 0x2
 867 05b8 39050000 		.4byte	.LASF87
 868 05bc 0B       		.byte	0xb
 869 05bd D0       		.byte	0xd0
 870 05be 19       		.byte	0x19
 871 05bf CA050000 		.4byte	0x5ca
 872 05c3 08       		.byte	0x8
 873 05c4 00       		.byte	0
 874 05c5 04       		.uleb128 0x4
 875 05c6 7A050000 		.4byte	0x57a
 876 05ca 18       		.uleb128 0x18
 877 05cb 7A050000 		.4byte	0x57a
 878 05cf DA050000 		.4byte	0x5da
 879 05d3 19       		.uleb128 0x19
 880 05d4 2D000000 		.4byte	0x2d
 881 05d8 7F       		.byte	0x7f
 882 05d9 00       		.byte	0
 883 05da 01       		.uleb128 0x1
 884 05db 47010000 		.4byte	.LASF88
 885 05df 0B       		.byte	0xb
 886 05e0 D1       		.byte	0xd1
 887 05e1 03       		.byte	0x3
 888 05e2 86050000 		.4byte	0x586
 889 05e6 0C       		.uleb128 0xc
 890 05e7 84000000 		.4byte	.LASF89
 891 05eb 24       		.byte	0x24
 892 05ec 0C       		.byte	0xc
 893 05ed E001     		.2byte	0x1e0
 894 05ef 08       		.byte	0x8
 895 05f0 6C060000 		.4byte	0x66c
 896 05f4 06       		.uleb128 0x6
 897 05f5 723400   		.ascii	"r4\000"
 898 05f8 0C       		.byte	0xc
 899 05f9 F901     		.2byte	0x1f9
 900 05fb 11       		.byte	0x11
 901 05fc D3000000 		.4byte	0xd3
 902 0600 00       		.byte	0
 903 0601 06       		.uleb128 0x6
 904 0602 723500   		.ascii	"r5\000"
 905 0605 0C       		.byte	0xc
 906 0606 FA01     		.2byte	0x1fa
 907 0608 11       		.byte	0x11
 908 0609 D3000000 		.4byte	0xd3
 909 060d 04       		.byte	0x4
 910 060e 06       		.uleb128 0x6
 911 060f 723600   		.ascii	"r6\000"
 912 0612 0C       		.byte	0xc
ARM GAS  C:\Users\DEVELO~1\AppData\Local\Temp\ccjLlGMY.s 			page 17


 913 0613 FB01     		.2byte	0x1fb
 914 0615 11       		.byte	0x11
 915 0616 D3000000 		.4byte	0xd3
 916 061a 08       		.byte	0x8
 917 061b 06       		.uleb128 0x6
 918 061c 723700   		.ascii	"r7\000"
 919 061f 0C       		.byte	0xc
 920 0620 FC01     		.2byte	0x1fc
 921 0622 11       		.byte	0x11
 922 0623 D3000000 		.4byte	0xd3
 923 0627 0C       		.byte	0xc
 924 0628 06       		.uleb128 0x6
 925 0629 723800   		.ascii	"r8\000"
 926 062c 0C       		.byte	0xc
 927 062d FD01     		.2byte	0x1fd
 928 062f 11       		.byte	0x11
 929 0630 D3000000 		.4byte	0xd3
 930 0634 10       		.byte	0x10
 931 0635 06       		.uleb128 0x6
 932 0636 723900   		.ascii	"r9\000"
 933 0639 0C       		.byte	0xc
 934 063a FE01     		.2byte	0x1fe
 935 063c 11       		.byte	0x11
 936 063d D3000000 		.4byte	0xd3
 937 0641 14       		.byte	0x14
 938 0642 06       		.uleb128 0x6
 939 0643 72313000 		.ascii	"r10\000"
 940 0647 0C       		.byte	0xc
 941 0648 FF01     		.2byte	0x1ff
 942 064a 11       		.byte	0x11
 943 064b D3000000 		.4byte	0xd3
 944 064f 18       		.byte	0x18
 945 0650 06       		.uleb128 0x6
 946 0651 72313100 		.ascii	"r11\000"
 947 0655 0C       		.byte	0xc
 948 0656 0002     		.2byte	0x200
 949 0658 11       		.byte	0x11
 950 0659 D3000000 		.4byte	0xd3
 951 065d 1C       		.byte	0x1c
 952 065e 06       		.uleb128 0x6
 953 065f 6C7200   		.ascii	"lr\000"
 954 0662 0C       		.byte	0xc
 955 0663 0102     		.2byte	0x201
 956 0665 11       		.byte	0x11
 957 0666 D3000000 		.4byte	0xd3
 958 066a 20       		.byte	0x20
 959 066b 00       		.byte	0
 960 066c 0C       		.uleb128 0xc
 961 066d EB030000 		.4byte	.LASF90
 962 0671 04       		.byte	0x4
 963 0672 0C       		.byte	0xc
 964 0673 0A02     		.2byte	0x20a
 965 0675 08       		.byte	0x8
 966 0676 88060000 		.4byte	0x688
 967 067a 06       		.uleb128 0x6
 968 067b 737000   		.ascii	"sp\000"
 969 067e 0C       		.byte	0xc
ARM GAS  C:\Users\DEVELO~1\AppData\Local\Temp\ccjLlGMY.s 			page 18


 970 067f 0B02     		.2byte	0x20b
 971 0681 1A       		.byte	0x1a
 972 0682 88060000 		.4byte	0x688
 973 0686 00       		.byte	0
 974 0687 00       		.byte	0
 975 0688 04       		.uleb128 0x4
 976 0689 E6050000 		.4byte	0x5e6
 977 068d 07       		.uleb128 0x7
 978 068e A1030000 		.4byte	.LASF91
 979 0692 18       		.byte	0x18
 980 0693 06       		.byte	0x6
 981 0694 64       		.byte	0x64
 982 0695 10       		.byte	0x10
 983 0696 C2060000 		.4byte	0x6c2
 984 069a 02       		.uleb128 0x2
 985 069b 29050000 		.4byte	.LASF92
 986 069f 06       		.byte	0x6
 987 06a0 68       		.byte	0x68
 988 06a1 21       		.byte	0x21
 989 06a2 16040000 		.4byte	0x416
 990 06a6 00       		.byte	0
 991 06a7 02       		.uleb128 0x2
 992 06a8 76040000 		.4byte	.LASF93
 993 06ac 06       		.byte	0x6
 994 06ad 73       		.byte	0x73
 995 06ae 21       		.byte	0x21
 996 06af 53030000 		.4byte	0x353
 997 06b3 0C       		.byte	0xc
 998 06b4 02       		.uleb128 0x2
 999 06b5 6F030000 		.4byte	.LASF94
 1000 06b9 06       		.byte	0x6
 1001 06ba 79       		.byte	0x79
 1002 06bb 21       		.byte	0x21
 1003 06bc EB000000 		.4byte	0xeb
 1004 06c0 10       		.byte	0x10
 1005 06c1 00       		.byte	0
 1006 06c2 01       		.uleb128 0x1
 1007 06c3 46030000 		.4byte	.LASF95
 1008 06c7 06       		.byte	0x6
 1009 06c8 7B       		.byte	0x7b
 1010 06c9 03       		.byte	0x3
 1011 06ca 8D060000 		.4byte	0x68d
 1012 06ce 07       		.uleb128 0x7
 1013 06cf 56010000 		.4byte	.LASF96
 1014 06d3 08       		.byte	0x8
 1015 06d4 06       		.byte	0x6
 1016 06d5 80       		.byte	0x80
 1017 06d6 10       		.byte	0x10
 1018 06d7 E9060000 		.4byte	0x6e9
 1019 06db 02       		.uleb128 0x2
 1020 06dc C0020000 		.4byte	.LASF97
 1021 06e0 06       		.byte	0x6
 1022 06e1 84       		.byte	0x84
 1023 06e2 21       		.byte	0x21
 1024 06e3 97030000 		.4byte	0x397
 1025 06e7 00       		.byte	0
 1026 06e8 00       		.byte	0
ARM GAS  C:\Users\DEVELO~1\AppData\Local\Temp\ccjLlGMY.s 			page 19


 1027 06e9 01       		.uleb128 0x1
 1028 06ea A9040000 		.4byte	.LASF98
 1029 06ee 06       		.byte	0x6
 1030 06ef 85       		.byte	0x85
 1031 06f0 03       		.byte	0x3
 1032 06f1 CE060000 		.4byte	0x6ce
 1033 06f5 01       		.uleb128 0x1
 1034 06f6 8E030000 		.4byte	.LASF99
 1035 06fa 06       		.byte	0x6
 1036 06fb 8A       		.byte	0x8a
 1037 06fc 14       		.byte	0x14
 1038 06fd 7F040000 		.4byte	0x47f
 1039 0701 0D       		.uleb128 0xd
 1040 0702 0C       		.byte	0xc
 1041 0703 06       		.byte	0x6
 1042 0704 A0       		.byte	0xa0
 1043 0705 2E070000 		.4byte	0x72e
 1044 0709 09       		.uleb128 0x9
 1045 070a FA050000 		.4byte	.LASF100
 1046 070e 06       		.byte	0x6
 1047 070f A4       		.byte	0xa4
 1048 0710 21       		.byte	0x21
 1049 0711 6B030000 		.4byte	0x36b
 1050 0715 09       		.uleb128 0x9
 1051 0716 C0020000 		.4byte	.LASF97
 1052 071a 06       		.byte	0x6
 1053 071b A8       		.byte	0xa8
 1054 071c 21       		.byte	0x21
 1055 071d 97030000 		.4byte	0x397
 1056 0721 09       		.uleb128 0x9
 1057 0722 5E050000 		.4byte	.LASF101
 1058 0726 06       		.byte	0x6
 1059 0727 AC       		.byte	0xac
 1060 0728 21       		.byte	0x21
 1061 0729 D0030000 		.4byte	0x3d0
 1062 072d 00       		.byte	0
 1063 072e 0D       		.uleb128 0xd
 1064 072f 04       		.byte	0x4
 1065 0730 06       		.byte	0x6
 1066 0731 EB       		.byte	0xeb
 1067 0732 97070000 		.4byte	0x797
 1068 0736 09       		.uleb128 0x9
 1069 0737 18000000 		.4byte	.LASF102
 1070 073b 06       		.byte	0x6
 1071 073c F2       		.byte	0xf2
 1072 073d 21       		.byte	0x21
 1073 073e 38010000 		.4byte	0x138
 1074 0742 09       		.uleb128 0x9
 1075 0743 AF000000 		.4byte	.LASF103
 1076 0747 06       		.byte	0x6
 1077 0748 F9       		.byte	0xf9
 1078 0749 21       		.byte	0x21
 1079 074a 38010000 		.4byte	0x138
 1080 074e 0B       		.uleb128 0xb
 1081 074f 7F040000 		.4byte	.LASF77
 1082 0753 0001     		.2byte	0x100
 1083 0755 22       		.byte	0x22
ARM GAS  C:\Users\DEVELO~1\AppData\Local\Temp\ccjLlGMY.s 			page 20


 1084 0756 84040000 		.4byte	0x484
 1085 075a 0B       		.uleb128 0xb
 1086 075b 12000000 		.4byte	.LASF104
 1087 075f 0701     		.2byte	0x107
 1088 0761 22       		.byte	0x22
 1089 0762 97070000 		.4byte	0x797
 1090 0766 0B       		.uleb128 0xb
 1091 0767 C3000000 		.4byte	.LASF105
 1092 076b 0C01     		.2byte	0x10c
 1093 076d 21       		.byte	0x21
 1094 076e 38010000 		.4byte	0x138
 1095 0772 0B       		.uleb128 0xb
 1096 0773 CC010000 		.4byte	.LASF106
 1097 0777 1501     		.2byte	0x115
 1098 0779 22       		.byte	0x22
 1099 077a C4070000 		.4byte	0x7c4
 1100 077e 0B       		.uleb128 0xb
 1101 077f BD040000 		.4byte	.LASF107
 1102 0783 1E01     		.2byte	0x11e
 1103 0785 22       		.byte	0x22
 1104 0786 FE070000 		.4byte	0x7fe
 1105 078a 0B       		.uleb128 0xb
 1106 078b 86040000 		.4byte	.LASF108
 1107 078f 2601     		.2byte	0x126
 1108 0791 21       		.byte	0x21
 1109 0792 44010000 		.4byte	0x144
 1110 0796 00       		.byte	0
 1111 0797 04       		.uleb128 0x4
 1112 0798 F5060000 		.4byte	0x6f5
 1113 079c 07       		.uleb128 0x7
 1114 079d 9C040000 		.4byte	.LASF109
 1115 07a1 0C       		.byte	0xc
 1116 07a2 0D       		.byte	0xd
 1117 07a3 34       		.byte	0x34
 1118 07a4 10       		.byte	0x10
 1119 07a5 C4070000 		.4byte	0x7c4
 1120 07a9 02       		.uleb128 0x2
 1121 07aa C0020000 		.4byte	.LASF97
 1122 07ae 0D       		.byte	0xd
 1123 07af 35       		.byte	0x35
 1124 07b0 19       		.byte	0x19
 1125 07b1 97030000 		.4byte	0x397
 1126 07b5 00       		.byte	0
 1127 07b6 08       		.uleb128 0x8
 1128 07b7 636E7400 		.ascii	"cnt\000"
 1129 07bb 0D       		.byte	0xd
 1130 07bc 37       		.byte	0x37
 1131 07bd 19       		.byte	0x19
 1132 07be 50010000 		.4byte	0x150
 1133 07c2 08       		.byte	0x8
 1134 07c3 00       		.byte	0
 1135 07c4 04       		.uleb128 0x4
 1136 07c5 9C070000 		.4byte	0x79c
 1137 07c9 07       		.uleb128 0x7
 1138 07ca E4050000 		.4byte	.LASF110
 1139 07ce 10       		.byte	0x10
 1140 07cf 0E       		.byte	0xe
ARM GAS  C:\Users\DEVELO~1\AppData\Local\Temp\ccjLlGMY.s 			page 21


 1141 07d0 39       		.byte	0x39
 1142 07d1 08       		.byte	0x8
 1143 07d2 FE070000 		.4byte	0x7fe
 1144 07d6 02       		.uleb128 0x2
 1145 07d7 C0020000 		.4byte	.LASF97
 1146 07db 0E       		.byte	0xe
 1147 07dc 3A       		.byte	0x3a
 1148 07dd 19       		.byte	0x19
 1149 07de 97030000 		.4byte	0x397
 1150 07e2 00       		.byte	0
 1151 07e3 02       		.uleb128 0x2
 1152 07e4 D4040000 		.4byte	.LASF32
 1153 07e8 0E       		.byte	0xe
 1154 07e9 3C       		.byte	0x3c
 1155 07ea 1A       		.byte	0x1a
 1156 07eb 7F040000 		.4byte	0x47f
 1157 07ef 08       		.byte	0x8
 1158 07f0 02       		.uleb128 0x2
 1159 07f1 D1000000 		.4byte	.LASF67
 1160 07f5 0E       		.byte	0xe
 1161 07f6 3E       		.byte	0x3e
 1162 07f7 1A       		.byte	0x1a
 1163 07f8 BF080000 		.4byte	0x8bf
 1164 07fc 0C       		.byte	0xc
 1165 07fd 00       		.byte	0
 1166 07fe 04       		.uleb128 0x4
 1167 07ff C9070000 		.4byte	0x7c9
 1168 0803 04       		.uleb128 0x4
 1169 0804 51020000 		.4byte	0x251
 1170 0808 04       		.uleb128 0x4
 1171 0809 FC000000 		.4byte	0xfc
 1172 080d 0C       		.uleb128 0xc
 1173 080e 0D030000 		.4byte	.LASF111
 1174 0812 10       		.byte	0x10
 1175 0813 06       		.byte	0x6
 1176 0814 5C01     		.2byte	0x15c
 1177 0816 10       		.byte	0x10
 1178 0817 36080000 		.4byte	0x836
 1179 081b 03       		.uleb128 0x3
 1180 081c 5E050000 		.4byte	.LASF101
 1181 0820 6101     		.2byte	0x161
 1182 0822 21       		.byte	0x21
 1183 0823 D0030000 		.4byte	0x3d0
 1184 0827 00       		.byte	0
 1185 0828 03       		.uleb128 0x3
 1186 0829 02040000 		.4byte	.LASF112
 1187 082d 6501     		.2byte	0x165
 1188 082f 22       		.byte	0x22
 1189 0830 7F040000 		.4byte	0x47f
 1190 0834 0C       		.byte	0xc
 1191 0835 00       		.byte	0
 1192 0836 12       		.uleb128 0x12
 1193 0837 05000000 		.4byte	.LASF113
 1194 083b 6601     		.2byte	0x166
 1195 083d 0D080000 		.4byte	0x80d
 1196 0841 0C       		.uleb128 0xc
 1197 0842 D5030000 		.4byte	.LASF114
ARM GAS  C:\Users\DEVELO~1\AppData\Local\Temp\ccjLlGMY.s 			page 22


 1198 0846 14       		.byte	0x14
 1199 0847 06       		.byte	0x6
 1200 0848 6B01     		.2byte	0x16b
 1201 084a 10       		.byte	0x10
 1202 084b 91080000 		.4byte	0x891
 1203 084f 03       		.uleb128 0x3
 1204 0850 BB020000 		.4byte	.LASF33
 1205 0854 6F01     		.2byte	0x16f
 1206 0856 22       		.byte	0x22
 1207 0857 31030000 		.4byte	0x331
 1208 085b 00       		.byte	0
 1209 085c 03       		.uleb128 0x3
 1210 085d 7A010000 		.4byte	.LASF115
 1211 0861 7501     		.2byte	0x175
 1212 0863 22       		.byte	0x22
 1213 0864 08080000 		.4byte	0x808
 1214 0868 04       		.byte	0x4
 1215 0869 03       		.uleb128 0x3
 1216 086a AC050000 		.4byte	.LASF116
 1217 086e 7901     		.2byte	0x179
 1218 0870 22       		.byte	0x22
 1219 0871 08080000 		.4byte	0x808
 1220 0875 08       		.byte	0x8
 1221 0876 03       		.uleb128 0x3
 1222 0877 BC010000 		.4byte	.LASF117
 1223 087b 7F01     		.2byte	0x17f
 1224 087d 22       		.byte	0x22
 1225 087e 08080000 		.4byte	0x808
 1226 0882 0C       		.byte	0xc
 1227 0883 03       		.uleb128 0x3
 1228 0884 FF050000 		.4byte	.LASF118
 1229 0888 8301     		.2byte	0x183
 1230 088a 22       		.byte	0x22
 1231 088b 08080000 		.4byte	0x808
 1232 088f 10       		.byte	0x10
 1233 0890 00       		.byte	0
 1234 0891 12       		.uleb128 0x12
 1235 0892 BB050000 		.4byte	.LASF119
 1236 0896 8501     		.2byte	0x185
 1237 0898 41080000 		.4byte	0x841
 1238 089c 11       		.uleb128 0x11
 1239 089d 91080000 		.4byte	0x891
 1240 08a1 04       		.uleb128 0x4
 1241 08a2 9C080000 		.4byte	0x89c
 1242 08a6 1A       		.uleb128 0x1a
 1243 08a7 63683000 		.ascii	"ch0\000"
 1244 08ab 0F       		.byte	0xf
 1245 08ac 4101     		.2byte	0x141
 1246 08ae 16       		.byte	0x16
 1247 08af 51020000 		.4byte	0x251
 1248 08b3 01       		.uleb128 0x1
 1249 08b4 8A010000 		.4byte	.LASF120
 1250 08b8 0E       		.byte	0xe
 1251 08b9 34       		.byte	0x34
 1252 08ba 19       		.byte	0x19
 1253 08bb C9070000 		.4byte	0x7c9
 1254 08bf 04       		.uleb128 0x4
ARM GAS  C:\Users\DEVELO~1\AppData\Local\Temp\ccjLlGMY.s 			page 23


 1255 08c0 B3080000 		.4byte	0x8b3
 1256 08c4 05       		.uleb128 0x5
 1257 08c5 01       		.byte	0x1
 1258 08c6 02       		.byte	0x2
 1259 08c7 49040000 		.4byte	.LASF121
 1260 08cb 1B       		.uleb128 0x1b
 1261 08cc 16060000 		.4byte	.LASF125
 1262 08d0 01       		.byte	0x1
 1263 08d1 4F       		.byte	0x4f
 1264 08d2 0D       		.byte	0xd
 1265 08d3 E3020000 		.4byte	0x2e3
 1266 08d7 00000000 		.4byte	.LFB347
 1267 08db 14000000 		.4byte	.LFE347-.LFB347
 1268 08df 01       		.uleb128 0x1
 1269 08e0 9C       		.byte	0x9c
 1270 08e1 18090000 		.4byte	0x918
 1271 08e5 1C       		.uleb128 0x1c
 1272 08e6 6D010000 		.4byte	.LASF57
 1273 08ea 01       		.byte	0x1
 1274 08eb 4F       		.byte	0x4f
 1275 08ec 32       		.byte	0x32
 1276 08ed E3020000 		.4byte	0x2e3
 1277 08f1 10000000 		.4byte	.LLST0
 1278 08f5 0C000000 		.4byte	.LVUS0
 1279 08f9 1D       		.uleb128 0x1d
 1280 08fa 6D00     		.ascii	"m\000"
 1281 08fc 01       		.byte	0x1
 1282 08fd 50       		.byte	0x50
 1283 08fe 0F       		.byte	0xf
 1284 08ff E3020000 		.4byte	0x2e3
 1285 0903 27000000 		.4byte	.LLST1
 1286 0907 23000000 		.4byte	.LVUS1
 1287 090b 1E       		.uleb128 0x1e
 1288 090c 6F697000 		.ascii	"oip\000"
 1289 0910 01       		.byte	0x1
 1290 0911 53       		.byte	0x53
 1291 0912 12       		.byte	0x12
 1292 0913 03080000 		.4byte	0x803
 1293 0917 00       		.byte	0
 1294 0918 1F       		.uleb128 0x1f
 1295 0919 27030000 		.4byte	.LASF126
 1296 091d 01       		.byte	0x1
 1297 091e 3C       		.byte	0x3c
 1298 091f 06       		.byte	0x6
 1299 0920 00000000 		.4byte	.LFB346
 1300 0924 10000000 		.4byte	.LFE346-.LFB346
 1301 0928 01       		.uleb128 0x1
 1302 0929 9C       		.byte	0x9c
 1303 092a 20       		.uleb128 0x20
 1304 092b 6D010000 		.4byte	.LASF57
 1305 092f 01       		.byte	0x1
 1306 0930 3C       		.byte	0x3c
 1307 0931 27       		.byte	0x27
 1308 0932 E3020000 		.4byte	0x2e3
 1309 0936 01       		.uleb128 0x1
 1310 0937 50       		.byte	0x50
 1311 0938 00       		.byte	0
ARM GAS  C:\Users\DEVELO~1\AppData\Local\Temp\ccjLlGMY.s 			page 24


 1312 0939 00       		.byte	0
 1313              		.section	.debug_abbrev,"",%progbits
 1314              	.Ldebug_abbrev0:
 1315 0000 01       		.uleb128 0x1
 1316 0001 16       		.uleb128 0x16
 1317 0002 00       		.byte	0
 1318 0003 03       		.uleb128 0x3
 1319 0004 0E       		.uleb128 0xe
 1320 0005 3A       		.uleb128 0x3a
 1321 0006 0B       		.uleb128 0xb
 1322 0007 3B       		.uleb128 0x3b
 1323 0008 0B       		.uleb128 0xb
 1324 0009 39       		.uleb128 0x39
 1325 000a 0B       		.uleb128 0xb
 1326 000b 49       		.uleb128 0x49
 1327 000c 13       		.uleb128 0x13
 1328 000d 00       		.byte	0
 1329 000e 00       		.byte	0
 1330 000f 02       		.uleb128 0x2
 1331 0010 0D       		.uleb128 0xd
 1332 0011 00       		.byte	0
 1333 0012 03       		.uleb128 0x3
 1334 0013 0E       		.uleb128 0xe
 1335 0014 3A       		.uleb128 0x3a
 1336 0015 0B       		.uleb128 0xb
 1337 0016 3B       		.uleb128 0x3b
 1338 0017 0B       		.uleb128 0xb
 1339 0018 39       		.uleb128 0x39
 1340 0019 0B       		.uleb128 0xb
 1341 001a 49       		.uleb128 0x49
 1342 001b 13       		.uleb128 0x13
 1343 001c 38       		.uleb128 0x38
 1344 001d 0B       		.uleb128 0xb
 1345 001e 00       		.byte	0
 1346 001f 00       		.byte	0
 1347 0020 03       		.uleb128 0x3
 1348 0021 0D       		.uleb128 0xd
 1349 0022 00       		.byte	0
 1350 0023 03       		.uleb128 0x3
 1351 0024 0E       		.uleb128 0xe
 1352 0025 3A       		.uleb128 0x3a
 1353 0026 21       		.uleb128 0x21
 1354 0027 06       		.sleb128 6
 1355 0028 3B       		.uleb128 0x3b
 1356 0029 05       		.uleb128 0x5
 1357 002a 39       		.uleb128 0x39
 1358 002b 0B       		.uleb128 0xb
 1359 002c 49       		.uleb128 0x49
 1360 002d 13       		.uleb128 0x13
 1361 002e 38       		.uleb128 0x38
 1362 002f 0B       		.uleb128 0xb
 1363 0030 00       		.byte	0
 1364 0031 00       		.byte	0
 1365 0032 04       		.uleb128 0x4
 1366 0033 0F       		.uleb128 0xf
 1367 0034 00       		.byte	0
 1368 0035 0B       		.uleb128 0xb
ARM GAS  C:\Users\DEVELO~1\AppData\Local\Temp\ccjLlGMY.s 			page 25


 1369 0036 21       		.uleb128 0x21
 1370 0037 04       		.sleb128 4
 1371 0038 49       		.uleb128 0x49
 1372 0039 13       		.uleb128 0x13
 1373 003a 00       		.byte	0
 1374 003b 00       		.byte	0
 1375 003c 05       		.uleb128 0x5
 1376 003d 24       		.uleb128 0x24
 1377 003e 00       		.byte	0
 1378 003f 0B       		.uleb128 0xb
 1379 0040 0B       		.uleb128 0xb
 1380 0041 3E       		.uleb128 0x3e
 1381 0042 0B       		.uleb128 0xb
 1382 0043 03       		.uleb128 0x3
 1383 0044 0E       		.uleb128 0xe
 1384 0045 00       		.byte	0
 1385 0046 00       		.byte	0
 1386 0047 06       		.uleb128 0x6
 1387 0048 0D       		.uleb128 0xd
 1388 0049 00       		.byte	0
 1389 004a 03       		.uleb128 0x3
 1390 004b 08       		.uleb128 0x8
 1391 004c 3A       		.uleb128 0x3a
 1392 004d 0B       		.uleb128 0xb
 1393 004e 3B       		.uleb128 0x3b
 1394 004f 05       		.uleb128 0x5
 1395 0050 39       		.uleb128 0x39
 1396 0051 0B       		.uleb128 0xb
 1397 0052 49       		.uleb128 0x49
 1398 0053 13       		.uleb128 0x13
 1399 0054 38       		.uleb128 0x38
 1400 0055 0B       		.uleb128 0xb
 1401 0056 00       		.byte	0
 1402 0057 00       		.byte	0
 1403 0058 07       		.uleb128 0x7
 1404 0059 13       		.uleb128 0x13
 1405 005a 01       		.byte	0x1
 1406 005b 03       		.uleb128 0x3
 1407 005c 0E       		.uleb128 0xe
 1408 005d 0B       		.uleb128 0xb
 1409 005e 0B       		.uleb128 0xb
 1410 005f 3A       		.uleb128 0x3a
 1411 0060 0B       		.uleb128 0xb
 1412 0061 3B       		.uleb128 0x3b
 1413 0062 0B       		.uleb128 0xb
 1414 0063 39       		.uleb128 0x39
 1415 0064 0B       		.uleb128 0xb
 1416 0065 01       		.uleb128 0x1
 1417 0066 13       		.uleb128 0x13
 1418 0067 00       		.byte	0
 1419 0068 00       		.byte	0
 1420 0069 08       		.uleb128 0x8
 1421 006a 0D       		.uleb128 0xd
 1422 006b 00       		.byte	0
 1423 006c 03       		.uleb128 0x3
 1424 006d 08       		.uleb128 0x8
 1425 006e 3A       		.uleb128 0x3a
ARM GAS  C:\Users\DEVELO~1\AppData\Local\Temp\ccjLlGMY.s 			page 26


 1426 006f 0B       		.uleb128 0xb
 1427 0070 3B       		.uleb128 0x3b
 1428 0071 0B       		.uleb128 0xb
 1429 0072 39       		.uleb128 0x39
 1430 0073 0B       		.uleb128 0xb
 1431 0074 49       		.uleb128 0x49
 1432 0075 13       		.uleb128 0x13
 1433 0076 38       		.uleb128 0x38
 1434 0077 0B       		.uleb128 0xb
 1435 0078 00       		.byte	0
 1436 0079 00       		.byte	0
 1437 007a 09       		.uleb128 0x9
 1438 007b 0D       		.uleb128 0xd
 1439 007c 00       		.byte	0
 1440 007d 03       		.uleb128 0x3
 1441 007e 0E       		.uleb128 0xe
 1442 007f 3A       		.uleb128 0x3a
 1443 0080 0B       		.uleb128 0xb
 1444 0081 3B       		.uleb128 0x3b
 1445 0082 0B       		.uleb128 0xb
 1446 0083 39       		.uleb128 0x39
 1447 0084 0B       		.uleb128 0xb
 1448 0085 49       		.uleb128 0x49
 1449 0086 13       		.uleb128 0x13
 1450 0087 00       		.byte	0
 1451 0088 00       		.byte	0
 1452 0089 0A       		.uleb128 0xa
 1453 008a 13       		.uleb128 0x13
 1454 008b 01       		.byte	0x1
 1455 008c 0B       		.uleb128 0xb
 1456 008d 0B       		.uleb128 0xb
 1457 008e 3A       		.uleb128 0x3a
 1458 008f 21       		.uleb128 0x21
 1459 0090 0B       		.sleb128 11
 1460 0091 3B       		.uleb128 0x3b
 1461 0092 0B       		.uleb128 0xb
 1462 0093 39       		.uleb128 0x39
 1463 0094 0B       		.uleb128 0xb
 1464 0095 01       		.uleb128 0x1
 1465 0096 13       		.uleb128 0x13
 1466 0097 00       		.byte	0
 1467 0098 00       		.byte	0
 1468 0099 0B       		.uleb128 0xb
 1469 009a 0D       		.uleb128 0xd
 1470 009b 00       		.byte	0
 1471 009c 03       		.uleb128 0x3
 1472 009d 0E       		.uleb128 0xe
 1473 009e 3A       		.uleb128 0x3a
 1474 009f 21       		.uleb128 0x21
 1475 00a0 06       		.sleb128 6
 1476 00a1 3B       		.uleb128 0x3b
 1477 00a2 05       		.uleb128 0x5
 1478 00a3 39       		.uleb128 0x39
 1479 00a4 0B       		.uleb128 0xb
 1480 00a5 49       		.uleb128 0x49
 1481 00a6 13       		.uleb128 0x13
 1482 00a7 00       		.byte	0
ARM GAS  C:\Users\DEVELO~1\AppData\Local\Temp\ccjLlGMY.s 			page 27


 1483 00a8 00       		.byte	0
 1484 00a9 0C       		.uleb128 0xc
 1485 00aa 13       		.uleb128 0x13
 1486 00ab 01       		.byte	0x1
 1487 00ac 03       		.uleb128 0x3
 1488 00ad 0E       		.uleb128 0xe
 1489 00ae 0B       		.uleb128 0xb
 1490 00af 0B       		.uleb128 0xb
 1491 00b0 3A       		.uleb128 0x3a
 1492 00b1 0B       		.uleb128 0xb
 1493 00b2 3B       		.uleb128 0x3b
 1494 00b3 05       		.uleb128 0x5
 1495 00b4 39       		.uleb128 0x39
 1496 00b5 0B       		.uleb128 0xb
 1497 00b6 01       		.uleb128 0x1
 1498 00b7 13       		.uleb128 0x13
 1499 00b8 00       		.byte	0
 1500 00b9 00       		.byte	0
 1501 00ba 0D       		.uleb128 0xd
 1502 00bb 17       		.uleb128 0x17
 1503 00bc 01       		.byte	0x1
 1504 00bd 0B       		.uleb128 0xb
 1505 00be 0B       		.uleb128 0xb
 1506 00bf 3A       		.uleb128 0x3a
 1507 00c0 0B       		.uleb128 0xb
 1508 00c1 3B       		.uleb128 0x3b
 1509 00c2 0B       		.uleb128 0xb
 1510 00c3 39       		.uleb128 0x39
 1511 00c4 21       		.uleb128 0x21
 1512 00c5 03       		.sleb128 3
 1513 00c6 01       		.uleb128 0x1
 1514 00c7 13       		.uleb128 0x13
 1515 00c8 00       		.byte	0
 1516 00c9 00       		.byte	0
 1517 00ca 0E       		.uleb128 0xe
 1518 00cb 0D       		.uleb128 0xd
 1519 00cc 00       		.byte	0
 1520 00cd 03       		.uleb128 0x3
 1521 00ce 08       		.uleb128 0x8
 1522 00cf 3A       		.uleb128 0x3a
 1523 00d0 21       		.uleb128 0x21
 1524 00d1 0B       		.sleb128 11
 1525 00d2 3B       		.uleb128 0x3b
 1526 00d3 0B       		.uleb128 0xb
 1527 00d4 39       		.uleb128 0x39
 1528 00d5 21       		.uleb128 0x21
 1529 00d6 07       		.sleb128 7
 1530 00d7 49       		.uleb128 0x49
 1531 00d8 13       		.uleb128 0x13
 1532 00d9 00       		.byte	0
 1533 00da 00       		.byte	0
 1534 00db 0F       		.uleb128 0xf
 1535 00dc 0D       		.uleb128 0xd
 1536 00dd 00       		.byte	0
 1537 00de 03       		.uleb128 0x3
 1538 00df 0E       		.uleb128 0xe
 1539 00e0 3A       		.uleb128 0x3a
ARM GAS  C:\Users\DEVELO~1\AppData\Local\Temp\ccjLlGMY.s 			page 28


 1540 00e1 21       		.uleb128 0x21
 1541 00e2 0B       		.sleb128 11
 1542 00e3 3B       		.uleb128 0x3b
 1543 00e4 0B       		.uleb128 0xb
 1544 00e5 39       		.uleb128 0x39
 1545 00e6 21       		.uleb128 0x21
 1546 00e7 19       		.sleb128 25
 1547 00e8 49       		.uleb128 0x49
 1548 00e9 13       		.uleb128 0x13
 1549 00ea 0D       		.uleb128 0xd
 1550 00eb 0B       		.uleb128 0xb
 1551 00ec 6B       		.uleb128 0x6b
 1552 00ed 0B       		.uleb128 0xb
 1553 00ee 00       		.byte	0
 1554 00ef 00       		.byte	0
 1555 00f0 10       		.uleb128 0x10
 1556 00f1 35       		.uleb128 0x35
 1557 00f2 00       		.byte	0
 1558 00f3 49       		.uleb128 0x49
 1559 00f4 13       		.uleb128 0x13
 1560 00f5 00       		.byte	0
 1561 00f6 00       		.byte	0
 1562 00f7 11       		.uleb128 0x11
 1563 00f8 26       		.uleb128 0x26
 1564 00f9 00       		.byte	0
 1565 00fa 49       		.uleb128 0x49
 1566 00fb 13       		.uleb128 0x13
 1567 00fc 00       		.byte	0
 1568 00fd 00       		.byte	0
 1569 00fe 12       		.uleb128 0x12
 1570 00ff 16       		.uleb128 0x16
 1571 0100 00       		.byte	0
 1572 0101 03       		.uleb128 0x3
 1573 0102 0E       		.uleb128 0xe
 1574 0103 3A       		.uleb128 0x3a
 1575 0104 21       		.uleb128 0x21
 1576 0105 06       		.sleb128 6
 1577 0106 3B       		.uleb128 0x3b
 1578 0107 05       		.uleb128 0x5
 1579 0108 39       		.uleb128 0x39
 1580 0109 21       		.uleb128 0x21
 1581 010a 03       		.sleb128 3
 1582 010b 49       		.uleb128 0x49
 1583 010c 13       		.uleb128 0x13
 1584 010d 00       		.byte	0
 1585 010e 00       		.byte	0
 1586 010f 13       		.uleb128 0x13
 1587 0110 11       		.uleb128 0x11
 1588 0111 01       		.byte	0x1
 1589 0112 25       		.uleb128 0x25
 1590 0113 0E       		.uleb128 0xe
 1591 0114 13       		.uleb128 0x13
 1592 0115 0B       		.uleb128 0xb
 1593 0116 03       		.uleb128 0x3
 1594 0117 0E       		.uleb128 0xe
 1595 0118 1B       		.uleb128 0x1b
 1596 0119 0E       		.uleb128 0xe
ARM GAS  C:\Users\DEVELO~1\AppData\Local\Temp\ccjLlGMY.s 			page 29


 1597 011a 55       		.uleb128 0x55
 1598 011b 17       		.uleb128 0x17
 1599 011c 11       		.uleb128 0x11
 1600 011d 01       		.uleb128 0x1
 1601 011e 10       		.uleb128 0x10
 1602 011f 17       		.uleb128 0x17
 1603 0120 00       		.byte	0
 1604 0121 00       		.byte	0
 1605 0122 14       		.uleb128 0x14
 1606 0123 24       		.uleb128 0x24
 1607 0124 00       		.byte	0
 1608 0125 0B       		.uleb128 0xb
 1609 0126 0B       		.uleb128 0xb
 1610 0127 3E       		.uleb128 0x3e
 1611 0128 0B       		.uleb128 0xb
 1612 0129 03       		.uleb128 0x3
 1613 012a 08       		.uleb128 0x8
 1614 012b 00       		.byte	0
 1615 012c 00       		.byte	0
 1616 012d 15       		.uleb128 0x15
 1617 012e 13       		.uleb128 0x13
 1618 012f 01       		.byte	0x1
 1619 0130 03       		.uleb128 0x3
 1620 0131 0E       		.uleb128 0xe
 1621 0132 0B       		.uleb128 0xb
 1622 0133 05       		.uleb128 0x5
 1623 0134 3A       		.uleb128 0x3a
 1624 0135 0B       		.uleb128 0xb
 1625 0136 3B       		.uleb128 0x3b
 1626 0137 05       		.uleb128 0x5
 1627 0138 39       		.uleb128 0x39
 1628 0139 0B       		.uleb128 0xb
 1629 013a 01       		.uleb128 0x1
 1630 013b 13       		.uleb128 0x13
 1631 013c 00       		.byte	0
 1632 013d 00       		.byte	0
 1633 013e 16       		.uleb128 0x16
 1634 013f 0F       		.uleb128 0xf
 1635 0140 00       		.byte	0
 1636 0141 0B       		.uleb128 0xb
 1637 0142 0B       		.uleb128 0xb
 1638 0143 00       		.byte	0
 1639 0144 00       		.byte	0
 1640 0145 17       		.uleb128 0x17
 1641 0146 13       		.uleb128 0x13
 1642 0147 01       		.byte	0x1
 1643 0148 0B       		.uleb128 0xb
 1644 0149 05       		.uleb128 0x5
 1645 014a 3A       		.uleb128 0x3a
 1646 014b 0B       		.uleb128 0xb
 1647 014c 3B       		.uleb128 0x3b
 1648 014d 0B       		.uleb128 0xb
 1649 014e 39       		.uleb128 0x39
 1650 014f 0B       		.uleb128 0xb
 1651 0150 01       		.uleb128 0x1
 1652 0151 13       		.uleb128 0x13
 1653 0152 00       		.byte	0
ARM GAS  C:\Users\DEVELO~1\AppData\Local\Temp\ccjLlGMY.s 			page 30


 1654 0153 00       		.byte	0
 1655 0154 18       		.uleb128 0x18
 1656 0155 01       		.uleb128 0x1
 1657 0156 01       		.byte	0x1
 1658 0157 49       		.uleb128 0x49
 1659 0158 13       		.uleb128 0x13
 1660 0159 01       		.uleb128 0x1
 1661 015a 13       		.uleb128 0x13
 1662 015b 00       		.byte	0
 1663 015c 00       		.byte	0
 1664 015d 19       		.uleb128 0x19
 1665 015e 21       		.uleb128 0x21
 1666 015f 00       		.byte	0
 1667 0160 49       		.uleb128 0x49
 1668 0161 13       		.uleb128 0x13
 1669 0162 2F       		.uleb128 0x2f
 1670 0163 0B       		.uleb128 0xb
 1671 0164 00       		.byte	0
 1672 0165 00       		.byte	0
 1673 0166 1A       		.uleb128 0x1a
 1674 0167 34       		.uleb128 0x34
 1675 0168 00       		.byte	0
 1676 0169 03       		.uleb128 0x3
 1677 016a 08       		.uleb128 0x8
 1678 016b 3A       		.uleb128 0x3a
 1679 016c 0B       		.uleb128 0xb
 1680 016d 3B       		.uleb128 0x3b
 1681 016e 05       		.uleb128 0x5
 1682 016f 39       		.uleb128 0x39
 1683 0170 0B       		.uleb128 0xb
 1684 0171 49       		.uleb128 0x49
 1685 0172 13       		.uleb128 0x13
 1686 0173 3F       		.uleb128 0x3f
 1687 0174 19       		.uleb128 0x19
 1688 0175 3C       		.uleb128 0x3c
 1689 0176 19       		.uleb128 0x19
 1690 0177 00       		.byte	0
 1691 0178 00       		.byte	0
 1692 0179 1B       		.uleb128 0x1b
 1693 017a 2E       		.uleb128 0x2e
 1694 017b 01       		.byte	0x1
 1695 017c 3F       		.uleb128 0x3f
 1696 017d 19       		.uleb128 0x19
 1697 017e 03       		.uleb128 0x3
 1698 017f 0E       		.uleb128 0xe
 1699 0180 3A       		.uleb128 0x3a
 1700 0181 0B       		.uleb128 0xb
 1701 0182 3B       		.uleb128 0x3b
 1702 0183 0B       		.uleb128 0xb
 1703 0184 39       		.uleb128 0x39
 1704 0185 0B       		.uleb128 0xb
 1705 0186 27       		.uleb128 0x27
 1706 0187 19       		.uleb128 0x19
 1707 0188 49       		.uleb128 0x49
 1708 0189 13       		.uleb128 0x13
 1709 018a 11       		.uleb128 0x11
 1710 018b 01       		.uleb128 0x1
ARM GAS  C:\Users\DEVELO~1\AppData\Local\Temp\ccjLlGMY.s 			page 31


 1711 018c 12       		.uleb128 0x12
 1712 018d 06       		.uleb128 0x6
 1713 018e 40       		.uleb128 0x40
 1714 018f 18       		.uleb128 0x18
 1715 0190 7A       		.uleb128 0x7a
 1716 0191 19       		.uleb128 0x19
 1717 0192 01       		.uleb128 0x1
 1718 0193 13       		.uleb128 0x13
 1719 0194 00       		.byte	0
 1720 0195 00       		.byte	0
 1721 0196 1C       		.uleb128 0x1c
 1722 0197 05       		.uleb128 0x5
 1723 0198 00       		.byte	0
 1724 0199 03       		.uleb128 0x3
 1725 019a 0E       		.uleb128 0xe
 1726 019b 3A       		.uleb128 0x3a
 1727 019c 0B       		.uleb128 0xb
 1728 019d 3B       		.uleb128 0x3b
 1729 019e 0B       		.uleb128 0xb
 1730 019f 39       		.uleb128 0x39
 1731 01a0 0B       		.uleb128 0xb
 1732 01a1 49       		.uleb128 0x49
 1733 01a2 13       		.uleb128 0x13
 1734 01a3 02       		.uleb128 0x2
 1735 01a4 17       		.uleb128 0x17
 1736 01a5 B742     		.uleb128 0x2137
 1737 01a7 17       		.uleb128 0x17
 1738 01a8 00       		.byte	0
 1739 01a9 00       		.byte	0
 1740 01aa 1D       		.uleb128 0x1d
 1741 01ab 34       		.uleb128 0x34
 1742 01ac 00       		.byte	0
 1743 01ad 03       		.uleb128 0x3
 1744 01ae 08       		.uleb128 0x8
 1745 01af 3A       		.uleb128 0x3a
 1746 01b0 0B       		.uleb128 0xb
 1747 01b1 3B       		.uleb128 0x3b
 1748 01b2 0B       		.uleb128 0xb
 1749 01b3 39       		.uleb128 0x39
 1750 01b4 0B       		.uleb128 0xb
 1751 01b5 49       		.uleb128 0x49
 1752 01b6 13       		.uleb128 0x13
 1753 01b7 02       		.uleb128 0x2
 1754 01b8 17       		.uleb128 0x17
 1755 01b9 B742     		.uleb128 0x2137
 1756 01bb 17       		.uleb128 0x17
 1757 01bc 00       		.byte	0
 1758 01bd 00       		.byte	0
 1759 01be 1E       		.uleb128 0x1e
 1760 01bf 34       		.uleb128 0x34
 1761 01c0 00       		.byte	0
 1762 01c1 03       		.uleb128 0x3
 1763 01c2 08       		.uleb128 0x8
 1764 01c3 3A       		.uleb128 0x3a
 1765 01c4 0B       		.uleb128 0xb
 1766 01c5 3B       		.uleb128 0x3b
 1767 01c6 0B       		.uleb128 0xb
ARM GAS  C:\Users\DEVELO~1\AppData\Local\Temp\ccjLlGMY.s 			page 32


 1768 01c7 39       		.uleb128 0x39
 1769 01c8 0B       		.uleb128 0xb
 1770 01c9 49       		.uleb128 0x49
 1771 01ca 13       		.uleb128 0x13
 1772 01cb 00       		.byte	0
 1773 01cc 00       		.byte	0
 1774 01cd 1F       		.uleb128 0x1f
 1775 01ce 2E       		.uleb128 0x2e
 1776 01cf 01       		.byte	0x1
 1777 01d0 3F       		.uleb128 0x3f
 1778 01d1 19       		.uleb128 0x19
 1779 01d2 03       		.uleb128 0x3
 1780 01d3 0E       		.uleb128 0xe
 1781 01d4 3A       		.uleb128 0x3a
 1782 01d5 0B       		.uleb128 0xb
 1783 01d6 3B       		.uleb128 0x3b
 1784 01d7 0B       		.uleb128 0xb
 1785 01d8 39       		.uleb128 0x39
 1786 01d9 0B       		.uleb128 0xb
 1787 01da 27       		.uleb128 0x27
 1788 01db 19       		.uleb128 0x19
 1789 01dc 11       		.uleb128 0x11
 1790 01dd 01       		.uleb128 0x1
 1791 01de 12       		.uleb128 0x12
 1792 01df 06       		.uleb128 0x6
 1793 01e0 40       		.uleb128 0x40
 1794 01e1 18       		.uleb128 0x18
 1795 01e2 7A       		.uleb128 0x7a
 1796 01e3 19       		.uleb128 0x19
 1797 01e4 00       		.byte	0
 1798 01e5 00       		.byte	0
 1799 01e6 20       		.uleb128 0x20
 1800 01e7 05       		.uleb128 0x5
 1801 01e8 00       		.byte	0
 1802 01e9 03       		.uleb128 0x3
 1803 01ea 0E       		.uleb128 0xe
 1804 01eb 3A       		.uleb128 0x3a
 1805 01ec 0B       		.uleb128 0xb
 1806 01ed 3B       		.uleb128 0x3b
 1807 01ee 0B       		.uleb128 0xb
 1808 01ef 39       		.uleb128 0x39
 1809 01f0 0B       		.uleb128 0xb
 1810 01f1 49       		.uleb128 0x49
 1811 01f2 13       		.uleb128 0x13
 1812 01f3 02       		.uleb128 0x2
 1813 01f4 18       		.uleb128 0x18
 1814 01f5 00       		.byte	0
 1815 01f6 00       		.byte	0
 1816 01f7 00       		.byte	0
 1817              		.section	.debug_loclists,"",%progbits
 1818 0000 38000000 		.4byte	.Ldebug_loc3-.Ldebug_loc2
 1819              	.Ldebug_loc2:
 1820 0004 0500     		.2byte	0x5
 1821 0006 04       		.byte	0x4
 1822 0007 00       		.byte	0
 1823 0008 00000000 		.4byte	0
 1824              	.Ldebug_loc0:
ARM GAS  C:\Users\DEVELO~1\AppData\Local\Temp\ccjLlGMY.s 			page 33


 1825              	.LVUS0:
 1826 000c 00       		.uleb128 0
 1827 000d 00       		.uleb128 .LVU14
 1828 000e 00       		.uleb128 .LVU14
 1829 000f 00       		.uleb128 0
 1830              	.LLST0:
 1831 0010 06       		.byte	0x6
 1832 0011 00000000 		.4byte	.LVL1
 1833 0015 04       		.byte	0x4
 1834 0016 00       		.uleb128 .LVL1-.LVL1
 1835 0017 0A       		.uleb128 .LVL3-.LVL1
 1836 0018 01       		.uleb128 0x1
 1837 0019 50       		.byte	0x50
 1838 001a 04       		.byte	0x4
 1839 001b 0A       		.uleb128 .LVL3-.LVL1
 1840 001c 14       		.uleb128 .LFE347-.LVL1
 1841 001d 04       		.uleb128 0x4
 1842 001e A3       		.byte	0xa3
 1843 001f 01       		.uleb128 0x1
 1844 0020 50       		.byte	0x50
 1845 0021 9F       		.byte	0x9f
 1846 0022 00       		.byte	0
 1847              	.LVUS1:
 1848 0023 00       		.uleb128 .LVU11
 1849 0024 00       		.uleb128 .LVU14
 1850 0025 00       		.uleb128 .LVU14
 1851 0026 00       		.uleb128 0
 1852              	.LLST1:
 1853 0027 06       		.byte	0x6
 1854 0028 04000000 		.4byte	.LVL2
 1855 002c 04       		.byte	0x4
 1856 002d 00       		.uleb128 .LVL2-.LVL2
 1857 002e 06       		.uleb128 .LVL3-.LVL2
 1858 002f 06       		.uleb128 0x6
 1859 0030 72       		.byte	0x72
 1860 0031 00       		.sleb128 0
 1861 0032 70       		.byte	0x70
 1862 0033 00       		.sleb128 0
 1863 0034 1A       		.byte	0x1a
 1864 0035 9F       		.byte	0x9f
 1865 0036 04       		.byte	0x4
 1866 0037 06       		.uleb128 .LVL3-.LVL2
 1867 0038 10       		.uleb128 .LFE347-.LVL2
 1868 0039 01       		.uleb128 0x1
 1869 003a 50       		.byte	0x50
 1870 003b 00       		.byte	0
 1871              	.Ldebug_loc3:
 1872              		.section	.debug_aranges,"",%progbits
 1873 0000 24000000 		.4byte	0x24
 1874 0004 0200     		.2byte	0x2
 1875 0006 00000000 		.4byte	.Ldebug_info0
 1876 000a 04       		.byte	0x4
 1877 000b 00       		.byte	0
 1878 000c 0000     		.2byte	0
 1879 000e 0000     		.2byte	0
 1880 0010 00000000 		.4byte	.LFB346
 1881 0014 10000000 		.4byte	.LFE346-.LFB346
ARM GAS  C:\Users\DEVELO~1\AppData\Local\Temp\ccjLlGMY.s 			page 34


 1882 0018 00000000 		.4byte	.LFB347
 1883 001c 14000000 		.4byte	.LFE347-.LFB347
 1884 0020 00000000 		.4byte	0
 1885 0024 00000000 		.4byte	0
 1886              		.section	.debug_rnglists,"",%progbits
 1887              	.Ldebug_ranges0:
 1888 0000 15000000 		.4byte	.Ldebug_ranges3-.Ldebug_ranges2
 1889              	.Ldebug_ranges2:
 1890 0004 0500     		.2byte	0x5
 1891 0006 04       		.byte	0x4
 1892 0007 00       		.byte	0
 1893 0008 00000000 		.4byte	0
 1894              	.LLRL2:
 1895 000c 07       		.byte	0x7
 1896 000d 00000000 		.4byte	.LFB346
 1897 0011 10       		.uleb128 .LFE346-.LFB346
 1898 0012 07       		.byte	0x7
 1899 0013 00000000 		.4byte	.LFB347
 1900 0017 14       		.uleb128 .LFE347-.LFB347
 1901 0018 00       		.byte	0
 1902              	.Ldebug_ranges3:
 1903              		.section	.debug_line,"",%progbits
 1904              	.Ldebug_line0:
 1905 0000 4A020000 		.section	.debug_str,"MS",%progbits,1
 1905      0300EE01 
 1905      00000201 
 1905      FB0E0D00 
 1905      01010101 
 1906              	.LASF70:
 1907 0000 70726576 		.ascii	"prev\000"
 1907      00
 1908              	.LASF113:
 1909 0005 72656164 		.ascii	"ready_list_t\000"
 1909      795F6C69 
 1909      73745F74 
 1909      00
 1910              	.LASF104:
 1911 0012 77747472 		.ascii	"wttrp\000"
 1911      7000
 1912              	.LASF102:
 1913 0018 7264796D 		.ascii	"rdymsg\000"
 1913      736700
 1914              	.LASF51:
 1915 001f 72666375 		.ascii	"rfcu\000"
 1915      00
 1916              	.LASF6:
 1917 0024 5F5F7569 		.ascii	"__uint8_t\000"
 1917      6E74385F 
 1917      7400
 1918              	.LASF124:
 1919 002e 433A5C50 		.ascii	"C:\\PROJET\\ChibiOS project\\ChibiOS_21.11.4\\demos"
 1919      524F4A45 
 1919      545C4368 
 1919      6962694F 
 1919      53207072 
 1920 005d 5C53544D 		.ascii	"\\STM32\\RT-STM32H743ZI_REV_XY-NUCLEO144\000"
 1920      33325C52 
ARM GAS  C:\Users\DEVELO~1\AppData\Local\Temp\ccjLlGMY.s 			page 35


 1920      542D5354 
 1920      4D333248 
 1920      3734335A 
 1921              	.LASF89:
 1922 0084 706F7274 		.ascii	"port_intctx\000"
 1922      5F696E74 
 1922      63747800 
 1923              	.LASF48:
 1924 0090 76746C69 		.ascii	"vtlist\000"
 1924      737400
 1925              	.LASF81:
 1926 0097 74797065 		.ascii	"type\000"
 1926      00
 1927              	.LASF84:
 1928 009c 74726163 		.ascii	"trace_event_t\000"
 1928      655F6576 
 1928      656E745F 
 1928      7400
 1929              	.LASF79:
 1930 00aa 68616C74 		.ascii	"halt\000"
 1930      00
 1931              	.LASF103:
 1932 00af 65786974 		.ascii	"exitcode\000"
 1932      636F6465 
 1932      00
 1933              	.LASF53:
 1934 00b8 6D61696E 		.ascii	"mainthread\000"
 1934      74687265 
 1934      616400
 1935              	.LASF105:
 1936 00c3 73656E74 		.ascii	"sentmsg\000"
 1936      6D736700 
 1937              	.LASF76:
 1938 00cb 64656C74 		.ascii	"delta\000"
 1938      6100
 1939              	.LASF67:
 1940 00d1 6E657874 		.ascii	"next\000"
 1940      00
 1941              	.LASF1:
 1942 00d6 6C6F6E67 		.ascii	"long long int\000"
 1942      206C6F6E 
 1942      6720696E 
 1942      7400
 1943              	.LASF3:
 1944 00e4 7369676E 		.ascii	"signed char\000"
 1944      65642063 
 1944      68617200 
 1945              	.LASF75:
 1946 00f0 63685F64 		.ascii	"ch_delta_list\000"
 1946      656C7461 
 1946      5F6C6973 
 1946      7400
 1947              	.LASF14:
 1948 00fe 6C6F6E67 		.ascii	"long long unsigned int\000"
 1948      206C6F6E 
 1948      6720756E 
 1948      7369676E 
ARM GAS  C:\Users\DEVELO~1\AppData\Local\Temp\ccjLlGMY.s 			page 36


 1948      65642069 
 1949              	.LASF35:
 1950 0115 73746174 		.ascii	"state\000"
 1950      6500
 1951              	.LASF10:
 1952 011b 6C6F6E67 		.ascii	"long int\000"
 1952      20696E74 
 1952      00
 1953              	.LASF23:
 1954 0124 74737461 		.ascii	"tstate_t\000"
 1954      74655F74 
 1954      00
 1955              	.LASF56:
 1956 012d 63685F72 		.ascii	"ch_rfcu\000"
 1956      66637500 
 1957              	.LASF69:
 1958 0135 63685F71 		.ascii	"ch_queue\000"
 1958      75657565 
 1958      00
 1959              	.LASF16:
 1960 013e 75696E74 		.ascii	"uint16_t\000"
 1960      31365F74 
 1960      00
 1961              	.LASF88:
 1962 0147 74726163 		.ascii	"trace_buffer_t\000"
 1962      655F6275 
 1962      66666572 
 1962      5F7400
 1963              	.LASF96:
 1964 0156 63685F72 		.ascii	"ch_registry\000"
 1964      65676973 
 1964      74727900 
 1965              	.LASF11:
 1966 0162 5F5F7569 		.ascii	"__uint32_t\000"
 1966      6E743332 
 1966      5F7400
 1967              	.LASF57:
 1968 016d 6D61736B 		.ascii	"mask\000"
 1968      00
 1969              	.LASF38:
 1970 0172 77616974 		.ascii	"waiting\000"
 1970      696E6700 
 1971              	.LASF115:
 1972 017a 6D61696E 		.ascii	"mainthread_base\000"
 1972      74687265 
 1972      61645F62 
 1972      61736500 
 1973              	.LASF120:
 1974 018a 6D757465 		.ascii	"mutex_t\000"
 1974      785F7400 
 1975              	.LASF64:
 1976 0192 73797369 		.ascii	"sysinterval_t\000"
 1976      6E746572 
 1976      76616C5F 
 1976      7400
 1977              	.LASF28:
 1978 01a0 636E745F 		.ascii	"cnt_t\000"
ARM GAS  C:\Users\DEVELO~1\AppData\Local\Temp\ccjLlGMY.s 			page 37


 1978      7400
 1979              	.LASF39:
 1980 01a6 6D736771 		.ascii	"msgqueue\000"
 1980      75657565 
 1980      00
 1981              	.LASF0:
 1982 01af 756E7369 		.ascii	"unsigned int\000"
 1982      676E6564 
 1982      20696E74 
 1982      00
 1983              	.LASF117:
 1984 01bc 69646C65 		.ascii	"idlethread_base\000"
 1984      74687265 
 1984      61645F62 
 1984      61736500 
 1985              	.LASF106:
 1986 01cc 77747365 		.ascii	"wtsemp\000"
 1986      6D7000
 1987              	.LASF62:
 1988 01d3 73797374 		.ascii	"system_debug_t\000"
 1988      656D5F64 
 1988      65627567 
 1988      5F7400
 1989              	.LASF12:
 1990 01e2 6C6F6E67 		.ascii	"long unsigned int\000"
 1990      20756E73 
 1990      69676E65 
 1990      6420696E 
 1990      7400
 1991              	.LASF31:
 1992 01f4 72717565 		.ascii	"rqueue\000"
 1992      756500
 1993              	.LASF68:
 1994 01fb 63685F71 		.ascii	"ch_queue_t\000"
 1994      75657565 
 1994      5F7400
 1995              	.LASF122:
 1996 0206 474E5520 		.ascii	"GNU C17 11.3.1 20220712 -mcpu=cortex-m7 -mthumb -mf"
 1996      43313720 
 1996      31312E33 
 1996      2E312032 
 1996      30323230 
 1997 0239 6C6F6174 		.ascii	"loat-abi=soft -march=armv7e-m -ggdb -O2 -fomit-fram"
 1997      2D616269 
 1997      3D736F66 
 1997      74202D6D 
 1997      61726368 
 1998 026c 652D706F 		.ascii	"e-pointer -falign-functions=16 -ffunction-sections "
 1998      696E7465 
 1998      72202D66 
 1998      616C6967 
 1998      6E2D6675 
 1999 029f 2D666461 		.ascii	"-fdata-sections -fno-common\000"
 1999      74612D73 
 1999      65637469 
 1999      6F6E7320 
 1999      2D666E6F 
ARM GAS  C:\Users\DEVELO~1\AppData\Local\Temp\ccjLlGMY.s 			page 38


 2000              	.LASF33:
 2001 02bb 6E616D65 		.ascii	"name\000"
 2001      00
 2002              	.LASF97:
 2003 02c0 71756575 		.ascii	"queue\000"
 2003      6500
 2004              	.LASF43:
 2005 02c6 6D706F6F 		.ascii	"mpool\000"
 2005      6C00
 2006              	.LASF86:
 2007 02cc 73697A65 		.ascii	"size\000"
 2007      00
 2008              	.LASF8:
 2009 02d1 73686F72 		.ascii	"short unsigned int\000"
 2009      7420756E 
 2009      7369676E 
 2009      65642069 
 2009      6E7400
 2010              	.LASF45:
 2011 02e4 63685F74 		.ascii	"ch_thread\000"
 2011      68726561 
 2011      6400
 2012              	.LASF26:
 2013 02ee 6D73675F 		.ascii	"msg_t\000"
 2013      7400
 2014              	.LASF40:
 2015 02f4 6570656E 		.ascii	"epending\000"
 2015      64696E67 
 2015      00
 2016              	.LASF22:
 2017 02fd 746D6F64 		.ascii	"tmode_t\000"
 2017      655F7400 
 2018              	.LASF66:
 2019 0305 63685F6C 		.ascii	"ch_list\000"
 2019      69737400 
 2020              	.LASF111:
 2021 030d 63685F72 		.ascii	"ch_ready_list\000"
 2021      65616479 
 2021      5F6C6973 
 2021      7400
 2022              	.LASF27:
 2023 031b 6576656E 		.ascii	"eventmask_t\000"
 2023      746D6173 
 2023      6B5F7400 
 2024              	.LASF126:
 2025 0327 63685246 		.ascii	"chRFCUCollectFaultsI\000"
 2025      4355436F 
 2025      6C6C6563 
 2025      74466175 
 2025      6C747349 
 2026              	.LASF9:
 2027 033c 5F5F696E 		.ascii	"__int32_t\000"
 2027      7433325F 
 2027      7400
 2028              	.LASF95:
 2029 0346 76697274 		.ascii	"virtual_timers_list_t\000"
 2029      75616C5F 
ARM GAS  C:\Users\DEVELO~1\AppData\Local\Temp\ccjLlGMY.s 			page 39


 2029      74696D65 
 2029      72735F6C 
 2029      6973745F 
 2030              	.LASF21:
 2031 035c 73746B61 		.ascii	"stkalign_t\000"
 2031      6C69676E 
 2031      5F7400
 2032              	.LASF82:
 2033 0367 72747374 		.ascii	"rtstamp\000"
 2033      616D7000 
 2034              	.LASF94:
 2035 036f 6C617374 		.ascii	"laststamp\000"
 2035      7374616D 
 2035      7000
 2036              	.LASF42:
 2037 0379 7265616C 		.ascii	"realprio\000"
 2037      7072696F 
 2037      00
 2038              	.LASF55:
 2039 0382 72666375 		.ascii	"rfcu_mask_t\000"
 2039      5F6D6173 
 2039      6B5F7400 
 2040              	.LASF99:
 2041 038e 74687265 		.ascii	"thread_reference_t\000"
 2041      61645F72 
 2041      65666572 
 2041      656E6365 
 2041      5F7400
 2042              	.LASF91:
 2043 03a1 63685F76 		.ascii	"ch_virtual_timers_list\000"
 2043      69727475 
 2043      616C5F74 
 2043      696D6572 
 2043      735F6C69 
 2044              	.LASF65:
 2045 03b8 63685F6C 		.ascii	"ch_list_t\000"
 2045      6973745F 
 2045      7400
 2046              	.LASF85:
 2047 03c2 73757370 		.ascii	"suspended\000"
 2047      656E6465 
 2047      6400
 2048              	.LASF19:
 2049 03cc 75696E74 		.ascii	"uint64_t\000"
 2049      36345F74 
 2049      00
 2050              	.LASF114:
 2051 03d5 63685F6F 		.ascii	"ch_os_instance_config\000"
 2051      735F696E 
 2051      7374616E 
 2051      63655F63 
 2051      6F6E6669 
 2052              	.LASF90:
 2053 03eb 706F7274 		.ascii	"port_context\000"
 2053      5F636F6E 
 2053      74657874 
 2053      00
ARM GAS  C:\Users\DEVELO~1\AppData\Local\Temp\ccjLlGMY.s 			page 40


 2054              	.LASF83:
 2055 03f8 74696D65 		.ascii	"time\000"
 2055      00
 2056              	.LASF73:
 2057 03fd 7072696F 		.ascii	"prio\000"
 2057      00
 2058              	.LASF112:
 2059 0402 63757272 		.ascii	"current\000"
 2059      656E7400 
 2060              	.LASF13:
 2061 040a 5F5F7569 		.ascii	"__uint64_t\000"
 2061      6E743634 
 2061      5F7400
 2062              	.LASF29:
 2063 0415 636F7265 		.ascii	"core_id_t\000"
 2063      5F69645F 
 2063      7400
 2064              	.LASF24:
 2065 041f 74726566 		.ascii	"trefs_t\000"
 2065      735F7400 
 2066              	.LASF37:
 2067 0427 72656673 		.ascii	"refs\000"
 2067      00
 2068              	.LASF80:
 2069 042c 75736572 		.ascii	"user\000"
 2069      00
 2070              	.LASF25:
 2071 0431 74707269 		.ascii	"tprio_t\000"
 2071      6F5F7400 
 2072              	.LASF59:
 2073 0439 63685F73 		.ascii	"ch_system_debug\000"
 2073      79737465 
 2073      6D5F6465 
 2073      62756700 
 2074              	.LASF121:
 2075 0449 5F426F6F 		.ascii	"_Bool\000"
 2075      6C00
 2076              	.LASF17:
 2077 044f 696E7433 		.ascii	"int32_t\000"
 2077      325F7400 
 2078              	.LASF4:
 2079 0457 756E7369 		.ascii	"unsigned char\000"
 2079      676E6564 
 2079      20636861 
 2079      7200
 2080              	.LASF58:
 2081 0465 72666375 		.ascii	"rfcu_t\000"
 2081      5F7400
 2082              	.LASF5:
 2083 046c 73686F72 		.ascii	"short int\000"
 2083      7420696E 
 2083      7400
 2084              	.LASF93:
 2085 0476 6C617374 		.ascii	"lasttime\000"
 2085      74696D65 
 2085      00
 2086              	.LASF77:
ARM GAS  C:\Users\DEVELO~1\AppData\Local\Temp\ccjLlGMY.s 			page 41


 2087 047f 77746F62 		.ascii	"wtobjp\000"
 2087      6A7000
 2088              	.LASF108:
 2089 0486 65776D61 		.ascii	"ewmask\000"
 2089      736B00
 2090              	.LASF50:
 2091 048d 636F7265 		.ascii	"core_id\000"
 2091      5F696400 
 2092              	.LASF78:
 2093 0495 72656173 		.ascii	"reason\000"
 2093      6F6E00
 2094              	.LASF109:
 2095 049c 63685F73 		.ascii	"ch_semaphore\000"
 2095      656D6170 
 2095      686F7265 
 2095      00
 2096              	.LASF98:
 2097 04a9 72656769 		.ascii	"registry_t\000"
 2097      73747279 
 2097      5F7400
 2098              	.LASF18:
 2099 04b4 75696E74 		.ascii	"uint32_t\000"
 2099      33325F74 
 2099      00
 2100              	.LASF107:
 2101 04bd 77746D74 		.ascii	"wtmtxp\000"
 2101      787000
 2102              	.LASF20:
 2103 04c4 706F7274 		.ascii	"port_stkalign_t\000"
 2103      5F73746B 
 2103      616C6967 
 2103      6E5F7400 
 2104              	.LASF32:
 2105 04d4 6F776E65 		.ascii	"owner\000"
 2105      7200
 2106              	.LASF123:
 2107 04da 2E2E2F2E 		.ascii	"../../../os/rt/src/chrfcu.c\000"
 2107      2E2F2E2E 
 2107      2F6F732F 
 2107      72742F73 
 2107      72632F63 
 2108              	.LASF2:
 2109 04f6 6C6F6E67 		.ascii	"long double\000"
 2109      20646F75 
 2109      626C6500 
 2110              	.LASF34:
 2111 0502 77616261 		.ascii	"wabase\000"
 2111      736500
 2112              	.LASF61:
 2113 0509 63686172 		.ascii	"char\000"
 2113      00
 2114              	.LASF52:
 2115 050e 636F6E66 		.ascii	"config\000"
 2115      696700
 2116              	.LASF7:
 2117 0515 5F5F7569 		.ascii	"__uint16_t\000"
 2117      6E743136 
ARM GAS  C:\Users\DEVELO~1\AppData\Local\Temp\ccjLlGMY.s 			page 42


 2117      5F7400
 2118              	.LASF30:
 2119 0520 74687265 		.ascii	"thread_t\000"
 2119      61645F74 
 2119      00
 2120              	.LASF92:
 2121 0529 646C6973 		.ascii	"dlist\000"
 2121      7400
 2122              	.LASF63:
 2123 052f 73797374 		.ascii	"systime_t\000"
 2123      696D655F 
 2123      7400
 2124              	.LASF87:
 2125 0539 62756666 		.ascii	"buffer\000"
 2125      657200
 2126              	.LASF71:
 2127 0540 63685F70 		.ascii	"ch_priority_queue_t\000"
 2127      72696F72 
 2127      6974795F 
 2127      71756575 
 2127      655F7400 
 2128              	.LASF60:
 2129 0554 70616E69 		.ascii	"panic_msg\000"
 2129      635F6D73 
 2129      6700
 2130              	.LASF101:
 2131 055e 70717565 		.ascii	"pqueue\000"
 2131      756500
 2132              	.LASF46:
 2133 0565 63685F6F 		.ascii	"ch_os_instance\000"
 2133      735F696E 
 2133      7374616E 
 2133      636500
 2134              	.LASF44:
 2135 0574 6F735F69 		.ascii	"os_instance_t\000"
 2135      6E737461 
 2135      6E63655F 
 2135      7400
 2136              	.LASF49:
 2137 0582 7265676C 		.ascii	"reglist\000"
 2137      69737400 
 2138              	.LASF72:
 2139 058a 63685F70 		.ascii	"ch_priority_queue\000"
 2139      72696F72 
 2139      6974795F 
 2139      71756575 
 2139      6500
 2140              	.LASF74:
 2141 059c 63685F64 		.ascii	"ch_delta_list_t\000"
 2141      656C7461 
 2141      5F6C6973 
 2141      745F7400 
 2142              	.LASF116:
 2143 05ac 6D61696E 		.ascii	"mainthread_end\000"
 2143      74687265 
 2143      61645F65 
 2143      6E6400
ARM GAS  C:\Users\DEVELO~1\AppData\Local\Temp\ccjLlGMY.s 			page 43


 2144              	.LASF119:
 2145 05bb 6F735F69 		.ascii	"os_instance_config_t\000"
 2145      6E737461 
 2145      6E63655F 
 2145      636F6E66 
 2145      69675F74 
 2146              	.LASF47:
 2147 05d0 726C6973 		.ascii	"rlist\000"
 2147      7400
 2148              	.LASF15:
 2149 05d6 75696E74 		.ascii	"uint8_t\000"
 2149      385F7400 
 2150              	.LASF36:
 2151 05de 666C6167 		.ascii	"flags\000"
 2151      7300
 2152              	.LASF110:
 2153 05e4 63685F6D 		.ascii	"ch_mutex\000"
 2153      75746578 
 2153      00
 2154              	.LASF54:
 2155 05ed 74726163 		.ascii	"trace_buffer\000"
 2155      655F6275 
 2155      66666572 
 2155      00
 2156              	.LASF100:
 2157 05fa 6C697374 		.ascii	"list\000"
 2157      00
 2158              	.LASF118:
 2159 05ff 69646C65 		.ascii	"idlethread_end\000"
 2159      74687265 
 2159      61645F65 
 2159      6E6400
 2160              	.LASF41:
 2161 060e 6D74786C 		.ascii	"mtxlist\000"
 2161      69737400 
 2162              	.LASF125:
 2163 0616 63685246 		.ascii	"chRFCUGetAndClearFaultsI\000"
 2163      43554765 
 2163      74416E64 
 2163      436C6561 
 2163      72466175 
 2164              		.ident	"GCC: (Arm GNU Toolchain 11.3.Rel1) 11.3.1 20220712"
ARM GAS  C:\Users\DEVELO~1\AppData\Local\Temp\ccjLlGMY.s 			page 44


DEFINED SYMBOLS
                            *ABS*:00000000 chrfcu.c
C:\Users\DEVELO~1\AppData\Local\Temp\ccjLlGMY.s:18     .text.chRFCUCollectFaultsI:00000000 $t
C:\Users\DEVELO~1\AppData\Local\Temp\ccjLlGMY.s:25     .text.chRFCUCollectFaultsI:00000000 chRFCUCollectFaultsI
C:\Users\DEVELO~1\AppData\Local\Temp\ccjLlGMY.s:47     .text.chRFCUCollectFaultsI:0000000c $d
C:\Users\DEVELO~1\AppData\Local\Temp\ccjLlGMY.s:52     .text.chRFCUGetAndClearFaultsI:00000000 $t
C:\Users\DEVELO~1\AppData\Local\Temp\ccjLlGMY.s:59     .text.chRFCUGetAndClearFaultsI:00000000 chRFCUGetAndClearFaultsI
C:\Users\DEVELO~1\AppData\Local\Temp\ccjLlGMY.s:88     .text.chRFCUGetAndClearFaultsI:00000010 $d

UNDEFINED SYMBOLS
ch0
