ARM GAS  C:\Users\DEVELO~1\AppData\Local\Temp\ccWEqY9m.s 			page 1


   1              		.cpu cortex-m7
   2              		.arch armv7e-m
   3              		.fpu softvfp
   4              		.eabi_attribute 20, 1
   5              		.eabi_attribute 21, 1
   6              		.eabi_attribute 23, 3
   7              		.eabi_attribute 24, 1
   8              		.eabi_attribute 25, 1
   9              		.eabi_attribute 26, 1
  10              		.eabi_attribute 30, 2
  11              		.eabi_attribute 34, 1
  12              		.eabi_attribute 18, 4
  13              		.file	"drivers.c"
  14              		.text
  15              	.Ltext0:
  16              		.cfi_sections	.debug_frame
  17              		.section	.text.drivers_init_all,"ax",%progbits
  18              		.align	1
  19              		.p2align 4,,15
  20              		.global	drivers_init_all
  21              		.syntax unified
  22              		.thumb
  23              		.thumb_func
  24              		.type	drivers_init_all, %function
  25              	drivers_init_all:
  26              	.LFB432:
  27              		.file 1 "drivers/drivers.c"
  28              		.loc 1 11 29 view -0
  29              		.cfi_startproc
  30              		@ args = 0, pretend = 0, frame = 0
  31              		@ frame_needed = 0, uses_anonymous_args = 0
  32              		.loc 1 12 5 view .LVU1
  33              		.loc 1 11 29 is_stmt 0 view .LVU2
  34 0000 08B5     		push	{r3, lr}
  35              		.cfi_def_cfa_offset 8
  36              		.cfi_offset 3, -8
  37              		.cfi_offset 14, -4
  38              		.loc 1 12 5 view .LVU3
  39 0002 0448     		ldr	r0, .L4
  40 0004 FFF7FEFF 		bl	chMtxObjectInit
  41              	.LVL0:
  42              		.loc 1 20 5 is_stmt 1 view .LVU4
  43 0008 FFF7FEFF 		bl	drv_display_init
  44              	.LVL1:
  45              		.loc 1 21 5 view .LVU5
  46              		.loc 1 23 1 is_stmt 0 view .LVU6
  47 000c BDE80840 		pop	{r3, lr}
  48              		.cfi_restore 14
  49              		.cfi_restore 3
  50              		.cfi_def_cfa_offset 0
  51              		.loc 1 21 5 view .LVU7
  52 0010 FFF7FEBF 		b	drv_display_start
  53              	.LVL2:
  54              	.L5:
  55              		.align	2
  56              	.L4:
  57 0014 00000000 		.word	.LANCHOR0
ARM GAS  C:\Users\DEVELO~1\AppData\Local\Temp\ccWEqY9m.s 			page 2


  58              		.cfi_endproc
  59              	.LFE432:
  60              		.size	drivers_init_all, .-drivers_init_all
  61              		.section	.text.drivers_update_all,"ax",%progbits
  62              		.align	1
  63              		.p2align 4,,15
  64              		.global	drivers_update_all
  65              		.syntax unified
  66              		.thumb
  67              		.thumb_func
  68              		.type	drivers_update_all, %function
  69              	drivers_update_all:
  70              	.LFB433:
  71              		.loc 1 26 31 is_stmt 1 view -0
  72              		.cfi_startproc
  73              		@ args = 0, pretend = 0, frame = 0
  74              		@ frame_needed = 0, uses_anonymous_args = 0
  75              		@ link register save eliminated.
  76              		.loc 1 29 5 view .LVU9
  77 0000 FFF7FEBF 		b	drv_display_update
  78              	.LVL3:
  79              		.cfi_endproc
  80              	.LFE433:
  81              		.size	drivers_update_all, .-drivers_update_all
  82              		.global	spi5_mutex
  83              		.section	.bss.spi5_mutex,"aw",%nobits
  84              		.align	2
  85              		.set	.LANCHOR0,. + 0
  86              		.type	spi5_mutex, %object
  87              		.size	spi5_mutex, 16
  88              	spi5_mutex:
  89 0000 00000000 		.space	16
  89      00000000 
  89      00000000 
  89      00000000 
  90              		.text
  91              	.Letext0:
  92              		.file 2 "c:\\chibistudio\\tools\\gnu tools arm embedded\\11.3 2022.08\\arm-none-eabi\\include\\mac
  93              		.file 3 "c:\\chibistudio\\tools\\gnu tools arm embedded\\11.3 2022.08\\arm-none-eabi\\include\\sys
  94              		.file 4 "../../../os/common/ports/ARM-common/chtypes.h"
  95              		.file 5 "../../../os/rt/include/chearly.h"
  96              		.file 6 "../../../os/rt/include/chobjects.h"
  97              		.file 7 "../../../os/rt/include/chrfcu.h"
  98              		.file 8 "../../../os/rt/include/chdebug.h"
  99              		.file 9 "../../../os/rt/include/chtime.h"
 100              		.file 10 "../../../os/rt/include/chlists.h"
 101              		.file 11 "../../../os/rt/include/chtrace.h"
 102              		.file 12 "../../../os/common/ports/ARMv7-M/chcore.h"
 103              		.file 13 "../../../os/rt/include/chsem.h"
 104              		.file 14 "../../../os/rt/include/chmtx.h"
 105              		.file 15 "drivers/drv_display.h"
 106              		.file 16 "drivers/drivers.h"
 107              		.section	.debug_info,"",%progbits
 108              	.Ldebug_info0:
 109 0000 55090000 		.4byte	0x955
 110 0004 0500     		.2byte	0x5
 111 0006 01       		.byte	0x1
ARM GAS  C:\Users\DEVELO~1\AppData\Local\Temp\ccWEqY9m.s 			page 3


 112 0007 04       		.byte	0x4
 113 0008 00000000 		.4byte	.Ldebug_abbrev0
 114 000c 15       		.uleb128 0x15
 115 000d 39020000 		.4byte	.LASF125
 116 0011 1D       		.byte	0x1d
 117 0012 17050000 		.4byte	.LASF126
 118 0016 3F000000 		.4byte	.LASF127
 119 001a 0C000000 		.4byte	.LLRL0
 120 001e 00000000 		.4byte	0
 121 0022 00000000 		.4byte	.Ldebug_line0
 122 0026 16       		.uleb128 0x16
 123 0027 04       		.byte	0x4
 124 0028 05       		.byte	0x5
 125 0029 696E7400 		.ascii	"int\000"
 126 002d 05       		.uleb128 0x5
 127 002e 04       		.byte	0x4
 128 002f 07       		.byte	0x7
 129 0030 E2010000 		.4byte	.LASF0
 130 0034 05       		.uleb128 0x5
 131 0035 08       		.byte	0x8
 132 0036 05       		.byte	0x5
 133 0037 F9000000 		.4byte	.LASF1
 134 003b 05       		.uleb128 0x5
 135 003c 08       		.byte	0x8
 136 003d 04       		.byte	0x4
 137 003e 3F050000 		.4byte	.LASF2
 138 0042 05       		.uleb128 0x5
 139 0043 01       		.byte	0x1
 140 0044 06       		.byte	0x6
 141 0045 07010000 		.4byte	.LASF3
 142 0049 01       		.uleb128 0x1
 143 004a 35000000 		.4byte	.LASF6
 144 004e 02       		.byte	0x2
 145 004f 2B       		.byte	0x2b
 146 0050 18       		.byte	0x18
 147 0051 55000000 		.4byte	0x55
 148 0055 05       		.uleb128 0x5
 149 0056 01       		.byte	0x1
 150 0057 08       		.byte	0x8
 151 0058 97040000 		.4byte	.LASF4
 152 005c 05       		.uleb128 0x5
 153 005d 02       		.byte	0x2
 154 005e 05       		.byte	0x5
 155 005f AC040000 		.4byte	.LASF5
 156 0063 01       		.uleb128 0x1
 157 0064 5E050000 		.4byte	.LASF7
 158 0068 02       		.byte	0x2
 159 0069 39       		.byte	0x39
 160 006a 19       		.byte	0x19
 161 006b 6F000000 		.4byte	0x6f
 162 006f 05       		.uleb128 0x5
 163 0070 02       		.byte	0x2
 164 0071 07       		.byte	0x7
 165 0072 04030000 		.4byte	.LASF8
 166 0076 01       		.uleb128 0x1
 167 0077 6D030000 		.4byte	.LASF9
 168 007b 02       		.byte	0x2
ARM GAS  C:\Users\DEVELO~1\AppData\Local\Temp\ccWEqY9m.s 			page 4


 169 007c 4D       		.byte	0x4d
 170 007d 18       		.byte	0x18
 171 007e 82000000 		.4byte	0x82
 172 0082 05       		.uleb128 0x5
 173 0083 04       		.byte	0x4
 174 0084 05       		.byte	0x5
 175 0085 3E010000 		.4byte	.LASF10
 176 0089 01       		.uleb128 0x1
 177 008a 95010000 		.4byte	.LASF11
 178 008e 02       		.byte	0x2
 179 008f 4F       		.byte	0x4f
 180 0090 19       		.byte	0x19
 181 0091 95000000 		.4byte	0x95
 182 0095 05       		.uleb128 0x5
 183 0096 04       		.byte	0x4
 184 0097 07       		.byte	0x7
 185 0098 15020000 		.4byte	.LASF12
 186 009c 01       		.uleb128 0x1
 187 009d 4A040000 		.4byte	.LASF13
 188 00a1 02       		.byte	0x2
 189 00a2 69       		.byte	0x69
 190 00a3 19       		.byte	0x19
 191 00a4 A8000000 		.4byte	0xa8
 192 00a8 05       		.uleb128 0x5
 193 00a9 08       		.byte	0x8
 194 00aa 07       		.byte	0x7
 195 00ab 21010000 		.4byte	.LASF14
 196 00af 01       		.uleb128 0x1
 197 00b0 1B060000 		.4byte	.LASF15
 198 00b4 03       		.byte	0x3
 199 00b5 18       		.byte	0x18
 200 00b6 13       		.byte	0x13
 201 00b7 49000000 		.4byte	0x49
 202 00bb 01       		.uleb128 0x1
 203 00bc 71010000 		.4byte	.LASF16
 204 00c0 03       		.byte	0x3
 205 00c1 24       		.byte	0x24
 206 00c2 14       		.byte	0x14
 207 00c3 63000000 		.4byte	0x63
 208 00c7 01       		.uleb128 0x1
 209 00c8 8F040000 		.4byte	.LASF17
 210 00cc 03       		.byte	0x3
 211 00cd 2C       		.byte	0x2c
 212 00ce 13       		.byte	0x13
 213 00cf 76000000 		.4byte	0x76
 214 00d3 01       		.uleb128 0x1
 215 00d4 07050000 		.4byte	.LASF18
 216 00d8 03       		.byte	0x3
 217 00d9 30       		.byte	0x30
 218 00da 14       		.byte	0x14
 219 00db 89000000 		.4byte	0x89
 220 00df 01       		.uleb128 0x1
 221 00e0 FD030000 		.4byte	.LASF19
 222 00e4 03       		.byte	0x3
 223 00e5 3C       		.byte	0x3c
 224 00e6 14       		.byte	0x14
 225 00e7 9C000000 		.4byte	0x9c
ARM GAS  C:\Users\DEVELO~1\AppData\Local\Temp\ccWEqY9m.s 			page 5


 226 00eb 11       		.uleb128 0x11
 227 00ec DF000000 		.4byte	0xdf
 228 00f0 01       		.uleb128 0x1
 229 00f1 29050000 		.4byte	.LASF20
 230 00f5 04       		.byte	0x4
 231 00f6 48       		.byte	0x48
 232 00f7 1D       		.byte	0x1d
 233 00f8 DF000000 		.4byte	0xdf
 234 00fc 01       		.uleb128 0x1
 235 00fd 8D030000 		.4byte	.LASF21
 236 0101 05       		.byte	0x5
 237 0102 50       		.byte	0x50
 238 0103 19       		.byte	0x19
 239 0104 F0000000 		.4byte	0xf0
 240 0108 01       		.uleb128 0x1
 241 0109 30030000 		.4byte	.LASF22
 242 010d 05       		.byte	0x5
 243 010e 53       		.byte	0x53
 244 010f 19       		.byte	0x19
 245 0110 AF000000 		.4byte	0xaf
 246 0114 01       		.uleb128 0x1
 247 0115 47010000 		.4byte	.LASF23
 248 0119 05       		.byte	0x5
 249 011a 54       		.byte	0x54
 250 011b 19       		.byte	0x19
 251 011c AF000000 		.4byte	0xaf
 252 0120 01       		.uleb128 0x1
 253 0121 5F040000 		.4byte	.LASF24
 254 0125 05       		.byte	0x5
 255 0126 55       		.byte	0x55
 256 0127 19       		.byte	0x19
 257 0128 AF000000 		.4byte	0xaf
 258 012c 01       		.uleb128 0x1
 259 012d 71040000 		.4byte	.LASF25
 260 0131 05       		.byte	0x5
 261 0132 57       		.byte	0x57
 262 0133 19       		.byte	0x19
 263 0134 D3000000 		.4byte	0xd3
 264 0138 01       		.uleb128 0x1
 265 0139 21030000 		.4byte	.LASF26
 266 013d 05       		.byte	0x5
 267 013e 58       		.byte	0x58
 268 013f 19       		.byte	0x19
 269 0140 C7000000 		.4byte	0xc7
 270 0144 01       		.uleb128 0x1
 271 0145 61030000 		.4byte	.LASF27
 272 0149 05       		.byte	0x5
 273 014a 5A       		.byte	0x5a
 274 014b 19       		.byte	0x19
 275 014c D3000000 		.4byte	0xd3
 276 0150 01       		.uleb128 0x1
 277 0151 D3010000 		.4byte	.LASF28
 278 0155 05       		.byte	0x5
 279 0156 5C       		.byte	0x5c
 280 0157 19       		.byte	0x19
 281 0158 C7000000 		.4byte	0xc7
 282 015c 01       		.uleb128 0x1
ARM GAS  C:\Users\DEVELO~1\AppData\Local\Temp\ccWEqY9m.s 			page 6


 283 015d 55040000 		.4byte	.LASF29
 284 0161 05       		.byte	0x5
 285 0162 80       		.byte	0x80
 286 0163 12       		.byte	0x12
 287 0164 2D000000 		.4byte	0x2d
 288 0168 01       		.uleb128 0x1
 289 0169 69050000 		.4byte	.LASF30
 290 016d 05       		.byte	0x5
 291 016e 85       		.byte	0x85
 292 016f 1A       		.byte	0x1a
 293 0170 74010000 		.4byte	0x174
 294 0174 07       		.uleb128 0x7
 295 0175 17030000 		.4byte	.LASF45
 296 0179 48       		.byte	0x48
 297 017a 06       		.byte	0x6
 298 017b 9C       		.byte	0x9c
 299 017c 08       		.byte	0x8
 300 017d 51020000 		.4byte	0x251
 301 0181 08       		.uleb128 0x8
 302 0182 68647200 		.ascii	"hdr\000"
 303 0186 06       		.byte	0x6
 304 0187 AD       		.byte	0xad
 305 0188 05       		.byte	0x5
 306 0189 01070000 		.4byte	0x701
 307 018d 00       		.byte	0
 308 018e 08       		.uleb128 0x8
 309 018f 63747800 		.ascii	"ctx\000"
 310 0193 06       		.byte	0x6
 311 0194 B1       		.byte	0xb1
 312 0195 21       		.byte	0x21
 313 0196 6C060000 		.4byte	0x66c
 314 019a 0C       		.byte	0xc
 315 019b 02       		.uleb128 0x2
 316 019c 27020000 		.4byte	.LASF31
 317 01a0 06       		.byte	0x6
 318 01a1 B6       		.byte	0xb6
 319 01a2 21       		.byte	0x21
 320 01a3 97030000 		.4byte	0x397
 321 01a7 10       		.byte	0x10
 322 01a8 02       		.uleb128 0x2
 323 01a9 39050000 		.4byte	.LASF32
 324 01ad 06       		.byte	0x6
 325 01ae BB       		.byte	0xbb
 326 01af 22       		.byte	0x22
 327 01b0 03080000 		.4byte	0x803
 328 01b4 18       		.byte	0x18
 329 01b5 02       		.uleb128 0x2
 330 01b6 EE020000 		.4byte	.LASF33
 331 01ba 06       		.byte	0x6
 332 01bb C0       		.byte	0xc0
 333 01bc 22       		.byte	0x22
 334 01bd 31030000 		.4byte	0x331
 335 01c1 1C       		.byte	0x1c
 336 01c2 02       		.uleb128 0x2
 337 01c3 4B050000 		.4byte	.LASF34
 338 01c7 06       		.byte	0x6
 339 01c8 C9       		.byte	0xc9
ARM GAS  C:\Users\DEVELO~1\AppData\Local\Temp\ccWEqY9m.s 			page 7


 340 01c9 22       		.byte	0x22
 341 01ca 08080000 		.4byte	0x808
 342 01ce 20       		.byte	0x20
 343 01cf 02       		.uleb128 0x2
 344 01d0 38010000 		.4byte	.LASF35
 345 01d4 06       		.byte	0x6
 346 01d5 CE       		.byte	0xce
 347 01d6 21       		.byte	0x21
 348 01d7 14010000 		.4byte	0x114
 349 01db 24       		.byte	0x24
 350 01dc 02       		.uleb128 0x2
 351 01dd 23060000 		.4byte	.LASF36
 352 01e1 06       		.byte	0x6
 353 01e2 D2       		.byte	0xd2
 354 01e3 21       		.byte	0x21
 355 01e4 08010000 		.4byte	0x108
 356 01e8 25       		.byte	0x25
 357 01e9 02       		.uleb128 0x2
 358 01ea 67040000 		.4byte	.LASF37
 359 01ee 06       		.byte	0x6
 360 01ef D7       		.byte	0xd7
 361 01f0 21       		.byte	0x21
 362 01f1 20010000 		.4byte	0x120
 363 01f5 26       		.byte	0x26
 364 01f6 06       		.uleb128 0x6
 365 01f7 7500     		.ascii	"u\000"
 366 01f9 06       		.byte	0x6
 367 01fa 2801     		.2byte	0x128
 368 01fc 21       		.byte	0x21
 369 01fd 2E070000 		.4byte	0x72e
 370 0201 28       		.byte	0x28
 371 0202 03       		.uleb128 0x3
 372 0203 A5010000 		.4byte	.LASF38
 373 0207 2D01     		.2byte	0x12d
 374 0209 21       		.byte	0x21
 375 020a 6B030000 		.4byte	0x36b
 376 020e 2C       		.byte	0x2c
 377 020f 03       		.uleb128 0x3
 378 0210 D9010000 		.4byte	.LASF39
 379 0214 3301     		.2byte	0x133
 380 0216 21       		.byte	0x21
 381 0217 97030000 		.4byte	0x397
 382 021b 30       		.byte	0x30
 383 021c 03       		.uleb128 0x3
 384 021d 27030000 		.4byte	.LASF40
 385 0221 3901     		.2byte	0x139
 386 0223 21       		.byte	0x21
 387 0224 44010000 		.4byte	0x144
 388 0228 38       		.byte	0x38
 389 0229 03       		.uleb128 0x3
 390 022a 53060000 		.4byte	.LASF41
 391 022e 4001     		.2byte	0x140
 392 0230 22       		.byte	0x22
 393 0231 FE070000 		.4byte	0x7fe
 394 0235 3C       		.byte	0x3c
 395 0236 03       		.uleb128 0x3
 396 0237 AA030000 		.4byte	.LASF42
ARM GAS  C:\Users\DEVELO~1\AppData\Local\Temp\ccWEqY9m.s 			page 8


 397 023b 4401     		.2byte	0x144
 398 023d 21       		.byte	0x21
 399 023e 2C010000 		.4byte	0x12c
 400 0242 40       		.byte	0x40
 401 0243 03       		.uleb128 0x3
 402 0244 F9020000 		.4byte	.LASF43
 403 0248 4B01     		.2byte	0x14b
 404 024a 22       		.byte	0x22
 405 024b 84040000 		.4byte	0x484
 406 024f 44       		.byte	0x44
 407 0250 00       		.byte	0
 408 0251 01       		.uleb128 0x1
 409 0252 B9050000 		.4byte	.LASF44
 410 0256 05       		.byte	0x5
 411 0257 8A       		.byte	0x8a
 412 0258 1F       		.byte	0x1f
 413 0259 5D020000 		.4byte	0x25d
 414 025d 17       		.uleb128 0x17
 415 025e 29040000 		.4byte	.LASF46
 416 0262 9008     		.2byte	0x890
 417 0264 06       		.byte	0x6
 418 0265 8A01     		.2byte	0x18a
 419 0267 08       		.byte	0x8
 420 0268 E3020000 		.4byte	0x2e3
 421 026c 03       		.uleb128 0x3
 422 026d 15060000 		.4byte	.LASF47
 423 0271 8E01     		.2byte	0x18e
 424 0273 21       		.byte	0x21
 425 0274 36080000 		.4byte	0x836
 426 0278 00       		.byte	0
 427 0279 03       		.uleb128 0x3
 428 027a A1000000 		.4byte	.LASF48
 429 027e 9201     		.2byte	0x192
 430 0280 21       		.byte	0x21
 431 0281 C2060000 		.4byte	0x6c2
 432 0285 10       		.byte	0x10
 433 0286 03       		.uleb128 0x3
 434 0287 C7050000 		.4byte	.LASF49
 435 028b 9901     		.2byte	0x199
 436 028d 21       		.byte	0x21
 437 028e E9060000 		.4byte	0x6e9
 438 0292 28       		.byte	0x28
 439 0293 03       		.uleb128 0x3
 440 0294 CD040000 		.4byte	.LASF50
 441 0298 9E01     		.2byte	0x19e
 442 029a 21       		.byte	0x21
 443 029b 5C010000 		.4byte	0x15c
 444 029f 30       		.byte	0x30
 445 02a0 03       		.uleb128 0x3
 446 02a1 1F000000 		.4byte	.LASF51
 447 02a5 A401     		.2byte	0x1a4
 448 02a7 21       		.byte	0x21
 449 02a8 0A030000 		.4byte	0x30a
 450 02ac 34       		.byte	0x34
 451 02ad 03       		.uleb128 0x3
 452 02ae 57050000 		.4byte	.LASF52
 453 02b2 A901     		.2byte	0x1a9
ARM GAS  C:\Users\DEVELO~1\AppData\Local\Temp\ccWEqY9m.s 			page 9


 454 02b4 22       		.byte	0x22
 455 02b5 A1080000 		.4byte	0x8a1
 456 02b9 38       		.byte	0x38
 457 02ba 03       		.uleb128 0x3
 458 02bb C9000000 		.4byte	.LASF53
 459 02bf AD01     		.2byte	0x1ad
 460 02c1 21       		.byte	0x21
 461 02c2 68010000 		.4byte	0x168
 462 02c6 3C       		.byte	0x3c
 463 02c7 06       		.uleb128 0x6
 464 02c8 64626700 		.ascii	"dbg\000"
 465 02cc 06       		.byte	0x6
 466 02cd B101     		.2byte	0x1b1
 467 02cf 21       		.byte	0x21
 468 02d0 47030000 		.4byte	0x347
 469 02d4 84       		.byte	0x84
 470 02d5 03       		.uleb128 0x3
 471 02d6 32060000 		.4byte	.LASF54
 472 02da B601     		.2byte	0x1b6
 473 02dc 21       		.byte	0x21
 474 02dd DA050000 		.4byte	0x5da
 475 02e1 88       		.byte	0x88
 476 02e2 00       		.byte	0
 477 02e3 01       		.uleb128 0x1
 478 02e4 B3030000 		.4byte	.LASF55
 479 02e8 07       		.byte	0x7
 480 02e9 3F       		.byte	0x3f
 481 02ea 12       		.byte	0x12
 482 02eb D3000000 		.4byte	0xd3
 483 02ef 07       		.uleb128 0x7
 484 02f0 50010000 		.4byte	.LASF56
 485 02f4 04       		.byte	0x4
 486 02f5 07       		.byte	0x7
 487 02f6 44       		.byte	0x44
 488 02f7 10       		.byte	0x10
 489 02f8 0A030000 		.4byte	0x30a
 490 02fc 02       		.uleb128 0x2
 491 02fd A0010000 		.4byte	.LASF57
 492 0301 07       		.byte	0x7
 493 0302 48       		.byte	0x48
 494 0303 21       		.byte	0x21
 495 0304 E3020000 		.4byte	0x2e3
 496 0308 00       		.byte	0
 497 0309 00       		.byte	0
 498 030a 01       		.uleb128 0x1
 499 030b A5040000 		.4byte	.LASF58
 500 030f 07       		.byte	0x7
 501 0310 49       		.byte	0x49
 502 0311 03       		.byte	0x3
 503 0312 EF020000 		.4byte	0x2ef
 504 0316 07       		.uleb128 0x7
 505 0317 79040000 		.4byte	.LASF59
 506 031b 04       		.byte	0x4
 507 031c 08       		.byte	0x8
 508 031d 3E       		.byte	0x3e
 509 031e 10       		.byte	0x10
 510 031f 31030000 		.4byte	0x331
ARM GAS  C:\Users\DEVELO~1\AppData\Local\Temp\ccWEqY9m.s 			page 10


 511 0323 02       		.uleb128 0x2
 512 0324 9D050000 		.4byte	.LASF60
 513 0328 08       		.byte	0x8
 514 0329 46       		.byte	0x46
 515 032a 24       		.byte	0x24
 516 032b 36030000 		.4byte	0x336
 517 032f 00       		.byte	0
 518 0330 00       		.byte	0
 519 0331 04       		.uleb128 0x4
 520 0332 42030000 		.4byte	0x342
 521 0336 11       		.uleb128 0x11
 522 0337 31030000 		.4byte	0x331
 523 033b 05       		.uleb128 0x5
 524 033c 01       		.byte	0x1
 525 033d 08       		.byte	0x8
 526 033e 52050000 		.4byte	.LASF61
 527 0342 12       		.uleb128 0x12
 528 0343 3B030000 		.4byte	0x33b
 529 0347 01       		.uleb128 0x1
 530 0348 06020000 		.4byte	.LASF62
 531 034c 08       		.byte	0x8
 532 034d 51       		.byte	0x51
 533 034e 03       		.byte	0x3
 534 034f 16030000 		.4byte	0x316
 535 0353 01       		.uleb128 0x1
 536 0354 78050000 		.4byte	.LASF63
 537 0358 09       		.byte	0x9
 538 0359 6D       		.byte	0x6d
 539 035a 12       		.byte	0x12
 540 035b D3000000 		.4byte	0xd3
 541 035f 01       		.uleb128 0x1
 542 0360 C5010000 		.4byte	.LASF64
 543 0364 09       		.byte	0x9
 544 0365 79       		.byte	0x79
 545 0366 12       		.byte	0x12
 546 0367 D3000000 		.4byte	0xd3
 547 036b 01       		.uleb128 0x1
 548 036c E9030000 		.4byte	.LASF65
 549 0370 0A       		.byte	0xa
 550 0371 32       		.byte	0x32
 551 0372 18       		.byte	0x18
 552 0373 77030000 		.4byte	0x377
 553 0377 07       		.uleb128 0x7
 554 0378 4B030000 		.4byte	.LASF66
 555 037c 04       		.byte	0x4
 556 037d 0A       		.byte	0xa
 557 037e 38       		.byte	0x38
 558 037f 08       		.byte	0x8
 559 0380 92030000 		.4byte	0x392
 560 0384 02       		.uleb128 0x2
 561 0385 E2000000 		.4byte	.LASF67
 562 0389 0A       		.byte	0xa
 563 038a 39       		.byte	0x39
 564 038b 1A       		.byte	0x1a
 565 038c 92030000 		.4byte	0x392
 566 0390 00       		.byte	0
 567 0391 00       		.byte	0
ARM GAS  C:\Users\DEVELO~1\AppData\Local\Temp\ccWEqY9m.s 			page 11


 568 0392 04       		.uleb128 0x4
 569 0393 6B030000 		.4byte	0x36b
 570 0397 01       		.uleb128 0x1
 571 0398 2E020000 		.4byte	.LASF68
 572 039c 0A       		.byte	0xa
 573 039d 3F       		.byte	0x3f
 574 039e 19       		.byte	0x19
 575 039f A3030000 		.4byte	0x3a3
 576 03a3 07       		.uleb128 0x7
 577 03a4 68010000 		.4byte	.LASF69
 578 03a8 08       		.byte	0x8
 579 03a9 0A       		.byte	0xa
 580 03aa 45       		.byte	0x45
 581 03ab 08       		.byte	0x8
 582 03ac CB030000 		.4byte	0x3cb
 583 03b0 02       		.uleb128 0x2
 584 03b1 E2000000 		.4byte	.LASF67
 585 03b5 0A       		.byte	0xa
 586 03b6 46       		.byte	0x46
 587 03b7 1A       		.byte	0x1a
 588 03b8 CB030000 		.4byte	0x3cb
 589 03bc 00       		.byte	0
 590 03bd 02       		.uleb128 0x2
 591 03be 00000000 		.4byte	.LASF70
 592 03c2 0A       		.byte	0xa
 593 03c3 47       		.byte	0x47
 594 03c4 1A       		.byte	0x1a
 595 03c5 CB030000 		.4byte	0x3cb
 596 03c9 04       		.byte	0x4
 597 03ca 00       		.byte	0
 598 03cb 04       		.uleb128 0x4
 599 03cc 97030000 		.4byte	0x397
 600 03d0 01       		.uleb128 0x1
 601 03d1 89050000 		.4byte	.LASF71
 602 03d5 0A       		.byte	0xa
 603 03d6 4E       		.byte	0x4e
 604 03d7 22       		.byte	0x22
 605 03d8 DC030000 		.4byte	0x3dc
 606 03dc 07       		.uleb128 0x7
 607 03dd CF050000 		.4byte	.LASF72
 608 03e1 0C       		.byte	0xc
 609 03e2 0A       		.byte	0xa
 610 03e3 55       		.byte	0x55
 611 03e4 08       		.byte	0x8
 612 03e5 11040000 		.4byte	0x411
 613 03e9 02       		.uleb128 0x2
 614 03ea E2000000 		.4byte	.LASF67
 615 03ee 0A       		.byte	0xa
 616 03ef 56       		.byte	0x56
 617 03f0 1A       		.byte	0x1a
 618 03f1 11040000 		.4byte	0x411
 619 03f5 00       		.byte	0
 620 03f6 02       		.uleb128 0x2
 621 03f7 00000000 		.4byte	.LASF70
 622 03fb 0A       		.byte	0xa
 623 03fc 57       		.byte	0x57
 624 03fd 1A       		.byte	0x1a
ARM GAS  C:\Users\DEVELO~1\AppData\Local\Temp\ccWEqY9m.s 			page 12


 625 03fe 11040000 		.4byte	0x411
 626 0402 04       		.byte	0x4
 627 0403 02       		.uleb128 0x2
 628 0404 3D040000 		.4byte	.LASF73
 629 0408 0A       		.byte	0xa
 630 0409 58       		.byte	0x58
 631 040a 19       		.byte	0x19
 632 040b 2C010000 		.4byte	0x12c
 633 040f 08       		.byte	0x8
 634 0410 00       		.byte	0
 635 0411 04       		.uleb128 0x4
 636 0412 D0030000 		.4byte	0x3d0
 637 0416 01       		.uleb128 0x1
 638 0417 E1050000 		.4byte	.LASF74
 639 041b 0A       		.byte	0xa
 640 041c 5F       		.byte	0x5f
 641 041d 1E       		.byte	0x1e
 642 041e 22040000 		.4byte	0x422
 643 0422 07       		.uleb128 0x7
 644 0423 13010000 		.4byte	.LASF75
 645 0427 0C       		.byte	0xc
 646 0428 0A       		.byte	0xa
 647 0429 64       		.byte	0x64
 648 042a 08       		.byte	0x8
 649 042b 57040000 		.4byte	0x457
 650 042f 02       		.uleb128 0x2
 651 0430 E2000000 		.4byte	.LASF67
 652 0434 0A       		.byte	0xa
 653 0435 65       		.byte	0x65
 654 0436 1A       		.byte	0x1a
 655 0437 57040000 		.4byte	0x457
 656 043b 00       		.byte	0
 657 043c 02       		.uleb128 0x2
 658 043d 00000000 		.4byte	.LASF70
 659 0441 0A       		.byte	0xa
 660 0442 66       		.byte	0x66
 661 0443 1A       		.byte	0x1a
 662 0444 57040000 		.4byte	0x457
 663 0448 04       		.byte	0x4
 664 0449 02       		.uleb128 0x2
 665 044a DC000000 		.4byte	.LASF76
 666 044e 0A       		.byte	0xa
 667 044f 67       		.byte	0x67
 668 0450 19       		.byte	0x19
 669 0451 5F030000 		.4byte	0x35f
 670 0455 08       		.byte	0x8
 671 0456 00       		.byte	0
 672 0457 04       		.uleb128 0x4
 673 0458 16040000 		.4byte	0x416
 674 045c 0A       		.uleb128 0xa
 675 045d 08       		.byte	0x8
 676 045e 83       		.byte	0x83
 677 045f 05       		.byte	0x5
 678 0460 7F040000 		.4byte	0x47f
 679 0464 08       		.uleb128 0x8
 680 0465 6E747000 		.ascii	"ntp\000"
 681 0469 0B       		.byte	0xb
ARM GAS  C:\Users\DEVELO~1\AppData\Local\Temp\ccWEqY9m.s 			page 13


 682 046a 87       		.byte	0x87
 683 046b 1E       		.byte	0x1e
 684 046c 7F040000 		.4byte	0x47f
 685 0470 00       		.byte	0
 686 0471 02       		.uleb128 0x2
 687 0472 BF040000 		.4byte	.LASF77
 688 0476 0B       		.byte	0xb
 689 0477 8B       		.byte	0x8b
 690 0478 1E       		.byte	0x1e
 691 0479 84040000 		.4byte	0x484
 692 047d 04       		.byte	0x4
 693 047e 00       		.byte	0
 694 047f 04       		.uleb128 0x4
 695 0480 68010000 		.4byte	0x168
 696 0484 18       		.uleb128 0x18
 697 0485 04       		.byte	0x4
 698 0486 0A       		.uleb128 0xa
 699 0487 08       		.byte	0x8
 700 0488 90       		.byte	0x90
 701 0489 05       		.byte	0x5
 702 048a A8040000 		.4byte	0x4a8
 703 048e 08       		.uleb128 0x8
 704 048f 747000   		.ascii	"tp\000"
 705 0492 0B       		.byte	0xb
 706 0493 94       		.byte	0x94
 707 0494 1E       		.byte	0x1e
 708 0495 7F040000 		.4byte	0x47f
 709 0499 00       		.byte	0
 710 049a 08       		.uleb128 0x8
 711 049b 6D736700 		.ascii	"msg\000"
 712 049f 0B       		.byte	0xb
 713 04a0 98       		.byte	0x98
 714 04a1 1D       		.byte	0x1d
 715 04a2 38010000 		.4byte	0x138
 716 04a6 04       		.byte	0x4
 717 04a7 00       		.byte	0
 718 04a8 0A       		.uleb128 0xa
 719 04a9 04       		.byte	0x4
 720 04aa 9D       		.byte	0x9d
 721 04ab 05       		.byte	0x5
 722 04ac BE040000 		.4byte	0x4be
 723 04b0 02       		.uleb128 0x2
 724 04b1 EE020000 		.4byte	.LASF33
 725 04b5 0B       		.byte	0xb
 726 04b6 A1       		.byte	0xa1
 727 04b7 1E       		.byte	0x1e
 728 04b8 31030000 		.4byte	0x331
 729 04bc 00       		.byte	0
 730 04bd 00       		.byte	0
 731 04be 0A       		.uleb128 0xa
 732 04bf 04       		.byte	0x4
 733 04c0 A6       		.byte	0xa6
 734 04c1 05       		.byte	0x5
 735 04c2 D4040000 		.4byte	0x4d4
 736 04c6 02       		.uleb128 0x2
 737 04c7 D5040000 		.4byte	.LASF78
 738 04cb 0B       		.byte	0xb
ARM GAS  C:\Users\DEVELO~1\AppData\Local\Temp\ccWEqY9m.s 			page 14


 739 04cc AA       		.byte	0xaa
 740 04cd 1E       		.byte	0x1e
 741 04ce 31030000 		.4byte	0x331
 742 04d2 00       		.byte	0
 743 04d3 00       		.byte	0
 744 04d4 0A       		.uleb128 0xa
 745 04d5 08       		.byte	0x8
 746 04d6 AF       		.byte	0xaf
 747 04d7 05       		.byte	0x5
 748 04d8 F7040000 		.4byte	0x4f7
 749 04dc 08       		.uleb128 0x8
 750 04dd 75703100 		.ascii	"up1\000"
 751 04e1 0B       		.byte	0xb
 752 04e2 B3       		.byte	0xb3
 753 04e3 1E       		.byte	0x1e
 754 04e4 84040000 		.4byte	0x484
 755 04e8 00       		.byte	0
 756 04e9 08       		.uleb128 0x8
 757 04ea 75703200 		.ascii	"up2\000"
 758 04ee 0B       		.byte	0xb
 759 04ef B7       		.byte	0xb7
 760 04f0 1E       		.byte	0x1e
 761 04f1 84040000 		.4byte	0x484
 762 04f5 04       		.byte	0x4
 763 04f6 00       		.byte	0
 764 04f7 0D       		.uleb128 0xd
 765 04f8 08       		.byte	0x8
 766 04f9 0B       		.byte	0xb
 767 04fa 7F       		.byte	0x7f
 768 04fb 35050000 		.4byte	0x535
 769 04ff 0E       		.uleb128 0xe
 770 0500 737700   		.ascii	"sw\000"
 771 0503 8C       		.byte	0x8c
 772 0504 5C040000 		.4byte	0x45c
 773 0508 0E       		.uleb128 0xe
 774 0509 72647900 		.ascii	"rdy\000"
 775 050d 99       		.byte	0x99
 776 050e 86040000 		.4byte	0x486
 777 0512 0E       		.uleb128 0xe
 778 0513 69737200 		.ascii	"isr\000"
 779 0517 A2       		.byte	0xa2
 780 0518 A8040000 		.4byte	0x4a8
 781 051c 09       		.uleb128 0x9
 782 051d BB000000 		.4byte	.LASF79
 783 0521 0B       		.byte	0xb
 784 0522 AB       		.byte	0xab
 785 0523 07       		.byte	0x7
 786 0524 BE040000 		.4byte	0x4be
 787 0528 09       		.uleb128 0x9
 788 0529 6C040000 		.4byte	.LASF80
 789 052d 0B       		.byte	0xb
 790 052e B8       		.byte	0xb8
 791 052f 07       		.byte	0x7
 792 0530 D4040000 		.4byte	0x4d4
 793 0534 00       		.byte	0
 794 0535 0A       		.uleb128 0xa
 795 0536 10       		.byte	0x10
ARM GAS  C:\Users\DEVELO~1\AppData\Local\Temp\ccWEqY9m.s 			page 15


 796 0537 6C       		.byte	0x6c
 797 0538 09       		.byte	0x9
 798 0539 7A050000 		.4byte	0x57a
 799 053d 0F       		.uleb128 0xf
 800 053e A8000000 		.4byte	.LASF81
 801 0542 70       		.byte	0x70
 802 0543 D3000000 		.4byte	0xd3
 803 0547 03       		.byte	0x3
 804 0548 00       		.byte	0
 805 0549 0F       		.uleb128 0xf
 806 054a 38010000 		.4byte	.LASF35
 807 054e 74       		.byte	0x74
 808 054f D3000000 		.4byte	0xd3
 809 0553 05       		.byte	0x5
 810 0554 03       		.byte	0x3
 811 0555 0F       		.uleb128 0xf
 812 0556 98030000 		.4byte	.LASF82
 813 055a 7A       		.byte	0x7a
 814 055b D3000000 		.4byte	0xd3
 815 055f 18       		.byte	0x18
 816 0560 08       		.byte	0x8
 817 0561 02       		.uleb128 0x2
 818 0562 38040000 		.4byte	.LASF83
 819 0566 0B       		.byte	0xb
 820 0567 7E       		.byte	0x7e
 821 0568 19       		.byte	0x19
 822 0569 53030000 		.4byte	0x353
 823 056d 04       		.byte	0x4
 824 056e 08       		.uleb128 0x8
 825 056f 7500     		.ascii	"u\000"
 826 0571 0B       		.byte	0xb
 827 0572 B9       		.byte	0xb9
 828 0573 05       		.byte	0x5
 829 0574 F7040000 		.4byte	0x4f7
 830 0578 08       		.byte	0x8
 831 0579 00       		.byte	0
 832 057a 01       		.uleb128 0x1
 833 057b AD000000 		.4byte	.LASF84
 834 057f 0B       		.byte	0xb
 835 0580 BA       		.byte	0xba
 836 0581 03       		.byte	0x3
 837 0582 35050000 		.4byte	0x535
 838 0586 19       		.uleb128 0x19
 839 0587 0808     		.2byte	0x808
 840 0589 0B       		.byte	0xb
 841 058a C0       		.byte	0xc0
 842 058b 09       		.byte	0x9
 843 058c C5050000 		.4byte	0x5c5
 844 0590 02       		.uleb128 0x2
 845 0591 F3030000 		.4byte	.LASF85
 846 0595 0B       		.byte	0xb
 847 0596 C4       		.byte	0xc4
 848 0597 19       		.byte	0x19
 849 0598 BB000000 		.4byte	0xbb
 850 059c 00       		.byte	0
 851 059d 02       		.uleb128 0x2
 852 059e FF020000 		.4byte	.LASF86
ARM GAS  C:\Users\DEVELO~1\AppData\Local\Temp\ccWEqY9m.s 			page 16


 853 05a2 0B       		.byte	0xb
 854 05a3 C8       		.byte	0xc8
 855 05a4 19       		.byte	0x19
 856 05a5 BB000000 		.4byte	0xbb
 857 05a9 02       		.byte	0x2
 858 05aa 08       		.uleb128 0x8
 859 05ab 70747200 		.ascii	"ptr\000"
 860 05af 0B       		.byte	0xb
 861 05b0 CC       		.byte	0xcc
 862 05b1 1A       		.byte	0x1a
 863 05b2 C5050000 		.4byte	0x5c5
 864 05b6 04       		.byte	0x4
 865 05b7 02       		.uleb128 0x2
 866 05b8 82050000 		.4byte	.LASF87
 867 05bc 0B       		.byte	0xb
 868 05bd D0       		.byte	0xd0
 869 05be 19       		.byte	0x19
 870 05bf CA050000 		.4byte	0x5ca
 871 05c3 08       		.byte	0x8
 872 05c4 00       		.byte	0
 873 05c5 04       		.uleb128 0x4
 874 05c6 7A050000 		.4byte	0x57a
 875 05ca 1A       		.uleb128 0x1a
 876 05cb 7A050000 		.4byte	0x57a
 877 05cf DA050000 		.4byte	0x5da
 878 05d3 1B       		.uleb128 0x1b
 879 05d4 2D000000 		.4byte	0x2d
 880 05d8 7F       		.byte	0x7f
 881 05d9 00       		.byte	0
 882 05da 01       		.uleb128 0x1
 883 05db 7A010000 		.4byte	.LASF88
 884 05df 0B       		.byte	0xb
 885 05e0 D1       		.byte	0xd1
 886 05e1 03       		.byte	0x3
 887 05e2 86050000 		.4byte	0x586
 888 05e6 0C       		.uleb128 0xc
 889 05e7 95000000 		.4byte	.LASF89
 890 05eb 24       		.byte	0x24
 891 05ec 0C       		.byte	0xc
 892 05ed E001     		.2byte	0x1e0
 893 05ef 08       		.byte	0x8
 894 05f0 6C060000 		.4byte	0x66c
 895 05f4 06       		.uleb128 0x6
 896 05f5 723400   		.ascii	"r4\000"
 897 05f8 0C       		.byte	0xc
 898 05f9 F901     		.2byte	0x1f9
 899 05fb 11       		.byte	0x11
 900 05fc D3000000 		.4byte	0xd3
 901 0600 00       		.byte	0
 902 0601 06       		.uleb128 0x6
 903 0602 723500   		.ascii	"r5\000"
 904 0605 0C       		.byte	0xc
 905 0606 FA01     		.2byte	0x1fa
 906 0608 11       		.byte	0x11
 907 0609 D3000000 		.4byte	0xd3
 908 060d 04       		.byte	0x4
 909 060e 06       		.uleb128 0x6
ARM GAS  C:\Users\DEVELO~1\AppData\Local\Temp\ccWEqY9m.s 			page 17


 910 060f 723600   		.ascii	"r6\000"
 911 0612 0C       		.byte	0xc
 912 0613 FB01     		.2byte	0x1fb
 913 0615 11       		.byte	0x11
 914 0616 D3000000 		.4byte	0xd3
 915 061a 08       		.byte	0x8
 916 061b 06       		.uleb128 0x6
 917 061c 723700   		.ascii	"r7\000"
 918 061f 0C       		.byte	0xc
 919 0620 FC01     		.2byte	0x1fc
 920 0622 11       		.byte	0x11
 921 0623 D3000000 		.4byte	0xd3
 922 0627 0C       		.byte	0xc
 923 0628 06       		.uleb128 0x6
 924 0629 723800   		.ascii	"r8\000"
 925 062c 0C       		.byte	0xc
 926 062d FD01     		.2byte	0x1fd
 927 062f 11       		.byte	0x11
 928 0630 D3000000 		.4byte	0xd3
 929 0634 10       		.byte	0x10
 930 0635 06       		.uleb128 0x6
 931 0636 723900   		.ascii	"r9\000"
 932 0639 0C       		.byte	0xc
 933 063a FE01     		.2byte	0x1fe
 934 063c 11       		.byte	0x11
 935 063d D3000000 		.4byte	0xd3
 936 0641 14       		.byte	0x14
 937 0642 06       		.uleb128 0x6
 938 0643 72313000 		.ascii	"r10\000"
 939 0647 0C       		.byte	0xc
 940 0648 FF01     		.2byte	0x1ff
 941 064a 11       		.byte	0x11
 942 064b D3000000 		.4byte	0xd3
 943 064f 18       		.byte	0x18
 944 0650 06       		.uleb128 0x6
 945 0651 72313100 		.ascii	"r11\000"
 946 0655 0C       		.byte	0xc
 947 0656 0002     		.2byte	0x200
 948 0658 11       		.byte	0x11
 949 0659 D3000000 		.4byte	0xd3
 950 065d 1C       		.byte	0x1c
 951 065e 06       		.uleb128 0x6
 952 065f 6C7200   		.ascii	"lr\000"
 953 0662 0C       		.byte	0xc
 954 0663 0102     		.2byte	0x201
 955 0665 11       		.byte	0x11
 956 0666 D3000000 		.4byte	0xd3
 957 066a 20       		.byte	0x20
 958 066b 00       		.byte	0
 959 066c 0C       		.uleb128 0xc
 960 066d 1C040000 		.4byte	.LASF90
 961 0671 04       		.byte	0x4
 962 0672 0C       		.byte	0xc
 963 0673 0A02     		.2byte	0x20a
 964 0675 08       		.byte	0x8
 965 0676 88060000 		.4byte	0x688
 966 067a 06       		.uleb128 0x6
ARM GAS  C:\Users\DEVELO~1\AppData\Local\Temp\ccWEqY9m.s 			page 18


 967 067b 737000   		.ascii	"sp\000"
 968 067e 0C       		.byte	0xc
 969 067f 0B02     		.2byte	0x20b
 970 0681 1A       		.byte	0x1a
 971 0682 88060000 		.4byte	0x688
 972 0686 00       		.byte	0
 973 0687 00       		.byte	0
 974 0688 04       		.uleb128 0x4
 975 0689 E6050000 		.4byte	0x5e6
 976 068d 07       		.uleb128 0x7
 977 068e D2030000 		.4byte	.LASF91
 978 0692 18       		.byte	0x18
 979 0693 06       		.byte	0x6
 980 0694 64       		.byte	0x64
 981 0695 10       		.byte	0x10
 982 0696 C2060000 		.4byte	0x6c2
 983 069a 02       		.uleb128 0x2
 984 069b 72050000 		.4byte	.LASF92
 985 069f 06       		.byte	0x6
 986 06a0 68       		.byte	0x68
 987 06a1 21       		.byte	0x21
 988 06a2 16040000 		.4byte	0x416
 989 06a6 00       		.byte	0
 990 06a7 02       		.uleb128 0x2
 991 06a8 B6040000 		.4byte	.LASF93
 992 06ac 06       		.byte	0x6
 993 06ad 73       		.byte	0x73
 994 06ae 21       		.byte	0x21
 995 06af 53030000 		.4byte	0x353
 996 06b3 0C       		.byte	0xc
 997 06b4 02       		.uleb128 0x2
 998 06b5 A0030000 		.4byte	.LASF94
 999 06b9 06       		.byte	0x6
 1000 06ba 79       		.byte	0x79
 1001 06bb 21       		.byte	0x21
 1002 06bc EB000000 		.4byte	0xeb
 1003 06c0 10       		.byte	0x10
 1004 06c1 00       		.byte	0
 1005 06c2 01       		.uleb128 0x1
 1006 06c3 77030000 		.4byte	.LASF95
 1007 06c7 06       		.byte	0x6
 1008 06c8 7B       		.byte	0x7b
 1009 06c9 03       		.byte	0x3
 1010 06ca 8D060000 		.4byte	0x68d
 1011 06ce 07       		.uleb128 0x7
 1012 06cf 89010000 		.4byte	.LASF96
 1013 06d3 08       		.byte	0x8
 1014 06d4 06       		.byte	0x6
 1015 06d5 80       		.byte	0x80
 1016 06d6 10       		.byte	0x10
 1017 06d7 E9060000 		.4byte	0x6e9
 1018 06db 02       		.uleb128 0x2
 1019 06dc F3020000 		.4byte	.LASF97
 1020 06e0 06       		.byte	0x6
 1021 06e1 84       		.byte	0x84
 1022 06e2 21       		.byte	0x21
 1023 06e3 97030000 		.4byte	0x397
ARM GAS  C:\Users\DEVELO~1\AppData\Local\Temp\ccWEqY9m.s 			page 19


 1024 06e7 00       		.byte	0
 1025 06e8 00       		.byte	0
 1026 06e9 01       		.uleb128 0x1
 1027 06ea FC040000 		.4byte	.LASF98
 1028 06ee 06       		.byte	0x6
 1029 06ef 85       		.byte	0x85
 1030 06f0 03       		.byte	0x3
 1031 06f1 CE060000 		.4byte	0x6ce
 1032 06f5 01       		.uleb128 0x1
 1033 06f6 BF030000 		.4byte	.LASF99
 1034 06fa 06       		.byte	0x6
 1035 06fb 8A       		.byte	0x8a
 1036 06fc 14       		.byte	0x14
 1037 06fd 7F040000 		.4byte	0x47f
 1038 0701 0D       		.uleb128 0xd
 1039 0702 0C       		.byte	0xc
 1040 0703 06       		.byte	0x6
 1041 0704 A0       		.byte	0xa0
 1042 0705 2E070000 		.4byte	0x72e
 1043 0709 09       		.uleb128 0x9
 1044 070a 3F060000 		.4byte	.LASF100
 1045 070e 06       		.byte	0x6
 1046 070f A4       		.byte	0xa4
 1047 0710 21       		.byte	0x21
 1048 0711 6B030000 		.4byte	0x36b
 1049 0715 09       		.uleb128 0x9
 1050 0716 F3020000 		.4byte	.LASF97
 1051 071a 06       		.byte	0x6
 1052 071b A8       		.byte	0xa8
 1053 071c 21       		.byte	0x21
 1054 071d 97030000 		.4byte	0x397
 1055 0721 09       		.uleb128 0x9
 1056 0722 A7050000 		.4byte	.LASF101
 1057 0726 06       		.byte	0x6
 1058 0727 AC       		.byte	0xac
 1059 0728 21       		.byte	0x21
 1060 0729 D0030000 		.4byte	0x3d0
 1061 072d 00       		.byte	0
 1062 072e 0D       		.uleb128 0xd
 1063 072f 04       		.byte	0x4
 1064 0730 06       		.byte	0x6
 1065 0731 EB       		.byte	0xeb
 1066 0732 97070000 		.4byte	0x797
 1067 0736 09       		.uleb128 0x9
 1068 0737 18000000 		.4byte	.LASF102
 1069 073b 06       		.byte	0x6
 1070 073c F2       		.byte	0xf2
 1071 073d 21       		.byte	0x21
 1072 073e 38010000 		.4byte	0x138
 1073 0742 09       		.uleb128 0x9
 1074 0743 C0000000 		.4byte	.LASF103
 1075 0747 06       		.byte	0x6
 1076 0748 F9       		.byte	0xf9
 1077 0749 21       		.byte	0x21
 1078 074a 38010000 		.4byte	0x138
 1079 074e 0B       		.uleb128 0xb
 1080 074f BF040000 		.4byte	.LASF77
ARM GAS  C:\Users\DEVELO~1\AppData\Local\Temp\ccWEqY9m.s 			page 20


 1081 0753 0001     		.2byte	0x100
 1082 0755 22       		.byte	0x22
 1083 0756 84040000 		.4byte	0x484
 1084 075a 0B       		.uleb128 0xb
 1085 075b 12000000 		.4byte	.LASF104
 1086 075f 0701     		.2byte	0x107
 1087 0761 22       		.byte	0x22
 1088 0762 97070000 		.4byte	0x797
 1089 0766 0B       		.uleb128 0xb
 1090 0767 D4000000 		.4byte	.LASF105
 1091 076b 0C01     		.2byte	0x10c
 1092 076d 21       		.byte	0x21
 1093 076e 38010000 		.4byte	0x138
 1094 0772 0B       		.uleb128 0xb
 1095 0773 FF010000 		.4byte	.LASF106
 1096 0777 1501     		.2byte	0x115
 1097 0779 22       		.byte	0x22
 1098 077a C4070000 		.4byte	0x7c4
 1099 077e 0B       		.uleb128 0xb
 1100 077f 10050000 		.4byte	.LASF107
 1101 0783 1E01     		.2byte	0x11e
 1102 0785 22       		.byte	0x22
 1103 0786 FE070000 		.4byte	0x7fe
 1104 078a 0B       		.uleb128 0xb
 1105 078b C6040000 		.4byte	.LASF108
 1106 078f 2601     		.2byte	0x126
 1107 0791 21       		.byte	0x21
 1108 0792 44010000 		.4byte	0x144
 1109 0796 00       		.byte	0
 1110 0797 04       		.uleb128 0x4
 1111 0798 F5060000 		.4byte	0x6f5
 1112 079c 07       		.uleb128 0x7
 1113 079d DC040000 		.4byte	.LASF109
 1114 07a1 0C       		.byte	0xc
 1115 07a2 0D       		.byte	0xd
 1116 07a3 34       		.byte	0x34
 1117 07a4 10       		.byte	0x10
 1118 07a5 C4070000 		.4byte	0x7c4
 1119 07a9 02       		.uleb128 0x2
 1120 07aa F3020000 		.4byte	.LASF97
 1121 07ae 0D       		.byte	0xd
 1122 07af 35       		.byte	0x35
 1123 07b0 19       		.byte	0x19
 1124 07b1 97030000 		.4byte	0x397
 1125 07b5 00       		.byte	0
 1126 07b6 08       		.uleb128 0x8
 1127 07b7 636E7400 		.ascii	"cnt\000"
 1128 07bb 0D       		.byte	0xd
 1129 07bc 37       		.byte	0x37
 1130 07bd 19       		.byte	0x19
 1131 07be 50010000 		.4byte	0x150
 1132 07c2 08       		.byte	0x8
 1133 07c3 00       		.byte	0
 1134 07c4 04       		.uleb128 0x4
 1135 07c5 9C070000 		.4byte	0x79c
 1136 07c9 07       		.uleb128 0x7
 1137 07ca 29060000 		.4byte	.LASF110
ARM GAS  C:\Users\DEVELO~1\AppData\Local\Temp\ccWEqY9m.s 			page 21


 1138 07ce 10       		.byte	0x10
 1139 07cf 0E       		.byte	0xe
 1140 07d0 39       		.byte	0x39
 1141 07d1 08       		.byte	0x8
 1142 07d2 FE070000 		.4byte	0x7fe
 1143 07d6 02       		.uleb128 0x2
 1144 07d7 F3020000 		.4byte	.LASF97
 1145 07db 0E       		.byte	0xe
 1146 07dc 3A       		.byte	0x3a
 1147 07dd 19       		.byte	0x19
 1148 07de 97030000 		.4byte	0x397
 1149 07e2 00       		.byte	0
 1150 07e3 02       		.uleb128 0x2
 1151 07e4 39050000 		.4byte	.LASF32
 1152 07e8 0E       		.byte	0xe
 1153 07e9 3C       		.byte	0x3c
 1154 07ea 1A       		.byte	0x1a
 1155 07eb 7F040000 		.4byte	0x47f
 1156 07ef 08       		.byte	0x8
 1157 07f0 02       		.uleb128 0x2
 1158 07f1 E2000000 		.4byte	.LASF67
 1159 07f5 0E       		.byte	0xe
 1160 07f6 3E       		.byte	0x3e
 1161 07f7 1A       		.byte	0x1a
 1162 07f8 B2080000 		.4byte	0x8b2
 1163 07fc 0C       		.byte	0xc
 1164 07fd 00       		.byte	0
 1165 07fe 04       		.uleb128 0x4
 1166 07ff C9070000 		.4byte	0x7c9
 1167 0803 04       		.uleb128 0x4
 1168 0804 51020000 		.4byte	0x251
 1169 0808 04       		.uleb128 0x4
 1170 0809 FC000000 		.4byte	0xfc
 1171 080d 0C       		.uleb128 0xc
 1172 080e 53030000 		.4byte	.LASF111
 1173 0812 10       		.byte	0x10
 1174 0813 06       		.byte	0x6
 1175 0814 5C01     		.2byte	0x15c
 1176 0816 10       		.byte	0x10
 1177 0817 36080000 		.4byte	0x836
 1178 081b 03       		.uleb128 0x3
 1179 081c A7050000 		.4byte	.LASF101
 1180 0820 6101     		.2byte	0x161
 1181 0822 21       		.byte	0x21
 1182 0823 D0030000 		.4byte	0x3d0
 1183 0827 00       		.byte	0
 1184 0828 03       		.uleb128 0x3
 1185 0829 42040000 		.4byte	.LASF112
 1186 082d 6501     		.2byte	0x165
 1187 082f 22       		.byte	0x22
 1188 0830 7F040000 		.4byte	0x47f
 1189 0834 0C       		.byte	0xc
 1190 0835 00       		.byte	0
 1191 0836 13       		.uleb128 0x13
 1192 0837 05000000 		.4byte	.LASF113
 1193 083b 6601     		.2byte	0x166
 1194 083d 0D080000 		.4byte	0x80d
ARM GAS  C:\Users\DEVELO~1\AppData\Local\Temp\ccWEqY9m.s 			page 22


 1195 0841 0C       		.uleb128 0xc
 1196 0842 06040000 		.4byte	.LASF114
 1197 0846 14       		.byte	0x14
 1198 0847 06       		.byte	0x6
 1199 0848 6B01     		.2byte	0x16b
 1200 084a 10       		.byte	0x10
 1201 084b 91080000 		.4byte	0x891
 1202 084f 03       		.uleb128 0x3
 1203 0850 EE020000 		.4byte	.LASF33
 1204 0854 6F01     		.2byte	0x16f
 1205 0856 22       		.byte	0x22
 1206 0857 31030000 		.4byte	0x331
 1207 085b 00       		.byte	0
 1208 085c 03       		.uleb128 0x3
 1209 085d AD010000 		.4byte	.LASF115
 1210 0861 7501     		.2byte	0x175
 1211 0863 22       		.byte	0x22
 1212 0864 08080000 		.4byte	0x808
 1213 0868 04       		.byte	0x4
 1214 0869 03       		.uleb128 0x3
 1215 086a F1050000 		.4byte	.LASF116
 1216 086e 7901     		.2byte	0x179
 1217 0870 22       		.byte	0x22
 1218 0871 08080000 		.4byte	0x808
 1219 0875 08       		.byte	0x8
 1220 0876 03       		.uleb128 0x3
 1221 0877 EF010000 		.4byte	.LASF117
 1222 087b 7F01     		.2byte	0x17f
 1223 087d 22       		.byte	0x22
 1224 087e 08080000 		.4byte	0x808
 1225 0882 0C       		.byte	0xc
 1226 0883 03       		.uleb128 0x3
 1227 0884 44060000 		.4byte	.LASF118
 1228 0888 8301     		.2byte	0x183
 1229 088a 22       		.byte	0x22
 1230 088b 08080000 		.4byte	0x808
 1231 088f 10       		.byte	0x10
 1232 0890 00       		.byte	0
 1233 0891 13       		.uleb128 0x13
 1234 0892 00060000 		.4byte	.LASF119
 1235 0896 8501     		.2byte	0x185
 1236 0898 41080000 		.4byte	0x841
 1237 089c 12       		.uleb128 0x12
 1238 089d 91080000 		.4byte	0x891
 1239 08a1 04       		.uleb128 0x4
 1240 08a2 9C080000 		.4byte	0x89c
 1241 08a6 01       		.uleb128 0x1
 1242 08a7 BD010000 		.4byte	.LASF120
 1243 08ab 0E       		.byte	0xe
 1244 08ac 34       		.byte	0x34
 1245 08ad 19       		.byte	0x19
 1246 08ae C9070000 		.4byte	0x7c9
 1247 08b2 04       		.uleb128 0x4
 1248 08b3 A6080000 		.4byte	0x8a6
 1249 08b7 05       		.uleb128 0x5
 1250 08b8 01       		.byte	0x1
 1251 08b9 02       		.byte	0x2
ARM GAS  C:\Users\DEVELO~1\AppData\Local\Temp\ccWEqY9m.s 			page 23


 1252 08ba 89040000 		.4byte	.LASF121
 1253 08be 1C       		.uleb128 0x1c
 1254 08bf AE050000 		.4byte	.LASF128
 1255 08c3 10       		.byte	0x10
 1256 08c4 15       		.byte	0x15
 1257 08c5 10       		.byte	0x10
 1258 08c6 A6080000 		.4byte	0x8a6
 1259 08ca 1D       		.uleb128 0x1d
 1260 08cb BE080000 		.4byte	0x8be
 1261 08cf 01       		.byte	0x1
 1262 08d0 09       		.byte	0x9
 1263 08d1 09       		.byte	0x9
 1264 08d2 05       		.uleb128 0x5
 1265 08d3 03       		.byte	0x3
 1266 08d4 00000000 		.4byte	spi5_mutex
 1267 08d8 10       		.uleb128 0x10
 1268 08d9 38030000 		.4byte	.LASF122
 1269 08dd 14       		.byte	0x14
 1270 08de 10       		.uleb128 0x10
 1271 08df E7000000 		.4byte	.LASF123
 1272 08e3 16       		.byte	0x16
 1273 08e4 10       		.uleb128 0x10
 1274 08e5 24000000 		.4byte	.LASF124
 1275 08e9 12       		.byte	0x12
 1276 08ea 1E       		.uleb128 0x1e
 1277 08eb 58010000 		.4byte	.LASF129
 1278 08ef 0E       		.byte	0xe
 1279 08f0 66       		.byte	0x66
 1280 08f1 08       		.byte	0x8
 1281 08f2 FC080000 		.4byte	0x8fc
 1282 08f6 1F       		.uleb128 0x1f
 1283 08f7 B2080000 		.4byte	0x8b2
 1284 08fb 00       		.byte	0
 1285 08fc 20       		.uleb128 0x20
 1286 08fd E9040000 		.4byte	.LASF130
 1287 0901 01       		.byte	0x1
 1288 0902 1A       		.byte	0x1a
 1289 0903 06       		.byte	0x6
 1290 0904 00000000 		.4byte	.LFB433
 1291 0908 04000000 		.4byte	.LFE433-.LFB433
 1292 090c 01       		.uleb128 0x1
 1293 090d 9C       		.byte	0x9c
 1294 090e 1C090000 		.4byte	0x91c
 1295 0912 14       		.uleb128 0x14
 1296 0913 04000000 		.4byte	.LVL3
 1297 0917 D8080000 		.4byte	0x8d8
 1298 091b 00       		.byte	0
 1299 091c 21       		.uleb128 0x21
 1300 091d 5B060000 		.4byte	.LASF131
 1301 0921 01       		.byte	0x1
 1302 0922 0B       		.byte	0xb
 1303 0923 06       		.byte	0x6
 1304 0924 00000000 		.4byte	.LFB432
 1305 0928 18000000 		.4byte	.LFE432-.LFB432
 1306 092c 01       		.uleb128 0x1
 1307 092d 9C       		.byte	0x9c
 1308 092e 22       		.uleb128 0x22
ARM GAS  C:\Users\DEVELO~1\AppData\Local\Temp\ccWEqY9m.s 			page 24


 1309 092f 08000000 		.4byte	.LVL0
 1310 0933 EA080000 		.4byte	0x8ea
 1311 0937 45090000 		.4byte	0x945
 1312 093b 23       		.uleb128 0x23
 1313 093c 01       		.uleb128 0x1
 1314 093d 50       		.byte	0x50
 1315 093e 05       		.uleb128 0x5
 1316 093f 03       		.byte	0x3
 1317 0940 00000000 		.4byte	.LANCHOR0
 1318 0944 00       		.byte	0
 1319 0945 24       		.uleb128 0x24
 1320 0946 0C000000 		.4byte	.LVL1
 1321 094a E4080000 		.4byte	0x8e4
 1322 094e 14       		.uleb128 0x14
 1323 094f 14000000 		.4byte	.LVL2
 1324 0953 DE080000 		.4byte	0x8de
 1325 0957 00       		.byte	0
 1326 0958 00       		.byte	0
 1327              		.section	.debug_abbrev,"",%progbits
 1328              	.Ldebug_abbrev0:
 1329 0000 01       		.uleb128 0x1
 1330 0001 16       		.uleb128 0x16
 1331 0002 00       		.byte	0
 1332 0003 03       		.uleb128 0x3
 1333 0004 0E       		.uleb128 0xe
 1334 0005 3A       		.uleb128 0x3a
 1335 0006 0B       		.uleb128 0xb
 1336 0007 3B       		.uleb128 0x3b
 1337 0008 0B       		.uleb128 0xb
 1338 0009 39       		.uleb128 0x39
 1339 000a 0B       		.uleb128 0xb
 1340 000b 49       		.uleb128 0x49
 1341 000c 13       		.uleb128 0x13
 1342 000d 00       		.byte	0
 1343 000e 00       		.byte	0
 1344 000f 02       		.uleb128 0x2
 1345 0010 0D       		.uleb128 0xd
 1346 0011 00       		.byte	0
 1347 0012 03       		.uleb128 0x3
 1348 0013 0E       		.uleb128 0xe
 1349 0014 3A       		.uleb128 0x3a
 1350 0015 0B       		.uleb128 0xb
 1351 0016 3B       		.uleb128 0x3b
 1352 0017 0B       		.uleb128 0xb
 1353 0018 39       		.uleb128 0x39
 1354 0019 0B       		.uleb128 0xb
 1355 001a 49       		.uleb128 0x49
 1356 001b 13       		.uleb128 0x13
 1357 001c 38       		.uleb128 0x38
 1358 001d 0B       		.uleb128 0xb
 1359 001e 00       		.byte	0
 1360 001f 00       		.byte	0
 1361 0020 03       		.uleb128 0x3
 1362 0021 0D       		.uleb128 0xd
 1363 0022 00       		.byte	0
 1364 0023 03       		.uleb128 0x3
 1365 0024 0E       		.uleb128 0xe
ARM GAS  C:\Users\DEVELO~1\AppData\Local\Temp\ccWEqY9m.s 			page 25


 1366 0025 3A       		.uleb128 0x3a
 1367 0026 21       		.uleb128 0x21
 1368 0027 06       		.sleb128 6
 1369 0028 3B       		.uleb128 0x3b
 1370 0029 05       		.uleb128 0x5
 1371 002a 39       		.uleb128 0x39
 1372 002b 0B       		.uleb128 0xb
 1373 002c 49       		.uleb128 0x49
 1374 002d 13       		.uleb128 0x13
 1375 002e 38       		.uleb128 0x38
 1376 002f 0B       		.uleb128 0xb
 1377 0030 00       		.byte	0
 1378 0031 00       		.byte	0
 1379 0032 04       		.uleb128 0x4
 1380 0033 0F       		.uleb128 0xf
 1381 0034 00       		.byte	0
 1382 0035 0B       		.uleb128 0xb
 1383 0036 21       		.uleb128 0x21
 1384 0037 04       		.sleb128 4
 1385 0038 49       		.uleb128 0x49
 1386 0039 13       		.uleb128 0x13
 1387 003a 00       		.byte	0
 1388 003b 00       		.byte	0
 1389 003c 05       		.uleb128 0x5
 1390 003d 24       		.uleb128 0x24
 1391 003e 00       		.byte	0
 1392 003f 0B       		.uleb128 0xb
 1393 0040 0B       		.uleb128 0xb
 1394 0041 3E       		.uleb128 0x3e
 1395 0042 0B       		.uleb128 0xb
 1396 0043 03       		.uleb128 0x3
 1397 0044 0E       		.uleb128 0xe
 1398 0045 00       		.byte	0
 1399 0046 00       		.byte	0
 1400 0047 06       		.uleb128 0x6
 1401 0048 0D       		.uleb128 0xd
 1402 0049 00       		.byte	0
 1403 004a 03       		.uleb128 0x3
 1404 004b 08       		.uleb128 0x8
 1405 004c 3A       		.uleb128 0x3a
 1406 004d 0B       		.uleb128 0xb
 1407 004e 3B       		.uleb128 0x3b
 1408 004f 05       		.uleb128 0x5
 1409 0050 39       		.uleb128 0x39
 1410 0051 0B       		.uleb128 0xb
 1411 0052 49       		.uleb128 0x49
 1412 0053 13       		.uleb128 0x13
 1413 0054 38       		.uleb128 0x38
 1414 0055 0B       		.uleb128 0xb
 1415 0056 00       		.byte	0
 1416 0057 00       		.byte	0
 1417 0058 07       		.uleb128 0x7
 1418 0059 13       		.uleb128 0x13
 1419 005a 01       		.byte	0x1
 1420 005b 03       		.uleb128 0x3
 1421 005c 0E       		.uleb128 0xe
 1422 005d 0B       		.uleb128 0xb
ARM GAS  C:\Users\DEVELO~1\AppData\Local\Temp\ccWEqY9m.s 			page 26


 1423 005e 0B       		.uleb128 0xb
 1424 005f 3A       		.uleb128 0x3a
 1425 0060 0B       		.uleb128 0xb
 1426 0061 3B       		.uleb128 0x3b
 1427 0062 0B       		.uleb128 0xb
 1428 0063 39       		.uleb128 0x39
 1429 0064 0B       		.uleb128 0xb
 1430 0065 01       		.uleb128 0x1
 1431 0066 13       		.uleb128 0x13
 1432 0067 00       		.byte	0
 1433 0068 00       		.byte	0
 1434 0069 08       		.uleb128 0x8
 1435 006a 0D       		.uleb128 0xd
 1436 006b 00       		.byte	0
 1437 006c 03       		.uleb128 0x3
 1438 006d 08       		.uleb128 0x8
 1439 006e 3A       		.uleb128 0x3a
 1440 006f 0B       		.uleb128 0xb
 1441 0070 3B       		.uleb128 0x3b
 1442 0071 0B       		.uleb128 0xb
 1443 0072 39       		.uleb128 0x39
 1444 0073 0B       		.uleb128 0xb
 1445 0074 49       		.uleb128 0x49
 1446 0075 13       		.uleb128 0x13
 1447 0076 38       		.uleb128 0x38
 1448 0077 0B       		.uleb128 0xb
 1449 0078 00       		.byte	0
 1450 0079 00       		.byte	0
 1451 007a 09       		.uleb128 0x9
 1452 007b 0D       		.uleb128 0xd
 1453 007c 00       		.byte	0
 1454 007d 03       		.uleb128 0x3
 1455 007e 0E       		.uleb128 0xe
 1456 007f 3A       		.uleb128 0x3a
 1457 0080 0B       		.uleb128 0xb
 1458 0081 3B       		.uleb128 0x3b
 1459 0082 0B       		.uleb128 0xb
 1460 0083 39       		.uleb128 0x39
 1461 0084 0B       		.uleb128 0xb
 1462 0085 49       		.uleb128 0x49
 1463 0086 13       		.uleb128 0x13
 1464 0087 00       		.byte	0
 1465 0088 00       		.byte	0
 1466 0089 0A       		.uleb128 0xa
 1467 008a 13       		.uleb128 0x13
 1468 008b 01       		.byte	0x1
 1469 008c 0B       		.uleb128 0xb
 1470 008d 0B       		.uleb128 0xb
 1471 008e 3A       		.uleb128 0x3a
 1472 008f 21       		.uleb128 0x21
 1473 0090 0B       		.sleb128 11
 1474 0091 3B       		.uleb128 0x3b
 1475 0092 0B       		.uleb128 0xb
 1476 0093 39       		.uleb128 0x39
 1477 0094 0B       		.uleb128 0xb
 1478 0095 01       		.uleb128 0x1
 1479 0096 13       		.uleb128 0x13
ARM GAS  C:\Users\DEVELO~1\AppData\Local\Temp\ccWEqY9m.s 			page 27


 1480 0097 00       		.byte	0
 1481 0098 00       		.byte	0
 1482 0099 0B       		.uleb128 0xb
 1483 009a 0D       		.uleb128 0xd
 1484 009b 00       		.byte	0
 1485 009c 03       		.uleb128 0x3
 1486 009d 0E       		.uleb128 0xe
 1487 009e 3A       		.uleb128 0x3a
 1488 009f 21       		.uleb128 0x21
 1489 00a0 06       		.sleb128 6
 1490 00a1 3B       		.uleb128 0x3b
 1491 00a2 05       		.uleb128 0x5
 1492 00a3 39       		.uleb128 0x39
 1493 00a4 0B       		.uleb128 0xb
 1494 00a5 49       		.uleb128 0x49
 1495 00a6 13       		.uleb128 0x13
 1496 00a7 00       		.byte	0
 1497 00a8 00       		.byte	0
 1498 00a9 0C       		.uleb128 0xc
 1499 00aa 13       		.uleb128 0x13
 1500 00ab 01       		.byte	0x1
 1501 00ac 03       		.uleb128 0x3
 1502 00ad 0E       		.uleb128 0xe
 1503 00ae 0B       		.uleb128 0xb
 1504 00af 0B       		.uleb128 0xb
 1505 00b0 3A       		.uleb128 0x3a
 1506 00b1 0B       		.uleb128 0xb
 1507 00b2 3B       		.uleb128 0x3b
 1508 00b3 05       		.uleb128 0x5
 1509 00b4 39       		.uleb128 0x39
 1510 00b5 0B       		.uleb128 0xb
 1511 00b6 01       		.uleb128 0x1
 1512 00b7 13       		.uleb128 0x13
 1513 00b8 00       		.byte	0
 1514 00b9 00       		.byte	0
 1515 00ba 0D       		.uleb128 0xd
 1516 00bb 17       		.uleb128 0x17
 1517 00bc 01       		.byte	0x1
 1518 00bd 0B       		.uleb128 0xb
 1519 00be 0B       		.uleb128 0xb
 1520 00bf 3A       		.uleb128 0x3a
 1521 00c0 0B       		.uleb128 0xb
 1522 00c1 3B       		.uleb128 0x3b
 1523 00c2 0B       		.uleb128 0xb
 1524 00c3 39       		.uleb128 0x39
 1525 00c4 21       		.uleb128 0x21
 1526 00c5 03       		.sleb128 3
 1527 00c6 01       		.uleb128 0x1
 1528 00c7 13       		.uleb128 0x13
 1529 00c8 00       		.byte	0
 1530 00c9 00       		.byte	0
 1531 00ca 0E       		.uleb128 0xe
 1532 00cb 0D       		.uleb128 0xd
 1533 00cc 00       		.byte	0
 1534 00cd 03       		.uleb128 0x3
 1535 00ce 08       		.uleb128 0x8
 1536 00cf 3A       		.uleb128 0x3a
ARM GAS  C:\Users\DEVELO~1\AppData\Local\Temp\ccWEqY9m.s 			page 28


 1537 00d0 21       		.uleb128 0x21
 1538 00d1 0B       		.sleb128 11
 1539 00d2 3B       		.uleb128 0x3b
 1540 00d3 0B       		.uleb128 0xb
 1541 00d4 39       		.uleb128 0x39
 1542 00d5 21       		.uleb128 0x21
 1543 00d6 07       		.sleb128 7
 1544 00d7 49       		.uleb128 0x49
 1545 00d8 13       		.uleb128 0x13
 1546 00d9 00       		.byte	0
 1547 00da 00       		.byte	0
 1548 00db 0F       		.uleb128 0xf
 1549 00dc 0D       		.uleb128 0xd
 1550 00dd 00       		.byte	0
 1551 00de 03       		.uleb128 0x3
 1552 00df 0E       		.uleb128 0xe
 1553 00e0 3A       		.uleb128 0x3a
 1554 00e1 21       		.uleb128 0x21
 1555 00e2 0B       		.sleb128 11
 1556 00e3 3B       		.uleb128 0x3b
 1557 00e4 0B       		.uleb128 0xb
 1558 00e5 39       		.uleb128 0x39
 1559 00e6 21       		.uleb128 0x21
 1560 00e7 19       		.sleb128 25
 1561 00e8 49       		.uleb128 0x49
 1562 00e9 13       		.uleb128 0x13
 1563 00ea 0D       		.uleb128 0xd
 1564 00eb 0B       		.uleb128 0xb
 1565 00ec 6B       		.uleb128 0x6b
 1566 00ed 0B       		.uleb128 0xb
 1567 00ee 00       		.byte	0
 1568 00ef 00       		.byte	0
 1569 00f0 10       		.uleb128 0x10
 1570 00f1 2E       		.uleb128 0x2e
 1571 00f2 00       		.byte	0
 1572 00f3 3F       		.uleb128 0x3f
 1573 00f4 19       		.uleb128 0x19
 1574 00f5 03       		.uleb128 0x3
 1575 00f6 0E       		.uleb128 0xe
 1576 00f7 3A       		.uleb128 0x3a
 1577 00f8 21       		.uleb128 0x21
 1578 00f9 0F       		.sleb128 15
 1579 00fa 3B       		.uleb128 0x3b
 1580 00fb 0B       		.uleb128 0xb
 1581 00fc 39       		.uleb128 0x39
 1582 00fd 21       		.uleb128 0x21
 1583 00fe 06       		.sleb128 6
 1584 00ff 27       		.uleb128 0x27
 1585 0100 19       		.uleb128 0x19
 1586 0101 3C       		.uleb128 0x3c
 1587 0102 19       		.uleb128 0x19
 1588 0103 00       		.byte	0
 1589 0104 00       		.byte	0
 1590 0105 11       		.uleb128 0x11
 1591 0106 35       		.uleb128 0x35
 1592 0107 00       		.byte	0
 1593 0108 49       		.uleb128 0x49
ARM GAS  C:\Users\DEVELO~1\AppData\Local\Temp\ccWEqY9m.s 			page 29


 1594 0109 13       		.uleb128 0x13
 1595 010a 00       		.byte	0
 1596 010b 00       		.byte	0
 1597 010c 12       		.uleb128 0x12
 1598 010d 26       		.uleb128 0x26
 1599 010e 00       		.byte	0
 1600 010f 49       		.uleb128 0x49
 1601 0110 13       		.uleb128 0x13
 1602 0111 00       		.byte	0
 1603 0112 00       		.byte	0
 1604 0113 13       		.uleb128 0x13
 1605 0114 16       		.uleb128 0x16
 1606 0115 00       		.byte	0
 1607 0116 03       		.uleb128 0x3
 1608 0117 0E       		.uleb128 0xe
 1609 0118 3A       		.uleb128 0x3a
 1610 0119 21       		.uleb128 0x21
 1611 011a 06       		.sleb128 6
 1612 011b 3B       		.uleb128 0x3b
 1613 011c 05       		.uleb128 0x5
 1614 011d 39       		.uleb128 0x39
 1615 011e 21       		.uleb128 0x21
 1616 011f 03       		.sleb128 3
 1617 0120 49       		.uleb128 0x49
 1618 0121 13       		.uleb128 0x13
 1619 0122 00       		.byte	0
 1620 0123 00       		.byte	0
 1621 0124 14       		.uleb128 0x14
 1622 0125 48       		.uleb128 0x48
 1623 0126 00       		.byte	0
 1624 0127 7D       		.uleb128 0x7d
 1625 0128 01       		.uleb128 0x1
 1626 0129 8201     		.uleb128 0x82
 1627 012b 19       		.uleb128 0x19
 1628 012c 7F       		.uleb128 0x7f
 1629 012d 13       		.uleb128 0x13
 1630 012e 00       		.byte	0
 1631 012f 00       		.byte	0
 1632 0130 15       		.uleb128 0x15
 1633 0131 11       		.uleb128 0x11
 1634 0132 01       		.byte	0x1
 1635 0133 25       		.uleb128 0x25
 1636 0134 0E       		.uleb128 0xe
 1637 0135 13       		.uleb128 0x13
 1638 0136 0B       		.uleb128 0xb
 1639 0137 03       		.uleb128 0x3
 1640 0138 0E       		.uleb128 0xe
 1641 0139 1B       		.uleb128 0x1b
 1642 013a 0E       		.uleb128 0xe
 1643 013b 55       		.uleb128 0x55
 1644 013c 17       		.uleb128 0x17
 1645 013d 11       		.uleb128 0x11
 1646 013e 01       		.uleb128 0x1
 1647 013f 10       		.uleb128 0x10
 1648 0140 17       		.uleb128 0x17
 1649 0141 00       		.byte	0
 1650 0142 00       		.byte	0
ARM GAS  C:\Users\DEVELO~1\AppData\Local\Temp\ccWEqY9m.s 			page 30


 1651 0143 16       		.uleb128 0x16
 1652 0144 24       		.uleb128 0x24
 1653 0145 00       		.byte	0
 1654 0146 0B       		.uleb128 0xb
 1655 0147 0B       		.uleb128 0xb
 1656 0148 3E       		.uleb128 0x3e
 1657 0149 0B       		.uleb128 0xb
 1658 014a 03       		.uleb128 0x3
 1659 014b 08       		.uleb128 0x8
 1660 014c 00       		.byte	0
 1661 014d 00       		.byte	0
 1662 014e 17       		.uleb128 0x17
 1663 014f 13       		.uleb128 0x13
 1664 0150 01       		.byte	0x1
 1665 0151 03       		.uleb128 0x3
 1666 0152 0E       		.uleb128 0xe
 1667 0153 0B       		.uleb128 0xb
 1668 0154 05       		.uleb128 0x5
 1669 0155 3A       		.uleb128 0x3a
 1670 0156 0B       		.uleb128 0xb
 1671 0157 3B       		.uleb128 0x3b
 1672 0158 05       		.uleb128 0x5
 1673 0159 39       		.uleb128 0x39
 1674 015a 0B       		.uleb128 0xb
 1675 015b 01       		.uleb128 0x1
 1676 015c 13       		.uleb128 0x13
 1677 015d 00       		.byte	0
 1678 015e 00       		.byte	0
 1679 015f 18       		.uleb128 0x18
 1680 0160 0F       		.uleb128 0xf
 1681 0161 00       		.byte	0
 1682 0162 0B       		.uleb128 0xb
 1683 0163 0B       		.uleb128 0xb
 1684 0164 00       		.byte	0
 1685 0165 00       		.byte	0
 1686 0166 19       		.uleb128 0x19
 1687 0167 13       		.uleb128 0x13
 1688 0168 01       		.byte	0x1
 1689 0169 0B       		.uleb128 0xb
 1690 016a 05       		.uleb128 0x5
 1691 016b 3A       		.uleb128 0x3a
 1692 016c 0B       		.uleb128 0xb
 1693 016d 3B       		.uleb128 0x3b
 1694 016e 0B       		.uleb128 0xb
 1695 016f 39       		.uleb128 0x39
 1696 0170 0B       		.uleb128 0xb
 1697 0171 01       		.uleb128 0x1
 1698 0172 13       		.uleb128 0x13
 1699 0173 00       		.byte	0
 1700 0174 00       		.byte	0
 1701 0175 1A       		.uleb128 0x1a
 1702 0176 01       		.uleb128 0x1
 1703 0177 01       		.byte	0x1
 1704 0178 49       		.uleb128 0x49
 1705 0179 13       		.uleb128 0x13
 1706 017a 01       		.uleb128 0x1
 1707 017b 13       		.uleb128 0x13
ARM GAS  C:\Users\DEVELO~1\AppData\Local\Temp\ccWEqY9m.s 			page 31


 1708 017c 00       		.byte	0
 1709 017d 00       		.byte	0
 1710 017e 1B       		.uleb128 0x1b
 1711 017f 21       		.uleb128 0x21
 1712 0180 00       		.byte	0
 1713 0181 49       		.uleb128 0x49
 1714 0182 13       		.uleb128 0x13
 1715 0183 2F       		.uleb128 0x2f
 1716 0184 0B       		.uleb128 0xb
 1717 0185 00       		.byte	0
 1718 0186 00       		.byte	0
 1719 0187 1C       		.uleb128 0x1c
 1720 0188 34       		.uleb128 0x34
 1721 0189 00       		.byte	0
 1722 018a 03       		.uleb128 0x3
 1723 018b 0E       		.uleb128 0xe
 1724 018c 3A       		.uleb128 0x3a
 1725 018d 0B       		.uleb128 0xb
 1726 018e 3B       		.uleb128 0x3b
 1727 018f 0B       		.uleb128 0xb
 1728 0190 39       		.uleb128 0x39
 1729 0191 0B       		.uleb128 0xb
 1730 0192 49       		.uleb128 0x49
 1731 0193 13       		.uleb128 0x13
 1732 0194 3F       		.uleb128 0x3f
 1733 0195 19       		.uleb128 0x19
 1734 0196 3C       		.uleb128 0x3c
 1735 0197 19       		.uleb128 0x19
 1736 0198 00       		.byte	0
 1737 0199 00       		.byte	0
 1738 019a 1D       		.uleb128 0x1d
 1739 019b 34       		.uleb128 0x34
 1740 019c 00       		.byte	0
 1741 019d 47       		.uleb128 0x47
 1742 019e 13       		.uleb128 0x13
 1743 019f 3A       		.uleb128 0x3a
 1744 01a0 0B       		.uleb128 0xb
 1745 01a1 3B       		.uleb128 0x3b
 1746 01a2 0B       		.uleb128 0xb
 1747 01a3 39       		.uleb128 0x39
 1748 01a4 0B       		.uleb128 0xb
 1749 01a5 02       		.uleb128 0x2
 1750 01a6 18       		.uleb128 0x18
 1751 01a7 00       		.byte	0
 1752 01a8 00       		.byte	0
 1753 01a9 1E       		.uleb128 0x1e
 1754 01aa 2E       		.uleb128 0x2e
 1755 01ab 01       		.byte	0x1
 1756 01ac 3F       		.uleb128 0x3f
 1757 01ad 19       		.uleb128 0x19
 1758 01ae 03       		.uleb128 0x3
 1759 01af 0E       		.uleb128 0xe
 1760 01b0 3A       		.uleb128 0x3a
 1761 01b1 0B       		.uleb128 0xb
 1762 01b2 3B       		.uleb128 0x3b
 1763 01b3 0B       		.uleb128 0xb
 1764 01b4 39       		.uleb128 0x39
ARM GAS  C:\Users\DEVELO~1\AppData\Local\Temp\ccWEqY9m.s 			page 32


 1765 01b5 0B       		.uleb128 0xb
 1766 01b6 27       		.uleb128 0x27
 1767 01b7 19       		.uleb128 0x19
 1768 01b8 3C       		.uleb128 0x3c
 1769 01b9 19       		.uleb128 0x19
 1770 01ba 01       		.uleb128 0x1
 1771 01bb 13       		.uleb128 0x13
 1772 01bc 00       		.byte	0
 1773 01bd 00       		.byte	0
 1774 01be 1F       		.uleb128 0x1f
 1775 01bf 05       		.uleb128 0x5
 1776 01c0 00       		.byte	0
 1777 01c1 49       		.uleb128 0x49
 1778 01c2 13       		.uleb128 0x13
 1779 01c3 00       		.byte	0
 1780 01c4 00       		.byte	0
 1781 01c5 20       		.uleb128 0x20
 1782 01c6 2E       		.uleb128 0x2e
 1783 01c7 01       		.byte	0x1
 1784 01c8 3F       		.uleb128 0x3f
 1785 01c9 19       		.uleb128 0x19
 1786 01ca 03       		.uleb128 0x3
 1787 01cb 0E       		.uleb128 0xe
 1788 01cc 3A       		.uleb128 0x3a
 1789 01cd 0B       		.uleb128 0xb
 1790 01ce 3B       		.uleb128 0x3b
 1791 01cf 0B       		.uleb128 0xb
 1792 01d0 39       		.uleb128 0x39
 1793 01d1 0B       		.uleb128 0xb
 1794 01d2 27       		.uleb128 0x27
 1795 01d3 19       		.uleb128 0x19
 1796 01d4 11       		.uleb128 0x11
 1797 01d5 01       		.uleb128 0x1
 1798 01d6 12       		.uleb128 0x12
 1799 01d7 06       		.uleb128 0x6
 1800 01d8 40       		.uleb128 0x40
 1801 01d9 18       		.uleb128 0x18
 1802 01da 7A       		.uleb128 0x7a
 1803 01db 19       		.uleb128 0x19
 1804 01dc 01       		.uleb128 0x1
 1805 01dd 13       		.uleb128 0x13
 1806 01de 00       		.byte	0
 1807 01df 00       		.byte	0
 1808 01e0 21       		.uleb128 0x21
 1809 01e1 2E       		.uleb128 0x2e
 1810 01e2 01       		.byte	0x1
 1811 01e3 3F       		.uleb128 0x3f
 1812 01e4 19       		.uleb128 0x19
 1813 01e5 03       		.uleb128 0x3
 1814 01e6 0E       		.uleb128 0xe
 1815 01e7 3A       		.uleb128 0x3a
 1816 01e8 0B       		.uleb128 0xb
 1817 01e9 3B       		.uleb128 0x3b
 1818 01ea 0B       		.uleb128 0xb
 1819 01eb 39       		.uleb128 0x39
 1820 01ec 0B       		.uleb128 0xb
 1821 01ed 27       		.uleb128 0x27
ARM GAS  C:\Users\DEVELO~1\AppData\Local\Temp\ccWEqY9m.s 			page 33


 1822 01ee 19       		.uleb128 0x19
 1823 01ef 11       		.uleb128 0x11
 1824 01f0 01       		.uleb128 0x1
 1825 01f1 12       		.uleb128 0x12
 1826 01f2 06       		.uleb128 0x6
 1827 01f3 40       		.uleb128 0x40
 1828 01f4 18       		.uleb128 0x18
 1829 01f5 7A       		.uleb128 0x7a
 1830 01f6 19       		.uleb128 0x19
 1831 01f7 00       		.byte	0
 1832 01f8 00       		.byte	0
 1833 01f9 22       		.uleb128 0x22
 1834 01fa 48       		.uleb128 0x48
 1835 01fb 01       		.byte	0x1
 1836 01fc 7D       		.uleb128 0x7d
 1837 01fd 01       		.uleb128 0x1
 1838 01fe 7F       		.uleb128 0x7f
 1839 01ff 13       		.uleb128 0x13
 1840 0200 01       		.uleb128 0x1
 1841 0201 13       		.uleb128 0x13
 1842 0202 00       		.byte	0
 1843 0203 00       		.byte	0
 1844 0204 23       		.uleb128 0x23
 1845 0205 49       		.uleb128 0x49
 1846 0206 00       		.byte	0
 1847 0207 02       		.uleb128 0x2
 1848 0208 18       		.uleb128 0x18
 1849 0209 7E       		.uleb128 0x7e
 1850 020a 18       		.uleb128 0x18
 1851 020b 00       		.byte	0
 1852 020c 00       		.byte	0
 1853 020d 24       		.uleb128 0x24
 1854 020e 48       		.uleb128 0x48
 1855 020f 00       		.byte	0
 1856 0210 7D       		.uleb128 0x7d
 1857 0211 01       		.uleb128 0x1
 1858 0212 7F       		.uleb128 0x7f
 1859 0213 13       		.uleb128 0x13
 1860 0214 00       		.byte	0
 1861 0215 00       		.byte	0
 1862 0216 00       		.byte	0
 1863              		.section	.debug_aranges,"",%progbits
 1864 0000 24000000 		.4byte	0x24
 1865 0004 0200     		.2byte	0x2
 1866 0006 00000000 		.4byte	.Ldebug_info0
 1867 000a 04       		.byte	0x4
 1868 000b 00       		.byte	0
 1869 000c 0000     		.2byte	0
 1870 000e 0000     		.2byte	0
 1871 0010 00000000 		.4byte	.LFB432
 1872 0014 18000000 		.4byte	.LFE432-.LFB432
 1873 0018 00000000 		.4byte	.LFB433
 1874 001c 04000000 		.4byte	.LFE433-.LFB433
 1875 0020 00000000 		.4byte	0
 1876 0024 00000000 		.4byte	0
 1877              		.section	.debug_rnglists,"",%progbits
 1878              	.Ldebug_ranges0:
ARM GAS  C:\Users\DEVELO~1\AppData\Local\Temp\ccWEqY9m.s 			page 34


 1879 0000 15000000 		.4byte	.Ldebug_ranges3-.Ldebug_ranges2
 1880              	.Ldebug_ranges2:
 1881 0004 0500     		.2byte	0x5
 1882 0006 04       		.byte	0x4
 1883 0007 00       		.byte	0
 1884 0008 00000000 		.4byte	0
 1885              	.LLRL0:
 1886 000c 07       		.byte	0x7
 1887 000d 00000000 		.4byte	.LFB432
 1888 0011 18       		.uleb128 .LFE432-.LFB432
 1889 0012 07       		.byte	0x7
 1890 0013 00000000 		.4byte	.LFB433
 1891 0017 04       		.uleb128 .LFE433-.LFB433
 1892 0018 00       		.byte	0
 1893              	.Ldebug_ranges3:
 1894              		.section	.debug_line,"",%progbits
 1895              	.Ldebug_line0:
 1896 0000 36020000 		.section	.debug_str,"MS",%progbits,1
 1896      0300F701 
 1896      00000201 
 1896      FB0E0D00 
 1896      01010101 
 1897              	.LASF70:
 1898 0000 70726576 		.ascii	"prev\000"
 1898      00
 1899              	.LASF113:
 1900 0005 72656164 		.ascii	"ready_list_t\000"
 1900      795F6C69 
 1900      73745F74 
 1900      00
 1901              	.LASF104:
 1902 0012 77747472 		.ascii	"wttrp\000"
 1902      7000
 1903              	.LASF102:
 1904 0018 7264796D 		.ascii	"rdymsg\000"
 1904      736700
 1905              	.LASF51:
 1906 001f 72666375 		.ascii	"rfcu\000"
 1906      00
 1907              	.LASF124:
 1908 0024 6472765F 		.ascii	"drv_display_init\000"
 1908      64697370 
 1908      6C61795F 
 1908      696E6974 
 1908      00
 1909              	.LASF6:
 1910 0035 5F5F7569 		.ascii	"__uint8_t\000"
 1910      6E74385F 
 1910      7400
 1911              	.LASF127:
 1912 003f 433A5C50 		.ascii	"C:\\PROJET\\ChibiOS project\\ChibiOS_21.11.4\\demos"
 1912      524F4A45 
 1912      545C4368 
 1912      6962694F 
 1912      53207072 
 1913 006e 5C53544D 		.ascii	"\\STM32\\RT-STM32H743ZI_REV_XY-NUCLEO144\000"
 1913      33325C52 
ARM GAS  C:\Users\DEVELO~1\AppData\Local\Temp\ccWEqY9m.s 			page 35


 1913      542D5354 
 1913      4D333248 
 1913      3734335A 
 1914              	.LASF89:
 1915 0095 706F7274 		.ascii	"port_intctx\000"
 1915      5F696E74 
 1915      63747800 
 1916              	.LASF48:
 1917 00a1 76746C69 		.ascii	"vtlist\000"
 1917      737400
 1918              	.LASF81:
 1919 00a8 74797065 		.ascii	"type\000"
 1919      00
 1920              	.LASF84:
 1921 00ad 74726163 		.ascii	"trace_event_t\000"
 1921      655F6576 
 1921      656E745F 
 1921      7400
 1922              	.LASF79:
 1923 00bb 68616C74 		.ascii	"halt\000"
 1923      00
 1924              	.LASF103:
 1925 00c0 65786974 		.ascii	"exitcode\000"
 1925      636F6465 
 1925      00
 1926              	.LASF53:
 1927 00c9 6D61696E 		.ascii	"mainthread\000"
 1927      74687265 
 1927      616400
 1928              	.LASF105:
 1929 00d4 73656E74 		.ascii	"sentmsg\000"
 1929      6D736700 
 1930              	.LASF76:
 1931 00dc 64656C74 		.ascii	"delta\000"
 1931      6100
 1932              	.LASF67:
 1933 00e2 6E657874 		.ascii	"next\000"
 1933      00
 1934              	.LASF123:
 1935 00e7 6472765F 		.ascii	"drv_display_start\000"
 1935      64697370 
 1935      6C61795F 
 1935      73746172 
 1935      7400
 1936              	.LASF1:
 1937 00f9 6C6F6E67 		.ascii	"long long int\000"
 1937      206C6F6E 
 1937      6720696E 
 1937      7400
 1938              	.LASF3:
 1939 0107 7369676E 		.ascii	"signed char\000"
 1939      65642063 
 1939      68617200 
 1940              	.LASF75:
 1941 0113 63685F64 		.ascii	"ch_delta_list\000"
 1941      656C7461 
 1941      5F6C6973 
ARM GAS  C:\Users\DEVELO~1\AppData\Local\Temp\ccWEqY9m.s 			page 36


 1941      7400
 1942              	.LASF14:
 1943 0121 6C6F6E67 		.ascii	"long long unsigned int\000"
 1943      206C6F6E 
 1943      6720756E 
 1943      7369676E 
 1943      65642069 
 1944              	.LASF35:
 1945 0138 73746174 		.ascii	"state\000"
 1945      6500
 1946              	.LASF10:
 1947 013e 6C6F6E67 		.ascii	"long int\000"
 1947      20696E74 
 1947      00
 1948              	.LASF23:
 1949 0147 74737461 		.ascii	"tstate_t\000"
 1949      74655F74 
 1949      00
 1950              	.LASF56:
 1951 0150 63685F72 		.ascii	"ch_rfcu\000"
 1951      66637500 
 1952              	.LASF129:
 1953 0158 63684D74 		.ascii	"chMtxObjectInit\000"
 1953      784F626A 
 1953      65637449 
 1953      6E697400 
 1954              	.LASF69:
 1955 0168 63685F71 		.ascii	"ch_queue\000"
 1955      75657565 
 1955      00
 1956              	.LASF16:
 1957 0171 75696E74 		.ascii	"uint16_t\000"
 1957      31365F74 
 1957      00
 1958              	.LASF88:
 1959 017a 74726163 		.ascii	"trace_buffer_t\000"
 1959      655F6275 
 1959      66666572 
 1959      5F7400
 1960              	.LASF96:
 1961 0189 63685F72 		.ascii	"ch_registry\000"
 1961      65676973 
 1961      74727900 
 1962              	.LASF11:
 1963 0195 5F5F7569 		.ascii	"__uint32_t\000"
 1963      6E743332 
 1963      5F7400
 1964              	.LASF57:
 1965 01a0 6D61736B 		.ascii	"mask\000"
 1965      00
 1966              	.LASF38:
 1967 01a5 77616974 		.ascii	"waiting\000"
 1967      696E6700 
 1968              	.LASF115:
 1969 01ad 6D61696E 		.ascii	"mainthread_base\000"
 1969      74687265 
 1969      61645F62 
ARM GAS  C:\Users\DEVELO~1\AppData\Local\Temp\ccWEqY9m.s 			page 37


 1969      61736500 
 1970              	.LASF120:
 1971 01bd 6D757465 		.ascii	"mutex_t\000"
 1971      785F7400 
 1972              	.LASF64:
 1973 01c5 73797369 		.ascii	"sysinterval_t\000"
 1973      6E746572 
 1973      76616C5F 
 1973      7400
 1974              	.LASF28:
 1975 01d3 636E745F 		.ascii	"cnt_t\000"
 1975      7400
 1976              	.LASF39:
 1977 01d9 6D736771 		.ascii	"msgqueue\000"
 1977      75657565 
 1977      00
 1978              	.LASF0:
 1979 01e2 756E7369 		.ascii	"unsigned int\000"
 1979      676E6564 
 1979      20696E74 
 1979      00
 1980              	.LASF117:
 1981 01ef 69646C65 		.ascii	"idlethread_base\000"
 1981      74687265 
 1981      61645F62 
 1981      61736500 
 1982              	.LASF106:
 1983 01ff 77747365 		.ascii	"wtsemp\000"
 1983      6D7000
 1984              	.LASF62:
 1985 0206 73797374 		.ascii	"system_debug_t\000"
 1985      656D5F64 
 1985      65627567 
 1985      5F7400
 1986              	.LASF12:
 1987 0215 6C6F6E67 		.ascii	"long unsigned int\000"
 1987      20756E73 
 1987      69676E65 
 1987      6420696E 
 1987      7400
 1988              	.LASF31:
 1989 0227 72717565 		.ascii	"rqueue\000"
 1989      756500
 1990              	.LASF68:
 1991 022e 63685F71 		.ascii	"ch_queue_t\000"
 1991      75657565 
 1991      5F7400
 1992              	.LASF125:
 1993 0239 474E5520 		.ascii	"GNU C17 11.3.1 20220712 -mcpu=cortex-m7 -mthumb -mf"
 1993      43313720 
 1993      31312E33 
 1993      2E312032 
 1993      30323230 
 1994 026c 6C6F6174 		.ascii	"loat-abi=soft -march=armv7e-m -ggdb -O2 -fomit-fram"
 1994      2D616269 
 1994      3D736F66 
 1994      74202D6D 
ARM GAS  C:\Users\DEVELO~1\AppData\Local\Temp\ccWEqY9m.s 			page 38


 1994      61726368 
 1995 029f 652D706F 		.ascii	"e-pointer -falign-functions=16 -ffunction-sections "
 1995      696E7465 
 1995      72202D66 
 1995      616C6967 
 1995      6E2D6675 
 1996 02d2 2D666461 		.ascii	"-fdata-sections -fno-common\000"
 1996      74612D73 
 1996      65637469 
 1996      6F6E7320 
 1996      2D666E6F 
 1997              	.LASF33:
 1998 02ee 6E616D65 		.ascii	"name\000"
 1998      00
 1999              	.LASF97:
 2000 02f3 71756575 		.ascii	"queue\000"
 2000      6500
 2001              	.LASF43:
 2002 02f9 6D706F6F 		.ascii	"mpool\000"
 2002      6C00
 2003              	.LASF86:
 2004 02ff 73697A65 		.ascii	"size\000"
 2004      00
 2005              	.LASF8:
 2006 0304 73686F72 		.ascii	"short unsigned int\000"
 2006      7420756E 
 2006      7369676E 
 2006      65642069 
 2006      6E7400
 2007              	.LASF45:
 2008 0317 63685F74 		.ascii	"ch_thread\000"
 2008      68726561 
 2008      6400
 2009              	.LASF26:
 2010 0321 6D73675F 		.ascii	"msg_t\000"
 2010      7400
 2011              	.LASF40:
 2012 0327 6570656E 		.ascii	"epending\000"
 2012      64696E67 
 2012      00
 2013              	.LASF22:
 2014 0330 746D6F64 		.ascii	"tmode_t\000"
 2014      655F7400 
 2015              	.LASF122:
 2016 0338 6472765F 		.ascii	"drv_display_update\000"
 2016      64697370 
 2016      6C61795F 
 2016      75706461 
 2016      746500
 2017              	.LASF66:
 2018 034b 63685F6C 		.ascii	"ch_list\000"
 2018      69737400 
 2019              	.LASF111:
 2020 0353 63685F72 		.ascii	"ch_ready_list\000"
 2020      65616479 
 2020      5F6C6973 
 2020      7400
ARM GAS  C:\Users\DEVELO~1\AppData\Local\Temp\ccWEqY9m.s 			page 39


 2021              	.LASF27:
 2022 0361 6576656E 		.ascii	"eventmask_t\000"
 2022      746D6173 
 2022      6B5F7400 
 2023              	.LASF9:
 2024 036d 5F5F696E 		.ascii	"__int32_t\000"
 2024      7433325F 
 2024      7400
 2025              	.LASF95:
 2026 0377 76697274 		.ascii	"virtual_timers_list_t\000"
 2026      75616C5F 
 2026      74696D65 
 2026      72735F6C 
 2026      6973745F 
 2027              	.LASF21:
 2028 038d 73746B61 		.ascii	"stkalign_t\000"
 2028      6C69676E 
 2028      5F7400
 2029              	.LASF82:
 2030 0398 72747374 		.ascii	"rtstamp\000"
 2030      616D7000 
 2031              	.LASF94:
 2032 03a0 6C617374 		.ascii	"laststamp\000"
 2032      7374616D 
 2032      7000
 2033              	.LASF42:
 2034 03aa 7265616C 		.ascii	"realprio\000"
 2034      7072696F 
 2034      00
 2035              	.LASF55:
 2036 03b3 72666375 		.ascii	"rfcu_mask_t\000"
 2036      5F6D6173 
 2036      6B5F7400 
 2037              	.LASF99:
 2038 03bf 74687265 		.ascii	"thread_reference_t\000"
 2038      61645F72 
 2038      65666572 
 2038      656E6365 
 2038      5F7400
 2039              	.LASF91:
 2040 03d2 63685F76 		.ascii	"ch_virtual_timers_list\000"
 2040      69727475 
 2040      616C5F74 
 2040      696D6572 
 2040      735F6C69 
 2041              	.LASF65:
 2042 03e9 63685F6C 		.ascii	"ch_list_t\000"
 2042      6973745F 
 2042      7400
 2043              	.LASF85:
 2044 03f3 73757370 		.ascii	"suspended\000"
 2044      656E6465 
 2044      6400
 2045              	.LASF19:
 2046 03fd 75696E74 		.ascii	"uint64_t\000"
 2046      36345F74 
 2046      00
ARM GAS  C:\Users\DEVELO~1\AppData\Local\Temp\ccWEqY9m.s 			page 40


 2047              	.LASF114:
 2048 0406 63685F6F 		.ascii	"ch_os_instance_config\000"
 2048      735F696E 
 2048      7374616E 
 2048      63655F63 
 2048      6F6E6669 
 2049              	.LASF90:
 2050 041c 706F7274 		.ascii	"port_context\000"
 2050      5F636F6E 
 2050      74657874 
 2050      00
 2051              	.LASF46:
 2052 0429 63685F6F 		.ascii	"ch_os_instance\000"
 2052      735F696E 
 2052      7374616E 
 2052      636500
 2053              	.LASF83:
 2054 0438 74696D65 		.ascii	"time\000"
 2054      00
 2055              	.LASF73:
 2056 043d 7072696F 		.ascii	"prio\000"
 2056      00
 2057              	.LASF112:
 2058 0442 63757272 		.ascii	"current\000"
 2058      656E7400 
 2059              	.LASF13:
 2060 044a 5F5F7569 		.ascii	"__uint64_t\000"
 2060      6E743634 
 2060      5F7400
 2061              	.LASF29:
 2062 0455 636F7265 		.ascii	"core_id_t\000"
 2062      5F69645F 
 2062      7400
 2063              	.LASF24:
 2064 045f 74726566 		.ascii	"trefs_t\000"
 2064      735F7400 
 2065              	.LASF37:
 2066 0467 72656673 		.ascii	"refs\000"
 2066      00
 2067              	.LASF80:
 2068 046c 75736572 		.ascii	"user\000"
 2068      00
 2069              	.LASF25:
 2070 0471 74707269 		.ascii	"tprio_t\000"
 2070      6F5F7400 
 2071              	.LASF59:
 2072 0479 63685F73 		.ascii	"ch_system_debug\000"
 2072      79737465 
 2072      6D5F6465 
 2072      62756700 
 2073              	.LASF121:
 2074 0489 5F426F6F 		.ascii	"_Bool\000"
 2074      6C00
 2075              	.LASF17:
 2076 048f 696E7433 		.ascii	"int32_t\000"
 2076      325F7400 
 2077              	.LASF4:
ARM GAS  C:\Users\DEVELO~1\AppData\Local\Temp\ccWEqY9m.s 			page 41


 2078 0497 756E7369 		.ascii	"unsigned char\000"
 2078      676E6564 
 2078      20636861 
 2078      7200
 2079              	.LASF58:
 2080 04a5 72666375 		.ascii	"rfcu_t\000"
 2080      5F7400
 2081              	.LASF5:
 2082 04ac 73686F72 		.ascii	"short int\000"
 2082      7420696E 
 2082      7400
 2083              	.LASF93:
 2084 04b6 6C617374 		.ascii	"lasttime\000"
 2084      74696D65 
 2084      00
 2085              	.LASF77:
 2086 04bf 77746F62 		.ascii	"wtobjp\000"
 2086      6A7000
 2087              	.LASF108:
 2088 04c6 65776D61 		.ascii	"ewmask\000"
 2088      736B00
 2089              	.LASF50:
 2090 04cd 636F7265 		.ascii	"core_id\000"
 2090      5F696400 
 2091              	.LASF78:
 2092 04d5 72656173 		.ascii	"reason\000"
 2092      6F6E00
 2093              	.LASF109:
 2094 04dc 63685F73 		.ascii	"ch_semaphore\000"
 2094      656D6170 
 2094      686F7265 
 2094      00
 2095              	.LASF130:
 2096 04e9 64726976 		.ascii	"drivers_update_all\000"
 2096      6572735F 
 2096      75706461 
 2096      74655F61 
 2096      6C6C00
 2097              	.LASF98:
 2098 04fc 72656769 		.ascii	"registry_t\000"
 2098      73747279 
 2098      5F7400
 2099              	.LASF18:
 2100 0507 75696E74 		.ascii	"uint32_t\000"
 2100      33325F74 
 2100      00
 2101              	.LASF107:
 2102 0510 77746D74 		.ascii	"wtmtxp\000"
 2102      787000
 2103              	.LASF126:
 2104 0517 64726976 		.ascii	"drivers/drivers.c\000"
 2104      6572732F 
 2104      64726976 
 2104      6572732E 
 2104      6300
 2105              	.LASF20:
 2106 0529 706F7274 		.ascii	"port_stkalign_t\000"
ARM GAS  C:\Users\DEVELO~1\AppData\Local\Temp\ccWEqY9m.s 			page 42


 2106      5F73746B 
 2106      616C6967 
 2106      6E5F7400 
 2107              	.LASF32:
 2108 0539 6F776E65 		.ascii	"owner\000"
 2108      7200
 2109              	.LASF2:
 2110 053f 6C6F6E67 		.ascii	"long double\000"
 2110      20646F75 
 2110      626C6500 
 2111              	.LASF34:
 2112 054b 77616261 		.ascii	"wabase\000"
 2112      736500
 2113              	.LASF61:
 2114 0552 63686172 		.ascii	"char\000"
 2114      00
 2115              	.LASF52:
 2116 0557 636F6E66 		.ascii	"config\000"
 2116      696700
 2117              	.LASF7:
 2118 055e 5F5F7569 		.ascii	"__uint16_t\000"
 2118      6E743136 
 2118      5F7400
 2119              	.LASF30:
 2120 0569 74687265 		.ascii	"thread_t\000"
 2120      61645F74 
 2120      00
 2121              	.LASF92:
 2122 0572 646C6973 		.ascii	"dlist\000"
 2122      7400
 2123              	.LASF63:
 2124 0578 73797374 		.ascii	"systime_t\000"
 2124      696D655F 
 2124      7400
 2125              	.LASF87:
 2126 0582 62756666 		.ascii	"buffer\000"
 2126      657200
 2127              	.LASF71:
 2128 0589 63685F70 		.ascii	"ch_priority_queue_t\000"
 2128      72696F72 
 2128      6974795F 
 2128      71756575 
 2128      655F7400 
 2129              	.LASF60:
 2130 059d 70616E69 		.ascii	"panic_msg\000"
 2130      635F6D73 
 2130      6700
 2131              	.LASF101:
 2132 05a7 70717565 		.ascii	"pqueue\000"
 2132      756500
 2133              	.LASF128:
 2134 05ae 73706935 		.ascii	"spi5_mutex\000"
 2134      5F6D7574 
 2134      657800
 2135              	.LASF44:
 2136 05b9 6F735F69 		.ascii	"os_instance_t\000"
 2136      6E737461 
ARM GAS  C:\Users\DEVELO~1\AppData\Local\Temp\ccWEqY9m.s 			page 43


 2136      6E63655F 
 2136      7400
 2137              	.LASF49:
 2138 05c7 7265676C 		.ascii	"reglist\000"
 2138      69737400 
 2139              	.LASF72:
 2140 05cf 63685F70 		.ascii	"ch_priority_queue\000"
 2140      72696F72 
 2140      6974795F 
 2140      71756575 
 2140      6500
 2141              	.LASF74:
 2142 05e1 63685F64 		.ascii	"ch_delta_list_t\000"
 2142      656C7461 
 2142      5F6C6973 
 2142      745F7400 
 2143              	.LASF116:
 2144 05f1 6D61696E 		.ascii	"mainthread_end\000"
 2144      74687265 
 2144      61645F65 
 2144      6E6400
 2145              	.LASF119:
 2146 0600 6F735F69 		.ascii	"os_instance_config_t\000"
 2146      6E737461 
 2146      6E63655F 
 2146      636F6E66 
 2146      69675F74 
 2147              	.LASF47:
 2148 0615 726C6973 		.ascii	"rlist\000"
 2148      7400
 2149              	.LASF15:
 2150 061b 75696E74 		.ascii	"uint8_t\000"
 2150      385F7400 
 2151              	.LASF36:
 2152 0623 666C6167 		.ascii	"flags\000"
 2152      7300
 2153              	.LASF110:
 2154 0629 63685F6D 		.ascii	"ch_mutex\000"
 2154      75746578 
 2154      00
 2155              	.LASF54:
 2156 0632 74726163 		.ascii	"trace_buffer\000"
 2156      655F6275 
 2156      66666572 
 2156      00
 2157              	.LASF100:
 2158 063f 6C697374 		.ascii	"list\000"
 2158      00
 2159              	.LASF118:
 2160 0644 69646C65 		.ascii	"idlethread_end\000"
 2160      74687265 
 2160      61645F65 
 2160      6E6400
 2161              	.LASF41:
 2162 0653 6D74786C 		.ascii	"mtxlist\000"
 2162      69737400 
 2163              	.LASF131:
ARM GAS  C:\Users\DEVELO~1\AppData\Local\Temp\ccWEqY9m.s 			page 44


 2164 065b 64726976 		.ascii	"drivers_init_all\000"
 2164      6572735F 
 2164      696E6974 
 2164      5F616C6C 
 2164      00
 2165              		.ident	"GCC: (Arm GNU Toolchain 11.3.Rel1) 11.3.1 20220712"
ARM GAS  C:\Users\DEVELO~1\AppData\Local\Temp\ccWEqY9m.s 			page 45


DEFINED SYMBOLS
                            *ABS*:00000000 drivers.c
C:\Users\DEVELO~1\AppData\Local\Temp\ccWEqY9m.s:18     .text.drivers_init_all:00000000 $t
C:\Users\DEVELO~1\AppData\Local\Temp\ccWEqY9m.s:25     .text.drivers_init_all:00000000 drivers_init_all
C:\Users\DEVELO~1\AppData\Local\Temp\ccWEqY9m.s:57     .text.drivers_init_all:00000014 $d
C:\Users\DEVELO~1\AppData\Local\Temp\ccWEqY9m.s:62     .text.drivers_update_all:00000000 $t
C:\Users\DEVELO~1\AppData\Local\Temp\ccWEqY9m.s:69     .text.drivers_update_all:00000000 drivers_update_all
C:\Users\DEVELO~1\AppData\Local\Temp\ccWEqY9m.s:88     .bss.spi5_mutex:00000000 spi5_mutex
C:\Users\DEVELO~1\AppData\Local\Temp\ccWEqY9m.s:84     .bss.spi5_mutex:00000000 $d

UNDEFINED SYMBOLS
chMtxObjectInit
drv_display_init
drv_display_start
drv_display_update
