ARM GAS  C:\Users\DEVELO~1\AppData\Local\Temp\ccwEE4Oq.s 			page 1


   1              		.cpu cortex-m7
   2              		.arch armv7e-m
   3              		.fpu softvfp
   4              		.eabi_attribute 20, 1
   5              		.eabi_attribute 21, 1
   6              		.eabi_attribute 23, 3
   7              		.eabi_attribute 24, 1
   8              		.eabi_attribute 25, 1
   9              		.eabi_attribute 26, 1
  10              		.eabi_attribute 30, 2
  11              		.eabi_attribute 34, 1
  12              		.eabi_attribute 18, 4
  13              		.file	"drv_ksoloti_clock.c"
  14              		.text
  15              	.Ltext0:
  16              		.cfi_sections	.debug_frame
  17              		.section	.text.drv_ksoloti_clock_init,"ax",%progbits
  18              		.align	1
  19              		.p2align 4,,15
  20              		.global	drv_ksoloti_clock_init
  21              		.syntax unified
  22              		.thumb
  23              		.thumb_func
  24              		.type	drv_ksoloti_clock_init, %function
  25              	drv_ksoloti_clock_init:
  26              	.LFB433:
  27              		.file 1 "drivers/drv_ksoloti_clock.c"
  28              		.loc 1 32 35 view -0
  29              		.cfi_startproc
  30              		@ args = 0, pretend = 0, frame = 0
  31              		@ frame_needed = 0, uses_anonymous_args = 0
  32              		.loc 1 33 5 view .LVU1
  33              		.loc 1 32 35 is_stmt 0 view .LVU2
  34 0000 F8B5     		push	{r3, r4, r5, r6, r7, lr}
  35              		.cfi_def_cfa_offset 24
  36              		.cfi_offset 3, -24
  37              		.cfi_offset 4, -20
  38              		.cfi_offset 5, -16
  39              		.cfi_offset 6, -12
  40              		.cfi_offset 7, -8
  41              		.cfi_offset 14, -4
  42              	.LBB10:
  43              	.LBB11:
  44              	.LBB12:
  45              	.LBB13:
  46              		.file 2 "../../../os/hal/ports/STM32/STM32H7xx/stm32_rcc.h"
  47              		.loc 2 857 19 view .LVU3
  48 0002 124C     		ldr	r4, .L4
  49              	.LBE13:
  50              	.LBE12:
  51              	.LBE11:
  52              	.LBE10:
  53              		.loc 1 33 17 view .LVU4
  54 0004 0025     		movs	r5, #0
  55 0006 124E     		ldr	r6, .L4+4
  56              	.LBB24:
  57              	.LBB22:
ARM GAS  C:\Users\DEVELO~1\AppData\Local\Temp\ccwEE4Oq.s 			page 2


  58              		.loc 1 26 5 view .LVU5
  59 0008 1A22     		movs	r2, #26
  60              	.LBB18:
  61              	.LBB14:
  62              		.loc 2 857 19 view .LVU6
  63 000a D4F8E030 		ldr	r3, [r4, #224]
  64              	.LBE14:
  65              	.LBE18:
  66              		.loc 1 26 5 view .LVU7
  67 000e 4FF48071 		mov	r1, #256
  68              	.LBE22:
  69              	.LBE24:
  70              		.loc 1 33 17 view .LVU8
  71 0012 3570     		strb	r5, [r6]
  72              		.loc 1 34 5 is_stmt 1 view .LVU9
  73              	.LBB25:
  74              	.LBI10:
  75              		.loc 1 24 13 view .LVU10
  76              	.LBB23:
  77              		.loc 1 25 5 view .LVU11
  78              	.LVL0:
  79              	.LBB19:
  80              	.LBI12:
  81              		.loc 2 853 22 view .LVU12
  82              	.LBB15:
  83              		.loc 2 857 3 view .LVU13
  84              		.loc 2 857 19 is_stmt 0 view .LVU14
  85 0014 43F00103 		orr	r3, r3, #1
  86              	.LBE15:
  87              	.LBE19:
  88              		.loc 1 26 5 view .LVU15
  89 0018 0E4F     		ldr	r7, .L4+8
  90              	.LBB20:
  91              	.LBB16:
  92              		.loc 2 857 19 view .LVU16
  93 001a C4F8E030 		str	r3, [r4, #224]
  94              		.loc 2 858 3 is_stmt 1 view .LVU17
  95              		.loc 2 859 5 view .LVU18
  96              	.LBE16:
  97              	.LBE20:
  98              		.loc 1 26 5 is_stmt 0 view .LVU19
  99 001e 3846     		mov	r0, r7
 100              	.LBB21:
 101              	.LBB17:
 102              		.loc 2 859 23 view .LVU20
 103 0020 D4F80831 		ldr	r3, [r4, #264]
 104 0024 43F00103 		orr	r3, r3, #1
 105 0028 C4F80831 		str	r3, [r4, #264]
 106              		.loc 2 864 3 is_stmt 1 view .LVU21
 107 002c D4F80831 		ldr	r3, [r4, #264]
 108              	.LVL1:
 109              		.loc 2 864 3 is_stmt 0 view .LVU22
 110              	.LBE17:
 111              	.LBE21:
 112              		.loc 1 26 5 is_stmt 1 view .LVU23
 113 0030 FFF7FEFF 		bl	_pal_lld_setgroupmode
 114              	.LVL2:
ARM GAS  C:\Users\DEVELO~1\AppData\Local\Temp\ccwEE4Oq.s 			page 3


 115              	.LBE23:
 116              	.LBE25:
 117              		.loc 1 35 5 view .LVU24
 118              	.LBB26:
 119              	.LBI26:
 120              		.loc 1 50 6 view .LVU25
 121              	.LBB27:
 122              		.loc 1 51 5 view .LVU26
 123              		.loc 1 51 14 is_stmt 0 view .LVU27
 124 0034 2369     		ldr	r3, [r4, #16]
 125              	.LVL3:
 126              		.loc 1 52 5 is_stmt 1 view .LVU28
 127              		.loc 1 55 5 is_stmt 0 view .LVU29
 128 0036 3846     		mov	r0, r7
 129 0038 2A46     		mov	r2, r5
 130 003a 4FF48071 		mov	r1, #256
 131              		.loc 1 52 10 view .LVU30
 132 003e 23F0FE73 		bic	r3, r3, #33292288
 133              	.LVL4:
 134              		.loc 1 53 5 is_stmt 1 view .LVU31
 135              		.loc 1 53 15 is_stmt 0 view .LVU32
 136 0042 2361     		str	r3, [r4, #16]
 137              		.loc 1 55 5 is_stmt 1 view .LVU33
 138 0044 FFF7FEFF 		bl	_pal_lld_setgroupmode
 139              	.LVL5:
 140              		.loc 1 56 5 view .LVU34
 141              		.loc 1 56 17 is_stmt 0 view .LVU35
 142 0048 3570     		strb	r5, [r6]
 143              		.loc 1 56 17 view .LVU36
 144              	.LBE27:
 145              	.LBE26:
 146              		.loc 1 36 1 view .LVU37
 147 004a F8BD     		pop	{r3, r4, r5, r6, r7, pc}
 148              	.L5:
 149              		.align	2
 150              	.L4:
 151 004c 00440258 		.word	1476543488
 152 0050 00000000 		.word	.LANCHOR0
 153 0054 00000258 		.word	1476526080
 154              		.cfi_endproc
 155              	.LFE433:
 156              		.size	drv_ksoloti_clock_init, .-drv_ksoloti_clock_init
 157              		.section	.text.drv_ksoloti_clock_start,"ax",%progbits
 158              		.align	1
 159              		.p2align 4,,15
 160              		.global	drv_ksoloti_clock_start
 161              		.syntax unified
 162              		.thumb
 163              		.thumb_func
 164              		.type	drv_ksoloti_clock_start, %function
 165              	drv_ksoloti_clock_start:
 166              	.LFB434:
 167              		.loc 1 38 36 is_stmt 1 view -0
 168              		.cfi_startproc
 169              		@ args = 0, pretend = 0, frame = 0
 170              		@ frame_needed = 0, uses_anonymous_args = 0
 171              		.loc 1 39 5 view .LVU39
ARM GAS  C:\Users\DEVELO~1\AppData\Local\Temp\ccwEE4Oq.s 			page 4


 172              	.LBB32:
 173              	.LBI32:
 174              		.loc 1 24 13 view .LVU40
 175              	.LBB33:
 176              		.loc 1 25 5 view .LVU41
 177              	.LVL6:
 178              	.LBB34:
 179              	.LBI34:
 180              		.loc 2 853 22 view .LVU42
 181              	.LBB35:
 182              		.loc 2 857 3 view .LVU43
 183              	.LBE35:
 184              	.LBE34:
 185              	.LBE33:
 186              	.LBE32:
 187              		.loc 1 38 36 is_stmt 0 view .LVU44
 188 0000 10B5     		push	{r4, lr}
 189              		.cfi_def_cfa_offset 8
 190              		.cfi_offset 4, -8
 191              		.cfi_offset 14, -4
 192              	.LBB41:
 193              	.LBB40:
 194              	.LBB38:
 195              	.LBB36:
 196              		.loc 2 857 19 view .LVU45
 197 0002 0F4C     		ldr	r4, .L8
 198              	.LBE36:
 199              	.LBE38:
 200              		.loc 1 26 5 view .LVU46
 201 0004 1A22     		movs	r2, #26
 202 0006 4FF48071 		mov	r1, #256
 203 000a 0E48     		ldr	r0, .L8+4
 204              	.LBB39:
 205              	.LBB37:
 206              		.loc 2 857 19 view .LVU47
 207 000c D4F8E030 		ldr	r3, [r4, #224]
 208 0010 43F00103 		orr	r3, r3, #1
 209 0014 C4F8E030 		str	r3, [r4, #224]
 210              		.loc 2 858 3 is_stmt 1 view .LVU48
 211              		.loc 2 859 5 view .LVU49
 212              		.loc 2 859 23 is_stmt 0 view .LVU50
 213 0018 D4F80831 		ldr	r3, [r4, #264]
 214 001c 43F00103 		orr	r3, r3, #1
 215 0020 C4F80831 		str	r3, [r4, #264]
 216              		.loc 2 864 3 is_stmt 1 view .LVU51
 217 0024 D4F80831 		ldr	r3, [r4, #264]
 218              	.LVL7:
 219              		.loc 2 864 3 is_stmt 0 view .LVU52
 220              	.LBE37:
 221              	.LBE39:
 222              		.loc 1 26 5 is_stmt 1 view .LVU53
 223 0028 FFF7FEFF 		bl	_pal_lld_setgroupmode
 224              	.LVL8:
 225              	.LBE40:
 226              	.LBE41:
 227              		.loc 1 41 5 view .LVU54
 228              		.loc 1 41 14 is_stmt 0 view .LVU55
ARM GAS  C:\Users\DEVELO~1\AppData\Local\Temp\ccwEE4Oq.s 			page 5


 229 002c 2369     		ldr	r3, [r4, #16]
 230              	.LVL9:
 231              		.loc 1 42 5 is_stmt 1 view .LVU56
 232              		.loc 1 47 17 is_stmt 0 view .LVU57
 233 002e 0121     		movs	r1, #1
 234 0030 054A     		ldr	r2, .L8+8
 235              		.loc 1 42 10 view .LVU58
 236 0032 23F0FE73 		bic	r3, r3, #33292288
 237              	.LVL10:
 238              		.loc 1 43 5 is_stmt 1 view .LVU59
 239              		.loc 1 44 5 view .LVU60
 240              		.loc 1 44 10 is_stmt 0 view .LVU61
 241 0036 43F42003 		orr	r3, r3, #10485760
 242              	.LVL11:
 243              		.loc 1 45 5 is_stmt 1 view .LVU62
 244              		.loc 1 45 15 is_stmt 0 view .LVU63
 245 003a 2361     		str	r3, [r4, #16]
 246              		.loc 1 47 5 is_stmt 1 view .LVU64
 247              		.loc 1 47 17 is_stmt 0 view .LVU65
 248 003c 1170     		strb	r1, [r2]
 249              		.loc 1 48 1 view .LVU66
 250 003e 10BD     		pop	{r4, pc}
 251              	.L9:
 252              		.align	2
 253              	.L8:
 254 0040 00440258 		.word	1476543488
 255 0044 00000258 		.word	1476526080
 256 0048 00000000 		.word	.LANCHOR0
 257              		.cfi_endproc
 258              	.LFE434:
 259              		.size	drv_ksoloti_clock_start, .-drv_ksoloti_clock_start
 260              		.section	.text.drv_ksoloti_clock_stop,"ax",%progbits
 261              		.align	1
 262              		.p2align 4,,15
 263              		.global	drv_ksoloti_clock_stop
 264              		.syntax unified
 265              		.thumb
 266              		.thumb_func
 267              		.type	drv_ksoloti_clock_stop, %function
 268              	drv_ksoloti_clock_stop:
 269              	.LFB435:
 270              		.loc 1 50 35 is_stmt 1 view -0
 271              		.cfi_startproc
 272              		@ args = 0, pretend = 0, frame = 0
 273              		@ frame_needed = 0, uses_anonymous_args = 0
 274              		.loc 1 51 5 view .LVU68
 275              		.loc 1 50 35 is_stmt 0 view .LVU69
 276 0000 10B5     		push	{r4, lr}
 277              		.cfi_def_cfa_offset 8
 278              		.cfi_offset 4, -8
 279              		.cfi_offset 14, -4
 280              		.loc 1 51 14 view .LVU70
 281 0002 074C     		ldr	r4, .L12
 282              		.loc 1 55 5 view .LVU71
 283 0004 0022     		movs	r2, #0
 284 0006 4FF48071 		mov	r1, #256
 285 000a 0648     		ldr	r0, .L12+4
ARM GAS  C:\Users\DEVELO~1\AppData\Local\Temp\ccwEE4Oq.s 			page 6


 286              		.loc 1 51 14 view .LVU72
 287 000c 2369     		ldr	r3, [r4, #16]
 288              	.LVL12:
 289              		.loc 1 52 5 is_stmt 1 view .LVU73
 290              		.loc 1 52 10 is_stmt 0 view .LVU74
 291 000e 23F0FE73 		bic	r3, r3, #33292288
 292              	.LVL13:
 293              		.loc 1 53 5 is_stmt 1 view .LVU75
 294              		.loc 1 53 15 is_stmt 0 view .LVU76
 295 0012 2361     		str	r3, [r4, #16]
 296              		.loc 1 55 5 is_stmt 1 view .LVU77
 297 0014 FFF7FEFF 		bl	_pal_lld_setgroupmode
 298              	.LVL14:
 299              		.loc 1 56 5 view .LVU78
 300              		.loc 1 56 17 is_stmt 0 view .LVU79
 301 0018 034B     		ldr	r3, .L12+8
 302 001a 0022     		movs	r2, #0
 303 001c 1A70     		strb	r2, [r3]
 304              		.loc 1 57 1 view .LVU80
 305 001e 10BD     		pop	{r4, pc}
 306              	.L13:
 307              		.align	2
 308              	.L12:
 309 0020 00440258 		.word	1476543488
 310 0024 00000258 		.word	1476526080
 311 0028 00000000 		.word	.LANCHOR0
 312              		.cfi_endproc
 313              	.LFE435:
 314              		.size	drv_ksoloti_clock_stop, .-drv_ksoloti_clock_stop
 315              		.section	.text.drv_ksoloti_clock_is_running,"ax",%progbits
 316              		.align	1
 317              		.p2align 4,,15
 318              		.global	drv_ksoloti_clock_is_running
 319              		.syntax unified
 320              		.thumb
 321              		.thumb_func
 322              		.type	drv_ksoloti_clock_is_running, %function
 323              	drv_ksoloti_clock_is_running:
 324              	.LFB436:
 325              		.loc 1 59 41 is_stmt 1 view -0
 326              		.cfi_startproc
 327              		@ args = 0, pretend = 0, frame = 0
 328              		@ frame_needed = 0, uses_anonymous_args = 0
 329              		@ link register save eliminated.
 330              		.loc 1 60 5 view .LVU82
 331              		.loc 1 60 12 is_stmt 0 view .LVU83
 332 0000 014B     		ldr	r3, .L15
 333              		.loc 1 61 1 view .LVU84
 334 0002 1878     		ldrb	r0, [r3]	@ zero_extendqisi2
 335 0004 7047     		bx	lr
 336              	.L16:
 337 0006 00BF     		.align	2
 338              	.L15:
 339 0008 00000000 		.word	.LANCHOR0
 340              		.cfi_endproc
 341              	.LFE436:
 342              		.size	drv_ksoloti_clock_is_running, .-drv_ksoloti_clock_is_running
ARM GAS  C:\Users\DEVELO~1\AppData\Local\Temp\ccwEE4Oq.s 			page 7


 343              		.section	.bss.mco_running,"aw",%nobits
 344              		.set	.LANCHOR0,. + 0
 345              		.type	mco_running, %object
 346              		.size	mco_running, 1
 347              	mco_running:
 348 0000 00       		.space	1
 349              		.text
 350              	.Letext0:
 351              		.file 3 "c:\\chibistudio\\tools\\gnu tools arm embedded\\11.3 2022.08\\arm-none-eabi\\include\\mac
 352              		.file 4 "c:\\chibistudio\\tools\\gnu tools arm embedded\\11.3 2022.08\\arm-none-eabi\\include\\sys
 353              		.file 5 "../../../os/common/ext/ST/STM32H7xx/stm32h743xx.h"
 354              		.file 6 "../../../os/hal/ports/STM32/LLD/GPIOv2/stm32_gpio.h"
 355              		.file 7 "../../../os/hal/ports/STM32/LLD/GPIOv2/hal_pal_lld.h"
 356              		.section	.debug_info,"",%progbits
 357              	.Ldebug_info0:
 358 0000 4A070000 		.4byte	0x74a
 359 0004 0500     		.2byte	0x5
 360 0006 01       		.byte	0x1
 361 0007 04       		.byte	0x4
 362 0008 00000000 		.4byte	.Ldebug_abbrev0
 363 000c 14       		.uleb128 0x14
 364 000d 5E040000 		.4byte	.LASF97
 365 0011 1D       		.byte	0x1d
 366 0012 59000000 		.4byte	.LASF98
 367 0016 CB020000 		.4byte	.LASF99
 368 001a 4B000000 		.4byte	.LLRL11
 369 001e 00000000 		.4byte	0
 370 0022 00000000 		.4byte	.Ldebug_line0
 371 0026 15       		.uleb128 0x15
 372 0027 04       		.byte	0x4
 373 0028 05       		.byte	0x5
 374 0029 696E7400 		.ascii	"int\000"
 375 002d 02       		.uleb128 0x2
 376 002e 04       		.byte	0x4
 377 002f 07       		.byte	0x7
 378 0030 AC020000 		.4byte	.LASF0
 379 0034 02       		.uleb128 0x2
 380 0035 08       		.byte	0x8
 381 0036 05       		.byte	0x5
 382 0037 1E040000 		.4byte	.LASF1
 383 003b 02       		.uleb128 0x2
 384 003c 08       		.byte	0x8
 385 003d 04       		.byte	0x4
 386 003e E3010000 		.4byte	.LASF2
 387 0042 02       		.uleb128 0x2
 388 0043 01       		.byte	0x1
 389 0044 06       		.byte	0x6
 390 0045 77020000 		.4byte	.LASF3
 391 0049 02       		.uleb128 0x2
 392 004a 01       		.byte	0x1
 393 004b 08       		.byte	0x8
 394 004c 15020000 		.4byte	.LASF4
 395 0050 02       		.uleb128 0x2
 396 0051 02       		.byte	0x2
 397 0052 05       		.byte	0x5
 398 0053 75000000 		.4byte	.LASF5
 399 0057 04       		.uleb128 0x4
ARM GAS  C:\Users\DEVELO~1\AppData\Local\Temp\ccwEE4Oq.s 			page 8


 400 0058 CA000000 		.4byte	.LASF8
 401 005c 03       		.byte	0x3
 402 005d 39       		.byte	0x39
 403 005e 19       		.byte	0x19
 404 005f 63000000 		.4byte	0x63
 405 0063 02       		.uleb128 0x2
 406 0064 02       		.byte	0x2
 407 0065 07       		.byte	0x7
 408 0066 4B030000 		.4byte	.LASF6
 409 006a 02       		.uleb128 0x2
 410 006b 04       		.byte	0x4
 411 006c 05       		.byte	0x5
 412 006d 83010000 		.4byte	.LASF7
 413 0071 04       		.uleb128 0x4
 414 0072 B1000000 		.4byte	.LASF9
 415 0076 03       		.byte	0x3
 416 0077 4F       		.byte	0x4f
 417 0078 19       		.byte	0x19
 418 0079 7D000000 		.4byte	0x7d
 419 007d 02       		.uleb128 0x2
 420 007e 04       		.byte	0x4
 421 007f 07       		.byte	0x7
 422 0080 C3030000 		.4byte	.LASF10
 423 0084 02       		.uleb128 0x2
 424 0085 08       		.byte	0x8
 425 0086 07       		.byte	0x7
 426 0087 83020000 		.4byte	.LASF11
 427 008b 04       		.uleb128 0x4
 428 008c C2020000 		.4byte	.LASF12
 429 0090 04       		.byte	0x4
 430 0091 24       		.byte	0x24
 431 0092 14       		.byte	0x14
 432 0093 57000000 		.4byte	0x57
 433 0097 04       		.uleb128 0x4
 434 0098 A3020000 		.4byte	.LASF13
 435 009c 04       		.byte	0x4
 436 009d 30       		.byte	0x30
 437 009e 14       		.byte	0x14
 438 009f 71000000 		.4byte	0x71
 439 00a3 0D       		.uleb128 0xd
 440 00a4 97000000 		.4byte	0x97
 441 00a8 02       		.uleb128 0x2
 442 00a9 01       		.byte	0x1
 443 00aa 08       		.byte	0x8
 444 00ab 68030000 		.4byte	.LASF14
 445 00af 0E       		.uleb128 0xe
 446 00b0 97000000 		.4byte	0x97
 447 00b4 BF000000 		.4byte	0xbf
 448 00b8 0F       		.uleb128 0xf
 449 00b9 2D000000 		.4byte	0x2d
 450 00bd 03       		.byte	0x3
 451 00be 00       		.byte	0
 452 00bf 0E       		.uleb128 0xe
 453 00c0 97000000 		.4byte	0x97
 454 00c4 CF000000 		.4byte	0xcf
 455 00c8 0F       		.uleb128 0xf
 456 00c9 2D000000 		.4byte	0x2d
ARM GAS  C:\Users\DEVELO~1\AppData\Local\Temp\ccwEE4Oq.s 			page 9


 457 00cd 08       		.byte	0x8
 458 00ce 00       		.byte	0
 459 00cf 16       		.uleb128 0x16
 460 00d0 3001     		.2byte	0x130
 461 00d2 05       		.byte	0x5
 462 00d3 CE04     		.2byte	0x4ce
 463 00d5 09       		.byte	0x9
 464 00d6 30040000 		.4byte	0x430
 465 00da 07       		.uleb128 0x7
 466 00db 435200   		.ascii	"CR\000"
 467 00de D004     		.2byte	0x4d0
 468 00e0 10       		.byte	0x10
 469 00e1 A3000000 		.4byte	0xa3
 470 00e5 00       		.byte	0
 471 00e6 01       		.uleb128 0x1
 472 00e7 A1000000 		.4byte	.LASF15
 473 00eb D104     		.2byte	0x4d1
 474 00ed 10       		.byte	0x10
 475 00ee A3000000 		.4byte	0xa3
 476 00f2 04       		.byte	0x4
 477 00f3 01       		.uleb128 0x1
 478 00f4 54020000 		.4byte	.LASF16
 479 00f8 D204     		.2byte	0x4d2
 480 00fa 10       		.byte	0x10
 481 00fb A3000000 		.4byte	0xa3
 482 00ff 08       		.byte	0x8
 483 0100 01       		.uleb128 0x1
 484 0101 C6010000 		.4byte	.LASF17
 485 0105 D304     		.2byte	0x4d3
 486 0107 10       		.byte	0x10
 487 0108 A3000000 		.4byte	0xa3
 488 010c 0C       		.byte	0xc
 489 010d 01       		.uleb128 0x1
 490 010e F1000000 		.4byte	.LASF18
 491 0112 D404     		.2byte	0x4d4
 492 0114 10       		.byte	0x10
 493 0115 A3000000 		.4byte	0xa3
 494 0119 10       		.byte	0x10
 495 011a 01       		.uleb128 0x1
 496 011b 98030000 		.4byte	.LASF19
 497 011f D504     		.2byte	0x4d5
 498 0121 0F       		.byte	0xf
 499 0122 97000000 		.4byte	0x97
 500 0126 14       		.byte	0x14
 501 0127 01       		.uleb128 0x1
 502 0128 2A030000 		.4byte	.LASF20
 503 012c D604     		.2byte	0x4d6
 504 012e 10       		.byte	0x10
 505 012f A3000000 		.4byte	0xa3
 506 0133 18       		.byte	0x18
 507 0134 01       		.uleb128 0x1
 508 0135 43040000 		.4byte	.LASF21
 509 0139 D704     		.2byte	0x4d7
 510 013b 10       		.byte	0x10
 511 013c A3000000 		.4byte	0xa3
 512 0140 1C       		.byte	0x1c
 513 0141 01       		.uleb128 0x1
ARM GAS  C:\Users\DEVELO~1\AppData\Local\Temp\ccwEE4Oq.s 			page 10


 514 0142 9A000000 		.4byte	.LASF22
 515 0146 D804     		.2byte	0x4d8
 516 0148 10       		.byte	0x10
 517 0149 A3000000 		.4byte	0xa3
 518 014d 20       		.byte	0x20
 519 014e 01       		.uleb128 0x1
 520 014f A2030000 		.4byte	.LASF23
 521 0153 D904     		.2byte	0x4d9
 522 0155 0F       		.byte	0xf
 523 0156 97000000 		.4byte	0x97
 524 015a 24       		.byte	0x24
 525 015b 01       		.uleb128 0x1
 526 015c 6E010000 		.4byte	.LASF24
 527 0160 DA04     		.2byte	0x4da
 528 0162 10       		.byte	0x10
 529 0163 A3000000 		.4byte	0xa3
 530 0167 28       		.byte	0x28
 531 0168 01       		.uleb128 0x1
 532 0169 3E030000 		.4byte	.LASF25
 533 016d DB04     		.2byte	0x4db
 534 016f 10       		.byte	0x10
 535 0170 A3000000 		.4byte	0xa3
 536 0174 2C       		.byte	0x2c
 537 0175 01       		.uleb128 0x1
 538 0176 BC000000 		.4byte	.LASF26
 539 017a DC04     		.2byte	0x4dc
 540 017c 10       		.byte	0x10
 541 017d A3000000 		.4byte	0xa3
 542 0181 30       		.byte	0x30
 543 0182 01       		.uleb128 0x1
 544 0183 00000000 		.4byte	.LASF27
 545 0187 DD04     		.2byte	0x4dd
 546 0189 10       		.byte	0x10
 547 018a A3000000 		.4byte	0xa3
 548 018e 34       		.byte	0x34
 549 018f 01       		.uleb128 0x1
 550 0190 8C010000 		.4byte	.LASF28
 551 0194 DE04     		.2byte	0x4de
 552 0196 10       		.byte	0x10
 553 0197 A3000000 		.4byte	0xa3
 554 019b 38       		.byte	0x38
 555 019c 01       		.uleb128 0x1
 556 019d 23020000 		.4byte	.LASF29
 557 01a1 DF04     		.2byte	0x4df
 558 01a3 10       		.byte	0x10
 559 01a4 A3000000 		.4byte	0xa3
 560 01a8 3C       		.byte	0x3c
 561 01a9 01       		.uleb128 0x1
 562 01aa 8F030000 		.4byte	.LASF30
 563 01ae E004     		.2byte	0x4e0
 564 01b0 10       		.byte	0x10
 565 01b1 A3000000 		.4byte	0xa3
 566 01b5 40       		.byte	0x40
 567 01b6 01       		.uleb128 0x1
 568 01b7 13050000 		.4byte	.LASF31
 569 01bb E104     		.2byte	0x4e1
 570 01bd 10       		.byte	0x10
ARM GAS  C:\Users\DEVELO~1\AppData\Local\Temp\ccwEE4Oq.s 			page 11


 571 01be A3000000 		.4byte	0xa3
 572 01c2 44       		.byte	0x44
 573 01c3 01       		.uleb128 0x1
 574 01c4 F6000000 		.4byte	.LASF32
 575 01c8 E204     		.2byte	0x4e2
 576 01ca 10       		.byte	0x10
 577 01cb 97000000 		.4byte	0x97
 578 01cf 48       		.byte	0x48
 579 01d0 01       		.uleb128 0x1
 580 01d1 6D030000 		.4byte	.LASF33
 581 01d5 E304     		.2byte	0x4e3
 582 01d7 11       		.byte	0x11
 583 01d8 A3000000 		.4byte	0xa3
 584 01dc 4C       		.byte	0x4c
 585 01dd 01       		.uleb128 0x1
 586 01de D5000000 		.4byte	.LASF34
 587 01e2 E404     		.2byte	0x4e4
 588 01e4 11       		.byte	0x11
 589 01e5 A3000000 		.4byte	0xa3
 590 01e9 50       		.byte	0x50
 591 01ea 01       		.uleb128 0x1
 592 01eb 3E000000 		.4byte	.LASF35
 593 01ef E504     		.2byte	0x4e5
 594 01f1 11       		.byte	0x11
 595 01f2 A3000000 		.4byte	0xa3
 596 01f6 54       		.byte	0x54
 597 01f7 01       		.uleb128 0x1
 598 01f8 A9000000 		.4byte	.LASF36
 599 01fc E604     		.2byte	0x4e6
 600 01fe 11       		.byte	0x11
 601 01ff A3000000 		.4byte	0xa3
 602 0203 58       		.byte	0x58
 603 0204 01       		.uleb128 0x1
 604 0205 B4030000 		.4byte	.LASF37
 605 0209 E704     		.2byte	0x4e7
 606 020b 10       		.byte	0x10
 607 020c 97000000 		.4byte	0x97
 608 0210 5C       		.byte	0x5c
 609 0211 01       		.uleb128 0x1
 610 0212 78010000 		.4byte	.LASF38
 611 0216 E804     		.2byte	0x4e8
 612 0218 11       		.byte	0x11
 613 0219 A3000000 		.4byte	0xa3
 614 021d 60       		.byte	0x60
 615 021e 01       		.uleb128 0x1
 616 021f F9030000 		.4byte	.LASF39
 617 0223 E904     		.2byte	0x4e9
 618 0225 11       		.byte	0x11
 619 0226 A3000000 		.4byte	0xa3
 620 022a 64       		.byte	0x64
 621 022b 01       		.uleb128 0x1
 622 022c C5000000 		.4byte	.LASF40
 623 0230 EA04     		.2byte	0x4ea
 624 0232 11       		.byte	0x11
 625 0233 A3000000 		.4byte	0xa3
 626 0237 68       		.byte	0x68
 627 0238 01       		.uleb128 0x1
ARM GAS  C:\Users\DEVELO~1\AppData\Local\Temp\ccwEE4Oq.s 			page 12


 628 0239 0E010000 		.4byte	.LASF41
 629 023d EB04     		.2byte	0x4eb
 630 023f 0F       		.byte	0xf
 631 0240 97000000 		.4byte	0x97
 632 0244 6C       		.byte	0x6c
 633 0245 01       		.uleb128 0x1
 634 0246 95000000 		.4byte	.LASF42
 635 024a EC04     		.2byte	0x4ec
 636 024c 11       		.byte	0x11
 637 024d A3000000 		.4byte	0xa3
 638 0251 70       		.byte	0x70
 639 0252 07       		.uleb128 0x7
 640 0253 43535200 		.ascii	"CSR\000"
 641 0257 ED04     		.2byte	0x4ed
 642 0259 11       		.byte	0x11
 643 025a A3000000 		.4byte	0xa3
 644 025e 74       		.byte	0x74
 645 025f 01       		.uleb128 0x1
 646 0260 D5030000 		.4byte	.LASF43
 647 0264 EE04     		.2byte	0x4ee
 648 0266 0F       		.byte	0xf
 649 0267 97000000 		.4byte	0x97
 650 026b 78       		.byte	0x78
 651 026c 01       		.uleb128 0x1
 652 026d 3A040000 		.4byte	.LASF44
 653 0271 EF04     		.2byte	0x4ef
 654 0273 10       		.byte	0x10
 655 0274 A3000000 		.4byte	0xa3
 656 0278 7C       		.byte	0x7c
 657 0279 01       		.uleb128 0x1
 658 027a 31040000 		.4byte	.LASF45
 659 027e F004     		.2byte	0x4f0
 660 0280 10       		.byte	0x10
 661 0281 A3000000 		.4byte	0xa3
 662 0285 80       		.byte	0x80
 663 0286 01       		.uleb128 0x1
 664 0287 B9020000 		.4byte	.LASF46
 665 028b F104     		.2byte	0x4f1
 666 028d 10       		.byte	0x10
 667 028e A3000000 		.4byte	0xa3
 668 0292 84       		.byte	0x84
 669 0293 01       		.uleb128 0x1
 670 0294 9A020000 		.4byte	.LASF47
 671 0298 F204     		.2byte	0x4f2
 672 029a 10       		.byte	0x10
 673 029b A3000000 		.4byte	0xa3
 674 029f 88       		.byte	0x88
 675 02a0 01       		.uleb128 0x1
 676 02a1 25010000 		.4byte	.LASF48
 677 02a5 F304     		.2byte	0x4f3
 678 02a7 10       		.byte	0x10
 679 02a8 A3000000 		.4byte	0xa3
 680 02ac 8C       		.byte	0x8c
 681 02ad 01       		.uleb128 0x1
 682 02ae 5E030000 		.4byte	.LASF49
 683 02b2 F404     		.2byte	0x4f4
 684 02b4 10       		.byte	0x10
ARM GAS  C:\Users\DEVELO~1\AppData\Local\Temp\ccwEE4Oq.s 			page 13


 685 02b5 A3000000 		.4byte	0xa3
 686 02b9 90       		.byte	0x90
 687 02ba 01       		.uleb128 0x1
 688 02bb 4F000000 		.4byte	.LASF50
 689 02bf F504     		.2byte	0x4f5
 690 02c1 10       		.byte	0x10
 691 02c2 A3000000 		.4byte	0xa3
 692 02c6 94       		.byte	0x94
 693 02c7 01       		.uleb128 0x1
 694 02c8 AC010000 		.4byte	.LASF51
 695 02cc F604     		.2byte	0x4f6
 696 02ce 10       		.byte	0x10
 697 02cf A3000000 		.4byte	0xa3
 698 02d3 98       		.byte	0x98
 699 02d4 01       		.uleb128 0x1
 700 02d5 7F000000 		.4byte	.LASF52
 701 02d9 F704     		.2byte	0x4f7
 702 02db 10       		.byte	0x10
 703 02dc A3000000 		.4byte	0xa3
 704 02e0 9C       		.byte	0x9c
 705 02e1 07       		.uleb128 0x7
 706 02e2 47435200 		.ascii	"GCR\000"
 707 02e6 F804     		.2byte	0x4f8
 708 02e8 10       		.byte	0x10
 709 02e9 A3000000 		.4byte	0xa3
 710 02ed A0       		.byte	0xa0
 711 02ee 01       		.uleb128 0x1
 712 02ef 2E010000 		.4byte	.LASF53
 713 02f3 F904     		.2byte	0x4f9
 714 02f5 0F       		.byte	0xf
 715 02f6 97000000 		.4byte	0x97
 716 02fa A4       		.byte	0xa4
 717 02fb 01       		.uleb128 0x1
 718 02fc EF010000 		.4byte	.LASF54
 719 0300 FA04     		.2byte	0x4fa
 720 0302 10       		.byte	0x10
 721 0303 A3000000 		.4byte	0xa3
 722 0307 A8       		.byte	0xa8
 723 0308 01       		.uleb128 0x1
 724 0309 2D020000 		.4byte	.LASF55
 725 030d FB04     		.2byte	0x4fb
 726 030f 0F       		.byte	0xf
 727 0310 BF000000 		.4byte	0xbf
 728 0314 AC       		.byte	0xac
 729 0315 07       		.uleb128 0x7
 730 0316 52535200 		.ascii	"RSR\000"
 731 031a FC04     		.2byte	0x4fc
 732 031c 10       		.byte	0x10
 733 031d A3000000 		.4byte	0xa3
 734 0321 D0       		.byte	0xd0
 735 0322 01       		.uleb128 0x1
 736 0323 66010000 		.4byte	.LASF56
 737 0327 FD04     		.2byte	0x4fd
 738 0329 10       		.byte	0x10
 739 032a A3000000 		.4byte	0xa3
 740 032e D4       		.byte	0xd4
 741 032f 01       		.uleb128 0x1
ARM GAS  C:\Users\DEVELO~1\AppData\Local\Temp\ccwEE4Oq.s 			page 14


 742 0330 16040000 		.4byte	.LASF57
 743 0334 FE04     		.2byte	0x4fe
 744 0336 10       		.byte	0x10
 745 0337 A3000000 		.4byte	0xa3
 746 033b D8       		.byte	0xd8
 747 033c 01       		.uleb128 0x1
 748 033d 47000000 		.4byte	.LASF58
 749 0341 FF04     		.2byte	0x4ff
 750 0343 10       		.byte	0x10
 751 0344 A3000000 		.4byte	0xa3
 752 0348 DC       		.byte	0xdc
 753 0349 01       		.uleb128 0x1
 754 034a 36030000 		.4byte	.LASF59
 755 034e 0005     		.2byte	0x500
 756 0350 10       		.byte	0x10
 757 0351 A3000000 		.4byte	0xa3
 758 0355 E0       		.byte	0xe0
 759 0356 01       		.uleb128 0x1
 760 0357 E5030000 		.4byte	.LASF60
 761 035b 0105     		.2byte	0x501
 762 035d 10       		.byte	0x10
 763 035e A3000000 		.4byte	0xa3
 764 0362 E4       		.byte	0xe4
 765 0363 01       		.uleb128 0x1
 766 0364 4B020000 		.4byte	.LASF61
 767 0368 0205     		.2byte	0x502
 768 036a 10       		.byte	0x10
 769 036b A3000000 		.4byte	0xa3
 770 036f E8       		.byte	0xe8
 771 0370 01       		.uleb128 0x1
 772 0371 F5010000 		.4byte	.LASF62
 773 0375 0305     		.2byte	0x503
 774 0377 10       		.byte	0x10
 775 0378 A3000000 		.4byte	0xa3
 776 037c EC       		.byte	0xec
 777 037d 01       		.uleb128 0x1
 778 037e 43020000 		.4byte	.LASF63
 779 0382 0405     		.2byte	0x504
 780 0384 10       		.byte	0x10
 781 0385 A3000000 		.4byte	0xa3
 782 0389 F0       		.byte	0xf0
 783 038a 01       		.uleb128 0x1
 784 038b 15000000 		.4byte	.LASF64
 785 038f 0505     		.2byte	0x505
 786 0391 10       		.byte	0x10
 787 0392 A3000000 		.4byte	0xa3
 788 0396 F4       		.byte	0xf4
 789 0397 01       		.uleb128 0x1
 790 0398 38020000 		.4byte	.LASF65
 791 039c 0605     		.2byte	0x506
 792 039e 10       		.byte	0x10
 793 039f 97000000 		.4byte	0x97
 794 03a3 F8       		.byte	0xf8
 795 03a4 01       		.uleb128 0x1
 796 03a5 DE000000 		.4byte	.LASF66
 797 03a9 0705     		.2byte	0x507
 798 03ab 10       		.byte	0x10
ARM GAS  C:\Users\DEVELO~1\AppData\Local\Temp\ccwEE4Oq.s 			page 15


 799 03ac A3000000 		.4byte	0xa3
 800 03b0 FC       		.byte	0xfc
 801 03b1 05       		.uleb128 0x5
 802 03b2 38010000 		.4byte	.LASF67
 803 03b6 0805     		.2byte	0x508
 804 03b8 10       		.byte	0x10
 805 03b9 A3000000 		.4byte	0xa3
 806 03bd 0001     		.2byte	0x100
 807 03bf 05       		.uleb128 0x5
 808 03c0 85030000 		.4byte	.LASF68
 809 03c4 0905     		.2byte	0x509
 810 03c6 10       		.byte	0x10
 811 03c7 A3000000 		.4byte	0xa3
 812 03cb 0401     		.2byte	0x104
 813 03cd 05       		.uleb128 0x5
 814 03ce 7B030000 		.4byte	.LASF69
 815 03d2 0A05     		.2byte	0x50a
 816 03d4 10       		.byte	0x10
 817 03d5 A3000000 		.4byte	0xa3
 818 03d9 0801     		.2byte	0x108
 819 03db 05       		.uleb128 0x5
 820 03dc CE010000 		.4byte	.LASF70
 821 03e0 0B05     		.2byte	0x50b
 822 03e2 10       		.byte	0x10
 823 03e3 A3000000 		.4byte	0xa3
 824 03e7 0C01     		.2byte	0x10c
 825 03e9 05       		.uleb128 0x5
 826 03ea 0A000000 		.4byte	.LASF71
 827 03ee 0C05     		.2byte	0x50c
 828 03f0 10       		.byte	0x10
 829 03f1 A3000000 		.4byte	0xa3
 830 03f5 1001     		.2byte	0x110
 831 03f7 05       		.uleb128 0x5
 832 03f8 33000000 		.4byte	.LASF72
 833 03fc 0D05     		.2byte	0x50d
 834 03fe 10       		.byte	0x10
 835 03ff A3000000 		.4byte	0xa3
 836 0403 1401     		.2byte	0x114
 837 0405 05       		.uleb128 0x5
 838 0406 54040000 		.4byte	.LASF73
 839 040a 0E05     		.2byte	0x50e
 840 040c 10       		.byte	0x10
 841 040d A3000000 		.4byte	0xa3
 842 0411 1801     		.2byte	0x118
 843 0413 05       		.uleb128 0x5
 844 0414 4A040000 		.4byte	.LASF74
 845 0418 0F05     		.2byte	0x50f
 846 041a 10       		.byte	0x10
 847 041b A3000000 		.4byte	0xa3
 848 041f 1C01     		.2byte	0x11c
 849 0421 05       		.uleb128 0x5
 850 0422 BB010000 		.4byte	.LASF75
 851 0426 1005     		.2byte	0x510
 852 0428 0F       		.byte	0xf
 853 0429 AF000000 		.4byte	0xaf
 854 042d 2001     		.2byte	0x120
 855 042f 00       		.byte	0
ARM GAS  C:\Users\DEVELO~1\AppData\Local\Temp\ccwEE4Oq.s 			page 16


 856 0430 17       		.uleb128 0x17
 857 0431 95010000 		.4byte	.LASF76
 858 0435 05       		.byte	0x5
 859 0436 1205     		.2byte	0x512
 860 0438 03       		.byte	0x3
 861 0439 CF000000 		.4byte	0xcf
 862 043d 02       		.uleb128 0x2
 863 043e 01       		.byte	0x1
 864 043f 02       		.byte	0x2
 865 0440 75030000 		.4byte	.LASF77
 866 0444 10       		.uleb128 0x10
 867 0445 04       		.byte	0x4
 868 0446 5B       		.byte	0x5b
 869 0447 05       		.byte	0x5
 870 0448 64040000 		.4byte	0x464
 871 044c 0A       		.uleb128 0xa
 872 044d 73657400 		.ascii	"set\000"
 873 0451 5C       		.byte	0x5c
 874 0452 8B000000 		.4byte	0x8b
 875 0456 00       		.byte	0
 876 0457 06       		.uleb128 0x6
 877 0458 B5010000 		.4byte	.LASF78
 878 045c 5D       		.byte	0x5d
 879 045d 19       		.byte	0x19
 880 045e 8B000000 		.4byte	0x8b
 881 0462 02       		.byte	0x2
 882 0463 00       		.byte	0
 883 0464 18       		.uleb128 0x18
 884 0465 04       		.byte	0x4
 885 0466 06       		.byte	0x6
 886 0467 59       		.byte	0x59
 887 0468 0C       		.byte	0xc
 888 0469 80040000 		.4byte	0x480
 889 046d 11       		.uleb128 0x11
 890 046e 5700     		.ascii	"W\000"
 891 0470 5A       		.byte	0x5a
 892 0471 19       		.byte	0x19
 893 0472 97000000 		.4byte	0x97
 894 0476 11       		.uleb128 0x11
 895 0477 4800     		.ascii	"H\000"
 896 0479 5E       		.byte	0x5e
 897 047a 07       		.byte	0x7
 898 047b 44040000 		.4byte	0x444
 899 047f 00       		.byte	0
 900 0480 0D       		.uleb128 0xd
 901 0481 64040000 		.4byte	0x464
 902 0485 10       		.uleb128 0x10
 903 0486 28       		.byte	0x28
 904 0487 51       		.byte	0x51
 905 0488 09       		.byte	0x9
 906 0489 04050000 		.4byte	0x504
 907 048d 06       		.uleb128 0x6
 908 048e A6010000 		.4byte	.LASF79
 909 0492 53       		.byte	0x53
 910 0493 19       		.byte	0x19
 911 0494 A3000000 		.4byte	0xa3
 912 0498 00       		.byte	0
ARM GAS  C:\Users\DEVELO~1\AppData\Local\Temp\ccwEE4Oq.s 			page 17


 913 0499 06       		.uleb128 0x6
 914 049a 42010000 		.4byte	.LASF80
 915 049e 54       		.byte	0x54
 916 049f 19       		.byte	0x19
 917 04a0 A3000000 		.4byte	0xa3
 918 04a4 04       		.byte	0x4
 919 04a5 06       		.uleb128 0x6
 920 04a6 AC030000 		.4byte	.LASF81
 921 04aa 55       		.byte	0x55
 922 04ab 19       		.byte	0x19
 923 04ac A3000000 		.4byte	0xa3
 924 04b0 08       		.byte	0x8
 925 04b1 06       		.uleb128 0x6
 926 04b2 7D010000 		.4byte	.LASF82
 927 04b6 56       		.byte	0x56
 928 04b7 19       		.byte	0x19
 929 04b8 A3000000 		.4byte	0xa3
 930 04bc 0C       		.byte	0xc
 931 04bd 0A       		.uleb128 0xa
 932 04be 49445200 		.ascii	"IDR\000"
 933 04c2 57       		.byte	0x57
 934 04c3 A3000000 		.4byte	0xa3
 935 04c7 10       		.byte	0x10
 936 04c8 0A       		.uleb128 0xa
 937 04c9 4F445200 		.ascii	"ODR\000"
 938 04cd 58       		.byte	0x58
 939 04ce A3000000 		.4byte	0xa3
 940 04d2 14       		.byte	0x14
 941 04d3 06       		.uleb128 0x6
 942 04d4 A1010000 		.4byte	.LASF83
 943 04d8 5F       		.byte	0x5f
 944 04d9 05       		.byte	0x5
 945 04da 80040000 		.4byte	0x480
 946 04de 18       		.byte	0x18
 947 04df 06       		.uleb128 0x6
 948 04e0 DF030000 		.4byte	.LASF84
 949 04e4 60       		.byte	0x60
 950 04e5 19       		.byte	0x19
 951 04e6 A3000000 		.4byte	0xa3
 952 04ea 1C       		.byte	0x1c
 953 04eb 06       		.uleb128 0x6
 954 04ec 46030000 		.4byte	.LASF85
 955 04f0 61       		.byte	0x61
 956 04f1 19       		.byte	0x19
 957 04f2 A3000000 		.4byte	0xa3
 958 04f6 20       		.byte	0x20
 959 04f7 06       		.uleb128 0x6
 960 04f8 31030000 		.4byte	.LASF86
 961 04fc 62       		.byte	0x62
 962 04fd 19       		.byte	0x19
 963 04fe A3000000 		.4byte	0xa3
 964 0502 24       		.byte	0x24
 965 0503 00       		.byte	0
 966 0504 04       		.uleb128 0x4
 967 0505 88000000 		.4byte	.LASF87
 968 0509 06       		.byte	0x6
 969 050a 63       		.byte	0x63
ARM GAS  C:\Users\DEVELO~1\AppData\Local\Temp\ccwEE4Oq.s 			page 18


 970 050b 03       		.byte	0x3
 971 050c 85040000 		.4byte	0x485
 972 0510 04       		.uleb128 0x4
 973 0511 18010000 		.4byte	.LASF88
 974 0515 07       		.byte	0x7
 975 0516 C2       		.byte	0xc2
 976 0517 12       		.byte	0x12
 977 0518 97000000 		.4byte	0x97
 978 051c 04       		.uleb128 0x4
 979 051d 21030000 		.4byte	.LASF89
 980 0521 07       		.byte	0x7
 981 0522 C7       		.byte	0xc7
 982 0523 12       		.byte	0x12
 983 0524 97000000 		.4byte	0x97
 984 0528 04       		.uleb128 0x4
 985 0529 E8000000 		.4byte	.LASF90
 986 052d 07       		.byte	0x7
 987 052e CC       		.byte	0xcc
 988 052f 12       		.byte	0x12
 989 0530 97000000 		.4byte	0x97
 990 0534 04       		.uleb128 0x4
 991 0535 D8010000 		.4byte	.LASF91
 992 0539 07       		.byte	0x7
 993 053a D9       		.byte	0xd9
 994 053b 18       		.byte	0x18
 995 053c 40050000 		.4byte	0x540
 996 0540 19       		.uleb128 0x19
 997 0541 04       		.byte	0x4
 998 0542 04050000 		.4byte	0x504
 999 0546 1A       		.uleb128 0x1a
 1000 0547 ED030000 		.4byte	.LASF100
 1001 054b 01       		.byte	0x1
 1002 054c 16       		.byte	0x16
 1003 054d 0D       		.byte	0xd
 1004 054e 3D040000 		.4byte	0x43d
 1005 0552 05       		.uleb128 0x5
 1006 0553 03       		.byte	0x3
 1007 0554 00000000 		.4byte	mco_running
 1008 0558 1B       		.uleb128 0x1b
 1009 0559 1D000000 		.4byte	.LASF92
 1010 055d 07       		.byte	0x7
 1011 055e F301     		.2byte	0x1f3
 1012 0560 08       		.byte	0x8
 1013 0561 75050000 		.4byte	0x575
 1014 0565 0B       		.uleb128 0xb
 1015 0566 34050000 		.4byte	0x534
 1016 056a 0B       		.uleb128 0xb
 1017 056b 10050000 		.4byte	0x510
 1018 056f 0B       		.uleb128 0xb
 1019 0570 1C050000 		.4byte	0x51c
 1020 0574 00       		.byte	0
 1021 0575 1C       		.uleb128 0x1c
 1022 0576 5A020000 		.4byte	.LASF101
 1023 057a 01       		.byte	0x1
 1024 057b 3B       		.byte	0x3b
 1025 057c 06       		.byte	0x6
 1026 057d 3D040000 		.4byte	0x43d
ARM GAS  C:\Users\DEVELO~1\AppData\Local\Temp\ccwEE4Oq.s 			page 19


 1027 0581 00000000 		.4byte	.LFB436
 1028 0585 0C000000 		.4byte	.LFE436-.LFB436
 1029 0589 01       		.uleb128 0x1
 1030 058a 9C       		.byte	0x9c
 1031 058b 1D       		.uleb128 0x1d
 1032 058c FE010000 		.4byte	.LASF93
 1033 0590 01       		.byte	0x1
 1034 0591 32       		.byte	0x32
 1035 0592 06       		.byte	0x6
 1036 0593 01       		.byte	0x1
 1037 0594 A5050000 		.4byte	0x5a5
 1038 0598 1E       		.uleb128 0x1e
 1039 0599 BE030000 		.4byte	.LASF102
 1040 059d 01       		.byte	0x1
 1041 059e 33       		.byte	0x33
 1042 059f 0E       		.byte	0xe
 1043 05a0 97000000 		.4byte	0x97
 1044 05a4 00       		.byte	0
 1045 05a5 12       		.uleb128 0x12
 1046 05a6 FE030000 		.4byte	.LASF94
 1047 05aa 26       		.byte	0x26
 1048 05ab 00000000 		.4byte	.LFB434
 1049 05af 4C000000 		.4byte	.LFE434-.LFB434
 1050 05b3 01       		.uleb128 0x1
 1051 05b4 9C       		.byte	0x9c
 1052 05b5 2D060000 		.4byte	0x62d
 1053 05b9 1F       		.uleb128 0x1f
 1054 05ba BE030000 		.4byte	.LASF102
 1055 05be 01       		.byte	0x1
 1056 05bf 29       		.byte	0x29
 1057 05c0 0E       		.byte	0xe
 1058 05c1 97000000 		.4byte	0x97
 1059 05c5 12000000 		.4byte	.LLST5
 1060 05c9 0C000000 		.4byte	.LVUS5
 1061 05cd 20       		.uleb128 0x20
 1062 05ce E0060000 		.4byte	0x6e0
 1063 05d2 00000000 		.4byte	.LBI32
 1064 05d6 02       		.byte	.LVU40
 1065 05d7 30000000 		.4byte	.LLRL6
 1066 05db 01       		.byte	0x1
 1067 05dc 27       		.byte	0x27
 1068 05dd 05       		.byte	0x5
 1069 05de 0C       		.uleb128 0xc
 1070 05df E9060000 		.4byte	0x6e9
 1071 05e3 00000000 		.4byte	.LBI34
 1072 05e7 04       		.byte	.LVU42
 1073 05e8 3C000000 		.4byte	.LLRL7
 1074 05ec 19       		.byte	0x19
 1075 05ed 0C060000 		.4byte	0x60c
 1076 05f1 08       		.uleb128 0x8
 1077 05f2 04070000 		.4byte	0x704
 1078 05f6 2F000000 		.4byte	.LLST8
 1079 05fa 2D000000 		.4byte	.LVUS8
 1080 05fe 08       		.uleb128 0x8
 1081 05ff F7060000 		.4byte	0x6f7
 1082 0603 2F000000 		.4byte	.LLST8
 1083 0607 2D000000 		.4byte	.LVUS8
ARM GAS  C:\Users\DEVELO~1\AppData\Local\Temp\ccwEE4Oq.s 			page 20


 1084 060b 00       		.byte	0
 1085 060c 09       		.uleb128 0x9
 1086 060d 2C000000 		.4byte	.LVL8
 1087 0611 58050000 		.4byte	0x558
 1088 0615 03       		.uleb128 0x3
 1089 0616 01       		.uleb128 0x1
 1090 0617 50       		.byte	0x50
 1091 0618 05       		.uleb128 0x5
 1092 0619 0C       		.byte	0xc
 1093 061a 00000258 		.4byte	0x58020000
 1094 061e 03       		.uleb128 0x3
 1095 061f 01       		.uleb128 0x1
 1096 0620 51       		.byte	0x51
 1097 0621 03       		.uleb128 0x3
 1098 0622 0A       		.byte	0xa
 1099 0623 0001     		.2byte	0x100
 1100 0625 03       		.uleb128 0x3
 1101 0626 01       		.uleb128 0x1
 1102 0627 52       		.byte	0x52
 1103 0628 01       		.uleb128 0x1
 1104 0629 4A       		.byte	0x4a
 1105 062a 00       		.byte	0
 1106 062b 00       		.byte	0
 1107 062c 00       		.byte	0
 1108 062d 12       		.uleb128 0x12
 1109 062e 1D050000 		.4byte	.LASF95
 1110 0632 20       		.byte	0x20
 1111 0633 00000000 		.4byte	.LFB433
 1112 0637 58000000 		.4byte	.LFE433-.LFB433
 1113 063b 01       		.uleb128 0x1
 1114 063c 9C       		.byte	0x9c
 1115 063d E0060000 		.4byte	0x6e0
 1116 0641 0C       		.uleb128 0xc
 1117 0642 E0060000 		.4byte	0x6e0
 1118 0646 14000000 		.4byte	.LBI10
 1119 064a 01       		.byte	.LVU10
 1120 064b 0C000000 		.4byte	.LLRL0
 1121 064f 22       		.byte	0x22
 1122 0650 9F060000 		.4byte	0x69f
 1123 0654 0C       		.uleb128 0xc
 1124 0655 E9060000 		.4byte	0x6e9
 1125 0659 14000000 		.4byte	.LBI12
 1126 065d 03       		.byte	.LVU12
 1127 065e 1B000000 		.4byte	.LLRL1
 1128 0662 19       		.byte	0x19
 1129 0663 82060000 		.4byte	0x682
 1130 0667 08       		.uleb128 0x8
 1131 0668 04070000 		.4byte	0x704
 1132 066c 3B000000 		.4byte	.LLST2
 1133 0670 39000000 		.4byte	.LVUS2
 1134 0674 08       		.uleb128 0x8
 1135 0675 F7060000 		.4byte	0x6f7
 1136 0679 3B000000 		.4byte	.LLST2
 1137 067d 39000000 		.4byte	.LVUS2
 1138 0681 00       		.byte	0
 1139 0682 09       		.uleb128 0x9
 1140 0683 34000000 		.4byte	.LVL2
ARM GAS  C:\Users\DEVELO~1\AppData\Local\Temp\ccwEE4Oq.s 			page 21


 1141 0687 58050000 		.4byte	0x558
 1142 068b 03       		.uleb128 0x3
 1143 068c 01       		.uleb128 0x1
 1144 068d 50       		.byte	0x50
 1145 068e 02       		.uleb128 0x2
 1146 068f 77       		.byte	0x77
 1147 0690 00       		.sleb128 0
 1148 0691 03       		.uleb128 0x3
 1149 0692 01       		.uleb128 0x1
 1150 0693 51       		.byte	0x51
 1151 0694 03       		.uleb128 0x3
 1152 0695 0A       		.byte	0xa
 1153 0696 0001     		.2byte	0x100
 1154 0698 03       		.uleb128 0x3
 1155 0699 01       		.uleb128 0x1
 1156 069a 52       		.byte	0x52
 1157 069b 01       		.uleb128 0x1
 1158 069c 4A       		.byte	0x4a
 1159 069d 00       		.byte	0
 1160 069e 00       		.byte	0
 1161 069f 21       		.uleb128 0x21
 1162 06a0 8B050000 		.4byte	0x58b
 1163 06a4 34000000 		.4byte	.LBI26
 1164 06a8 01       		.byte	.LVU25
 1165 06a9 34000000 		.4byte	.LBB26
 1166 06ad 16000000 		.4byte	.LBE26-.LBB26
 1167 06b1 01       		.byte	0x1
 1168 06b2 23       		.byte	0x23
 1169 06b3 05       		.byte	0x5
 1170 06b4 13       		.uleb128 0x13
 1171 06b5 98050000 		.4byte	0x598
 1172 06b9 47000000 		.4byte	.LLST4
 1173 06bd 45000000 		.4byte	.LVUS4
 1174 06c1 09       		.uleb128 0x9
 1175 06c2 48000000 		.4byte	.LVL5
 1176 06c6 58050000 		.4byte	0x558
 1177 06ca 03       		.uleb128 0x3
 1178 06cb 01       		.uleb128 0x1
 1179 06cc 50       		.byte	0x50
 1180 06cd 02       		.uleb128 0x2
 1181 06ce 77       		.byte	0x77
 1182 06cf 00       		.sleb128 0
 1183 06d0 03       		.uleb128 0x3
 1184 06d1 01       		.uleb128 0x1
 1185 06d2 51       		.byte	0x51
 1186 06d3 03       		.uleb128 0x3
 1187 06d4 0A       		.byte	0xa
 1188 06d5 0001     		.2byte	0x100
 1189 06d7 03       		.uleb128 0x3
 1190 06d8 01       		.uleb128 0x1
 1191 06d9 52       		.byte	0x52
 1192 06da 02       		.uleb128 0x2
 1193 06db 75       		.byte	0x75
 1194 06dc 00       		.sleb128 0
 1195 06dd 00       		.byte	0
 1196 06de 00       		.byte	0
 1197 06df 00       		.byte	0
ARM GAS  C:\Users\DEVELO~1\AppData\Local\Temp\ccwEE4Oq.s 			page 22


 1198 06e0 22       		.uleb128 0x22
 1199 06e1 49010000 		.4byte	.LASF103
 1200 06e5 01       		.byte	0x1
 1201 06e6 18       		.byte	0x18
 1202 06e7 0D       		.byte	0xd
 1203 06e8 01       		.byte	0x1
 1204 06e9 23       		.uleb128 0x23
 1205 06ea 00010000 		.4byte	.LASF104
 1206 06ee 02       		.byte	0x2
 1207 06ef 5503     		.2byte	0x355
 1208 06f1 16       		.byte	0x16
 1209 06f2 03       		.byte	0x3
 1210 06f3 11070000 		.4byte	0x711
 1211 06f7 24       		.uleb128 0x24
 1212 06f8 2C040000 		.4byte	.LASF96
 1213 06fc 02       		.byte	0x2
 1214 06fd 5503     		.2byte	0x355
 1215 06ff 2D       		.byte	0x2d
 1216 0700 97000000 		.4byte	0x97
 1217 0704 25       		.uleb128 0x25
 1218 0705 6C7000   		.ascii	"lp\000"
 1219 0708 02       		.byte	0x2
 1220 0709 5503     		.2byte	0x355
 1221 070b 38       		.byte	0x38
 1222 070c 3D040000 		.4byte	0x43d
 1223 0710 00       		.byte	0
 1224 0711 26       		.uleb128 0x26
 1225 0712 8B050000 		.4byte	0x58b
 1226 0716 00000000 		.4byte	.LFB435
 1227 071a 2C000000 		.4byte	.LFE435-.LFB435
 1228 071e 01       		.uleb128 0x1
 1229 071f 9C       		.byte	0x9c
 1230 0720 13       		.uleb128 0x13
 1231 0721 98050000 		.4byte	0x598
 1232 0725 52000000 		.4byte	.LLST10
 1233 0729 50000000 		.4byte	.LVUS10
 1234 072d 09       		.uleb128 0x9
 1235 072e 18000000 		.4byte	.LVL14
 1236 0732 58050000 		.4byte	0x558
 1237 0736 03       		.uleb128 0x3
 1238 0737 01       		.uleb128 0x1
 1239 0738 50       		.byte	0x50
 1240 0739 05       		.uleb128 0x5
 1241 073a 0C       		.byte	0xc
 1242 073b 00000258 		.4byte	0x58020000
 1243 073f 03       		.uleb128 0x3
 1244 0740 01       		.uleb128 0x1
 1245 0741 51       		.byte	0x51
 1246 0742 03       		.uleb128 0x3
 1247 0743 0A       		.byte	0xa
 1248 0744 0001     		.2byte	0x100
 1249 0746 03       		.uleb128 0x3
 1250 0747 01       		.uleb128 0x1
 1251 0748 52       		.byte	0x52
 1252 0749 01       		.uleb128 0x1
 1253 074a 30       		.byte	0x30
 1254 074b 00       		.byte	0
ARM GAS  C:\Users\DEVELO~1\AppData\Local\Temp\ccwEE4Oq.s 			page 23


 1255 074c 00       		.byte	0
 1256 074d 00       		.byte	0
 1257              		.section	.debug_abbrev,"",%progbits
 1258              	.Ldebug_abbrev0:
 1259 0000 01       		.uleb128 0x1
 1260 0001 0D       		.uleb128 0xd
 1261 0002 00       		.byte	0
 1262 0003 03       		.uleb128 0x3
 1263 0004 0E       		.uleb128 0xe
 1264 0005 3A       		.uleb128 0x3a
 1265 0006 21       		.uleb128 0x21
 1266 0007 05       		.sleb128 5
 1267 0008 3B       		.uleb128 0x3b
 1268 0009 05       		.uleb128 0x5
 1269 000a 39       		.uleb128 0x39
 1270 000b 0B       		.uleb128 0xb
 1271 000c 49       		.uleb128 0x49
 1272 000d 13       		.uleb128 0x13
 1273 000e 38       		.uleb128 0x38
 1274 000f 0B       		.uleb128 0xb
 1275 0010 00       		.byte	0
 1276 0011 00       		.byte	0
 1277 0012 02       		.uleb128 0x2
 1278 0013 24       		.uleb128 0x24
 1279 0014 00       		.byte	0
 1280 0015 0B       		.uleb128 0xb
 1281 0016 0B       		.uleb128 0xb
 1282 0017 3E       		.uleb128 0x3e
 1283 0018 0B       		.uleb128 0xb
 1284 0019 03       		.uleb128 0x3
 1285 001a 0E       		.uleb128 0xe
 1286 001b 00       		.byte	0
 1287 001c 00       		.byte	0
 1288 001d 03       		.uleb128 0x3
 1289 001e 49       		.uleb128 0x49
 1290 001f 00       		.byte	0
 1291 0020 02       		.uleb128 0x2
 1292 0021 18       		.uleb128 0x18
 1293 0022 7E       		.uleb128 0x7e
 1294 0023 18       		.uleb128 0x18
 1295 0024 00       		.byte	0
 1296 0025 00       		.byte	0
 1297 0026 04       		.uleb128 0x4
 1298 0027 16       		.uleb128 0x16
 1299 0028 00       		.byte	0
 1300 0029 03       		.uleb128 0x3
 1301 002a 0E       		.uleb128 0xe
 1302 002b 3A       		.uleb128 0x3a
 1303 002c 0B       		.uleb128 0xb
 1304 002d 3B       		.uleb128 0x3b
 1305 002e 0B       		.uleb128 0xb
 1306 002f 39       		.uleb128 0x39
 1307 0030 0B       		.uleb128 0xb
 1308 0031 49       		.uleb128 0x49
 1309 0032 13       		.uleb128 0x13
 1310 0033 00       		.byte	0
 1311 0034 00       		.byte	0
ARM GAS  C:\Users\DEVELO~1\AppData\Local\Temp\ccwEE4Oq.s 			page 24


 1312 0035 05       		.uleb128 0x5
 1313 0036 0D       		.uleb128 0xd
 1314 0037 00       		.byte	0
 1315 0038 03       		.uleb128 0x3
 1316 0039 0E       		.uleb128 0xe
 1317 003a 3A       		.uleb128 0x3a
 1318 003b 21       		.uleb128 0x21
 1319 003c 05       		.sleb128 5
 1320 003d 3B       		.uleb128 0x3b
 1321 003e 05       		.uleb128 0x5
 1322 003f 39       		.uleb128 0x39
 1323 0040 0B       		.uleb128 0xb
 1324 0041 49       		.uleb128 0x49
 1325 0042 13       		.uleb128 0x13
 1326 0043 38       		.uleb128 0x38
 1327 0044 05       		.uleb128 0x5
 1328 0045 00       		.byte	0
 1329 0046 00       		.byte	0
 1330 0047 06       		.uleb128 0x6
 1331 0048 0D       		.uleb128 0xd
 1332 0049 00       		.byte	0
 1333 004a 03       		.uleb128 0x3
 1334 004b 0E       		.uleb128 0xe
 1335 004c 3A       		.uleb128 0x3a
 1336 004d 21       		.uleb128 0x21
 1337 004e 06       		.sleb128 6
 1338 004f 3B       		.uleb128 0x3b
 1339 0050 0B       		.uleb128 0xb
 1340 0051 39       		.uleb128 0x39
 1341 0052 0B       		.uleb128 0xb
 1342 0053 49       		.uleb128 0x49
 1343 0054 13       		.uleb128 0x13
 1344 0055 38       		.uleb128 0x38
 1345 0056 0B       		.uleb128 0xb
 1346 0057 00       		.byte	0
 1347 0058 00       		.byte	0
 1348 0059 07       		.uleb128 0x7
 1349 005a 0D       		.uleb128 0xd
 1350 005b 00       		.byte	0
 1351 005c 03       		.uleb128 0x3
 1352 005d 08       		.uleb128 0x8
 1353 005e 3A       		.uleb128 0x3a
 1354 005f 21       		.uleb128 0x21
 1355 0060 05       		.sleb128 5
 1356 0061 3B       		.uleb128 0x3b
 1357 0062 05       		.uleb128 0x5
 1358 0063 39       		.uleb128 0x39
 1359 0064 0B       		.uleb128 0xb
 1360 0065 49       		.uleb128 0x49
 1361 0066 13       		.uleb128 0x13
 1362 0067 38       		.uleb128 0x38
 1363 0068 0B       		.uleb128 0xb
 1364 0069 00       		.byte	0
 1365 006a 00       		.byte	0
 1366 006b 08       		.uleb128 0x8
 1367 006c 05       		.uleb128 0x5
 1368 006d 00       		.byte	0
ARM GAS  C:\Users\DEVELO~1\AppData\Local\Temp\ccwEE4Oq.s 			page 25


 1369 006e 31       		.uleb128 0x31
 1370 006f 13       		.uleb128 0x13
 1371 0070 02       		.uleb128 0x2
 1372 0071 17       		.uleb128 0x17
 1373 0072 B742     		.uleb128 0x2137
 1374 0074 17       		.uleb128 0x17
 1375 0075 00       		.byte	0
 1376 0076 00       		.byte	0
 1377 0077 09       		.uleb128 0x9
 1378 0078 48       		.uleb128 0x48
 1379 0079 01       		.byte	0x1
 1380 007a 7D       		.uleb128 0x7d
 1381 007b 01       		.uleb128 0x1
 1382 007c 7F       		.uleb128 0x7f
 1383 007d 13       		.uleb128 0x13
 1384 007e 00       		.byte	0
 1385 007f 00       		.byte	0
 1386 0080 0A       		.uleb128 0xa
 1387 0081 0D       		.uleb128 0xd
 1388 0082 00       		.byte	0
 1389 0083 03       		.uleb128 0x3
 1390 0084 08       		.uleb128 0x8
 1391 0085 3A       		.uleb128 0x3a
 1392 0086 21       		.uleb128 0x21
 1393 0087 06       		.sleb128 6
 1394 0088 3B       		.uleb128 0x3b
 1395 0089 0B       		.uleb128 0xb
 1396 008a 39       		.uleb128 0x39
 1397 008b 21       		.uleb128 0x21
 1398 008c 19       		.sleb128 25
 1399 008d 49       		.uleb128 0x49
 1400 008e 13       		.uleb128 0x13
 1401 008f 38       		.uleb128 0x38
 1402 0090 0B       		.uleb128 0xb
 1403 0091 00       		.byte	0
 1404 0092 00       		.byte	0
 1405 0093 0B       		.uleb128 0xb
 1406 0094 05       		.uleb128 0x5
 1407 0095 00       		.byte	0
 1408 0096 49       		.uleb128 0x49
 1409 0097 13       		.uleb128 0x13
 1410 0098 00       		.byte	0
 1411 0099 00       		.byte	0
 1412 009a 0C       		.uleb128 0xc
 1413 009b 1D       		.uleb128 0x1d
 1414 009c 01       		.byte	0x1
 1415 009d 31       		.uleb128 0x31
 1416 009e 13       		.uleb128 0x13
 1417 009f 52       		.uleb128 0x52
 1418 00a0 01       		.uleb128 0x1
 1419 00a1 B842     		.uleb128 0x2138
 1420 00a3 0B       		.uleb128 0xb
 1421 00a4 55       		.uleb128 0x55
 1422 00a5 17       		.uleb128 0x17
 1423 00a6 58       		.uleb128 0x58
 1424 00a7 21       		.uleb128 0x21
 1425 00a8 01       		.sleb128 1
ARM GAS  C:\Users\DEVELO~1\AppData\Local\Temp\ccwEE4Oq.s 			page 26


 1426 00a9 59       		.uleb128 0x59
 1427 00aa 0B       		.uleb128 0xb
 1428 00ab 57       		.uleb128 0x57
 1429 00ac 21       		.uleb128 0x21
 1430 00ad 05       		.sleb128 5
 1431 00ae 01       		.uleb128 0x1
 1432 00af 13       		.uleb128 0x13
 1433 00b0 00       		.byte	0
 1434 00b1 00       		.byte	0
 1435 00b2 0D       		.uleb128 0xd
 1436 00b3 35       		.uleb128 0x35
 1437 00b4 00       		.byte	0
 1438 00b5 49       		.uleb128 0x49
 1439 00b6 13       		.uleb128 0x13
 1440 00b7 00       		.byte	0
 1441 00b8 00       		.byte	0
 1442 00b9 0E       		.uleb128 0xe
 1443 00ba 01       		.uleb128 0x1
 1444 00bb 01       		.byte	0x1
 1445 00bc 49       		.uleb128 0x49
 1446 00bd 13       		.uleb128 0x13
 1447 00be 01       		.uleb128 0x1
 1448 00bf 13       		.uleb128 0x13
 1449 00c0 00       		.byte	0
 1450 00c1 00       		.byte	0
 1451 00c2 0F       		.uleb128 0xf
 1452 00c3 21       		.uleb128 0x21
 1453 00c4 00       		.byte	0
 1454 00c5 49       		.uleb128 0x49
 1455 00c6 13       		.uleb128 0x13
 1456 00c7 2F       		.uleb128 0x2f
 1457 00c8 0B       		.uleb128 0xb
 1458 00c9 00       		.byte	0
 1459 00ca 00       		.byte	0
 1460 00cb 10       		.uleb128 0x10
 1461 00cc 13       		.uleb128 0x13
 1462 00cd 01       		.byte	0x1
 1463 00ce 0B       		.uleb128 0xb
 1464 00cf 0B       		.uleb128 0xb
 1465 00d0 3A       		.uleb128 0x3a
 1466 00d1 21       		.uleb128 0x21
 1467 00d2 06       		.sleb128 6
 1468 00d3 3B       		.uleb128 0x3b
 1469 00d4 0B       		.uleb128 0xb
 1470 00d5 39       		.uleb128 0x39
 1471 00d6 0B       		.uleb128 0xb
 1472 00d7 01       		.uleb128 0x1
 1473 00d8 13       		.uleb128 0x13
 1474 00d9 00       		.byte	0
 1475 00da 00       		.byte	0
 1476 00db 11       		.uleb128 0x11
 1477 00dc 0D       		.uleb128 0xd
 1478 00dd 00       		.byte	0
 1479 00de 03       		.uleb128 0x3
 1480 00df 08       		.uleb128 0x8
 1481 00e0 3A       		.uleb128 0x3a
 1482 00e1 21       		.uleb128 0x21
ARM GAS  C:\Users\DEVELO~1\AppData\Local\Temp\ccwEE4Oq.s 			page 27


 1483 00e2 06       		.sleb128 6
 1484 00e3 3B       		.uleb128 0x3b
 1485 00e4 0B       		.uleb128 0xb
 1486 00e5 39       		.uleb128 0x39
 1487 00e6 0B       		.uleb128 0xb
 1488 00e7 49       		.uleb128 0x49
 1489 00e8 13       		.uleb128 0x13
 1490 00e9 00       		.byte	0
 1491 00ea 00       		.byte	0
 1492 00eb 12       		.uleb128 0x12
 1493 00ec 2E       		.uleb128 0x2e
 1494 00ed 01       		.byte	0x1
 1495 00ee 3F       		.uleb128 0x3f
 1496 00ef 19       		.uleb128 0x19
 1497 00f0 03       		.uleb128 0x3
 1498 00f1 0E       		.uleb128 0xe
 1499 00f2 3A       		.uleb128 0x3a
 1500 00f3 21       		.uleb128 0x21
 1501 00f4 01       		.sleb128 1
 1502 00f5 3B       		.uleb128 0x3b
 1503 00f6 0B       		.uleb128 0xb
 1504 00f7 39       		.uleb128 0x39
 1505 00f8 21       		.uleb128 0x21
 1506 00f9 06       		.sleb128 6
 1507 00fa 27       		.uleb128 0x27
 1508 00fb 19       		.uleb128 0x19
 1509 00fc 11       		.uleb128 0x11
 1510 00fd 01       		.uleb128 0x1
 1511 00fe 12       		.uleb128 0x12
 1512 00ff 06       		.uleb128 0x6
 1513 0100 40       		.uleb128 0x40
 1514 0101 18       		.uleb128 0x18
 1515 0102 7A       		.uleb128 0x7a
 1516 0103 19       		.uleb128 0x19
 1517 0104 01       		.uleb128 0x1
 1518 0105 13       		.uleb128 0x13
 1519 0106 00       		.byte	0
 1520 0107 00       		.byte	0
 1521 0108 13       		.uleb128 0x13
 1522 0109 34       		.uleb128 0x34
 1523 010a 00       		.byte	0
 1524 010b 31       		.uleb128 0x31
 1525 010c 13       		.uleb128 0x13
 1526 010d 02       		.uleb128 0x2
 1527 010e 17       		.uleb128 0x17
 1528 010f B742     		.uleb128 0x2137
 1529 0111 17       		.uleb128 0x17
 1530 0112 00       		.byte	0
 1531 0113 00       		.byte	0
 1532 0114 14       		.uleb128 0x14
 1533 0115 11       		.uleb128 0x11
 1534 0116 01       		.byte	0x1
 1535 0117 25       		.uleb128 0x25
 1536 0118 0E       		.uleb128 0xe
 1537 0119 13       		.uleb128 0x13
 1538 011a 0B       		.uleb128 0xb
 1539 011b 03       		.uleb128 0x3
ARM GAS  C:\Users\DEVELO~1\AppData\Local\Temp\ccwEE4Oq.s 			page 28


 1540 011c 0E       		.uleb128 0xe
 1541 011d 1B       		.uleb128 0x1b
 1542 011e 0E       		.uleb128 0xe
 1543 011f 55       		.uleb128 0x55
 1544 0120 17       		.uleb128 0x17
 1545 0121 11       		.uleb128 0x11
 1546 0122 01       		.uleb128 0x1
 1547 0123 10       		.uleb128 0x10
 1548 0124 17       		.uleb128 0x17
 1549 0125 00       		.byte	0
 1550 0126 00       		.byte	0
 1551 0127 15       		.uleb128 0x15
 1552 0128 24       		.uleb128 0x24
 1553 0129 00       		.byte	0
 1554 012a 0B       		.uleb128 0xb
 1555 012b 0B       		.uleb128 0xb
 1556 012c 3E       		.uleb128 0x3e
 1557 012d 0B       		.uleb128 0xb
 1558 012e 03       		.uleb128 0x3
 1559 012f 08       		.uleb128 0x8
 1560 0130 00       		.byte	0
 1561 0131 00       		.byte	0
 1562 0132 16       		.uleb128 0x16
 1563 0133 13       		.uleb128 0x13
 1564 0134 01       		.byte	0x1
 1565 0135 0B       		.uleb128 0xb
 1566 0136 05       		.uleb128 0x5
 1567 0137 3A       		.uleb128 0x3a
 1568 0138 0B       		.uleb128 0xb
 1569 0139 3B       		.uleb128 0x3b
 1570 013a 05       		.uleb128 0x5
 1571 013b 39       		.uleb128 0x39
 1572 013c 0B       		.uleb128 0xb
 1573 013d 01       		.uleb128 0x1
 1574 013e 13       		.uleb128 0x13
 1575 013f 00       		.byte	0
 1576 0140 00       		.byte	0
 1577 0141 17       		.uleb128 0x17
 1578 0142 16       		.uleb128 0x16
 1579 0143 00       		.byte	0
 1580 0144 03       		.uleb128 0x3
 1581 0145 0E       		.uleb128 0xe
 1582 0146 3A       		.uleb128 0x3a
 1583 0147 0B       		.uleb128 0xb
 1584 0148 3B       		.uleb128 0x3b
 1585 0149 05       		.uleb128 0x5
 1586 014a 39       		.uleb128 0x39
 1587 014b 0B       		.uleb128 0xb
 1588 014c 49       		.uleb128 0x49
 1589 014d 13       		.uleb128 0x13
 1590 014e 00       		.byte	0
 1591 014f 00       		.byte	0
 1592 0150 18       		.uleb128 0x18
 1593 0151 17       		.uleb128 0x17
 1594 0152 01       		.byte	0x1
 1595 0153 0B       		.uleb128 0xb
 1596 0154 0B       		.uleb128 0xb
ARM GAS  C:\Users\DEVELO~1\AppData\Local\Temp\ccwEE4Oq.s 			page 29


 1597 0155 3A       		.uleb128 0x3a
 1598 0156 0B       		.uleb128 0xb
 1599 0157 3B       		.uleb128 0x3b
 1600 0158 0B       		.uleb128 0xb
 1601 0159 39       		.uleb128 0x39
 1602 015a 0B       		.uleb128 0xb
 1603 015b 01       		.uleb128 0x1
 1604 015c 13       		.uleb128 0x13
 1605 015d 00       		.byte	0
 1606 015e 00       		.byte	0
 1607 015f 19       		.uleb128 0x19
 1608 0160 0F       		.uleb128 0xf
 1609 0161 00       		.byte	0
 1610 0162 0B       		.uleb128 0xb
 1611 0163 0B       		.uleb128 0xb
 1612 0164 49       		.uleb128 0x49
 1613 0165 13       		.uleb128 0x13
 1614 0166 00       		.byte	0
 1615 0167 00       		.byte	0
 1616 0168 1A       		.uleb128 0x1a
 1617 0169 34       		.uleb128 0x34
 1618 016a 00       		.byte	0
 1619 016b 03       		.uleb128 0x3
 1620 016c 0E       		.uleb128 0xe
 1621 016d 3A       		.uleb128 0x3a
 1622 016e 0B       		.uleb128 0xb
 1623 016f 3B       		.uleb128 0x3b
 1624 0170 0B       		.uleb128 0xb
 1625 0171 39       		.uleb128 0x39
 1626 0172 0B       		.uleb128 0xb
 1627 0173 49       		.uleb128 0x49
 1628 0174 13       		.uleb128 0x13
 1629 0175 02       		.uleb128 0x2
 1630 0176 18       		.uleb128 0x18
 1631 0177 00       		.byte	0
 1632 0178 00       		.byte	0
 1633 0179 1B       		.uleb128 0x1b
 1634 017a 2E       		.uleb128 0x2e
 1635 017b 01       		.byte	0x1
 1636 017c 3F       		.uleb128 0x3f
 1637 017d 19       		.uleb128 0x19
 1638 017e 03       		.uleb128 0x3
 1639 017f 0E       		.uleb128 0xe
 1640 0180 3A       		.uleb128 0x3a
 1641 0181 0B       		.uleb128 0xb
 1642 0182 3B       		.uleb128 0x3b
 1643 0183 05       		.uleb128 0x5
 1644 0184 39       		.uleb128 0x39
 1645 0185 0B       		.uleb128 0xb
 1646 0186 27       		.uleb128 0x27
 1647 0187 19       		.uleb128 0x19
 1648 0188 3C       		.uleb128 0x3c
 1649 0189 19       		.uleb128 0x19
 1650 018a 01       		.uleb128 0x1
 1651 018b 13       		.uleb128 0x13
 1652 018c 00       		.byte	0
 1653 018d 00       		.byte	0
ARM GAS  C:\Users\DEVELO~1\AppData\Local\Temp\ccwEE4Oq.s 			page 30


 1654 018e 1C       		.uleb128 0x1c
 1655 018f 2E       		.uleb128 0x2e
 1656 0190 00       		.byte	0
 1657 0191 3F       		.uleb128 0x3f
 1658 0192 19       		.uleb128 0x19
 1659 0193 03       		.uleb128 0x3
 1660 0194 0E       		.uleb128 0xe
 1661 0195 3A       		.uleb128 0x3a
 1662 0196 0B       		.uleb128 0xb
 1663 0197 3B       		.uleb128 0x3b
 1664 0198 0B       		.uleb128 0xb
 1665 0199 39       		.uleb128 0x39
 1666 019a 0B       		.uleb128 0xb
 1667 019b 27       		.uleb128 0x27
 1668 019c 19       		.uleb128 0x19
 1669 019d 49       		.uleb128 0x49
 1670 019e 13       		.uleb128 0x13
 1671 019f 11       		.uleb128 0x11
 1672 01a0 01       		.uleb128 0x1
 1673 01a1 12       		.uleb128 0x12
 1674 01a2 06       		.uleb128 0x6
 1675 01a3 40       		.uleb128 0x40
 1676 01a4 18       		.uleb128 0x18
 1677 01a5 7A       		.uleb128 0x7a
 1678 01a6 19       		.uleb128 0x19
 1679 01a7 00       		.byte	0
 1680 01a8 00       		.byte	0
 1681 01a9 1D       		.uleb128 0x1d
 1682 01aa 2E       		.uleb128 0x2e
 1683 01ab 01       		.byte	0x1
 1684 01ac 3F       		.uleb128 0x3f
 1685 01ad 19       		.uleb128 0x19
 1686 01ae 03       		.uleb128 0x3
 1687 01af 0E       		.uleb128 0xe
 1688 01b0 3A       		.uleb128 0x3a
 1689 01b1 0B       		.uleb128 0xb
 1690 01b2 3B       		.uleb128 0x3b
 1691 01b3 0B       		.uleb128 0xb
 1692 01b4 39       		.uleb128 0x39
 1693 01b5 0B       		.uleb128 0xb
 1694 01b6 27       		.uleb128 0x27
 1695 01b7 19       		.uleb128 0x19
 1696 01b8 20       		.uleb128 0x20
 1697 01b9 0B       		.uleb128 0xb
 1698 01ba 01       		.uleb128 0x1
 1699 01bb 13       		.uleb128 0x13
 1700 01bc 00       		.byte	0
 1701 01bd 00       		.byte	0
 1702 01be 1E       		.uleb128 0x1e
 1703 01bf 34       		.uleb128 0x34
 1704 01c0 00       		.byte	0
 1705 01c1 03       		.uleb128 0x3
 1706 01c2 0E       		.uleb128 0xe
 1707 01c3 3A       		.uleb128 0x3a
 1708 01c4 0B       		.uleb128 0xb
 1709 01c5 3B       		.uleb128 0x3b
 1710 01c6 0B       		.uleb128 0xb
ARM GAS  C:\Users\DEVELO~1\AppData\Local\Temp\ccwEE4Oq.s 			page 31


 1711 01c7 39       		.uleb128 0x39
 1712 01c8 0B       		.uleb128 0xb
 1713 01c9 49       		.uleb128 0x49
 1714 01ca 13       		.uleb128 0x13
 1715 01cb 00       		.byte	0
 1716 01cc 00       		.byte	0
 1717 01cd 1F       		.uleb128 0x1f
 1718 01ce 34       		.uleb128 0x34
 1719 01cf 00       		.byte	0
 1720 01d0 03       		.uleb128 0x3
 1721 01d1 0E       		.uleb128 0xe
 1722 01d2 3A       		.uleb128 0x3a
 1723 01d3 0B       		.uleb128 0xb
 1724 01d4 3B       		.uleb128 0x3b
 1725 01d5 0B       		.uleb128 0xb
 1726 01d6 39       		.uleb128 0x39
 1727 01d7 0B       		.uleb128 0xb
 1728 01d8 49       		.uleb128 0x49
 1729 01d9 13       		.uleb128 0x13
 1730 01da 02       		.uleb128 0x2
 1731 01db 17       		.uleb128 0x17
 1732 01dc B742     		.uleb128 0x2137
 1733 01de 17       		.uleb128 0x17
 1734 01df 00       		.byte	0
 1735 01e0 00       		.byte	0
 1736 01e1 20       		.uleb128 0x20
 1737 01e2 1D       		.uleb128 0x1d
 1738 01e3 01       		.byte	0x1
 1739 01e4 31       		.uleb128 0x31
 1740 01e5 13       		.uleb128 0x13
 1741 01e6 52       		.uleb128 0x52
 1742 01e7 01       		.uleb128 0x1
 1743 01e8 B842     		.uleb128 0x2138
 1744 01ea 0B       		.uleb128 0xb
 1745 01eb 55       		.uleb128 0x55
 1746 01ec 17       		.uleb128 0x17
 1747 01ed 58       		.uleb128 0x58
 1748 01ee 0B       		.uleb128 0xb
 1749 01ef 59       		.uleb128 0x59
 1750 01f0 0B       		.uleb128 0xb
 1751 01f1 57       		.uleb128 0x57
 1752 01f2 0B       		.uleb128 0xb
 1753 01f3 00       		.byte	0
 1754 01f4 00       		.byte	0
 1755 01f5 21       		.uleb128 0x21
 1756 01f6 1D       		.uleb128 0x1d
 1757 01f7 01       		.byte	0x1
 1758 01f8 31       		.uleb128 0x31
 1759 01f9 13       		.uleb128 0x13
 1760 01fa 52       		.uleb128 0x52
 1761 01fb 01       		.uleb128 0x1
 1762 01fc B842     		.uleb128 0x2138
 1763 01fe 0B       		.uleb128 0xb
 1764 01ff 11       		.uleb128 0x11
 1765 0200 01       		.uleb128 0x1
 1766 0201 12       		.uleb128 0x12
 1767 0202 06       		.uleb128 0x6
ARM GAS  C:\Users\DEVELO~1\AppData\Local\Temp\ccwEE4Oq.s 			page 32


 1768 0203 58       		.uleb128 0x58
 1769 0204 0B       		.uleb128 0xb
 1770 0205 59       		.uleb128 0x59
 1771 0206 0B       		.uleb128 0xb
 1772 0207 57       		.uleb128 0x57
 1773 0208 0B       		.uleb128 0xb
 1774 0209 00       		.byte	0
 1775 020a 00       		.byte	0
 1776 020b 22       		.uleb128 0x22
 1777 020c 2E       		.uleb128 0x2e
 1778 020d 00       		.byte	0
 1779 020e 03       		.uleb128 0x3
 1780 020f 0E       		.uleb128 0xe
 1781 0210 3A       		.uleb128 0x3a
 1782 0211 0B       		.uleb128 0xb
 1783 0212 3B       		.uleb128 0x3b
 1784 0213 0B       		.uleb128 0xb
 1785 0214 39       		.uleb128 0x39
 1786 0215 0B       		.uleb128 0xb
 1787 0216 27       		.uleb128 0x27
 1788 0217 19       		.uleb128 0x19
 1789 0218 20       		.uleb128 0x20
 1790 0219 0B       		.uleb128 0xb
 1791 021a 00       		.byte	0
 1792 021b 00       		.byte	0
 1793 021c 23       		.uleb128 0x23
 1794 021d 2E       		.uleb128 0x2e
 1795 021e 01       		.byte	0x1
 1796 021f 03       		.uleb128 0x3
 1797 0220 0E       		.uleb128 0xe
 1798 0221 3A       		.uleb128 0x3a
 1799 0222 0B       		.uleb128 0xb
 1800 0223 3B       		.uleb128 0x3b
 1801 0224 05       		.uleb128 0x5
 1802 0225 39       		.uleb128 0x39
 1803 0226 0B       		.uleb128 0xb
 1804 0227 27       		.uleb128 0x27
 1805 0228 19       		.uleb128 0x19
 1806 0229 20       		.uleb128 0x20
 1807 022a 0B       		.uleb128 0xb
 1808 022b 01       		.uleb128 0x1
 1809 022c 13       		.uleb128 0x13
 1810 022d 00       		.byte	0
 1811 022e 00       		.byte	0
 1812 022f 24       		.uleb128 0x24
 1813 0230 05       		.uleb128 0x5
 1814 0231 00       		.byte	0
 1815 0232 03       		.uleb128 0x3
 1816 0233 0E       		.uleb128 0xe
 1817 0234 3A       		.uleb128 0x3a
 1818 0235 0B       		.uleb128 0xb
 1819 0236 3B       		.uleb128 0x3b
 1820 0237 05       		.uleb128 0x5
 1821 0238 39       		.uleb128 0x39
 1822 0239 0B       		.uleb128 0xb
 1823 023a 49       		.uleb128 0x49
 1824 023b 13       		.uleb128 0x13
ARM GAS  C:\Users\DEVELO~1\AppData\Local\Temp\ccwEE4Oq.s 			page 33


 1825 023c 00       		.byte	0
 1826 023d 00       		.byte	0
 1827 023e 25       		.uleb128 0x25
 1828 023f 05       		.uleb128 0x5
 1829 0240 00       		.byte	0
 1830 0241 03       		.uleb128 0x3
 1831 0242 08       		.uleb128 0x8
 1832 0243 3A       		.uleb128 0x3a
 1833 0244 0B       		.uleb128 0xb
 1834 0245 3B       		.uleb128 0x3b
 1835 0246 05       		.uleb128 0x5
 1836 0247 39       		.uleb128 0x39
 1837 0248 0B       		.uleb128 0xb
 1838 0249 49       		.uleb128 0x49
 1839 024a 13       		.uleb128 0x13
 1840 024b 00       		.byte	0
 1841 024c 00       		.byte	0
 1842 024d 26       		.uleb128 0x26
 1843 024e 2E       		.uleb128 0x2e
 1844 024f 01       		.byte	0x1
 1845 0250 31       		.uleb128 0x31
 1846 0251 13       		.uleb128 0x13
 1847 0252 11       		.uleb128 0x11
 1848 0253 01       		.uleb128 0x1
 1849 0254 12       		.uleb128 0x12
 1850 0255 06       		.uleb128 0x6
 1851 0256 40       		.uleb128 0x40
 1852 0257 18       		.uleb128 0x18
 1853 0258 7A       		.uleb128 0x7a
 1854 0259 19       		.uleb128 0x19
 1855 025a 00       		.byte	0
 1856 025b 00       		.byte	0
 1857 025c 00       		.byte	0
 1858              		.section	.debug_loclists,"",%progbits
 1859 0000 57000000 		.4byte	.Ldebug_loc3-.Ldebug_loc2
 1860              	.Ldebug_loc2:
 1861 0004 0500     		.2byte	0x5
 1862 0006 04       		.byte	0x4
 1863 0007 00       		.byte	0
 1864 0008 00000000 		.4byte	0
 1865              	.Ldebug_loc0:
 1866              	.LVUS5:
 1867 000c 00       		.uleb128 .LVU56
 1868 000d 01       		.uleb128 .LVU60
 1869 000e 01       		.uleb128 .LVU60
 1870 000f 00       		.uleb128 .LVU62
 1871 0010 00       		.uleb128 .LVU62
 1872 0011 00       		.uleb128 0
 1873              	.LLST5:
 1874 0012 06       		.byte	0x6
 1875 0013 2E000000 		.4byte	.LVL9
 1876 0017 04       		.byte	0x4
 1877 0018 00       		.uleb128 .LVL9-.LVL9
 1878 0019 08       		.uleb128 .LVL10-.LVL9
 1879 001a 01       		.uleb128 0x1
 1880 001b 53       		.byte	0x53
 1881 001c 04       		.byte	0x4
ARM GAS  C:\Users\DEVELO~1\AppData\Local\Temp\ccwEE4Oq.s 			page 34


 1882 001d 08       		.uleb128 .LVL10-.LVL9
 1883 001e 0C       		.uleb128 .LVL11-.LVL9
 1884 001f 07       		.uleb128 0x7
 1885 0020 73       		.byte	0x73
 1886 0021 00       		.sleb128 0
 1887 0022 40       		.byte	0x40
 1888 0023 43       		.byte	0x43
 1889 0024 24       		.byte	0x24
 1890 0025 21       		.byte	0x21
 1891 0026 9F       		.byte	0x9f
 1892 0027 04       		.byte	0x4
 1893 0028 0C       		.uleb128 .LVL11-.LVL9
 1894 0029 1E       		.uleb128 .LFE434-.LVL9
 1895 002a 01       		.uleb128 0x1
 1896 002b 53       		.byte	0x53
 1897 002c 00       		.byte	0
 1898              	.LVUS8:
 1899 002d 04       		.uleb128 .LVU42
 1900 002e 00       		.uleb128 .LVU52
 1901              	.LLST8:
 1902 002f 08       		.byte	0x8
 1903 0030 00000000 		.4byte	.LVL6
 1904 0034 28       		.uleb128 .LVL7-.LVL6
 1905 0035 02       		.uleb128 0x2
 1906 0036 31       		.byte	0x31
 1907 0037 9F       		.byte	0x9f
 1908 0038 00       		.byte	0
 1909              	.LVUS2:
 1910 0039 03       		.uleb128 .LVU12
 1911 003a 00       		.uleb128 .LVU22
 1912              	.LLST2:
 1913 003b 08       		.byte	0x8
 1914 003c 14000000 		.4byte	.LVL0
 1915 0040 1C       		.uleb128 .LVL1-.LVL0
 1916 0041 02       		.uleb128 0x2
 1917 0042 31       		.byte	0x31
 1918 0043 9F       		.byte	0x9f
 1919 0044 00       		.byte	0
 1920              	.LVUS4:
 1921 0045 00       		.uleb128 .LVU28
 1922 0046 00       		.uleb128 .LVU34
 1923              	.LLST4:
 1924 0047 08       		.byte	0x8
 1925 0048 36000000 		.4byte	.LVL3
 1926 004c 11       		.uleb128 .LVL5-1-.LVL3
 1927 004d 01       		.uleb128 0x1
 1928 004e 53       		.byte	0x53
 1929 004f 00       		.byte	0
 1930              	.LVUS10:
 1931 0050 00       		.uleb128 .LVU73
 1932 0051 00       		.uleb128 .LVU78
 1933              	.LLST10:
 1934 0052 08       		.byte	0x8
 1935 0053 0E000000 		.4byte	.LVL12
 1936 0057 09       		.uleb128 .LVL14-1-.LVL12
 1937 0058 01       		.uleb128 0x1
 1938 0059 53       		.byte	0x53
ARM GAS  C:\Users\DEVELO~1\AppData\Local\Temp\ccwEE4Oq.s 			page 35


 1939 005a 00       		.byte	0
 1940              	.Ldebug_loc3:
 1941              		.section	.debug_aranges,"",%progbits
 1942 0000 34000000 		.4byte	0x34
 1943 0004 0200     		.2byte	0x2
 1944 0006 00000000 		.4byte	.Ldebug_info0
 1945 000a 04       		.byte	0x4
 1946 000b 00       		.byte	0
 1947 000c 0000     		.2byte	0
 1948 000e 0000     		.2byte	0
 1949 0010 00000000 		.4byte	.LFB433
 1950 0014 58000000 		.4byte	.LFE433-.LFB433
 1951 0018 00000000 		.4byte	.LFB434
 1952 001c 4C000000 		.4byte	.LFE434-.LFB434
 1953 0020 00000000 		.4byte	.LFB435
 1954 0024 2C000000 		.4byte	.LFE435-.LFB435
 1955 0028 00000000 		.4byte	.LFB436
 1956 002c 0C000000 		.4byte	.LFE436-.LFB436
 1957 0030 00000000 		.4byte	0
 1958 0034 00000000 		.4byte	0
 1959              		.section	.debug_rnglists,"",%progbits
 1960              	.Ldebug_ranges0:
 1961 0000 60000000 		.4byte	.Ldebug_ranges3-.Ldebug_ranges2
 1962              	.Ldebug_ranges2:
 1963 0004 0500     		.2byte	0x5
 1964 0006 04       		.byte	0x4
 1965 0007 00       		.byte	0
 1966 0008 00000000 		.4byte	0
 1967              	.LLRL0:
 1968 000c 05       		.byte	0x5
 1969 000d 02000000 		.4byte	.LBB10
 1970 0011 04       		.byte	0x4
 1971 0012 00       		.uleb128 .LBB10-.LBB10
 1972 0013 02       		.uleb128 .LBE10-.LBB10
 1973 0014 04       		.byte	0x4
 1974 0015 06       		.uleb128 .LBB24-.LBB10
 1975 0016 10       		.uleb128 .LBE24-.LBB10
 1976 0017 04       		.byte	0x4
 1977 0018 12       		.uleb128 .LBB25-.LBB10
 1978 0019 32       		.uleb128 .LBE25-.LBB10
 1979 001a 00       		.byte	0
 1980              	.LLRL1:
 1981 001b 05       		.byte	0x5
 1982 001c 02000000 		.4byte	.LBB12
 1983 0020 04       		.byte	0x4
 1984 0021 00       		.uleb128 .LBB12-.LBB12
 1985 0022 02       		.uleb128 .LBE12-.LBB12
 1986 0023 04       		.byte	0x4
 1987 0024 08       		.uleb128 .LBB18-.LBB12
 1988 0025 0C       		.uleb128 .LBE18-.LBB12
 1989 0026 04       		.byte	0x4
 1990 0027 12       		.uleb128 .LBB19-.LBB12
 1991 0028 16       		.uleb128 .LBE19-.LBB12
 1992 0029 04       		.byte	0x4
 1993 002a 18       		.uleb128 .LBB20-.LBB12
 1994 002b 1C       		.uleb128 .LBE20-.LBB12
 1995 002c 04       		.byte	0x4
ARM GAS  C:\Users\DEVELO~1\AppData\Local\Temp\ccwEE4Oq.s 			page 36


 1996 002d 1E       		.uleb128 .LBB21-.LBB12
 1997 002e 2E       		.uleb128 .LBE21-.LBB12
 1998 002f 00       		.byte	0
 1999              	.LLRL6:
 2000 0030 05       		.byte	0x5
 2001 0031 00000000 		.4byte	.LBB32
 2002 0035 04       		.byte	0x4
 2003 0036 00       		.uleb128 .LBB32-.LBB32
 2004 0037 00       		.uleb128 .LBE32-.LBB32
 2005 0038 04       		.byte	0x4
 2006 0039 02       		.uleb128 .LBB41-.LBB32
 2007 003a 2C       		.uleb128 .LBE41-.LBB32
 2008 003b 00       		.byte	0
 2009              	.LLRL7:
 2010 003c 05       		.byte	0x5
 2011 003d 00000000 		.4byte	.LBB34
 2012 0041 04       		.byte	0x4
 2013 0042 00       		.uleb128 .LBB34-.LBB34
 2014 0043 00       		.uleb128 .LBE34-.LBB34
 2015 0044 04       		.byte	0x4
 2016 0045 02       		.uleb128 .LBB38-.LBB34
 2017 0046 04       		.uleb128 .LBE38-.LBB34
 2018 0047 04       		.byte	0x4
 2019 0048 0C       		.uleb128 .LBB39-.LBB34
 2020 0049 28       		.uleb128 .LBE39-.LBB34
 2021 004a 00       		.byte	0
 2022              	.LLRL11:
 2023 004b 07       		.byte	0x7
 2024 004c 00000000 		.4byte	.LFB433
 2025 0050 58       		.uleb128 .LFE433-.LFB433
 2026 0051 07       		.byte	0x7
 2027 0052 00000000 		.4byte	.LFB434
 2028 0056 4C       		.uleb128 .LFE434-.LFB434
 2029 0057 07       		.byte	0x7
 2030 0058 00000000 		.4byte	.LFB435
 2031 005c 2C       		.uleb128 .LFE435-.LFB435
 2032 005d 07       		.byte	0x7
 2033 005e 00000000 		.4byte	.LFB436
 2034 0062 0C       		.uleb128 .LFE436-.LFB436
 2035 0063 00       		.byte	0
 2036              	.Ldebug_ranges3:
 2037              		.section	.debug_line,"",%progbits
 2038              	.Ldebug_line0:
 2039 0000 5C030000 		.section	.debug_str,"MS",%progbits,1
 2039      0300AF01 
 2039      00000201 
 2039      FB0E0D00 
 2039      01010101 
 2040              	.LASF27:
 2041 0000 504C4C31 		.ascii	"PLL1FRACR\000"
 2041      46524143 
 2041      5200
 2042              	.LASF71:
 2043 000a 41504231 		.ascii	"APB1LLPENR\000"
 2043      4C4C5045 
 2043      4E5200
 2044              	.LASF64:
ARM GAS  C:\Users\DEVELO~1\AppData\Local\Temp\ccwEE4Oq.s 			page 37


 2045 0015 41504234 		.ascii	"APB4ENR\000"
 2045      454E5200 
 2046              	.LASF92:
 2047 001d 5F70616C 		.ascii	"_pal_lld_setgroupmode\000"
 2047      5F6C6C64 
 2047      5F736574 
 2047      67726F75 
 2047      706D6F64 
 2048              	.LASF72:
 2049 0033 41504231 		.ascii	"APB1HLPENR\000"
 2049      484C5045 
 2049      4E5200
 2050              	.LASF35:
 2051 003e 44324343 		.ascii	"D2CCIP2R\000"
 2051      49503252 
 2051      00
 2052              	.LASF58:
 2053 0047 41484232 		.ascii	"AHB2ENR\000"
 2053      454E5200 
 2054              	.LASF50:
 2055 004f 41504231 		.ascii	"APB1HRSTR\000"
 2055      48525354 
 2055      5200
 2056              	.LASF98:
 2057 0059 64726976 		.ascii	"drivers/drv_ksoloti_clock.c\000"
 2057      6572732F 
 2057      6472765F 
 2057      6B736F6C 
 2057      6F74695F 
 2058              	.LASF5:
 2059 0075 73686F72 		.ascii	"short int\000"
 2059      7420696E 
 2059      7400
 2060              	.LASF52:
 2061 007f 41504234 		.ascii	"APB4RSTR\000"
 2061      52535452 
 2061      00
 2062              	.LASF87:
 2063 0088 73746D33 		.ascii	"stm32_gpio_t\000"
 2063      325F6770 
 2063      696F5F74 
 2063      00
 2064              	.LASF42:
 2065 0095 42444352 		.ascii	"BDCR\000"
 2065      00
 2066              	.LASF22:
 2067 009a 44334346 		.ascii	"D3CFGR\000"
 2067      475200
 2068              	.LASF15:
 2069 00a1 48534943 		.ascii	"HSICFGR\000"
 2069      46475200 
 2070              	.LASF36:
 2071 00a9 44334343 		.ascii	"D3CCIPR\000"
 2071      49505200 
 2072              	.LASF9:
 2073 00b1 5F5F7569 		.ascii	"__uint32_t\000"
 2073      6E743332 
ARM GAS  C:\Users\DEVELO~1\AppData\Local\Temp\ccwEE4Oq.s 			page 38


 2073      5F7400
 2074              	.LASF26:
 2075 00bc 504C4C31 		.ascii	"PLL1DIVR\000"
 2075      44495652 
 2075      00
 2076              	.LASF40:
 2077 00c5 43494352 		.ascii	"CICR\000"
 2077      00
 2078              	.LASF8:
 2079 00ca 5F5F7569 		.ascii	"__uint16_t\000"
 2079      6E743136 
 2079      5F7400
 2080              	.LASF34:
 2081 00d5 44324343 		.ascii	"D2CCIP1R\000"
 2081      49503152 
 2081      00
 2082              	.LASF66:
 2083 00de 41484233 		.ascii	"AHB3LPENR\000"
 2083      4C50454E 
 2083      5200
 2084              	.LASF90:
 2085 00e8 696F6C69 		.ascii	"ioline_t\000"
 2085      6E655F74 
 2085      00
 2086              	.LASF18:
 2087 00f1 43464752 		.ascii	"CFGR\000"
 2087      00
 2088              	.LASF32:
 2089 00f6 52455345 		.ascii	"RESERVED3\000"
 2089      52564544 
 2089      3300
 2090              	.LASF104:
 2091 0100 72636345 		.ascii	"rccEnableAHB4\000"
 2091      6E61626C 
 2091      65414842 
 2091      3400
 2092              	.LASF41:
 2093 010e 52455345 		.ascii	"RESERVED5\000"
 2093      52564544 
 2093      3500
 2094              	.LASF88:
 2095 0118 696F706F 		.ascii	"ioportmask_t\000"
 2095      72746D61 
 2095      736B5F74 
 2095      00
 2096              	.LASF48:
 2097 0125 41504233 		.ascii	"APB3RSTR\000"
 2097      52535452 
 2097      00
 2098              	.LASF53:
 2099 012e 52455345 		.ascii	"RESERVED8\000"
 2099      52564544 
 2099      3800
 2100              	.LASF67:
 2101 0138 41484231 		.ascii	"AHB1LPENR\000"
 2101      4C50454E 
 2101      5200
ARM GAS  C:\Users\DEVELO~1\AppData\Local\Temp\ccwEE4Oq.s 			page 39


 2102              	.LASF80:
 2103 0142 4F545950 		.ascii	"OTYPER\000"
 2103      455200
 2104              	.LASF103:
 2105 0149 6B736F6C 		.ascii	"ksoloti_clock_configure_gpio\000"
 2105      6F74695F 
 2105      636C6F63 
 2105      6B5F636F 
 2105      6E666967 
 2106              	.LASF56:
 2107 0166 41484233 		.ascii	"AHB3ENR\000"
 2107      454E5200 
 2108              	.LASF24:
 2109 016e 504C4C43 		.ascii	"PLLCKSELR\000"
 2109      4B53454C 
 2109      5200
 2110              	.LASF38:
 2111 0178 43494552 		.ascii	"CIER\000"
 2111      00
 2112              	.LASF82:
 2113 017d 50555044 		.ascii	"PUPDR\000"
 2113      5200
 2114              	.LASF7:
 2115 0183 6C6F6E67 		.ascii	"long int\000"
 2115      20696E74 
 2115      00
 2116              	.LASF28:
 2117 018c 504C4C32 		.ascii	"PLL2DIVR\000"
 2117      44495652 
 2117      00
 2118              	.LASF76:
 2119 0195 5243435F 		.ascii	"RCC_TypeDef\000"
 2119      54797065 
 2119      44656600 
 2120              	.LASF83:
 2121 01a1 42535252 		.ascii	"BSRR\000"
 2121      00
 2122              	.LASF79:
 2123 01a6 4D4F4445 		.ascii	"MODER\000"
 2123      5200
 2124              	.LASF51:
 2125 01ac 41504232 		.ascii	"APB2RSTR\000"
 2125      52535452 
 2125      00
 2126              	.LASF78:
 2127 01b5 636C6561 		.ascii	"clear\000"
 2127      7200
 2128              	.LASF75:
 2129 01bb 52455345 		.ascii	"RESERVED13\000"
 2129      52564544 
 2129      313300
 2130              	.LASF17:
 2131 01c6 43534943 		.ascii	"CSICFGR\000"
 2131      46475200 
 2132              	.LASF70:
 2133 01ce 41504233 		.ascii	"APB3LPENR\000"
 2133      4C50454E 
ARM GAS  C:\Users\DEVELO~1\AppData\Local\Temp\ccwEE4Oq.s 			page 40


 2133      5200
 2134              	.LASF91:
 2135 01d8 696F706F 		.ascii	"ioportid_t\000"
 2135      72746964 
 2135      5F7400
 2136              	.LASF2:
 2137 01e3 6C6F6E67 		.ascii	"long double\000"
 2137      20646F75 
 2137      626C6500 
 2138              	.LASF54:
 2139 01ef 4433414D 		.ascii	"D3AMR\000"
 2139      5200
 2140              	.LASF62:
 2141 01f5 41504231 		.ascii	"APB1HENR\000"
 2141      48454E52 
 2141      00
 2142              	.LASF93:
 2143 01fe 6472765F 		.ascii	"drv_ksoloti_clock_stop\000"
 2143      6B736F6C 
 2143      6F74695F 
 2143      636C6F63 
 2143      6B5F7374 
 2144              	.LASF4:
 2145 0215 756E7369 		.ascii	"unsigned char\000"
 2145      676E6564 
 2145      20636861 
 2145      7200
 2146              	.LASF29:
 2147 0223 504C4C32 		.ascii	"PLL2FRACR\000"
 2147      46524143 
 2147      5200
 2148              	.LASF55:
 2149 022d 52455345 		.ascii	"RESERVED11\000"
 2149      52564544 
 2149      313100
 2150              	.LASF65:
 2151 0238 52455345 		.ascii	"RESERVED12\000"
 2151      52564544 
 2151      313200
 2152              	.LASF63:
 2153 0243 41504232 		.ascii	"APB2ENR\000"
 2153      454E5200 
 2154              	.LASF61:
 2155 024b 41504231 		.ascii	"APB1LENR\000"
 2155      4C454E52 
 2155      00
 2156              	.LASF16:
 2157 0254 43525243 		.ascii	"CRRCR\000"
 2157      5200
 2158              	.LASF101:
 2159 025a 6472765F 		.ascii	"drv_ksoloti_clock_is_running\000"
 2159      6B736F6C 
 2159      6F74695F 
 2159      636C6F63 
 2159      6B5F6973 
 2160              	.LASF3:
 2161 0277 7369676E 		.ascii	"signed char\000"
ARM GAS  C:\Users\DEVELO~1\AppData\Local\Temp\ccwEE4Oq.s 			page 41


 2161      65642063 
 2161      68617200 
 2162              	.LASF11:
 2163 0283 6C6F6E67 		.ascii	"long long unsigned int\000"
 2163      206C6F6E 
 2163      6720756E 
 2163      7369676E 
 2163      65642069 
 2164              	.LASF47:
 2165 029a 41484234 		.ascii	"AHB4RSTR\000"
 2165      52535452 
 2165      00
 2166              	.LASF13:
 2167 02a3 75696E74 		.ascii	"uint32_t\000"
 2167      33325F74 
 2167      00
 2168              	.LASF0:
 2169 02ac 756E7369 		.ascii	"unsigned int\000"
 2169      676E6564 
 2169      20696E74 
 2169      00
 2170              	.LASF46:
 2171 02b9 41484232 		.ascii	"AHB2RSTR\000"
 2171      52535452 
 2171      00
 2172              	.LASF12:
 2173 02c2 75696E74 		.ascii	"uint16_t\000"
 2173      31365F74 
 2173      00
 2174              	.LASF99:
 2175 02cb 433A5C50 		.ascii	"C:\\PROJET\\ChibiOS project\\ChibiOS_21.11.4\\demos"
 2175      524F4A45 
 2175      545C4368 
 2175      6962694F 
 2175      53207072 
 2176 02fa 5C53544D 		.ascii	"\\STM32\\RT-STM32H743ZI_REV_XY-NUCLEO144\000"
 2176      33325C52 
 2176      542D5354 
 2176      4D333248 
 2176      3734335A 
 2177              	.LASF89:
 2178 0321 696F6D6F 		.ascii	"iomode_t\000"
 2178      64655F74 
 2178      00
 2179              	.LASF20:
 2180 032a 44314346 		.ascii	"D1CFGR\000"
 2180      475200
 2181              	.LASF86:
 2182 0331 41465248 		.ascii	"AFRH\000"
 2182      00
 2183              	.LASF59:
 2184 0336 41484234 		.ascii	"AHB4ENR\000"
 2184      454E5200 
 2185              	.LASF25:
 2186 033e 504C4C43 		.ascii	"PLLCFGR\000"
 2186      46475200 
 2187              	.LASF85:
ARM GAS  C:\Users\DEVELO~1\AppData\Local\Temp\ccwEE4Oq.s 			page 42


 2188 0346 4146524C 		.ascii	"AFRL\000"
 2188      00
 2189              	.LASF6:
 2190 034b 73686F72 		.ascii	"short unsigned int\000"
 2190      7420756E 
 2190      7369676E 
 2190      65642069 
 2190      6E7400
 2191              	.LASF49:
 2192 035e 41504231 		.ascii	"APB1LRSTR\000"
 2192      4C525354 
 2192      5200
 2193              	.LASF14:
 2194 0368 63686172 		.ascii	"char\000"
 2194      00
 2195              	.LASF33:
 2196 036d 44314343 		.ascii	"D1CCIPR\000"
 2196      49505200 
 2197              	.LASF77:
 2198 0375 5F426F6F 		.ascii	"_Bool\000"
 2198      6C00
 2199              	.LASF69:
 2200 037b 41484234 		.ascii	"AHB4LPENR\000"
 2200      4C50454E 
 2200      5200
 2201              	.LASF68:
 2202 0385 41484232 		.ascii	"AHB2LPENR\000"
 2202      4C50454E 
 2202      5200
 2203              	.LASF30:
 2204 038f 504C4C33 		.ascii	"PLL3DIVR\000"
 2204      44495652 
 2204      00
 2205              	.LASF19:
 2206 0398 52455345 		.ascii	"RESERVED1\000"
 2206      52564544 
 2206      3100
 2207              	.LASF23:
 2208 03a2 52455345 		.ascii	"RESERVED2\000"
 2208      52564544 
 2208      3200
 2209              	.LASF81:
 2210 03ac 4F535045 		.ascii	"OSPEEDR\000"
 2210      45445200 
 2211              	.LASF37:
 2212 03b4 52455345 		.ascii	"RESERVED4\000"
 2212      52564544 
 2212      3400
 2213              	.LASF102:
 2214 03be 63666772 		.ascii	"cfgr\000"
 2214      00
 2215              	.LASF10:
 2216 03c3 6C6F6E67 		.ascii	"long unsigned int\000"
 2216      20756E73 
 2216      69676E65 
 2216      6420696E 
 2216      7400
ARM GAS  C:\Users\DEVELO~1\AppData\Local\Temp\ccwEE4Oq.s 			page 43


 2217              	.LASF43:
 2218 03d5 52455345 		.ascii	"RESERVED6\000"
 2218      52564544 
 2218      3600
 2219              	.LASF84:
 2220 03df 4C4F434B 		.ascii	"LOCKR\000"
 2220      5200
 2221              	.LASF60:
 2222 03e5 41504233 		.ascii	"APB3ENR\000"
 2222      454E5200 
 2223              	.LASF100:
 2224 03ed 6D636F5F 		.ascii	"mco_running\000"
 2224      72756E6E 
 2224      696E6700 
 2225              	.LASF39:
 2226 03f9 43494652 		.ascii	"CIFR\000"
 2226      00
 2227              	.LASF94:
 2228 03fe 6472765F 		.ascii	"drv_ksoloti_clock_start\000"
 2228      6B736F6C 
 2228      6F74695F 
 2228      636C6F63 
 2228      6B5F7374 
 2229              	.LASF57:
 2230 0416 41484231 		.ascii	"AHB1ENR\000"
 2230      454E5200 
 2231              	.LASF1:
 2232 041e 6C6F6E67 		.ascii	"long long int\000"
 2232      206C6F6E 
 2232      6720696E 
 2232      7400
 2233              	.LASF96:
 2234 042c 6D61736B 		.ascii	"mask\000"
 2234      00
 2235              	.LASF45:
 2236 0431 41484231 		.ascii	"AHB1RSTR\000"
 2236      52535452 
 2236      00
 2237              	.LASF44:
 2238 043a 41484233 		.ascii	"AHB3RSTR\000"
 2238      52535452 
 2238      00
 2239              	.LASF21:
 2240 0443 44324346 		.ascii	"D2CFGR\000"
 2240      475200
 2241              	.LASF74:
 2242 044a 41504234 		.ascii	"APB4LPENR\000"
 2242      4C50454E 
 2242      5200
 2243              	.LASF73:
 2244 0454 41504232 		.ascii	"APB2LPENR\000"
 2244      4C50454E 
 2244      5200
 2245              	.LASF97:
 2246 045e 474E5520 		.ascii	"GNU C17 11.3.1 20220712 -mcpu=cortex-m7 -mthumb -mf"
 2246      43313720 
 2246      31312E33 
ARM GAS  C:\Users\DEVELO~1\AppData\Local\Temp\ccwEE4Oq.s 			page 44


 2246      2E312032 
 2246      30323230 
 2247 0491 6C6F6174 		.ascii	"loat-abi=soft -march=armv7e-m -ggdb -O2 -fomit-fram"
 2247      2D616269 
 2247      3D736F66 
 2247      74202D6D 
 2247      61726368 
 2248 04c4 652D706F 		.ascii	"e-pointer -falign-functions=16 -ffunction-sections "
 2248      696E7465 
 2248      72202D66 
 2248      616C6967 
 2248      6E2D6675 
 2249 04f7 2D666461 		.ascii	"-fdata-sections -fno-common\000"
 2249      74612D73 
 2249      65637469 
 2249      6F6E7320 
 2249      2D666E6F 
 2250              	.LASF31:
 2251 0513 504C4C33 		.ascii	"PLL3FRACR\000"
 2251      46524143 
 2251      5200
 2252              	.LASF95:
 2253 051d 6472765F 		.ascii	"drv_ksoloti_clock_init\000"
 2253      6B736F6C 
 2253      6F74695F 
 2253      636C6F63 
 2253      6B5F696E 
 2254              		.ident	"GCC: (Arm GNU Toolchain 11.3.Rel1) 11.3.1 20220712"
ARM GAS  C:\Users\DEVELO~1\AppData\Local\Temp\ccwEE4Oq.s 			page 45


DEFINED SYMBOLS
                            *ABS*:00000000 drv_ksoloti_clock.c
C:\Users\DEVELO~1\AppData\Local\Temp\ccwEE4Oq.s:18     .text.drv_ksoloti_clock_init:00000000 $t
C:\Users\DEVELO~1\AppData\Local\Temp\ccwEE4Oq.s:25     .text.drv_ksoloti_clock_init:00000000 drv_ksoloti_clock_init
C:\Users\DEVELO~1\AppData\Local\Temp\ccwEE4Oq.s:151    .text.drv_ksoloti_clock_init:0000004c $d
C:\Users\DEVELO~1\AppData\Local\Temp\ccwEE4Oq.s:158    .text.drv_ksoloti_clock_start:00000000 $t
C:\Users\DEVELO~1\AppData\Local\Temp\ccwEE4Oq.s:165    .text.drv_ksoloti_clock_start:00000000 drv_ksoloti_clock_start
C:\Users\DEVELO~1\AppData\Local\Temp\ccwEE4Oq.s:254    .text.drv_ksoloti_clock_start:00000040 $d
C:\Users\DEVELO~1\AppData\Local\Temp\ccwEE4Oq.s:261    .text.drv_ksoloti_clock_stop:00000000 $t
C:\Users\DEVELO~1\AppData\Local\Temp\ccwEE4Oq.s:268    .text.drv_ksoloti_clock_stop:00000000 drv_ksoloti_clock_stop
C:\Users\DEVELO~1\AppData\Local\Temp\ccwEE4Oq.s:309    .text.drv_ksoloti_clock_stop:00000020 $d
C:\Users\DEVELO~1\AppData\Local\Temp\ccwEE4Oq.s:316    .text.drv_ksoloti_clock_is_running:00000000 $t
C:\Users\DEVELO~1\AppData\Local\Temp\ccwEE4Oq.s:323    .text.drv_ksoloti_clock_is_running:00000000 drv_ksoloti_clock_is_running
C:\Users\DEVELO~1\AppData\Local\Temp\ccwEE4Oq.s:339    .text.drv_ksoloti_clock_is_running:00000008 $d
C:\Users\DEVELO~1\AppData\Local\Temp\ccwEE4Oq.s:347    .bss.mco_running:00000000 mco_running
C:\Users\DEVELO~1\AppData\Local\Temp\ccwEE4Oq.s:348    .bss.mco_running:00000000 $d

UNDEFINED SYMBOLS
_pal_lld_setgroupmode
