ARM GAS  C:\Users\DEVELO~1\AppData\Local\Temp\cccXoirL.s 			page 1


   1              		.cpu cortex-m7
   2              		.arch armv7e-m
   3              		.fpu softvfp
   4              		.eabi_attribute 20, 1
   5              		.eabi_attribute 21, 1
   6              		.eabi_attribute 23, 3
   7              		.eabi_attribute 24, 1
   8              		.eabi_attribute 25, 1
   9              		.eabi_attribute 26, 1
  10              		.eabi_attribute 30, 2
  11              		.eabi_attribute 34, 1
  12              		.eabi_attribute 18, 4
  13              		.file	"hal_community.c"
  14              		.text
  15              	.Ltext0:
  16              		.cfi_sections	.debug_frame
  17              		.section	.text.halCommunityInit,"ax",%progbits
  18              		.align	1
  19              		.p2align 4,,15
  20              		.global	halCommunityInit
  21              		.syntax unified
  22              		.thumb
  23              		.thumb_func
  24              		.type	halCommunityInit, %function
  25              	halCommunityInit:
  26              	.LFB432:
  27              		.file 1 "../../../ChibiOS-Contrib-chibios-21.11.x/os/hal/src/hal_community.c"
  28              		.loc 1 54 29 view -0
  29              		.cfi_startproc
  30              		@ args = 0, pretend = 0, frame = 0
  31              		@ frame_needed = 0, uses_anonymous_args = 0
  32              		@ link register save eliminated.
  33              		.loc 1 89 3 view .LVU1
  34 0000 FFF7FEBF 		b	fsmcInit
  35              	.LVL0:
  36              		.cfi_endproc
  37              	.LFE432:
  38              		.size	halCommunityInit, .-halCommunityInit
  39              		.text
  40              	.Letext0:
  41              		.file 2 "../../../ChibiOS-Contrib-chibios-21.11.x/os/hal/include/hal_fsmc.h"
  42              		.section	.debug_info,"",%progbits
  43              	.Ldebug_info0:
  44 0000 A3000000 		.4byte	0xa3
  45 0004 0500     		.2byte	0x5
  46 0006 01       		.byte	0x1
  47 0007 04       		.byte	0x4
  48 0008 00000000 		.4byte	.Ldebug_abbrev0
  49 000c 02       		.uleb128 0x2
  50 000d 43010000 		.4byte	.LASF12
  51 0011 1D       		.byte	0x1d
  52 0012 FF000000 		.4byte	.LASF13
  53 0016 66000000 		.4byte	.LASF14
  54 001a 0C000000 		.4byte	.LLRL0
  55 001e 00000000 		.4byte	0
  56 0022 00000000 		.4byte	.Ldebug_line0
  57 0026 03       		.uleb128 0x3
ARM GAS  C:\Users\DEVELO~1\AppData\Local\Temp\cccXoirL.s 			page 2


  58 0027 04       		.byte	0x4
  59 0028 05       		.byte	0x5
  60 0029 696E7400 		.ascii	"int\000"
  61 002d 01       		.uleb128 0x1
  62 002e 04       		.byte	0x4
  63 002f 07       		.byte	0x7
  64 0030 0E000000 		.4byte	.LASF0
  65 0034 01       		.uleb128 0x1
  66 0035 08       		.byte	0x8
  67 0036 05       		.byte	0x5
  68 0037 00000000 		.4byte	.LASF1
  69 003b 01       		.uleb128 0x1
  70 003c 08       		.byte	0x8
  71 003d 04       		.byte	0x4
  72 003e E9000000 		.4byte	.LASF2
  73 0042 01       		.uleb128 0x1
  74 0043 01       		.byte	0x1
  75 0044 06       		.byte	0x6
  76 0045 F8010000 		.4byte	.LASF3
  77 0049 01       		.uleb128 0x1
  78 004a 01       		.byte	0x1
  79 004b 08       		.byte	0x8
  80 004c 44000000 		.4byte	.LASF4
  81 0050 01       		.uleb128 0x1
  82 0051 02       		.byte	0x2
  83 0052 05       		.byte	0x5
  84 0053 F5000000 		.4byte	.LASF5
  85 0057 01       		.uleb128 0x1
  86 0058 02       		.byte	0x2
  87 0059 07       		.byte	0x7
  88 005a BC000000 		.4byte	.LASF6
  89 005e 01       		.uleb128 0x1
  90 005f 04       		.byte	0x4
  91 0060 05       		.byte	0x5
  92 0061 57000000 		.4byte	.LASF7
  93 0065 01       		.uleb128 0x1
  94 0066 04       		.byte	0x4
  95 0067 07       		.byte	0x7
  96 0068 1B000000 		.4byte	.LASF8
  97 006c 01       		.uleb128 0x1
  98 006d 08       		.byte	0x8
  99 006e 07       		.byte	0x7
 100 006f 2D000000 		.4byte	.LASF9
 101 0073 01       		.uleb128 0x1
 102 0074 01       		.byte	0x1
 103 0075 08       		.byte	0x8
 104 0076 52000000 		.4byte	.LASF10
 105 007a 01       		.uleb128 0x1
 106 007b 01       		.byte	0x1
 107 007c 02       		.byte	0x2
 108 007d 60000000 		.4byte	.LASF11
 109 0081 04       		.uleb128 0x4
 110 0082 E0000000 		.4byte	.LASF15
 111 0086 02       		.byte	0x2
 112 0087 6301     		.2byte	0x163
 113 0089 08       		.byte	0x8
 114 008a 05       		.uleb128 0x5
ARM GAS  C:\Users\DEVELO~1\AppData\Local\Temp\cccXoirL.s 			page 3


 115 008b CF000000 		.4byte	.LASF16
 116 008f 01       		.byte	0x1
 117 0090 36       		.byte	0x36
 118 0091 06       		.byte	0x6
 119 0092 00000000 		.4byte	.LFB432
 120 0096 04000000 		.4byte	.LFE432-.LFB432
 121 009a 01       		.uleb128 0x1
 122 009b 9C       		.byte	0x9c
 123 009c 06       		.uleb128 0x6
 124 009d 04000000 		.4byte	.LVL0
 125 00a1 81000000 		.4byte	0x81
 126 00a5 00       		.byte	0
 127 00a6 00       		.byte	0
 128              		.section	.debug_abbrev,"",%progbits
 129              	.Ldebug_abbrev0:
 130 0000 01       		.uleb128 0x1
 131 0001 24       		.uleb128 0x24
 132 0002 00       		.byte	0
 133 0003 0B       		.uleb128 0xb
 134 0004 0B       		.uleb128 0xb
 135 0005 3E       		.uleb128 0x3e
 136 0006 0B       		.uleb128 0xb
 137 0007 03       		.uleb128 0x3
 138 0008 0E       		.uleb128 0xe
 139 0009 00       		.byte	0
 140 000a 00       		.byte	0
 141 000b 02       		.uleb128 0x2
 142 000c 11       		.uleb128 0x11
 143 000d 01       		.byte	0x1
 144 000e 25       		.uleb128 0x25
 145 000f 0E       		.uleb128 0xe
 146 0010 13       		.uleb128 0x13
 147 0011 0B       		.uleb128 0xb
 148 0012 03       		.uleb128 0x3
 149 0013 0E       		.uleb128 0xe
 150 0014 1B       		.uleb128 0x1b
 151 0015 0E       		.uleb128 0xe
 152 0016 55       		.uleb128 0x55
 153 0017 17       		.uleb128 0x17
 154 0018 11       		.uleb128 0x11
 155 0019 01       		.uleb128 0x1
 156 001a 10       		.uleb128 0x10
 157 001b 17       		.uleb128 0x17
 158 001c 00       		.byte	0
 159 001d 00       		.byte	0
 160 001e 03       		.uleb128 0x3
 161 001f 24       		.uleb128 0x24
 162 0020 00       		.byte	0
 163 0021 0B       		.uleb128 0xb
 164 0022 0B       		.uleb128 0xb
 165 0023 3E       		.uleb128 0x3e
 166 0024 0B       		.uleb128 0xb
 167 0025 03       		.uleb128 0x3
 168 0026 08       		.uleb128 0x8
 169 0027 00       		.byte	0
 170 0028 00       		.byte	0
 171 0029 04       		.uleb128 0x4
ARM GAS  C:\Users\DEVELO~1\AppData\Local\Temp\cccXoirL.s 			page 4


 172 002a 2E       		.uleb128 0x2e
 173 002b 00       		.byte	0
 174 002c 3F       		.uleb128 0x3f
 175 002d 19       		.uleb128 0x19
 176 002e 03       		.uleb128 0x3
 177 002f 0E       		.uleb128 0xe
 178 0030 3A       		.uleb128 0x3a
 179 0031 0B       		.uleb128 0xb
 180 0032 3B       		.uleb128 0x3b
 181 0033 05       		.uleb128 0x5
 182 0034 39       		.uleb128 0x39
 183 0035 0B       		.uleb128 0xb
 184 0036 27       		.uleb128 0x27
 185 0037 19       		.uleb128 0x19
 186 0038 3C       		.uleb128 0x3c
 187 0039 19       		.uleb128 0x19
 188 003a 00       		.byte	0
 189 003b 00       		.byte	0
 190 003c 05       		.uleb128 0x5
 191 003d 2E       		.uleb128 0x2e
 192 003e 01       		.byte	0x1
 193 003f 3F       		.uleb128 0x3f
 194 0040 19       		.uleb128 0x19
 195 0041 03       		.uleb128 0x3
 196 0042 0E       		.uleb128 0xe
 197 0043 3A       		.uleb128 0x3a
 198 0044 0B       		.uleb128 0xb
 199 0045 3B       		.uleb128 0x3b
 200 0046 0B       		.uleb128 0xb
 201 0047 39       		.uleb128 0x39
 202 0048 0B       		.uleb128 0xb
 203 0049 27       		.uleb128 0x27
 204 004a 19       		.uleb128 0x19
 205 004b 11       		.uleb128 0x11
 206 004c 01       		.uleb128 0x1
 207 004d 12       		.uleb128 0x12
 208 004e 06       		.uleb128 0x6
 209 004f 40       		.uleb128 0x40
 210 0050 18       		.uleb128 0x18
 211 0051 7A       		.uleb128 0x7a
 212 0052 19       		.uleb128 0x19
 213 0053 00       		.byte	0
 214 0054 00       		.byte	0
 215 0055 06       		.uleb128 0x6
 216 0056 48       		.uleb128 0x48
 217 0057 00       		.byte	0
 218 0058 7D       		.uleb128 0x7d
 219 0059 01       		.uleb128 0x1
 220 005a 8201     		.uleb128 0x82
 221 005c 19       		.uleb128 0x19
 222 005d 7F       		.uleb128 0x7f
 223 005e 13       		.uleb128 0x13
 224 005f 00       		.byte	0
 225 0060 00       		.byte	0
 226 0061 00       		.byte	0
 227              		.section	.debug_aranges,"",%progbits
 228 0000 1C000000 		.4byte	0x1c
ARM GAS  C:\Users\DEVELO~1\AppData\Local\Temp\cccXoirL.s 			page 5


 229 0004 0200     		.2byte	0x2
 230 0006 00000000 		.4byte	.Ldebug_info0
 231 000a 04       		.byte	0x4
 232 000b 00       		.byte	0
 233 000c 0000     		.2byte	0
 234 000e 0000     		.2byte	0
 235 0010 00000000 		.4byte	.LFB432
 236 0014 04000000 		.4byte	.LFE432-.LFB432
 237 0018 00000000 		.4byte	0
 238 001c 00000000 		.4byte	0
 239              		.section	.debug_rnglists,"",%progbits
 240              	.Ldebug_ranges0:
 241 0000 0F000000 		.4byte	.Ldebug_ranges3-.Ldebug_ranges2
 242              	.Ldebug_ranges2:
 243 0004 0500     		.2byte	0x5
 244 0006 04       		.byte	0x4
 245 0007 00       		.byte	0
 246 0008 00000000 		.4byte	0
 247              	.LLRL0:
 248 000c 07       		.byte	0x7
 249 000d 00000000 		.4byte	.LFB432
 250 0011 04       		.uleb128 .LFE432-.LFB432
 251 0012 00       		.byte	0
 252              	.Ldebug_ranges3:
 253              		.section	.debug_line,"",%progbits
 254              	.Ldebug_line0:
 255 0000 BC000000 		.section	.debug_str,"MS",%progbits,1
 255      0300A000 
 255      00000201 
 255      FB0E0D00 
 255      01010101 
 256              	.LASF1:
 257 0000 6C6F6E67 		.ascii	"long long int\000"
 257      206C6F6E 
 257      6720696E 
 257      7400
 258              	.LASF0:
 259 000e 756E7369 		.ascii	"unsigned int\000"
 259      676E6564 
 259      20696E74 
 259      00
 260              	.LASF8:
 261 001b 6C6F6E67 		.ascii	"long unsigned int\000"
 261      20756E73 
 261      69676E65 
 261      6420696E 
 261      7400
 262              	.LASF9:
 263 002d 6C6F6E67 		.ascii	"long long unsigned int\000"
 263      206C6F6E 
 263      6720756E 
 263      7369676E 
 263      65642069 
 264              	.LASF4:
 265 0044 756E7369 		.ascii	"unsigned char\000"
 265      676E6564 
 265      20636861 
ARM GAS  C:\Users\DEVELO~1\AppData\Local\Temp\cccXoirL.s 			page 6


 265      7200
 266              	.LASF10:
 267 0052 63686172 		.ascii	"char\000"
 267      00
 268              	.LASF7:
 269 0057 6C6F6E67 		.ascii	"long int\000"
 269      20696E74 
 269      00
 270              	.LASF11:
 271 0060 5F426F6F 		.ascii	"_Bool\000"
 271      6C00
 272              	.LASF14:
 273 0066 433A5C50 		.ascii	"C:\\PROJET\\ChibiOS project\\ChibiOS_21.11.4\\demos"
 273      524F4A45 
 273      545C4368 
 273      6962694F 
 273      53207072 
 274 0095 5C53544D 		.ascii	"\\STM32\\RT-STM32H743ZI_REV_XY-NUCLEO144\000"
 274      33325C52 
 274      542D5354 
 274      4D333248 
 274      3734335A 
 275              	.LASF6:
 276 00bc 73686F72 		.ascii	"short unsigned int\000"
 276      7420756E 
 276      7369676E 
 276      65642069 
 276      6E7400
 277              	.LASF16:
 278 00cf 68616C43 		.ascii	"halCommunityInit\000"
 278      6F6D6D75 
 278      6E697479 
 278      496E6974 
 278      00
 279              	.LASF15:
 280 00e0 66736D63 		.ascii	"fsmcInit\000"
 280      496E6974 
 280      00
 281              	.LASF2:
 282 00e9 6C6F6E67 		.ascii	"long double\000"
 282      20646F75 
 282      626C6500 
 283              	.LASF5:
 284 00f5 73686F72 		.ascii	"short int\000"
 284      7420696E 
 284      7400
 285              	.LASF13:
 286 00ff 2E2E2F2E 		.ascii	"../../../ChibiOS-Contrib-chibios-21.11.x/os/hal/src"
 286      2E2F2E2E 
 286      2F436869 
 286      62694F53 
 286      2D436F6E 
 287 0132 2F68616C 		.ascii	"/hal_community.c\000"
 287      5F636F6D 
 287      6D756E69 
 287      74792E63 
 287      00
ARM GAS  C:\Users\DEVELO~1\AppData\Local\Temp\cccXoirL.s 			page 7


 288              	.LASF12:
 289 0143 474E5520 		.ascii	"GNU C17 11.3.1 20220712 -mcpu=cortex-m7 -mthumb -mf"
 289      43313720 
 289      31312E33 
 289      2E312032 
 289      30323230 
 290 0176 6C6F6174 		.ascii	"loat-abi=soft -march=armv7e-m -ggdb -O2 -fomit-fram"
 290      2D616269 
 290      3D736F66 
 290      74202D6D 
 290      61726368 
 291 01a9 652D706F 		.ascii	"e-pointer -falign-functions=16 -ffunction-sections "
 291      696E7465 
 291      72202D66 
 291      616C6967 
 291      6E2D6675 
 292 01dc 2D666461 		.ascii	"-fdata-sections -fno-common\000"
 292      74612D73 
 292      65637469 
 292      6F6E7320 
 292      2D666E6F 
 293              	.LASF3:
 294 01f8 7369676E 		.ascii	"signed char\000"
 294      65642063 
 294      68617200 
 295              		.ident	"GCC: (Arm GNU Toolchain 11.3.Rel1) 11.3.1 20220712"
ARM GAS  C:\Users\DEVELO~1\AppData\Local\Temp\cccXoirL.s 			page 8


DEFINED SYMBOLS
                            *ABS*:00000000 hal_community.c
C:\Users\DEVELO~1\AppData\Local\Temp\cccXoirL.s:18     .text.halCommunityInit:00000000 $t
C:\Users\DEVELO~1\AppData\Local\Temp\cccXoirL.s:25     .text.halCommunityInit:00000000 halCommunityInit

UNDEFINED SYMBOLS
fsmcInit
