ARM GAS  C:\Users\DEVELO~1\AppData\Local\Temp\cccJhfKH.s 			page 1


   1              		.cpu cortex-m7
   2              		.arch armv7e-m
   3              		.fpu softvfp
   4              		.eabi_attribute 20, 1
   5              		.eabi_attribute 21, 1
   6              		.eabi_attribute 23, 3
   7              		.eabi_attribute 24, 1
   8              		.eabi_attribute 25, 1
   9              		.eabi_attribute 26, 1
  10              		.eabi_attribute 30, 2
  11              		.eabi_attribute 34, 1
  12              		.eabi_attribute 18, 4
  13              		.file	"hal_sdram_lld.c"
  14              		.text
  15              	.Ltext0:
  16              		.cfi_sections	.debug_frame
  17              		.section	.text.sdram_lld_start,"ax",%progbits
  18              		.align	1
  19              		.p2align 4,,15
  20              		.global	sdram_lld_start
  21              		.syntax unified
  22              		.thumb
  23              		.thumb_func
  24              		.type	sdram_lld_start, %function
  25              	sdram_lld_start:
  26              	.LVL0:
  27              	.LFB433:
  28              		.file 1 "../../../ChibiOS-Contrib-chibios-21.11.x/os/hal/ports/STM32/LLD/FSMCv1/hal_sdram_lld.c"
  29              		.loc 1 162 1 view -0
  30              		.cfi_startproc
  31              		@ args = 0, pretend = 0, frame = 0
  32              		@ frame_needed = 0, uses_anonymous_args = 0
  33              		.loc 1 163 3 view .LVU1
  34              		.loc 1 162 1 is_stmt 0 view .LVU2
  35 0000 70B5     		push	{r4, r5, r6, lr}
  36              		.cfi_def_cfa_offset 16
  37              		.cfi_offset 4, -16
  38              		.cfi_offset 5, -12
  39              		.cfi_offset 6, -8
  40              		.cfi_offset 14, -4
  41              		.loc 1 163 9 view .LVU3
  42 0002 4368     		ldr	r3, [r0, #4]
  43              		.loc 1 162 1 view .LVU4
  44 0004 0C46     		mov	r4, r1
  45              		.loc 1 163 30 view .LVU5
  46 0006 0868     		ldr	r0, [r1]
  47              	.LVL1:
  48              		.loc 1 169 24 view .LVU6
  49 0008 134A     		ldr	r2, .L4
  50              		.loc 1 164 30 view .LVU7
  51 000a 4968     		ldr	r1, [r1, #4]
  52              	.LVL2:
  53              	.LBB8:
  54              	.LBB9:
  55              		.loc 1 110 10 view .LVU8
  56 000c 134D     		ldr	r5, .L4+4
  57 000e 6E68     		ldr	r6, [r5, #4]
ARM GAS  C:\Users\DEVELO~1\AppData\Local\Temp\cccJhfKH.s 			page 2


  58              	.LBE9:
  59              	.LBE8:
  60              		.loc 1 163 24 view .LVU9
  61 0010 1860     		str	r0, [r3]
  62              		.loc 1 164 3 is_stmt 1 view .LVU10
  63              		.loc 1 164 24 is_stmt 0 view .LVU11
  64 0012 9960     		str	r1, [r3, #8]
  65              		.loc 1 165 3 is_stmt 1 view .LVU12
  66              		.loc 1 165 24 is_stmt 0 view .LVU13
  67 0014 5860     		str	r0, [r3, #4]
  68              		.loc 1 166 3 is_stmt 1 view .LVU14
  69              	.LBB16:
  70              	.LBB14:
  71              	.LBB10:
  72              	.LBB11:
  73              		.file 2 "../../../os/hal/osal/rt-nil/osal.h"
  74              		.loc 2 655 3 is_stmt 0 view .LVU15
  75 0016 44F62060 		movw	r0, #20000
  76              	.LBE11:
  77              	.LBE10:
  78              	.LBE14:
  79              	.LBE16:
  80              		.loc 1 166 24 view .LVU16
  81 001a D960     		str	r1, [r3, #12]
  82              		.loc 1 169 3 is_stmt 1 view .LVU17
  83              		.loc 1 169 24 is_stmt 0 view .LVU18
  84 001c 1368     		ldr	r3, [r2]
  85 001e 43F00043 		orr	r3, r3, #-2147483648
  86 0022 1360     		str	r3, [r2]
  87              		.loc 1 172 3 is_stmt 1 view .LVU19
  88              	.LVL3:
  89              	.LBB17:
  90              	.LBI8:
  91              		.loc 1 95 13 view .LVU20
  92              	.LBB15:
  93              		.loc 1 97 3 view .LVU21
  94              		.loc 1 100 3 view .LVU22
  95              		.loc 1 110 3 view .LVU23
  96              		.loc 1 110 24 is_stmt 0 view .LVU24
  97 0024 1123     		movs	r3, #17
  98 0026 3361     		str	r3, [r6, #16]
  99              		.loc 1 113 3 is_stmt 1 view .LVU25
 100              	.LVL4:
 101              	.LBB13:
 102              	.LBI10:
 103              		.loc 2 653 20 view .LVU26
 104              	.LBB12:
 105              		.loc 2 655 3 view .LVU27
 106 0028 FFF7FEFF 		bl	chSysPolledDelayX
 107              	.LVL5:
 108              		.loc 2 655 3 is_stmt 0 view .LVU28
 109              	.LBE12:
 110              	.LBE13:
 111              		.loc 1 119 3 is_stmt 1 view .LVU29
 112              		.loc 1 126 12 is_stmt 0 view .LVU30
 113 002c A368     		ldr	r3, [r4, #8]
 114              		.loc 1 140 20 view .LVU31
ARM GAS  C:\Users\DEVELO~1\AppData\Local\Temp\cccJhfKH.s 			page 3


 115 002e 0C48     		ldr	r0, .L4+8
 116              		.loc 1 146 38 view .LVU32
 117 0030 E668     		ldr	r6, [r4, #12]
 118              		.loc 1 126 20 view .LVU33
 119 0032 03F4F071 		and	r1, r3, #480
 120              		.loc 1 140 20 view .LVU34
 121 0036 0340     		ands	r3, r3, r0
 122              		.loc 1 146 38 view .LVU35
 123 0038 43F6FE70 		movw	r0, #16382
 124              		.loc 1 119 10 view .LVU36
 125 003c 6A68     		ldr	r2, [r5, #4]
 126              		.loc 1 125 62 view .LVU37
 127 003e 41F01301 		orr	r1, r1, #19
 128              		.loc 1 119 24 view .LVU38
 129 0042 1224     		movs	r4, #18
 130              	.LVL6:
 131              		.loc 1 146 38 view .LVU39
 132 0044 3040     		ands	r0, r0, r6
 133              		.loc 1 139 59 view .LVU40
 134 0046 43F01403 		orr	r3, r3, #20
 135              		.loc 1 119 24 view .LVU41
 136 004a 1461     		str	r4, [r2, #16]
 137              		.loc 1 125 3 is_stmt 1 view .LVU42
 138              		.loc 1 125 24 is_stmt 0 view .LVU43
 139 004c 1161     		str	r1, [r2, #16]
 140              		.loc 1 132 3 is_stmt 1 view .LVU44
 141              		.loc 1 132 24 is_stmt 0 view .LVU45
 142 004e 1161     		str	r1, [r2, #16]
 143              		.loc 1 139 3 is_stmt 1 view .LVU46
 144              		.loc 1 139 24 is_stmt 0 view .LVU47
 145 0050 1361     		str	r3, [r2, #16]
 146              		.loc 1 146 3 is_stmt 1 view .LVU48
 147              		.loc 1 146 24 is_stmt 0 view .LVU49
 148 0052 5061     		str	r0, [r2, #20]
 149              	.LVL7:
 150              		.loc 1 146 24 view .LVU50
 151              	.LBE15:
 152              	.LBE17:
 153              		.loc 1 173 1 view .LVU51
 154 0054 70BD     		pop	{r4, r5, r6, pc}
 155              	.L5:
 156 0056 00BF     		.align	2
 157              	.L4:
 158 0058 00400052 		.word	1375748096
 159 005c 00000000 		.word	.LANCHOR0
 160 0060 00FE3F00 		.word	4193792
 161              		.cfi_endproc
 162              	.LFE433:
 163              		.size	sdram_lld_start, .-sdram_lld_start
 164              		.section	.text.sdram_lld_stop,"ax",%progbits
 165              		.align	1
 166              		.p2align 4,,15
 167              		.global	sdram_lld_stop
 168              		.syntax unified
 169              		.thumb
 170              		.thumb_func
 171              		.type	sdram_lld_stop, %function
ARM GAS  C:\Users\DEVELO~1\AppData\Local\Temp\cccJhfKH.s 			page 4


 172              	sdram_lld_stop:
 173              	.LVL8:
 174              	.LFB434:
 175              		.loc 1 175 42 is_stmt 1 view -0
 176              		.cfi_startproc
 177              		@ args = 0, pretend = 0, frame = 0
 178              		@ frame_needed = 0, uses_anonymous_args = 0
 179              		@ link register save eliminated.
 180              		.loc 1 176 3 view .LVU53
 181              		.loc 1 179 3 view .LVU54
 182              		.loc 1 185 3 view .LVU55
 183              		.loc 1 185 24 is_stmt 0 view .LVU56
 184 0000 1622     		movs	r2, #22
 185              		.loc 1 185 9 view .LVU57
 186 0002 4368     		ldr	r3, [r0, #4]
 187              		.loc 1 185 24 view .LVU58
 188 0004 1A61     		str	r2, [r3, #16]
 189              		.loc 1 186 1 view .LVU59
 190 0006 7047     		bx	lr
 191              		.cfi_endproc
 192              	.LFE434:
 193              		.size	sdram_lld_stop, .-sdram_lld_stop
 194              		.global	SDRAMD1
 195              		.section	.bss.SDRAMD1,"aw",%nobits
 196              		.align	2
 197              		.set	.LANCHOR0,. + 0
 198              		.type	SDRAMD1, %object
 199              		.size	SDRAMD1, 8
 200              	SDRAMD1:
 201 0000 00000000 		.space	8
 201      00000000 
 202              		.text
 203              	.Letext0:
 204              		.file 3 "c:\\chibistudio\\tools\\gnu tools arm embedded\\11.3 2022.08\\arm-none-eabi\\include\\mac
 205              		.file 4 "c:\\chibistudio\\tools\\gnu tools arm embedded\\11.3 2022.08\\arm-none-eabi\\include\\sys
 206              		.file 5 "../../../os/common/ports/ARM-common/chtypes.h"
 207              		.file 6 "../../../os/rt/include/chearly.h"
 208              		.file 7 "../../../os/common/ext/ST/STM32H7xx/stm32h743xx.h"
 209              		.file 8 "../../../ChibiOS-Contrib-chibios-21.11.x/os/hal/include/hal_fsmc.h"
 210              		.file 9 "../../../ChibiOS-Contrib-chibios-21.11.x/os/hal/include/hal_sdram.h"
 211              		.file 10 "../../../os/rt/include/chsys.h"
 212              		.section	.debug_info,"",%progbits
 213              	.Ldebug_info0:
 214 0000 57030000 		.4byte	0x357
 215 0004 0500     		.2byte	0x5
 216 0006 01       		.byte	0x1
 217 0007 04       		.byte	0x4
 218 0008 00000000 		.4byte	.Ldebug_abbrev0
 219 000c 0C       		.uleb128 0xc
 220 000d B8000000 		.4byte	.LASF45
 221 0011 1D       		.byte	0x1d
 222 0012 91020000 		.4byte	.LASF46
 223 0016 57000000 		.4byte	.LASF47
 224 001a 27000000 		.4byte	.LLRL8
 225 001e 00000000 		.4byte	0
 226 0022 00000000 		.4byte	.Ldebug_line0
 227 0026 0D       		.uleb128 0xd
ARM GAS  C:\Users\DEVELO~1\AppData\Local\Temp\cccJhfKH.s 			page 5


 228 0027 04       		.byte	0x4
 229 0028 05       		.byte	0x5
 230 0029 696E7400 		.ascii	"int\000"
 231 002d 02       		.uleb128 0x2
 232 002e 04       		.byte	0x4
 233 002f 07       		.byte	0x7
 234 0030 5B020000 		.4byte	.LASF0
 235 0034 02       		.uleb128 0x2
 236 0035 08       		.byte	0x8
 237 0036 05       		.byte	0x5
 238 0037 F4020000 		.4byte	.LASF1
 239 003b 02       		.uleb128 0x2
 240 003c 08       		.byte	0x8
 241 003d 04       		.byte	0x4
 242 003e 4D030000 		.4byte	.LASF2
 243 0042 02       		.uleb128 0x2
 244 0043 01       		.byte	0x1
 245 0044 06       		.byte	0x6
 246 0045 59030000 		.4byte	.LASF3
 247 0049 02       		.uleb128 0x2
 248 004a 01       		.byte	0x1
 249 004b 08       		.byte	0x8
 250 004c 9D010000 		.4byte	.LASF4
 251 0050 02       		.uleb128 0x2
 252 0051 02       		.byte	0x2
 253 0052 05       		.byte	0x5
 254 0053 1D030000 		.4byte	.LASF5
 255 0057 02       		.uleb128 0x2
 256 0058 02       		.byte	0x2
 257 0059 07       		.byte	0x7
 258 005a E1010000 		.4byte	.LASF6
 259 005e 02       		.uleb128 0x2
 260 005f 04       		.byte	0x4
 261 0060 05       		.byte	0x5
 262 0061 44030000 		.4byte	.LASF7
 263 0065 03       		.uleb128 0x3
 264 0066 31020000 		.4byte	.LASF10
 265 006a 03       		.byte	0x3
 266 006b 4F       		.byte	0x4f
 267 006c 19       		.byte	0x19
 268 006d 71000000 		.4byte	0x71
 269 0071 02       		.uleb128 0x2
 270 0072 04       		.byte	0x4
 271 0073 07       		.byte	0x7
 272 0074 B7010000 		.4byte	.LASF8
 273 0078 02       		.uleb128 0x2
 274 0079 08       		.byte	0x8
 275 007a 07       		.byte	0x7
 276 007b 86010000 		.4byte	.LASF9
 277 007f 03       		.uleb128 0x3
 278 0080 3B030000 		.4byte	.LASF11
 279 0084 04       		.byte	0x4
 280 0085 30       		.byte	0x30
 281 0086 14       		.byte	0x14
 282 0087 65000000 		.4byte	0x65
 283 008b 06       		.uleb128 0x6
 284 008c 7F000000 		.4byte	0x7f
ARM GAS  C:\Users\DEVELO~1\AppData\Local\Temp\cccJhfKH.s 			page 6


 285 0090 03       		.uleb128 0x3
 286 0091 4A000000 		.4byte	.LASF12
 287 0095 05       		.byte	0x5
 288 0096 36       		.byte	0x36
 289 0097 1D       		.byte	0x1d
 290 0098 7F000000 		.4byte	0x7f
 291 009c 03       		.uleb128 0x3
 292 009d 89020000 		.4byte	.LASF13
 293 00a1 06       		.byte	0x6
 294 00a2 4D       		.byte	0x4d
 295 00a3 19       		.byte	0x19
 296 00a4 90000000 		.4byte	0x90
 297 00a8 02       		.uleb128 0x2
 298 00a9 01       		.byte	0x1
 299 00aa 08       		.byte	0x8
 300 00ab 12030000 		.4byte	.LASF14
 301 00af 0E       		.uleb128 0xe
 302 00b0 8B000000 		.4byte	0x8b
 303 00b4 BF000000 		.4byte	0xbf
 304 00b8 0F       		.uleb128 0xf
 305 00b9 2D000000 		.4byte	0x2d
 306 00bd 07       		.byte	0x7
 307 00be 00       		.byte	0
 308 00bf 06       		.uleb128 0x6
 309 00c0 AF000000 		.4byte	0xaf
 310 00c4 10       		.uleb128 0x10
 311 00c5 20       		.byte	0x20
 312 00c6 07       		.byte	0x7
 313 00c7 C603     		.2byte	0x3c6
 314 00c9 09       		.byte	0x9
 315 00ca DD000000 		.4byte	0xdd
 316 00ce 11       		.uleb128 0x11
 317 00cf 68020000 		.4byte	.LASF17
 318 00d3 07       		.byte	0x7
 319 00d4 C803     		.2byte	0x3c8
 320 00d6 11       		.byte	0x11
 321 00d7 BF000000 		.4byte	0xbf
 322 00db 00       		.byte	0
 323 00dc 00       		.byte	0
 324 00dd 12       		.uleb128 0x12
 325 00de 38000000 		.4byte	.LASF15
 326 00e2 07       		.byte	0x7
 327 00e3 C903     		.2byte	0x3c9
 328 00e5 03       		.byte	0x3
 329 00e6 C4000000 		.4byte	0xc4
 330 00ea 02       		.uleb128 0x2
 331 00eb 01       		.byte	0x1
 332 00ec 02       		.byte	0x2
 333 00ed 65030000 		.4byte	.LASF16
 334 00f1 07       		.uleb128 0x7
 335 00f2 1C       		.byte	0x1c
 336 00f3 08       		.byte	0x8
 337 00f4 AC       		.byte	0xac
 338 00f5 55010000 		.4byte	0x155
 339 00f9 01       		.uleb128 0x1
 340 00fa 1F020000 		.4byte	.LASF18
 341 00fe 08       		.byte	0x8
ARM GAS  C:\Users\DEVELO~1\AppData\Local\Temp\cccJhfKH.s 			page 7


 342 00ff AD       		.byte	0xad
 343 0100 11       		.byte	0x11
 344 0101 8B000000 		.4byte	0x8b
 345 0105 00       		.byte	0
 346 0106 01       		.uleb128 0x1
 347 0107 25020000 		.4byte	.LASF19
 348 010b 08       		.byte	0x8
 349 010c AE       		.byte	0xae
 350 010d 11       		.byte	0x11
 351 010e 8B000000 		.4byte	0x8b
 352 0112 04       		.byte	0x4
 353 0113 01       		.uleb128 0x1
 354 0114 AB010000 		.4byte	.LASF20
 355 0118 08       		.byte	0x8
 356 0119 AF       		.byte	0xaf
 357 011a 11       		.byte	0x11
 358 011b 8B000000 		.4byte	0x8b
 359 011f 08       		.byte	0x8
 360 0120 01       		.uleb128 0x1
 361 0121 B1010000 		.4byte	.LASF21
 362 0125 08       		.byte	0x8
 363 0126 B0       		.byte	0xb0
 364 0127 11       		.byte	0x11
 365 0128 8B000000 		.4byte	0x8b
 366 012c 0C       		.byte	0xc
 367 012d 01       		.uleb128 0x1
 368 012e 14000000 		.4byte	.LASF22
 369 0132 08       		.byte	0x8
 370 0133 B1       		.byte	0xb1
 371 0134 11       		.byte	0x11
 372 0135 8B000000 		.4byte	0x8b
 373 0139 10       		.byte	0x10
 374 013a 01       		.uleb128 0x1
 375 013b 41020000 		.4byte	.LASF23
 376 013f 08       		.byte	0x8
 377 0140 B2       		.byte	0xb2
 378 0141 11       		.byte	0x11
 379 0142 8B000000 		.4byte	0x8b
 380 0146 14       		.byte	0x14
 381 0147 01       		.uleb128 0x1
 382 0148 20000000 		.4byte	.LASF24
 383 014c 08       		.byte	0x8
 384 014d B3       		.byte	0xb3
 385 014e 11       		.byte	0x11
 386 014f 8B000000 		.4byte	0x8b
 387 0153 18       		.byte	0x18
 388 0154 00       		.byte	0
 389 0155 03       		.uleb128 0x3
 390 0156 25000000 		.4byte	.LASF25
 391 015a 08       		.byte	0x8
 392 015b B4       		.byte	0xb4
 393 015c 03       		.byte	0x3
 394 015d F1000000 		.4byte	0xf1
 395 0161 04       		.uleb128 0x4
 396 0162 55010000 		.4byte	0x155
 397 0166 13       		.uleb128 0x13
 398 0167 07       		.byte	0x7
ARM GAS  C:\Users\DEVELO~1\AppData\Local\Temp\cccJhfKH.s 			page 8


 399 0168 01       		.byte	0x1
 400 0169 49000000 		.4byte	0x49
 401 016d 09       		.byte	0x9
 402 016e A4       		.byte	0xa4
 403 016f 0E       		.byte	0xe
 404 0170 87010000 		.4byte	0x187
 405 0174 05       		.uleb128 0x5
 406 0175 79010000 		.4byte	.LASF26
 407 0179 00       		.byte	0
 408 017a 05       		.uleb128 0x5
 409 017b AD000000 		.4byte	.LASF27
 410 017f 01       		.byte	0x1
 411 0180 05       		.uleb128 0x5
 412 0181 F4010000 		.4byte	.LASF28
 413 0185 02       		.byte	0x2
 414 0186 00       		.byte	0
 415 0187 03       		.uleb128 0x3
 416 0188 47020000 		.4byte	.LASF29
 417 018c 09       		.byte	0x9
 418 018d A8       		.byte	0xa8
 419 018e 03       		.byte	0x3
 420 018f 66010000 		.4byte	0x166
 421 0193 03       		.uleb128 0x3
 422 0194 6D010000 		.4byte	.LASF30
 423 0198 09       		.byte	0x9
 424 0199 AD       		.byte	0xad
 425 019a 1C       		.byte	0x1c
 426 019b 9F010000 		.4byte	0x19f
 427 019f 14       		.uleb128 0x14
 428 01a0 6D010000 		.4byte	.LASF30
 429 01a4 08       		.byte	0x8
 430 01a5 09       		.byte	0x9
 431 01a6 D0       		.byte	0xd0
 432 01a7 08       		.byte	0x8
 433 01a8 C7010000 		.4byte	0x1c7
 434 01ac 01       		.uleb128 0x1
 435 01ad 1A000000 		.4byte	.LASF31
 436 01b1 09       		.byte	0x9
 437 01b2 D4       		.byte	0xd4
 438 01b3 1D       		.byte	0x1d
 439 01b4 87010000 		.4byte	0x187
 440 01b8 00       		.byte	0
 441 01b9 01       		.uleb128 0x1
 442 01ba 2B020000 		.4byte	.LASF32
 443 01be 09       		.byte	0x9
 444 01bf D8       		.byte	0xd8
 445 01c0 1E       		.byte	0x1e
 446 01c1 61010000 		.4byte	0x161
 447 01c5 04       		.byte	0x4
 448 01c6 00       		.byte	0
 449 01c7 07       		.uleb128 0x7
 450 01c8 10       		.byte	0x10
 451 01c9 09       		.byte	0x9
 452 01ca B3       		.byte	0xb3
 453 01cb 04020000 		.4byte	0x204
 454 01cf 01       		.uleb128 0x1
 455 01d0 00020000 		.4byte	.LASF33
ARM GAS  C:\Users\DEVELO~1\AppData\Local\Temp\cccJhfKH.s 			page 9


 456 01d4 09       		.byte	0x9
 457 01d5 B8       		.byte	0xb8
 458 01d6 11       		.byte	0x11
 459 01d7 7F000000 		.4byte	0x7f
 460 01db 00       		.byte	0
 461 01dc 01       		.uleb128 0x1
 462 01dd 3C020000 		.4byte	.LASF34
 463 01e1 09       		.byte	0x9
 464 01e2 BE       		.byte	0xbe
 465 01e3 11       		.byte	0x11
 466 01e4 7F000000 		.4byte	0x7f
 467 01e8 04       		.byte	0x4
 468 01e9 01       		.uleb128 0x1
 469 01ea 17030000 		.4byte	.LASF35
 470 01ee 09       		.byte	0x9
 471 01ef C4       		.byte	0xc4
 472 01f0 11       		.byte	0x11
 473 01f1 7F000000 		.4byte	0x7f
 474 01f5 08       		.byte	0x8
 475 01f6 01       		.uleb128 0x1
 476 01f7 83020000 		.4byte	.LASF36
 477 01fb 09       		.byte	0x9
 478 01fc CA       		.byte	0xca
 479 01fd 11       		.byte	0x11
 480 01fe 7F000000 		.4byte	0x7f
 481 0202 0C       		.byte	0xc
 482 0203 00       		.byte	0
 483 0204 03       		.uleb128 0x3
 484 0205 E8020000 		.4byte	.LASF37
 485 0209 09       		.byte	0x9
 486 020a CB       		.byte	0xcb
 487 020b 03       		.byte	0x3
 488 020c C7010000 		.4byte	0x1c7
 489 0210 15       		.uleb128 0x15
 490 0211 04020000 		.4byte	0x204
 491 0215 16       		.uleb128 0x16
 492 0216 17020000 		.4byte	.LASF38
 493 021a 09       		.byte	0x9
 494 021b E3       		.byte	0xe3
 495 021c 14       		.byte	0x14
 496 021d 93010000 		.4byte	0x193
 497 0221 17       		.uleb128 0x17
 498 0222 15020000 		.4byte	0x215
 499 0226 01       		.byte	0x1
 500 0227 3E       		.byte	0x3e
 501 0228 0D       		.byte	0xd
 502 0229 05       		.uleb128 0x5
 503 022a 03       		.byte	0x3
 504 022b 00000000 		.4byte	SDRAMD1
 505 022f 18       		.uleb128 0x18
 506 0230 05020000 		.4byte	.LASF48
 507 0234 0A       		.byte	0xa
 508 0235 5601     		.2byte	0x156
 509 0237 08       		.byte	0x8
 510 0238 42020000 		.4byte	0x242
 511 023c 19       		.uleb128 0x19
 512 023d 9C000000 		.4byte	0x9c
ARM GAS  C:\Users\DEVELO~1\AppData\Local\Temp\cccJhfKH.s 			page 10


 513 0241 00       		.byte	0
 514 0242 08       		.uleb128 0x8
 515 0243 74020000 		.4byte	.LASF40
 516 0247 AF       		.byte	0xaf
 517 0248 00000000 		.4byte	.LFB434
 518 024c 08000000 		.4byte	.LFE434-.LFB434
 519 0250 01       		.uleb128 0x1
 520 0251 9C       		.byte	0x9c
 521 0252 79020000 		.4byte	0x279
 522 0256 1A       		.uleb128 0x1a
 523 0257 54020000 		.4byte	.LASF42
 524 025b 01       		.byte	0x1
 525 025c AF       		.byte	0xaf
 526 025d 22       		.byte	0x22
 527 025e 79020000 		.4byte	0x279
 528 0262 01       		.uleb128 0x1
 529 0263 50       		.byte	0x50
 530 0264 1B       		.uleb128 0x1b
 531 0265 00000000 		.4byte	.LASF39
 532 0269 01       		.byte	0x1
 533 026a B0       		.byte	0xb0
 534 026b 0C       		.byte	0xc
 535 026c 7F000000 		.4byte	0x7f
 536 0270 10000000 		.4byte	.LLST7
 537 0274 0C000000 		.4byte	.LVUS7
 538 0278 00       		.byte	0
 539 0279 04       		.uleb128 0x4
 540 027a 93010000 		.4byte	0x193
 541 027e 08       		.uleb128 0x8
 542 027f 02030000 		.4byte	.LASF41
 543 0283 A1       		.byte	0xa1
 544 0284 00000000 		.4byte	.LFB433
 545 0288 64000000 		.4byte	.LFE433-.LFB433
 546 028c 01       		.uleb128 0x1
 547 028d 9C       		.byte	0x9c
 548 028e 17030000 		.4byte	0x317
 549 0292 09       		.uleb128 0x9
 550 0293 54020000 		.4byte	.LASF42
 551 0297 A1       		.byte	0xa1
 552 0298 23       		.byte	0x23
 553 0299 79020000 		.4byte	0x279
 554 029d 26000000 		.4byte	.LLST0
 555 02a1 22000000 		.4byte	.LVUS0
 556 02a5 09       		.uleb128 0x9
 557 02a6 0F000000 		.4byte	.LASF43
 558 02aa A1       		.byte	0xa1
 559 02ab 3E       		.byte	0x3e
 560 02ac 17030000 		.4byte	0x317
 561 02b0 3F000000 		.4byte	.LLST1
 562 02b4 39000000 		.4byte	.LVUS1
 563 02b8 0A       		.uleb128 0xa
 564 02b9 1C030000 		.4byte	0x31c
 565 02bd 24000000 		.4byte	.LBI8
 566 02c1 01       		.byte	.LVU20
 567 02c2 0C000000 		.4byte	.LLRL2
 568 02c6 AC       		.byte	0xac
 569 02c7 0B       		.uleb128 0xb
ARM GAS  C:\Users\DEVELO~1\AppData\Local\Temp\cccJhfKH.s 			page 11


 570 02c8 29030000 		.4byte	0x329
 571 02cc 5B000000 		.4byte	.LLST3
 572 02d0 57000000 		.4byte	.LVUS3
 573 02d4 1C       		.uleb128 0x1c
 574 02d5 0C000000 		.4byte	.LLRL2
 575 02d9 1D       		.uleb128 0x1d
 576 02da 35030000 		.4byte	0x335
 577 02de 72000000 		.4byte	.LLST4
 578 02e2 6E000000 		.4byte	.LVUS4
 579 02e6 0A       		.uleb128 0xa
 580 02e7 42030000 		.4byte	0x342
 581 02eb 28000000 		.4byte	.LBI10
 582 02ef 01       		.byte	.LVU26
 583 02f0 1B000000 		.4byte	.LLRL5
 584 02f4 71       		.byte	0x71
 585 02f5 0B       		.uleb128 0xb
 586 02f6 4C030000 		.4byte	0x34c
 587 02fa 86000000 		.4byte	.LLST6
 588 02fe 84000000 		.4byte	.LVUS6
 589 0302 1E       		.uleb128 0x1e
 590 0303 2C000000 		.4byte	.LVL5
 591 0307 2F020000 		.4byte	0x22f
 592 030b 1F       		.uleb128 0x1f
 593 030c 01       		.uleb128 0x1
 594 030d 50       		.byte	0x50
 595 030e 03       		.uleb128 0x3
 596 030f 0A       		.byte	0xa
 597 0310 204E     		.2byte	0x4e20
 598 0312 00       		.byte	0
 599 0313 00       		.byte	0
 600 0314 00       		.byte	0
 601 0315 00       		.byte	0
 602 0316 00       		.byte	0
 603 0317 04       		.uleb128 0x4
 604 0318 10020000 		.4byte	0x210
 605 031c 20       		.uleb128 0x20
 606 031d C9010000 		.4byte	.LASF49
 607 0321 01       		.byte	0x1
 608 0322 5F       		.byte	0x5f
 609 0323 0D       		.byte	0xd
 610 0324 01       		.byte	0x1
 611 0325 42030000 		.4byte	0x342
 612 0329 21       		.uleb128 0x21
 613 032a 0F000000 		.4byte	.LASF43
 614 032e 01       		.byte	0x1
 615 032f 5F       		.byte	0x5f
 616 0330 38       		.byte	0x38
 617 0331 17030000 		.4byte	0x317
 618 0335 22       		.uleb128 0x22
 619 0336 00000000 		.4byte	.LASF39
 620 033a 01       		.byte	0x1
 621 033b 61       		.byte	0x61
 622 033c 0C       		.byte	0xc
 623 033d 7F000000 		.4byte	0x7f
 624 0341 00       		.byte	0
 625 0342 23       		.uleb128 0x23
 626 0343 27030000 		.4byte	.LASF50
ARM GAS  C:\Users\DEVELO~1\AppData\Local\Temp\cccJhfKH.s 			page 12


 627 0347 02       		.byte	0x2
 628 0348 8D02     		.2byte	0x28d
 629 034a 14       		.byte	0x14
 630 034b 03       		.byte	0x3
 631 034c 24       		.uleb128 0x24
 632 034d 6D020000 		.4byte	.LASF44
 633 0351 02       		.byte	0x2
 634 0352 8D02     		.2byte	0x28d
 635 0354 30       		.byte	0x30
 636 0355 9C000000 		.4byte	0x9c
 637 0359 00       		.byte	0
 638 035a 00       		.byte	0
 639              		.section	.debug_abbrev,"",%progbits
 640              	.Ldebug_abbrev0:
 641 0000 01       		.uleb128 0x1
 642 0001 0D       		.uleb128 0xd
 643 0002 00       		.byte	0
 644 0003 03       		.uleb128 0x3
 645 0004 0E       		.uleb128 0xe
 646 0005 3A       		.uleb128 0x3a
 647 0006 0B       		.uleb128 0xb
 648 0007 3B       		.uleb128 0x3b
 649 0008 0B       		.uleb128 0xb
 650 0009 39       		.uleb128 0x39
 651 000a 0B       		.uleb128 0xb
 652 000b 49       		.uleb128 0x49
 653 000c 13       		.uleb128 0x13
 654 000d 38       		.uleb128 0x38
 655 000e 0B       		.uleb128 0xb
 656 000f 00       		.byte	0
 657 0010 00       		.byte	0
 658 0011 02       		.uleb128 0x2
 659 0012 24       		.uleb128 0x24
 660 0013 00       		.byte	0
 661 0014 0B       		.uleb128 0xb
 662 0015 0B       		.uleb128 0xb
 663 0016 3E       		.uleb128 0x3e
 664 0017 0B       		.uleb128 0xb
 665 0018 03       		.uleb128 0x3
 666 0019 0E       		.uleb128 0xe
 667 001a 00       		.byte	0
 668 001b 00       		.byte	0
 669 001c 03       		.uleb128 0x3
 670 001d 16       		.uleb128 0x16
 671 001e 00       		.byte	0
 672 001f 03       		.uleb128 0x3
 673 0020 0E       		.uleb128 0xe
 674 0021 3A       		.uleb128 0x3a
 675 0022 0B       		.uleb128 0xb
 676 0023 3B       		.uleb128 0x3b
 677 0024 0B       		.uleb128 0xb
 678 0025 39       		.uleb128 0x39
 679 0026 0B       		.uleb128 0xb
 680 0027 49       		.uleb128 0x49
 681 0028 13       		.uleb128 0x13
 682 0029 00       		.byte	0
 683 002a 00       		.byte	0
ARM GAS  C:\Users\DEVELO~1\AppData\Local\Temp\cccJhfKH.s 			page 13


 684 002b 04       		.uleb128 0x4
 685 002c 0F       		.uleb128 0xf
 686 002d 00       		.byte	0
 687 002e 0B       		.uleb128 0xb
 688 002f 21       		.uleb128 0x21
 689 0030 04       		.sleb128 4
 690 0031 49       		.uleb128 0x49
 691 0032 13       		.uleb128 0x13
 692 0033 00       		.byte	0
 693 0034 00       		.byte	0
 694 0035 05       		.uleb128 0x5
 695 0036 28       		.uleb128 0x28
 696 0037 00       		.byte	0
 697 0038 03       		.uleb128 0x3
 698 0039 0E       		.uleb128 0xe
 699 003a 1C       		.uleb128 0x1c
 700 003b 0B       		.uleb128 0xb
 701 003c 00       		.byte	0
 702 003d 00       		.byte	0
 703 003e 06       		.uleb128 0x6
 704 003f 35       		.uleb128 0x35
 705 0040 00       		.byte	0
 706 0041 49       		.uleb128 0x49
 707 0042 13       		.uleb128 0x13
 708 0043 00       		.byte	0
 709 0044 00       		.byte	0
 710 0045 07       		.uleb128 0x7
 711 0046 13       		.uleb128 0x13
 712 0047 01       		.byte	0x1
 713 0048 0B       		.uleb128 0xb
 714 0049 0B       		.uleb128 0xb
 715 004a 3A       		.uleb128 0x3a
 716 004b 0B       		.uleb128 0xb
 717 004c 3B       		.uleb128 0x3b
 718 004d 0B       		.uleb128 0xb
 719 004e 39       		.uleb128 0x39
 720 004f 21       		.uleb128 0x21
 721 0050 09       		.sleb128 9
 722 0051 01       		.uleb128 0x1
 723 0052 13       		.uleb128 0x13
 724 0053 00       		.byte	0
 725 0054 00       		.byte	0
 726 0055 08       		.uleb128 0x8
 727 0056 2E       		.uleb128 0x2e
 728 0057 01       		.byte	0x1
 729 0058 3F       		.uleb128 0x3f
 730 0059 19       		.uleb128 0x19
 731 005a 03       		.uleb128 0x3
 732 005b 0E       		.uleb128 0xe
 733 005c 3A       		.uleb128 0x3a
 734 005d 21       		.uleb128 0x21
 735 005e 01       		.sleb128 1
 736 005f 3B       		.uleb128 0x3b
 737 0060 0B       		.uleb128 0xb
 738 0061 39       		.uleb128 0x39
 739 0062 21       		.uleb128 0x21
 740 0063 06       		.sleb128 6
ARM GAS  C:\Users\DEVELO~1\AppData\Local\Temp\cccJhfKH.s 			page 14


 741 0064 27       		.uleb128 0x27
 742 0065 19       		.uleb128 0x19
 743 0066 11       		.uleb128 0x11
 744 0067 01       		.uleb128 0x1
 745 0068 12       		.uleb128 0x12
 746 0069 06       		.uleb128 0x6
 747 006a 40       		.uleb128 0x40
 748 006b 18       		.uleb128 0x18
 749 006c 7A       		.uleb128 0x7a
 750 006d 19       		.uleb128 0x19
 751 006e 01       		.uleb128 0x1
 752 006f 13       		.uleb128 0x13
 753 0070 00       		.byte	0
 754 0071 00       		.byte	0
 755 0072 09       		.uleb128 0x9
 756 0073 05       		.uleb128 0x5
 757 0074 00       		.byte	0
 758 0075 03       		.uleb128 0x3
 759 0076 0E       		.uleb128 0xe
 760 0077 3A       		.uleb128 0x3a
 761 0078 21       		.uleb128 0x21
 762 0079 01       		.sleb128 1
 763 007a 3B       		.uleb128 0x3b
 764 007b 0B       		.uleb128 0xb
 765 007c 39       		.uleb128 0x39
 766 007d 0B       		.uleb128 0xb
 767 007e 49       		.uleb128 0x49
 768 007f 13       		.uleb128 0x13
 769 0080 02       		.uleb128 0x2
 770 0081 17       		.uleb128 0x17
 771 0082 B742     		.uleb128 0x2137
 772 0084 17       		.uleb128 0x17
 773 0085 00       		.byte	0
 774 0086 00       		.byte	0
 775 0087 0A       		.uleb128 0xa
 776 0088 1D       		.uleb128 0x1d
 777 0089 01       		.byte	0x1
 778 008a 31       		.uleb128 0x31
 779 008b 13       		.uleb128 0x13
 780 008c 52       		.uleb128 0x52
 781 008d 01       		.uleb128 0x1
 782 008e B842     		.uleb128 0x2138
 783 0090 0B       		.uleb128 0xb
 784 0091 55       		.uleb128 0x55
 785 0092 17       		.uleb128 0x17
 786 0093 58       		.uleb128 0x58
 787 0094 21       		.uleb128 0x21
 788 0095 01       		.sleb128 1
 789 0096 59       		.uleb128 0x59
 790 0097 0B       		.uleb128 0xb
 791 0098 57       		.uleb128 0x57
 792 0099 21       		.uleb128 0x21
 793 009a 03       		.sleb128 3
 794 009b 00       		.byte	0
 795 009c 00       		.byte	0
 796 009d 0B       		.uleb128 0xb
 797 009e 05       		.uleb128 0x5
ARM GAS  C:\Users\DEVELO~1\AppData\Local\Temp\cccJhfKH.s 			page 15


 798 009f 00       		.byte	0
 799 00a0 31       		.uleb128 0x31
 800 00a1 13       		.uleb128 0x13
 801 00a2 02       		.uleb128 0x2
 802 00a3 17       		.uleb128 0x17
 803 00a4 B742     		.uleb128 0x2137
 804 00a6 17       		.uleb128 0x17
 805 00a7 00       		.byte	0
 806 00a8 00       		.byte	0
 807 00a9 0C       		.uleb128 0xc
 808 00aa 11       		.uleb128 0x11
 809 00ab 01       		.byte	0x1
 810 00ac 25       		.uleb128 0x25
 811 00ad 0E       		.uleb128 0xe
 812 00ae 13       		.uleb128 0x13
 813 00af 0B       		.uleb128 0xb
 814 00b0 03       		.uleb128 0x3
 815 00b1 0E       		.uleb128 0xe
 816 00b2 1B       		.uleb128 0x1b
 817 00b3 0E       		.uleb128 0xe
 818 00b4 55       		.uleb128 0x55
 819 00b5 17       		.uleb128 0x17
 820 00b6 11       		.uleb128 0x11
 821 00b7 01       		.uleb128 0x1
 822 00b8 10       		.uleb128 0x10
 823 00b9 17       		.uleb128 0x17
 824 00ba 00       		.byte	0
 825 00bb 00       		.byte	0
 826 00bc 0D       		.uleb128 0xd
 827 00bd 24       		.uleb128 0x24
 828 00be 00       		.byte	0
 829 00bf 0B       		.uleb128 0xb
 830 00c0 0B       		.uleb128 0xb
 831 00c1 3E       		.uleb128 0x3e
 832 00c2 0B       		.uleb128 0xb
 833 00c3 03       		.uleb128 0x3
 834 00c4 08       		.uleb128 0x8
 835 00c5 00       		.byte	0
 836 00c6 00       		.byte	0
 837 00c7 0E       		.uleb128 0xe
 838 00c8 01       		.uleb128 0x1
 839 00c9 01       		.byte	0x1
 840 00ca 49       		.uleb128 0x49
 841 00cb 13       		.uleb128 0x13
 842 00cc 01       		.uleb128 0x1
 843 00cd 13       		.uleb128 0x13
 844 00ce 00       		.byte	0
 845 00cf 00       		.byte	0
 846 00d0 0F       		.uleb128 0xf
 847 00d1 21       		.uleb128 0x21
 848 00d2 00       		.byte	0
 849 00d3 49       		.uleb128 0x49
 850 00d4 13       		.uleb128 0x13
 851 00d5 2F       		.uleb128 0x2f
 852 00d6 0B       		.uleb128 0xb
 853 00d7 00       		.byte	0
 854 00d8 00       		.byte	0
ARM GAS  C:\Users\DEVELO~1\AppData\Local\Temp\cccJhfKH.s 			page 16


 855 00d9 10       		.uleb128 0x10
 856 00da 13       		.uleb128 0x13
 857 00db 01       		.byte	0x1
 858 00dc 0B       		.uleb128 0xb
 859 00dd 0B       		.uleb128 0xb
 860 00de 3A       		.uleb128 0x3a
 861 00df 0B       		.uleb128 0xb
 862 00e0 3B       		.uleb128 0x3b
 863 00e1 05       		.uleb128 0x5
 864 00e2 39       		.uleb128 0x39
 865 00e3 0B       		.uleb128 0xb
 866 00e4 01       		.uleb128 0x1
 867 00e5 13       		.uleb128 0x13
 868 00e6 00       		.byte	0
 869 00e7 00       		.byte	0
 870 00e8 11       		.uleb128 0x11
 871 00e9 0D       		.uleb128 0xd
 872 00ea 00       		.byte	0
 873 00eb 03       		.uleb128 0x3
 874 00ec 0E       		.uleb128 0xe
 875 00ed 3A       		.uleb128 0x3a
 876 00ee 0B       		.uleb128 0xb
 877 00ef 3B       		.uleb128 0x3b
 878 00f0 05       		.uleb128 0x5
 879 00f1 39       		.uleb128 0x39
 880 00f2 0B       		.uleb128 0xb
 881 00f3 49       		.uleb128 0x49
 882 00f4 13       		.uleb128 0x13
 883 00f5 38       		.uleb128 0x38
 884 00f6 0B       		.uleb128 0xb
 885 00f7 00       		.byte	0
 886 00f8 00       		.byte	0
 887 00f9 12       		.uleb128 0x12
 888 00fa 16       		.uleb128 0x16
 889 00fb 00       		.byte	0
 890 00fc 03       		.uleb128 0x3
 891 00fd 0E       		.uleb128 0xe
 892 00fe 3A       		.uleb128 0x3a
 893 00ff 0B       		.uleb128 0xb
 894 0100 3B       		.uleb128 0x3b
 895 0101 05       		.uleb128 0x5
 896 0102 39       		.uleb128 0x39
 897 0103 0B       		.uleb128 0xb
 898 0104 49       		.uleb128 0x49
 899 0105 13       		.uleb128 0x13
 900 0106 00       		.byte	0
 901 0107 00       		.byte	0
 902 0108 13       		.uleb128 0x13
 903 0109 04       		.uleb128 0x4
 904 010a 01       		.byte	0x1
 905 010b 3E       		.uleb128 0x3e
 906 010c 0B       		.uleb128 0xb
 907 010d 0B       		.uleb128 0xb
 908 010e 0B       		.uleb128 0xb
 909 010f 49       		.uleb128 0x49
 910 0110 13       		.uleb128 0x13
 911 0111 3A       		.uleb128 0x3a
ARM GAS  C:\Users\DEVELO~1\AppData\Local\Temp\cccJhfKH.s 			page 17


 912 0112 0B       		.uleb128 0xb
 913 0113 3B       		.uleb128 0x3b
 914 0114 0B       		.uleb128 0xb
 915 0115 39       		.uleb128 0x39
 916 0116 0B       		.uleb128 0xb
 917 0117 01       		.uleb128 0x1
 918 0118 13       		.uleb128 0x13
 919 0119 00       		.byte	0
 920 011a 00       		.byte	0
 921 011b 14       		.uleb128 0x14
 922 011c 13       		.uleb128 0x13
 923 011d 01       		.byte	0x1
 924 011e 03       		.uleb128 0x3
 925 011f 0E       		.uleb128 0xe
 926 0120 0B       		.uleb128 0xb
 927 0121 0B       		.uleb128 0xb
 928 0122 3A       		.uleb128 0x3a
 929 0123 0B       		.uleb128 0xb
 930 0124 3B       		.uleb128 0x3b
 931 0125 0B       		.uleb128 0xb
 932 0126 39       		.uleb128 0x39
 933 0127 0B       		.uleb128 0xb
 934 0128 01       		.uleb128 0x1
 935 0129 13       		.uleb128 0x13
 936 012a 00       		.byte	0
 937 012b 00       		.byte	0
 938 012c 15       		.uleb128 0x15
 939 012d 26       		.uleb128 0x26
 940 012e 00       		.byte	0
 941 012f 49       		.uleb128 0x49
 942 0130 13       		.uleb128 0x13
 943 0131 00       		.byte	0
 944 0132 00       		.byte	0
 945 0133 16       		.uleb128 0x16
 946 0134 34       		.uleb128 0x34
 947 0135 00       		.byte	0
 948 0136 03       		.uleb128 0x3
 949 0137 0E       		.uleb128 0xe
 950 0138 3A       		.uleb128 0x3a
 951 0139 0B       		.uleb128 0xb
 952 013a 3B       		.uleb128 0x3b
 953 013b 0B       		.uleb128 0xb
 954 013c 39       		.uleb128 0x39
 955 013d 0B       		.uleb128 0xb
 956 013e 49       		.uleb128 0x49
 957 013f 13       		.uleb128 0x13
 958 0140 3F       		.uleb128 0x3f
 959 0141 19       		.uleb128 0x19
 960 0142 3C       		.uleb128 0x3c
 961 0143 19       		.uleb128 0x19
 962 0144 00       		.byte	0
 963 0145 00       		.byte	0
 964 0146 17       		.uleb128 0x17
 965 0147 34       		.uleb128 0x34
 966 0148 00       		.byte	0
 967 0149 47       		.uleb128 0x47
 968 014a 13       		.uleb128 0x13
ARM GAS  C:\Users\DEVELO~1\AppData\Local\Temp\cccJhfKH.s 			page 18


 969 014b 3A       		.uleb128 0x3a
 970 014c 0B       		.uleb128 0xb
 971 014d 3B       		.uleb128 0x3b
 972 014e 0B       		.uleb128 0xb
 973 014f 39       		.uleb128 0x39
 974 0150 0B       		.uleb128 0xb
 975 0151 02       		.uleb128 0x2
 976 0152 18       		.uleb128 0x18
 977 0153 00       		.byte	0
 978 0154 00       		.byte	0
 979 0155 18       		.uleb128 0x18
 980 0156 2E       		.uleb128 0x2e
 981 0157 01       		.byte	0x1
 982 0158 3F       		.uleb128 0x3f
 983 0159 19       		.uleb128 0x19
 984 015a 03       		.uleb128 0x3
 985 015b 0E       		.uleb128 0xe
 986 015c 3A       		.uleb128 0x3a
 987 015d 0B       		.uleb128 0xb
 988 015e 3B       		.uleb128 0x3b
 989 015f 05       		.uleb128 0x5
 990 0160 39       		.uleb128 0x39
 991 0161 0B       		.uleb128 0xb
 992 0162 27       		.uleb128 0x27
 993 0163 19       		.uleb128 0x19
 994 0164 3C       		.uleb128 0x3c
 995 0165 19       		.uleb128 0x19
 996 0166 01       		.uleb128 0x1
 997 0167 13       		.uleb128 0x13
 998 0168 00       		.byte	0
 999 0169 00       		.byte	0
 1000 016a 19       		.uleb128 0x19
 1001 016b 05       		.uleb128 0x5
 1002 016c 00       		.byte	0
 1003 016d 49       		.uleb128 0x49
 1004 016e 13       		.uleb128 0x13
 1005 016f 00       		.byte	0
 1006 0170 00       		.byte	0
 1007 0171 1A       		.uleb128 0x1a
 1008 0172 05       		.uleb128 0x5
 1009 0173 00       		.byte	0
 1010 0174 03       		.uleb128 0x3
 1011 0175 0E       		.uleb128 0xe
 1012 0176 3A       		.uleb128 0x3a
 1013 0177 0B       		.uleb128 0xb
 1014 0178 3B       		.uleb128 0x3b
 1015 0179 0B       		.uleb128 0xb
 1016 017a 39       		.uleb128 0x39
 1017 017b 0B       		.uleb128 0xb
 1018 017c 49       		.uleb128 0x49
 1019 017d 13       		.uleb128 0x13
 1020 017e 02       		.uleb128 0x2
 1021 017f 18       		.uleb128 0x18
 1022 0180 00       		.byte	0
 1023 0181 00       		.byte	0
 1024 0182 1B       		.uleb128 0x1b
 1025 0183 34       		.uleb128 0x34
ARM GAS  C:\Users\DEVELO~1\AppData\Local\Temp\cccJhfKH.s 			page 19


 1026 0184 00       		.byte	0
 1027 0185 03       		.uleb128 0x3
 1028 0186 0E       		.uleb128 0xe
 1029 0187 3A       		.uleb128 0x3a
 1030 0188 0B       		.uleb128 0xb
 1031 0189 3B       		.uleb128 0x3b
 1032 018a 0B       		.uleb128 0xb
 1033 018b 39       		.uleb128 0x39
 1034 018c 0B       		.uleb128 0xb
 1035 018d 49       		.uleb128 0x49
 1036 018e 13       		.uleb128 0x13
 1037 018f 02       		.uleb128 0x2
 1038 0190 17       		.uleb128 0x17
 1039 0191 B742     		.uleb128 0x2137
 1040 0193 17       		.uleb128 0x17
 1041 0194 00       		.byte	0
 1042 0195 00       		.byte	0
 1043 0196 1C       		.uleb128 0x1c
 1044 0197 0B       		.uleb128 0xb
 1045 0198 01       		.byte	0x1
 1046 0199 55       		.uleb128 0x55
 1047 019a 17       		.uleb128 0x17
 1048 019b 00       		.byte	0
 1049 019c 00       		.byte	0
 1050 019d 1D       		.uleb128 0x1d
 1051 019e 34       		.uleb128 0x34
 1052 019f 00       		.byte	0
 1053 01a0 31       		.uleb128 0x31
 1054 01a1 13       		.uleb128 0x13
 1055 01a2 02       		.uleb128 0x2
 1056 01a3 17       		.uleb128 0x17
 1057 01a4 B742     		.uleb128 0x2137
 1058 01a6 17       		.uleb128 0x17
 1059 01a7 00       		.byte	0
 1060 01a8 00       		.byte	0
 1061 01a9 1E       		.uleb128 0x1e
 1062 01aa 48       		.uleb128 0x48
 1063 01ab 01       		.byte	0x1
 1064 01ac 7D       		.uleb128 0x7d
 1065 01ad 01       		.uleb128 0x1
 1066 01ae 7F       		.uleb128 0x7f
 1067 01af 13       		.uleb128 0x13
 1068 01b0 00       		.byte	0
 1069 01b1 00       		.byte	0
 1070 01b2 1F       		.uleb128 0x1f
 1071 01b3 49       		.uleb128 0x49
 1072 01b4 00       		.byte	0
 1073 01b5 02       		.uleb128 0x2
 1074 01b6 18       		.uleb128 0x18
 1075 01b7 7E       		.uleb128 0x7e
 1076 01b8 18       		.uleb128 0x18
 1077 01b9 00       		.byte	0
 1078 01ba 00       		.byte	0
 1079 01bb 20       		.uleb128 0x20
 1080 01bc 2E       		.uleb128 0x2e
 1081 01bd 01       		.byte	0x1
 1082 01be 03       		.uleb128 0x3
ARM GAS  C:\Users\DEVELO~1\AppData\Local\Temp\cccJhfKH.s 			page 20


 1083 01bf 0E       		.uleb128 0xe
 1084 01c0 3A       		.uleb128 0x3a
 1085 01c1 0B       		.uleb128 0xb
 1086 01c2 3B       		.uleb128 0x3b
 1087 01c3 0B       		.uleb128 0xb
 1088 01c4 39       		.uleb128 0x39
 1089 01c5 0B       		.uleb128 0xb
 1090 01c6 27       		.uleb128 0x27
 1091 01c7 19       		.uleb128 0x19
 1092 01c8 20       		.uleb128 0x20
 1093 01c9 0B       		.uleb128 0xb
 1094 01ca 01       		.uleb128 0x1
 1095 01cb 13       		.uleb128 0x13
 1096 01cc 00       		.byte	0
 1097 01cd 00       		.byte	0
 1098 01ce 21       		.uleb128 0x21
 1099 01cf 05       		.uleb128 0x5
 1100 01d0 00       		.byte	0
 1101 01d1 03       		.uleb128 0x3
 1102 01d2 0E       		.uleb128 0xe
 1103 01d3 3A       		.uleb128 0x3a
 1104 01d4 0B       		.uleb128 0xb
 1105 01d5 3B       		.uleb128 0x3b
 1106 01d6 0B       		.uleb128 0xb
 1107 01d7 39       		.uleb128 0x39
 1108 01d8 0B       		.uleb128 0xb
 1109 01d9 49       		.uleb128 0x49
 1110 01da 13       		.uleb128 0x13
 1111 01db 00       		.byte	0
 1112 01dc 00       		.byte	0
 1113 01dd 22       		.uleb128 0x22
 1114 01de 34       		.uleb128 0x34
 1115 01df 00       		.byte	0
 1116 01e0 03       		.uleb128 0x3
 1117 01e1 0E       		.uleb128 0xe
 1118 01e2 3A       		.uleb128 0x3a
 1119 01e3 0B       		.uleb128 0xb
 1120 01e4 3B       		.uleb128 0x3b
 1121 01e5 0B       		.uleb128 0xb
 1122 01e6 39       		.uleb128 0x39
 1123 01e7 0B       		.uleb128 0xb
 1124 01e8 49       		.uleb128 0x49
 1125 01e9 13       		.uleb128 0x13
 1126 01ea 00       		.byte	0
 1127 01eb 00       		.byte	0
 1128 01ec 23       		.uleb128 0x23
 1129 01ed 2E       		.uleb128 0x2e
 1130 01ee 01       		.byte	0x1
 1131 01ef 03       		.uleb128 0x3
 1132 01f0 0E       		.uleb128 0xe
 1133 01f1 3A       		.uleb128 0x3a
 1134 01f2 0B       		.uleb128 0xb
 1135 01f3 3B       		.uleb128 0x3b
 1136 01f4 05       		.uleb128 0x5
 1137 01f5 39       		.uleb128 0x39
 1138 01f6 0B       		.uleb128 0xb
 1139 01f7 27       		.uleb128 0x27
ARM GAS  C:\Users\DEVELO~1\AppData\Local\Temp\cccJhfKH.s 			page 21


 1140 01f8 19       		.uleb128 0x19
 1141 01f9 20       		.uleb128 0x20
 1142 01fa 0B       		.uleb128 0xb
 1143 01fb 00       		.byte	0
 1144 01fc 00       		.byte	0
 1145 01fd 24       		.uleb128 0x24
 1146 01fe 05       		.uleb128 0x5
 1147 01ff 00       		.byte	0
 1148 0200 03       		.uleb128 0x3
 1149 0201 0E       		.uleb128 0xe
 1150 0202 3A       		.uleb128 0x3a
 1151 0203 0B       		.uleb128 0xb
 1152 0204 3B       		.uleb128 0x3b
 1153 0205 05       		.uleb128 0x5
 1154 0206 39       		.uleb128 0x39
 1155 0207 0B       		.uleb128 0xb
 1156 0208 49       		.uleb128 0x49
 1157 0209 13       		.uleb128 0x13
 1158 020a 00       		.byte	0
 1159 020b 00       		.byte	0
 1160 020c 00       		.byte	0
 1161              		.section	.debug_loclists,"",%progbits
 1162 0000 8E000000 		.4byte	.Ldebug_loc3-.Ldebug_loc2
 1163              	.Ldebug_loc2:
 1164 0004 0500     		.2byte	0x5
 1165 0006 04       		.byte	0x4
 1166 0007 00       		.byte	0
 1167 0008 00000000 		.4byte	0
 1168              	.Ldebug_loc0:
 1169              	.LVUS7:
 1170 000c 02       		.uleb128 .LVU54
 1171 000d 03       		.uleb128 .LVU55
 1172 000e 03       		.uleb128 .LVU55
 1173 000f 00       		.uleb128 0
 1174              	.LLST7:
 1175 0010 06       		.byte	0x6
 1176 0011 00000000 		.4byte	.LVL8
 1177 0015 04       		.byte	0x4
 1178 0016 00       		.uleb128 .LVL8-.LVL8
 1179 0017 00       		.uleb128 .LVL8-.LVL8
 1180 0018 02       		.uleb128 0x2
 1181 0019 30       		.byte	0x30
 1182 001a 9F       		.byte	0x9f
 1183 001b 04       		.byte	0x4
 1184 001c 00       		.uleb128 .LVL8-.LVL8
 1185 001d 08       		.uleb128 .LFE434-.LVL8
 1186 001e 02       		.uleb128 0x2
 1187 001f 40       		.byte	0x40
 1188 0020 9F       		.byte	0x9f
 1189 0021 00       		.byte	0
 1190              	.LVUS0:
 1191 0022 00       		.uleb128 0
 1192 0023 00       		.uleb128 .LVU6
 1193 0024 00       		.uleb128 .LVU6
 1194 0025 00       		.uleb128 0
 1195              	.LLST0:
 1196 0026 06       		.byte	0x6
ARM GAS  C:\Users\DEVELO~1\AppData\Local\Temp\cccJhfKH.s 			page 22


 1197 0027 00000000 		.4byte	.LVL0
 1198 002b 04       		.byte	0x4
 1199 002c 00       		.uleb128 .LVL0-.LVL0
 1200 002d 08       		.uleb128 .LVL1-.LVL0
 1201 002e 01       		.uleb128 0x1
 1202 002f 50       		.byte	0x50
 1203 0030 04       		.byte	0x4
 1204 0031 08       		.uleb128 .LVL1-.LVL0
 1205 0032 64       		.uleb128 .LFE433-.LVL0
 1206 0033 04       		.uleb128 0x4
 1207 0034 A3       		.byte	0xa3
 1208 0035 01       		.uleb128 0x1
 1209 0036 50       		.byte	0x50
 1210 0037 9F       		.byte	0x9f
 1211 0038 00       		.byte	0
 1212              	.LVUS1:
 1213 0039 00       		.uleb128 0
 1214 003a 00       		.uleb128 .LVU8
 1215 003b 00       		.uleb128 .LVU8
 1216 003c 00       		.uleb128 .LVU39
 1217 003d 00       		.uleb128 .LVU39
 1218 003e 00       		.uleb128 0
 1219              	.LLST1:
 1220 003f 06       		.byte	0x6
 1221 0040 00000000 		.4byte	.LVL0
 1222 0044 04       		.byte	0x4
 1223 0045 00       		.uleb128 .LVL0-.LVL0
 1224 0046 0C       		.uleb128 .LVL2-.LVL0
 1225 0047 01       		.uleb128 0x1
 1226 0048 51       		.byte	0x51
 1227 0049 04       		.byte	0x4
 1228 004a 0C       		.uleb128 .LVL2-.LVL0
 1229 004b 44       		.uleb128 .LVL6-.LVL0
 1230 004c 01       		.uleb128 0x1
 1231 004d 54       		.byte	0x54
 1232 004e 04       		.byte	0x4
 1233 004f 44       		.uleb128 .LVL6-.LVL0
 1234 0050 64       		.uleb128 .LFE433-.LVL0
 1235 0051 04       		.uleb128 0x4
 1236 0052 A3       		.byte	0xa3
 1237 0053 01       		.uleb128 0x1
 1238 0054 51       		.byte	0x51
 1239 0055 9F       		.byte	0x9f
 1240 0056 00       		.byte	0
 1241              	.LVUS3:
 1242 0057 01       		.uleb128 .LVU20
 1243 0058 00       		.uleb128 .LVU39
 1244 0059 00       		.uleb128 .LVU39
 1245 005a 00       		.uleb128 .LVU50
 1246              	.LLST3:
 1247 005b 06       		.byte	0x6
 1248 005c 24000000 		.4byte	.LVL3
 1249 0060 04       		.byte	0x4
 1250 0061 00       		.uleb128 .LVL3-.LVL3
 1251 0062 20       		.uleb128 .LVL6-.LVL3
 1252 0063 01       		.uleb128 0x1
 1253 0064 54       		.byte	0x54
ARM GAS  C:\Users\DEVELO~1\AppData\Local\Temp\cccJhfKH.s 			page 23


 1254 0065 04       		.byte	0x4
 1255 0066 20       		.uleb128 .LVL6-.LVL3
 1256 0067 30       		.uleb128 .LVL7-.LVL3
 1257 0068 04       		.uleb128 0x4
 1258 0069 A3       		.byte	0xa3
 1259 006a 01       		.uleb128 0x1
 1260 006b 51       		.byte	0x51
 1261 006c 9F       		.byte	0x9f
 1262 006d 00       		.byte	0
 1263              	.LVUS4:
 1264 006e 03       		.uleb128 .LVU22
 1265 006f 04       		.uleb128 .LVU23
 1266 0070 04       		.uleb128 .LVU23
 1267 0071 00       		.uleb128 0
 1268              	.LLST4:
 1269 0072 06       		.byte	0x6
 1270 0073 24000000 		.4byte	.LVL3
 1271 0077 04       		.byte	0x4
 1272 0078 00       		.uleb128 .LVL3-.LVL3
 1273 0079 00       		.uleb128 .LVL3-.LVL3
 1274 007a 02       		.uleb128 0x2
 1275 007b 30       		.byte	0x30
 1276 007c 9F       		.byte	0x9f
 1277 007d 04       		.byte	0x4
 1278 007e 00       		.uleb128 .LVL3-.LVL3
 1279 007f 40       		.uleb128 .LFE433-.LVL3
 1280 0080 02       		.uleb128 0x2
 1281 0081 40       		.byte	0x40
 1282 0082 9F       		.byte	0x9f
 1283 0083 00       		.byte	0
 1284              	.LVUS6:
 1285 0084 01       		.uleb128 .LVU26
 1286 0085 00       		.uleb128 .LVU28
 1287              	.LLST6:
 1288 0086 08       		.byte	0x8
 1289 0087 28000000 		.4byte	.LVL4
 1290 008b 04       		.uleb128 .LVL5-.LVL4
 1291 008c 04       		.uleb128 0x4
 1292 008d 0A       		.byte	0xa
 1293 008e 204E     		.2byte	0x4e20
 1294 0090 9F       		.byte	0x9f
 1295 0091 00       		.byte	0
 1296              	.Ldebug_loc3:
 1297              		.section	.debug_aranges,"",%progbits
 1298 0000 24000000 		.4byte	0x24
 1299 0004 0200     		.2byte	0x2
 1300 0006 00000000 		.4byte	.Ldebug_info0
 1301 000a 04       		.byte	0x4
 1302 000b 00       		.byte	0
 1303 000c 0000     		.2byte	0
 1304 000e 0000     		.2byte	0
 1305 0010 00000000 		.4byte	.LFB433
 1306 0014 64000000 		.4byte	.LFE433-.LFB433
 1307 0018 00000000 		.4byte	.LFB434
 1308 001c 08000000 		.4byte	.LFE434-.LFB434
 1309 0020 00000000 		.4byte	0
 1310 0024 00000000 		.4byte	0
ARM GAS  C:\Users\DEVELO~1\AppData\Local\Temp\cccJhfKH.s 			page 24


 1311              		.section	.debug_rnglists,"",%progbits
 1312              	.Ldebug_ranges0:
 1313 0000 30000000 		.4byte	.Ldebug_ranges3-.Ldebug_ranges2
 1314              	.Ldebug_ranges2:
 1315 0004 0500     		.2byte	0x5
 1316 0006 04       		.byte	0x4
 1317 0007 00       		.byte	0
 1318 0008 00000000 		.4byte	0
 1319              	.LLRL2:
 1320 000c 05       		.byte	0x5
 1321 000d 0C000000 		.4byte	.LBB8
 1322 0011 04       		.byte	0x4
 1323 0012 00       		.uleb128 .LBB8-.LBB8
 1324 0013 04       		.uleb128 .LBE8-.LBB8
 1325 0014 04       		.byte	0x4
 1326 0015 0A       		.uleb128 .LBB16-.LBB8
 1327 0016 0E       		.uleb128 .LBE16-.LBB8
 1328 0017 04       		.byte	0x4
 1329 0018 18       		.uleb128 .LBB17-.LBB8
 1330 0019 48       		.uleb128 .LBE17-.LBB8
 1331 001a 00       		.byte	0
 1332              	.LLRL5:
 1333 001b 05       		.byte	0x5
 1334 001c 16000000 		.4byte	.LBB10
 1335 0020 04       		.byte	0x4
 1336 0021 00       		.uleb128 .LBB10-.LBB10
 1337 0022 04       		.uleb128 .LBE10-.LBB10
 1338 0023 04       		.byte	0x4
 1339 0024 12       		.uleb128 .LBB13-.LBB10
 1340 0025 16       		.uleb128 .LBE13-.LBB10
 1341 0026 00       		.byte	0
 1342              	.LLRL8:
 1343 0027 07       		.byte	0x7
 1344 0028 00000000 		.4byte	.LFB433
 1345 002c 64       		.uleb128 .LFE433-.LFB433
 1346 002d 07       		.byte	0x7
 1347 002e 00000000 		.4byte	.LFB434
 1348 0032 08       		.uleb128 .LFE434-.LFB434
 1349 0033 00       		.byte	0
 1350              	.Ldebug_ranges3:
 1351              		.section	.debug_line,"",%progbits
 1352              	.Ldebug_line0:
 1353 0000 55030000 		.section	.debug_str,"MS",%progbits,1
 1353      03004802 
 1353      00000201 
 1353      FB0E0D00 
 1353      01010101 
 1354              	.LASF39:
 1355 0000 636F6D6D 		.ascii	"command_target\000"
 1355      616E645F 
 1355      74617267 
 1355      657400
 1356              	.LASF43:
 1357 000f 63666770 		.ascii	"cfgp\000"
 1357      00
 1358              	.LASF22:
 1359 0014 5344434D 		.ascii	"SDCMR\000"
ARM GAS  C:\Users\DEVELO~1\AppData\Local\Temp\cccJhfKH.s 			page 25


 1359      5200
 1360              	.LASF31:
 1361 001a 73746174 		.ascii	"state\000"
 1361      6500
 1362              	.LASF24:
 1363 0020 53445352 		.ascii	"SDSR\000"
 1363      00
 1364              	.LASF25:
 1365 0025 46534D43 		.ascii	"FSMC_SDRAM_TypeDef\000"
 1365      5F534452 
 1365      414D5F54 
 1365      79706544 
 1365      656600
 1366              	.LASF15:
 1367 0038 464D435F 		.ascii	"FMC_Bank1_TypeDef\000"
 1367      42616E6B 
 1367      315F5479 
 1367      70654465 
 1367      6600
 1368              	.LASF12:
 1369 004a 706F7274 		.ascii	"port_rtcnt_t\000"
 1369      5F727463 
 1369      6E745F74 
 1369      00
 1370              	.LASF47:
 1371 0057 433A5C50 		.ascii	"C:\\PROJET\\ChibiOS project\\ChibiOS_21.11.4\\demos"
 1371      524F4A45 
 1371      545C4368 
 1371      6962694F 
 1371      53207072 
 1372 0086 5C53544D 		.ascii	"\\STM32\\RT-STM32H743ZI_REV_XY-NUCLEO144\000"
 1372      33325C52 
 1372      542D5354 
 1372      4D333248 
 1372      3734335A 
 1373              	.LASF27:
 1374 00ad 53445241 		.ascii	"SDRAM_STOP\000"
 1374      4D5F5354 
 1374      4F5000
 1375              	.LASF45:
 1376 00b8 474E5520 		.ascii	"GNU C17 11.3.1 20220712 -mcpu=cortex-m7 -mthumb -mf"
 1376      43313720 
 1376      31312E33 
 1376      2E312032 
 1376      30323230 
 1377 00eb 6C6F6174 		.ascii	"loat-abi=soft -march=armv7e-m -ggdb -O2 -fomit-fram"
 1377      2D616269 
 1377      3D736F66 
 1377      74202D6D 
 1377      61726368 
 1378 011e 652D706F 		.ascii	"e-pointer -falign-functions=16 -ffunction-sections "
 1378      696E7465 
 1378      72202D66 
 1378      616C6967 
 1378      6E2D6675 
 1379 0151 2D666461 		.ascii	"-fdata-sections -fno-common\000"
 1379      74612D73 
ARM GAS  C:\Users\DEVELO~1\AppData\Local\Temp\cccJhfKH.s 			page 26


 1379      65637469 
 1379      6F6E7320 
 1379      2D666E6F 
 1380              	.LASF30:
 1381 016d 53445241 		.ascii	"SDRAMDriver\000"
 1381      4D447269 
 1381      76657200 
 1382              	.LASF26:
 1383 0179 53445241 		.ascii	"SDRAM_UNINIT\000"
 1383      4D5F554E 
 1383      494E4954 
 1383      00
 1384              	.LASF9:
 1385 0186 6C6F6E67 		.ascii	"long long unsigned int\000"
 1385      206C6F6E 
 1385      6720756E 
 1385      7369676E 
 1385      65642069 
 1386              	.LASF4:
 1387 019d 756E7369 		.ascii	"unsigned char\000"
 1387      676E6564 
 1387      20636861 
 1387      7200
 1388              	.LASF20:
 1389 01ab 53445452 		.ascii	"SDTR1\000"
 1389      3100
 1390              	.LASF21:
 1391 01b1 53445452 		.ascii	"SDTR2\000"
 1391      3200
 1392              	.LASF8:
 1393 01b7 6C6F6E67 		.ascii	"long unsigned int\000"
 1393      20756E73 
 1393      69676E65 
 1393      6420696E 
 1393      7400
 1394              	.LASF49:
 1395 01c9 73647261 		.ascii	"sdram_lld_init_sequence\000"
 1395      6D5F6C6C 
 1395      645F696E 
 1395      69745F73 
 1395      65717565 
 1396              	.LASF6:
 1397 01e1 73686F72 		.ascii	"short unsigned int\000"
 1397      7420756E 
 1397      7369676E 
 1397      65642069 
 1397      6E7400
 1398              	.LASF28:
 1399 01f4 53445241 		.ascii	"SDRAM_READY\000"
 1399      4D5F5245 
 1399      41445900 
 1400              	.LASF33:
 1401 0200 73646372 		.ascii	"sdcr\000"
 1401      00
 1402              	.LASF48:
 1403 0205 63685379 		.ascii	"chSysPolledDelayX\000"
 1403      73506F6C 
ARM GAS  C:\Users\DEVELO~1\AppData\Local\Temp\cccJhfKH.s 			page 27


 1403      6C656444 
 1403      656C6179 
 1403      5800
 1404              	.LASF38:
 1405 0217 53445241 		.ascii	"SDRAMD1\000"
 1405      4D443100 
 1406              	.LASF18:
 1407 021f 53444352 		.ascii	"SDCR1\000"
 1407      3100
 1408              	.LASF19:
 1409 0225 53444352 		.ascii	"SDCR2\000"
 1409      3200
 1410              	.LASF32:
 1411 022b 73647261 		.ascii	"sdram\000"
 1411      6D00
 1412              	.LASF10:
 1413 0231 5F5F7569 		.ascii	"__uint32_t\000"
 1413      6E743332 
 1413      5F7400
 1414              	.LASF34:
 1415 023c 73647472 		.ascii	"sdtr\000"
 1415      00
 1416              	.LASF23:
 1417 0241 53445254 		.ascii	"SDRTR\000"
 1417      5200
 1418              	.LASF29:
 1419 0247 73647261 		.ascii	"sdramstate_t\000"
 1419      6D737461 
 1419      74655F74 
 1419      00
 1420              	.LASF42:
 1421 0254 73647261 		.ascii	"sdramp\000"
 1421      6D7000
 1422              	.LASF0:
 1423 025b 756E7369 		.ascii	"unsigned int\000"
 1423      676E6564 
 1423      20696E74 
 1423      00
 1424              	.LASF17:
 1425 0268 42544352 		.ascii	"BTCR\000"
 1425      00
 1426              	.LASF44:
 1427 026d 6379636C 		.ascii	"cycles\000"
 1427      657300
 1428              	.LASF40:
 1429 0274 73647261 		.ascii	"sdram_lld_stop\000"
 1429      6D5F6C6C 
 1429      645F7374 
 1429      6F7000
 1430              	.LASF36:
 1431 0283 73647274 		.ascii	"sdrtr\000"
 1431      7200
 1432              	.LASF13:
 1433 0289 7274636E 		.ascii	"rtcnt_t\000"
 1433      745F7400 
 1434              	.LASF46:
 1435 0291 2E2E2F2E 		.ascii	"../../../ChibiOS-Contrib-chibios-21.11.x/os/hal/por"
ARM GAS  C:\Users\DEVELO~1\AppData\Local\Temp\cccJhfKH.s 			page 28


 1435      2E2F2E2E 
 1435      2F436869 
 1435      62694F53 
 1435      2D436F6E 
 1436 02c4 74732F53 		.ascii	"ts/STM32/LLD/FSMCv1/hal_sdram_lld.c\000"
 1436      544D3332 
 1436      2F4C4C44 
 1436      2F46534D 
 1436      4376312F 
 1437              	.LASF37:
 1438 02e8 53445241 		.ascii	"SDRAMConfig\000"
 1438      4D436F6E 
 1438      66696700 
 1439              	.LASF1:
 1440 02f4 6C6F6E67 		.ascii	"long long int\000"
 1440      206C6F6E 
 1440      6720696E 
 1440      7400
 1441              	.LASF41:
 1442 0302 73647261 		.ascii	"sdram_lld_start\000"
 1442      6D5F6C6C 
 1442      645F7374 
 1442      61727400 
 1443              	.LASF14:
 1444 0312 63686172 		.ascii	"char\000"
 1444      00
 1445              	.LASF35:
 1446 0317 7364636D 		.ascii	"sdcmr\000"
 1446      7200
 1447              	.LASF5:
 1448 031d 73686F72 		.ascii	"short int\000"
 1448      7420696E 
 1448      7400
 1449              	.LASF50:
 1450 0327 6F73616C 		.ascii	"osalSysPolledDelayX\000"
 1450      53797350 
 1450      6F6C6C65 
 1450      6444656C 
 1450      61795800 
 1451              	.LASF11:
 1452 033b 75696E74 		.ascii	"uint32_t\000"
 1452      33325F74 
 1452      00
 1453              	.LASF7:
 1454 0344 6C6F6E67 		.ascii	"long int\000"
 1454      20696E74 
 1454      00
 1455              	.LASF2:
 1456 034d 6C6F6E67 		.ascii	"long double\000"
 1456      20646F75 
 1456      626C6500 
 1457              	.LASF3:
 1458 0359 7369676E 		.ascii	"signed char\000"
 1458      65642063 
 1458      68617200 
 1459              	.LASF16:
 1460 0365 5F426F6F 		.ascii	"_Bool\000"
ARM GAS  C:\Users\DEVELO~1\AppData\Local\Temp\cccJhfKH.s 			page 29


 1460      6C00
 1461              		.ident	"GCC: (Arm GNU Toolchain 11.3.Rel1) 11.3.1 20220712"
ARM GAS  C:\Users\DEVELO~1\AppData\Local\Temp\cccJhfKH.s 			page 30


DEFINED SYMBOLS
                            *ABS*:00000000 hal_sdram_lld.c
C:\Users\DEVELO~1\AppData\Local\Temp\cccJhfKH.s:18     .text.sdram_lld_start:00000000 $t
C:\Users\DEVELO~1\AppData\Local\Temp\cccJhfKH.s:25     .text.sdram_lld_start:00000000 sdram_lld_start
C:\Users\DEVELO~1\AppData\Local\Temp\cccJhfKH.s:158    .text.sdram_lld_start:00000058 $d
C:\Users\DEVELO~1\AppData\Local\Temp\cccJhfKH.s:165    .text.sdram_lld_stop:00000000 $t
C:\Users\DEVELO~1\AppData\Local\Temp\cccJhfKH.s:172    .text.sdram_lld_stop:00000000 sdram_lld_stop
C:\Users\DEVELO~1\AppData\Local\Temp\cccJhfKH.s:200    .bss.SDRAMD1:00000000 SDRAMD1
C:\Users\DEVELO~1\AppData\Local\Temp\cccJhfKH.s:196    .bss.SDRAMD1:00000000 $d

UNDEFINED SYMBOLS
chSysPolledDelayX
