ARM GAS  C:\Users\DEVELO~1\AppData\Local\Temp\ccIiU2eb.s 			page 1


   1              		.cpu cortex-m7
   2              		.arch armv7e-m
   3              		.fpu softvfp
   4              		.eabi_attribute 20, 1
   5              		.eabi_attribute 21, 1
   6              		.eabi_attribute 23, 3
   7              		.eabi_attribute 24, 1
   8              		.eabi_attribute 25, 1
   9              		.eabi_attribute 26, 1
  10              		.eabi_attribute 30, 2
  11              		.eabi_attribute 34, 1
  12              		.eabi_attribute 18, 4
  13              		.file	"main.c"
  14              		.text
  15              	.Ltext0:
  16              		.cfi_sections	.debug_frame
  17              		.section	.text.startup.main,"ax",%progbits
  18              		.align	1
  19              		.p2align 4,,15
  20              		.global	main
  21              		.syntax unified
  22              		.thumb
  23              		.thumb_func
  24              		.type	main, %function
  25              	main:
  26              	.LFB432:
  27              		.file 1 "main.c"
  28              		.loc 1 4 16 view -0
  29              		.cfi_startproc
  30              		@ Volatile: function does not return.
  31              		@ args = 0, pretend = 0, frame = 0
  32              		@ frame_needed = 0, uses_anonymous_args = 0
  33              		.loc 1 6 3 view .LVU1
  34              		.loc 1 14 5 is_stmt 0 view .LVU2
  35 0000 8025     		movs	r5, #128
  36 0002 0B4C     		ldr	r4, .L5
  37              		.loc 1 4 16 view .LVU3
  38 0004 08B5     		push	{r3, lr}
  39              		.cfi_def_cfa_offset 8
  40              		.cfi_offset 3, -8
  41              		.cfi_offset 14, -4
  42              		.loc 1 6 3 view .LVU4
  43 0006 FFF7FEFF 		bl	halInit
  44              	.LVL0:
  45              		.loc 1 7 3 is_stmt 1 view .LVU5
  46              		.loc 1 14 5 is_stmt 0 view .LVU6
  47 000a 2E46     		mov	r6, r5	@ movhi
  48              		.loc 1 7 3 view .LVU7
  49 000c FFF7FEFF 		bl	chSysInit
  50              	.LVL1:
  51              		.loc 1 10 3 is_stmt 1 view .LVU8
  52 0010 0122     		movs	r2, #1
  53 0012 2946     		mov	r1, r5
  54 0014 2046     		mov	r0, r4
  55 0016 FFF7FEFF 		bl	_pal_lld_setgroupmode
  56              	.LVL2:
  57              	.L2:
ARM GAS  C:\Users\DEVELO~1\AppData\Local\Temp\ccIiU2eb.s 			page 2


  58              		.loc 1 12 3 discriminator 1 view .LVU9
  59              		.loc 1 14 5 discriminator 1 view .LVU10
  60              		.loc 1 15 5 is_stmt 0 discriminator 1 view .LVU11
  61 001a 42F21070 		movw	r0, #10000
  62              		.loc 1 14 5 discriminator 1 view .LVU12
  63 001e 6683     		strh	r6, [r4, #26]	@ movhi
  64              		.loc 1 15 5 is_stmt 1 discriminator 1 view .LVU13
  65 0020 FFF7FEFF 		bl	chThdSleep
  66              	.LVL3:
  67              		.loc 1 18 5 discriminator 1 view .LVU14
  68              		.loc 1 19 5 is_stmt 0 discriminator 1 view .LVU15
  69 0024 42F21070 		movw	r0, #10000
  70              		.loc 1 18 5 discriminator 1 view .LVU16
  71 0028 2583     		strh	r5, [r4, #24]	@ movhi
  72              		.loc 1 19 5 is_stmt 1 discriminator 1 view .LVU17
  73 002a FFF7FEFF 		bl	chThdSleep
  74              	.LVL4:
  75              		.loc 1 12 9 discriminator 1 view .LVU18
  76 002e F4E7     		b	.L2
  77              	.L6:
  78              		.align	2
  79              	.L5:
  80 0030 001C0258 		.word	1476533248
  81              		.cfi_endproc
  82              	.LFE432:
  83              		.size	main, .-main
  84              		.text
  85              	.Letext0:
  86              		.file 2 "c:\\chibistudio\\tools\\gnu tools arm embedded\\11.3 2022.08\\arm-none-eabi\\include\\mac
  87              		.file 3 "c:\\chibistudio\\tools\\gnu tools arm embedded\\11.3 2022.08\\arm-none-eabi\\include\\sys
  88              		.file 4 "../../../os/rt/include/chtime.h"
  89              		.file 5 "../../../os/hal/ports/STM32/LLD/GPIOv2/stm32_gpio.h"
  90              		.file 6 "../../../os/hal/ports/STM32/LLD/GPIOv2/hal_pal_lld.h"
  91              		.file 7 "../../../os/rt/include/chthreads.h"
  92              		.file 8 "../../../os/rt/include/chsys.h"
  93              		.file 9 "../../../os/hal/include/hal.h"
  94              		.section	.debug_info,"",%progbits
  95              	.Ldebug_info0:
  96 0000 85020000 		.4byte	0x285
  97 0004 0500     		.2byte	0x5
  98 0006 01       		.byte	0x1
  99 0007 04       		.byte	0x4
 100 0008 00000000 		.4byte	.Ldebug_abbrev0
 101 000c 0E       		.uleb128 0xe
 102 000d 59000000 		.4byte	.LASF37
 103 0011 1D       		.byte	0x1d
 104 0012 54020000 		.4byte	.LASF38
 105 0016 86010000 		.4byte	.LASF39
 106 001a 0C000000 		.4byte	.LLRL0
 107 001e 00000000 		.4byte	0
 108 0022 00000000 		.4byte	.Ldebug_line0
 109 0026 0F       		.uleb128 0xf
 110 0027 04       		.byte	0x4
 111 0028 05       		.byte	0x5
 112 0029 696E7400 		.ascii	"int\000"
 113 002d 01       		.uleb128 0x1
 114 002e 04       		.byte	0x4
ARM GAS  C:\Users\DEVELO~1\AppData\Local\Temp\ccIiU2eb.s 			page 3


 115 002f 07       		.byte	0x7
 116 0030 08020000 		.4byte	.LASF0
 117 0034 01       		.uleb128 0x1
 118 0035 08       		.byte	0x8
 119 0036 05       		.byte	0x5
 120 0037 46020000 		.4byte	.LASF1
 121 003b 01       		.uleb128 0x1
 122 003c 08       		.byte	0x8
 123 003d 04       		.byte	0x4
 124 003e 81020000 		.4byte	.LASF2
 125 0042 01       		.uleb128 0x1
 126 0043 01       		.byte	0x1
 127 0044 06       		.byte	0x6
 128 0045 8D020000 		.4byte	.LASF3
 129 0049 01       		.uleb128 0x1
 130 004a 01       		.byte	0x1
 131 004b 08       		.byte	0x8
 132 004c 34010000 		.4byte	.LASF4
 133 0050 01       		.uleb128 0x1
 134 0051 02       		.byte	0x2
 135 0052 05       		.byte	0x5
 136 0053 39000000 		.4byte	.LASF5
 137 0057 02       		.uleb128 0x2
 138 0058 DC010000 		.4byte	.LASF8
 139 005c 02       		.byte	0x2
 140 005d 39       		.byte	0x39
 141 005e 19       		.byte	0x19
 142 005f 63000000 		.4byte	0x63
 143 0063 01       		.uleb128 0x1
 144 0064 02       		.byte	0x2
 145 0065 07       		.byte	0x7
 146 0066 6E010000 		.4byte	.LASF6
 147 006a 01       		.uleb128 0x1
 148 006b 04       		.byte	0x4
 149 006c 05       		.byte	0x5
 150 006d 78020000 		.4byte	.LASF7
 151 0071 02       		.uleb128 0x2
 152 0072 E7010000 		.4byte	.LASF9
 153 0076 02       		.byte	0x2
 154 0077 4F       		.byte	0x4f
 155 0078 19       		.byte	0x19
 156 0079 7D000000 		.4byte	0x7d
 157 007d 01       		.uleb128 0x1
 158 007e 04       		.byte	0x4
 159 007f 07       		.byte	0x7
 160 0080 5C010000 		.4byte	.LASF10
 161 0084 02       		.uleb128 0x2
 162 0085 5B020000 		.4byte	.LASF11
 163 0089 02       		.byte	0x2
 164 008a 69       		.byte	0x69
 165 008b 19       		.byte	0x19
 166 008c 90000000 		.4byte	0x90
 167 0090 01       		.uleb128 0x1
 168 0091 08       		.byte	0x8
 169 0092 07       		.byte	0x7
 170 0093 1D010000 		.4byte	.LASF12
 171 0097 02       		.uleb128 0x2
ARM GAS  C:\Users\DEVELO~1\AppData\Local\Temp\ccIiU2eb.s 			page 4


 172 0098 66020000 		.4byte	.LASF13
 173 009c 03       		.byte	0x3
 174 009d 24       		.byte	0x24
 175 009e 14       		.byte	0x14
 176 009f 57000000 		.4byte	0x57
 177 00a3 02       		.uleb128 0x2
 178 00a4 6F020000 		.4byte	.LASF14
 179 00a8 03       		.byte	0x3
 180 00a9 30       		.byte	0x30
 181 00aa 14       		.byte	0x14
 182 00ab 71000000 		.4byte	0x71
 183 00af 07       		.uleb128 0x7
 184 00b0 A3000000 		.4byte	0xa3
 185 00b4 02       		.uleb128 0x2
 186 00b5 43000000 		.4byte	.LASF15
 187 00b9 03       		.byte	0x3
 188 00ba 3C       		.byte	0x3c
 189 00bb 14       		.byte	0x14
 190 00bc 84000000 		.4byte	0x84
 191 00c0 01       		.uleb128 0x1
 192 00c1 01       		.byte	0x1
 193 00c2 08       		.byte	0x8
 194 00c3 15020000 		.4byte	.LASF16
 195 00c7 02       		.uleb128 0x2
 196 00c8 1A020000 		.4byte	.LASF17
 197 00cc 04       		.byte	0x4
 198 00cd 79       		.byte	0x79
 199 00ce 12       		.byte	0x12
 200 00cf A3000000 		.4byte	0xa3
 201 00d3 02       		.uleb128 0x2
 202 00d4 2D000000 		.4byte	.LASF18
 203 00d8 04       		.byte	0x4
 204 00d9 9B       		.byte	0x9b
 205 00da 12       		.byte	0x12
 206 00db B4000000 		.4byte	0xb4
 207 00df 01       		.uleb128 0x1
 208 00e0 01       		.byte	0x1
 209 00e1 02       		.byte	0x2
 210 00e2 99020000 		.4byte	.LASF19
 211 00e6 08       		.uleb128 0x8
 212 00e7 04       		.byte	0x4
 213 00e8 5B       		.byte	0x5b
 214 00e9 05       		.byte	0x5
 215 00ea 06010000 		.4byte	0x106
 216 00ee 06       		.uleb128 0x6
 217 00ef 73657400 		.ascii	"set\000"
 218 00f3 5C       		.byte	0x5c
 219 00f4 97000000 		.4byte	0x97
 220 00f8 00       		.byte	0
 221 00f9 03       		.uleb128 0x3
 222 00fa 11000000 		.4byte	.LASF20
 223 00fe 5D       		.byte	0x5d
 224 00ff 19       		.byte	0x19
 225 0100 97000000 		.4byte	0x97
 226 0104 02       		.byte	0x2
 227 0105 00       		.byte	0
 228 0106 10       		.uleb128 0x10
ARM GAS  C:\Users\DEVELO~1\AppData\Local\Temp\ccIiU2eb.s 			page 5


 229 0107 04       		.byte	0x4
 230 0108 05       		.byte	0x5
 231 0109 59       		.byte	0x59
 232 010a 0C       		.byte	0xc
 233 010b 22010000 		.4byte	0x122
 234 010f 09       		.uleb128 0x9
 235 0110 5700     		.ascii	"W\000"
 236 0112 5A       		.byte	0x5a
 237 0113 19       		.byte	0x19
 238 0114 A3000000 		.4byte	0xa3
 239 0118 09       		.uleb128 0x9
 240 0119 4800     		.ascii	"H\000"
 241 011b 5E       		.byte	0x5e
 242 011c 07       		.byte	0x7
 243 011d E6000000 		.4byte	0xe6
 244 0121 00       		.byte	0
 245 0122 07       		.uleb128 0x7
 246 0123 06010000 		.4byte	0x106
 247 0127 08       		.uleb128 0x8
 248 0128 28       		.byte	0x28
 249 0129 51       		.byte	0x51
 250 012a 09       		.byte	0x9
 251 012b A6010000 		.4byte	0x1a6
 252 012f 03       		.uleb128 0x3
 253 0130 17000000 		.4byte	.LASF21
 254 0134 53       		.byte	0x53
 255 0135 19       		.byte	0x19
 256 0136 AF000000 		.4byte	0xaf
 257 013a 00       		.byte	0
 258 013b 03       		.uleb128 0x3
 259 013c 0E010000 		.4byte	.LASF22
 260 0140 54       		.byte	0x54
 261 0141 19       		.byte	0x19
 262 0142 AF000000 		.4byte	0xaf
 263 0146 04       		.byte	0x4
 264 0147 03       		.uleb128 0x3
 265 0148 00000000 		.4byte	.LASF23
 266 014c 55       		.byte	0x55
 267 014d 19       		.byte	0x19
 268 014e AF000000 		.4byte	0xaf
 269 0152 08       		.byte	0x8
 270 0153 03       		.uleb128 0x3
 271 0154 3B020000 		.4byte	.LASF24
 272 0158 56       		.byte	0x56
 273 0159 19       		.byte	0x19
 274 015a AF000000 		.4byte	0xaf
 275 015e 0C       		.byte	0xc
 276 015f 06       		.uleb128 0x6
 277 0160 49445200 		.ascii	"IDR\000"
 278 0164 57       		.byte	0x57
 279 0165 AF000000 		.4byte	0xaf
 280 0169 10       		.byte	0x10
 281 016a 06       		.uleb128 0x6
 282 016b 4F445200 		.ascii	"ODR\000"
 283 016f 58       		.byte	0x58
 284 0170 AF000000 		.4byte	0xaf
 285 0174 14       		.byte	0x14
ARM GAS  C:\Users\DEVELO~1\AppData\Local\Temp\ccIiU2eb.s 			page 6


 286 0175 03       		.uleb128 0x3
 287 0176 28000000 		.4byte	.LASF25
 288 017a 5F       		.byte	0x5f
 289 017b 05       		.byte	0x5
 290 017c 22010000 		.4byte	0x122
 291 0180 18       		.byte	0x18
 292 0181 03       		.uleb128 0x3
 293 0182 28020000 		.4byte	.LASF26
 294 0186 60       		.byte	0x60
 295 0187 19       		.byte	0x19
 296 0188 AF000000 		.4byte	0xaf
 297 018c 1C       		.byte	0x1c
 298 018d 03       		.uleb128 0x3
 299 018e 81010000 		.4byte	.LASF27
 300 0192 61       		.byte	0x61
 301 0193 19       		.byte	0x19
 302 0194 AF000000 		.4byte	0xaf
 303 0198 20       		.byte	0x20
 304 0199 03       		.uleb128 0x3
 305 019a 57010000 		.4byte	.LASF28
 306 019e 62       		.byte	0x62
 307 019f 19       		.byte	0x19
 308 01a0 AF000000 		.4byte	0xaf
 309 01a4 24       		.byte	0x24
 310 01a5 00       		.byte	0
 311 01a6 02       		.uleb128 0x2
 312 01a7 2E020000 		.4byte	.LASF29
 313 01ab 05       		.byte	0x5
 314 01ac 63       		.byte	0x63
 315 01ad 03       		.byte	0x3
 316 01ae 27010000 		.4byte	0x127
 317 01b2 02       		.uleb128 0x2
 318 01b3 4C000000 		.4byte	.LASF30
 319 01b7 06       		.byte	0x6
 320 01b8 C2       		.byte	0xc2
 321 01b9 12       		.byte	0x12
 322 01ba A3000000 		.4byte	0xa3
 323 01be 02       		.uleb128 0x2
 324 01bf 08000000 		.4byte	.LASF31
 325 01c3 06       		.byte	0x6
 326 01c4 C7       		.byte	0xc7
 327 01c5 12       		.byte	0x12
 328 01c6 A3000000 		.4byte	0xa3
 329 01ca 02       		.uleb128 0x2
 330 01cb 1D000000 		.4byte	.LASF32
 331 01cf 06       		.byte	0x6
 332 01d0 D9       		.byte	0xd9
 333 01d1 18       		.byte	0x18
 334 01d2 D6010000 		.4byte	0x1d6
 335 01d6 11       		.uleb128 0x11
 336 01d7 04       		.byte	0x4
 337 01d8 A6010000 		.4byte	0x1a6
 338 01dc 0A       		.uleb128 0xa
 339 01dd 42010000 		.4byte	.LASF33
 340 01e1 07       		.byte	0x7
 341 01e2 4201     		.2byte	0x142
 342 01e4 EE010000 		.4byte	0x1ee
ARM GAS  C:\Users\DEVELO~1\AppData\Local\Temp\ccIiU2eb.s 			page 7


 343 01e8 05       		.uleb128 0x5
 344 01e9 C7000000 		.4byte	0xc7
 345 01ed 00       		.byte	0
 346 01ee 0A       		.uleb128 0xa
 347 01ef F2010000 		.4byte	.LASF34
 348 01f3 06       		.byte	0x6
 349 01f4 F301     		.2byte	0x1f3
 350 01f6 0A020000 		.4byte	0x20a
 351 01fa 05       		.uleb128 0x5
 352 01fb CA010000 		.4byte	0x1ca
 353 01ff 05       		.uleb128 0x5
 354 0200 B2010000 		.4byte	0x1b2
 355 0204 05       		.uleb128 0x5
 356 0205 BE010000 		.4byte	0x1be
 357 0209 00       		.byte	0
 358 020a 0B       		.uleb128 0xb
 359 020b 4D010000 		.4byte	.LASF35
 360 020f 08       		.byte	0x8
 361 0210 4E01     		.2byte	0x14e
 362 0212 0B       		.uleb128 0xb
 363 0213 15010000 		.4byte	.LASF36
 364 0217 09       		.byte	0x9
 365 0218 0101     		.2byte	0x101
 366 021a 12       		.uleb128 0x12
 367 021b 41020000 		.4byte	.LASF40
 368 021f 01       		.byte	0x1
 369 0220 04       		.byte	0x4
 370 0221 05       		.byte	0x5
 371 0222 26000000 		.4byte	0x26
 372 0226 00000000 		.4byte	.LFB432
 373 022a 34000000 		.4byte	.LFE432-.LFB432
 374 022e 01       		.uleb128 0x1
 375 022f 9C       		.byte	0x9c
 376 0230 0C       		.uleb128 0xc
 377 0231 0A000000 		.4byte	.LVL0
 378 0235 12020000 		.4byte	0x212
 379 0239 0C       		.uleb128 0xc
 380 023a 10000000 		.4byte	.LVL1
 381 023e 0A020000 		.4byte	0x20a
 382 0242 0D       		.uleb128 0xd
 383 0243 1A000000 		.4byte	.LVL2
 384 0247 EE010000 		.4byte	0x1ee
 385 024b 61020000 		.4byte	0x261
 386 024f 04       		.uleb128 0x4
 387 0250 01       		.uleb128 0x1
 388 0251 50       		.byte	0x50
 389 0252 02       		.uleb128 0x2
 390 0253 74       		.byte	0x74
 391 0254 00       		.sleb128 0
 392 0255 04       		.uleb128 0x4
 393 0256 01       		.uleb128 0x1
 394 0257 51       		.byte	0x51
 395 0258 02       		.uleb128 0x2
 396 0259 75       		.byte	0x75
 397 025a 00       		.sleb128 0
 398 025b 04       		.uleb128 0x4
 399 025c 01       		.uleb128 0x1
ARM GAS  C:\Users\DEVELO~1\AppData\Local\Temp\ccIiU2eb.s 			page 8


 400 025d 52       		.byte	0x52
 401 025e 01       		.uleb128 0x1
 402 025f 31       		.byte	0x31
 403 0260 00       		.byte	0
 404 0261 0D       		.uleb128 0xd
 405 0262 24000000 		.4byte	.LVL3
 406 0266 DC010000 		.4byte	0x1dc
 407 026a 76020000 		.4byte	0x276
 408 026e 04       		.uleb128 0x4
 409 026f 01       		.uleb128 0x1
 410 0270 50       		.byte	0x50
 411 0271 03       		.uleb128 0x3
 412 0272 0A       		.byte	0xa
 413 0273 1027     		.2byte	0x2710
 414 0275 00       		.byte	0
 415 0276 13       		.uleb128 0x13
 416 0277 2E000000 		.4byte	.LVL4
 417 027b DC010000 		.4byte	0x1dc
 418 027f 04       		.uleb128 0x4
 419 0280 01       		.uleb128 0x1
 420 0281 50       		.byte	0x50
 421 0282 03       		.uleb128 0x3
 422 0283 0A       		.byte	0xa
 423 0284 1027     		.2byte	0x2710
 424 0286 00       		.byte	0
 425 0287 00       		.byte	0
 426 0288 00       		.byte	0
 427              		.section	.debug_abbrev,"",%progbits
 428              	.Ldebug_abbrev0:
 429 0000 01       		.uleb128 0x1
 430 0001 24       		.uleb128 0x24
 431 0002 00       		.byte	0
 432 0003 0B       		.uleb128 0xb
 433 0004 0B       		.uleb128 0xb
 434 0005 3E       		.uleb128 0x3e
 435 0006 0B       		.uleb128 0xb
 436 0007 03       		.uleb128 0x3
 437 0008 0E       		.uleb128 0xe
 438 0009 00       		.byte	0
 439 000a 00       		.byte	0
 440 000b 02       		.uleb128 0x2
 441 000c 16       		.uleb128 0x16
 442 000d 00       		.byte	0
 443 000e 03       		.uleb128 0x3
 444 000f 0E       		.uleb128 0xe
 445 0010 3A       		.uleb128 0x3a
 446 0011 0B       		.uleb128 0xb
 447 0012 3B       		.uleb128 0x3b
 448 0013 0B       		.uleb128 0xb
 449 0014 39       		.uleb128 0x39
 450 0015 0B       		.uleb128 0xb
 451 0016 49       		.uleb128 0x49
 452 0017 13       		.uleb128 0x13
 453 0018 00       		.byte	0
 454 0019 00       		.byte	0
 455 001a 03       		.uleb128 0x3
 456 001b 0D       		.uleb128 0xd
ARM GAS  C:\Users\DEVELO~1\AppData\Local\Temp\ccIiU2eb.s 			page 9


 457 001c 00       		.byte	0
 458 001d 03       		.uleb128 0x3
 459 001e 0E       		.uleb128 0xe
 460 001f 3A       		.uleb128 0x3a
 461 0020 21       		.uleb128 0x21
 462 0021 05       		.sleb128 5
 463 0022 3B       		.uleb128 0x3b
 464 0023 0B       		.uleb128 0xb
 465 0024 39       		.uleb128 0x39
 466 0025 0B       		.uleb128 0xb
 467 0026 49       		.uleb128 0x49
 468 0027 13       		.uleb128 0x13
 469 0028 38       		.uleb128 0x38
 470 0029 0B       		.uleb128 0xb
 471 002a 00       		.byte	0
 472 002b 00       		.byte	0
 473 002c 04       		.uleb128 0x4
 474 002d 49       		.uleb128 0x49
 475 002e 00       		.byte	0
 476 002f 02       		.uleb128 0x2
 477 0030 18       		.uleb128 0x18
 478 0031 7E       		.uleb128 0x7e
 479 0032 18       		.uleb128 0x18
 480 0033 00       		.byte	0
 481 0034 00       		.byte	0
 482 0035 05       		.uleb128 0x5
 483 0036 05       		.uleb128 0x5
 484 0037 00       		.byte	0
 485 0038 49       		.uleb128 0x49
 486 0039 13       		.uleb128 0x13
 487 003a 00       		.byte	0
 488 003b 00       		.byte	0
 489 003c 06       		.uleb128 0x6
 490 003d 0D       		.uleb128 0xd
 491 003e 00       		.byte	0
 492 003f 03       		.uleb128 0x3
 493 0040 08       		.uleb128 0x8
 494 0041 3A       		.uleb128 0x3a
 495 0042 21       		.uleb128 0x21
 496 0043 05       		.sleb128 5
 497 0044 3B       		.uleb128 0x3b
 498 0045 0B       		.uleb128 0xb
 499 0046 39       		.uleb128 0x39
 500 0047 21       		.uleb128 0x21
 501 0048 19       		.sleb128 25
 502 0049 49       		.uleb128 0x49
 503 004a 13       		.uleb128 0x13
 504 004b 38       		.uleb128 0x38
 505 004c 0B       		.uleb128 0xb
 506 004d 00       		.byte	0
 507 004e 00       		.byte	0
 508 004f 07       		.uleb128 0x7
 509 0050 35       		.uleb128 0x35
 510 0051 00       		.byte	0
 511 0052 49       		.uleb128 0x49
 512 0053 13       		.uleb128 0x13
 513 0054 00       		.byte	0
ARM GAS  C:\Users\DEVELO~1\AppData\Local\Temp\ccIiU2eb.s 			page 10


 514 0055 00       		.byte	0
 515 0056 08       		.uleb128 0x8
 516 0057 13       		.uleb128 0x13
 517 0058 01       		.byte	0x1
 518 0059 0B       		.uleb128 0xb
 519 005a 0B       		.uleb128 0xb
 520 005b 3A       		.uleb128 0x3a
 521 005c 21       		.uleb128 0x21
 522 005d 05       		.sleb128 5
 523 005e 3B       		.uleb128 0x3b
 524 005f 0B       		.uleb128 0xb
 525 0060 39       		.uleb128 0x39
 526 0061 0B       		.uleb128 0xb
 527 0062 01       		.uleb128 0x1
 528 0063 13       		.uleb128 0x13
 529 0064 00       		.byte	0
 530 0065 00       		.byte	0
 531 0066 09       		.uleb128 0x9
 532 0067 0D       		.uleb128 0xd
 533 0068 00       		.byte	0
 534 0069 03       		.uleb128 0x3
 535 006a 08       		.uleb128 0x8
 536 006b 3A       		.uleb128 0x3a
 537 006c 21       		.uleb128 0x21
 538 006d 05       		.sleb128 5
 539 006e 3B       		.uleb128 0x3b
 540 006f 0B       		.uleb128 0xb
 541 0070 39       		.uleb128 0x39
 542 0071 0B       		.uleb128 0xb
 543 0072 49       		.uleb128 0x49
 544 0073 13       		.uleb128 0x13
 545 0074 00       		.byte	0
 546 0075 00       		.byte	0
 547 0076 0A       		.uleb128 0xa
 548 0077 2E       		.uleb128 0x2e
 549 0078 01       		.byte	0x1
 550 0079 3F       		.uleb128 0x3f
 551 007a 19       		.uleb128 0x19
 552 007b 03       		.uleb128 0x3
 553 007c 0E       		.uleb128 0xe
 554 007d 3A       		.uleb128 0x3a
 555 007e 0B       		.uleb128 0xb
 556 007f 3B       		.uleb128 0x3b
 557 0080 05       		.uleb128 0x5
 558 0081 39       		.uleb128 0x39
 559 0082 21       		.uleb128 0x21
 560 0083 08       		.sleb128 8
 561 0084 27       		.uleb128 0x27
 562 0085 19       		.uleb128 0x19
 563 0086 3C       		.uleb128 0x3c
 564 0087 19       		.uleb128 0x19
 565 0088 01       		.uleb128 0x1
 566 0089 13       		.uleb128 0x13
 567 008a 00       		.byte	0
 568 008b 00       		.byte	0
 569 008c 0B       		.uleb128 0xb
 570 008d 2E       		.uleb128 0x2e
ARM GAS  C:\Users\DEVELO~1\AppData\Local\Temp\ccIiU2eb.s 			page 11


 571 008e 00       		.byte	0
 572 008f 3F       		.uleb128 0x3f
 573 0090 19       		.uleb128 0x19
 574 0091 03       		.uleb128 0x3
 575 0092 0E       		.uleb128 0xe
 576 0093 3A       		.uleb128 0x3a
 577 0094 0B       		.uleb128 0xb
 578 0095 3B       		.uleb128 0x3b
 579 0096 05       		.uleb128 0x5
 580 0097 39       		.uleb128 0x39
 581 0098 21       		.uleb128 0x21
 582 0099 08       		.sleb128 8
 583 009a 27       		.uleb128 0x27
 584 009b 19       		.uleb128 0x19
 585 009c 3C       		.uleb128 0x3c
 586 009d 19       		.uleb128 0x19
 587 009e 00       		.byte	0
 588 009f 00       		.byte	0
 589 00a0 0C       		.uleb128 0xc
 590 00a1 48       		.uleb128 0x48
 591 00a2 00       		.byte	0
 592 00a3 7D       		.uleb128 0x7d
 593 00a4 01       		.uleb128 0x1
 594 00a5 7F       		.uleb128 0x7f
 595 00a6 13       		.uleb128 0x13
 596 00a7 00       		.byte	0
 597 00a8 00       		.byte	0
 598 00a9 0D       		.uleb128 0xd
 599 00aa 48       		.uleb128 0x48
 600 00ab 01       		.byte	0x1
 601 00ac 7D       		.uleb128 0x7d
 602 00ad 01       		.uleb128 0x1
 603 00ae 7F       		.uleb128 0x7f
 604 00af 13       		.uleb128 0x13
 605 00b0 01       		.uleb128 0x1
 606 00b1 13       		.uleb128 0x13
 607 00b2 00       		.byte	0
 608 00b3 00       		.byte	0
 609 00b4 0E       		.uleb128 0xe
 610 00b5 11       		.uleb128 0x11
 611 00b6 01       		.byte	0x1
 612 00b7 25       		.uleb128 0x25
 613 00b8 0E       		.uleb128 0xe
 614 00b9 13       		.uleb128 0x13
 615 00ba 0B       		.uleb128 0xb
 616 00bb 03       		.uleb128 0x3
 617 00bc 0E       		.uleb128 0xe
 618 00bd 1B       		.uleb128 0x1b
 619 00be 0E       		.uleb128 0xe
 620 00bf 55       		.uleb128 0x55
 621 00c0 17       		.uleb128 0x17
 622 00c1 11       		.uleb128 0x11
 623 00c2 01       		.uleb128 0x1
 624 00c3 10       		.uleb128 0x10
 625 00c4 17       		.uleb128 0x17
 626 00c5 00       		.byte	0
 627 00c6 00       		.byte	0
ARM GAS  C:\Users\DEVELO~1\AppData\Local\Temp\ccIiU2eb.s 			page 12


 628 00c7 0F       		.uleb128 0xf
 629 00c8 24       		.uleb128 0x24
 630 00c9 00       		.byte	0
 631 00ca 0B       		.uleb128 0xb
 632 00cb 0B       		.uleb128 0xb
 633 00cc 3E       		.uleb128 0x3e
 634 00cd 0B       		.uleb128 0xb
 635 00ce 03       		.uleb128 0x3
 636 00cf 08       		.uleb128 0x8
 637 00d0 00       		.byte	0
 638 00d1 00       		.byte	0
 639 00d2 10       		.uleb128 0x10
 640 00d3 17       		.uleb128 0x17
 641 00d4 01       		.byte	0x1
 642 00d5 0B       		.uleb128 0xb
 643 00d6 0B       		.uleb128 0xb
 644 00d7 3A       		.uleb128 0x3a
 645 00d8 0B       		.uleb128 0xb
 646 00d9 3B       		.uleb128 0x3b
 647 00da 0B       		.uleb128 0xb
 648 00db 39       		.uleb128 0x39
 649 00dc 0B       		.uleb128 0xb
 650 00dd 01       		.uleb128 0x1
 651 00de 13       		.uleb128 0x13
 652 00df 00       		.byte	0
 653 00e0 00       		.byte	0
 654 00e1 11       		.uleb128 0x11
 655 00e2 0F       		.uleb128 0xf
 656 00e3 00       		.byte	0
 657 00e4 0B       		.uleb128 0xb
 658 00e5 0B       		.uleb128 0xb
 659 00e6 49       		.uleb128 0x49
 660 00e7 13       		.uleb128 0x13
 661 00e8 00       		.byte	0
 662 00e9 00       		.byte	0
 663 00ea 12       		.uleb128 0x12
 664 00eb 2E       		.uleb128 0x2e
 665 00ec 01       		.byte	0x1
 666 00ed 3F       		.uleb128 0x3f
 667 00ee 19       		.uleb128 0x19
 668 00ef 03       		.uleb128 0x3
 669 00f0 0E       		.uleb128 0xe
 670 00f1 3A       		.uleb128 0x3a
 671 00f2 0B       		.uleb128 0xb
 672 00f3 3B       		.uleb128 0x3b
 673 00f4 0B       		.uleb128 0xb
 674 00f5 39       		.uleb128 0x39
 675 00f6 0B       		.uleb128 0xb
 676 00f7 27       		.uleb128 0x27
 677 00f8 19       		.uleb128 0x19
 678 00f9 49       		.uleb128 0x49
 679 00fa 13       		.uleb128 0x13
 680 00fb 11       		.uleb128 0x11
 681 00fc 01       		.uleb128 0x1
 682 00fd 12       		.uleb128 0x12
 683 00fe 06       		.uleb128 0x6
 684 00ff 40       		.uleb128 0x40
ARM GAS  C:\Users\DEVELO~1\AppData\Local\Temp\ccIiU2eb.s 			page 13


 685 0100 18       		.uleb128 0x18
 686 0101 7A       		.uleb128 0x7a
 687 0102 19       		.uleb128 0x19
 688 0103 00       		.byte	0
 689 0104 00       		.byte	0
 690 0105 13       		.uleb128 0x13
 691 0106 48       		.uleb128 0x48
 692 0107 01       		.byte	0x1
 693 0108 7D       		.uleb128 0x7d
 694 0109 01       		.uleb128 0x1
 695 010a 7F       		.uleb128 0x7f
 696 010b 13       		.uleb128 0x13
 697 010c 00       		.byte	0
 698 010d 00       		.byte	0
 699 010e 00       		.byte	0
 700              		.section	.debug_aranges,"",%progbits
 701 0000 1C000000 		.4byte	0x1c
 702 0004 0200     		.2byte	0x2
 703 0006 00000000 		.4byte	.Ldebug_info0
 704 000a 04       		.byte	0x4
 705 000b 00       		.byte	0
 706 000c 0000     		.2byte	0
 707 000e 0000     		.2byte	0
 708 0010 00000000 		.4byte	.LFB432
 709 0014 34000000 		.4byte	.LFE432-.LFB432
 710 0018 00000000 		.4byte	0
 711 001c 00000000 		.4byte	0
 712              		.section	.debug_rnglists,"",%progbits
 713              	.Ldebug_ranges0:
 714 0000 0F000000 		.4byte	.Ldebug_ranges3-.Ldebug_ranges2
 715              	.Ldebug_ranges2:
 716 0004 0500     		.2byte	0x5
 717 0006 04       		.byte	0x4
 718 0007 00       		.byte	0
 719 0008 00000000 		.4byte	0
 720              	.LLRL0:
 721 000c 07       		.byte	0x7
 722 000d 00000000 		.4byte	.LFB432
 723 0011 34       		.uleb128 .LFE432-.LFB432
 724 0012 00       		.byte	0
 725              	.Ldebug_ranges3:
 726              		.section	.debug_line,"",%progbits
 727              	.Ldebug_line0:
 728 0000 FB010000 		.section	.debug_str,"MS",%progbits,1
 728      03008E01 
 728      00000201 
 728      FB0E0D00 
 728      01010101 
 729              	.LASF23:
 730 0000 4F535045 		.ascii	"OSPEEDR\000"
 730      45445200 
 731              	.LASF31:
 732 0008 696F6D6F 		.ascii	"iomode_t\000"
 732      64655F74 
 732      00
 733              	.LASF20:
 734 0011 636C6561 		.ascii	"clear\000"
ARM GAS  C:\Users\DEVELO~1\AppData\Local\Temp\ccIiU2eb.s 			page 14


 734      7200
 735              	.LASF21:
 736 0017 4D4F4445 		.ascii	"MODER\000"
 736      5200
 737              	.LASF32:
 738 001d 696F706F 		.ascii	"ioportid_t\000"
 738      72746964 
 738      5F7400
 739              	.LASF25:
 740 0028 42535252 		.ascii	"BSRR\000"
 740      00
 741              	.LASF18:
 742 002d 74696D65 		.ascii	"time_conv_t\000"
 742      5F636F6E 
 742      765F7400 
 743              	.LASF5:
 744 0039 73686F72 		.ascii	"short int\000"
 744      7420696E 
 744      7400
 745              	.LASF15:
 746 0043 75696E74 		.ascii	"uint64_t\000"
 746      36345F74 
 746      00
 747              	.LASF30:
 748 004c 696F706F 		.ascii	"ioportmask_t\000"
 748      72746D61 
 748      736B5F74 
 748      00
 749              	.LASF37:
 750 0059 474E5520 		.ascii	"GNU C17 11.3.1 20220712 -mcpu=cortex-m7 -mthumb -mf"
 750      43313720 
 750      31312E33 
 750      2E312032 
 750      30323230 
 751 008c 6C6F6174 		.ascii	"loat-abi=soft -march=armv7e-m -ggdb -O2 -fomit-fram"
 751      2D616269 
 751      3D736F66 
 751      74202D6D 
 751      61726368 
 752 00bf 652D706F 		.ascii	"e-pointer -falign-functions=16 -ffunction-sections "
 752      696E7465 
 752      72202D66 
 752      616C6967 
 752      6E2D6675 
 753 00f2 2D666461 		.ascii	"-fdata-sections -fno-common\000"
 753      74612D73 
 753      65637469 
 753      6F6E7320 
 753      2D666E6F 
 754              	.LASF22:
 755 010e 4F545950 		.ascii	"OTYPER\000"
 755      455200
 756              	.LASF36:
 757 0115 68616C49 		.ascii	"halInit\000"
 757      6E697400 
 758              	.LASF12:
 759 011d 6C6F6E67 		.ascii	"long long unsigned int\000"
ARM GAS  C:\Users\DEVELO~1\AppData\Local\Temp\ccIiU2eb.s 			page 15


 759      206C6F6E 
 759      6720756E 
 759      7369676E 
 759      65642069 
 760              	.LASF4:
 761 0134 756E7369 		.ascii	"unsigned char\000"
 761      676E6564 
 761      20636861 
 761      7200
 762              	.LASF33:
 763 0142 63685468 		.ascii	"chThdSleep\000"
 763      64536C65 
 763      657000
 764              	.LASF35:
 765 014d 63685379 		.ascii	"chSysInit\000"
 765      73496E69 
 765      7400
 766              	.LASF28:
 767 0157 41465248 		.ascii	"AFRH\000"
 767      00
 768              	.LASF10:
 769 015c 6C6F6E67 		.ascii	"long unsigned int\000"
 769      20756E73 
 769      69676E65 
 769      6420696E 
 769      7400
 770              	.LASF6:
 771 016e 73686F72 		.ascii	"short unsigned int\000"
 771      7420756E 
 771      7369676E 
 771      65642069 
 771      6E7400
 772              	.LASF27:
 773 0181 4146524C 		.ascii	"AFRL\000"
 773      00
 774              	.LASF39:
 775 0186 433A5C50 		.ascii	"C:\\PROJET\\ChibiOS project\\ChibiOS_21.11.4\\demos"
 775      524F4A45 
 775      545C4368 
 775      6962694F 
 775      53207072 
 776 01b5 5C53544D 		.ascii	"\\STM32\\RT-STM32H743ZI_REV_XY-NUCLEO144\000"
 776      33325C52 
 776      542D5354 
 776      4D333248 
 776      3734335A 
 777              	.LASF8:
 778 01dc 5F5F7569 		.ascii	"__uint16_t\000"
 778      6E743136 
 778      5F7400
 779              	.LASF9:
 780 01e7 5F5F7569 		.ascii	"__uint32_t\000"
 780      6E743332 
 780      5F7400
 781              	.LASF34:
 782 01f2 5F70616C 		.ascii	"_pal_lld_setgroupmode\000"
 782      5F6C6C64 
ARM GAS  C:\Users\DEVELO~1\AppData\Local\Temp\ccIiU2eb.s 			page 16


 782      5F736574 
 782      67726F75 
 782      706D6F64 
 783              	.LASF0:
 784 0208 756E7369 		.ascii	"unsigned int\000"
 784      676E6564 
 784      20696E74 
 784      00
 785              	.LASF16:
 786 0215 63686172 		.ascii	"char\000"
 786      00
 787              	.LASF17:
 788 021a 73797369 		.ascii	"sysinterval_t\000"
 788      6E746572 
 788      76616C5F 
 788      7400
 789              	.LASF26:
 790 0228 4C4F434B 		.ascii	"LOCKR\000"
 790      5200
 791              	.LASF29:
 792 022e 73746D33 		.ascii	"stm32_gpio_t\000"
 792      325F6770 
 792      696F5F74 
 792      00
 793              	.LASF24:
 794 023b 50555044 		.ascii	"PUPDR\000"
 794      5200
 795              	.LASF40:
 796 0241 6D61696E 		.ascii	"main\000"
 796      00
 797              	.LASF1:
 798 0246 6C6F6E67 		.ascii	"long long int\000"
 798      206C6F6E 
 798      6720696E 
 798      7400
 799              	.LASF38:
 800 0254 6D61696E 		.ascii	"main.c\000"
 800      2E6300
 801              	.LASF11:
 802 025b 5F5F7569 		.ascii	"__uint64_t\000"
 802      6E743634 
 802      5F7400
 803              	.LASF13:
 804 0266 75696E74 		.ascii	"uint16_t\000"
 804      31365F74 
 804      00
 805              	.LASF14:
 806 026f 75696E74 		.ascii	"uint32_t\000"
 806      33325F74 
 806      00
 807              	.LASF7:
 808 0278 6C6F6E67 		.ascii	"long int\000"
 808      20696E74 
 808      00
 809              	.LASF2:
 810 0281 6C6F6E67 		.ascii	"long double\000"
 810      20646F75 
ARM GAS  C:\Users\DEVELO~1\AppData\Local\Temp\ccIiU2eb.s 			page 17


 810      626C6500 
 811              	.LASF3:
 812 028d 7369676E 		.ascii	"signed char\000"
 812      65642063 
 812      68617200 
 813              	.LASF19:
 814 0299 5F426F6F 		.ascii	"_Bool\000"
 814      6C00
 815              		.ident	"GCC: (Arm GNU Toolchain 11.3.Rel1) 11.3.1 20220712"
ARM GAS  C:\Users\DEVELO~1\AppData\Local\Temp\ccIiU2eb.s 			page 18


DEFINED SYMBOLS
                            *ABS*:00000000 main.c
C:\Users\DEVELO~1\AppData\Local\Temp\ccIiU2eb.s:18     .text.startup.main:00000000 $t
C:\Users\DEVELO~1\AppData\Local\Temp\ccIiU2eb.s:25     .text.startup.main:00000000 main
C:\Users\DEVELO~1\AppData\Local\Temp\ccIiU2eb.s:80     .text.startup.main:00000030 $d

UNDEFINED SYMBOLS
halInit
chSysInit
_pal_lld_setgroupmode
chThdSleep
