ARM GAS  C:\Users\DEVELO~1\AppData\Local\Temp\cc2PEIL3.s 			page 1


   1              		.cpu cortex-m7
   2              		.arch armv7e-m
   3              		.fpu softvfp
   4              		.eabi_attribute 20, 1
   5              		.eabi_attribute 21, 1
   6              		.eabi_attribute 23, 3
   7              		.eabi_attribute 24, 1
   8              		.eabi_attribute 25, 1
   9              		.eabi_attribute 26, 1
  10              		.eabi_attribute 30, 2
  11              		.eabi_attribute 34, 1
  12              		.eabi_attribute 18, 4
  13              		.file	"memstreams.c"
  14              		.text
  15              	.Ltext0:
  16              		.cfi_sections	.debug_frame
  17              		.section	.text._put,"ax",%progbits
  18              		.align	1
  19              		.p2align 4,,15
  20              		.syntax unified
  21              		.thumb
  22              		.thumb_func
  23              		.type	_put, %function
  24              	_put:
  25              	.LVL0:
  26              	.LFB434:
  27              		.file 1 "../../../os/hal/lib/streams/memstreams.c"
  28              		.loc 1 67 40 view -0
  29              		.cfi_startproc
  30              		@ args = 0, pretend = 0, frame = 0
  31              		@ frame_needed = 0, uses_anonymous_args = 0
  32              		@ link register save eliminated.
  33              		.loc 1 68 3 view .LVU1
  34              		.loc 1 67 40 is_stmt 0 view .LVU2
  35 0000 0346     		mov	r3, r0
  36              	.LVL1:
  37              		.loc 1 70 3 is_stmt 1 view .LVU3
  38              		.loc 1 70 6 is_stmt 0 view .LVU4
  39 0002 D0E90202 		ldrd	r0, r2, [r0, #8]
  40              	.LVL2:
  41              		.loc 1 70 6 view .LVU5
  42 0006 9042     		cmp	r0, r2
  43 0008 08D0     		beq	.L3
  44              		.loc 1 72 3 is_stmt 1 view .LVU6
  45              		.loc 1 72 29 is_stmt 0 view .LVU7
  46 000a D3F804C0 		ldr	ip, [r3, #4]
  47              		.loc 1 74 10 view .LVU8
  48 000e 0020     		movs	r0, #0
  49              		.loc 1 72 29 view .LVU9
  50 0010 0CF80210 		strb	r1, [ip, r2]
  51              		.loc 1 73 3 is_stmt 1 view .LVU10
  52              		.loc 1 73 12 is_stmt 0 view .LVU11
  53 0014 DA68     		ldr	r2, [r3, #12]
  54 0016 0132     		adds	r2, r2, #1
  55 0018 DA60     		str	r2, [r3, #12]
  56              		.loc 1 74 3 is_stmt 1 view .LVU12
  57              		.loc 1 74 10 is_stmt 0 view .LVU13
ARM GAS  C:\Users\DEVELO~1\AppData\Local\Temp\cc2PEIL3.s 			page 2


  58 001a 7047     		bx	lr
  59              	.L3:
  60              		.loc 1 71 12 view .LVU14
  61 001c 6FF00100 		mvn	r0, #1
  62              		.loc 1 75 1 view .LVU15
  63 0020 7047     		bx	lr
  64              		.cfi_endproc
  65              	.LFE434:
  66              		.size	_put, .-_put
  67 0022 00BF     		.section	.text._get,"ax",%progbits
  68              		.align	1
  69              		.p2align 4,,15
  70              		.syntax unified
  71              		.thumb
  72              		.thumb_func
  73              		.type	_get, %function
  74              	_get:
  75              	.LVL3:
  76              	.LFB435:
  77              		.loc 1 77 29 is_stmt 1 view -0
  78              		.cfi_startproc
  79              		@ args = 0, pretend = 0, frame = 0
  80              		@ frame_needed = 0, uses_anonymous_args = 0
  81              		@ link register save eliminated.
  82              		.loc 1 78 3 view .LVU17
  83              		.loc 1 79 3 view .LVU18
  84              		.loc 1 81 6 is_stmt 0 view .LVU19
  85 0000 D0E90312 		ldrd	r1, r2, [r0, #12]
  86              		.loc 1 77 29 view .LVU20
  87 0004 0346     		mov	r3, r0
  88              	.LVL4:
  89              		.loc 1 81 3 is_stmt 1 view .LVU21
  90              		.loc 1 81 6 is_stmt 0 view .LVU22
  91 0006 9142     		cmp	r1, r2
  92 0008 04D0     		beq	.L7
  93              		.loc 1 83 3 is_stmt 1 view .LVU23
  94              		.loc 1 83 5 is_stmt 0 view .LVU24
  95 000a 4068     		ldr	r0, [r0, #4]
  96              	.LVL5:
  97              		.loc 1 84 15 view .LVU25
  98 000c 511C     		adds	r1, r2, #1
  99              		.loc 1 83 5 view .LVU26
 100 000e 805C     		ldrb	r0, [r0, r2]	@ zero_extendqisi2
 101              	.LVL6:
 102              		.loc 1 84 3 is_stmt 1 view .LVU27
 103              		.loc 1 84 15 is_stmt 0 view .LVU28
 104 0010 1961     		str	r1, [r3, #16]
 105              	.LVL7:
 106              		.loc 1 85 3 is_stmt 1 view .LVU29
 107              		.loc 1 85 10 is_stmt 0 view .LVU30
 108 0012 7047     		bx	lr
 109              	.LVL8:
 110              	.L7:
 111              		.loc 1 82 12 view .LVU31
 112 0014 6FF00100 		mvn	r0, #1
 113              	.LVL9:
 114              		.loc 1 86 1 view .LVU32
ARM GAS  C:\Users\DEVELO~1\AppData\Local\Temp\cc2PEIL3.s 			page 3


 115 0018 7047     		bx	lr
 116              		.cfi_endproc
 117              	.LFE435:
 118              		.size	_get, .-_get
 119 001a 00BF     		.section	.text._unget,"ax",%progbits
 120              		.align	1
 121              		.p2align 4,,15
 122              		.syntax unified
 123              		.thumb
 124              		.thumb_func
 125              		.type	_unget, %function
 126              	_unget:
 127              	.LVL10:
 128              	.LFB436:
 129              		.loc 1 89 1 is_stmt 1 view -0
 130              		.cfi_startproc
 131              		@ args = 0, pretend = 0, frame = 0
 132              		@ frame_needed = 0, uses_anonymous_args = 0
 133              		@ link register save eliminated.
 134              		.loc 1 90 3 view .LVU34
 135              		.loc 1 92 3 view .LVU35
 136              		.loc 1 92 10 is_stmt 0 view .LVU36
 137 0000 0269     		ldr	r2, [r0, #16]
 138              		.loc 1 92 6 view .LVU37
 139 0002 42B1     		cbz	r2, .L10
 140 0004 0346     		mov	r3, r0
 141              		.loc 1 94 3 is_stmt 1 view .LVU38
 142              		.loc 1 94 15 is_stmt 0 view .LVU39
 143 0006 013A     		subs	r2, r2, #1
 144              		.loc 1 89 1 view .LVU40
 145 0008 10B4     		push	{r4}
 146              		.cfi_def_cfa_offset 4
 147              		.cfi_offset 4, -4
 148              		.loc 1 95 32 view .LVU41
 149 000a 4468     		ldr	r4, [r0, #4]
 150              		.loc 1 97 10 view .LVU42
 151 000c 0020     		movs	r0, #0
 152              	.LVL11:
 153              		.loc 1 94 15 view .LVU43
 154 000e 1A61     		str	r2, [r3, #16]
 155              		.loc 1 95 3 is_stmt 1 view .LVU44
 156              		.loc 1 95 32 is_stmt 0 view .LVU45
 157 0010 A154     		strb	r1, [r4, r2]
 158              		.loc 1 97 3 is_stmt 1 view .LVU46
 159              		.loc 1 98 1 is_stmt 0 view .LVU47
 160 0012 10BC     		pop	{r4}
 161              		.cfi_restore 4
 162              		.cfi_def_cfa_offset 0
 163 0014 7047     		bx	lr
 164              	.LVL12:
 165              	.L10:
 166              		.loc 1 93 12 view .LVU48
 167 0016 6FF00100 		mvn	r0, #1
 168              	.LVL13:
 169              		.loc 1 98 1 view .LVU49
 170 001a 7047     		bx	lr
 171              		.cfi_endproc
ARM GAS  C:\Users\DEVELO~1\AppData\Local\Temp\cc2PEIL3.s 			page 4


 172              	.LFE436:
 173              		.size	_unget, .-_unget
 174              		.section	.text._reads,"ax",%progbits
 175              		.align	1
 176              		.p2align 4,,15
 177              		.syntax unified
 178              		.thumb
 179              		.thumb_func
 180              		.type	_reads, %function
 181              	_reads:
 182              	.LVL14:
 183              	.LFB433:
 184              		.loc 1 57 55 is_stmt 1 view -0
 185              		.cfi_startproc
 186              		@ args = 0, pretend = 0, frame = 0
 187              		@ frame_needed = 0, uses_anonymous_args = 0
 188              		.loc 1 58 3 view .LVU51
 189              		.loc 1 57 55 is_stmt 0 view .LVU52
 190 0000 38B5     		push	{r3, r4, r5, lr}
 191              		.cfi_def_cfa_offset 16
 192              		.cfi_offset 3, -16
 193              		.cfi_offset 4, -12
 194              		.cfi_offset 5, -8
 195              		.cfi_offset 14, -4
 196              		.loc 1 57 55 view .LVU53
 197 0002 0446     		mov	r4, r0
 198              	.LVL15:
 199              		.loc 1 60 3 is_stmt 1 view .LVU54
 200              		.loc 1 62 3 is_stmt 0 view .LVU55
 201 0004 0846     		mov	r0, r1
 202              	.LVL16:
 203              		.loc 1 60 16 view .LVU56
 204 0006 D4E90353 		ldrd	r5, r3, [r4, #12]
 205              		.loc 1 62 26 view .LVU57
 206 000a 6168     		ldr	r1, [r4, #4]
 207              	.LVL17:
 208              		.loc 1 60 16 view .LVU58
 209 000c ED1A     		subs	r5, r5, r3
 210              		.loc 1 62 3 view .LVU59
 211 000e 1944     		add	r1, r1, r3
 212 0010 9542     		cmp	r5, r2
 213 0012 28BF     		it	cs
 214 0014 1546     		movcs	r5, r2
 215              	.LVL18:
 216              		.loc 1 62 3 is_stmt 1 view .LVU60
 217 0016 2A46     		mov	r2, r5
 218 0018 FFF7FEFF 		bl	memcpy
 219              	.LVL19:
 220              		.loc 1 63 3 view .LVU61
 221              		.loc 1 63 15 is_stmt 0 view .LVU62
 222 001c 2369     		ldr	r3, [r4, #16]
 223              		.loc 1 65 1 view .LVU63
 224 001e 2846     		mov	r0, r5
 225              		.loc 1 63 15 view .LVU64
 226 0020 2B44     		add	r3, r3, r5
 227 0022 2361     		str	r3, [r4, #16]
 228              		.loc 1 64 3 is_stmt 1 view .LVU65
ARM GAS  C:\Users\DEVELO~1\AppData\Local\Temp\cc2PEIL3.s 			page 5


 229              		.loc 1 65 1 is_stmt 0 view .LVU66
 230 0024 38BD     		pop	{r3, r4, r5, pc}
 231              		.loc 1 65 1 view .LVU67
 232              		.cfi_endproc
 233              	.LFE433:
 234              		.size	_reads, .-_reads
 235 0026 00BF     		.section	.text._writes,"ax",%progbits
 236              		.align	1
 237              		.p2align 4,,15
 238              		.syntax unified
 239              		.thumb
 240              		.thumb_func
 241              		.type	_writes, %function
 242              	_writes:
 243              	.LVL20:
 244              	.LFB432:
 245              		.loc 1 47 62 is_stmt 1 view -0
 246              		.cfi_startproc
 247              		@ args = 0, pretend = 0, frame = 0
 248              		@ frame_needed = 0, uses_anonymous_args = 0
 249              		.loc 1 48 3 view .LVU69
 250              		.loc 1 47 62 is_stmt 0 view .LVU70
 251 0000 38B5     		push	{r3, r4, r5, lr}
 252              		.cfi_def_cfa_offset 16
 253              		.cfi_offset 3, -16
 254              		.cfi_offset 4, -12
 255              		.cfi_offset 5, -8
 256              		.cfi_offset 14, -4
 257              		.loc 1 50 17 view .LVU71
 258 0002 D0E90253 		ldrd	r5, r3, [r0, #8]
 259              		.loc 1 47 62 view .LVU72
 260 0006 0446     		mov	r4, r0
 261              	.LVL21:
 262              		.loc 1 50 3 is_stmt 1 view .LVU73
 263              		.loc 1 52 22 is_stmt 0 view .LVU74
 264 0008 4068     		ldr	r0, [r0, #4]
 265              	.LVL22:
 266              		.loc 1 50 17 view .LVU75
 267 000a ED1A     		subs	r5, r5, r3
 268              		.loc 1 52 3 view .LVU76
 269 000c 1844     		add	r0, r0, r3
 270 000e 9542     		cmp	r5, r2
 271 0010 28BF     		it	cs
 272 0012 1546     		movcs	r5, r2
 273              	.LVL23:
 274              		.loc 1 52 3 is_stmt 1 view .LVU77
 275 0014 2A46     		mov	r2, r5
 276 0016 FFF7FEFF 		bl	memcpy
 277              	.LVL24:
 278              		.loc 1 53 3 view .LVU78
 279              		.loc 1 53 12 is_stmt 0 view .LVU79
 280 001a E368     		ldr	r3, [r4, #12]
 281              		.loc 1 55 1 view .LVU80
 282 001c 2846     		mov	r0, r5
 283              		.loc 1 53 12 view .LVU81
 284 001e 2B44     		add	r3, r3, r5
 285 0020 E360     		str	r3, [r4, #12]
ARM GAS  C:\Users\DEVELO~1\AppData\Local\Temp\cc2PEIL3.s 			page 6


 286              		.loc 1 54 3 is_stmt 1 view .LVU82
 287              		.loc 1 55 1 is_stmt 0 view .LVU83
 288 0022 38BD     		pop	{r3, r4, r5, pc}
 289              		.loc 1 55 1 view .LVU84
 290              		.cfi_endproc
 291              	.LFE432:
 292              		.size	_writes, .-_writes
 293              		.section	.text.msObjectInit,"ax",%progbits
 294              		.align	1
 295              		.p2align 4,,15
 296              		.global	msObjectInit
 297              		.syntax unified
 298              		.thumb
 299              		.thumb_func
 300              		.type	msObjectInit, %function
 301              	msObjectInit:
 302              	.LVL25:
 303              	.LFB437:
 304              		.loc 1 117 44 is_stmt 1 view -0
 305              		.cfi_startproc
 306              		@ args = 0, pretend = 0, frame = 0
 307              		@ frame_needed = 0, uses_anonymous_args = 0
 308              		@ link register save eliminated.
 309              		.loc 1 119 3 view .LVU86
 310              		.loc 1 117 44 is_stmt 0 view .LVU87
 311 0000 10B4     		push	{r4}
 312              		.cfi_def_cfa_offset 4
 313              		.cfi_offset 4, -4
 314              		.loc 1 120 15 view .LVU88
 315 0002 4160     		str	r1, [r0, #4]
 316              		.loc 1 123 15 view .LVU89
 317 0004 0021     		movs	r1, #0
 318              	.LVL26:
 319              		.loc 1 119 15 view .LVU90
 320 0006 034C     		ldr	r4, .L21
 321              		.loc 1 123 15 view .LVU91
 322 0008 0161     		str	r1, [r0, #16]
 323              		.loc 1 119 15 view .LVU92
 324 000a 0460     		str	r4, [r0]
 325              		.loc 1 120 3 is_stmt 1 view .LVU93
 326              		.loc 1 121 3 view .LVU94
 327              		.loc 1 124 1 is_stmt 0 view .LVU95
 328 000c 10BC     		pop	{r4}
 329              		.cfi_restore 4
 330              		.cfi_def_cfa_offset 0
 331              		.loc 1 122 15 view .LVU96
 332 000e C0E90223 		strd	r2, r3, [r0, #8]
 333              		.loc 1 123 3 is_stmt 1 view .LVU97
 334              		.loc 1 124 1 is_stmt 0 view .LVU98
 335 0012 7047     		bx	lr
 336              	.L22:
 337              		.align	2
 338              	.L21:
 339 0014 00000000 		.word	.LANCHOR0
 340              		.cfi_endproc
 341              	.LFE437:
 342              		.size	msObjectInit, .-msObjectInit
ARM GAS  C:\Users\DEVELO~1\AppData\Local\Temp\cc2PEIL3.s 			page 7


 343              		.section	.rodata.vmt,"a"
 344              		.align	2
 345              		.set	.LANCHOR0,. + 0
 346              		.type	vmt, %object
 347              		.size	vmt, 24
 348              	vmt:
 349 0000 00000000 		.word	0
 350 0004 00000000 		.word	_writes
 351 0008 00000000 		.word	_reads
 352 000c 00000000 		.word	_put
 353 0010 00000000 		.word	_get
 354 0014 00000000 		.word	_unget
 355              		.text
 356              	.Letext0:
 357              		.file 2 "c:\\chibistudio\\tools\\gnu tools arm embedded\\11.3 2022.08\\lib\\gcc\\arm-none-eabi\\11
 358              		.file 3 "c:\\chibistudio\\tools\\gnu tools arm embedded\\11.3 2022.08\\arm-none-eabi\\include\\mac
 359              		.file 4 "c:\\chibistudio\\tools\\gnu tools arm embedded\\11.3 2022.08\\arm-none-eabi\\include\\sys
 360              		.file 5 "../../../os/rt/include/chearly.h"
 361              		.file 6 "../../../os/hal/lib/streams/memstreams.h"
 362              		.file 7 "c:\\chibistudio\\tools\\gnu tools arm embedded\\11.3 2022.08\\arm-none-eabi\\include\\str
 363              		.file 8 "<built-in>"
 364              		.section	.debug_info,"",%progbits
 365              	.Ldebug_info0:
 366 0000 5C040000 		.4byte	0x45c
 367 0004 0500     		.2byte	0x5
 368 0006 01       		.byte	0x1
 369 0007 04       		.byte	0x4
 370 0008 00000000 		.4byte	.Ldebug_abbrev0
 371 000c 0F       		.uleb128 0xf
 372 000d A4010000 		.4byte	.LASF31
 373 0011 1D       		.byte	0x1d
 374 0012 63010000 		.4byte	.LASF32
 375 0016 8A000000 		.4byte	.LASF33
 376 001a 0C000000 		.4byte	.LLRL16
 377 001e 00000000 		.4byte	0
 378 0022 00000000 		.4byte	.Ldebug_line0
 379 0026 10       		.uleb128 0x10
 380 0027 04       		.byte	0x4
 381 0028 05       		.byte	0x5
 382 0029 696E7400 		.ascii	"int\000"
 383 002d 05       		.uleb128 0x5
 384 002e 0A000000 		.4byte	.LASF4
 385 0032 02       		.byte	0x2
 386 0033 D1       		.byte	0xd1
 387 0034 17       		.byte	0x17
 388 0035 39000000 		.4byte	0x39
 389 0039 01       		.uleb128 0x1
 390 003a 04       		.byte	0x4
 391 003b 07       		.byte	0x7
 392 003c 31000000 		.4byte	.LASF0
 393 0040 01       		.uleb128 0x1
 394 0041 08       		.byte	0x8
 395 0042 05       		.byte	0x5
 396 0043 4E010000 		.4byte	.LASF1
 397 0047 01       		.uleb128 0x1
 398 0048 08       		.byte	0x8
 399 0049 04       		.byte	0x4
ARM GAS  C:\Users\DEVELO~1\AppData\Local\Temp\cc2PEIL3.s 			page 8


 400 004a 4B000000 		.4byte	.LASF2
 401 004e 01       		.uleb128 0x1
 402 004f 01       		.byte	0x1
 403 0050 06       		.byte	0x6
 404 0051 57000000 		.4byte	.LASF3
 405 0055 05       		.uleb128 0x5
 406 0056 00000000 		.4byte	.LASF5
 407 005a 03       		.byte	0x3
 408 005b 2B       		.byte	0x2b
 409 005c 18       		.byte	0x18
 410 005d 61000000 		.4byte	0x61
 411 0061 01       		.uleb128 0x1
 412 0062 01       		.byte	0x1
 413 0063 08       		.byte	0x8
 414 0064 63000000 		.4byte	.LASF6
 415 0068 01       		.uleb128 0x1
 416 0069 02       		.byte	0x2
 417 006a 05       		.byte	0x5
 418 006b 93010000 		.4byte	.LASF7
 419 006f 01       		.uleb128 0x1
 420 0070 02       		.byte	0x2
 421 0071 07       		.byte	0x7
 422 0072 71000000 		.4byte	.LASF8
 423 0076 05       		.uleb128 0x5
 424 0077 27000000 		.4byte	.LASF9
 425 007b 03       		.byte	0x3
 426 007c 4D       		.byte	0x4d
 427 007d 18       		.byte	0x18
 428 007e 82000000 		.4byte	0x82
 429 0082 01       		.uleb128 0x1
 430 0083 04       		.byte	0x4
 431 0084 05       		.byte	0x5
 432 0085 59020000 		.4byte	.LASF10
 433 0089 01       		.uleb128 0x1
 434 008a 04       		.byte	0x4
 435 008b 07       		.byte	0x7
 436 008c 07010000 		.4byte	.LASF11
 437 0090 01       		.uleb128 0x1
 438 0091 08       		.byte	0x8
 439 0092 07       		.byte	0x7
 440 0093 7C020000 		.4byte	.LASF12
 441 0097 11       		.uleb128 0x11
 442 0098 04       		.byte	0x4
 443 0099 01       		.uleb128 0x1
 444 009a 01       		.byte	0x1
 445 009b 08       		.byte	0x8
 446 009c 24010000 		.4byte	.LASF13
 447 00a0 05       		.uleb128 0x5
 448 00a1 29010000 		.4byte	.LASF14
 449 00a5 04       		.byte	0x4
 450 00a6 18       		.byte	0x18
 451 00a7 13       		.byte	0x13
 452 00a8 55000000 		.4byte	0x55
 453 00ac 0D       		.uleb128 0xd
 454 00ad A0000000 		.4byte	0xa0
 455 00b1 05       		.uleb128 0x5
 456 00b2 3E010000 		.4byte	.LASF15
ARM GAS  C:\Users\DEVELO~1\AppData\Local\Temp\cc2PEIL3.s 			page 9


 457 00b6 04       		.byte	0x4
 458 00b7 2C       		.byte	0x2c
 459 00b8 13       		.byte	0x13
 460 00b9 76000000 		.4byte	0x76
 461 00bd 05       		.uleb128 0x5
 462 00be 31010000 		.4byte	.LASF16
 463 00c2 05       		.byte	0x5
 464 00c3 58       		.byte	0x58
 465 00c4 19       		.byte	0x19
 466 00c5 B1000000 		.4byte	0xb1
 467 00c9 01       		.uleb128 0x1
 468 00ca 01       		.byte	0x1
 469 00cb 02       		.byte	0x2
 470 00cc 76020000 		.4byte	.LASF17
 471 00d0 03       		.uleb128 0x3
 472 00d1 A0000000 		.4byte	0xa0
 473 00d5 09       		.uleb128 0x9
 474 00d6 2D000000 		.4byte	0x2d
 475 00da EE000000 		.4byte	0xee
 476 00de 02       		.uleb128 0x2
 477 00df 97000000 		.4byte	0x97
 478 00e3 02       		.uleb128 0x2
 479 00e4 EE000000 		.4byte	0xee
 480 00e8 02       		.uleb128 0x2
 481 00e9 2D000000 		.4byte	0x2d
 482 00ed 00       		.byte	0
 483 00ee 03       		.uleb128 0x3
 484 00ef AC000000 		.4byte	0xac
 485 00f3 03       		.uleb128 0x3
 486 00f4 D5000000 		.4byte	0xd5
 487 00f8 09       		.uleb128 0x9
 488 00f9 2D000000 		.4byte	0x2d
 489 00fd 11010000 		.4byte	0x111
 490 0101 02       		.uleb128 0x2
 491 0102 97000000 		.4byte	0x97
 492 0106 02       		.uleb128 0x2
 493 0107 D0000000 		.4byte	0xd0
 494 010b 02       		.uleb128 0x2
 495 010c 2D000000 		.4byte	0x2d
 496 0110 00       		.byte	0
 497 0111 03       		.uleb128 0x3
 498 0112 F8000000 		.4byte	0xf8
 499 0116 09       		.uleb128 0x9
 500 0117 BD000000 		.4byte	0xbd
 501 011b 2A010000 		.4byte	0x12a
 502 011f 02       		.uleb128 0x2
 503 0120 97000000 		.4byte	0x97
 504 0124 02       		.uleb128 0x2
 505 0125 A0000000 		.4byte	0xa0
 506 0129 00       		.byte	0
 507 012a 03       		.uleb128 0x3
 508 012b 16010000 		.4byte	0x116
 509 012f 09       		.uleb128 0x9
 510 0130 BD000000 		.4byte	0xbd
 511 0134 3E010000 		.4byte	0x13e
 512 0138 02       		.uleb128 0x2
 513 0139 97000000 		.4byte	0x97
ARM GAS  C:\Users\DEVELO~1\AppData\Local\Temp\cc2PEIL3.s 			page 10


 514 013d 00       		.byte	0
 515 013e 03       		.uleb128 0x3
 516 013f 2F010000 		.4byte	0x12f
 517 0143 12       		.uleb128 0x12
 518 0144 3E000000 		.4byte	.LASF34
 519 0148 18       		.byte	0x18
 520 0149 06       		.byte	0x6
 521 014a 3D       		.byte	0x3d
 522 014b 08       		.byte	0x8
 523 014c 95010000 		.4byte	0x195
 524 0150 06       		.uleb128 0x6
 525 0151 ED000000 		.4byte	.LASF18
 526 0155 3E       		.byte	0x3e
 527 0156 2D000000 		.4byte	0x2d
 528 015a 00       		.byte	0
 529 015b 06       		.uleb128 0x6
 530 015c 84000000 		.4byte	.LASF19
 531 0160 3E       		.byte	0x3e
 532 0161 F3000000 		.4byte	0xf3
 533 0165 04       		.byte	0x4
 534 0166 06       		.uleb128 0x6
 535 0167 02010000 		.4byte	.LASF20
 536 016b 3E       		.byte	0x3e
 537 016c 11010000 		.4byte	0x111
 538 0170 08       		.byte	0x8
 539 0171 0A       		.uleb128 0xa
 540 0172 70757400 		.ascii	"put\000"
 541 0176 3E       		.byte	0x3e
 542 0177 03       		.byte	0x3
 543 0178 2A010000 		.4byte	0x12a
 544 017c 0C       		.byte	0xc
 545 017d 0A       		.uleb128 0xa
 546 017e 67657400 		.ascii	"get\000"
 547 0182 3E       		.byte	0x3e
 548 0183 03       		.byte	0x3
 549 0184 3E010000 		.4byte	0x13e
 550 0188 10       		.byte	0x10
 551 0189 06       		.uleb128 0x6
 552 018a 19010000 		.4byte	.LASF21
 553 018e 3E       		.byte	0x3e
 554 018f 2A010000 		.4byte	0x12a
 555 0193 14       		.byte	0x14
 556 0194 00       		.byte	0
 557 0195 0D       		.uleb128 0xd
 558 0196 43010000 		.4byte	0x143
 559 019a 13       		.uleb128 0x13
 560 019b 14       		.byte	0x14
 561 019c 06       		.byte	0x6
 562 019d 46       		.byte	0x46
 563 019e 09       		.byte	0x9
 564 019f DD010000 		.4byte	0x1dd
 565 01a3 0A       		.uleb128 0xa
 566 01a4 766D7400 		.ascii	"vmt\000"
 567 01a8 48       		.byte	0x48
 568 01a9 1E       		.byte	0x1e
 569 01aa DD010000 		.4byte	0x1dd
 570 01ae 00       		.byte	0
ARM GAS  C:\Users\DEVELO~1\AppData\Local\Temp\cc2PEIL3.s 			page 11


 571 01af 06       		.uleb128 0x6
 572 01b0 9D010000 		.4byte	.LASF22
 573 01b4 49       		.byte	0x49
 574 01b5 D0000000 		.4byte	0xd0
 575 01b9 04       		.byte	0x4
 576 01ba 06       		.uleb128 0x6
 577 01bb 1F010000 		.4byte	.LASF23
 578 01bf 49       		.byte	0x49
 579 01c0 2D000000 		.4byte	0x2d
 580 01c4 08       		.byte	0x8
 581 01c5 0A       		.uleb128 0xa
 582 01c6 656F7300 		.ascii	"eos\000"
 583 01ca 49       		.byte	0x49
 584 01cb 03       		.byte	0x3
 585 01cc 2D000000 		.4byte	0x2d
 586 01d0 0C       		.byte	0xc
 587 01d1 06       		.uleb128 0x6
 588 01d2 8C010000 		.4byte	.LASF24
 589 01d6 49       		.byte	0x49
 590 01d7 2D000000 		.4byte	0x2d
 591 01db 10       		.byte	0x10
 592 01dc 00       		.byte	0
 593 01dd 03       		.uleb128 0x3
 594 01de 95010000 		.4byte	0x195
 595 01e2 05       		.uleb128 0x5
 596 01e3 62020000 		.4byte	.LASF25
 597 01e7 06       		.byte	0x6
 598 01e8 4A       		.byte	0x4a
 599 01e9 03       		.byte	0x3
 600 01ea 9A010000 		.4byte	0x19a
 601 01ee 14       		.uleb128 0x14
 602 01ef 766D7400 		.ascii	"vmt\000"
 603 01f3 01       		.byte	0x1
 604 01f4 64       		.byte	0x64
 605 01f5 22       		.byte	0x22
 606 01f6 95010000 		.4byte	0x195
 607 01fa 05       		.uleb128 0x5
 608 01fb 03       		.byte	0x3
 609 01fc 00000000 		.4byte	vmt
 610 0200 15       		.uleb128 0x15
 611 0201 5C010000 		.4byte	.LASF35
 612 0205 07       		.byte	0x7
 613 0206 1F       		.byte	0x1f
 614 0207 09       		.byte	0x9
 615 0208 97000000 		.4byte	0x97
 616 020c 20020000 		.4byte	0x220
 617 0210 02       		.uleb128 0x2
 618 0211 97000000 		.4byte	0x97
 619 0215 02       		.uleb128 0x2
 620 0216 20020000 		.4byte	0x220
 621 021a 02       		.uleb128 0x2
 622 021b 2D000000 		.4byte	0x2d
 623 021f 00       		.byte	0
 624 0220 03       		.uleb128 0x3
 625 0221 25020000 		.4byte	0x225
 626 0225 16       		.uleb128 0x16
 627 0226 17       		.uleb128 0x17
ARM GAS  C:\Users\DEVELO~1\AppData\Local\Temp\cc2PEIL3.s 			page 12


 628 0227 E0000000 		.4byte	.LASF36
 629 022b 01       		.byte	0x1
 630 022c 74       		.byte	0x74
 631 022d 06       		.byte	0x6
 632 022e 00000000 		.4byte	.LFB437
 633 0232 18000000 		.4byte	.LFE437-.LFB437
 634 0236 01       		.uleb128 0x1
 635 0237 9C       		.byte	0x9c
 636 0238 79020000 		.4byte	0x279
 637 023c 0B       		.uleb128 0xb
 638 023d 6D737000 		.ascii	"msp\000"
 639 0241 74       		.byte	0x74
 640 0242 21       		.byte	0x21
 641 0243 79020000 		.4byte	0x279
 642 0247 01       		.uleb128 0x1
 643 0248 50       		.byte	0x50
 644 0249 18       		.uleb128 0x18
 645 024a 9D010000 		.4byte	.LASF22
 646 024e 01       		.byte	0x1
 647 024f 74       		.byte	0x74
 648 0250 2F       		.byte	0x2f
 649 0251 D0000000 		.4byte	0xd0
 650 0255 10000000 		.4byte	.LLST15
 651 0259 0C000000 		.4byte	.LVUS15
 652 025d 19       		.uleb128 0x19
 653 025e 1F010000 		.4byte	.LASF23
 654 0262 01       		.byte	0x1
 655 0263 75       		.byte	0x75
 656 0264 1A       		.byte	0x1a
 657 0265 2D000000 		.4byte	0x2d
 658 0269 01       		.uleb128 0x1
 659 026a 52       		.byte	0x52
 660 026b 0B       		.uleb128 0xb
 661 026c 656F7300 		.ascii	"eos\000"
 662 0270 75       		.byte	0x75
 663 0271 27       		.byte	0x27
 664 0272 2D000000 		.4byte	0x2d
 665 0276 01       		.uleb128 0x1
 666 0277 53       		.byte	0x53
 667 0278 00       		.byte	0
 668 0279 03       		.uleb128 0x3
 669 027a E2010000 		.4byte	0x1e2
 670 027e 08       		.uleb128 0x8
 671 027f 6F020000 		.4byte	.LASF26
 672 0283 58       		.byte	0x58
 673 0284 0E       		.byte	0xe
 674 0285 BD000000 		.4byte	0xbd
 675 0289 00000000 		.4byte	.LFB436
 676 028d 1C000000 		.4byte	.LFE436-.LFB436
 677 0291 01       		.uleb128 0x1
 678 0292 9C       		.byte	0x9c
 679 0293 C8020000 		.4byte	0x2c8
 680 0297 04       		.uleb128 0x4
 681 0298 697000   		.ascii	"ip\000"
 682 029b 58       		.byte	0x58
 683 029c 1B       		.byte	0x1b
 684 029d 97000000 		.4byte	0x97
ARM GAS  C:\Users\DEVELO~1\AppData\Local\Temp\cc2PEIL3.s 			page 13


 685 02a1 29000000 		.4byte	.LLST5
 686 02a5 21000000 		.4byte	.LVUS5
 687 02a9 0B       		.uleb128 0xb
 688 02aa 6200     		.ascii	"b\000"
 689 02ac 58       		.byte	0x58
 690 02ad 27       		.byte	0x27
 691 02ae A0000000 		.4byte	0xa0
 692 02b2 01       		.uleb128 0x1
 693 02b3 51       		.byte	0x51
 694 02b4 07       		.uleb128 0x7
 695 02b5 6D737000 		.ascii	"msp\000"
 696 02b9 5A       		.byte	0x5a
 697 02ba 11       		.byte	0x11
 698 02bb 79020000 		.4byte	0x279
 699 02bf 4E000000 		.4byte	.LLST6
 700 02c3 46000000 		.4byte	.LVUS6
 701 02c7 00       		.byte	0
 702 02c8 08       		.uleb128 0x8
 703 02c9 FD000000 		.4byte	.LASF27
 704 02cd 4D       		.byte	0x4d
 705 02ce 0E       		.byte	0xe
 706 02cf BD000000 		.4byte	0xbd
 707 02d3 00000000 		.4byte	.LFB435
 708 02d7 1A000000 		.4byte	.LFE435-.LFB435
 709 02db 01       		.uleb128 0x1
 710 02dc 9C       		.byte	0x9c
 711 02dd 18030000 		.4byte	0x318
 712 02e1 04       		.uleb128 0x4
 713 02e2 697000   		.ascii	"ip\000"
 714 02e5 4D       		.byte	0x4d
 715 02e6 19       		.byte	0x19
 716 02e7 97000000 		.4byte	0x97
 717 02eb 73000000 		.4byte	.LLST2
 718 02ef 6B000000 		.4byte	.LVUS2
 719 02f3 07       		.uleb128 0x7
 720 02f4 6200     		.ascii	"b\000"
 721 02f6 4E       		.byte	0x4e
 722 02f7 0B       		.byte	0xb
 723 02f8 A0000000 		.4byte	0xa0
 724 02fc 8F000000 		.4byte	.LLST3
 725 0300 8D000000 		.4byte	.LVUS3
 726 0304 07       		.uleb128 0x7
 727 0305 6D737000 		.ascii	"msp\000"
 728 0309 4F       		.byte	0x4f
 729 030a 11       		.byte	0x11
 730 030b 79020000 		.4byte	0x279
 731 030f A5000000 		.4byte	.LLST4
 732 0313 9D000000 		.4byte	.LVUS4
 733 0317 00       		.byte	0
 734 0318 08       		.uleb128 0x8
 735 0319 22000000 		.4byte	.LASF28
 736 031d 43       		.byte	0x43
 737 031e 0E       		.byte	0xe
 738 031f BD000000 		.4byte	0xbd
 739 0323 00000000 		.4byte	.LFB434
 740 0327 22000000 		.4byte	.LFE434-.LFB434
 741 032b 01       		.uleb128 0x1
ARM GAS  C:\Users\DEVELO~1\AppData\Local\Temp\cc2PEIL3.s 			page 14


 742 032c 9C       		.byte	0x9c
 743 032d 62030000 		.4byte	0x362
 744 0331 04       		.uleb128 0x4
 745 0332 697000   		.ascii	"ip\000"
 746 0335 43       		.byte	0x43
 747 0336 19       		.byte	0x19
 748 0337 97000000 		.4byte	0x97
 749 033b C3000000 		.4byte	.LLST0
 750 033f BF000000 		.4byte	.LVUS0
 751 0343 0B       		.uleb128 0xb
 752 0344 6200     		.ascii	"b\000"
 753 0346 43       		.byte	0x43
 754 0347 25       		.byte	0x25
 755 0348 A0000000 		.4byte	0xa0
 756 034c 01       		.uleb128 0x1
 757 034d 51       		.byte	0x51
 758 034e 07       		.uleb128 0x7
 759 034f 6D737000 		.ascii	"msp\000"
 760 0353 44       		.byte	0x44
 761 0354 11       		.byte	0x11
 762 0355 79020000 		.4byte	0x279
 763 0359 D7000000 		.4byte	.LLST1
 764 035d D3000000 		.4byte	.LVUS1
 765 0361 00       		.byte	0
 766 0362 08       		.uleb128 0x8
 767 0363 37010000 		.4byte	.LASF29
 768 0367 39       		.byte	0x39
 769 0368 0F       		.byte	0xf
 770 0369 2D000000 		.4byte	0x2d
 771 036d 00000000 		.4byte	.LFB433
 772 0371 26000000 		.4byte	.LFE433-.LFB433
 773 0375 01       		.uleb128 0x1
 774 0376 9C       		.byte	0x9c
 775 0377 DB030000 		.4byte	0x3db
 776 037b 04       		.uleb128 0x4
 777 037c 697000   		.ascii	"ip\000"
 778 037f 39       		.byte	0x39
 779 0380 1C       		.byte	0x1c
 780 0381 97000000 		.4byte	0x97
 781 0385 EB000000 		.4byte	.LLST7
 782 0389 E7000000 		.4byte	.LVUS7
 783 038d 04       		.uleb128 0x4
 784 038e 627000   		.ascii	"bp\000"
 785 0391 39       		.byte	0x39
 786 0392 29       		.byte	0x29
 787 0393 D0000000 		.4byte	0xd0
 788 0397 01010000 		.4byte	.LLST8
 789 039b FB000000 		.4byte	.LVUS8
 790 039f 04       		.uleb128 0x4
 791 03a0 6E00     		.ascii	"n\000"
 792 03a2 39       		.byte	0x39
 793 03a3 34       		.byte	0x34
 794 03a4 2D000000 		.4byte	0x2d
 795 03a8 1D010000 		.4byte	.LLST9
 796 03ac 19010000 		.4byte	.LVUS9
 797 03b0 07       		.uleb128 0x7
 798 03b1 6D737000 		.ascii	"msp\000"
ARM GAS  C:\Users\DEVELO~1\AppData\Local\Temp\cc2PEIL3.s 			page 15


 799 03b5 3A       		.byte	0x3a
 800 03b6 11       		.byte	0x11
 801 03b7 79020000 		.4byte	0x279
 802 03bb 31010000 		.4byte	.LLST10
 803 03bf 2D010000 		.4byte	.LVUS10
 804 03c3 0E       		.uleb128 0xe
 805 03c4 1C000000 		.4byte	.LVL19
 806 03c8 54040000 		.4byte	0x454
 807 03cc 0C       		.uleb128 0xc
 808 03cd 01       		.uleb128 0x1
 809 03ce 50       		.byte	0x50
 810 03cf 03       		.uleb128 0x3
 811 03d0 A3       		.byte	0xa3
 812 03d1 01       		.uleb128 0x1
 813 03d2 51       		.byte	0x51
 814 03d3 0C       		.uleb128 0xc
 815 03d4 01       		.uleb128 0x1
 816 03d5 52       		.byte	0x52
 817 03d6 02       		.uleb128 0x2
 818 03d7 75       		.byte	0x75
 819 03d8 00       		.sleb128 0
 820 03d9 00       		.byte	0
 821 03da 00       		.byte	0
 822 03db 08       		.uleb128 0x8
 823 03dc 46010000 		.4byte	.LASF30
 824 03e0 2F       		.byte	0x2f
 825 03e1 0F       		.byte	0xf
 826 03e2 2D000000 		.4byte	0x2d
 827 03e6 00000000 		.4byte	.LFB432
 828 03ea 24000000 		.4byte	.LFE432-.LFB432
 829 03ee 01       		.uleb128 0x1
 830 03ef 9C       		.byte	0x9c
 831 03f0 54040000 		.4byte	0x454
 832 03f4 04       		.uleb128 0x4
 833 03f5 697000   		.ascii	"ip\000"
 834 03f8 2F       		.byte	0x2f
 835 03f9 1D       		.byte	0x1d
 836 03fa 97000000 		.4byte	0x97
 837 03fe 45010000 		.4byte	.LLST11
 838 0402 41010000 		.4byte	.LVUS11
 839 0406 04       		.uleb128 0x4
 840 0407 627000   		.ascii	"bp\000"
 841 040a 2F       		.byte	0x2f
 842 040b 30       		.byte	0x30
 843 040c EE000000 		.4byte	0xee
 844 0410 59010000 		.4byte	.LLST12
 845 0414 55010000 		.4byte	.LVUS12
 846 0418 04       		.uleb128 0x4
 847 0419 6E00     		.ascii	"n\000"
 848 041b 2F       		.byte	0x2f
 849 041c 3B       		.byte	0x3b
 850 041d 2D000000 		.4byte	0x2d
 851 0421 70010000 		.4byte	.LLST13
 852 0425 6C010000 		.4byte	.LVUS13
 853 0429 07       		.uleb128 0x7
 854 042a 6D737000 		.ascii	"msp\000"
 855 042e 30       		.byte	0x30
ARM GAS  C:\Users\DEVELO~1\AppData\Local\Temp\cc2PEIL3.s 			page 16


 856 042f 11       		.byte	0x11
 857 0430 79020000 		.4byte	0x279
 858 0434 84010000 		.4byte	.LLST14
 859 0438 80010000 		.4byte	.LVUS14
 860 043c 0E       		.uleb128 0xe
 861 043d 1A000000 		.4byte	.LVL24
 862 0441 54040000 		.4byte	0x454
 863 0445 0C       		.uleb128 0xc
 864 0446 01       		.uleb128 0x1
 865 0447 51       		.byte	0x51
 866 0448 03       		.uleb128 0x3
 867 0449 A3       		.byte	0xa3
 868 044a 01       		.uleb128 0x1
 869 044b 51       		.byte	0x51
 870 044c 0C       		.uleb128 0xc
 871 044d 01       		.uleb128 0x1
 872 044e 52       		.byte	0x52
 873 044f 02       		.uleb128 0x2
 874 0450 75       		.byte	0x75
 875 0451 00       		.sleb128 0
 876 0452 00       		.byte	0
 877 0453 00       		.byte	0
 878 0454 1A       		.uleb128 0x1a
 879 0455 5C010000 		.4byte	.LASF35
 880 0459 11000000 		.4byte	.LASF37
 881 045d 08       		.byte	0x8
 882 045e 00       		.byte	0
 883 045f 00       		.byte	0
 884              		.section	.debug_abbrev,"",%progbits
 885              	.Ldebug_abbrev0:
 886 0000 01       		.uleb128 0x1
 887 0001 24       		.uleb128 0x24
 888 0002 00       		.byte	0
 889 0003 0B       		.uleb128 0xb
 890 0004 0B       		.uleb128 0xb
 891 0005 3E       		.uleb128 0x3e
 892 0006 0B       		.uleb128 0xb
 893 0007 03       		.uleb128 0x3
 894 0008 0E       		.uleb128 0xe
 895 0009 00       		.byte	0
 896 000a 00       		.byte	0
 897 000b 02       		.uleb128 0x2
 898 000c 05       		.uleb128 0x5
 899 000d 00       		.byte	0
 900 000e 49       		.uleb128 0x49
 901 000f 13       		.uleb128 0x13
 902 0010 00       		.byte	0
 903 0011 00       		.byte	0
 904 0012 03       		.uleb128 0x3
 905 0013 0F       		.uleb128 0xf
 906 0014 00       		.byte	0
 907 0015 0B       		.uleb128 0xb
 908 0016 21       		.uleb128 0x21
 909 0017 04       		.sleb128 4
 910 0018 49       		.uleb128 0x49
 911 0019 13       		.uleb128 0x13
 912 001a 00       		.byte	0
ARM GAS  C:\Users\DEVELO~1\AppData\Local\Temp\cc2PEIL3.s 			page 17


 913 001b 00       		.byte	0
 914 001c 04       		.uleb128 0x4
 915 001d 05       		.uleb128 0x5
 916 001e 00       		.byte	0
 917 001f 03       		.uleb128 0x3
 918 0020 08       		.uleb128 0x8
 919 0021 3A       		.uleb128 0x3a
 920 0022 21       		.uleb128 0x21
 921 0023 01       		.sleb128 1
 922 0024 3B       		.uleb128 0x3b
 923 0025 0B       		.uleb128 0xb
 924 0026 39       		.uleb128 0x39
 925 0027 0B       		.uleb128 0xb
 926 0028 49       		.uleb128 0x49
 927 0029 13       		.uleb128 0x13
 928 002a 02       		.uleb128 0x2
 929 002b 17       		.uleb128 0x17
 930 002c B742     		.uleb128 0x2137
 931 002e 17       		.uleb128 0x17
 932 002f 00       		.byte	0
 933 0030 00       		.byte	0
 934 0031 05       		.uleb128 0x5
 935 0032 16       		.uleb128 0x16
 936 0033 00       		.byte	0
 937 0034 03       		.uleb128 0x3
 938 0035 0E       		.uleb128 0xe
 939 0036 3A       		.uleb128 0x3a
 940 0037 0B       		.uleb128 0xb
 941 0038 3B       		.uleb128 0x3b
 942 0039 0B       		.uleb128 0xb
 943 003a 39       		.uleb128 0x39
 944 003b 0B       		.uleb128 0xb
 945 003c 49       		.uleb128 0x49
 946 003d 13       		.uleb128 0x13
 947 003e 00       		.byte	0
 948 003f 00       		.byte	0
 949 0040 06       		.uleb128 0x6
 950 0041 0D       		.uleb128 0xd
 951 0042 00       		.byte	0
 952 0043 03       		.uleb128 0x3
 953 0044 0E       		.uleb128 0xe
 954 0045 3A       		.uleb128 0x3a
 955 0046 21       		.uleb128 0x21
 956 0047 06       		.sleb128 6
 957 0048 3B       		.uleb128 0x3b
 958 0049 0B       		.uleb128 0xb
 959 004a 39       		.uleb128 0x39
 960 004b 21       		.uleb128 0x21
 961 004c 03       		.sleb128 3
 962 004d 49       		.uleb128 0x49
 963 004e 13       		.uleb128 0x13
 964 004f 38       		.uleb128 0x38
 965 0050 0B       		.uleb128 0xb
 966 0051 00       		.byte	0
 967 0052 00       		.byte	0
 968 0053 07       		.uleb128 0x7
 969 0054 34       		.uleb128 0x34
ARM GAS  C:\Users\DEVELO~1\AppData\Local\Temp\cc2PEIL3.s 			page 18


 970 0055 00       		.byte	0
 971 0056 03       		.uleb128 0x3
 972 0057 08       		.uleb128 0x8
 973 0058 3A       		.uleb128 0x3a
 974 0059 21       		.uleb128 0x21
 975 005a 01       		.sleb128 1
 976 005b 3B       		.uleb128 0x3b
 977 005c 0B       		.uleb128 0xb
 978 005d 39       		.uleb128 0x39
 979 005e 0B       		.uleb128 0xb
 980 005f 49       		.uleb128 0x49
 981 0060 13       		.uleb128 0x13
 982 0061 02       		.uleb128 0x2
 983 0062 17       		.uleb128 0x17
 984 0063 B742     		.uleb128 0x2137
 985 0065 17       		.uleb128 0x17
 986 0066 00       		.byte	0
 987 0067 00       		.byte	0
 988 0068 08       		.uleb128 0x8
 989 0069 2E       		.uleb128 0x2e
 990 006a 01       		.byte	0x1
 991 006b 03       		.uleb128 0x3
 992 006c 0E       		.uleb128 0xe
 993 006d 3A       		.uleb128 0x3a
 994 006e 21       		.uleb128 0x21
 995 006f 01       		.sleb128 1
 996 0070 3B       		.uleb128 0x3b
 997 0071 0B       		.uleb128 0xb
 998 0072 39       		.uleb128 0x39
 999 0073 0B       		.uleb128 0xb
 1000 0074 27       		.uleb128 0x27
 1001 0075 19       		.uleb128 0x19
 1002 0076 49       		.uleb128 0x49
 1003 0077 13       		.uleb128 0x13
 1004 0078 11       		.uleb128 0x11
 1005 0079 01       		.uleb128 0x1
 1006 007a 12       		.uleb128 0x12
 1007 007b 06       		.uleb128 0x6
 1008 007c 40       		.uleb128 0x40
 1009 007d 18       		.uleb128 0x18
 1010 007e 7A       		.uleb128 0x7a
 1011 007f 19       		.uleb128 0x19
 1012 0080 01       		.uleb128 0x1
 1013 0081 13       		.uleb128 0x13
 1014 0082 00       		.byte	0
 1015 0083 00       		.byte	0
 1016 0084 09       		.uleb128 0x9
 1017 0085 15       		.uleb128 0x15
 1018 0086 01       		.byte	0x1
 1019 0087 27       		.uleb128 0x27
 1020 0088 19       		.uleb128 0x19
 1021 0089 49       		.uleb128 0x49
 1022 008a 13       		.uleb128 0x13
 1023 008b 01       		.uleb128 0x1
 1024 008c 13       		.uleb128 0x13
 1025 008d 00       		.byte	0
 1026 008e 00       		.byte	0
ARM GAS  C:\Users\DEVELO~1\AppData\Local\Temp\cc2PEIL3.s 			page 19


 1027 008f 0A       		.uleb128 0xa
 1028 0090 0D       		.uleb128 0xd
 1029 0091 00       		.byte	0
 1030 0092 03       		.uleb128 0x3
 1031 0093 08       		.uleb128 0x8
 1032 0094 3A       		.uleb128 0x3a
 1033 0095 21       		.uleb128 0x21
 1034 0096 06       		.sleb128 6
 1035 0097 3B       		.uleb128 0x3b
 1036 0098 0B       		.uleb128 0xb
 1037 0099 39       		.uleb128 0x39
 1038 009a 0B       		.uleb128 0xb
 1039 009b 49       		.uleb128 0x49
 1040 009c 13       		.uleb128 0x13
 1041 009d 38       		.uleb128 0x38
 1042 009e 0B       		.uleb128 0xb
 1043 009f 00       		.byte	0
 1044 00a0 00       		.byte	0
 1045 00a1 0B       		.uleb128 0xb
 1046 00a2 05       		.uleb128 0x5
 1047 00a3 00       		.byte	0
 1048 00a4 03       		.uleb128 0x3
 1049 00a5 08       		.uleb128 0x8
 1050 00a6 3A       		.uleb128 0x3a
 1051 00a7 21       		.uleb128 0x21
 1052 00a8 01       		.sleb128 1
 1053 00a9 3B       		.uleb128 0x3b
 1054 00aa 0B       		.uleb128 0xb
 1055 00ab 39       		.uleb128 0x39
 1056 00ac 0B       		.uleb128 0xb
 1057 00ad 49       		.uleb128 0x49
 1058 00ae 13       		.uleb128 0x13
 1059 00af 02       		.uleb128 0x2
 1060 00b0 18       		.uleb128 0x18
 1061 00b1 00       		.byte	0
 1062 00b2 00       		.byte	0
 1063 00b3 0C       		.uleb128 0xc
 1064 00b4 49       		.uleb128 0x49
 1065 00b5 00       		.byte	0
 1066 00b6 02       		.uleb128 0x2
 1067 00b7 18       		.uleb128 0x18
 1068 00b8 7E       		.uleb128 0x7e
 1069 00b9 18       		.uleb128 0x18
 1070 00ba 00       		.byte	0
 1071 00bb 00       		.byte	0
 1072 00bc 0D       		.uleb128 0xd
 1073 00bd 26       		.uleb128 0x26
 1074 00be 00       		.byte	0
 1075 00bf 49       		.uleb128 0x49
 1076 00c0 13       		.uleb128 0x13
 1077 00c1 00       		.byte	0
 1078 00c2 00       		.byte	0
 1079 00c3 0E       		.uleb128 0xe
 1080 00c4 48       		.uleb128 0x48
 1081 00c5 01       		.byte	0x1
 1082 00c6 7D       		.uleb128 0x7d
 1083 00c7 01       		.uleb128 0x1
ARM GAS  C:\Users\DEVELO~1\AppData\Local\Temp\cc2PEIL3.s 			page 20


 1084 00c8 7F       		.uleb128 0x7f
 1085 00c9 13       		.uleb128 0x13
 1086 00ca 00       		.byte	0
 1087 00cb 00       		.byte	0
 1088 00cc 0F       		.uleb128 0xf
 1089 00cd 11       		.uleb128 0x11
 1090 00ce 01       		.byte	0x1
 1091 00cf 25       		.uleb128 0x25
 1092 00d0 0E       		.uleb128 0xe
 1093 00d1 13       		.uleb128 0x13
 1094 00d2 0B       		.uleb128 0xb
 1095 00d3 03       		.uleb128 0x3
 1096 00d4 0E       		.uleb128 0xe
 1097 00d5 1B       		.uleb128 0x1b
 1098 00d6 0E       		.uleb128 0xe
 1099 00d7 55       		.uleb128 0x55
 1100 00d8 17       		.uleb128 0x17
 1101 00d9 11       		.uleb128 0x11
 1102 00da 01       		.uleb128 0x1
 1103 00db 10       		.uleb128 0x10
 1104 00dc 17       		.uleb128 0x17
 1105 00dd 00       		.byte	0
 1106 00de 00       		.byte	0
 1107 00df 10       		.uleb128 0x10
 1108 00e0 24       		.uleb128 0x24
 1109 00e1 00       		.byte	0
 1110 00e2 0B       		.uleb128 0xb
 1111 00e3 0B       		.uleb128 0xb
 1112 00e4 3E       		.uleb128 0x3e
 1113 00e5 0B       		.uleb128 0xb
 1114 00e6 03       		.uleb128 0x3
 1115 00e7 08       		.uleb128 0x8
 1116 00e8 00       		.byte	0
 1117 00e9 00       		.byte	0
 1118 00ea 11       		.uleb128 0x11
 1119 00eb 0F       		.uleb128 0xf
 1120 00ec 00       		.byte	0
 1121 00ed 0B       		.uleb128 0xb
 1122 00ee 0B       		.uleb128 0xb
 1123 00ef 00       		.byte	0
 1124 00f0 00       		.byte	0
 1125 00f1 12       		.uleb128 0x12
 1126 00f2 13       		.uleb128 0x13
 1127 00f3 01       		.byte	0x1
 1128 00f4 03       		.uleb128 0x3
 1129 00f5 0E       		.uleb128 0xe
 1130 00f6 0B       		.uleb128 0xb
 1131 00f7 0B       		.uleb128 0xb
 1132 00f8 3A       		.uleb128 0x3a
 1133 00f9 0B       		.uleb128 0xb
 1134 00fa 3B       		.uleb128 0x3b
 1135 00fb 0B       		.uleb128 0xb
 1136 00fc 39       		.uleb128 0x39
 1137 00fd 0B       		.uleb128 0xb
 1138 00fe 01       		.uleb128 0x1
 1139 00ff 13       		.uleb128 0x13
 1140 0100 00       		.byte	0
ARM GAS  C:\Users\DEVELO~1\AppData\Local\Temp\cc2PEIL3.s 			page 21


 1141 0101 00       		.byte	0
 1142 0102 13       		.uleb128 0x13
 1143 0103 13       		.uleb128 0x13
 1144 0104 01       		.byte	0x1
 1145 0105 0B       		.uleb128 0xb
 1146 0106 0B       		.uleb128 0xb
 1147 0107 3A       		.uleb128 0x3a
 1148 0108 0B       		.uleb128 0xb
 1149 0109 3B       		.uleb128 0x3b
 1150 010a 0B       		.uleb128 0xb
 1151 010b 39       		.uleb128 0x39
 1152 010c 0B       		.uleb128 0xb
 1153 010d 01       		.uleb128 0x1
 1154 010e 13       		.uleb128 0x13
 1155 010f 00       		.byte	0
 1156 0110 00       		.byte	0
 1157 0111 14       		.uleb128 0x14
 1158 0112 34       		.uleb128 0x34
 1159 0113 00       		.byte	0
 1160 0114 03       		.uleb128 0x3
 1161 0115 08       		.uleb128 0x8
 1162 0116 3A       		.uleb128 0x3a
 1163 0117 0B       		.uleb128 0xb
 1164 0118 3B       		.uleb128 0x3b
 1165 0119 0B       		.uleb128 0xb
 1166 011a 39       		.uleb128 0x39
 1167 011b 0B       		.uleb128 0xb
 1168 011c 49       		.uleb128 0x49
 1169 011d 13       		.uleb128 0x13
 1170 011e 02       		.uleb128 0x2
 1171 011f 18       		.uleb128 0x18
 1172 0120 00       		.byte	0
 1173 0121 00       		.byte	0
 1174 0122 15       		.uleb128 0x15
 1175 0123 2E       		.uleb128 0x2e
 1176 0124 01       		.byte	0x1
 1177 0125 3F       		.uleb128 0x3f
 1178 0126 19       		.uleb128 0x19
 1179 0127 03       		.uleb128 0x3
 1180 0128 0E       		.uleb128 0xe
 1181 0129 3A       		.uleb128 0x3a
 1182 012a 0B       		.uleb128 0xb
 1183 012b 3B       		.uleb128 0x3b
 1184 012c 0B       		.uleb128 0xb
 1185 012d 39       		.uleb128 0x39
 1186 012e 0B       		.uleb128 0xb
 1187 012f 27       		.uleb128 0x27
 1188 0130 19       		.uleb128 0x19
 1189 0131 49       		.uleb128 0x49
 1190 0132 13       		.uleb128 0x13
 1191 0133 3C       		.uleb128 0x3c
 1192 0134 19       		.uleb128 0x19
 1193 0135 01       		.uleb128 0x1
 1194 0136 13       		.uleb128 0x13
 1195 0137 00       		.byte	0
 1196 0138 00       		.byte	0
 1197 0139 16       		.uleb128 0x16
ARM GAS  C:\Users\DEVELO~1\AppData\Local\Temp\cc2PEIL3.s 			page 22


 1198 013a 26       		.uleb128 0x26
 1199 013b 00       		.byte	0
 1200 013c 00       		.byte	0
 1201 013d 00       		.byte	0
 1202 013e 17       		.uleb128 0x17
 1203 013f 2E       		.uleb128 0x2e
 1204 0140 01       		.byte	0x1
 1205 0141 3F       		.uleb128 0x3f
 1206 0142 19       		.uleb128 0x19
 1207 0143 03       		.uleb128 0x3
 1208 0144 0E       		.uleb128 0xe
 1209 0145 3A       		.uleb128 0x3a
 1210 0146 0B       		.uleb128 0xb
 1211 0147 3B       		.uleb128 0x3b
 1212 0148 0B       		.uleb128 0xb
 1213 0149 39       		.uleb128 0x39
 1214 014a 0B       		.uleb128 0xb
 1215 014b 27       		.uleb128 0x27
 1216 014c 19       		.uleb128 0x19
 1217 014d 11       		.uleb128 0x11
 1218 014e 01       		.uleb128 0x1
 1219 014f 12       		.uleb128 0x12
 1220 0150 06       		.uleb128 0x6
 1221 0151 40       		.uleb128 0x40
 1222 0152 18       		.uleb128 0x18
 1223 0153 7A       		.uleb128 0x7a
 1224 0154 19       		.uleb128 0x19
 1225 0155 01       		.uleb128 0x1
 1226 0156 13       		.uleb128 0x13
 1227 0157 00       		.byte	0
 1228 0158 00       		.byte	0
 1229 0159 18       		.uleb128 0x18
 1230 015a 05       		.uleb128 0x5
 1231 015b 00       		.byte	0
 1232 015c 03       		.uleb128 0x3
 1233 015d 0E       		.uleb128 0xe
 1234 015e 3A       		.uleb128 0x3a
 1235 015f 0B       		.uleb128 0xb
 1236 0160 3B       		.uleb128 0x3b
 1237 0161 0B       		.uleb128 0xb
 1238 0162 39       		.uleb128 0x39
 1239 0163 0B       		.uleb128 0xb
 1240 0164 49       		.uleb128 0x49
 1241 0165 13       		.uleb128 0x13
 1242 0166 02       		.uleb128 0x2
 1243 0167 17       		.uleb128 0x17
 1244 0168 B742     		.uleb128 0x2137
 1245 016a 17       		.uleb128 0x17
 1246 016b 00       		.byte	0
 1247 016c 00       		.byte	0
 1248 016d 19       		.uleb128 0x19
 1249 016e 05       		.uleb128 0x5
 1250 016f 00       		.byte	0
 1251 0170 03       		.uleb128 0x3
 1252 0171 0E       		.uleb128 0xe
 1253 0172 3A       		.uleb128 0x3a
 1254 0173 0B       		.uleb128 0xb
ARM GAS  C:\Users\DEVELO~1\AppData\Local\Temp\cc2PEIL3.s 			page 23


 1255 0174 3B       		.uleb128 0x3b
 1256 0175 0B       		.uleb128 0xb
 1257 0176 39       		.uleb128 0x39
 1258 0177 0B       		.uleb128 0xb
 1259 0178 49       		.uleb128 0x49
 1260 0179 13       		.uleb128 0x13
 1261 017a 02       		.uleb128 0x2
 1262 017b 18       		.uleb128 0x18
 1263 017c 00       		.byte	0
 1264 017d 00       		.byte	0
 1265 017e 1A       		.uleb128 0x1a
 1266 017f 2E       		.uleb128 0x2e
 1267 0180 00       		.byte	0
 1268 0181 3F       		.uleb128 0x3f
 1269 0182 19       		.uleb128 0x19
 1270 0183 3C       		.uleb128 0x3c
 1271 0184 19       		.uleb128 0x19
 1272 0185 6E       		.uleb128 0x6e
 1273 0186 0E       		.uleb128 0xe
 1274 0187 03       		.uleb128 0x3
 1275 0188 0E       		.uleb128 0xe
 1276 0189 3A       		.uleb128 0x3a
 1277 018a 0B       		.uleb128 0xb
 1278 018b 3B       		.uleb128 0x3b
 1279 018c 0B       		.uleb128 0xb
 1280 018d 00       		.byte	0
 1281 018e 00       		.byte	0
 1282 018f 00       		.byte	0
 1283              		.section	.debug_loclists,"",%progbits
 1284 0000 90010000 		.4byte	.Ldebug_loc3-.Ldebug_loc2
 1285              	.Ldebug_loc2:
 1286 0004 0500     		.2byte	0x5
 1287 0006 04       		.byte	0x4
 1288 0007 00       		.byte	0
 1289 0008 00000000 		.4byte	0
 1290              	.Ldebug_loc0:
 1291              	.LVUS15:
 1292 000c 00       		.uleb128 0
 1293 000d 00       		.uleb128 .LVU90
 1294 000e 00       		.uleb128 .LVU90
 1295 000f 00       		.uleb128 0
 1296              	.LLST15:
 1297 0010 06       		.byte	0x6
 1298 0011 00000000 		.4byte	.LVL25
 1299 0015 04       		.byte	0x4
 1300 0016 00       		.uleb128 .LVL25-.LVL25
 1301 0017 06       		.uleb128 .LVL26-.LVL25
 1302 0018 01       		.uleb128 0x1
 1303 0019 51       		.byte	0x51
 1304 001a 04       		.byte	0x4
 1305 001b 06       		.uleb128 .LVL26-.LVL25
 1306 001c 18       		.uleb128 .LFE437-.LVL25
 1307 001d 02       		.uleb128 0x2
 1308 001e 70       		.byte	0x70
 1309 001f 04       		.sleb128 4
 1310 0020 00       		.byte	0
 1311              	.LVUS5:
ARM GAS  C:\Users\DEVELO~1\AppData\Local\Temp\cc2PEIL3.s 			page 24


 1312 0021 00       		.uleb128 0
 1313 0022 00       		.uleb128 .LVU43
 1314 0023 00       		.uleb128 .LVU43
 1315 0024 00       		.uleb128 .LVU48
 1316 0025 00       		.uleb128 .LVU48
 1317 0026 00       		.uleb128 .LVU49
 1318 0027 00       		.uleb128 .LVU49
 1319 0028 00       		.uleb128 0
 1320              	.LLST5:
 1321 0029 06       		.byte	0x6
 1322 002a 00000000 		.4byte	.LVL10
 1323 002e 04       		.byte	0x4
 1324 002f 00       		.uleb128 .LVL10-.LVL10
 1325 0030 0E       		.uleb128 .LVL11-.LVL10
 1326 0031 01       		.uleb128 0x1
 1327 0032 50       		.byte	0x50
 1328 0033 04       		.byte	0x4
 1329 0034 0E       		.uleb128 .LVL11-.LVL10
 1330 0035 16       		.uleb128 .LVL12-.LVL10
 1331 0036 01       		.uleb128 0x1
 1332 0037 53       		.byte	0x53
 1333 0038 04       		.byte	0x4
 1334 0039 16       		.uleb128 .LVL12-.LVL10
 1335 003a 1A       		.uleb128 .LVL13-.LVL10
 1336 003b 01       		.uleb128 0x1
 1337 003c 50       		.byte	0x50
 1338 003d 04       		.byte	0x4
 1339 003e 1A       		.uleb128 .LVL13-.LVL10
 1340 003f 1C       		.uleb128 .LFE436-.LVL10
 1341 0040 04       		.uleb128 0x4
 1342 0041 A3       		.byte	0xa3
 1343 0042 01       		.uleb128 0x1
 1344 0043 50       		.byte	0x50
 1345 0044 9F       		.byte	0x9f
 1346 0045 00       		.byte	0
 1347              	.LVUS6:
 1348 0046 02       		.uleb128 .LVU35
 1349 0047 00       		.uleb128 .LVU43
 1350 0048 00       		.uleb128 .LVU43
 1351 0049 00       		.uleb128 .LVU48
 1352 004a 00       		.uleb128 .LVU48
 1353 004b 00       		.uleb128 .LVU49
 1354 004c 00       		.uleb128 .LVU49
 1355 004d 00       		.uleb128 0
 1356              	.LLST6:
 1357 004e 06       		.byte	0x6
 1358 004f 00000000 		.4byte	.LVL10
 1359 0053 04       		.byte	0x4
 1360 0054 00       		.uleb128 .LVL10-.LVL10
 1361 0055 0E       		.uleb128 .LVL11-.LVL10
 1362 0056 01       		.uleb128 0x1
 1363 0057 50       		.byte	0x50
 1364 0058 04       		.byte	0x4
 1365 0059 0E       		.uleb128 .LVL11-.LVL10
 1366 005a 16       		.uleb128 .LVL12-.LVL10
 1367 005b 01       		.uleb128 0x1
 1368 005c 53       		.byte	0x53
ARM GAS  C:\Users\DEVELO~1\AppData\Local\Temp\cc2PEIL3.s 			page 25


 1369 005d 04       		.byte	0x4
 1370 005e 16       		.uleb128 .LVL12-.LVL10
 1371 005f 1A       		.uleb128 .LVL13-.LVL10
 1372 0060 01       		.uleb128 0x1
 1373 0061 50       		.byte	0x50
 1374 0062 04       		.byte	0x4
 1375 0063 1A       		.uleb128 .LVL13-.LVL10
 1376 0064 1C       		.uleb128 .LFE436-.LVL10
 1377 0065 04       		.uleb128 0x4
 1378 0066 A3       		.byte	0xa3
 1379 0067 01       		.uleb128 0x1
 1380 0068 50       		.byte	0x50
 1381 0069 9F       		.byte	0x9f
 1382 006a 00       		.byte	0
 1383              	.LVUS2:
 1384 006b 00       		.uleb128 0
 1385 006c 00       		.uleb128 .LVU25
 1386 006d 00       		.uleb128 .LVU25
 1387 006e 00       		.uleb128 .LVU31
 1388 006f 00       		.uleb128 .LVU31
 1389 0070 00       		.uleb128 .LVU32
 1390 0071 00       		.uleb128 .LVU32
 1391 0072 00       		.uleb128 0
 1392              	.LLST2:
 1393 0073 06       		.byte	0x6
 1394 0074 00000000 		.4byte	.LVL3
 1395 0078 04       		.byte	0x4
 1396 0079 00       		.uleb128 .LVL3-.LVL3
 1397 007a 0C       		.uleb128 .LVL5-.LVL3
 1398 007b 01       		.uleb128 0x1
 1399 007c 50       		.byte	0x50
 1400 007d 04       		.byte	0x4
 1401 007e 0C       		.uleb128 .LVL5-.LVL3
 1402 007f 14       		.uleb128 .LVL8-.LVL3
 1403 0080 01       		.uleb128 0x1
 1404 0081 53       		.byte	0x53
 1405 0082 04       		.byte	0x4
 1406 0083 14       		.uleb128 .LVL8-.LVL3
 1407 0084 18       		.uleb128 .LVL9-.LVL3
 1408 0085 01       		.uleb128 0x1
 1409 0086 50       		.byte	0x50
 1410 0087 04       		.byte	0x4
 1411 0088 18       		.uleb128 .LVL9-.LVL3
 1412 0089 1A       		.uleb128 .LFE435-.LVL3
 1413 008a 01       		.uleb128 0x1
 1414 008b 53       		.byte	0x53
 1415 008c 00       		.byte	0
 1416              	.LVUS3:
 1417 008d 00       		.uleb128 .LVU27
 1418 008e 00       		.uleb128 .LVU29
 1419              	.LLST3:
 1420 008f 08       		.byte	0x8
 1421 0090 10000000 		.4byte	.LVL6
 1422 0094 02       		.uleb128 .LVL7-.LVL6
 1423 0095 06       		.uleb128 0x6
 1424 0096 73       		.byte	0x73
 1425 0097 04       		.sleb128 4
ARM GAS  C:\Users\DEVELO~1\AppData\Local\Temp\cc2PEIL3.s 			page 26


 1426 0098 06       		.byte	0x6
 1427 0099 72       		.byte	0x72
 1428 009a 00       		.sleb128 0
 1429 009b 22       		.byte	0x22
 1430 009c 00       		.byte	0
 1431              	.LVUS4:
 1432 009d 00       		.uleb128 .LVU21
 1433 009e 00       		.uleb128 .LVU25
 1434 009f 00       		.uleb128 .LVU25
 1435 00a0 00       		.uleb128 .LVU31
 1436 00a1 00       		.uleb128 .LVU31
 1437 00a2 00       		.uleb128 .LVU32
 1438 00a3 00       		.uleb128 .LVU32
 1439 00a4 00       		.uleb128 0
 1440              	.LLST4:
 1441 00a5 06       		.byte	0x6
 1442 00a6 06000000 		.4byte	.LVL4
 1443 00aa 04       		.byte	0x4
 1444 00ab 00       		.uleb128 .LVL4-.LVL4
 1445 00ac 06       		.uleb128 .LVL5-.LVL4
 1446 00ad 01       		.uleb128 0x1
 1447 00ae 50       		.byte	0x50
 1448 00af 04       		.byte	0x4
 1449 00b0 06       		.uleb128 .LVL5-.LVL4
 1450 00b1 0E       		.uleb128 .LVL8-.LVL4
 1451 00b2 01       		.uleb128 0x1
 1452 00b3 53       		.byte	0x53
 1453 00b4 04       		.byte	0x4
 1454 00b5 0E       		.uleb128 .LVL8-.LVL4
 1455 00b6 12       		.uleb128 .LVL9-.LVL4
 1456 00b7 01       		.uleb128 0x1
 1457 00b8 50       		.byte	0x50
 1458 00b9 04       		.byte	0x4
 1459 00ba 12       		.uleb128 .LVL9-.LVL4
 1460 00bb 14       		.uleb128 .LFE435-.LVL4
 1461 00bc 01       		.uleb128 0x1
 1462 00bd 53       		.byte	0x53
 1463 00be 00       		.byte	0
 1464              	.LVUS0:
 1465 00bf 00       		.uleb128 0
 1466 00c0 00       		.uleb128 .LVU5
 1467 00c1 00       		.uleb128 .LVU5
 1468 00c2 00       		.uleb128 0
 1469              	.LLST0:
 1470 00c3 06       		.byte	0x6
 1471 00c4 00000000 		.4byte	.LVL0
 1472 00c8 04       		.byte	0x4
 1473 00c9 00       		.uleb128 .LVL0-.LVL0
 1474 00ca 06       		.uleb128 .LVL2-.LVL0
 1475 00cb 01       		.uleb128 0x1
 1476 00cc 50       		.byte	0x50
 1477 00cd 04       		.byte	0x4
 1478 00ce 06       		.uleb128 .LVL2-.LVL0
 1479 00cf 22       		.uleb128 .LFE434-.LVL0
 1480 00d0 01       		.uleb128 0x1
 1481 00d1 53       		.byte	0x53
 1482 00d2 00       		.byte	0
ARM GAS  C:\Users\DEVELO~1\AppData\Local\Temp\cc2PEIL3.s 			page 27


 1483              	.LVUS1:
 1484 00d3 00       		.uleb128 .LVU3
 1485 00d4 00       		.uleb128 .LVU5
 1486 00d5 00       		.uleb128 .LVU5
 1487 00d6 00       		.uleb128 0
 1488              	.LLST1:
 1489 00d7 06       		.byte	0x6
 1490 00d8 02000000 		.4byte	.LVL1
 1491 00dc 04       		.byte	0x4
 1492 00dd 00       		.uleb128 .LVL1-.LVL1
 1493 00de 04       		.uleb128 .LVL2-.LVL1
 1494 00df 01       		.uleb128 0x1
 1495 00e0 50       		.byte	0x50
 1496 00e1 04       		.byte	0x4
 1497 00e2 04       		.uleb128 .LVL2-.LVL1
 1498 00e3 20       		.uleb128 .LFE434-.LVL1
 1499 00e4 01       		.uleb128 0x1
 1500 00e5 53       		.byte	0x53
 1501 00e6 00       		.byte	0
 1502              	.LVUS7:
 1503 00e7 00       		.uleb128 0
 1504 00e8 00       		.uleb128 .LVU56
 1505 00e9 00       		.uleb128 .LVU56
 1506 00ea 00       		.uleb128 0
 1507              	.LLST7:
 1508 00eb 06       		.byte	0x6
 1509 00ec 00000000 		.4byte	.LVL14
 1510 00f0 04       		.byte	0x4
 1511 00f1 00       		.uleb128 .LVL14-.LVL14
 1512 00f2 06       		.uleb128 .LVL16-.LVL14
 1513 00f3 01       		.uleb128 0x1
 1514 00f4 50       		.byte	0x50
 1515 00f5 04       		.byte	0x4
 1516 00f6 06       		.uleb128 .LVL16-.LVL14
 1517 00f7 26       		.uleb128 .LFE433-.LVL14
 1518 00f8 01       		.uleb128 0x1
 1519 00f9 54       		.byte	0x54
 1520 00fa 00       		.byte	0
 1521              	.LVUS8:
 1522 00fb 00       		.uleb128 0
 1523 00fc 00       		.uleb128 .LVU58
 1524 00fd 00       		.uleb128 .LVU58
 1525 00fe 00       		.uleb128 .LVU61
 1526 00ff 00       		.uleb128 .LVU61
 1527 0100 00       		.uleb128 0
 1528              	.LLST8:
 1529 0101 06       		.byte	0x6
 1530 0102 00000000 		.4byte	.LVL14
 1531 0106 04       		.byte	0x4
 1532 0107 00       		.uleb128 .LVL14-.LVL14
 1533 0108 0C       		.uleb128 .LVL17-.LVL14
 1534 0109 01       		.uleb128 0x1
 1535 010a 51       		.byte	0x51
 1536 010b 04       		.byte	0x4
 1537 010c 0C       		.uleb128 .LVL17-.LVL14
 1538 010d 1B       		.uleb128 .LVL19-1-.LVL14
 1539 010e 01       		.uleb128 0x1
ARM GAS  C:\Users\DEVELO~1\AppData\Local\Temp\cc2PEIL3.s 			page 28


 1540 010f 50       		.byte	0x50
 1541 0110 04       		.byte	0x4
 1542 0111 1B       		.uleb128 .LVL19-1-.LVL14
 1543 0112 26       		.uleb128 .LFE433-.LVL14
 1544 0113 04       		.uleb128 0x4
 1545 0114 A3       		.byte	0xa3
 1546 0115 01       		.uleb128 0x1
 1547 0116 51       		.byte	0x51
 1548 0117 9F       		.byte	0x9f
 1549 0118 00       		.byte	0
 1550              	.LVUS9:
 1551 0119 00       		.uleb128 0
 1552 011a 00       		.uleb128 .LVU60
 1553 011b 00       		.uleb128 .LVU60
 1554 011c 00       		.uleb128 0
 1555              	.LLST9:
 1556 011d 06       		.byte	0x6
 1557 011e 00000000 		.4byte	.LVL14
 1558 0122 04       		.byte	0x4
 1559 0123 00       		.uleb128 .LVL14-.LVL14
 1560 0124 16       		.uleb128 .LVL18-.LVL14
 1561 0125 01       		.uleb128 0x1
 1562 0126 52       		.byte	0x52
 1563 0127 04       		.byte	0x4
 1564 0128 16       		.uleb128 .LVL18-.LVL14
 1565 0129 26       		.uleb128 .LFE433-.LVL14
 1566 012a 01       		.uleb128 0x1
 1567 012b 55       		.byte	0x55
 1568 012c 00       		.byte	0
 1569              	.LVUS10:
 1570 012d 00       		.uleb128 .LVU54
 1571 012e 00       		.uleb128 .LVU56
 1572 012f 00       		.uleb128 .LVU56
 1573 0130 00       		.uleb128 0
 1574              	.LLST10:
 1575 0131 06       		.byte	0x6
 1576 0132 04000000 		.4byte	.LVL15
 1577 0136 04       		.byte	0x4
 1578 0137 00       		.uleb128 .LVL15-.LVL15
 1579 0138 02       		.uleb128 .LVL16-.LVL15
 1580 0139 01       		.uleb128 0x1
 1581 013a 50       		.byte	0x50
 1582 013b 04       		.byte	0x4
 1583 013c 02       		.uleb128 .LVL16-.LVL15
 1584 013d 22       		.uleb128 .LFE433-.LVL15
 1585 013e 01       		.uleb128 0x1
 1586 013f 54       		.byte	0x54
 1587 0140 00       		.byte	0
 1588              	.LVUS11:
 1589 0141 00       		.uleb128 0
 1590 0142 00       		.uleb128 .LVU75
 1591 0143 00       		.uleb128 .LVU75
 1592 0144 00       		.uleb128 0
 1593              	.LLST11:
 1594 0145 06       		.byte	0x6
 1595 0146 00000000 		.4byte	.LVL20
 1596 014a 04       		.byte	0x4
ARM GAS  C:\Users\DEVELO~1\AppData\Local\Temp\cc2PEIL3.s 			page 29


 1597 014b 00       		.uleb128 .LVL20-.LVL20
 1598 014c 0A       		.uleb128 .LVL22-.LVL20
 1599 014d 01       		.uleb128 0x1
 1600 014e 50       		.byte	0x50
 1601 014f 04       		.byte	0x4
 1602 0150 0A       		.uleb128 .LVL22-.LVL20
 1603 0151 24       		.uleb128 .LFE432-.LVL20
 1604 0152 01       		.uleb128 0x1
 1605 0153 54       		.byte	0x54
 1606 0154 00       		.byte	0
 1607              	.LVUS12:
 1608 0155 00       		.uleb128 0
 1609 0156 00       		.uleb128 .LVU78
 1610 0157 00       		.uleb128 .LVU78
 1611 0158 00       		.uleb128 0
 1612              	.LLST12:
 1613 0159 06       		.byte	0x6
 1614 015a 00000000 		.4byte	.LVL20
 1615 015e 04       		.byte	0x4
 1616 015f 00       		.uleb128 .LVL20-.LVL20
 1617 0160 19       		.uleb128 .LVL24-1-.LVL20
 1618 0161 01       		.uleb128 0x1
 1619 0162 51       		.byte	0x51
 1620 0163 04       		.byte	0x4
 1621 0164 19       		.uleb128 .LVL24-1-.LVL20
 1622 0165 24       		.uleb128 .LFE432-.LVL20
 1623 0166 04       		.uleb128 0x4
 1624 0167 A3       		.byte	0xa3
 1625 0168 01       		.uleb128 0x1
 1626 0169 51       		.byte	0x51
 1627 016a 9F       		.byte	0x9f
 1628 016b 00       		.byte	0
 1629              	.LVUS13:
 1630 016c 00       		.uleb128 0
 1631 016d 00       		.uleb128 .LVU77
 1632 016e 00       		.uleb128 .LVU77
 1633 016f 00       		.uleb128 0
 1634              	.LLST13:
 1635 0170 06       		.byte	0x6
 1636 0171 00000000 		.4byte	.LVL20
 1637 0175 04       		.byte	0x4
 1638 0176 00       		.uleb128 .LVL20-.LVL20
 1639 0177 14       		.uleb128 .LVL23-.LVL20
 1640 0178 01       		.uleb128 0x1
 1641 0179 52       		.byte	0x52
 1642 017a 04       		.byte	0x4
 1643 017b 14       		.uleb128 .LVL23-.LVL20
 1644 017c 24       		.uleb128 .LFE432-.LVL20
 1645 017d 01       		.uleb128 0x1
 1646 017e 55       		.byte	0x55
 1647 017f 00       		.byte	0
 1648              	.LVUS14:
 1649 0180 00       		.uleb128 .LVU73
 1650 0181 00       		.uleb128 .LVU75
 1651 0182 00       		.uleb128 .LVU75
 1652 0183 00       		.uleb128 0
 1653              	.LLST14:
ARM GAS  C:\Users\DEVELO~1\AppData\Local\Temp\cc2PEIL3.s 			page 30


 1654 0184 06       		.byte	0x6
 1655 0185 08000000 		.4byte	.LVL21
 1656 0189 04       		.byte	0x4
 1657 018a 00       		.uleb128 .LVL21-.LVL21
 1658 018b 02       		.uleb128 .LVL22-.LVL21
 1659 018c 01       		.uleb128 0x1
 1660 018d 50       		.byte	0x50
 1661 018e 04       		.byte	0x4
 1662 018f 02       		.uleb128 .LVL22-.LVL21
 1663 0190 1C       		.uleb128 .LFE432-.LVL21
 1664 0191 01       		.uleb128 0x1
 1665 0192 54       		.byte	0x54
 1666 0193 00       		.byte	0
 1667              	.Ldebug_loc3:
 1668              		.section	.debug_aranges,"",%progbits
 1669 0000 44000000 		.4byte	0x44
 1670 0004 0200     		.2byte	0x2
 1671 0006 00000000 		.4byte	.Ldebug_info0
 1672 000a 04       		.byte	0x4
 1673 000b 00       		.byte	0
 1674 000c 0000     		.2byte	0
 1675 000e 0000     		.2byte	0
 1676 0010 00000000 		.4byte	.LFB434
 1677 0014 22000000 		.4byte	.LFE434-.LFB434
 1678 0018 00000000 		.4byte	.LFB435
 1679 001c 1A000000 		.4byte	.LFE435-.LFB435
 1680 0020 00000000 		.4byte	.LFB436
 1681 0024 1C000000 		.4byte	.LFE436-.LFB436
 1682 0028 00000000 		.4byte	.LFB433
 1683 002c 26000000 		.4byte	.LFE433-.LFB433
 1684 0030 00000000 		.4byte	.LFB432
 1685 0034 24000000 		.4byte	.LFE432-.LFB432
 1686 0038 00000000 		.4byte	.LFB437
 1687 003c 18000000 		.4byte	.LFE437-.LFB437
 1688 0040 00000000 		.4byte	0
 1689 0044 00000000 		.4byte	0
 1690              		.section	.debug_rnglists,"",%progbits
 1691              	.Ldebug_ranges0:
 1692 0000 2D000000 		.4byte	.Ldebug_ranges3-.Ldebug_ranges2
 1693              	.Ldebug_ranges2:
 1694 0004 0500     		.2byte	0x5
 1695 0006 04       		.byte	0x4
 1696 0007 00       		.byte	0
 1697 0008 00000000 		.4byte	0
 1698              	.LLRL16:
 1699 000c 07       		.byte	0x7
 1700 000d 00000000 		.4byte	.LFB434
 1701 0011 22       		.uleb128 .LFE434-.LFB434
 1702 0012 07       		.byte	0x7
 1703 0013 00000000 		.4byte	.LFB435
 1704 0017 1A       		.uleb128 .LFE435-.LFB435
 1705 0018 07       		.byte	0x7
 1706 0019 00000000 		.4byte	.LFB436
 1707 001d 1C       		.uleb128 .LFE436-.LFB436
 1708 001e 07       		.byte	0x7
 1709 001f 00000000 		.4byte	.LFB433
 1710 0023 26       		.uleb128 .LFE433-.LFB433
ARM GAS  C:\Users\DEVELO~1\AppData\Local\Temp\cc2PEIL3.s 			page 31


 1711 0024 07       		.byte	0x7
 1712 0025 00000000 		.4byte	.LFB432
 1713 0029 24       		.uleb128 .LFE432-.LFB432
 1714 002a 07       		.byte	0x7
 1715 002b 00000000 		.4byte	.LFB437
 1716 002f 18       		.uleb128 .LFE437-.LFB437
 1717 0030 00       		.byte	0
 1718              	.Ldebug_ranges3:
 1719              		.section	.debug_line,"",%progbits
 1720              	.Ldebug_line0:
 1721 0000 A0030000 		.section	.debug_str,"MS",%progbits,1
 1721      03001102 
 1721      00000201 
 1721      FB0E0D00 
 1721      01010101 
 1722              	.LASF5:
 1723 0000 5F5F7569 		.ascii	"__uint8_t\000"
 1723      6E74385F 
 1723      7400
 1724              	.LASF4:
 1725 000a 73697A65 		.ascii	"size_t\000"
 1725      5F7400
 1726              	.LASF37:
 1727 0011 5F5F6275 		.ascii	"__builtin_memcpy\000"
 1727      696C7469 
 1727      6E5F6D65 
 1727      6D637079 
 1727      00
 1728              	.LASF28:
 1729 0022 5F707574 		.ascii	"_put\000"
 1729      00
 1730              	.LASF9:
 1731 0027 5F5F696E 		.ascii	"__int32_t\000"
 1731      7433325F 
 1731      7400
 1732              	.LASF0:
 1733 0031 756E7369 		.ascii	"unsigned int\000"
 1733      676E6564 
 1733      20696E74 
 1733      00
 1734              	.LASF34:
 1735 003e 4D656D53 		.ascii	"MemStreamVMT\000"
 1735      74726561 
 1735      6D564D54 
 1735      00
 1736              	.LASF2:
 1737 004b 6C6F6E67 		.ascii	"long double\000"
 1737      20646F75 
 1737      626C6500 
 1738              	.LASF3:
 1739 0057 7369676E 		.ascii	"signed char\000"
 1739      65642063 
 1739      68617200 
 1740              	.LASF6:
 1741 0063 756E7369 		.ascii	"unsigned char\000"
 1741      676E6564 
 1741      20636861 
ARM GAS  C:\Users\DEVELO~1\AppData\Local\Temp\cc2PEIL3.s 			page 32


 1741      7200
 1742              	.LASF8:
 1743 0071 73686F72 		.ascii	"short unsigned int\000"
 1743      7420756E 
 1743      7369676E 
 1743      65642069 
 1743      6E7400
 1744              	.LASF19:
 1745 0084 77726974 		.ascii	"write\000"
 1745      6500
 1746              	.LASF33:
 1747 008a 433A5C50 		.ascii	"C:\\PROJET\\ChibiOS project\\ChibiOS_21.11.4\\demos"
 1747      524F4A45 
 1747      545C4368 
 1747      6962694F 
 1747      53207072 
 1748 00b9 5C53544D 		.ascii	"\\STM32\\RT-STM32H743ZI_REV_XY-NUCLEO144\000"
 1748      33325C52 
 1748      542D5354 
 1748      4D333248 
 1748      3734335A 
 1749              	.LASF36:
 1750 00e0 6D734F62 		.ascii	"msObjectInit\000"
 1750      6A656374 
 1750      496E6974 
 1750      00
 1751              	.LASF18:
 1752 00ed 696E7374 		.ascii	"instance_offset\000"
 1752      616E6365 
 1752      5F6F6666 
 1752      73657400 
 1753              	.LASF27:
 1754 00fd 5F676574 		.ascii	"_get\000"
 1754      00
 1755              	.LASF20:
 1756 0102 72656164 		.ascii	"read\000"
 1756      00
 1757              	.LASF11:
 1758 0107 6C6F6E67 		.ascii	"long unsigned int\000"
 1758      20756E73 
 1758      69676E65 
 1758      6420696E 
 1758      7400
 1759              	.LASF21:
 1760 0119 756E6765 		.ascii	"unget\000"
 1760      7400
 1761              	.LASF23:
 1762 011f 73697A65 		.ascii	"size\000"
 1762      00
 1763              	.LASF13:
 1764 0124 63686172 		.ascii	"char\000"
 1764      00
 1765              	.LASF14:
 1766 0129 75696E74 		.ascii	"uint8_t\000"
 1766      385F7400 
 1767              	.LASF16:
 1768 0131 6D73675F 		.ascii	"msg_t\000"
ARM GAS  C:\Users\DEVELO~1\AppData\Local\Temp\cc2PEIL3.s 			page 33


 1768      7400
 1769              	.LASF29:
 1770 0137 5F726561 		.ascii	"_reads\000"
 1770      647300
 1771              	.LASF15:
 1772 013e 696E7433 		.ascii	"int32_t\000"
 1772      325F7400 
 1773              	.LASF30:
 1774 0146 5F777269 		.ascii	"_writes\000"
 1774      74657300 
 1775              	.LASF1:
 1776 014e 6C6F6E67 		.ascii	"long long int\000"
 1776      206C6F6E 
 1776      6720696E 
 1776      7400
 1777              	.LASF35:
 1778 015c 6D656D63 		.ascii	"memcpy\000"
 1778      707900
 1779              	.LASF32:
 1780 0163 2E2E2F2E 		.ascii	"../../../os/hal/lib/streams/memstreams.c\000"
 1780      2E2F2E2E 
 1780      2F6F732F 
 1780      68616C2F 
 1780      6C69622F 
 1781              	.LASF24:
 1782 018c 6F666673 		.ascii	"offset\000"
 1782      657400
 1783              	.LASF7:
 1784 0193 73686F72 		.ascii	"short int\000"
 1784      7420696E 
 1784      7400
 1785              	.LASF22:
 1786 019d 62756666 		.ascii	"buffer\000"
 1786      657200
 1787              	.LASF31:
 1788 01a4 474E5520 		.ascii	"GNU C17 11.3.1 20220712 -mcpu=cortex-m7 -mthumb -mf"
 1788      43313720 
 1788      31312E33 
 1788      2E312032 
 1788      30323230 
 1789 01d7 6C6F6174 		.ascii	"loat-abi=soft -march=armv7e-m -ggdb -O2 -fomit-fram"
 1789      2D616269 
 1789      3D736F66 
 1789      74202D6D 
 1789      61726368 
 1790 020a 652D706F 		.ascii	"e-pointer -falign-functions=16 -ffunction-sections "
 1790      696E7465 
 1790      72202D66 
 1790      616C6967 
 1790      6E2D6675 
 1791 023d 2D666461 		.ascii	"-fdata-sections -fno-common\000"
 1791      74612D73 
 1791      65637469 
 1791      6F6E7320 
 1791      2D666E6F 
 1792              	.LASF10:
 1793 0259 6C6F6E67 		.ascii	"long int\000"
ARM GAS  C:\Users\DEVELO~1\AppData\Local\Temp\cc2PEIL3.s 			page 34


 1793      20696E74 
 1793      00
 1794              	.LASF25:
 1795 0262 4D656D6F 		.ascii	"MemoryStream\000"
 1795      72795374 
 1795      7265616D 
 1795      00
 1796              	.LASF26:
 1797 026f 5F756E67 		.ascii	"_unget\000"
 1797      657400
 1798              	.LASF17:
 1799 0276 5F426F6F 		.ascii	"_Bool\000"
 1799      6C00
 1800              	.LASF12:
 1801 027c 6C6F6E67 		.ascii	"long long unsigned int\000"
 1801      206C6F6E 
 1801      6720756E 
 1801      7369676E 
 1801      65642069 
 1802              		.ident	"GCC: (Arm GNU Toolchain 11.3.Rel1) 11.3.1 20220712"
ARM GAS  C:\Users\DEVELO~1\AppData\Local\Temp\cc2PEIL3.s 			page 35


DEFINED SYMBOLS
                            *ABS*:00000000 memstreams.c
C:\Users\DEVELO~1\AppData\Local\Temp\cc2PEIL3.s:18     .text._put:00000000 $t
C:\Users\DEVELO~1\AppData\Local\Temp\cc2PEIL3.s:24     .text._put:00000000 _put
C:\Users\DEVELO~1\AppData\Local\Temp\cc2PEIL3.s:68     .text._get:00000000 $t
C:\Users\DEVELO~1\AppData\Local\Temp\cc2PEIL3.s:74     .text._get:00000000 _get
C:\Users\DEVELO~1\AppData\Local\Temp\cc2PEIL3.s:120    .text._unget:00000000 $t
C:\Users\DEVELO~1\AppData\Local\Temp\cc2PEIL3.s:126    .text._unget:00000000 _unget
C:\Users\DEVELO~1\AppData\Local\Temp\cc2PEIL3.s:175    .text._reads:00000000 $t
C:\Users\DEVELO~1\AppData\Local\Temp\cc2PEIL3.s:181    .text._reads:00000000 _reads
C:\Users\DEVELO~1\AppData\Local\Temp\cc2PEIL3.s:236    .text._writes:00000000 $t
C:\Users\DEVELO~1\AppData\Local\Temp\cc2PEIL3.s:242    .text._writes:00000000 _writes
C:\Users\DEVELO~1\AppData\Local\Temp\cc2PEIL3.s:294    .text.msObjectInit:00000000 $t
C:\Users\DEVELO~1\AppData\Local\Temp\cc2PEIL3.s:301    .text.msObjectInit:00000000 msObjectInit
C:\Users\DEVELO~1\AppData\Local\Temp\cc2PEIL3.s:339    .text.msObjectInit:00000014 $d
C:\Users\DEVELO~1\AppData\Local\Temp\cc2PEIL3.s:344    .rodata.vmt:00000000 $d
C:\Users\DEVELO~1\AppData\Local\Temp\cc2PEIL3.s:348    .rodata.vmt:00000000 vmt

UNDEFINED SYMBOLS
memcpy
