ARM GAS  C:\Users\DEVELO~1\AppData\Local\Temp\ccKu8lsr.s 			page 1


   1              		.cpu cortex-m7
   2              		.arch armv7e-m
   3              		.fpu softvfp
   4              		.eabi_attribute 20, 1
   5              		.eabi_attribute 21, 1
   6              		.eabi_attribute 23, 3
   7              		.eabi_attribute 24, 1
   8              		.eabi_attribute 25, 1
   9              		.eabi_attribute 26, 1
  10              		.eabi_attribute 30, 2
  11              		.eabi_attribute 34, 1
  12              		.eabi_attribute 18, 4
  13              		.file	"sdram_hw.c"
  14              		.text
  15              	.Ltext0:
  16              		.cfi_sections	.debug_frame
  17              		.section	.text.sdram_hw_init_sequence,"ax",%progbits
  18              		.align	1
  19              		.p2align 4,,15
  20              		.global	sdram_hw_init_sequence
  21              		.syntax unified
  22              		.thumb
  23              		.thumb_func
  24              		.type	sdram_hw_init_sequence, %function
  25              	sdram_hw_init_sequence:
  26              	.LFB349:
  27              		.file 1 "drivers/sdram/sdram_hw.c"
  28              		.loc 1 52 1 view -0
  29              		.cfi_startproc
  30              		@ args = 0, pretend = 0, frame = 0
  31              		@ frame_needed = 0, uses_anonymous_args = 0
  32              		.loc 1 53 3 view .LVU1
  33              		.loc 1 53 11 is_stmt 0 view .LVU2
  34 0000 304B     		ldr	r3, .L47
  35 0002 D3F8D420 		ldr	r2, [r3, #212]
  36              		.loc 1 53 6 view .LVU3
  37 0006 D004     		lsls	r0, r2, #19
  38              		.loc 1 52 1 view .LVU4
  39 0008 10B5     		push	{r4, lr}
  40              		.cfi_def_cfa_offset 8
  41              		.cfi_offset 4, -8
  42              		.cfi_offset 14, -4
  43              		.loc 1 53 6 view .LVU5
  44 000a 07D4     		bmi	.L2
  45              		.loc 1 54 5 is_stmt 1 view .LVU6
  46              		.loc 1 54 18 is_stmt 0 view .LVU7
  47 000c D3F8D420 		ldr	r2, [r3, #212]
  48 0010 42F48052 		orr	r2, r2, #4096
  49 0014 C3F8D420 		str	r2, [r3, #212]
  50              		.loc 1 55 5 is_stmt 1 view .LVU8
  51 0018 D3F8D430 		ldr	r3, [r3, #212]
  52              	.L2:
  53              		.loc 1 58 3 view .LVU9
  54              	.LVL0:
  55              		.loc 1 67 3 view .LVU10
  56              		.loc 1 75 3 view .LVU11
  57              		.loc 1 75 26 is_stmt 0 view .LVU12
ARM GAS  C:\Users\DEVELO~1\AppData\Local\Temp\ccKu8lsr.s 			page 2


  58 001c 2A4C     		ldr	r4, .L47+4
  59 001e 41F65912 		movw	r2, #6489
  60              		.loc 1 76 26 view .LVU13
  61 0022 2A4B     		ldr	r3, .L47+8
  62              		.loc 1 78 3 view .LVU14
  63 0024 0220     		movs	r0, #2
  64              		.loc 1 75 26 view .LVU15
  65 0026 2264     		str	r2, [r4, #64]
  66              		.loc 1 76 3 is_stmt 1 view .LVU16
  67              		.loc 1 76 26 is_stmt 0 view .LVU17
  68 0028 A364     		str	r3, [r4, #72]
  69              		.loc 1 78 3 is_stmt 1 view .LVU18
  70 002a FFF7FEFF 		bl	chThdSleep
  71              	.LVL1:
  72              		.loc 1 80 3 view .LVU19
  73              	.LBB24:
  74              	.LBI24:
  75              		.loc 1 34 13 view .LVU20
  76              	.LBB25:
  77              		.loc 1 36 3 view .LVU21
  78              		.loc 1 42 3 view .LVU22
  79              		.loc 1 42 24 is_stmt 0 view .LVU23
  80 002e 1122     		movs	r2, #17
  81              	.LBB26:
  82              	.LBB27:
  83              		.loc 1 25 9 view .LVU24
  84 0030 4FF48023 		mov	r3, #262144
  85              	.LBE27:
  86              	.LBE26:
  87              		.loc 1 42 24 view .LVU25
  88 0034 2265     		str	r2, [r4, #80]
  89              		.loc 1 43 3 is_stmt 1 view .LVU26
  90              	.LVL2:
  91              	.LBB29:
  92              	.LBI26:
  93              		.loc 1 23 13 view .LVU27
  94              	.LBB28:
  95              		.loc 1 25 3 view .LVU28
  96              		.loc 1 25 9 is_stmt 0 view .LVU29
  97 0036 01E0     		b	.L3
  98              	.LVL3:
  99              	.L5:
 100              		.loc 1 26 8 view .LVU30
 101 0038 013B     		subs	r3, r3, #1
 102              	.LVL4:
 103              		.loc 1 26 8 view .LVU31
 104 003a 41D0     		beq	.L7
 105              	.LVL5:
 106              	.L3:
 107              		.loc 1 26 5 is_stmt 1 view .LVU32
 108              		.loc 1 25 50 view .LVU33
 109              		.loc 1 25 24 is_stmt 0 view .LVU34
 110 003c A26D     		ldr	r2, [r4, #88]
 111              		.loc 1 25 50 view .LVU35
 112 003e 9106     		lsls	r1, r2, #26
 113 0040 FAD4     		bmi	.L5
 114              	.LVL6:
ARM GAS  C:\Users\DEVELO~1\AppData\Local\Temp\ccKu8lsr.s 			page 3


 115              		.loc 1 25 50 view .LVU36
 116              	.LBE28:
 117              	.LBE29:
 118              	.LBE25:
 119              	.LBE24:
 120              		.loc 1 84 3 is_stmt 1 view .LVU37
 121 0042 0A20     		movs	r0, #10
 122 0044 FFF7FEFF 		bl	chThdSleep
 123              	.LVL7:
 124              		.loc 1 86 3 view .LVU38
 125              	.LBB30:
 126              	.LBI30:
 127              		.loc 1 34 13 view .LVU39
 128              	.LBB31:
 129              		.loc 1 36 3 view .LVU40
 130              		.loc 1 42 3 view .LVU41
 131              		.loc 1 42 24 is_stmt 0 view .LVU42
 132 0048 1222     		movs	r2, #18
 133              	.LBB32:
 134              	.LBB33:
 135              		.loc 1 25 9 view .LVU43
 136 004a 4FF48023 		mov	r3, #262144
 137              		.loc 1 25 24 view .LVU44
 138 004e 1E49     		ldr	r1, .L47+4
 139              	.LBE33:
 140              	.LBE32:
 141              		.loc 1 42 24 view .LVU45
 142 0050 2265     		str	r2, [r4, #80]
 143              		.loc 1 43 3 is_stmt 1 view .LVU46
 144              	.LVL8:
 145              	.LBB35:
 146              	.LBI32:
 147              		.loc 1 23 13 view .LVU47
 148              	.LBB34:
 149              		.loc 1 25 3 view .LVU48
 150              		.loc 1 25 9 is_stmt 0 view .LVU49
 151 0052 01E0     		b	.L20
 152              	.LVL9:
 153              	.L8:
 154              		.loc 1 26 8 view .LVU50
 155 0054 013B     		subs	r3, r3, #1
 156              	.LVL10:
 157              		.loc 1 26 8 view .LVU51
 158 0056 33D0     		beq	.L7
 159              	.LVL11:
 160              	.L20:
 161              		.loc 1 26 5 is_stmt 1 view .LVU52
 162              		.loc 1 25 50 view .LVU53
 163              		.loc 1 25 24 is_stmt 0 view .LVU54
 164 0058 8A6D     		ldr	r2, [r1, #88]
 165              		.loc 1 25 50 view .LVU55
 166 005a 9206     		lsls	r2, r2, #26
 167 005c FAD4     		bmi	.L8
 168              	.LVL12:
 169              		.loc 1 25 50 view .LVU56
 170              	.LBE34:
 171              	.LBE35:
ARM GAS  C:\Users\DEVELO~1\AppData\Local\Temp\ccKu8lsr.s 			page 4


 172              	.LBE31:
 173              	.LBE30:
 174              		.loc 1 90 3 is_stmt 1 view .LVU57
 175              	.LBB36:
 176              	.LBI36:
 177              		.loc 1 34 13 view .LVU58
 178              	.LBB37:
 179              		.loc 1 36 3 view .LVU59
 180              		.loc 1 42 3 view .LVU60
 181              		.loc 1 42 24 is_stmt 0 view .LVU61
 182 005e F322     		movs	r2, #243
 183              	.LBB38:
 184              	.LBB39:
 185              		.loc 1 25 9 view .LVU62
 186 0060 4FF48023 		mov	r3, #262144
 187              		.loc 1 25 24 view .LVU63
 188 0064 1848     		ldr	r0, .L47+4
 189              	.LBE39:
 190              	.LBE38:
 191              		.loc 1 42 24 view .LVU64
 192 0066 0A65     		str	r2, [r1, #80]
 193              		.loc 1 43 3 is_stmt 1 view .LVU65
 194              	.LVL13:
 195              	.LBB41:
 196              	.LBI38:
 197              		.loc 1 23 13 view .LVU66
 198              	.LBB40:
 199              		.loc 1 25 3 view .LVU67
 200              		.loc 1 25 9 is_stmt 0 view .LVU68
 201 0068 01E0     		b	.L19
 202              	.LVL14:
 203              	.L10:
 204              		.loc 1 26 8 view .LVU69
 205 006a 013B     		subs	r3, r3, #1
 206              	.LVL15:
 207              		.loc 1 26 8 view .LVU70
 208 006c 28D0     		beq	.L7
 209              	.LVL16:
 210              	.L19:
 211              		.loc 1 26 5 is_stmt 1 view .LVU71
 212              		.loc 1 25 50 view .LVU72
 213              		.loc 1 25 24 is_stmt 0 view .LVU73
 214 006e 826D     		ldr	r2, [r0, #88]
 215              		.loc 1 25 50 view .LVU74
 216 0070 9406     		lsls	r4, r2, #26
 217 0072 FAD4     		bmi	.L10
 218              	.LVL17:
 219              		.loc 1 25 50 view .LVU75
 220              	.LBE40:
 221              	.LBE41:
 222              	.LBE37:
 223              	.LBE36:
 224              		.loc 1 94 3 is_stmt 1 view .LVU76
 225              	.LBB42:
 226              	.LBI42:
 227              		.loc 1 34 13 view .LVU77
 228              	.LBB43:
ARM GAS  C:\Users\DEVELO~1\AppData\Local\Temp\ccKu8lsr.s 			page 5


 229              		.loc 1 36 3 view .LVU78
 230              		.loc 1 42 3 view .LVU79
 231              		.loc 1 42 24 is_stmt 0 view .LVU80
 232 0074 46F21442 		movw	r2, #25620
 233              	.LBB44:
 234              	.LBB45:
 235              		.loc 1 25 9 view .LVU81
 236 0078 4FF48023 		mov	r3, #262144
 237              		.loc 1 25 24 view .LVU82
 238 007c 1249     		ldr	r1, .L47+4
 239              	.LBE45:
 240              	.LBE44:
 241              		.loc 1 42 24 view .LVU83
 242 007e 0265     		str	r2, [r0, #80]
 243              		.loc 1 43 3 is_stmt 1 view .LVU84
 244              	.LVL18:
 245              	.LBB47:
 246              	.LBI44:
 247              		.loc 1 23 13 view .LVU85
 248              	.LBB46:
 249              		.loc 1 25 3 view .LVU86
 250              		.loc 1 25 9 is_stmt 0 view .LVU87
 251 0080 01E0     		b	.L18
 252              	.LVL19:
 253              	.L12:
 254              		.loc 1 26 8 view .LVU88
 255 0082 013B     		subs	r3, r3, #1
 256              	.LVL20:
 257              		.loc 1 26 8 view .LVU89
 258 0084 1CD0     		beq	.L7
 259              	.LVL21:
 260              	.L18:
 261              		.loc 1 26 5 is_stmt 1 view .LVU90
 262              		.loc 1 25 50 view .LVU91
 263              		.loc 1 25 24 is_stmt 0 view .LVU92
 264 0086 8A6D     		ldr	r2, [r1, #88]
 265              		.loc 1 25 50 view .LVU93
 266 0088 9006     		lsls	r0, r2, #26
 267 008a FAD4     		bmi	.L12
 268              	.LVL22:
 269              		.loc 1 25 50 view .LVU94
 270              	.LBE46:
 271              	.LBE47:
 272              	.LBE43:
 273              	.LBE42:
 274              		.loc 1 98 3 is_stmt 1 view .LVU95
 275              		.loc 1 98 12 is_stmt 0 view .LVU96
 276 008c 4C6D     		ldr	r4, [r1, #84]
 277              	.LVL23:
 278              		.loc 1 99 3 is_stmt 1 view .LVU97
 279              		.loc 1 100 9 is_stmt 0 view .LVU98
 280 008e 40F2F252 		movw	r2, #1522
 281              		.loc 1 99 9 view .LVU99
 282 0092 0F48     		ldr	r0, .L47+12
 283              	.LBB48:
 284              	.LBB49:
 285              		.loc 1 25 9 view .LVU100
ARM GAS  C:\Users\DEVELO~1\AppData\Local\Temp\ccKu8lsr.s 			page 6


 286 0094 4FF48023 		mov	r3, #262144
 287              	.LBE49:
 288              	.LBE48:
 289              		.loc 1 99 9 view .LVU101
 290 0098 2040     		ands	r0, r0, r4
 291              	.LVL24:
 292              		.loc 1 100 3 is_stmt 1 view .LVU102
 293              		.loc 1 100 9 is_stmt 0 view .LVU103
 294 009a 0243     		orrs	r2, r2, r0
 295              	.LVL25:
 296              		.loc 1 101 3 is_stmt 1 view .LVU104
 297              	.LBB52:
 298              	.LBB50:
 299              		.loc 1 25 24 is_stmt 0 view .LVU105
 300 009c 0A48     		ldr	r0, .L47+4
 301              	.LBE50:
 302              	.LBE52:
 303              		.loc 1 101 24 view .LVU106
 304 009e 4A65     		str	r2, [r1, #84]
 305              		.loc 1 103 3 is_stmt 1 view .LVU107
 306              	.LVL26:
 307              	.LBB53:
 308              	.LBI48:
 309              		.loc 1 23 13 view .LVU108
 310              	.LBB51:
 311              		.loc 1 25 3 view .LVU109
 312              		.loc 1 25 9 is_stmt 0 view .LVU110
 313 00a0 01E0     		b	.L17
 314              	.LVL27:
 315              	.L14:
 316              		.loc 1 26 8 view .LVU111
 317 00a2 013B     		subs	r3, r3, #1
 318              	.LVL28:
 319              		.loc 1 26 8 view .LVU112
 320 00a4 0CD0     		beq	.L7
 321              	.LVL29:
 322              	.L17:
 323              		.loc 1 26 5 is_stmt 1 view .LVU113
 324              		.loc 1 25 50 view .LVU114
 325              		.loc 1 25 24 is_stmt 0 view .LVU115
 326 00a6 826D     		ldr	r2, [r0, #88]
 327              		.loc 1 25 50 view .LVU116
 328 00a8 9206     		lsls	r2, r2, #26
 329 00aa FAD4     		bmi	.L14
 330              	.LVL30:
 331              		.loc 1 25 50 view .LVU117
 332              	.LBE51:
 333              	.LBE53:
 334              		.loc 1 107 3 is_stmt 1 view .LVU118
 335              		.loc 1 107 18 is_stmt 0 view .LVU119
 336 00ac 836D     		ldr	r3, [r0, #88]
 337              	.LVL31:
 338              		.loc 1 108 3 is_stmt 1 view .LVU120
 339              		.loc 1 108 6 is_stmt 0 view .LVU121
 340 00ae DB07     		lsls	r3, r3, #31
 341              	.LVL32:
 342              		.loc 1 108 6 view .LVU122
ARM GAS  C:\Users\DEVELO~1\AppData\Local\Temp\ccKu8lsr.s 			page 7


 343 00b0 06D4     		bmi	.L7
 344              		.loc 1 112 3 is_stmt 1 view .LVU123
 345              	.LBB54:
 346              	.LBI54:
 347              		.loc 1 46 17 view .LVU124
 348              	.LBB55:
 349              		.loc 1 48 3 view .LVU125
 350              		.loc 1 48 24 is_stmt 0 view .LVU126
 351 00b2 836D     		ldr	r3, [r0, #88]
 352              	.LVL33:
 353              		.loc 1 48 24 view .LVU127
 354              	.LBE55:
 355              	.LBE54:
 356              		.loc 1 113 3 is_stmt 1 view .LVU128
 357              		.loc 1 113 6 is_stmt 0 view .LVU129
 358 00b4 13F0060F 		tst	r3, #6
 359 00b8 0CBF     		ite	eq
 360 00ba 0120     		moveq	r0, #1
 361              	.LVL34:
 362              		.loc 1 113 6 view .LVU130
 363 00bc 0020     		movne	r0, #0
 364              		.loc 1 118 1 view .LVU131
 365 00be 10BD     		pop	{r4, pc}
 366              	.LVL35:
 367              	.L7:
 368              		.loc 1 81 12 view .LVU132
 369 00c0 0020     		movs	r0, #0
 370              		.loc 1 118 1 view .LVU133
 371 00c2 10BD     		pop	{r4, pc}
 372              	.L48:
 373              		.align	2
 374              	.L47:
 375 00c4 00440258 		.word	1476543488
 376 00c8 00410052 		.word	1375748352
 377 00cc 71552202 		.word	35804529
 378 00d0 01C0FFFF 		.word	-16383
 379              		.cfi_endproc
 380              	.LFE349:
 381              		.size	sdram_hw_init_sequence, .-sdram_hw_init_sequence
 382              		.text
 383              	.Letext0:
 384              		.file 2 "c:\\chibistudio\\tools\\gnu tools arm embedded\\11.3 2022.08\\arm-none-eabi\\include\\mac
 385              		.file 3 "c:\\chibistudio\\tools\\gnu tools arm embedded\\11.3 2022.08\\arm-none-eabi\\include\\sys
 386              		.file 4 "../../../os/rt/include/chtime.h"
 387              		.file 5 "../../../os/common/ext/ST/STM32H7xx/stm32h743xx.h"
 388              		.file 6 "../../../os/rt/include/chthreads.h"
 389              		.section	.debug_info,"",%progbits
 390              	.Ldebug_info0:
 391 0000 AC070000 		.4byte	0x7ac
 392 0004 0500     		.2byte	0x5
 393 0006 01       		.byte	0x1
 394 0007 04       		.byte	0x4
 395 0008 00000000 		.4byte	.Ldebug_abbrev0
 396 000c 11       		.uleb128 0x11
 397 000d B0000000 		.4byte	.LASF94
 398 0011 1D       		.byte	0x1d
 399 0012 1D000000 		.4byte	.LASF95
ARM GAS  C:\Users\DEVELO~1\AppData\Local\Temp\ccKu8lsr.s 			page 8


 400 0016 E9020000 		.4byte	.LASF96
 401 001a 4B000000 		.4byte	.LLRL29
 402 001e 00000000 		.4byte	0
 403 0022 00000000 		.4byte	.Ldebug_line0
 404 0026 12       		.uleb128 0x12
 405 0027 04       		.byte	0x4
 406 0028 05       		.byte	0x5
 407 0029 696E7400 		.ascii	"int\000"
 408 002d 03       		.uleb128 0x3
 409 002e 04       		.byte	0x4
 410 002f 07       		.byte	0x7
 411 0030 D3020000 		.4byte	.LASF0
 412 0034 03       		.uleb128 0x3
 413 0035 08       		.byte	0x8
 414 0036 05       		.byte	0x5
 415 0037 7A030000 		.4byte	.LASF1
 416 003b 03       		.uleb128 0x3
 417 003c 08       		.byte	0x8
 418 003d 04       		.byte	0x4
 419 003e 39020000 		.4byte	.LASF2
 420 0042 03       		.uleb128 0x3
 421 0043 01       		.byte	0x1
 422 0044 06       		.byte	0x6
 423 0045 9E020000 		.4byte	.LASF3
 424 0049 03       		.uleb128 0x3
 425 004a 01       		.byte	0x1
 426 004b 08       		.byte	0x8
 427 004c 54020000 		.4byte	.LASF4
 428 0050 03       		.uleb128 0x3
 429 0051 02       		.byte	0x2
 430 0052 05       		.byte	0x5
 431 0053 68000000 		.4byte	.LASF5
 432 0057 03       		.uleb128 0x3
 433 0058 02       		.byte	0x2
 434 0059 07       		.byte	0x7
 435 005a 60030000 		.4byte	.LASF6
 436 005e 03       		.uleb128 0x3
 437 005f 04       		.byte	0x4
 438 0060 05       		.byte	0x5
 439 0061 DA010000 		.4byte	.LASF7
 440 0065 05       		.uleb128 0x5
 441 0066 9B000000 		.4byte	.LASF9
 442 006a 02       		.byte	0x2
 443 006b 4F       		.byte	0x4f
 444 006c 19       		.byte	0x19
 445 006d 71000000 		.4byte	0x71
 446 0071 03       		.uleb128 0x3
 447 0072 04       		.byte	0x4
 448 0073 07       		.byte	0x7
 449 0074 02040000 		.4byte	.LASF8
 450 0078 05       		.uleb128 0x5
 451 0079 B3030000 		.4byte	.LASF10
 452 007d 02       		.byte	0x2
 453 007e 69       		.byte	0x69
 454 007f 19       		.byte	0x19
 455 0080 84000000 		.4byte	0x84
 456 0084 03       		.uleb128 0x3
ARM GAS  C:\Users\DEVELO~1\AppData\Local\Temp\ccKu8lsr.s 			page 9


 457 0085 08       		.byte	0x8
 458 0086 07       		.byte	0x7
 459 0087 AA020000 		.4byte	.LASF11
 460 008b 05       		.uleb128 0x5
 461 008c CA020000 		.4byte	.LASF12
 462 0090 03       		.byte	0x3
 463 0091 30       		.byte	0x30
 464 0092 14       		.byte	0x14
 465 0093 65000000 		.4byte	0x65
 466 0097 0E       		.uleb128 0xe
 467 0098 8B000000 		.4byte	0x8b
 468 009c 13       		.uleb128 0x13
 469 009d 8B000000 		.4byte	0x8b
 470 00a1 05       		.uleb128 0x5
 471 00a2 5F000000 		.4byte	.LASF13
 472 00a6 03       		.byte	0x3
 473 00a7 3C       		.byte	0x3c
 474 00a8 14       		.byte	0x14
 475 00a9 78000000 		.4byte	0x78
 476 00ad 03       		.uleb128 0x3
 477 00ae 01       		.byte	0x1
 478 00af 08       		.byte	0x8
 479 00b0 88030000 		.4byte	.LASF14
 480 00b4 05       		.uleb128 0x5
 481 00b5 A5030000 		.4byte	.LASF15
 482 00b9 04       		.byte	0x4
 483 00ba 79       		.byte	0x79
 484 00bb 12       		.byte	0x12
 485 00bc 8B000000 		.4byte	0x8b
 486 00c0 05       		.uleb128 0x5
 487 00c1 63040000 		.4byte	.LASF16
 488 00c5 04       		.byte	0x4
 489 00c6 9B       		.byte	0x9b
 490 00c7 12       		.byte	0x12
 491 00c8 A1000000 		.4byte	0xa1
 492 00cc 0B       		.uleb128 0xb
 493 00cd 8B000000 		.4byte	0x8b
 494 00d1 DC000000 		.4byte	0xdc
 495 00d5 0C       		.uleb128 0xc
 496 00d6 2D000000 		.4byte	0x2d
 497 00da 03       		.byte	0x3
 498 00db 00       		.byte	0
 499 00dc 0B       		.uleb128 0xb
 500 00dd 97000000 		.4byte	0x97
 501 00e1 EC000000 		.4byte	0xec
 502 00e5 0C       		.uleb128 0xc
 503 00e6 2D000000 		.4byte	0x2d
 504 00ea 01       		.byte	0x1
 505 00eb 00       		.byte	0
 506 00ec 0E       		.uleb128 0xe
 507 00ed DC000000 		.4byte	0xdc
 508 00f1 0B       		.uleb128 0xb
 509 00f2 8B000000 		.4byte	0x8b
 510 00f6 01010000 		.4byte	0x101
 511 00fa 0C       		.uleb128 0xc
 512 00fb 2D000000 		.4byte	0x2d
 513 00ff 08       		.byte	0x8
ARM GAS  C:\Users\DEVELO~1\AppData\Local\Temp\ccKu8lsr.s 			page 10


 514 0100 00       		.byte	0
 515 0101 14       		.uleb128 0x14
 516 0102 1C       		.byte	0x1c
 517 0103 05       		.byte	0x5
 518 0104 F503     		.2byte	0x3f5
 519 0106 09       		.byte	0x9
 520 0107 4D010000 		.4byte	0x14d
 521 010b 01       		.uleb128 0x1
 522 010c 99020000 		.4byte	.LASF17
 523 0110 F703     		.2byte	0x3f7
 524 0112 11       		.byte	0x11
 525 0113 EC000000 		.4byte	0xec
 526 0117 00       		.byte	0
 527 0118 01       		.uleb128 0x1
 528 0119 50000000 		.4byte	.LASF18
 529 011d F803     		.2byte	0x3f8
 530 011f 11       		.byte	0x11
 531 0120 EC000000 		.4byte	0xec
 532 0124 08       		.byte	0x8
 533 0125 01       		.uleb128 0x1
 534 0126 89040000 		.4byte	.LASF19
 535 012a F903     		.2byte	0x3f9
 536 012c 11       		.byte	0x11
 537 012d 97000000 		.4byte	0x97
 538 0131 10       		.byte	0x10
 539 0132 01       		.uleb128 0x1
 540 0133 36000000 		.4byte	.LASF20
 541 0137 FA03     		.2byte	0x3fa
 542 0139 11       		.byte	0x11
 543 013a 97000000 		.4byte	0x97
 544 013e 14       		.byte	0x14
 545 013f 01       		.uleb128 0x1
 546 0140 3A040000 		.4byte	.LASF21
 547 0144 FB03     		.2byte	0x3fb
 548 0146 11       		.byte	0x11
 549 0147 97000000 		.4byte	0x97
 550 014b 18       		.byte	0x18
 551 014c 00       		.byte	0
 552 014d 0F       		.uleb128 0xf
 553 014e 6F010000 		.4byte	.LASF22
 554 0152 FC03     		.2byte	0x3fc
 555 0154 01010000 		.4byte	0x101
 556 0158 15       		.uleb128 0x15
 557 0159 3001     		.2byte	0x130
 558 015b 05       		.byte	0x5
 559 015c CE04     		.2byte	0x4ce
 560 015e 09       		.byte	0x9
 561 015f B9040000 		.4byte	0x4b9
 562 0163 06       		.uleb128 0x6
 563 0164 435200   		.ascii	"CR\000"
 564 0167 D004     		.2byte	0x4d0
 565 0169 10       		.byte	0x10
 566 016a 97000000 		.4byte	0x97
 567 016e 00       		.byte	0
 568 016f 01       		.uleb128 0x1
 569 0170 8B000000 		.4byte	.LASF23
 570 0174 D104     		.2byte	0x4d1
ARM GAS  C:\Users\DEVELO~1\AppData\Local\Temp\ccKu8lsr.s 			page 11


 571 0176 10       		.byte	0x10
 572 0177 97000000 		.4byte	0x97
 573 017b 04       		.byte	0x4
 574 017c 01       		.uleb128 0x1
 575 017d 93020000 		.4byte	.LASF24
 576 0181 D204     		.2byte	0x4d2
 577 0183 10       		.byte	0x10
 578 0184 97000000 		.4byte	0x97
 579 0188 08       		.byte	0x8
 580 0189 01       		.uleb128 0x1
 581 018a 27020000 		.4byte	.LASF25
 582 018e D304     		.2byte	0x4d3
 583 0190 10       		.byte	0x10
 584 0191 97000000 		.4byte	0x97
 585 0195 0C       		.byte	0xc
 586 0196 01       		.uleb128 0x1
 587 0197 83010000 		.4byte	.LASF26
 588 019b D404     		.2byte	0x4d4
 589 019d 10       		.byte	0x10
 590 019e 97000000 		.4byte	0x97
 591 01a2 10       		.byte	0x10
 592 01a3 01       		.uleb128 0x1
 593 01a4 D1030000 		.4byte	.LASF27
 594 01a8 D504     		.2byte	0x4d5
 595 01aa 0F       		.byte	0xf
 596 01ab 8B000000 		.4byte	0x8b
 597 01af 14       		.byte	0x14
 598 01b0 01       		.uleb128 0x1
 599 01b1 49030000 		.4byte	.LASF28
 600 01b5 D604     		.2byte	0x4d6
 601 01b7 10       		.byte	0x10
 602 01b8 97000000 		.4byte	0x97
 603 01bc 18       		.byte	0x18
 604 01bd 01       		.uleb128 0x1
 605 01be B9040000 		.4byte	.LASF29
 606 01c2 D704     		.2byte	0x4d7
 607 01c4 10       		.byte	0x10
 608 01c5 97000000 		.4byte	0x97
 609 01c9 1C       		.byte	0x1c
 610 01ca 01       		.uleb128 0x1
 611 01cb 9C010000 		.4byte	.LASF30
 612 01cf D804     		.2byte	0x4d8
 613 01d1 10       		.byte	0x10
 614 01d2 97000000 		.4byte	0x97
 615 01d6 20       		.byte	0x20
 616 01d7 01       		.uleb128 0x1
 617 01d8 DB030000 		.4byte	.LASF31
 618 01dc D904     		.2byte	0x4d9
 619 01de 0F       		.byte	0xf
 620 01df 8B000000 		.4byte	0x8b
 621 01e3 24       		.byte	0x24
 622 01e4 01       		.uleb128 0x1
 623 01e5 C1010000 		.4byte	.LASF32
 624 01e9 DA04     		.2byte	0x4da
 625 01eb 10       		.byte	0x10
 626 01ec 97000000 		.4byte	0x97
 627 01f0 28       		.byte	0x28
ARM GAS  C:\Users\DEVELO~1\AppData\Local\Temp\ccKu8lsr.s 			page 12


 628 01f1 01       		.uleb128 0x1
 629 01f2 58030000 		.4byte	.LASF33
 630 01f6 DB04     		.2byte	0x4db
 631 01f8 10       		.byte	0x10
 632 01f9 97000000 		.4byte	0x97
 633 01fd 2C       		.byte	0x2c
 634 01fe 01       		.uleb128 0x1
 635 01ff B0010000 		.4byte	.LASF34
 636 0203 DC04     		.2byte	0x4dc
 637 0205 10       		.byte	0x10
 638 0206 97000000 		.4byte	0x97
 639 020a 30       		.byte	0x30
 640 020b 01       		.uleb128 0x1
 641 020c 00000000 		.4byte	.LASF35
 642 0210 DD04     		.2byte	0x4dd
 643 0212 10       		.byte	0x10
 644 0213 97000000 		.4byte	0x97
 645 0217 34       		.byte	0x34
 646 0218 01       		.uleb128 0x1
 647 0219 E3010000 		.4byte	.LASF36
 648 021d DE04     		.2byte	0x4de
 649 021f 10       		.byte	0x10
 650 0220 97000000 		.4byte	0x97
 651 0224 38       		.byte	0x38
 652 0225 01       		.uleb128 0x1
 653 0226 62020000 		.4byte	.LASF37
 654 022a DF04     		.2byte	0x4df
 655 022c 10       		.byte	0x10
 656 022d 97000000 		.4byte	0x97
 657 0231 3C       		.byte	0x3c
 658 0232 01       		.uleb128 0x1
 659 0233 C8030000 		.4byte	.LASF38
 660 0237 E004     		.2byte	0x4e0
 661 0239 10       		.byte	0x10
 662 023a 97000000 		.4byte	0x97
 663 023e 40       		.byte	0x40
 664 023f 01       		.uleb128 0x1
 665 0240 E4040000 		.4byte	.LASF39
 666 0244 E104     		.2byte	0x4e1
 667 0246 10       		.byte	0x10
 668 0247 97000000 		.4byte	0x97
 669 024b 44       		.byte	0x44
 670 024c 01       		.uleb128 0x1
 671 024d E5030000 		.4byte	.LASF40
 672 0251 E204     		.2byte	0x4e2
 673 0253 10       		.byte	0x10
 674 0254 8B000000 		.4byte	0x8b
 675 0258 48       		.byte	0x48
 676 0259 01       		.uleb128 0x1
 677 025a 8D030000 		.4byte	.LASF41
 678 025e E304     		.2byte	0x4e3
 679 0260 11       		.byte	0x11
 680 0261 97000000 		.4byte	0x97
 681 0265 4C       		.byte	0x4c
 682 0266 01       		.uleb128 0x1
 683 0267 31040000 		.4byte	.LASF42
 684 026b E404     		.2byte	0x4e4
ARM GAS  C:\Users\DEVELO~1\AppData\Local\Temp\ccKu8lsr.s 			page 13


 685 026d 11       		.byte	0x11
 686 026e 97000000 		.4byte	0x97
 687 0272 50       		.byte	0x50
 688 0273 01       		.uleb128 0x1
 689 0274 47000000 		.4byte	.LASF43
 690 0278 E504     		.2byte	0x4e5
 691 027a 11       		.byte	0x11
 692 027b 97000000 		.4byte	0x97
 693 027f 54       		.byte	0x54
 694 0280 01       		.uleb128 0x1
 695 0281 93000000 		.4byte	.LASF44
 696 0285 E604     		.2byte	0x4e6
 697 0287 11       		.byte	0x11
 698 0288 97000000 		.4byte	0x97
 699 028c 58       		.byte	0x58
 700 028d 01       		.uleb128 0x1
 701 028e EF030000 		.4byte	.LASF45
 702 0292 E704     		.2byte	0x4e7
 703 0294 10       		.byte	0x10
 704 0295 8B000000 		.4byte	0x8b
 705 0299 5C       		.byte	0x5c
 706 029a 01       		.uleb128 0x1
 707 029b D5010000 		.4byte	.LASF46
 708 029f E804     		.2byte	0x4e8
 709 02a1 11       		.byte	0x11
 710 02a2 97000000 		.4byte	0x97
 711 02a6 60       		.byte	0x60
 712 02a7 01       		.uleb128 0x1
 713 02a8 2C040000 		.4byte	.LASF47
 714 02ac E904     		.2byte	0x4e9
 715 02ae 11       		.byte	0x11
 716 02af 97000000 		.4byte	0x97
 717 02b3 64       		.byte	0x64
 718 02b4 01       		.uleb128 0x1
 719 02b5 AB000000 		.4byte	.LASF48
 720 02b9 EA04     		.2byte	0x4ea
 721 02bb 11       		.byte	0x11
 722 02bc 97000000 		.4byte	0x97
 723 02c0 68       		.byte	0x68
 724 02c1 01       		.uleb128 0x1
 725 02c2 88010000 		.4byte	.LASF49
 726 02c6 EB04     		.2byte	0x4eb
 727 02c8 0F       		.byte	0xf
 728 02c9 8B000000 		.4byte	0x8b
 729 02cd 6C       		.byte	0x6c
 730 02ce 01       		.uleb128 0x1
 731 02cf 7B000000 		.4byte	.LASF50
 732 02d3 EC04     		.2byte	0x4ec
 733 02d5 11       		.byte	0x11
 734 02d6 97000000 		.4byte	0x97
 735 02da 70       		.byte	0x70
 736 02db 06       		.uleb128 0x6
 737 02dc 43535200 		.ascii	"CSR\000"
 738 02e0 ED04     		.2byte	0x4ed
 739 02e2 11       		.byte	0x11
 740 02e3 97000000 		.4byte	0x97
 741 02e7 74       		.byte	0x74
ARM GAS  C:\Users\DEVELO~1\AppData\Local\Temp\ccKu8lsr.s 			page 14


 742 02e8 01       		.uleb128 0x1
 743 02e9 92010000 		.4byte	.LASF51
 744 02ed EE04     		.2byte	0x4ee
 745 02ef 0F       		.byte	0xf
 746 02f0 8B000000 		.4byte	0x8b
 747 02f4 78       		.byte	0x78
 748 02f5 01       		.uleb128 0x1
 749 02f6 8F040000 		.4byte	.LASF52
 750 02fa EF04     		.2byte	0x4ef
 751 02fc 10       		.byte	0x10
 752 02fd 97000000 		.4byte	0x97
 753 0301 7C       		.byte	0x7c
 754 0302 01       		.uleb128 0x1
 755 0303 6F040000 		.4byte	.LASF53
 756 0307 F004     		.2byte	0x4f0
 757 0309 10       		.byte	0x10
 758 030a 97000000 		.4byte	0x97
 759 030e 80       		.byte	0x80
 760 030f 01       		.uleb128 0x1
 761 0310 E0020000 		.4byte	.LASF54
 762 0314 F104     		.2byte	0x4f1
 763 0316 10       		.byte	0x10
 764 0317 97000000 		.4byte	0x97
 765 031b 84       		.byte	0x84
 766 031c 01       		.uleb128 0x1
 767 031d C1020000 		.4byte	.LASF55
 768 0321 F204     		.2byte	0x4f2
 769 0323 10       		.byte	0x10
 770 0324 97000000 		.4byte	0x97
 771 0328 88       		.byte	0x88
 772 0329 01       		.uleb128 0x1
 773 032a F9030000 		.4byte	.LASF56
 774 032e F304     		.2byte	0x4f3
 775 0330 10       		.byte	0x10
 776 0331 97000000 		.4byte	0x97
 777 0335 8C       		.byte	0x8c
 778 0336 01       		.uleb128 0x1
 779 0337 CB010000 		.4byte	.LASF57
 780 033b F404     		.2byte	0x4f4
 781 033d 10       		.byte	0x10
 782 033e 97000000 		.4byte	0x97
 783 0342 90       		.byte	0x90
 784 0343 01       		.uleb128 0x1
 785 0344 55000000 		.4byte	.LASF58
 786 0348 F504     		.2byte	0x4f5
 787 034a 10       		.byte	0x10
 788 034b 97000000 		.4byte	0x97
 789 034f 94       		.byte	0x94
 790 0350 01       		.uleb128 0x1
 791 0351 F8010000 		.4byte	.LASF59
 792 0355 F604     		.2byte	0x4f6
 793 0357 10       		.byte	0x10
 794 0358 97000000 		.4byte	0x97
 795 035c 98       		.byte	0x98
 796 035d 01       		.uleb128 0x1
 797 035e 72000000 		.4byte	.LASF60
 798 0362 F704     		.2byte	0x4f7
ARM GAS  C:\Users\DEVELO~1\AppData\Local\Temp\ccKu8lsr.s 			page 15


 799 0364 10       		.byte	0x10
 800 0365 97000000 		.4byte	0x97
 801 0369 9C       		.byte	0x9c
 802 036a 06       		.uleb128 0x6
 803 036b 47435200 		.ascii	"GCR\000"
 804 036f F804     		.2byte	0x4f8
 805 0371 10       		.byte	0x10
 806 0372 97000000 		.4byte	0x97
 807 0376 A0       		.byte	0xa0
 808 0377 01       		.uleb128 0x1
 809 0378 14040000 		.4byte	.LASF61
 810 037c F904     		.2byte	0x4f9
 811 037e 0F       		.byte	0xf
 812 037f 8B000000 		.4byte	0x8b
 813 0383 A4       		.byte	0xa4
 814 0384 01       		.uleb128 0x1
 815 0385 45020000 		.4byte	.LASF62
 816 0389 FA04     		.2byte	0x4fa
 817 038b 10       		.byte	0x10
 818 038c 97000000 		.4byte	0x97
 819 0390 A8       		.byte	0xa8
 820 0391 01       		.uleb128 0x1
 821 0392 6C020000 		.4byte	.LASF63
 822 0396 FB04     		.2byte	0x4fb
 823 0398 0F       		.byte	0xf
 824 0399 F1000000 		.4byte	0xf1
 825 039d AC       		.byte	0xac
 826 039e 06       		.uleb128 0x6
 827 039f 52535200 		.ascii	"RSR\000"
 828 03a3 FC04     		.2byte	0x4fc
 829 03a5 10       		.byte	0x10
 830 03a6 97000000 		.4byte	0x97
 831 03aa D0       		.byte	0xd0
 832 03ab 01       		.uleb128 0x1
 833 03ac B9010000 		.4byte	.LASF64
 834 03b0 FD04     		.2byte	0x4fd
 835 03b2 10       		.byte	0x10
 836 03b3 97000000 		.4byte	0x97
 837 03b7 D4       		.byte	0xd4
 838 03b8 01       		.uleb128 0x1
 839 03b9 3F040000 		.4byte	.LASF65
 840 03bd FE04     		.2byte	0x4fe
 841 03bf 10       		.byte	0x10
 842 03c0 97000000 		.4byte	0x97
 843 03c4 D8       		.byte	0xd8
 844 03c5 01       		.uleb128 0x1
 845 03c6 A8010000 		.4byte	.LASF66
 846 03ca FF04     		.2byte	0x4ff
 847 03cc 10       		.byte	0x10
 848 03cd 97000000 		.4byte	0x97
 849 03d1 DC       		.byte	0xdc
 850 03d2 01       		.uleb128 0x1
 851 03d3 50030000 		.4byte	.LASF67
 852 03d7 0005     		.2byte	0x500
 853 03d9 10       		.byte	0x10
 854 03da 97000000 		.4byte	0x97
 855 03de E0       		.byte	0xe0
ARM GAS  C:\Users\DEVELO~1\AppData\Local\Temp\ccKu8lsr.s 			page 16


 856 03df 01       		.uleb128 0x1
 857 03e0 1E040000 		.4byte	.LASF68
 858 03e4 0105     		.2byte	0x501
 859 03e6 10       		.byte	0x10
 860 03e7 97000000 		.4byte	0x97
 861 03eb E4       		.byte	0xe4
 862 03ec 01       		.uleb128 0x1
 863 03ed 8A020000 		.4byte	.LASF69
 864 03f1 0205     		.2byte	0x502
 865 03f3 10       		.byte	0x10
 866 03f4 97000000 		.4byte	0x97
 867 03f8 E8       		.byte	0xe8
 868 03f9 01       		.uleb128 0x1
 869 03fa 4B020000 		.4byte	.LASF70
 870 03fe 0305     		.2byte	0x503
 871 0400 10       		.byte	0x10
 872 0401 97000000 		.4byte	0x97
 873 0405 EC       		.byte	0xec
 874 0406 01       		.uleb128 0x1
 875 0407 82020000 		.4byte	.LASF71
 876 040b 0405     		.2byte	0x504
 877 040d 10       		.byte	0x10
 878 040e 97000000 		.4byte	0x97
 879 0412 F0       		.byte	0xf0
 880 0413 01       		.uleb128 0x1
 881 0414 15000000 		.4byte	.LASF72
 882 0418 0505     		.2byte	0x505
 883 041a 10       		.byte	0x10
 884 041b 97000000 		.4byte	0x97
 885 041f F4       		.byte	0xf4
 886 0420 01       		.uleb128 0x1
 887 0421 77020000 		.4byte	.LASF73
 888 0425 0605     		.2byte	0x506
 889 0427 10       		.byte	0x10
 890 0428 8B000000 		.4byte	0x8b
 891 042c F8       		.byte	0xf8
 892 042d 01       		.uleb128 0x1
 893 042e 65010000 		.4byte	.LASF74
 894 0432 0705     		.2byte	0x507
 895 0434 10       		.byte	0x10
 896 0435 97000000 		.4byte	0x97
 897 0439 FC       		.byte	0xfc
 898 043a 04       		.uleb128 0x4
 899 043b 3F030000 		.4byte	.LASF75
 900 043f 0805     		.2byte	0x508
 901 0441 10       		.byte	0x10
 902 0442 97000000 		.4byte	0x97
 903 0446 0001     		.2byte	0x100
 904 0448 04       		.uleb128 0x4
 905 0449 BE030000 		.4byte	.LASF76
 906 044d 0905     		.2byte	0x509
 907 044f 10       		.byte	0x10
 908 0450 97000000 		.4byte	0x97
 909 0454 0401     		.2byte	0x104
 910 0456 04       		.uleb128 0x4
 911 0457 9B030000 		.4byte	.LASF77
 912 045b 0A05     		.2byte	0x50a
ARM GAS  C:\Users\DEVELO~1\AppData\Local\Temp\ccKu8lsr.s 			page 17


 913 045d 10       		.byte	0x10
 914 045e 97000000 		.4byte	0x97
 915 0462 0801     		.2byte	0x108
 916 0464 04       		.uleb128 0x4
 917 0465 2F020000 		.4byte	.LASF78
 918 0469 0B05     		.2byte	0x50b
 919 046b 10       		.byte	0x10
 920 046c 97000000 		.4byte	0x97
 921 0470 0C01     		.2byte	0x10c
 922 0472 04       		.uleb128 0x4
 923 0473 0A000000 		.4byte	.LASF79
 924 0477 0C05     		.2byte	0x50c
 925 0479 10       		.byte	0x10
 926 047a 97000000 		.4byte	0x97
 927 047e 1001     		.2byte	0x110
 928 0480 04       		.uleb128 0x4
 929 0481 3C000000 		.4byte	.LASF80
 930 0485 0D05     		.2byte	0x50d
 931 0487 10       		.byte	0x10
 932 0488 97000000 		.4byte	0x97
 933 048c 1401     		.2byte	0x114
 934 048e 04       		.uleb128 0x4
 935 048f CA040000 		.4byte	.LASF81
 936 0493 0E05     		.2byte	0x50e
 937 0495 10       		.byte	0x10
 938 0496 97000000 		.4byte	0x97
 939 049a 1801     		.2byte	0x118
 940 049c 04       		.uleb128 0x4
 941 049d C0040000 		.4byte	.LASF82
 942 04a1 0F05     		.2byte	0x50f
 943 04a3 10       		.byte	0x10
 944 04a4 97000000 		.4byte	0x97
 945 04a8 1C01     		.2byte	0x11c
 946 04aa 04       		.uleb128 0x4
 947 04ab 13020000 		.4byte	.LASF83
 948 04af 1005     		.2byte	0x510
 949 04b1 0F       		.byte	0xf
 950 04b2 CC000000 		.4byte	0xcc
 951 04b6 2001     		.2byte	0x120
 952 04b8 00       		.byte	0
 953 04b9 0F       		.uleb128 0xf
 954 04ba EC010000 		.4byte	.LASF84
 955 04be 1205     		.2byte	0x512
 956 04c0 58010000 		.4byte	0x158
 957 04c4 03       		.uleb128 0x3
 958 04c5 01       		.byte	0x1
 959 04c6 02       		.byte	0x2
 960 04c7 95030000 		.4byte	.LASF85
 961 04cb 16       		.uleb128 0x16
 962 04cc 80000000 		.4byte	.LASF97
 963 04d0 06       		.byte	0x6
 964 04d1 4201     		.2byte	0x142
 965 04d3 08       		.byte	0x8
 966 04d4 DE040000 		.4byte	0x4de
 967 04d8 17       		.uleb128 0x17
 968 04d9 B4000000 		.4byte	0xb4
 969 04dd 00       		.byte	0
ARM GAS  C:\Users\DEVELO~1\AppData\Local\Temp\ccKu8lsr.s 			page 18


 970 04de 18       		.uleb128 0x18
 971 04df 47040000 		.4byte	.LASF98
 972 04e3 01       		.byte	0x1
 973 04e4 33       		.byte	0x33
 974 04e5 06       		.byte	0x6
 975 04e6 C4040000 		.4byte	0x4c4
 976 04ea 00000000 		.4byte	.LFB349
 977 04ee D4000000 		.4byte	.LFE349-.LFB349
 978 04f2 01       		.uleb128 0x1
 979 04f3 9C       		.byte	0x9c
 980 04f4 4A070000 		.4byte	0x74a
 981 04f8 19       		.uleb128 0x19
 982 04f9 A3010000 		.4byte	.LASF86
 983 04fd 01       		.byte	0x1
 984 04fe 3A       		.byte	0x3a
 985 04ff 12       		.byte	0x12
 986 0500 9C000000 		.4byte	0x9c
 987 0504 5919     		.2byte	0x1959
 988 0506 1A       		.uleb128 0x1a
 989 0507 5E040000 		.4byte	.LASF87
 990 050b 01       		.byte	0x1
 991 050c 43       		.byte	0x43
 992 050d 12       		.byte	0x12
 993 050e 9C000000 		.4byte	0x9c
 994 0512 71552202 		.4byte	0x2225571
 995 0516 0D       		.uleb128 0xd
 996 0517 26040000 		.4byte	.LASF88
 997 051b 62       		.byte	0x62
 998 051c 0C       		.byte	0xc
 999 051d 8B000000 		.4byte	0x8b
 1000 0521 16000000 		.4byte	.LLST0
 1001 0525 0C000000 		.4byte	.LVUS0
 1002 0529 0D       		.uleb128 0xd
 1003 052a 73030000 		.4byte	.LASF89
 1004 052e 6B       		.byte	0x6b
 1005 052f 12       		.byte	0x12
 1006 0530 9C000000 		.4byte	0x9c
 1007 0534 3B000000 		.4byte	.LLST1
 1008 0538 39000000 		.4byte	.LVUS1
 1009 053c 0D       		.uleb128 0xd
 1010 053d A6000000 		.4byte	.LASF90
 1011 0541 70       		.byte	0x70
 1012 0542 12       		.byte	0x12
 1013 0543 9C000000 		.4byte	0x9c
 1014 0547 46000000 		.4byte	.LLST2
 1015 054b 44000000 		.4byte	.LVUS2
 1016 054f 07       		.uleb128 0x7
 1017 0550 57070000 		.4byte	0x757
 1018 0554 2E000000 		.4byte	.LBI24
 1019 0558 01       		.byte	.LVU20
 1020 0559 2E000000 		.4byte	.LBB24
 1021 055d 14000000 		.4byte	.LBE24-.LBB24
 1022 0561 50       		.byte	0x50
 1023 0562 B7050000 		.4byte	0x5b7
 1024 0566 02       		.uleb128 0x2
 1025 0567 7E070000 		.4byte	0x77e
 1026 056b 57000000 		.4byte	.LLST3
ARM GAS  C:\Users\DEVELO~1\AppData\Local\Temp\ccKu8lsr.s 			page 19


 1027 056f 55000000 		.4byte	.LVUS3
 1028 0573 02       		.uleb128 0x2
 1029 0574 73070000 		.4byte	0x773
 1030 0578 63000000 		.4byte	.LLST4
 1031 057c 61000000 		.4byte	.LVUS4
 1032 0580 02       		.uleb128 0x2
 1033 0581 68070000 		.4byte	0x768
 1034 0585 63000000 		.4byte	.LLST4
 1035 0589 61000000 		.4byte	.LVUS4
 1036 058d 08       		.uleb128 0x8
 1037 058e 89070000 		.4byte	0x789
 1038 0592 6F000000 		.4byte	.LLST6
 1039 0596 6D000000 		.4byte	.LVUS6
 1040 059a 09       		.uleb128 0x9
 1041 059b 96070000 		.4byte	0x796
 1042 059f 36000000 		.4byte	.LBI26
 1043 05a3 01       		.byte	.LVU27
 1044 05a4 0C000000 		.4byte	.LLRL7
 1045 05a8 02       		.uleb128 0x2
 1046 05a9 A3070000 		.4byte	0x7a3
 1047 05ad 81000000 		.4byte	.LLST8
 1048 05b1 79000000 		.4byte	.LVUS8
 1049 05b5 00       		.byte	0
 1050 05b6 00       		.byte	0
 1051 05b7 07       		.uleb128 0x7
 1052 05b8 57070000 		.4byte	0x757
 1053 05bc 48000000 		.4byte	.LBI30
 1054 05c0 01       		.byte	.LVU39
 1055 05c1 48000000 		.4byte	.LBB30
 1056 05c5 16000000 		.4byte	.LBE30-.LBB30
 1057 05c9 56       		.byte	0x56
 1058 05ca 1F060000 		.4byte	0x61f
 1059 05ce 02       		.uleb128 0x2
 1060 05cf 7E070000 		.4byte	0x77e
 1061 05d3 A6000000 		.4byte	.LLST9
 1062 05d7 A4000000 		.4byte	.LVUS9
 1063 05db 02       		.uleb128 0x2
 1064 05dc 73070000 		.4byte	0x773
 1065 05e0 B2000000 		.4byte	.LLST10
 1066 05e4 B0000000 		.4byte	.LVUS10
 1067 05e8 02       		.uleb128 0x2
 1068 05e9 68070000 		.4byte	0x768
 1069 05ed BE000000 		.4byte	.LLST11
 1070 05f1 BC000000 		.4byte	.LVUS11
 1071 05f5 08       		.uleb128 0x8
 1072 05f6 89070000 		.4byte	0x789
 1073 05fa CA000000 		.4byte	.LLST12
 1074 05fe C8000000 		.4byte	.LVUS12
 1075 0602 09       		.uleb128 0x9
 1076 0603 96070000 		.4byte	0x796
 1077 0607 52000000 		.4byte	.LBI32
 1078 060b 01       		.byte	.LVU47
 1079 060c 18000000 		.4byte	.LLRL13
 1080 0610 02       		.uleb128 0x2
 1081 0611 A3070000 		.4byte	0x7a3
 1082 0615 DC000000 		.4byte	.LLST14
 1083 0619 D4000000 		.4byte	.LVUS14
ARM GAS  C:\Users\DEVELO~1\AppData\Local\Temp\ccKu8lsr.s 			page 20


 1084 061d 00       		.byte	0
 1085 061e 00       		.byte	0
 1086 061f 07       		.uleb128 0x7
 1087 0620 57070000 		.4byte	0x757
 1088 0624 5E000000 		.4byte	.LBI36
 1089 0628 02       		.byte	.LVU58
 1090 0629 5E000000 		.4byte	.LBB36
 1091 062d 16000000 		.4byte	.LBE36-.LBB36
 1092 0631 5A       		.byte	0x5a
 1093 0632 87060000 		.4byte	0x687
 1094 0636 02       		.uleb128 0x2
 1095 0637 7E070000 		.4byte	0x77e
 1096 063b 01010000 		.4byte	.LLST15
 1097 063f FF000000 		.4byte	.LVUS15
 1098 0643 02       		.uleb128 0x2
 1099 0644 73070000 		.4byte	0x773
 1100 0648 0D010000 		.4byte	.LLST16
 1101 064c 0B010000 		.4byte	.LVUS16
 1102 0650 02       		.uleb128 0x2
 1103 0651 68070000 		.4byte	0x768
 1104 0655 19010000 		.4byte	.LLST17
 1105 0659 17010000 		.4byte	.LVUS17
 1106 065d 08       		.uleb128 0x8
 1107 065e 89070000 		.4byte	0x789
 1108 0662 25010000 		.4byte	.LLST18
 1109 0666 23010000 		.4byte	.LVUS18
 1110 066a 09       		.uleb128 0x9
 1111 066b 96070000 		.4byte	0x796
 1112 066f 68000000 		.4byte	.LBI38
 1113 0673 01       		.byte	.LVU66
 1114 0674 24000000 		.4byte	.LLRL19
 1115 0678 02       		.uleb128 0x2
 1116 0679 A3070000 		.4byte	0x7a3
 1117 067d 38010000 		.4byte	.LLST20
 1118 0681 30010000 		.4byte	.LVUS20
 1119 0685 00       		.byte	0
 1120 0686 00       		.byte	0
 1121 0687 07       		.uleb128 0x7
 1122 0688 57070000 		.4byte	0x757
 1123 068c 74000000 		.4byte	.LBI42
 1124 0690 02       		.byte	.LVU77
 1125 0691 74000000 		.4byte	.LBB42
 1126 0695 18000000 		.4byte	.LBE42-.LBB42
 1127 0699 5E       		.byte	0x5e
 1128 069a EF060000 		.4byte	0x6ef
 1129 069e 02       		.uleb128 0x2
 1130 069f 7E070000 		.4byte	0x77e
 1131 06a3 5D010000 		.4byte	.LLST21
 1132 06a7 5B010000 		.4byte	.LVUS21
 1133 06ab 02       		.uleb128 0x2
 1134 06ac 73070000 		.4byte	0x773
 1135 06b0 6A010000 		.4byte	.LLST22
 1136 06b4 68010000 		.4byte	.LVUS22
 1137 06b8 02       		.uleb128 0x2
 1138 06b9 68070000 		.4byte	0x768
 1139 06bd 76010000 		.4byte	.LLST23
 1140 06c1 74010000 		.4byte	.LVUS23
ARM GAS  C:\Users\DEVELO~1\AppData\Local\Temp\ccKu8lsr.s 			page 21


 1141 06c5 08       		.uleb128 0x8
 1142 06c6 89070000 		.4byte	0x789
 1143 06ca 82010000 		.4byte	.LLST24
 1144 06ce 80010000 		.4byte	.LVUS24
 1145 06d2 09       		.uleb128 0x9
 1146 06d3 96070000 		.4byte	0x796
 1147 06d7 80000000 		.4byte	.LBI44
 1148 06db 01       		.byte	.LVU85
 1149 06dc 30000000 		.4byte	.LLRL25
 1150 06e0 02       		.uleb128 0x2
 1151 06e1 A3070000 		.4byte	0x7a3
 1152 06e5 96010000 		.4byte	.LLST26
 1153 06e9 8E010000 		.4byte	.LVUS26
 1154 06ed 00       		.byte	0
 1155 06ee 00       		.byte	0
 1156 06ef 1B       		.uleb128 0x1b
 1157 06f0 96070000 		.4byte	0x796
 1158 06f4 A0000000 		.4byte	.LBI48
 1159 06f8 01       		.byte	.LVU108
 1160 06f9 3C000000 		.4byte	.LLRL27
 1161 06fd 01       		.byte	0x1
 1162 06fe 67       		.byte	0x67
 1163 06ff 08       		.byte	0x8
 1164 0700 12070000 		.4byte	0x712
 1165 0704 02       		.uleb128 0x2
 1166 0705 A3070000 		.4byte	0x7a3
 1167 0709 C1010000 		.4byte	.LLST28
 1168 070d B9010000 		.4byte	.LVUS28
 1169 0711 00       		.byte	0
 1170 0712 1C       		.uleb128 0x1c
 1171 0713 4A070000 		.4byte	0x74a
 1172 0717 B2000000 		.4byte	.LBI54
 1173 071b 01       		.byte	.LVU124
 1174 071c B2000000 		.4byte	.LBB54
 1175 0720 02000000 		.4byte	.LBE54-.LBB54
 1176 0724 01       		.byte	0x1
 1177 0725 70       		.byte	0x70
 1178 0726 19       		.byte	0x19
 1179 0727 1D       		.uleb128 0x1d
 1180 0728 2E000000 		.4byte	.LVL1
 1181 072c CB040000 		.4byte	0x4cb
 1182 0730 3A070000 		.4byte	0x73a
 1183 0734 10       		.uleb128 0x10
 1184 0735 01       		.uleb128 0x1
 1185 0736 50       		.byte	0x50
 1186 0737 01       		.uleb128 0x1
 1187 0738 32       		.byte	0x32
 1188 0739 00       		.byte	0
 1189 073a 1E       		.uleb128 0x1e
 1190 073b 48000000 		.4byte	.LVL7
 1191 073f CB040000 		.4byte	0x4cb
 1192 0743 10       		.uleb128 0x10
 1193 0744 01       		.uleb128 0x1
 1194 0745 50       		.byte	0x50
 1195 0746 01       		.uleb128 0x1
 1196 0747 3A       		.byte	0x3a
 1197 0748 00       		.byte	0
ARM GAS  C:\Users\DEVELO~1\AppData\Local\Temp\ccKu8lsr.s 			page 22


 1198 0749 00       		.byte	0
 1199 074a 1F       		.uleb128 0x1f
 1200 074b 78040000 		.4byte	.LASF99
 1201 074f 01       		.byte	0x1
 1202 0750 2E       		.byte	0x2e
 1203 0751 11       		.byte	0x11
 1204 0752 8B000000 		.4byte	0x8b
 1205 0756 01       		.byte	0x1
 1206 0757 20       		.uleb128 0x20
 1207 0758 01020000 		.4byte	.LASF100
 1208 075c 01       		.byte	0x1
 1209 075d 22       		.byte	0x22
 1210 075e 0D       		.byte	0xd
 1211 075f C4040000 		.4byte	0x4c4
 1212 0763 01       		.byte	0x1
 1213 0764 96070000 		.4byte	0x796
 1214 0768 0A       		.uleb128 0xa
 1215 0769 A6000000 		.4byte	.LASF90
 1216 076d 22       		.byte	0x22
 1217 076e 28       		.byte	0x28
 1218 076f 8B000000 		.4byte	0x8b
 1219 0773 0A       		.uleb128 0xa
 1220 0774 AC040000 		.4byte	.LASF91
 1221 0778 22       		.byte	0x22
 1222 0779 37       		.byte	0x37
 1223 077a 8B000000 		.4byte	0x8b
 1224 077e 0A       		.uleb128 0xa
 1225 077f 1E020000 		.4byte	.LASF92
 1226 0783 22       		.byte	0x22
 1227 0784 4E       		.byte	0x4e
 1228 0785 8B000000 		.4byte	0x8b
 1229 0789 21       		.uleb128 0x21
 1230 078a D4040000 		.4byte	.LASF101
 1231 078e 01       		.byte	0x1
 1232 078f 24       		.byte	0x24
 1233 0790 12       		.byte	0x12
 1234 0791 9C000000 		.4byte	0x9c
 1235 0795 00       		.byte	0
 1236 0796 22       		.uleb128 0x22
 1237 0797 98040000 		.4byte	.LASF102
 1238 079b 01       		.byte	0x1
 1239 079c 17       		.byte	0x17
 1240 079d 0D       		.byte	0xd
 1241 079e C4040000 		.4byte	0x4c4
 1242 07a2 01       		.byte	0x1
 1243 07a3 0A       		.uleb128 0xa
 1244 07a4 DC040000 		.4byte	.LASF93
 1245 07a8 17       		.byte	0x17
 1246 07a9 2A       		.byte	0x2a
 1247 07aa 8B000000 		.4byte	0x8b
 1248 07ae 00       		.byte	0
 1249 07af 00       		.byte	0
 1250              		.section	.debug_abbrev,"",%progbits
 1251              	.Ldebug_abbrev0:
 1252 0000 01       		.uleb128 0x1
 1253 0001 0D       		.uleb128 0xd
 1254 0002 00       		.byte	0
ARM GAS  C:\Users\DEVELO~1\AppData\Local\Temp\ccKu8lsr.s 			page 23


 1255 0003 03       		.uleb128 0x3
 1256 0004 0E       		.uleb128 0xe
 1257 0005 3A       		.uleb128 0x3a
 1258 0006 21       		.uleb128 0x21
 1259 0007 05       		.sleb128 5
 1260 0008 3B       		.uleb128 0x3b
 1261 0009 05       		.uleb128 0x5
 1262 000a 39       		.uleb128 0x39
 1263 000b 0B       		.uleb128 0xb
 1264 000c 49       		.uleb128 0x49
 1265 000d 13       		.uleb128 0x13
 1266 000e 38       		.uleb128 0x38
 1267 000f 0B       		.uleb128 0xb
 1268 0010 00       		.byte	0
 1269 0011 00       		.byte	0
 1270 0012 02       		.uleb128 0x2
 1271 0013 05       		.uleb128 0x5
 1272 0014 00       		.byte	0
 1273 0015 31       		.uleb128 0x31
 1274 0016 13       		.uleb128 0x13
 1275 0017 02       		.uleb128 0x2
 1276 0018 17       		.uleb128 0x17
 1277 0019 B742     		.uleb128 0x2137
 1278 001b 17       		.uleb128 0x17
 1279 001c 00       		.byte	0
 1280 001d 00       		.byte	0
 1281 001e 03       		.uleb128 0x3
 1282 001f 24       		.uleb128 0x24
 1283 0020 00       		.byte	0
 1284 0021 0B       		.uleb128 0xb
 1285 0022 0B       		.uleb128 0xb
 1286 0023 3E       		.uleb128 0x3e
 1287 0024 0B       		.uleb128 0xb
 1288 0025 03       		.uleb128 0x3
 1289 0026 0E       		.uleb128 0xe
 1290 0027 00       		.byte	0
 1291 0028 00       		.byte	0
 1292 0029 04       		.uleb128 0x4
 1293 002a 0D       		.uleb128 0xd
 1294 002b 00       		.byte	0
 1295 002c 03       		.uleb128 0x3
 1296 002d 0E       		.uleb128 0xe
 1297 002e 3A       		.uleb128 0x3a
 1298 002f 21       		.uleb128 0x21
 1299 0030 05       		.sleb128 5
 1300 0031 3B       		.uleb128 0x3b
 1301 0032 05       		.uleb128 0x5
 1302 0033 39       		.uleb128 0x39
 1303 0034 0B       		.uleb128 0xb
 1304 0035 49       		.uleb128 0x49
 1305 0036 13       		.uleb128 0x13
 1306 0037 38       		.uleb128 0x38
 1307 0038 05       		.uleb128 0x5
 1308 0039 00       		.byte	0
 1309 003a 00       		.byte	0
 1310 003b 05       		.uleb128 0x5
 1311 003c 16       		.uleb128 0x16
ARM GAS  C:\Users\DEVELO~1\AppData\Local\Temp\ccKu8lsr.s 			page 24


 1312 003d 00       		.byte	0
 1313 003e 03       		.uleb128 0x3
 1314 003f 0E       		.uleb128 0xe
 1315 0040 3A       		.uleb128 0x3a
 1316 0041 0B       		.uleb128 0xb
 1317 0042 3B       		.uleb128 0x3b
 1318 0043 0B       		.uleb128 0xb
 1319 0044 39       		.uleb128 0x39
 1320 0045 0B       		.uleb128 0xb
 1321 0046 49       		.uleb128 0x49
 1322 0047 13       		.uleb128 0x13
 1323 0048 00       		.byte	0
 1324 0049 00       		.byte	0
 1325 004a 06       		.uleb128 0x6
 1326 004b 0D       		.uleb128 0xd
 1327 004c 00       		.byte	0
 1328 004d 03       		.uleb128 0x3
 1329 004e 08       		.uleb128 0x8
 1330 004f 3A       		.uleb128 0x3a
 1331 0050 21       		.uleb128 0x21
 1332 0051 05       		.sleb128 5
 1333 0052 3B       		.uleb128 0x3b
 1334 0053 05       		.uleb128 0x5
 1335 0054 39       		.uleb128 0x39
 1336 0055 0B       		.uleb128 0xb
 1337 0056 49       		.uleb128 0x49
 1338 0057 13       		.uleb128 0x13
 1339 0058 38       		.uleb128 0x38
 1340 0059 0B       		.uleb128 0xb
 1341 005a 00       		.byte	0
 1342 005b 00       		.byte	0
 1343 005c 07       		.uleb128 0x7
 1344 005d 1D       		.uleb128 0x1d
 1345 005e 01       		.byte	0x1
 1346 005f 31       		.uleb128 0x31
 1347 0060 13       		.uleb128 0x13
 1348 0061 52       		.uleb128 0x52
 1349 0062 01       		.uleb128 0x1
 1350 0063 B842     		.uleb128 0x2138
 1351 0065 0B       		.uleb128 0xb
 1352 0066 11       		.uleb128 0x11
 1353 0067 01       		.uleb128 0x1
 1354 0068 12       		.uleb128 0x12
 1355 0069 06       		.uleb128 0x6
 1356 006a 58       		.uleb128 0x58
 1357 006b 21       		.uleb128 0x21
 1358 006c 01       		.sleb128 1
 1359 006d 59       		.uleb128 0x59
 1360 006e 0B       		.uleb128 0xb
 1361 006f 57       		.uleb128 0x57
 1362 0070 21       		.uleb128 0x21
 1363 0071 08       		.sleb128 8
 1364 0072 01       		.uleb128 0x1
 1365 0073 13       		.uleb128 0x13
 1366 0074 00       		.byte	0
 1367 0075 00       		.byte	0
 1368 0076 08       		.uleb128 0x8
ARM GAS  C:\Users\DEVELO~1\AppData\Local\Temp\ccKu8lsr.s 			page 25


 1369 0077 34       		.uleb128 0x34
 1370 0078 00       		.byte	0
 1371 0079 31       		.uleb128 0x31
 1372 007a 13       		.uleb128 0x13
 1373 007b 02       		.uleb128 0x2
 1374 007c 17       		.uleb128 0x17
 1375 007d B742     		.uleb128 0x2137
 1376 007f 17       		.uleb128 0x17
 1377 0080 00       		.byte	0
 1378 0081 00       		.byte	0
 1379 0082 09       		.uleb128 0x9
 1380 0083 1D       		.uleb128 0x1d
 1381 0084 01       		.byte	0x1
 1382 0085 31       		.uleb128 0x31
 1383 0086 13       		.uleb128 0x13
 1384 0087 52       		.uleb128 0x52
 1385 0088 01       		.uleb128 0x1
 1386 0089 B842     		.uleb128 0x2138
 1387 008b 0B       		.uleb128 0xb
 1388 008c 55       		.uleb128 0x55
 1389 008d 17       		.uleb128 0x17
 1390 008e 58       		.uleb128 0x58
 1391 008f 21       		.uleb128 0x21
 1392 0090 01       		.sleb128 1
 1393 0091 59       		.uleb128 0x59
 1394 0092 21       		.uleb128 0x21
 1395 0093 2B       		.sleb128 43
 1396 0094 57       		.uleb128 0x57
 1397 0095 21       		.uleb128 0x21
 1398 0096 0A       		.sleb128 10
 1399 0097 00       		.byte	0
 1400 0098 00       		.byte	0
 1401 0099 0A       		.uleb128 0xa
 1402 009a 05       		.uleb128 0x5
 1403 009b 00       		.byte	0
 1404 009c 03       		.uleb128 0x3
 1405 009d 0E       		.uleb128 0xe
 1406 009e 3A       		.uleb128 0x3a
 1407 009f 21       		.uleb128 0x21
 1408 00a0 01       		.sleb128 1
 1409 00a1 3B       		.uleb128 0x3b
 1410 00a2 0B       		.uleb128 0xb
 1411 00a3 39       		.uleb128 0x39
 1412 00a4 0B       		.uleb128 0xb
 1413 00a5 49       		.uleb128 0x49
 1414 00a6 13       		.uleb128 0x13
 1415 00a7 00       		.byte	0
 1416 00a8 00       		.byte	0
 1417 00a9 0B       		.uleb128 0xb
 1418 00aa 01       		.uleb128 0x1
 1419 00ab 01       		.byte	0x1
 1420 00ac 49       		.uleb128 0x49
 1421 00ad 13       		.uleb128 0x13
 1422 00ae 01       		.uleb128 0x1
 1423 00af 13       		.uleb128 0x13
 1424 00b0 00       		.byte	0
 1425 00b1 00       		.byte	0
ARM GAS  C:\Users\DEVELO~1\AppData\Local\Temp\ccKu8lsr.s 			page 26


 1426 00b2 0C       		.uleb128 0xc
 1427 00b3 21       		.uleb128 0x21
 1428 00b4 00       		.byte	0
 1429 00b5 49       		.uleb128 0x49
 1430 00b6 13       		.uleb128 0x13
 1431 00b7 2F       		.uleb128 0x2f
 1432 00b8 0B       		.uleb128 0xb
 1433 00b9 00       		.byte	0
 1434 00ba 00       		.byte	0
 1435 00bb 0D       		.uleb128 0xd
 1436 00bc 34       		.uleb128 0x34
 1437 00bd 00       		.byte	0
 1438 00be 03       		.uleb128 0x3
 1439 00bf 0E       		.uleb128 0xe
 1440 00c0 3A       		.uleb128 0x3a
 1441 00c1 21       		.uleb128 0x21
 1442 00c2 01       		.sleb128 1
 1443 00c3 3B       		.uleb128 0x3b
 1444 00c4 0B       		.uleb128 0xb
 1445 00c5 39       		.uleb128 0x39
 1446 00c6 0B       		.uleb128 0xb
 1447 00c7 49       		.uleb128 0x49
 1448 00c8 13       		.uleb128 0x13
 1449 00c9 02       		.uleb128 0x2
 1450 00ca 17       		.uleb128 0x17
 1451 00cb B742     		.uleb128 0x2137
 1452 00cd 17       		.uleb128 0x17
 1453 00ce 00       		.byte	0
 1454 00cf 00       		.byte	0
 1455 00d0 0E       		.uleb128 0xe
 1456 00d1 35       		.uleb128 0x35
 1457 00d2 00       		.byte	0
 1458 00d3 49       		.uleb128 0x49
 1459 00d4 13       		.uleb128 0x13
 1460 00d5 00       		.byte	0
 1461 00d6 00       		.byte	0
 1462 00d7 0F       		.uleb128 0xf
 1463 00d8 16       		.uleb128 0x16
 1464 00d9 00       		.byte	0
 1465 00da 03       		.uleb128 0x3
 1466 00db 0E       		.uleb128 0xe
 1467 00dc 3A       		.uleb128 0x3a
 1468 00dd 21       		.uleb128 0x21
 1469 00de 05       		.sleb128 5
 1470 00df 3B       		.uleb128 0x3b
 1471 00e0 05       		.uleb128 0x5
 1472 00e1 39       		.uleb128 0x39
 1473 00e2 21       		.uleb128 0x21
 1474 00e3 03       		.sleb128 3
 1475 00e4 49       		.uleb128 0x49
 1476 00e5 13       		.uleb128 0x13
 1477 00e6 00       		.byte	0
 1478 00e7 00       		.byte	0
 1479 00e8 10       		.uleb128 0x10
 1480 00e9 49       		.uleb128 0x49
 1481 00ea 00       		.byte	0
 1482 00eb 02       		.uleb128 0x2
ARM GAS  C:\Users\DEVELO~1\AppData\Local\Temp\ccKu8lsr.s 			page 27


 1483 00ec 18       		.uleb128 0x18
 1484 00ed 7E       		.uleb128 0x7e
 1485 00ee 18       		.uleb128 0x18
 1486 00ef 00       		.byte	0
 1487 00f0 00       		.byte	0
 1488 00f1 11       		.uleb128 0x11
 1489 00f2 11       		.uleb128 0x11
 1490 00f3 01       		.byte	0x1
 1491 00f4 25       		.uleb128 0x25
 1492 00f5 0E       		.uleb128 0xe
 1493 00f6 13       		.uleb128 0x13
 1494 00f7 0B       		.uleb128 0xb
 1495 00f8 03       		.uleb128 0x3
 1496 00f9 0E       		.uleb128 0xe
 1497 00fa 1B       		.uleb128 0x1b
 1498 00fb 0E       		.uleb128 0xe
 1499 00fc 55       		.uleb128 0x55
 1500 00fd 17       		.uleb128 0x17
 1501 00fe 11       		.uleb128 0x11
 1502 00ff 01       		.uleb128 0x1
 1503 0100 10       		.uleb128 0x10
 1504 0101 17       		.uleb128 0x17
 1505 0102 00       		.byte	0
 1506 0103 00       		.byte	0
 1507 0104 12       		.uleb128 0x12
 1508 0105 24       		.uleb128 0x24
 1509 0106 00       		.byte	0
 1510 0107 0B       		.uleb128 0xb
 1511 0108 0B       		.uleb128 0xb
 1512 0109 3E       		.uleb128 0x3e
 1513 010a 0B       		.uleb128 0xb
 1514 010b 03       		.uleb128 0x3
 1515 010c 08       		.uleb128 0x8
 1516 010d 00       		.byte	0
 1517 010e 00       		.byte	0
 1518 010f 13       		.uleb128 0x13
 1519 0110 26       		.uleb128 0x26
 1520 0111 00       		.byte	0
 1521 0112 49       		.uleb128 0x49
 1522 0113 13       		.uleb128 0x13
 1523 0114 00       		.byte	0
 1524 0115 00       		.byte	0
 1525 0116 14       		.uleb128 0x14
 1526 0117 13       		.uleb128 0x13
 1527 0118 01       		.byte	0x1
 1528 0119 0B       		.uleb128 0xb
 1529 011a 0B       		.uleb128 0xb
 1530 011b 3A       		.uleb128 0x3a
 1531 011c 0B       		.uleb128 0xb
 1532 011d 3B       		.uleb128 0x3b
 1533 011e 05       		.uleb128 0x5
 1534 011f 39       		.uleb128 0x39
 1535 0120 0B       		.uleb128 0xb
 1536 0121 01       		.uleb128 0x1
 1537 0122 13       		.uleb128 0x13
 1538 0123 00       		.byte	0
 1539 0124 00       		.byte	0
ARM GAS  C:\Users\DEVELO~1\AppData\Local\Temp\ccKu8lsr.s 			page 28


 1540 0125 15       		.uleb128 0x15
 1541 0126 13       		.uleb128 0x13
 1542 0127 01       		.byte	0x1
 1543 0128 0B       		.uleb128 0xb
 1544 0129 05       		.uleb128 0x5
 1545 012a 3A       		.uleb128 0x3a
 1546 012b 0B       		.uleb128 0xb
 1547 012c 3B       		.uleb128 0x3b
 1548 012d 05       		.uleb128 0x5
 1549 012e 39       		.uleb128 0x39
 1550 012f 0B       		.uleb128 0xb
 1551 0130 01       		.uleb128 0x1
 1552 0131 13       		.uleb128 0x13
 1553 0132 00       		.byte	0
 1554 0133 00       		.byte	0
 1555 0134 16       		.uleb128 0x16
 1556 0135 2E       		.uleb128 0x2e
 1557 0136 01       		.byte	0x1
 1558 0137 3F       		.uleb128 0x3f
 1559 0138 19       		.uleb128 0x19
 1560 0139 03       		.uleb128 0x3
 1561 013a 0E       		.uleb128 0xe
 1562 013b 3A       		.uleb128 0x3a
 1563 013c 0B       		.uleb128 0xb
 1564 013d 3B       		.uleb128 0x3b
 1565 013e 05       		.uleb128 0x5
 1566 013f 39       		.uleb128 0x39
 1567 0140 0B       		.uleb128 0xb
 1568 0141 27       		.uleb128 0x27
 1569 0142 19       		.uleb128 0x19
 1570 0143 3C       		.uleb128 0x3c
 1571 0144 19       		.uleb128 0x19
 1572 0145 01       		.uleb128 0x1
 1573 0146 13       		.uleb128 0x13
 1574 0147 00       		.byte	0
 1575 0148 00       		.byte	0
 1576 0149 17       		.uleb128 0x17
 1577 014a 05       		.uleb128 0x5
 1578 014b 00       		.byte	0
 1579 014c 49       		.uleb128 0x49
 1580 014d 13       		.uleb128 0x13
 1581 014e 00       		.byte	0
 1582 014f 00       		.byte	0
 1583 0150 18       		.uleb128 0x18
 1584 0151 2E       		.uleb128 0x2e
 1585 0152 01       		.byte	0x1
 1586 0153 3F       		.uleb128 0x3f
 1587 0154 19       		.uleb128 0x19
 1588 0155 03       		.uleb128 0x3
 1589 0156 0E       		.uleb128 0xe
 1590 0157 3A       		.uleb128 0x3a
 1591 0158 0B       		.uleb128 0xb
 1592 0159 3B       		.uleb128 0x3b
 1593 015a 0B       		.uleb128 0xb
 1594 015b 39       		.uleb128 0x39
 1595 015c 0B       		.uleb128 0xb
 1596 015d 27       		.uleb128 0x27
ARM GAS  C:\Users\DEVELO~1\AppData\Local\Temp\ccKu8lsr.s 			page 29


 1597 015e 19       		.uleb128 0x19
 1598 015f 49       		.uleb128 0x49
 1599 0160 13       		.uleb128 0x13
 1600 0161 11       		.uleb128 0x11
 1601 0162 01       		.uleb128 0x1
 1602 0163 12       		.uleb128 0x12
 1603 0164 06       		.uleb128 0x6
 1604 0165 40       		.uleb128 0x40
 1605 0166 18       		.uleb128 0x18
 1606 0167 7A       		.uleb128 0x7a
 1607 0168 19       		.uleb128 0x19
 1608 0169 01       		.uleb128 0x1
 1609 016a 13       		.uleb128 0x13
 1610 016b 00       		.byte	0
 1611 016c 00       		.byte	0
 1612 016d 19       		.uleb128 0x19
 1613 016e 34       		.uleb128 0x34
 1614 016f 00       		.byte	0
 1615 0170 03       		.uleb128 0x3
 1616 0171 0E       		.uleb128 0xe
 1617 0172 3A       		.uleb128 0x3a
 1618 0173 0B       		.uleb128 0xb
 1619 0174 3B       		.uleb128 0x3b
 1620 0175 0B       		.uleb128 0xb
 1621 0176 39       		.uleb128 0x39
 1622 0177 0B       		.uleb128 0xb
 1623 0178 49       		.uleb128 0x49
 1624 0179 13       		.uleb128 0x13
 1625 017a 1C       		.uleb128 0x1c
 1626 017b 05       		.uleb128 0x5
 1627 017c 00       		.byte	0
 1628 017d 00       		.byte	0
 1629 017e 1A       		.uleb128 0x1a
 1630 017f 34       		.uleb128 0x34
 1631 0180 00       		.byte	0
 1632 0181 03       		.uleb128 0x3
 1633 0182 0E       		.uleb128 0xe
 1634 0183 3A       		.uleb128 0x3a
 1635 0184 0B       		.uleb128 0xb
 1636 0185 3B       		.uleb128 0x3b
 1637 0186 0B       		.uleb128 0xb
 1638 0187 39       		.uleb128 0x39
 1639 0188 0B       		.uleb128 0xb
 1640 0189 49       		.uleb128 0x49
 1641 018a 13       		.uleb128 0x13
 1642 018b 1C       		.uleb128 0x1c
 1643 018c 06       		.uleb128 0x6
 1644 018d 00       		.byte	0
 1645 018e 00       		.byte	0
 1646 018f 1B       		.uleb128 0x1b
 1647 0190 1D       		.uleb128 0x1d
 1648 0191 01       		.byte	0x1
 1649 0192 31       		.uleb128 0x31
 1650 0193 13       		.uleb128 0x13
 1651 0194 52       		.uleb128 0x52
 1652 0195 01       		.uleb128 0x1
 1653 0196 B842     		.uleb128 0x2138
ARM GAS  C:\Users\DEVELO~1\AppData\Local\Temp\ccKu8lsr.s 			page 30


 1654 0198 0B       		.uleb128 0xb
 1655 0199 55       		.uleb128 0x55
 1656 019a 17       		.uleb128 0x17
 1657 019b 58       		.uleb128 0x58
 1658 019c 0B       		.uleb128 0xb
 1659 019d 59       		.uleb128 0x59
 1660 019e 0B       		.uleb128 0xb
 1661 019f 57       		.uleb128 0x57
 1662 01a0 0B       		.uleb128 0xb
 1663 01a1 01       		.uleb128 0x1
 1664 01a2 13       		.uleb128 0x13
 1665 01a3 00       		.byte	0
 1666 01a4 00       		.byte	0
 1667 01a5 1C       		.uleb128 0x1c
 1668 01a6 1D       		.uleb128 0x1d
 1669 01a7 00       		.byte	0
 1670 01a8 31       		.uleb128 0x31
 1671 01a9 13       		.uleb128 0x13
 1672 01aa 52       		.uleb128 0x52
 1673 01ab 01       		.uleb128 0x1
 1674 01ac B842     		.uleb128 0x2138
 1675 01ae 0B       		.uleb128 0xb
 1676 01af 11       		.uleb128 0x11
 1677 01b0 01       		.uleb128 0x1
 1678 01b1 12       		.uleb128 0x12
 1679 01b2 06       		.uleb128 0x6
 1680 01b3 58       		.uleb128 0x58
 1681 01b4 0B       		.uleb128 0xb
 1682 01b5 59       		.uleb128 0x59
 1683 01b6 0B       		.uleb128 0xb
 1684 01b7 57       		.uleb128 0x57
 1685 01b8 0B       		.uleb128 0xb
 1686 01b9 00       		.byte	0
 1687 01ba 00       		.byte	0
 1688 01bb 1D       		.uleb128 0x1d
 1689 01bc 48       		.uleb128 0x48
 1690 01bd 01       		.byte	0x1
 1691 01be 7D       		.uleb128 0x7d
 1692 01bf 01       		.uleb128 0x1
 1693 01c0 7F       		.uleb128 0x7f
 1694 01c1 13       		.uleb128 0x13
 1695 01c2 01       		.uleb128 0x1
 1696 01c3 13       		.uleb128 0x13
 1697 01c4 00       		.byte	0
 1698 01c5 00       		.byte	0
 1699 01c6 1E       		.uleb128 0x1e
 1700 01c7 48       		.uleb128 0x48
 1701 01c8 01       		.byte	0x1
 1702 01c9 7D       		.uleb128 0x7d
 1703 01ca 01       		.uleb128 0x1
 1704 01cb 7F       		.uleb128 0x7f
 1705 01cc 13       		.uleb128 0x13
 1706 01cd 00       		.byte	0
 1707 01ce 00       		.byte	0
 1708 01cf 1F       		.uleb128 0x1f
 1709 01d0 2E       		.uleb128 0x2e
 1710 01d1 00       		.byte	0
ARM GAS  C:\Users\DEVELO~1\AppData\Local\Temp\ccKu8lsr.s 			page 31


 1711 01d2 03       		.uleb128 0x3
 1712 01d3 0E       		.uleb128 0xe
 1713 01d4 3A       		.uleb128 0x3a
 1714 01d5 0B       		.uleb128 0xb
 1715 01d6 3B       		.uleb128 0x3b
 1716 01d7 0B       		.uleb128 0xb
 1717 01d8 39       		.uleb128 0x39
 1718 01d9 0B       		.uleb128 0xb
 1719 01da 27       		.uleb128 0x27
 1720 01db 19       		.uleb128 0x19
 1721 01dc 49       		.uleb128 0x49
 1722 01dd 13       		.uleb128 0x13
 1723 01de 20       		.uleb128 0x20
 1724 01df 0B       		.uleb128 0xb
 1725 01e0 00       		.byte	0
 1726 01e1 00       		.byte	0
 1727 01e2 20       		.uleb128 0x20
 1728 01e3 2E       		.uleb128 0x2e
 1729 01e4 01       		.byte	0x1
 1730 01e5 03       		.uleb128 0x3
 1731 01e6 0E       		.uleb128 0xe
 1732 01e7 3A       		.uleb128 0x3a
 1733 01e8 0B       		.uleb128 0xb
 1734 01e9 3B       		.uleb128 0x3b
 1735 01ea 0B       		.uleb128 0xb
 1736 01eb 39       		.uleb128 0x39
 1737 01ec 0B       		.uleb128 0xb
 1738 01ed 27       		.uleb128 0x27
 1739 01ee 19       		.uleb128 0x19
 1740 01ef 49       		.uleb128 0x49
 1741 01f0 13       		.uleb128 0x13
 1742 01f1 20       		.uleb128 0x20
 1743 01f2 0B       		.uleb128 0xb
 1744 01f3 01       		.uleb128 0x1
 1745 01f4 13       		.uleb128 0x13
 1746 01f5 00       		.byte	0
 1747 01f6 00       		.byte	0
 1748 01f7 21       		.uleb128 0x21
 1749 01f8 34       		.uleb128 0x34
 1750 01f9 00       		.byte	0
 1751 01fa 03       		.uleb128 0x3
 1752 01fb 0E       		.uleb128 0xe
 1753 01fc 3A       		.uleb128 0x3a
 1754 01fd 0B       		.uleb128 0xb
 1755 01fe 3B       		.uleb128 0x3b
 1756 01ff 0B       		.uleb128 0xb
 1757 0200 39       		.uleb128 0x39
 1758 0201 0B       		.uleb128 0xb
 1759 0202 49       		.uleb128 0x49
 1760 0203 13       		.uleb128 0x13
 1761 0204 00       		.byte	0
 1762 0205 00       		.byte	0
 1763 0206 22       		.uleb128 0x22
 1764 0207 2E       		.uleb128 0x2e
 1765 0208 01       		.byte	0x1
 1766 0209 03       		.uleb128 0x3
 1767 020a 0E       		.uleb128 0xe
ARM GAS  C:\Users\DEVELO~1\AppData\Local\Temp\ccKu8lsr.s 			page 32


 1768 020b 3A       		.uleb128 0x3a
 1769 020c 0B       		.uleb128 0xb
 1770 020d 3B       		.uleb128 0x3b
 1771 020e 0B       		.uleb128 0xb
 1772 020f 39       		.uleb128 0x39
 1773 0210 0B       		.uleb128 0xb
 1774 0211 27       		.uleb128 0x27
 1775 0212 19       		.uleb128 0x19
 1776 0213 49       		.uleb128 0x49
 1777 0214 13       		.uleb128 0x13
 1778 0215 20       		.uleb128 0x20
 1779 0216 0B       		.uleb128 0xb
 1780 0217 00       		.byte	0
 1781 0218 00       		.byte	0
 1782 0219 00       		.byte	0
 1783              		.section	.debug_loclists,"",%progbits
 1784 0000 E0010000 		.4byte	.Ldebug_loc3-.Ldebug_loc2
 1785              	.Ldebug_loc2:
 1786 0004 0500     		.2byte	0x5
 1787 0006 04       		.byte	0x4
 1788 0007 00       		.byte	0
 1789 0008 00000000 		.4byte	0
 1790              	.Ldebug_loc0:
 1791              	.LVUS0:
 1792 000c 00       		.uleb128 .LVU97
 1793 000d 00       		.uleb128 .LVU102
 1794 000e 00       		.uleb128 .LVU102
 1795 000f 00       		.uleb128 .LVU104
 1796 0010 00       		.uleb128 .LVU104
 1797 0011 00       		.uleb128 .LVU111
 1798 0012 00       		.uleb128 .LVU111
 1799 0013 00       		.uleb128 .LVU130
 1800 0014 00       		.uleb128 .LVU130
 1801 0015 00       		.uleb128 .LVU132
 1802              	.LLST0:
 1803 0016 06       		.byte	0x6
 1804 0017 8E000000 		.4byte	.LVL23
 1805 001b 04       		.byte	0x4
 1806 001c 00       		.uleb128 .LVL23-.LVL23
 1807 001d 0C       		.uleb128 .LVL24-.LVL23
 1808 001e 01       		.uleb128 0x1
 1809 001f 54       		.byte	0x54
 1810 0020 04       		.byte	0x4
 1811 0021 0C       		.uleb128 .LVL24-.LVL23
 1812 0022 0E       		.uleb128 .LVL25-.LVL23
 1813 0023 01       		.uleb128 0x1
 1814 0024 50       		.byte	0x50
 1815 0025 04       		.byte	0x4
 1816 0026 0E       		.uleb128 .LVL25-.LVL23
 1817 0027 14       		.uleb128 .LVL27-.LVL23
 1818 0028 01       		.uleb128 0x1
 1819 0029 52       		.byte	0x52
 1820 002a 04       		.byte	0x4
 1821 002b 14       		.uleb128 .LVL27-.LVL23
 1822 002c 2E       		.uleb128 .LVL34-.LVL23
 1823 002d 03       		.uleb128 0x3
 1824 002e 70       		.byte	0x70
ARM GAS  C:\Users\DEVELO~1\AppData\Local\Temp\ccKu8lsr.s 			page 33


 1825 002f D400     		.sleb128 84
 1826 0031 04       		.byte	0x4
 1827 0032 2E       		.uleb128 .LVL34-.LVL23
 1828 0033 32       		.uleb128 .LVL35-.LVL23
 1829 0034 03       		.uleb128 0x3
 1830 0035 71       		.byte	0x71
 1831 0036 D400     		.sleb128 84
 1832 0038 00       		.byte	0
 1833              	.LVUS1:
 1834 0039 00       		.uleb128 .LVU120
 1835 003a 00       		.uleb128 .LVU122
 1836              	.LLST1:
 1837 003b 08       		.byte	0x8
 1838 003c AE000000 		.4byte	.LVL31
 1839 0040 02       		.uleb128 .LVL32-.LVL31
 1840 0041 01       		.uleb128 0x1
 1841 0042 53       		.byte	0x53
 1842 0043 00       		.byte	0
 1843              	.LVUS2:
 1844 0044 00       		.uleb128 .LVU127
 1845 0045 00       		.uleb128 .LVU132
 1846              	.LLST2:
 1847 0046 08       		.byte	0x8
 1848 0047 B4000000 		.4byte	.LVL33
 1849 004b 0C       		.uleb128 .LVL35-.LVL33
 1850 004c 07       		.uleb128 0x7
 1851 004d 73       		.byte	0x73
 1852 004e 00       		.sleb128 0
 1853 004f 31       		.byte	0x31
 1854 0050 25       		.byte	0x25
 1855 0051 33       		.byte	0x33
 1856 0052 1A       		.byte	0x1a
 1857 0053 9F       		.byte	0x9f
 1858 0054 00       		.byte	0
 1859              	.LVUS3:
 1860 0055 01       		.uleb128 .LVU20
 1861 0056 00       		.uleb128 .LVU36
 1862              	.LLST3:
 1863 0057 08       		.byte	0x8
 1864 0058 2E000000 		.4byte	.LVL1
 1865 005c 14       		.uleb128 .LVL6-.LVL1
 1866 005d 02       		.uleb128 0x2
 1867 005e 30       		.byte	0x30
 1868 005f 9F       		.byte	0x9f
 1869 0060 00       		.byte	0
 1870              	.LVUS4:
 1871 0061 01       		.uleb128 .LVU20
 1872 0062 00       		.uleb128 .LVU36
 1873              	.LLST4:
 1874 0063 08       		.byte	0x8
 1875 0064 2E000000 		.4byte	.LVL1
 1876 0068 14       		.uleb128 .LVL6-.LVL1
 1877 0069 02       		.uleb128 0x2
 1878 006a 31       		.byte	0x31
 1879 006b 9F       		.byte	0x9f
 1880 006c 00       		.byte	0
 1881              	.LVUS6:
ARM GAS  C:\Users\DEVELO~1\AppData\Local\Temp\ccKu8lsr.s 			page 34


 1882 006d 03       		.uleb128 .LVU22
 1883 006e 00       		.uleb128 .LVU36
 1884              	.LLST6:
 1885 006f 08       		.byte	0x8
 1886 0070 2E000000 		.4byte	.LVL1
 1887 0074 14       		.uleb128 .LVL6-.LVL1
 1888 0075 02       		.uleb128 0x2
 1889 0076 41       		.byte	0x41
 1890 0077 9F       		.byte	0x9f
 1891 0078 00       		.byte	0
 1892              	.LVUS8:
 1893 0079 01       		.uleb128 .LVU27
 1894 007a 00       		.uleb128 .LVU30
 1895 007b 00       		.uleb128 .LVU30
 1896 007c 00       		.uleb128 .LVU31
 1897 007d 00       		.uleb128 .LVU31
 1898 007e 00       		.uleb128 .LVU32
 1899 007f 01       		.uleb128 .LVU33
 1900 0080 00       		.uleb128 .LVU36
 1901              	.LLST8:
 1902 0081 06       		.byte	0x6
 1903 0082 36000000 		.4byte	.LVL2
 1904 0086 04       		.byte	0x4
 1905 0087 00       		.uleb128 .LVL2-.LVL2
 1906 0088 02       		.uleb128 .LVL3-.LVL2
 1907 0089 06       		.uleb128 0x6
 1908 008a 0C       		.byte	0xc
 1909 008b FFFF0300 		.4byte	0x3ffff
 1910 008f 9F       		.byte	0x9f
 1911 0090 04       		.byte	0x4
 1912 0091 02       		.uleb128 .LVL3-.LVL2
 1913 0092 04       		.uleb128 .LVL4-.LVL2
 1914 0093 03       		.uleb128 0x3
 1915 0094 73       		.byte	0x73
 1916 0095 7F       		.sleb128 -1
 1917 0096 9F       		.byte	0x9f
 1918 0097 04       		.byte	0x4
 1919 0098 04       		.uleb128 .LVL4-.LVL2
 1920 0099 06       		.uleb128 .LVL5-.LVL2
 1921 009a 01       		.uleb128 0x1
 1922 009b 53       		.byte	0x53
 1923 009c 04       		.byte	0x4
 1924 009d 06       		.uleb128 .LVL5-.LVL2
 1925 009e 0C       		.uleb128 .LVL6-.LVL2
 1926 009f 03       		.uleb128 0x3
 1927 00a0 73       		.byte	0x73
 1928 00a1 7F       		.sleb128 -1
 1929 00a2 9F       		.byte	0x9f
 1930 00a3 00       		.byte	0
 1931              	.LVUS9:
 1932 00a4 01       		.uleb128 .LVU39
 1933 00a5 00       		.uleb128 .LVU56
 1934              	.LLST9:
 1935 00a6 08       		.byte	0x8
 1936 00a7 48000000 		.4byte	.LVL7
 1937 00ab 16       		.uleb128 .LVL12-.LVL7
 1938 00ac 02       		.uleb128 0x2
ARM GAS  C:\Users\DEVELO~1\AppData\Local\Temp\ccKu8lsr.s 			page 35


 1939 00ad 30       		.byte	0x30
 1940 00ae 9F       		.byte	0x9f
 1941 00af 00       		.byte	0
 1942              	.LVUS10:
 1943 00b0 01       		.uleb128 .LVU39
 1944 00b1 00       		.uleb128 .LVU56
 1945              	.LLST10:
 1946 00b2 08       		.byte	0x8
 1947 00b3 48000000 		.4byte	.LVL7
 1948 00b7 16       		.uleb128 .LVL12-.LVL7
 1949 00b8 02       		.uleb128 0x2
 1950 00b9 31       		.byte	0x31
 1951 00ba 9F       		.byte	0x9f
 1952 00bb 00       		.byte	0
 1953              	.LVUS11:
 1954 00bc 01       		.uleb128 .LVU39
 1955 00bd 00       		.uleb128 .LVU56
 1956              	.LLST11:
 1957 00be 08       		.byte	0x8
 1958 00bf 48000000 		.4byte	.LVL7
 1959 00c3 16       		.uleb128 .LVL12-.LVL7
 1960 00c4 02       		.uleb128 0x2
 1961 00c5 32       		.byte	0x32
 1962 00c6 9F       		.byte	0x9f
 1963 00c7 00       		.byte	0
 1964              	.LVUS12:
 1965 00c8 03       		.uleb128 .LVU41
 1966 00c9 00       		.uleb128 .LVU56
 1967              	.LLST12:
 1968 00ca 08       		.byte	0x8
 1969 00cb 48000000 		.4byte	.LVL7
 1970 00cf 16       		.uleb128 .LVL12-.LVL7
 1971 00d0 02       		.uleb128 0x2
 1972 00d1 42       		.byte	0x42
 1973 00d2 9F       		.byte	0x9f
 1974 00d3 00       		.byte	0
 1975              	.LVUS14:
 1976 00d4 01       		.uleb128 .LVU47
 1977 00d5 00       		.uleb128 .LVU50
 1978 00d6 00       		.uleb128 .LVU50
 1979 00d7 00       		.uleb128 .LVU51
 1980 00d8 00       		.uleb128 .LVU51
 1981 00d9 00       		.uleb128 .LVU52
 1982 00da 01       		.uleb128 .LVU53
 1983 00db 00       		.uleb128 .LVU56
 1984              	.LLST14:
 1985 00dc 06       		.byte	0x6
 1986 00dd 52000000 		.4byte	.LVL8
 1987 00e1 04       		.byte	0x4
 1988 00e2 00       		.uleb128 .LVL8-.LVL8
 1989 00e3 02       		.uleb128 .LVL9-.LVL8
 1990 00e4 06       		.uleb128 0x6
 1991 00e5 0C       		.byte	0xc
 1992 00e6 FFFF0300 		.4byte	0x3ffff
 1993 00ea 9F       		.byte	0x9f
 1994 00eb 04       		.byte	0x4
 1995 00ec 02       		.uleb128 .LVL9-.LVL8
ARM GAS  C:\Users\DEVELO~1\AppData\Local\Temp\ccKu8lsr.s 			page 36


 1996 00ed 04       		.uleb128 .LVL10-.LVL8
 1997 00ee 03       		.uleb128 0x3
 1998 00ef 73       		.byte	0x73
 1999 00f0 7F       		.sleb128 -1
 2000 00f1 9F       		.byte	0x9f
 2001 00f2 04       		.byte	0x4
 2002 00f3 04       		.uleb128 .LVL10-.LVL8
 2003 00f4 06       		.uleb128 .LVL11-.LVL8
 2004 00f5 01       		.uleb128 0x1
 2005 00f6 53       		.byte	0x53
 2006 00f7 04       		.byte	0x4
 2007 00f8 06       		.uleb128 .LVL11-.LVL8
 2008 00f9 0C       		.uleb128 .LVL12-.LVL8
 2009 00fa 03       		.uleb128 0x3
 2010 00fb 73       		.byte	0x73
 2011 00fc 7F       		.sleb128 -1
 2012 00fd 9F       		.byte	0x9f
 2013 00fe 00       		.byte	0
 2014              	.LVUS15:
 2015 00ff 02       		.uleb128 .LVU58
 2016 0100 00       		.uleb128 .LVU75
 2017              	.LLST15:
 2018 0101 08       		.byte	0x8
 2019 0102 5E000000 		.4byte	.LVL12
 2020 0106 16       		.uleb128 .LVL17-.LVL12
 2021 0107 02       		.uleb128 0x2
 2022 0108 30       		.byte	0x30
 2023 0109 9F       		.byte	0x9f
 2024 010a 00       		.byte	0
 2025              	.LVUS16:
 2026 010b 02       		.uleb128 .LVU58
 2027 010c 00       		.uleb128 .LVU75
 2028              	.LLST16:
 2029 010d 08       		.byte	0x8
 2030 010e 5E000000 		.4byte	.LVL12
 2031 0112 16       		.uleb128 .LVL17-.LVL12
 2032 0113 02       		.uleb128 0x2
 2033 0114 38       		.byte	0x38
 2034 0115 9F       		.byte	0x9f
 2035 0116 00       		.byte	0
 2036              	.LVUS17:
 2037 0117 02       		.uleb128 .LVU58
 2038 0118 00       		.uleb128 .LVU75
 2039              	.LLST17:
 2040 0119 08       		.byte	0x8
 2041 011a 5E000000 		.4byte	.LVL12
 2042 011e 16       		.uleb128 .LVL17-.LVL12
 2043 011f 02       		.uleb128 0x2
 2044 0120 33       		.byte	0x33
 2045 0121 9F       		.byte	0x9f
 2046 0122 00       		.byte	0
 2047              	.LVUS18:
 2048 0123 04       		.uleb128 .LVU60
 2049 0124 00       		.uleb128 .LVU75
 2050              	.LLST18:
 2051 0125 08       		.byte	0x8
 2052 0126 5E000000 		.4byte	.LVL12
ARM GAS  C:\Users\DEVELO~1\AppData\Local\Temp\ccKu8lsr.s 			page 37


 2053 012a 16       		.uleb128 .LVL17-.LVL12
 2054 012b 03       		.uleb128 0x3
 2055 012c 08       		.byte	0x8
 2056 012d F3       		.byte	0xf3
 2057 012e 9F       		.byte	0x9f
 2058 012f 00       		.byte	0
 2059              	.LVUS20:
 2060 0130 01       		.uleb128 .LVU66
 2061 0131 00       		.uleb128 .LVU69
 2062 0132 00       		.uleb128 .LVU69
 2063 0133 00       		.uleb128 .LVU70
 2064 0134 00       		.uleb128 .LVU70
 2065 0135 00       		.uleb128 .LVU71
 2066 0136 01       		.uleb128 .LVU72
 2067 0137 00       		.uleb128 .LVU75
 2068              	.LLST20:
 2069 0138 06       		.byte	0x6
 2070 0139 68000000 		.4byte	.LVL13
 2071 013d 04       		.byte	0x4
 2072 013e 00       		.uleb128 .LVL13-.LVL13
 2073 013f 02       		.uleb128 .LVL14-.LVL13
 2074 0140 06       		.uleb128 0x6
 2075 0141 0C       		.byte	0xc
 2076 0142 FFFF0300 		.4byte	0x3ffff
 2077 0146 9F       		.byte	0x9f
 2078 0147 04       		.byte	0x4
 2079 0148 02       		.uleb128 .LVL14-.LVL13
 2080 0149 04       		.uleb128 .LVL15-.LVL13
 2081 014a 03       		.uleb128 0x3
 2082 014b 73       		.byte	0x73
 2083 014c 7F       		.sleb128 -1
 2084 014d 9F       		.byte	0x9f
 2085 014e 04       		.byte	0x4
 2086 014f 04       		.uleb128 .LVL15-.LVL13
 2087 0150 06       		.uleb128 .LVL16-.LVL13
 2088 0151 01       		.uleb128 0x1
 2089 0152 53       		.byte	0x53
 2090 0153 04       		.byte	0x4
 2091 0154 06       		.uleb128 .LVL16-.LVL13
 2092 0155 0C       		.uleb128 .LVL17-.LVL13
 2093 0156 03       		.uleb128 0x3
 2094 0157 73       		.byte	0x73
 2095 0158 7F       		.sleb128 -1
 2096 0159 9F       		.byte	0x9f
 2097 015a 00       		.byte	0
 2098              	.LVUS21:
 2099 015b 02       		.uleb128 .LVU77
 2100 015c 00       		.uleb128 .LVU94
 2101              	.LLST21:
 2102 015d 08       		.byte	0x8
 2103 015e 74000000 		.4byte	.LVL17
 2104 0162 18       		.uleb128 .LVL22-.LVL17
 2105 0163 03       		.uleb128 0x3
 2106 0164 08       		.byte	0x8
 2107 0165 32       		.byte	0x32
 2108 0166 9F       		.byte	0x9f
 2109 0167 00       		.byte	0
ARM GAS  C:\Users\DEVELO~1\AppData\Local\Temp\ccKu8lsr.s 			page 38


 2110              	.LVUS22:
 2111 0168 02       		.uleb128 .LVU77
 2112 0169 00       		.uleb128 .LVU94
 2113              	.LLST22:
 2114 016a 08       		.byte	0x8
 2115 016b 74000000 		.4byte	.LVL17
 2116 016f 18       		.uleb128 .LVL22-.LVL17
 2117 0170 02       		.uleb128 0x2
 2118 0171 31       		.byte	0x31
 2119 0172 9F       		.byte	0x9f
 2120 0173 00       		.byte	0
 2121              	.LVUS23:
 2122 0174 02       		.uleb128 .LVU77
 2123 0175 00       		.uleb128 .LVU94
 2124              	.LLST23:
 2125 0176 08       		.byte	0x8
 2126 0177 74000000 		.4byte	.LVL17
 2127 017b 18       		.uleb128 .LVL22-.LVL17
 2128 017c 02       		.uleb128 0x2
 2129 017d 34       		.byte	0x34
 2130 017e 9F       		.byte	0x9f
 2131 017f 00       		.byte	0
 2132              	.LVUS24:
 2133 0180 04       		.uleb128 .LVU79
 2134 0181 00       		.uleb128 .LVU94
 2135              	.LLST24:
 2136 0182 08       		.byte	0x8
 2137 0183 74000000 		.4byte	.LVL17
 2138 0187 18       		.uleb128 .LVL22-.LVL17
 2139 0188 04       		.uleb128 0x4
 2140 0189 0A       		.byte	0xa
 2141 018a 1464     		.2byte	0x6414
 2142 018c 9F       		.byte	0x9f
 2143 018d 00       		.byte	0
 2144              	.LVUS26:
 2145 018e 01       		.uleb128 .LVU85
 2146 018f 00       		.uleb128 .LVU88
 2147 0190 00       		.uleb128 .LVU88
 2148 0191 00       		.uleb128 .LVU89
 2149 0192 00       		.uleb128 .LVU89
 2150 0193 00       		.uleb128 .LVU90
 2151 0194 01       		.uleb128 .LVU91
 2152 0195 00       		.uleb128 .LVU94
 2153              	.LLST26:
 2154 0196 06       		.byte	0x6
 2155 0197 80000000 		.4byte	.LVL18
 2156 019b 04       		.byte	0x4
 2157 019c 00       		.uleb128 .LVL18-.LVL18
 2158 019d 02       		.uleb128 .LVL19-.LVL18
 2159 019e 06       		.uleb128 0x6
 2160 019f 0C       		.byte	0xc
 2161 01a0 FFFF0300 		.4byte	0x3ffff
 2162 01a4 9F       		.byte	0x9f
 2163 01a5 04       		.byte	0x4
 2164 01a6 02       		.uleb128 .LVL19-.LVL18
 2165 01a7 04       		.uleb128 .LVL20-.LVL18
 2166 01a8 03       		.uleb128 0x3
ARM GAS  C:\Users\DEVELO~1\AppData\Local\Temp\ccKu8lsr.s 			page 39


 2167 01a9 73       		.byte	0x73
 2168 01aa 7F       		.sleb128 -1
 2169 01ab 9F       		.byte	0x9f
 2170 01ac 04       		.byte	0x4
 2171 01ad 04       		.uleb128 .LVL20-.LVL18
 2172 01ae 06       		.uleb128 .LVL21-.LVL18
 2173 01af 01       		.uleb128 0x1
 2174 01b0 53       		.byte	0x53
 2175 01b1 04       		.byte	0x4
 2176 01b2 06       		.uleb128 .LVL21-.LVL18
 2177 01b3 0C       		.uleb128 .LVL22-.LVL18
 2178 01b4 03       		.uleb128 0x3
 2179 01b5 73       		.byte	0x73
 2180 01b6 7F       		.sleb128 -1
 2181 01b7 9F       		.byte	0x9f
 2182 01b8 00       		.byte	0
 2183              	.LVUS28:
 2184 01b9 01       		.uleb128 .LVU108
 2185 01ba 00       		.uleb128 .LVU111
 2186 01bb 00       		.uleb128 .LVU111
 2187 01bc 00       		.uleb128 .LVU112
 2188 01bd 00       		.uleb128 .LVU112
 2189 01be 00       		.uleb128 .LVU113
 2190 01bf 01       		.uleb128 .LVU114
 2191 01c0 00       		.uleb128 .LVU117
 2192              	.LLST28:
 2193 01c1 06       		.byte	0x6
 2194 01c2 A0000000 		.4byte	.LVL26
 2195 01c6 04       		.byte	0x4
 2196 01c7 00       		.uleb128 .LVL26-.LVL26
 2197 01c8 02       		.uleb128 .LVL27-.LVL26
 2198 01c9 06       		.uleb128 0x6
 2199 01ca 0C       		.byte	0xc
 2200 01cb FFFF0300 		.4byte	0x3ffff
 2201 01cf 9F       		.byte	0x9f
 2202 01d0 04       		.byte	0x4
 2203 01d1 02       		.uleb128 .LVL27-.LVL26
 2204 01d2 04       		.uleb128 .LVL28-.LVL26
 2205 01d3 03       		.uleb128 0x3
 2206 01d4 73       		.byte	0x73
 2207 01d5 7F       		.sleb128 -1
 2208 01d6 9F       		.byte	0x9f
 2209 01d7 04       		.byte	0x4
 2210 01d8 04       		.uleb128 .LVL28-.LVL26
 2211 01d9 06       		.uleb128 .LVL29-.LVL26
 2212 01da 01       		.uleb128 0x1
 2213 01db 53       		.byte	0x53
 2214 01dc 04       		.byte	0x4
 2215 01dd 06       		.uleb128 .LVL29-.LVL26
 2216 01de 0C       		.uleb128 .LVL30-.LVL26
 2217 01df 03       		.uleb128 0x3
 2218 01e0 73       		.byte	0x73
 2219 01e1 7F       		.sleb128 -1
 2220 01e2 9F       		.byte	0x9f
 2221 01e3 00       		.byte	0
 2222              	.Ldebug_loc3:
 2223              		.section	.debug_aranges,"",%progbits
ARM GAS  C:\Users\DEVELO~1\AppData\Local\Temp\ccKu8lsr.s 			page 40


 2224 0000 1C000000 		.4byte	0x1c
 2225 0004 0200     		.2byte	0x2
 2226 0006 00000000 		.4byte	.Ldebug_info0
 2227 000a 04       		.byte	0x4
 2228 000b 00       		.byte	0
 2229 000c 0000     		.2byte	0
 2230 000e 0000     		.2byte	0
 2231 0010 00000000 		.4byte	.LFB349
 2232 0014 D4000000 		.4byte	.LFE349-.LFB349
 2233 0018 00000000 		.4byte	0
 2234 001c 00000000 		.4byte	0
 2235              		.section	.debug_rnglists,"",%progbits
 2236              	.Ldebug_ranges0:
 2237 0000 4F000000 		.4byte	.Ldebug_ranges3-.Ldebug_ranges2
 2238              	.Ldebug_ranges2:
 2239 0004 0500     		.2byte	0x5
 2240 0006 04       		.byte	0x4
 2241 0007 00       		.byte	0
 2242 0008 00000000 		.4byte	0
 2243              	.LLRL7:
 2244 000c 05       		.byte	0x5
 2245 000d 30000000 		.4byte	.LBB26
 2246 0011 04       		.byte	0x4
 2247 0012 00       		.uleb128 .LBB26-.LBB26
 2248 0013 04       		.uleb128 .LBE26-.LBB26
 2249 0014 04       		.byte	0x4
 2250 0015 06       		.uleb128 .LBB29-.LBB26
 2251 0016 12       		.uleb128 .LBE29-.LBB26
 2252 0017 00       		.byte	0
 2253              	.LLRL13:
 2254 0018 05       		.byte	0x5
 2255 0019 4A000000 		.4byte	.LBB32
 2256 001d 04       		.byte	0x4
 2257 001e 00       		.uleb128 .LBB32-.LBB32
 2258 001f 06       		.uleb128 .LBE32-.LBB32
 2259 0020 04       		.byte	0x4
 2260 0021 08       		.uleb128 .LBB35-.LBB32
 2261 0022 14       		.uleb128 .LBE35-.LBB32
 2262 0023 00       		.byte	0
 2263              	.LLRL19:
 2264 0024 05       		.byte	0x5
 2265 0025 60000000 		.4byte	.LBB38
 2266 0029 04       		.byte	0x4
 2267 002a 00       		.uleb128 .LBB38-.LBB38
 2268 002b 06       		.uleb128 .LBE38-.LBB38
 2269 002c 04       		.byte	0x4
 2270 002d 08       		.uleb128 .LBB41-.LBB38
 2271 002e 14       		.uleb128 .LBE41-.LBB38
 2272 002f 00       		.byte	0
 2273              	.LLRL25:
 2274 0030 05       		.byte	0x5
 2275 0031 78000000 		.4byte	.LBB44
 2276 0035 04       		.byte	0x4
 2277 0036 00       		.uleb128 .LBB44-.LBB44
 2278 0037 06       		.uleb128 .LBE44-.LBB44
 2279 0038 04       		.byte	0x4
 2280 0039 08       		.uleb128 .LBB47-.LBB44
ARM GAS  C:\Users\DEVELO~1\AppData\Local\Temp\ccKu8lsr.s 			page 41


 2281 003a 14       		.uleb128 .LBE47-.LBB44
 2282 003b 00       		.byte	0
 2283              	.LLRL27:
 2284 003c 05       		.byte	0x5
 2285 003d 94000000 		.4byte	.LBB48
 2286 0041 04       		.byte	0x4
 2287 0042 00       		.uleb128 .LBB48-.LBB48
 2288 0043 04       		.uleb128 .LBE48-.LBB48
 2289 0044 04       		.byte	0x4
 2290 0045 08       		.uleb128 .LBB52-.LBB48
 2291 0046 0A       		.uleb128 .LBE52-.LBB48
 2292 0047 04       		.byte	0x4
 2293 0048 0C       		.uleb128 .LBB53-.LBB48
 2294 0049 18       		.uleb128 .LBE53-.LBB48
 2295 004a 00       		.byte	0
 2296              	.LLRL29:
 2297 004b 07       		.byte	0x7
 2298 004c 00000000 		.4byte	.LFB349
 2299 0050 D401     		.uleb128 .LFE349-.LFB349
 2300 0052 00       		.byte	0
 2301              	.Ldebug_ranges3:
 2302              		.section	.debug_line,"",%progbits
 2303              	.Ldebug_line0:
 2304 0000 49030000 		.section	.debug_str,"MS",%progbits,1
 2304      03006101 
 2304      00000201 
 2304      FB0E0D00 
 2304      01010101 
 2305              	.LASF35:
 2306 0000 504C4C31 		.ascii	"PLL1FRACR\000"
 2306      46524143 
 2306      5200
 2307              	.LASF79:
 2308 000a 41504231 		.ascii	"APB1LLPENR\000"
 2308      4C4C5045 
 2308      4E5200
 2309              	.LASF72:
 2310 0015 41504234 		.ascii	"APB4ENR\000"
 2310      454E5200 
 2311              	.LASF95:
 2312 001d 64726976 		.ascii	"drivers/sdram/sdram_hw.c\000"
 2312      6572732F 
 2312      73647261 
 2312      6D2F7364 
 2312      72616D5F 
 2313              	.LASF20:
 2314 0036 53445254 		.ascii	"SDRTR\000"
 2314      5200
 2315              	.LASF80:
 2316 003c 41504231 		.ascii	"APB1HLPENR\000"
 2316      484C5045 
 2316      4E5200
 2317              	.LASF43:
 2318 0047 44324343 		.ascii	"D2CCIP2R\000"
 2318      49503252 
 2318      00
 2319              	.LASF18:
ARM GAS  C:\Users\DEVELO~1\AppData\Local\Temp\ccKu8lsr.s 			page 42


 2320 0050 53445452 		.ascii	"SDTR\000"
 2320      00
 2321              	.LASF58:
 2322 0055 41504231 		.ascii	"APB1HRSTR\000"
 2322      48525354 
 2322      5200
 2323              	.LASF13:
 2324 005f 75696E74 		.ascii	"uint64_t\000"
 2324      36345F74 
 2324      00
 2325              	.LASF5:
 2326 0068 73686F72 		.ascii	"short int\000"
 2326      7420696E 
 2326      7400
 2327              	.LASF60:
 2328 0072 41504234 		.ascii	"APB4RSTR\000"
 2328      52535452 
 2328      00
 2329              	.LASF50:
 2330 007b 42444352 		.ascii	"BDCR\000"
 2330      00
 2331              	.LASF97:
 2332 0080 63685468 		.ascii	"chThdSleep\000"
 2332      64536C65 
 2332      657000
 2333              	.LASF23:
 2334 008b 48534943 		.ascii	"HSICFGR\000"
 2334      46475200 
 2335              	.LASF44:
 2336 0093 44334343 		.ascii	"D3CCIPR\000"
 2336      49505200 
 2337              	.LASF9:
 2338 009b 5F5F7569 		.ascii	"__uint32_t\000"
 2338      6E743332 
 2338      5F7400
 2339              	.LASF90:
 2340 00a6 6D6F6465 		.ascii	"mode\000"
 2340      00
 2341              	.LASF48:
 2342 00ab 43494352 		.ascii	"CICR\000"
 2342      00
 2343              	.LASF94:
 2344 00b0 474E5520 		.ascii	"GNU C17 11.3.1 20220712 -mcpu=cortex-m7 -mthumb -mf"
 2344      43313720 
 2344      31312E33 
 2344      2E312032 
 2344      30323230 
 2345 00e3 6C6F6174 		.ascii	"loat-abi=soft -march=armv7e-m -ggdb -O2 -fomit-fram"
 2345      2D616269 
 2345      3D736F66 
 2345      74202D6D 
 2345      61726368 
 2346 0116 652D706F 		.ascii	"e-pointer -falign-functions=16 -ffunction-sections "
 2346      696E7465 
 2346      72202D66 
 2346      616C6967 
 2346      6E2D6675 
ARM GAS  C:\Users\DEVELO~1\AppData\Local\Temp\ccKu8lsr.s 			page 43


 2347 0149 2D666461 		.ascii	"-fdata-sections -fno-common\000"
 2347      74612D73 
 2347      65637469 
 2347      6F6E7320 
 2347      2D666E6F 
 2348              	.LASF74:
 2349 0165 41484233 		.ascii	"AHB3LPENR\000"
 2349      4C50454E 
 2349      5200
 2350              	.LASF22:
 2351 016f 464D435F 		.ascii	"FMC_Bank5_6_TypeDef\000"
 2351      42616E6B 
 2351      355F365F 
 2351      54797065 
 2351      44656600 
 2352              	.LASF26:
 2353 0183 43464752 		.ascii	"CFGR\000"
 2353      00
 2354              	.LASF49:
 2355 0188 52455345 		.ascii	"RESERVED5\000"
 2355      52564544 
 2355      3500
 2356              	.LASF51:
 2357 0192 52455345 		.ascii	"RESERVED6\000"
 2357      52564544 
 2357      3600
 2358              	.LASF30:
 2359 019c 44334346 		.ascii	"D3CFGR\000"
 2359      475200
 2360              	.LASF86:
 2361 01a3 73646372 		.ascii	"sdcr\000"
 2361      00
 2362              	.LASF66:
 2363 01a8 41484232 		.ascii	"AHB2ENR\000"
 2363      454E5200 
 2364              	.LASF34:
 2365 01b0 504C4C31 		.ascii	"PLL1DIVR\000"
 2365      44495652 
 2365      00
 2366              	.LASF64:
 2367 01b9 41484233 		.ascii	"AHB3ENR\000"
 2367      454E5200 
 2368              	.LASF32:
 2369 01c1 504C4C43 		.ascii	"PLLCKSELR\000"
 2369      4B53454C 
 2369      5200
 2370              	.LASF57:
 2371 01cb 41504231 		.ascii	"APB1LRSTR\000"
 2371      4C525354 
 2371      5200
 2372              	.LASF46:
 2373 01d5 43494552 		.ascii	"CIER\000"
 2373      00
 2374              	.LASF7:
 2375 01da 6C6F6E67 		.ascii	"long int\000"
 2375      20696E74 
 2375      00
ARM GAS  C:\Users\DEVELO~1\AppData\Local\Temp\ccKu8lsr.s 			page 44


 2376              	.LASF36:
 2377 01e3 504C4C32 		.ascii	"PLL2DIVR\000"
 2377      44495652 
 2377      00
 2378              	.LASF84:
 2379 01ec 5243435F 		.ascii	"RCC_TypeDef\000"
 2379      54797065 
 2379      44656600 
 2380              	.LASF59:
 2381 01f8 41504232 		.ascii	"APB2RSTR\000"
 2381      52535452 
 2381      00
 2382              	.LASF100:
 2383 0201 666D635F 		.ascii	"fmc_issue_command\000"
 2383      69737375 
 2383      655F636F 
 2383      6D6D616E 
 2383      6400
 2384              	.LASF83:
 2385 0213 52455345 		.ascii	"RESERVED13\000"
 2385      52564544 
 2385      313300
 2386              	.LASF92:
 2387 021e 6D6F6465 		.ascii	"mode_reg\000"
 2387      5F726567 
 2387      00
 2388              	.LASF25:
 2389 0227 43534943 		.ascii	"CSICFGR\000"
 2389      46475200 
 2390              	.LASF78:
 2391 022f 41504233 		.ascii	"APB3LPENR\000"
 2391      4C50454E 
 2391      5200
 2392              	.LASF2:
 2393 0239 6C6F6E67 		.ascii	"long double\000"
 2393      20646F75 
 2393      626C6500 
 2394              	.LASF62:
 2395 0245 4433414D 		.ascii	"D3AMR\000"
 2395      5200
 2396              	.LASF70:
 2397 024b 41504231 		.ascii	"APB1HENR\000"
 2397      48454E52 
 2397      00
 2398              	.LASF4:
 2399 0254 756E7369 		.ascii	"unsigned char\000"
 2399      676E6564 
 2399      20636861 
 2399      7200
 2400              	.LASF37:
 2401 0262 504C4C32 		.ascii	"PLL2FRACR\000"
 2401      46524143 
 2401      5200
 2402              	.LASF63:
 2403 026c 52455345 		.ascii	"RESERVED11\000"
 2403      52564544 
 2403      313100
ARM GAS  C:\Users\DEVELO~1\AppData\Local\Temp\ccKu8lsr.s 			page 45


 2404              	.LASF73:
 2405 0277 52455345 		.ascii	"RESERVED12\000"
 2405      52564544 
 2405      313200
 2406              	.LASF71:
 2407 0282 41504232 		.ascii	"APB2ENR\000"
 2407      454E5200 
 2408              	.LASF69:
 2409 028a 41504231 		.ascii	"APB1LENR\000"
 2409      4C454E52 
 2409      00
 2410              	.LASF24:
 2411 0293 43525243 		.ascii	"CRRCR\000"
 2411      5200
 2412              	.LASF17:
 2413 0299 53444352 		.ascii	"SDCR\000"
 2413      00
 2414              	.LASF3:
 2415 029e 7369676E 		.ascii	"signed char\000"
 2415      65642063 
 2415      68617200 
 2416              	.LASF11:
 2417 02aa 6C6F6E67 		.ascii	"long long unsigned int\000"
 2417      206C6F6E 
 2417      6720756E 
 2417      7369676E 
 2417      65642069 
 2418              	.LASF55:
 2419 02c1 41484234 		.ascii	"AHB4RSTR\000"
 2419      52535452 
 2419      00
 2420              	.LASF12:
 2421 02ca 75696E74 		.ascii	"uint32_t\000"
 2421      33325F74 
 2421      00
 2422              	.LASF0:
 2423 02d3 756E7369 		.ascii	"unsigned int\000"
 2423      676E6564 
 2423      20696E74 
 2423      00
 2424              	.LASF54:
 2425 02e0 41484232 		.ascii	"AHB2RSTR\000"
 2425      52535452 
 2425      00
 2426              	.LASF96:
 2427 02e9 433A5C50 		.ascii	"C:\\PROJET\\ChibiOS project\\ChibiOS_21.11.4\\demos"
 2427      524F4A45 
 2427      545C4368 
 2427      6962694F 
 2427      53207072 
 2428 0318 5C53544D 		.ascii	"\\STM32\\RT-STM32H743ZI_REV_XY-NUCLEO144\000"
 2428      33325C52 
 2428      542D5354 
 2428      4D333248 
 2428      3734335A 
 2429              	.LASF75:
 2430 033f 41484231 		.ascii	"AHB1LPENR\000"
ARM GAS  C:\Users\DEVELO~1\AppData\Local\Temp\ccKu8lsr.s 			page 46


 2430      4C50454E 
 2430      5200
 2431              	.LASF28:
 2432 0349 44314346 		.ascii	"D1CFGR\000"
 2432      475200
 2433              	.LASF67:
 2434 0350 41484234 		.ascii	"AHB4ENR\000"
 2434      454E5200 
 2435              	.LASF33:
 2436 0358 504C4C43 		.ascii	"PLLCFGR\000"
 2436      46475200 
 2437              	.LASF6:
 2438 0360 73686F72 		.ascii	"short unsigned int\000"
 2438      7420756E 
 2438      7369676E 
 2438      65642069 
 2438      6E7400
 2439              	.LASF89:
 2440 0373 73746174 		.ascii	"status\000"
 2440      757300
 2441              	.LASF1:
 2442 037a 6C6F6E67 		.ascii	"long long int\000"
 2442      206C6F6E 
 2442      6720696E 
 2442      7400
 2443              	.LASF14:
 2444 0388 63686172 		.ascii	"char\000"
 2444      00
 2445              	.LASF41:
 2446 038d 44314343 		.ascii	"D1CCIPR\000"
 2446      49505200 
 2447              	.LASF85:
 2448 0395 5F426F6F 		.ascii	"_Bool\000"
 2448      6C00
 2449              	.LASF77:
 2450 039b 41484234 		.ascii	"AHB4LPENR\000"
 2450      4C50454E 
 2450      5200
 2451              	.LASF15:
 2452 03a5 73797369 		.ascii	"sysinterval_t\000"
 2452      6E746572 
 2452      76616C5F 
 2452      7400
 2453              	.LASF10:
 2454 03b3 5F5F7569 		.ascii	"__uint64_t\000"
 2454      6E743634 
 2454      5F7400
 2455              	.LASF76:
 2456 03be 41484232 		.ascii	"AHB2LPENR\000"
 2456      4C50454E 
 2456      5200
 2457              	.LASF38:
 2458 03c8 504C4C33 		.ascii	"PLL3DIVR\000"
 2458      44495652 
 2458      00
 2459              	.LASF27:
 2460 03d1 52455345 		.ascii	"RESERVED1\000"
ARM GAS  C:\Users\DEVELO~1\AppData\Local\Temp\ccKu8lsr.s 			page 47


 2460      52564544 
 2460      3100
 2461              	.LASF31:
 2462 03db 52455345 		.ascii	"RESERVED2\000"
 2462      52564544 
 2462      3200
 2463              	.LASF40:
 2464 03e5 52455345 		.ascii	"RESERVED3\000"
 2464      52564544 
 2464      3300
 2465              	.LASF45:
 2466 03ef 52455345 		.ascii	"RESERVED4\000"
 2466      52564544 
 2466      3400
 2467              	.LASF56:
 2468 03f9 41504233 		.ascii	"APB3RSTR\000"
 2468      52535452 
 2468      00
 2469              	.LASF8:
 2470 0402 6C6F6E67 		.ascii	"long unsigned int\000"
 2470      20756E73 
 2470      69676E65 
 2470      6420696E 
 2470      7400
 2471              	.LASF61:
 2472 0414 52455345 		.ascii	"RESERVED8\000"
 2472      52564544 
 2472      3800
 2473              	.LASF68:
 2474 041e 41504233 		.ascii	"APB3ENR\000"
 2474      454E5200 
 2475              	.LASF88:
 2476 0426 73647274 		.ascii	"sdrtr\000"
 2476      7200
 2477              	.LASF47:
 2478 042c 43494652 		.ascii	"CIFR\000"
 2478      00
 2479              	.LASF42:
 2480 0431 44324343 		.ascii	"D2CCIP1R\000"
 2480      49503152 
 2480      00
 2481              	.LASF21:
 2482 043a 53445352 		.ascii	"SDSR\000"
 2482      00
 2483              	.LASF65:
 2484 043f 41484231 		.ascii	"AHB1ENR\000"
 2484      454E5200 
 2485              	.LASF98:
 2486 0447 73647261 		.ascii	"sdram_hw_init_sequence\000"
 2486      6D5F6877 
 2486      5F696E69 
 2486      745F7365 
 2486      7175656E 
 2487              	.LASF87:
 2488 045e 73647472 		.ascii	"sdtr\000"
 2488      00
 2489              	.LASF16:
ARM GAS  C:\Users\DEVELO~1\AppData\Local\Temp\ccKu8lsr.s 			page 48


 2490 0463 74696D65 		.ascii	"time_conv_t\000"
 2490      5F636F6E 
 2490      765F7400 
 2491              	.LASF53:
 2492 046f 41484231 		.ascii	"AHB1RSTR\000"
 2492      52535452 
 2492      00
 2493              	.LASF99:
 2494 0478 666D635F 		.ascii	"fmc_current_mode\000"
 2494      63757272 
 2494      656E745F 
 2494      6D6F6465 
 2494      00
 2495              	.LASF19:
 2496 0489 5344434D 		.ascii	"SDCMR\000"
 2496      5200
 2497              	.LASF52:
 2498 048f 41484233 		.ascii	"AHB3RSTR\000"
 2498      52535452 
 2498      00
 2499              	.LASF102:
 2500 0498 666D635F 		.ascii	"fmc_wait_while_busy\000"
 2500      77616974 
 2500      5F776869 
 2500      6C655F62 
 2500      75737900 
 2501              	.LASF91:
 2502 04ac 6175746F 		.ascii	"auto_refresh\000"
 2502      5F726566 
 2502      72657368 
 2502      00
 2503              	.LASF29:
 2504 04b9 44324346 		.ascii	"D2CFGR\000"
 2504      475200
 2505              	.LASF82:
 2506 04c0 41504234 		.ascii	"APB4LPENR\000"
 2506      4C50454E 
 2506      5200
 2507              	.LASF81:
 2508 04ca 41504232 		.ascii	"APB2LPENR\000"
 2508      4C50454E 
 2508      5200
 2509              	.LASF101:
 2510 04d4 636F6D6D 		.ascii	"command\000"
 2510      616E6400 
 2511              	.LASF93:
 2512 04dc 74696D65 		.ascii	"timeout\000"
 2512      6F757400 
 2513              	.LASF39:
 2514 04e4 504C4C33 		.ascii	"PLL3FRACR\000"
 2514      46524143 
 2514      5200
 2515              		.ident	"GCC: (Arm GNU Toolchain 11.3.Rel1) 11.3.1 20220712"
ARM GAS  C:\Users\DEVELO~1\AppData\Local\Temp\ccKu8lsr.s 			page 49


DEFINED SYMBOLS
                            *ABS*:00000000 sdram_hw.c
C:\Users\DEVELO~1\AppData\Local\Temp\ccKu8lsr.s:18     .text.sdram_hw_init_sequence:00000000 $t
C:\Users\DEVELO~1\AppData\Local\Temp\ccKu8lsr.s:25     .text.sdram_hw_init_sequence:00000000 sdram_hw_init_sequence
C:\Users\DEVELO~1\AppData\Local\Temp\ccKu8lsr.s:375    .text.sdram_hw_init_sequence:000000c4 $d

UNDEFINED SYMBOLS
chThdSleep
