ARM GAS  C:\Users\DEVELO~1\AppData\Local\Temp\ccj17zEi.s 			page 1


   1              		.cpu cortex-m7
   2              		.arch armv7e-m
   3              		.fpu softvfp
   4              		.eabi_attribute 20, 1
   5              		.eabi_attribute 21, 1
   6              		.eabi_attribute 23, 3
   7              		.eabi_attribute 24, 1
   8              		.eabi_attribute 25, 1
   9              		.eabi_attribute 26, 1
  10              		.eabi_attribute 30, 2
  11              		.eabi_attribute 34, 1
  12              		.eabi_attribute 18, 4
  13              		.file	"sdram_layout.c"
  14              		.text
  15              	.Ltext0:
  16              		.cfi_sections	.debug_frame
  17              		.section	.text.sdram_query_region_descriptor,"ax",%progbits
  18              		.align	1
  19              		.p2align 4,,15
  20              		.global	sdram_query_region_descriptor
  21              		.syntax unified
  22              		.thumb
  23              		.thumb_func
  24              		.type	sdram_query_region_descriptor, %function
  25              	sdram_query_region_descriptor:
  26              	.LVL0:
  27              	.LFB347:
  28              		.file 1 "drivers/sdram/sdram_layout.c"
  29              		.loc 1 83 89 view -0
  30              		.cfi_startproc
  31              		@ args = 0, pretend = 0, frame = 0
  32              		@ frame_needed = 0, uses_anonymous_args = 0
  33              		.loc 1 84 3 view .LVU1
  34              		.loc 1 83 89 is_stmt 0 view .LVU2
  35 0000 70B5     		push	{r4, r5, r6, lr}
  36              		.cfi_def_cfa_offset 16
  37              		.cfi_offset 4, -16
  38              		.cfi_offset 5, -12
  39              		.cfi_offset 6, -8
  40              		.cfi_offset 14, -4
  41              		.loc 1 84 6 view .LVU3
  42 0002 0C46     		mov	r4, r1
  43 0004 0029     		cmp	r1, #0
  44 0006 3CD0     		beq	.L7
  45              		.loc 1 88 3 is_stmt 1 view .LVU4
  46 0008 0546     		mov	r5, r0
  47              		.loc 1 88 31 is_stmt 0 view .LVU5
  48 000a FFF7FEFF 		bl	sdram_status
  49              	.LVL1:
  50              		.loc 1 90 3 is_stmt 1 view .LVU6
  51              		.loc 1 91 3 view .LVU7
  52              	.LBB11:
  53              		.loc 1 91 8 view .LVU8
  54              		.loc 1 91 27 view .LVU9
  55              		.loc 1 92 5 view .LVU10
  56              		.loc 1 92 8 is_stmt 0 view .LVU11
  57 000e 5DB1     		cbz	r5, .L3
ARM GAS  C:\Users\DEVELO~1\AppData\Local\Temp\ccj17zEi.s 			page 2


  58              		.loc 1 91 60 is_stmt 1 view .LVU12
  59              	.LVL2:
  60              		.loc 1 91 27 view .LVU13
  61              		.loc 1 92 5 view .LVU14
  62              		.loc 1 92 8 is_stmt 0 view .LVU15
  63 0010 012D     		cmp	r5, #1
  64 0012 09D0     		beq	.L3
  65              		.loc 1 91 60 is_stmt 1 view .LVU16
  66              	.LVL3:
  67              		.loc 1 91 27 view .LVU17
  68              		.loc 1 92 5 view .LVU18
  69              		.loc 1 92 8 is_stmt 0 view .LVU19
  70 0014 022D     		cmp	r5, #2
  71 0016 07D0     		beq	.L3
  72              	.LVL4:
  73              	.L4:
  74              		.loc 1 91 60 is_stmt 1 view .LVU20
  75              		.loc 1 91 27 view .LVU21
  76              		.loc 1 91 27 is_stmt 0 view .LVU22
  77              	.LBE11:
  78              		.loc 1 98 3 is_stmt 1 view .LVU23
  79              		.loc 1 99 5 view .LVU24
  80              	.LBB12:
  81              	.LBI12:
  82              		.loc 1 75 13 view .LVU25
  83              	.LBB13:
  84              		.loc 1 76 3 view .LVU26
  85              		.loc 1 77 14 is_stmt 0 view .LVU27
  86 0018 0023     		movs	r3, #0
  87              		.loc 1 76 12 view .LVU28
  88 001a 2570     		strb	r5, [r4]
  89              		.loc 1 77 3 is_stmt 1 view .LVU29
  90              	.LBE13:
  91              	.LBE12:
  92              		.loc 1 100 12 is_stmt 0 view .LVU30
  93 001c 1846     		mov	r0, r3
  94              	.LBB15:
  95              	.LBB14:
  96              		.loc 1 78 20 view .LVU31
  97 001e C4E90133 		strd	r3, r3, [r4, #4]
  98              		.loc 1 79 3 is_stmt 1 view .LVU32
  99              		.loc 1 80 25 is_stmt 0 view .LVU33
 100 0022 C4E90333 		strd	r3, r3, [r4, #12]
 101              	.LVL5:
 102              		.loc 1 80 25 view .LVU34
 103              	.LBE14:
 104              	.LBE15:
 105              		.loc 1 100 5 is_stmt 1 view .LVU35
 106              		.loc 1 133 1 is_stmt 0 view .LVU36
 107 0026 70BD     		pop	{r4, r5, r6, pc}
 108              	.LVL6:
 109              	.L3:
 110              	.LBB16:
 111              		.loc 1 93 7 is_stmt 1 view .LVU37
 112              		.loc 1 94 7 view .LVU38
 113              		.loc 1 94 7 is_stmt 0 view .LVU39
 114              	.LBE16:
ARM GAS  C:\Users\DEVELO~1\AppData\Local\Temp\ccj17zEi.s 			page 3


 115              		.loc 1 98 3 is_stmt 1 view .LVU40
 116              		.loc 1 103 3 view .LVU41
 117              		.loc 1 108 3 view .LVU42
 118              		.loc 1 108 6 is_stmt 0 view .LVU43
 119 0028 0328     		cmp	r0, #3
 120 002a 01D1     		bne	.L6
 121 002c 022D     		cmp	r5, #2
 122 002e F3D9     		bls	.L4
 123              	.L6:
 124              		.loc 1 113 3 is_stmt 1 view .LVU44
 125              		.loc 1 113 37 is_stmt 0 view .LVU45
 126 0030 05EB8502 		add	r2, r5, r5, lsl #2
 127 0034 144B     		ldr	r3, .L23
 128 0036 03EB8203 		add	r3, r3, r2, lsl #2
 129              		.loc 1 113 62 view .LVU46
 130 003a D3E90116 		ldrd	r1, r6, [r3, #4]
 131              	.LVL7:
 132              		.loc 1 114 3 is_stmt 1 view .LVU47
 133              		.loc 1 117 3 view .LVU48
 134              		.loc 1 117 33 is_stmt 0 view .LVU49
 135 003e B1F1404F 		cmp	r1, #-1073741824
 136 0042 2CBF     		ite	cs
 137 0044 0022     		movcs	r2, #0
 138 0046 0122     		movcc	r2, #1
 139              		.loc 1 118 42 view .LVU50
 140 0048 002E     		cmp	r6, #0
 141 004a 08BF     		it	eq
 142 004c 42F00102 		orreq	r2, r2, #1
 143 0050 002A     		cmp	r2, #0
 144 0052 E1D1     		bne	.L4
 145              		.loc 1 113 19 view .LVU51
 146 0054 8A19     		adds	r2, r1, r6
 147              	.LVL8:
 148              		.loc 1 118 42 view .LVU52
 149 0056 B2F1424F 		cmp	r2, #-1040187392
 150 005a DDD8     		bhi	.L4
 151              		.loc 1 120 14 view .LVU53
 152 005c 1A69     		ldr	r2, [r3, #16]
 153              	.LVL9:
 154              		.loc 1 119 32 view .LVU54
 155 005e 002A     		cmp	r2, #0
 156 0060 DAD0     		beq	.L4
 157              		.loc 1 120 50 view .LVU55
 158 0062 B1FBF2F0 		udiv	r0, r1, r2
 159              	.LVL10:
 160              		.loc 1 120 50 view .LVU56
 161 0066 02FB1010 		mls	r0, r2, r0, r1
 162              		.loc 1 120 78 view .LVU57
 163 006a 0028     		cmp	r0, #0
 164 006c D4D1     		bne	.L4
 165 006e 3F2A     		cmp	r2, #63
 166 0070 D2D9     		bls	.L4
 167              		.loc 1 126 3 is_stmt 1 view .LVU58
 168              		.loc 1 129 19 is_stmt 0 view .LVU59
 169 0072 DB68     		ldr	r3, [r3, #12]
 170              		.loc 1 132 10 view .LVU60
 171 0074 0120     		movs	r0, #1
ARM GAS  C:\Users\DEVELO~1\AppData\Local\Temp\ccj17zEi.s 			page 4


 172              		.loc 1 126 16 view .LVU61
 173 0076 2570     		strb	r5, [r4]
 174              		.loc 1 127 3 is_stmt 1 view .LVU62
 175              		.loc 1 127 18 is_stmt 0 view .LVU63
 176 0078 6160     		str	r1, [r4, #4]
 177              		.loc 1 128 3 is_stmt 1 view .LVU64
 178              		.loc 1 130 29 is_stmt 0 view .LVU65
 179 007a 2261     		str	r2, [r4, #16]
 180              		.loc 1 129 19 view .LVU66
 181 007c C4E90263 		strd	r6, r3, [r4, #8]
 182              		.loc 1 130 3 is_stmt 1 view .LVU67
 183              		.loc 1 132 3 view .LVU68
 184              		.loc 1 133 1 is_stmt 0 view .LVU69
 185 0080 70BD     		pop	{r4, r5, r6, pc}
 186              	.LVL11:
 187              	.L7:
 188              		.loc 1 85 12 view .LVU70
 189 0082 0846     		mov	r0, r1
 190              	.LVL12:
 191              		.loc 1 133 1 view .LVU71
 192 0084 70BD     		pop	{r4, r5, r6, pc}
 193              	.L24:
 194 0086 00BF     		.align	2
 195              	.L23:
 196 0088 00000000 		.word	.LANCHOR0
 197              		.cfi_endproc
 198              	.LFE347:
 199              		.size	sdram_query_region_descriptor, .-sdram_query_region_descriptor
 200              		.global	sdram_region_descriptor_count
 201              		.global	sdram_region_descriptors
 202              		.section	.rodata.sdram_region_descriptor_count,"a"
 203              		.align	2
 204              		.type	sdram_region_descriptor_count, %object
 205              		.size	sdram_region_descriptor_count, 4
 206              	sdram_region_descriptor_count:
 207 0000 03000000 		.word	3
 208              		.section	.rodata.sdram_region_descriptors,"a"
 209              		.align	2
 210              		.set	.LANCHOR0,. + 0
 211              		.type	sdram_region_descriptors, %object
 212              		.size	sdram_region_descriptors, 60
 213              	sdram_region_descriptors:
 214 0000 00       		.byte	0
 215 0001 000000   		.space	3
 216 0004 000000C0 		.word	-1073741824
 217 0008 00000001 		.word	16777216
 218 000c 02000000 		.word	2
 219 0010 40000000 		.word	64
 220 0014 01       		.byte	1
 221 0015 000000   		.space	3
 222 0018 000000C1 		.word	-1056964608
 223 001c 0000C000 		.word	12582912
 224 0020 02000000 		.word	2
 225 0024 40000000 		.word	64
 226 0028 02       		.byte	2
 227 0029 000000   		.space	3
 228 002c 0000C0C1 		.word	-1044381696
ARM GAS  C:\Users\DEVELO~1\AppData\Local\Temp\ccj17zEi.s 			page 5


 229 0030 00003000 		.word	3145728
 230 0034 02000000 		.word	2
 231 0038 40000000 		.word	64
 232              		.text
 233              	.Letext0:
 234              		.file 2 "c:\\chibistudio\\tools\\gnu tools arm embedded\\11.3 2022.08\\arm-none-eabi\\include\\mac
 235              		.file 3 "c:\\chibistudio\\tools\\gnu tools arm embedded\\11.3 2022.08\\arm-none-eabi\\include\\sys
 236              		.file 4 "drivers/sdram/sdram_driver.h"
 237              		.file 5 "drivers/sdram/sdram_layout.h"
 238              		.section	.debug_info,"",%progbits
 239              	.Ldebug_info0:
 240 0000 45030000 		.4byte	0x345
 241 0004 0500     		.2byte	0x5
 242 0006 01       		.byte	0x1
 243 0007 04       		.byte	0x4
 244 0008 00000000 		.4byte	.Ldebug_abbrev0
 245 000c 0E       		.uleb128 0xe
 246 000d A6000000 		.4byte	.LASF43
 247 0011 1D       		.byte	0x1d
 248 0012 78000000 		.4byte	.LASF44
 249 0016 E6010000 		.4byte	.LASF45
 250 001a 24000000 		.4byte	.LLRL11
 251 001e 00000000 		.4byte	0
 252 0022 00000000 		.4byte	.Ldebug_line0
 253 0026 0F       		.uleb128 0xf
 254 0027 04       		.byte	0x4
 255 0028 05       		.byte	0x5
 256 0029 696E7400 		.ascii	"int\000"
 257 002d 01       		.uleb128 0x1
 258 002e 04       		.byte	0x4
 259 002f 07       		.byte	0x7
 260 0030 5B000000 		.4byte	.LASF0
 261 0034 01       		.uleb128 0x1
 262 0035 08       		.byte	0x8
 263 0036 05       		.byte	0x5
 264 0037 E2020000 		.4byte	.LASF1
 265 003b 01       		.uleb128 0x1
 266 003c 08       		.byte	0x8
 267 003d 04       		.byte	0x4
 268 003e 74030000 		.4byte	.LASF2
 269 0042 01       		.uleb128 0x1
 270 0043 01       		.byte	0x1
 271 0044 06       		.byte	0x6
 272 0045 80030000 		.4byte	.LASF3
 273 0049 01       		.uleb128 0x1
 274 004a 01       		.byte	0x1
 275 004b 08       		.byte	0x8
 276 004c 72010000 		.4byte	.LASF4
 277 0050 01       		.uleb128 0x1
 278 0051 02       		.byte	0x2
 279 0052 05       		.byte	0x5
 280 0053 52020000 		.4byte	.LASF5
 281 0057 01       		.uleb128 0x1
 282 0058 02       		.byte	0x2
 283 0059 07       		.byte	0x7
 284 005a B4010000 		.4byte	.LASF6
 285 005e 01       		.uleb128 0x1
ARM GAS  C:\Users\DEVELO~1\AppData\Local\Temp\ccj17zEi.s 			page 6


 286 005f 04       		.byte	0x4
 287 0060 05       		.byte	0x5
 288 0061 4A030000 		.4byte	.LASF7
 289 0065 03       		.uleb128 0x3
 290 0066 47020000 		.4byte	.LASF10
 291 006a 02       		.byte	0x2
 292 006b 4F       		.byte	0x4f
 293 006c 19       		.byte	0x19
 294 006d 71000000 		.4byte	0x71
 295 0071 01       		.uleb128 0x1
 296 0072 04       		.byte	0x4
 297 0073 07       		.byte	0x7
 298 0074 A2010000 		.4byte	.LASF8
 299 0078 01       		.uleb128 0x1
 300 0079 08       		.byte	0x8
 301 007a 07       		.byte	0x7
 302 007b 5B010000 		.4byte	.LASF9
 303 007f 03       		.uleb128 0x3
 304 0080 17000000 		.4byte	.LASF11
 305 0084 02       		.byte	0x2
 306 0085 E8       		.byte	0xe8
 307 0086 1A       		.byte	0x1a
 308 0087 2D000000 		.4byte	0x2d
 309 008b 03       		.uleb128 0x3
 310 008c DD010000 		.4byte	.LASF12
 311 0090 03       		.byte	0x3
 312 0091 30       		.byte	0x30
 313 0092 14       		.byte	0x14
 314 0093 65000000 		.4byte	0x65
 315 0097 05       		.uleb128 0x5
 316 0098 8B000000 		.4byte	0x8b
 317 009c 03       		.uleb128 0x3
 318 009d D3010000 		.4byte	.LASF13
 319 00a1 03       		.byte	0x3
 320 00a2 52       		.byte	0x52
 321 00a3 15       		.byte	0x15
 322 00a4 7F000000 		.4byte	0x7f
 323 00a8 05       		.uleb128 0x5
 324 00a9 9C000000 		.4byte	0x9c
 325 00ad 01       		.uleb128 0x1
 326 00ae 01       		.byte	0x1
 327 00af 08       		.byte	0x8
 328 00b0 6C020000 		.4byte	.LASF14
 329 00b4 01       		.uleb128 0x1
 330 00b5 01       		.byte	0x1
 331 00b6 02       		.byte	0x2
 332 00b7 B3030000 		.4byte	.LASF15
 333 00bb 07       		.uleb128 0x7
 334 00bc 49000000 		.4byte	0x49
 335 00c0 15       		.byte	0x15
 336 00c1 E4000000 		.4byte	0xe4
 337 00c5 02       		.uleb128 0x2
 338 00c6 B2020000 		.4byte	.LASF16
 339 00ca 00       		.byte	0
 340 00cb 02       		.uleb128 0x2
 341 00cc 8F010000 		.4byte	.LASF17
 342 00d0 01       		.byte	0x1
ARM GAS  C:\Users\DEVELO~1\AppData\Local\Temp\ccj17zEi.s 			page 7


 343 00d1 02       		.uleb128 0x2
 344 00d2 C7010000 		.4byte	.LASF18
 345 00d6 02       		.byte	0x2
 346 00d7 02       		.uleb128 0x2
 347 00d8 65030000 		.4byte	.LASF19
 348 00dc 03       		.byte	0x3
 349 00dd 02       		.uleb128 0x2
 350 00de D6020000 		.4byte	.LASF20
 351 00e2 04       		.byte	0x4
 352 00e3 00       		.byte	0
 353 00e4 03       		.uleb128 0x3
 354 00e5 C8020000 		.4byte	.LASF21
 355 00e9 04       		.byte	0x4
 356 00ea 1B       		.byte	0x1b
 357 00eb 03       		.byte	0x3
 358 00ec BB000000 		.4byte	0xbb
 359 00f0 05       		.uleb128 0x5
 360 00f1 E4000000 		.4byte	0xe4
 361 00f5 07       		.uleb128 0x7
 362 00f6 49000000 		.4byte	0x49
 363 00fa 30       		.byte	0x30
 364 00fb 1E010000 		.4byte	0x11e
 365 00ff 02       		.uleb128 0x2
 366 0100 06000000 		.4byte	.LASF22
 367 0104 00       		.byte	0
 368 0105 02       		.uleb128 0x2
 369 0106 38030000 		.4byte	.LASF23
 370 010a 01       		.byte	0x1
 371 010b 02       		.uleb128 0x2
 372 010c 4C000000 		.4byte	.LASF24
 373 0110 02       		.byte	0x2
 374 0111 02       		.uleb128 0x2
 375 0112 FA020000 		.4byte	.LASF25
 376 0116 03       		.byte	0x3
 377 0117 02       		.uleb128 0x2
 378 0118 0F030000 		.4byte	.LASF26
 379 011c 04       		.byte	0x4
 380 011d 00       		.byte	0
 381 011e 03       		.uleb128 0x3
 382 011f 53030000 		.4byte	.LASF27
 383 0123 04       		.byte	0x4
 384 0124 36       		.byte	0x36
 385 0125 03       		.byte	0x3
 386 0126 F5000000 		.4byte	0xf5
 387 012a 08       		.uleb128 0x8
 388 012b 04       		.byte	0x4
 389 012c 3B       		.byte	0x3b
 390 012d 70010000 		.4byte	0x170
 391 0131 09       		.uleb128 0x9
 392 0132 696400   		.ascii	"id\000"
 393 0135 04       		.byte	0x4
 394 0136 3C       		.byte	0x3c
 395 0137 1E010000 		.4byte	0x11e
 396 013b 04       		.uleb128 0x4
 397 013c 5C020000 		.4byte	.LASF28
 398 0140 04       		.byte	0x4
 399 0141 3D       		.byte	0x3d
ARM GAS  C:\Users\DEVELO~1\AppData\Local\Temp\ccj17zEi.s 			page 8


 400 0142 0D       		.byte	0xd
 401 0143 9C000000 		.4byte	0x9c
 402 0147 04       		.byte	0x4
 403 0148 04       		.uleb128 0x4
 404 0149 41000000 		.4byte	.LASF29
 405 014d 04       		.byte	0x4
 406 014e 3E       		.byte	0x3e
 407 014f 0C       		.byte	0xc
 408 0150 8B000000 		.4byte	0x8b
 409 0154 08       		.byte	0x8
 410 0155 04       		.uleb128 0x4
 411 0156 66020000 		.4byte	.LASF30
 412 015a 04       		.byte	0x4
 413 015b 3F       		.byte	0x3f
 414 015c 0C       		.byte	0xc
 415 015d 8B000000 		.4byte	0x8b
 416 0161 0C       		.byte	0xc
 417 0162 04       		.uleb128 0x4
 418 0163 68000000 		.4byte	.LASF31
 419 0167 04       		.byte	0x4
 420 0168 40       		.byte	0x40
 421 0169 0C       		.byte	0xc
 422 016a 8B000000 		.4byte	0x8b
 423 016e 10       		.byte	0x10
 424 016f 00       		.byte	0
 425 0170 03       		.uleb128 0x3
 426 0171 24030000 		.4byte	.LASF32
 427 0175 04       		.byte	0x4
 428 0176 41       		.byte	0x41
 429 0177 03       		.byte	0x3
 430 0178 2A010000 		.4byte	0x12a
 431 017c 08       		.uleb128 0x8
 432 017d 05       		.byte	0x5
 433 017e 27       		.byte	0x27
 434 017f C2010000 		.4byte	0x1c2
 435 0183 09       		.uleb128 0x9
 436 0184 696400   		.ascii	"id\000"
 437 0187 05       		.byte	0x5
 438 0188 28       		.byte	0x28
 439 0189 1E010000 		.4byte	0x11e
 440 018d 04       		.uleb128 0x4
 441 018e 5C020000 		.4byte	.LASF28
 442 0192 05       		.byte	0x5
 443 0193 29       		.byte	0x29
 444 0194 0D       		.byte	0xd
 445 0195 9C000000 		.4byte	0x9c
 446 0199 04       		.byte	0x4
 447 019a 04       		.uleb128 0x4
 448 019b 41000000 		.4byte	.LASF29
 449 019f 05       		.byte	0x5
 450 01a0 2A       		.byte	0x2a
 451 01a1 0C       		.byte	0xc
 452 01a2 8B000000 		.4byte	0x8b
 453 01a6 08       		.byte	0x8
 454 01a7 04       		.uleb128 0x4
 455 01a8 66020000 		.4byte	.LASF30
 456 01ac 05       		.byte	0x5
ARM GAS  C:\Users\DEVELO~1\AppData\Local\Temp\ccj17zEi.s 			page 9


 457 01ad 2B       		.byte	0x2b
 458 01ae 0C       		.byte	0xc
 459 01af 8B000000 		.4byte	0x8b
 460 01b3 0C       		.byte	0xc
 461 01b4 04       		.uleb128 0x4
 462 01b5 F0020000 		.4byte	.LASF33
 463 01b9 05       		.byte	0x5
 464 01ba 2C       		.byte	0x2c
 465 01bb 0C       		.byte	0xc
 466 01bc 8B000000 		.4byte	0x8b
 467 01c0 10       		.byte	0x10
 468 01c1 00       		.byte	0
 469 01c2 03       		.uleb128 0x3
 470 01c3 8C030000 		.4byte	.LASF34
 471 01c7 05       		.byte	0x5
 472 01c8 2D       		.byte	0x2d
 473 01c9 03       		.byte	0x3
 474 01ca 7C010000 		.4byte	0x17c
 475 01ce 05       		.uleb128 0x5
 476 01cf C2010000 		.4byte	0x1c2
 477 01d3 0A       		.uleb128 0xa
 478 01d4 CE010000 		.4byte	0x1ce
 479 01d8 DE010000 		.4byte	0x1de
 480 01dc 10       		.uleb128 0x10
 481 01dd 00       		.byte	0
 482 01de 05       		.uleb128 0x5
 483 01df D3010000 		.4byte	0x1d3
 484 01e3 0B       		.uleb128 0xb
 485 01e4 8F020000 		.4byte	.LASF35
 486 01e8 38       		.byte	0x38
 487 01e9 28       		.byte	0x28
 488 01ea DE010000 		.4byte	0x1de
 489 01ee 0B       		.uleb128 0xb
 490 01ef 23000000 		.4byte	.LASF36
 491 01f3 39       		.byte	0x39
 492 01f4 17       		.byte	0x17
 493 01f5 97000000 		.4byte	0x97
 494 01f9 0A       		.uleb128 0xa
 495 01fa CE010000 		.4byte	0x1ce
 496 01fe 09020000 		.4byte	0x209
 497 0202 11       		.uleb128 0x11
 498 0203 2D000000 		.4byte	0x2d
 499 0207 02       		.byte	0x2
 500 0208 00       		.byte	0
 501 0209 05       		.uleb128 0x5
 502 020a F9010000 		.4byte	0x1f9
 503 020e 12       		.uleb128 0x12
 504 020f E3010000 		.4byte	0x1e3
 505 0213 01       		.byte	0x1
 506 0214 28       		.byte	0x28
 507 0215 21       		.byte	0x21
 508 0216 09020000 		.4byte	0x209
 509 021a 05       		.uleb128 0x5
 510 021b 03       		.byte	0x3
 511 021c 00000000 		.4byte	sdram_region_descriptors
 512 0220 13       		.uleb128 0x13
 513 0221 EE010000 		.4byte	0x1ee
ARM GAS  C:\Users\DEVELO~1\AppData\Local\Temp\ccj17zEi.s 			page 10


 514 0225 01       		.byte	0x1
 515 0226 49       		.byte	0x49
 516 0227 10       		.byte	0x10
 517 0228 05       		.uleb128 0x5
 518 0229 03       		.byte	0x3
 519 022a 00000000 		.4byte	sdram_region_descriptor_count
 520 022e 14       		.uleb128 0x14
 521 022f A6030000 		.4byte	.LASF46
 522 0233 04       		.byte	0x4
 523 0234 8B       		.byte	0x8b
 524 0235 0F       		.byte	0xf
 525 0236 E4000000 		.4byte	0xe4
 526 023a 15       		.uleb128 0x15
 527 023b 71020000 		.4byte	.LASF47
 528 023f 01       		.byte	0x1
 529 0240 53       		.byte	0x53
 530 0241 06       		.byte	0x6
 531 0242 B4000000 		.4byte	0xb4
 532 0246 00000000 		.4byte	.LFB347
 533 024a 8C000000 		.4byte	.LFE347-.LFB347
 534 024e 01       		.uleb128 0x1
 535 024f 9C       		.byte	0x9c
 536 0250 1D030000 		.4byte	0x31d
 537 0254 16       		.uleb128 0x16
 538 0255 696400   		.ascii	"id\000"
 539 0258 01       		.byte	0x1
 540 0259 53       		.byte	0x53
 541 025a 36       		.byte	0x36
 542 025b 1E010000 		.4byte	0x11e
 543 025f 14000000 		.4byte	.LLST0
 544 0263 0C000000 		.4byte	.LVUS0
 545 0267 17       		.uleb128 0x17
 546 0268 80010000 		.4byte	.LASF37
 547 026c 01       		.byte	0x1
 548 026d 53       		.byte	0x53
 549 026e 4F       		.byte	0x4f
 550 026f 1D030000 		.4byte	0x31d
 551 0273 3F000000 		.4byte	.LLST1
 552 0277 39000000 		.4byte	.LVUS1
 553 027b 06       		.uleb128 0x6
 554 027c 00000000 		.4byte	.LASF38
 555 0280 58       		.byte	0x58
 556 0281 17       		.byte	0x17
 557 0282 F0000000 		.4byte	0xf0
 558 0286 5B000000 		.4byte	.LLST2
 559 028a 57000000 		.4byte	.LVUS2
 560 028e 06       		.uleb128 0x6
 561 028f 89010000 		.4byte	.LASF39
 562 0293 5A       		.byte	0x5a
 563 0294 24       		.byte	0x24
 564 0295 22030000 		.4byte	0x322
 565 0299 71000000 		.4byte	.LLST3
 566 029d 6B000000 		.4byte	.LVUS3
 567 02a1 06       		.uleb128 0x6
 568 02a2 3C020000 		.4byte	.LASF40
 569 02a6 71       		.byte	0x71
 570 02a7 13       		.byte	0x13
ARM GAS  C:\Users\DEVELO~1\AppData\Local\Temp\ccj17zEi.s 			page 11


 571 02a8 A8000000 		.4byte	0xa8
 572 02ac 98000000 		.4byte	.LLST4
 573 02b0 92000000 		.4byte	.LVUS4
 574 02b4 06       		.uleb128 0x6
 575 02b5 A8020000 		.4byte	.LASF41
 576 02b9 72       		.byte	0x72
 577 02ba 13       		.byte	0x13
 578 02bb A8000000 		.4byte	0xa8
 579 02bf B9000000 		.4byte	.LLST5
 580 02c3 B7000000 		.4byte	.LVUS5
 581 02c7 18       		.uleb128 0x18
 582 02c8 0C000000 		.4byte	.LLRL6
 583 02cc E3020000 		.4byte	0x2e3
 584 02d0 19       		.uleb128 0x19
 585 02d1 6900     		.ascii	"i\000"
 586 02d3 01       		.byte	0x1
 587 02d4 5B       		.byte	0x5b
 588 02d5 11       		.byte	0x11
 589 02d6 8B000000 		.4byte	0x8b
 590 02da CE000000 		.4byte	.LLST7
 591 02de C6000000 		.4byte	.LVUS7
 592 02e2 00       		.byte	0
 593 02e3 1A       		.uleb128 0x1a
 594 02e4 27030000 		.4byte	0x327
 595 02e8 18000000 		.4byte	.LBI12
 596 02ec 05       		.byte	.LVU25
 597 02ed 18000000 		.4byte	.LLRL8
 598 02f1 01       		.byte	0x1
 599 02f2 63       		.byte	0x63
 600 02f3 05       		.byte	0x5
 601 02f4 13030000 		.4byte	0x313
 602 02f8 0C       		.uleb128 0xc
 603 02f9 3C030000 		.4byte	0x33c
 604 02fd EE000000 		.4byte	.LLST9
 605 0301 EC000000 		.4byte	.LVUS9
 606 0305 0C       		.uleb128 0xc
 607 0306 30030000 		.4byte	0x330
 608 030a F9000000 		.4byte	.LLST10
 609 030e F7000000 		.4byte	.LVUS10
 610 0312 00       		.byte	0
 611 0313 1B       		.uleb128 0x1b
 612 0314 0E000000 		.4byte	.LVL1
 613 0318 2E020000 		.4byte	0x22e
 614 031c 00       		.byte	0
 615 031d 0D       		.uleb128 0xd
 616 031e 70010000 		.4byte	0x170
 617 0322 0D       		.uleb128 0xd
 618 0323 CE010000 		.4byte	0x1ce
 619 0327 1C       		.uleb128 0x1c
 620 0328 95000000 		.4byte	.LASF48
 621 032c 01       		.byte	0x1
 622 032d 4B       		.byte	0x4b
 623 032e 0D       		.byte	0xd
 624 032f 01       		.byte	0x1
 625 0330 1D       		.uleb128 0x1d
 626 0331 61020000 		.4byte	.LASF42
 627 0335 01       		.byte	0x1
ARM GAS  C:\Users\DEVELO~1\AppData\Local\Temp\ccj17zEi.s 			page 12


 628 0336 4B       		.byte	0x4b
 629 0337 33       		.byte	0x33
 630 0338 1D030000 		.4byte	0x31d
 631 033c 1E       		.uleb128 0x1e
 632 033d 696400   		.ascii	"id\000"
 633 0340 01       		.byte	0x1
 634 0341 4B       		.byte	0x4b
 635 0342 4B       		.byte	0x4b
 636 0343 1E010000 		.4byte	0x11e
 637 0347 00       		.byte	0
 638 0348 00       		.byte	0
 639              		.section	.debug_abbrev,"",%progbits
 640              	.Ldebug_abbrev0:
 641 0000 01       		.uleb128 0x1
 642 0001 24       		.uleb128 0x24
 643 0002 00       		.byte	0
 644 0003 0B       		.uleb128 0xb
 645 0004 0B       		.uleb128 0xb
 646 0005 3E       		.uleb128 0x3e
 647 0006 0B       		.uleb128 0xb
 648 0007 03       		.uleb128 0x3
 649 0008 0E       		.uleb128 0xe
 650 0009 00       		.byte	0
 651 000a 00       		.byte	0
 652 000b 02       		.uleb128 0x2
 653 000c 28       		.uleb128 0x28
 654 000d 00       		.byte	0
 655 000e 03       		.uleb128 0x3
 656 000f 0E       		.uleb128 0xe
 657 0010 1C       		.uleb128 0x1c
 658 0011 0B       		.uleb128 0xb
 659 0012 00       		.byte	0
 660 0013 00       		.byte	0
 661 0014 03       		.uleb128 0x3
 662 0015 16       		.uleb128 0x16
 663 0016 00       		.byte	0
 664 0017 03       		.uleb128 0x3
 665 0018 0E       		.uleb128 0xe
 666 0019 3A       		.uleb128 0x3a
 667 001a 0B       		.uleb128 0xb
 668 001b 3B       		.uleb128 0x3b
 669 001c 0B       		.uleb128 0xb
 670 001d 39       		.uleb128 0x39
 671 001e 0B       		.uleb128 0xb
 672 001f 49       		.uleb128 0x49
 673 0020 13       		.uleb128 0x13
 674 0021 00       		.byte	0
 675 0022 00       		.byte	0
 676 0023 04       		.uleb128 0x4
 677 0024 0D       		.uleb128 0xd
 678 0025 00       		.byte	0
 679 0026 03       		.uleb128 0x3
 680 0027 0E       		.uleb128 0xe
 681 0028 3A       		.uleb128 0x3a
 682 0029 0B       		.uleb128 0xb
 683 002a 3B       		.uleb128 0x3b
 684 002b 0B       		.uleb128 0xb
ARM GAS  C:\Users\DEVELO~1\AppData\Local\Temp\ccj17zEi.s 			page 13


 685 002c 39       		.uleb128 0x39
 686 002d 0B       		.uleb128 0xb
 687 002e 49       		.uleb128 0x49
 688 002f 13       		.uleb128 0x13
 689 0030 38       		.uleb128 0x38
 690 0031 0B       		.uleb128 0xb
 691 0032 00       		.byte	0
 692 0033 00       		.byte	0
 693 0034 05       		.uleb128 0x5
 694 0035 26       		.uleb128 0x26
 695 0036 00       		.byte	0
 696 0037 49       		.uleb128 0x49
 697 0038 13       		.uleb128 0x13
 698 0039 00       		.byte	0
 699 003a 00       		.byte	0
 700 003b 06       		.uleb128 0x6
 701 003c 34       		.uleb128 0x34
 702 003d 00       		.byte	0
 703 003e 03       		.uleb128 0x3
 704 003f 0E       		.uleb128 0xe
 705 0040 3A       		.uleb128 0x3a
 706 0041 21       		.uleb128 0x21
 707 0042 01       		.sleb128 1
 708 0043 3B       		.uleb128 0x3b
 709 0044 0B       		.uleb128 0xb
 710 0045 39       		.uleb128 0x39
 711 0046 0B       		.uleb128 0xb
 712 0047 49       		.uleb128 0x49
 713 0048 13       		.uleb128 0x13
 714 0049 02       		.uleb128 0x2
 715 004a 17       		.uleb128 0x17
 716 004b B742     		.uleb128 0x2137
 717 004d 17       		.uleb128 0x17
 718 004e 00       		.byte	0
 719 004f 00       		.byte	0
 720 0050 07       		.uleb128 0x7
 721 0051 04       		.uleb128 0x4
 722 0052 01       		.byte	0x1
 723 0053 3E       		.uleb128 0x3e
 724 0054 21       		.uleb128 0x21
 725 0055 07       		.sleb128 7
 726 0056 0B       		.uleb128 0xb
 727 0057 21       		.uleb128 0x21
 728 0058 01       		.sleb128 1
 729 0059 49       		.uleb128 0x49
 730 005a 13       		.uleb128 0x13
 731 005b 3A       		.uleb128 0x3a
 732 005c 21       		.uleb128 0x21
 733 005d 04       		.sleb128 4
 734 005e 3B       		.uleb128 0x3b
 735 005f 0B       		.uleb128 0xb
 736 0060 39       		.uleb128 0x39
 737 0061 21       		.uleb128 0x21
 738 0062 0E       		.sleb128 14
 739 0063 01       		.uleb128 0x1
 740 0064 13       		.uleb128 0x13
 741 0065 00       		.byte	0
ARM GAS  C:\Users\DEVELO~1\AppData\Local\Temp\ccj17zEi.s 			page 14


 742 0066 00       		.byte	0
 743 0067 08       		.uleb128 0x8
 744 0068 13       		.uleb128 0x13
 745 0069 01       		.byte	0x1
 746 006a 0B       		.uleb128 0xb
 747 006b 21       		.uleb128 0x21
 748 006c 14       		.sleb128 20
 749 006d 3A       		.uleb128 0x3a
 750 006e 0B       		.uleb128 0xb
 751 006f 3B       		.uleb128 0x3b
 752 0070 0B       		.uleb128 0xb
 753 0071 39       		.uleb128 0x39
 754 0072 21       		.uleb128 0x21
 755 0073 09       		.sleb128 9
 756 0074 01       		.uleb128 0x1
 757 0075 13       		.uleb128 0x13
 758 0076 00       		.byte	0
 759 0077 00       		.byte	0
 760 0078 09       		.uleb128 0x9
 761 0079 0D       		.uleb128 0xd
 762 007a 00       		.byte	0
 763 007b 03       		.uleb128 0x3
 764 007c 08       		.uleb128 0x8
 765 007d 3A       		.uleb128 0x3a
 766 007e 0B       		.uleb128 0xb
 767 007f 3B       		.uleb128 0x3b
 768 0080 0B       		.uleb128 0xb
 769 0081 39       		.uleb128 0x39
 770 0082 21       		.uleb128 0x21
 771 0083 15       		.sleb128 21
 772 0084 49       		.uleb128 0x49
 773 0085 13       		.uleb128 0x13
 774 0086 38       		.uleb128 0x38
 775 0087 21       		.uleb128 0x21
 776 0088 00       		.sleb128 0
 777 0089 00       		.byte	0
 778 008a 00       		.byte	0
 779 008b 0A       		.uleb128 0xa
 780 008c 01       		.uleb128 0x1
 781 008d 01       		.byte	0x1
 782 008e 49       		.uleb128 0x49
 783 008f 13       		.uleb128 0x13
 784 0090 01       		.uleb128 0x1
 785 0091 13       		.uleb128 0x13
 786 0092 00       		.byte	0
 787 0093 00       		.byte	0
 788 0094 0B       		.uleb128 0xb
 789 0095 34       		.uleb128 0x34
 790 0096 00       		.byte	0
 791 0097 03       		.uleb128 0x3
 792 0098 0E       		.uleb128 0xe
 793 0099 3A       		.uleb128 0x3a
 794 009a 21       		.uleb128 0x21
 795 009b 05       		.sleb128 5
 796 009c 3B       		.uleb128 0x3b
 797 009d 0B       		.uleb128 0xb
 798 009e 39       		.uleb128 0x39
ARM GAS  C:\Users\DEVELO~1\AppData\Local\Temp\ccj17zEi.s 			page 15


 799 009f 0B       		.uleb128 0xb
 800 00a0 49       		.uleb128 0x49
 801 00a1 13       		.uleb128 0x13
 802 00a2 3F       		.uleb128 0x3f
 803 00a3 19       		.uleb128 0x19
 804 00a4 3C       		.uleb128 0x3c
 805 00a5 19       		.uleb128 0x19
 806 00a6 00       		.byte	0
 807 00a7 00       		.byte	0
 808 00a8 0C       		.uleb128 0xc
 809 00a9 05       		.uleb128 0x5
 810 00aa 00       		.byte	0
 811 00ab 31       		.uleb128 0x31
 812 00ac 13       		.uleb128 0x13
 813 00ad 02       		.uleb128 0x2
 814 00ae 17       		.uleb128 0x17
 815 00af B742     		.uleb128 0x2137
 816 00b1 17       		.uleb128 0x17
 817 00b2 00       		.byte	0
 818 00b3 00       		.byte	0
 819 00b4 0D       		.uleb128 0xd
 820 00b5 0F       		.uleb128 0xf
 821 00b6 00       		.byte	0
 822 00b7 0B       		.uleb128 0xb
 823 00b8 21       		.uleb128 0x21
 824 00b9 04       		.sleb128 4
 825 00ba 49       		.uleb128 0x49
 826 00bb 13       		.uleb128 0x13
 827 00bc 00       		.byte	0
 828 00bd 00       		.byte	0
 829 00be 0E       		.uleb128 0xe
 830 00bf 11       		.uleb128 0x11
 831 00c0 01       		.byte	0x1
 832 00c1 25       		.uleb128 0x25
 833 00c2 0E       		.uleb128 0xe
 834 00c3 13       		.uleb128 0x13
 835 00c4 0B       		.uleb128 0xb
 836 00c5 03       		.uleb128 0x3
 837 00c6 0E       		.uleb128 0xe
 838 00c7 1B       		.uleb128 0x1b
 839 00c8 0E       		.uleb128 0xe
 840 00c9 55       		.uleb128 0x55
 841 00ca 17       		.uleb128 0x17
 842 00cb 11       		.uleb128 0x11
 843 00cc 01       		.uleb128 0x1
 844 00cd 10       		.uleb128 0x10
 845 00ce 17       		.uleb128 0x17
 846 00cf 00       		.byte	0
 847 00d0 00       		.byte	0
 848 00d1 0F       		.uleb128 0xf
 849 00d2 24       		.uleb128 0x24
 850 00d3 00       		.byte	0
 851 00d4 0B       		.uleb128 0xb
 852 00d5 0B       		.uleb128 0xb
 853 00d6 3E       		.uleb128 0x3e
 854 00d7 0B       		.uleb128 0xb
 855 00d8 03       		.uleb128 0x3
ARM GAS  C:\Users\DEVELO~1\AppData\Local\Temp\ccj17zEi.s 			page 16


 856 00d9 08       		.uleb128 0x8
 857 00da 00       		.byte	0
 858 00db 00       		.byte	0
 859 00dc 10       		.uleb128 0x10
 860 00dd 21       		.uleb128 0x21
 861 00de 00       		.byte	0
 862 00df 00       		.byte	0
 863 00e0 00       		.byte	0
 864 00e1 11       		.uleb128 0x11
 865 00e2 21       		.uleb128 0x21
 866 00e3 00       		.byte	0
 867 00e4 49       		.uleb128 0x49
 868 00e5 13       		.uleb128 0x13
 869 00e6 2F       		.uleb128 0x2f
 870 00e7 0B       		.uleb128 0xb
 871 00e8 00       		.byte	0
 872 00e9 00       		.byte	0
 873 00ea 12       		.uleb128 0x12
 874 00eb 34       		.uleb128 0x34
 875 00ec 00       		.byte	0
 876 00ed 47       		.uleb128 0x47
 877 00ee 13       		.uleb128 0x13
 878 00ef 3A       		.uleb128 0x3a
 879 00f0 0B       		.uleb128 0xb
 880 00f1 3B       		.uleb128 0x3b
 881 00f2 0B       		.uleb128 0xb
 882 00f3 39       		.uleb128 0x39
 883 00f4 0B       		.uleb128 0xb
 884 00f5 49       		.uleb128 0x49
 885 00f6 13       		.uleb128 0x13
 886 00f7 02       		.uleb128 0x2
 887 00f8 18       		.uleb128 0x18
 888 00f9 00       		.byte	0
 889 00fa 00       		.byte	0
 890 00fb 13       		.uleb128 0x13
 891 00fc 34       		.uleb128 0x34
 892 00fd 00       		.byte	0
 893 00fe 47       		.uleb128 0x47
 894 00ff 13       		.uleb128 0x13
 895 0100 3A       		.uleb128 0x3a
 896 0101 0B       		.uleb128 0xb
 897 0102 3B       		.uleb128 0x3b
 898 0103 0B       		.uleb128 0xb
 899 0104 39       		.uleb128 0x39
 900 0105 0B       		.uleb128 0xb
 901 0106 02       		.uleb128 0x2
 902 0107 18       		.uleb128 0x18
 903 0108 00       		.byte	0
 904 0109 00       		.byte	0
 905 010a 14       		.uleb128 0x14
 906 010b 2E       		.uleb128 0x2e
 907 010c 00       		.byte	0
 908 010d 3F       		.uleb128 0x3f
 909 010e 19       		.uleb128 0x19
 910 010f 03       		.uleb128 0x3
 911 0110 0E       		.uleb128 0xe
 912 0111 3A       		.uleb128 0x3a
ARM GAS  C:\Users\DEVELO~1\AppData\Local\Temp\ccj17zEi.s 			page 17


 913 0112 0B       		.uleb128 0xb
 914 0113 3B       		.uleb128 0x3b
 915 0114 0B       		.uleb128 0xb
 916 0115 39       		.uleb128 0x39
 917 0116 0B       		.uleb128 0xb
 918 0117 27       		.uleb128 0x27
 919 0118 19       		.uleb128 0x19
 920 0119 49       		.uleb128 0x49
 921 011a 13       		.uleb128 0x13
 922 011b 3C       		.uleb128 0x3c
 923 011c 19       		.uleb128 0x19
 924 011d 00       		.byte	0
 925 011e 00       		.byte	0
 926 011f 15       		.uleb128 0x15
 927 0120 2E       		.uleb128 0x2e
 928 0121 01       		.byte	0x1
 929 0122 3F       		.uleb128 0x3f
 930 0123 19       		.uleb128 0x19
 931 0124 03       		.uleb128 0x3
 932 0125 0E       		.uleb128 0xe
 933 0126 3A       		.uleb128 0x3a
 934 0127 0B       		.uleb128 0xb
 935 0128 3B       		.uleb128 0x3b
 936 0129 0B       		.uleb128 0xb
 937 012a 39       		.uleb128 0x39
 938 012b 0B       		.uleb128 0xb
 939 012c 27       		.uleb128 0x27
 940 012d 19       		.uleb128 0x19
 941 012e 49       		.uleb128 0x49
 942 012f 13       		.uleb128 0x13
 943 0130 11       		.uleb128 0x11
 944 0131 01       		.uleb128 0x1
 945 0132 12       		.uleb128 0x12
 946 0133 06       		.uleb128 0x6
 947 0134 40       		.uleb128 0x40
 948 0135 18       		.uleb128 0x18
 949 0136 7A       		.uleb128 0x7a
 950 0137 19       		.uleb128 0x19
 951 0138 01       		.uleb128 0x1
 952 0139 13       		.uleb128 0x13
 953 013a 00       		.byte	0
 954 013b 00       		.byte	0
 955 013c 16       		.uleb128 0x16
 956 013d 05       		.uleb128 0x5
 957 013e 00       		.byte	0
 958 013f 03       		.uleb128 0x3
 959 0140 08       		.uleb128 0x8
 960 0141 3A       		.uleb128 0x3a
 961 0142 0B       		.uleb128 0xb
 962 0143 3B       		.uleb128 0x3b
 963 0144 0B       		.uleb128 0xb
 964 0145 39       		.uleb128 0x39
 965 0146 0B       		.uleb128 0xb
 966 0147 49       		.uleb128 0x49
 967 0148 13       		.uleb128 0x13
 968 0149 02       		.uleb128 0x2
 969 014a 17       		.uleb128 0x17
ARM GAS  C:\Users\DEVELO~1\AppData\Local\Temp\ccj17zEi.s 			page 18


 970 014b B742     		.uleb128 0x2137
 971 014d 17       		.uleb128 0x17
 972 014e 00       		.byte	0
 973 014f 00       		.byte	0
 974 0150 17       		.uleb128 0x17
 975 0151 05       		.uleb128 0x5
 976 0152 00       		.byte	0
 977 0153 03       		.uleb128 0x3
 978 0154 0E       		.uleb128 0xe
 979 0155 3A       		.uleb128 0x3a
 980 0156 0B       		.uleb128 0xb
 981 0157 3B       		.uleb128 0x3b
 982 0158 0B       		.uleb128 0xb
 983 0159 39       		.uleb128 0x39
 984 015a 0B       		.uleb128 0xb
 985 015b 49       		.uleb128 0x49
 986 015c 13       		.uleb128 0x13
 987 015d 02       		.uleb128 0x2
 988 015e 17       		.uleb128 0x17
 989 015f B742     		.uleb128 0x2137
 990 0161 17       		.uleb128 0x17
 991 0162 00       		.byte	0
 992 0163 00       		.byte	0
 993 0164 18       		.uleb128 0x18
 994 0165 0B       		.uleb128 0xb
 995 0166 01       		.byte	0x1
 996 0167 55       		.uleb128 0x55
 997 0168 17       		.uleb128 0x17
 998 0169 01       		.uleb128 0x1
 999 016a 13       		.uleb128 0x13
 1000 016b 00       		.byte	0
 1001 016c 00       		.byte	0
 1002 016d 19       		.uleb128 0x19
 1003 016e 34       		.uleb128 0x34
 1004 016f 00       		.byte	0
 1005 0170 03       		.uleb128 0x3
 1006 0171 08       		.uleb128 0x8
 1007 0172 3A       		.uleb128 0x3a
 1008 0173 0B       		.uleb128 0xb
 1009 0174 3B       		.uleb128 0x3b
 1010 0175 0B       		.uleb128 0xb
 1011 0176 39       		.uleb128 0x39
 1012 0177 0B       		.uleb128 0xb
 1013 0178 49       		.uleb128 0x49
 1014 0179 13       		.uleb128 0x13
 1015 017a 02       		.uleb128 0x2
 1016 017b 17       		.uleb128 0x17
 1017 017c B742     		.uleb128 0x2137
 1018 017e 17       		.uleb128 0x17
 1019 017f 00       		.byte	0
 1020 0180 00       		.byte	0
 1021 0181 1A       		.uleb128 0x1a
 1022 0182 1D       		.uleb128 0x1d
 1023 0183 01       		.byte	0x1
 1024 0184 31       		.uleb128 0x31
 1025 0185 13       		.uleb128 0x13
 1026 0186 52       		.uleb128 0x52
ARM GAS  C:\Users\DEVELO~1\AppData\Local\Temp\ccj17zEi.s 			page 19


 1027 0187 01       		.uleb128 0x1
 1028 0188 B842     		.uleb128 0x2138
 1029 018a 0B       		.uleb128 0xb
 1030 018b 55       		.uleb128 0x55
 1031 018c 17       		.uleb128 0x17
 1032 018d 58       		.uleb128 0x58
 1033 018e 0B       		.uleb128 0xb
 1034 018f 59       		.uleb128 0x59
 1035 0190 0B       		.uleb128 0xb
 1036 0191 57       		.uleb128 0x57
 1037 0192 0B       		.uleb128 0xb
 1038 0193 01       		.uleb128 0x1
 1039 0194 13       		.uleb128 0x13
 1040 0195 00       		.byte	0
 1041 0196 00       		.byte	0
 1042 0197 1B       		.uleb128 0x1b
 1043 0198 48       		.uleb128 0x48
 1044 0199 00       		.byte	0
 1045 019a 7D       		.uleb128 0x7d
 1046 019b 01       		.uleb128 0x1
 1047 019c 7F       		.uleb128 0x7f
 1048 019d 13       		.uleb128 0x13
 1049 019e 00       		.byte	0
 1050 019f 00       		.byte	0
 1051 01a0 1C       		.uleb128 0x1c
 1052 01a1 2E       		.uleb128 0x2e
 1053 01a2 01       		.byte	0x1
 1054 01a3 03       		.uleb128 0x3
 1055 01a4 0E       		.uleb128 0xe
 1056 01a5 3A       		.uleb128 0x3a
 1057 01a6 0B       		.uleb128 0xb
 1058 01a7 3B       		.uleb128 0x3b
 1059 01a8 0B       		.uleb128 0xb
 1060 01a9 39       		.uleb128 0x39
 1061 01aa 0B       		.uleb128 0xb
 1062 01ab 27       		.uleb128 0x27
 1063 01ac 19       		.uleb128 0x19
 1064 01ad 20       		.uleb128 0x20
 1065 01ae 0B       		.uleb128 0xb
 1066 01af 00       		.byte	0
 1067 01b0 00       		.byte	0
 1068 01b1 1D       		.uleb128 0x1d
 1069 01b2 05       		.uleb128 0x5
 1070 01b3 00       		.byte	0
 1071 01b4 03       		.uleb128 0x3
 1072 01b5 0E       		.uleb128 0xe
 1073 01b6 3A       		.uleb128 0x3a
 1074 01b7 0B       		.uleb128 0xb
 1075 01b8 3B       		.uleb128 0x3b
 1076 01b9 0B       		.uleb128 0xb
 1077 01ba 39       		.uleb128 0x39
 1078 01bb 0B       		.uleb128 0xb
 1079 01bc 49       		.uleb128 0x49
 1080 01bd 13       		.uleb128 0x13
 1081 01be 00       		.byte	0
 1082 01bf 00       		.byte	0
 1083 01c0 1E       		.uleb128 0x1e
ARM GAS  C:\Users\DEVELO~1\AppData\Local\Temp\ccj17zEi.s 			page 20


 1084 01c1 05       		.uleb128 0x5
 1085 01c2 00       		.byte	0
 1086 01c3 03       		.uleb128 0x3
 1087 01c4 08       		.uleb128 0x8
 1088 01c5 3A       		.uleb128 0x3a
 1089 01c6 0B       		.uleb128 0xb
 1090 01c7 3B       		.uleb128 0x3b
 1091 01c8 0B       		.uleb128 0xb
 1092 01c9 39       		.uleb128 0x39
 1093 01ca 0B       		.uleb128 0xb
 1094 01cb 49       		.uleb128 0x49
 1095 01cc 13       		.uleb128 0x13
 1096 01cd 00       		.byte	0
 1097 01ce 00       		.byte	0
 1098 01cf 00       		.byte	0
 1099              		.section	.debug_loclists,"",%progbits
 1100 0000 FE000000 		.4byte	.Ldebug_loc3-.Ldebug_loc2
 1101              	.Ldebug_loc2:
 1102 0004 0500     		.2byte	0x5
 1103 0006 04       		.byte	0x4
 1104 0007 00       		.byte	0
 1105 0008 00000000 		.4byte	0
 1106              	.Ldebug_loc0:
 1107              	.LVUS0:
 1108 000c 00       		.uleb128 0
 1109 000d 00       		.uleb128 .LVU6
 1110 000e 00       		.uleb128 .LVU6
 1111 000f 00       		.uleb128 .LVU70
 1112 0010 00       		.uleb128 .LVU70
 1113 0011 00       		.uleb128 .LVU71
 1114 0012 00       		.uleb128 .LVU71
 1115 0013 00       		.uleb128 0
 1116              	.LLST0:
 1117 0014 06       		.byte	0x6
 1118 0015 00000000 		.4byte	.LVL0
 1119 0019 04       		.byte	0x4
 1120 001a 00       		.uleb128 .LVL0-.LVL0
 1121 001b 0D       		.uleb128 .LVL1-1-.LVL0
 1122 001c 01       		.uleb128 0x1
 1123 001d 50       		.byte	0x50
 1124 001e 04       		.byte	0x4
 1125 001f 0D       		.uleb128 .LVL1-1-.LVL0
 1126 0020 8201     		.uleb128 .LVL11-.LVL0
 1127 0022 04       		.uleb128 0x4
 1128 0023 A3       		.byte	0xa3
 1129 0024 01       		.uleb128 0x1
 1130 0025 50       		.byte	0x50
 1131 0026 9F       		.byte	0x9f
 1132 0027 04       		.byte	0x4
 1133 0028 8201     		.uleb128 .LVL11-.LVL0
 1134 002a 8401     		.uleb128 .LVL12-.LVL0
 1135 002c 01       		.uleb128 0x1
 1136 002d 50       		.byte	0x50
 1137 002e 04       		.byte	0x4
 1138 002f 8401     		.uleb128 .LVL12-.LVL0
 1139 0031 8C01     		.uleb128 .LFE347-.LVL0
 1140 0033 04       		.uleb128 0x4
ARM GAS  C:\Users\DEVELO~1\AppData\Local\Temp\ccj17zEi.s 			page 21


 1141 0034 A3       		.byte	0xa3
 1142 0035 01       		.uleb128 0x1
 1143 0036 50       		.byte	0x50
 1144 0037 9F       		.byte	0x9f
 1145 0038 00       		.byte	0
 1146              	.LVUS1:
 1147 0039 00       		.uleb128 0
 1148 003a 00       		.uleb128 .LVU6
 1149 003b 00       		.uleb128 .LVU6
 1150 003c 00       		.uleb128 .LVU70
 1151 003d 00       		.uleb128 .LVU70
 1152 003e 00       		.uleb128 0
 1153              	.LLST1:
 1154 003f 06       		.byte	0x6
 1155 0040 00000000 		.4byte	.LVL0
 1156 0044 04       		.byte	0x4
 1157 0045 00       		.uleb128 .LVL0-.LVL0
 1158 0046 0D       		.uleb128 .LVL1-1-.LVL0
 1159 0047 01       		.uleb128 0x1
 1160 0048 51       		.byte	0x51
 1161 0049 04       		.byte	0x4
 1162 004a 0D       		.uleb128 .LVL1-1-.LVL0
 1163 004b 8201     		.uleb128 .LVL11-.LVL0
 1164 004d 01       		.uleb128 0x1
 1165 004e 54       		.byte	0x54
 1166 004f 04       		.byte	0x4
 1167 0050 8201     		.uleb128 .LVL11-.LVL0
 1168 0052 8C01     		.uleb128 .LFE347-.LVL0
 1169 0054 01       		.uleb128 0x1
 1170 0055 51       		.byte	0x51
 1171 0056 00       		.byte	0
 1172              	.LVUS2:
 1173 0057 00       		.uleb128 .LVU6
 1174 0058 00       		.uleb128 .LVU20
 1175 0059 00       		.uleb128 .LVU37
 1176 005a 00       		.uleb128 .LVU56
 1177              	.LLST2:
 1178 005b 06       		.byte	0x6
 1179 005c 0E000000 		.4byte	.LVL1
 1180 0060 04       		.byte	0x4
 1181 0061 00       		.uleb128 .LVL1-.LVL1
 1182 0062 0A       		.uleb128 .LVL4-.LVL1
 1183 0063 01       		.uleb128 0x1
 1184 0064 50       		.byte	0x50
 1185 0065 04       		.byte	0x4
 1186 0066 1A       		.uleb128 .LVL6-.LVL1
 1187 0067 58       		.uleb128 .LVL10-.LVL1
 1188 0068 01       		.uleb128 0x1
 1189 0069 50       		.byte	0x50
 1190 006a 00       		.byte	0
 1191              	.LVUS3:
 1192 006b 01       		.uleb128 .LVU7
 1193 006c 00       		.uleb128 .LVU20
 1194 006d 02       		.uleb128 .LVU22
 1195 006e 01       		.uleb128 .LVU38
 1196 006f 01       		.uleb128 .LVU38
 1197 0070 00       		.uleb128 .LVU70
ARM GAS  C:\Users\DEVELO~1\AppData\Local\Temp\ccj17zEi.s 			page 22


 1198              	.LLST3:
 1199 0071 06       		.byte	0x6
 1200 0072 0E000000 		.4byte	.LVL1
 1201 0076 04       		.byte	0x4
 1202 0077 00       		.uleb128 .LVL1-.LVL1
 1203 0078 0A       		.uleb128 .LVL4-.LVL1
 1204 0079 02       		.uleb128 0x2
 1205 007a 30       		.byte	0x30
 1206 007b 9F       		.byte	0x9f
 1207 007c 04       		.byte	0x4
 1208 007d 0A       		.uleb128 .LVL4-.LVL1
 1209 007e 1A       		.uleb128 .LVL6-.LVL1
 1210 007f 02       		.uleb128 0x2
 1211 0080 30       		.byte	0x30
 1212 0081 9F       		.byte	0x9f
 1213 0082 04       		.byte	0x4
 1214 0083 1A       		.uleb128 .LVL6-.LVL1
 1215 0084 74       		.uleb128 .LVL11-.LVL1
 1216 0085 0B       		.uleb128 0xb
 1217 0086 75       		.byte	0x75
 1218 0087 00       		.sleb128 0
 1219 0088 44       		.byte	0x44
 1220 0089 1E       		.byte	0x1e
 1221 008a 03       		.byte	0x3
 1222 008b 00000000 		.4byte	sdram_region_descriptors
 1223 008f 22       		.byte	0x22
 1224 0090 9F       		.byte	0x9f
 1225 0091 00       		.byte	0
 1226              	.LVUS4:
 1227 0092 00       		.uleb128 .LVU47
 1228 0093 00       		.uleb128 .LVU52
 1229 0094 00       		.uleb128 .LVU52
 1230 0095 00       		.uleb128 .LVU54
 1231 0096 00       		.uleb128 .LVU54
 1232 0097 00       		.uleb128 .LVU70
 1233              	.LLST4:
 1234 0098 06       		.byte	0x6
 1235 0099 3E000000 		.4byte	.LVL7
 1236 009d 04       		.byte	0x4
 1237 009e 00       		.uleb128 .LVL7-.LVL7
 1238 009f 18       		.uleb128 .LVL8-.LVL7
 1239 00a0 06       		.uleb128 0x6
 1240 00a1 71       		.byte	0x71
 1241 00a2 00       		.sleb128 0
 1242 00a3 76       		.byte	0x76
 1243 00a4 00       		.sleb128 0
 1244 00a5 22       		.byte	0x22
 1245 00a6 9F       		.byte	0x9f
 1246 00a7 04       		.byte	0x4
 1247 00a8 18       		.uleb128 .LVL8-.LVL7
 1248 00a9 20       		.uleb128 .LVL9-.LVL7
 1249 00aa 01       		.uleb128 0x1
 1250 00ab 52       		.byte	0x52
 1251 00ac 04       		.byte	0x4
 1252 00ad 20       		.uleb128 .LVL9-.LVL7
 1253 00ae 44       		.uleb128 .LVL11-.LVL7
 1254 00af 06       		.uleb128 0x6
ARM GAS  C:\Users\DEVELO~1\AppData\Local\Temp\ccj17zEi.s 			page 23


 1255 00b0 71       		.byte	0x71
 1256 00b1 00       		.sleb128 0
 1257 00b2 76       		.byte	0x76
 1258 00b3 00       		.sleb128 0
 1259 00b4 22       		.byte	0x22
 1260 00b5 9F       		.byte	0x9f
 1261 00b6 00       		.byte	0
 1262              	.LVUS5:
 1263 00b7 01       		.uleb128 .LVU48
 1264 00b8 00       		.uleb128 .LVU70
 1265              	.LLST5:
 1266 00b9 08       		.byte	0x8
 1267 00ba 3E000000 		.4byte	.LVL7
 1268 00be 44       		.uleb128 .LVL11-.LVL7
 1269 00bf 05       		.uleb128 0x5
 1270 00c0 4F       		.byte	0x4f
 1271 00c1 49       		.byte	0x49
 1272 00c2 24       		.byte	0x24
 1273 00c3 1F       		.byte	0x1f
 1274 00c4 9F       		.byte	0x9f
 1275 00c5 00       		.byte	0
 1276              	.LVUS7:
 1277 00c6 03       		.uleb128 .LVU9
 1278 00c7 01       		.uleb128 .LVU13
 1279 00c8 01       		.uleb128 .LVU13
 1280 00c9 01       		.uleb128 .LVU17
 1281 00ca 01       		.uleb128 .LVU17
 1282 00cb 00       		.uleb128 .LVU20
 1283 00cc 01       		.uleb128 .LVU21
 1284 00cd 00       		.uleb128 .LVU37
 1285              	.LLST7:
 1286 00ce 06       		.byte	0x6
 1287 00cf 0E000000 		.4byte	.LVL1
 1288 00d3 04       		.byte	0x4
 1289 00d4 00       		.uleb128 .LVL1-.LVL1
 1290 00d5 02       		.uleb128 .LVL2-.LVL1
 1291 00d6 02       		.uleb128 0x2
 1292 00d7 30       		.byte	0x30
 1293 00d8 9F       		.byte	0x9f
 1294 00d9 04       		.byte	0x4
 1295 00da 02       		.uleb128 .LVL2-.LVL1
 1296 00db 06       		.uleb128 .LVL3-.LVL1
 1297 00dc 02       		.uleb128 0x2
 1298 00dd 31       		.byte	0x31
 1299 00de 9F       		.byte	0x9f
 1300 00df 04       		.byte	0x4
 1301 00e0 06       		.uleb128 .LVL3-.LVL1
 1302 00e1 0A       		.uleb128 .LVL4-.LVL1
 1303 00e2 02       		.uleb128 0x2
 1304 00e3 32       		.byte	0x32
 1305 00e4 9F       		.byte	0x9f
 1306 00e5 04       		.byte	0x4
 1307 00e6 0A       		.uleb128 .LVL4-.LVL1
 1308 00e7 1A       		.uleb128 .LVL6-.LVL1
 1309 00e8 02       		.uleb128 0x2
 1310 00e9 33       		.byte	0x33
 1311 00ea 9F       		.byte	0x9f
ARM GAS  C:\Users\DEVELO~1\AppData\Local\Temp\ccj17zEi.s 			page 24


 1312 00eb 00       		.byte	0
 1313              	.LVUS9:
 1314 00ec 05       		.uleb128 .LVU25
 1315 00ed 00       		.uleb128 .LVU34
 1316              	.LLST9:
 1317 00ee 08       		.byte	0x8
 1318 00ef 18000000 		.4byte	.LVL4
 1319 00f3 0E       		.uleb128 .LVL5-.LVL4
 1320 00f4 01       		.uleb128 0x1
 1321 00f5 55       		.byte	0x55
 1322 00f6 00       		.byte	0
 1323              	.LVUS10:
 1324 00f7 05       		.uleb128 .LVU25
 1325 00f8 00       		.uleb128 .LVU34
 1326              	.LLST10:
 1327 00f9 08       		.byte	0x8
 1328 00fa 18000000 		.4byte	.LVL4
 1329 00fe 0E       		.uleb128 .LVL5-.LVL4
 1330 00ff 01       		.uleb128 0x1
 1331 0100 54       		.byte	0x54
 1332 0101 00       		.byte	0
 1333              	.Ldebug_loc3:
 1334              		.section	.debug_aranges,"",%progbits
 1335 0000 1C000000 		.4byte	0x1c
 1336 0004 0200     		.2byte	0x2
 1337 0006 00000000 		.4byte	.Ldebug_info0
 1338 000a 04       		.byte	0x4
 1339 000b 00       		.byte	0
 1340 000c 0000     		.2byte	0
 1341 000e 0000     		.2byte	0
 1342 0010 00000000 		.4byte	.LFB347
 1343 0014 8C000000 		.4byte	.LFE347-.LFB347
 1344 0018 00000000 		.4byte	0
 1345 001c 00000000 		.4byte	0
 1346              		.section	.debug_rnglists,"",%progbits
 1347              	.Ldebug_ranges0:
 1348 0000 28000000 		.4byte	.Ldebug_ranges3-.Ldebug_ranges2
 1349              	.Ldebug_ranges2:
 1350 0004 0500     		.2byte	0x5
 1351 0006 04       		.byte	0x4
 1352 0007 00       		.byte	0
 1353 0008 00000000 		.4byte	0
 1354              	.LLRL6:
 1355 000c 05       		.byte	0x5
 1356 000d 0E000000 		.4byte	.LBB11
 1357 0011 04       		.byte	0x4
 1358 0012 00       		.uleb128 .LBB11-.LBB11
 1359 0013 0A       		.uleb128 .LBE11-.LBB11
 1360 0014 04       		.byte	0x4
 1361 0015 1A       		.uleb128 .LBB16-.LBB11
 1362 0016 1A       		.uleb128 .LBE16-.LBB11
 1363 0017 00       		.byte	0
 1364              	.LLRL8:
 1365 0018 05       		.byte	0x5
 1366 0019 18000000 		.4byte	.LBB12
 1367 001d 04       		.byte	0x4
 1368 001e 00       		.uleb128 .LBB12-.LBB12
ARM GAS  C:\Users\DEVELO~1\AppData\Local\Temp\ccj17zEi.s 			page 25


 1369 001f 04       		.uleb128 .LBE12-.LBB12
 1370 0020 04       		.byte	0x4
 1371 0021 06       		.uleb128 .LBB15-.LBB12
 1372 0022 0E       		.uleb128 .LBE15-.LBB12
 1373 0023 00       		.byte	0
 1374              	.LLRL11:
 1375 0024 07       		.byte	0x7
 1376 0025 00000000 		.4byte	.LFB347
 1377 0029 8C01     		.uleb128 .LFE347-.LFB347
 1378 002b 00       		.byte	0
 1379              	.Ldebug_ranges3:
 1380              		.section	.debug_line,"",%progbits
 1381              	.Ldebug_line0:
 1382 0000 30020000 		.section	.debug_str,"MS",%progbits,1
 1382      03002201 
 1382      00000201 
 1382      FB0E0D00 
 1382      01010101 
 1383              	.LASF38:
 1384 0000 73746174 		.ascii	"state\000"
 1384      6500
 1385              	.LASF22:
 1386 0006 53445241 		.ascii	"SDRAM_AUDIO_LOOP\000"
 1386      4D5F4155 
 1386      44494F5F 
 1386      4C4F4F50 
 1386      00
 1387              	.LASF11:
 1388 0017 5F5F7569 		.ascii	"__uintptr_t\000"
 1388      6E747074 
 1388      725F7400 
 1389              	.LASF36:
 1390 0023 73647261 		.ascii	"sdram_region_descriptor_count\000"
 1390      6D5F7265 
 1390      67696F6E 
 1390      5F646573 
 1390      63726970 
 1391              	.LASF29:
 1392 0041 73697A65 		.ascii	"size_bytes\000"
 1392      5F627974 
 1392      657300
 1393              	.LASF24:
 1394 004c 53445241 		.ascii	"SDRAM_AUDIO_FX\000"
 1394      4D5F4155 
 1394      44494F5F 
 1394      465800
 1395              	.LASF0:
 1396 005b 756E7369 		.ascii	"unsigned int\000"
 1396      676E6564 
 1396      20696E74 
 1396      00
 1397              	.LASF31:
 1398 0068 616C6967 		.ascii	"alignment_bytes\000"
 1398      6E6D656E 
 1398      745F6279 
 1398      74657300 
 1399              	.LASF44:
ARM GAS  C:\Users\DEVELO~1\AppData\Local\Temp\ccj17zEi.s 			page 26


 1400 0078 64726976 		.ascii	"drivers/sdram/sdram_layout.c\000"
 1400      6572732F 
 1400      73647261 
 1400      6D2F7364 
 1400      72616D5F 
 1401              	.LASF48:
 1402 0095 73647261 		.ascii	"sdram_clear_info\000"
 1402      6D5F636C 
 1402      6561725F 
 1402      696E666F 
 1402      00
 1403              	.LASF43:
 1404 00a6 474E5520 		.ascii	"GNU C17 11.3.1 20220712 -mcpu=cortex-m7 -mthumb -mf"
 1404      43313720 
 1404      31312E33 
 1404      2E312032 
 1404      30323230 
 1405 00d9 6C6F6174 		.ascii	"loat-abi=soft -march=armv7e-m -ggdb -O2 -fomit-fram"
 1405      2D616269 
 1405      3D736F66 
 1405      74202D6D 
 1405      61726368 
 1406 010c 652D706F 		.ascii	"e-pointer -falign-functions=16 -ffunction-sections "
 1406      696E7465 
 1406      72202D66 
 1406      616C6967 
 1406      6E2D6675 
 1407 013f 2D666461 		.ascii	"-fdata-sections -fno-common\000"
 1407      74612D73 
 1407      65637469 
 1407      6F6E7320 
 1407      2D666E6F 
 1408              	.LASF9:
 1409 015b 6C6F6E67 		.ascii	"long long unsigned int\000"
 1409      206C6F6E 
 1409      6720756E 
 1409      7369676E 
 1409      65642069 
 1410              	.LASF4:
 1411 0172 756E7369 		.ascii	"unsigned char\000"
 1411      676E6564 
 1411      20636861 
 1411      7200
 1412              	.LASF37:
 1413 0180 6F75745F 		.ascii	"out_info\000"
 1413      696E666F 
 1413      00
 1414              	.LASF39:
 1415 0189 6D617463 		.ascii	"match\000"
 1415      6800
 1416              	.LASF17:
 1417 018f 53445241 		.ascii	"SDRAM_INITIALIZING\000"
 1417      4D5F494E 
 1417      49544941 
 1417      4C495A49 
 1417      4E4700
 1418              	.LASF8:
ARM GAS  C:\Users\DEVELO~1\AppData\Local\Temp\ccj17zEi.s 			page 27


 1419 01a2 6C6F6E67 		.ascii	"long unsigned int\000"
 1419      20756E73 
 1419      69676E65 
 1419      6420696E 
 1419      7400
 1420              	.LASF6:
 1421 01b4 73686F72 		.ascii	"short unsigned int\000"
 1421      7420756E 
 1421      7369676E 
 1421      65642069 
 1421      6E7400
 1422              	.LASF18:
 1423 01c7 53445241 		.ascii	"SDRAM_READY\000"
 1423      4D5F5245 
 1423      41445900 
 1424              	.LASF13:
 1425 01d3 75696E74 		.ascii	"uintptr_t\000"
 1425      7074725F 
 1425      7400
 1426              	.LASF12:
 1427 01dd 75696E74 		.ascii	"uint32_t\000"
 1427      33325F74 
 1427      00
 1428              	.LASF45:
 1429 01e6 433A5C50 		.ascii	"C:\\PROJET\\ChibiOS project\\ChibiOS_21.11.4\\demos"
 1429      524F4A45 
 1429      545C4368 
 1429      6962694F 
 1429      53207072 
 1430 0215 5C53544D 		.ascii	"\\STM32\\RT-STM32H743ZI_REV_XY-NUCLEO144\000"
 1430      33325C52 
 1430      542D5354 
 1430      4D333248 
 1430      3734335A 
 1431              	.LASF40:
 1432 023c 72656769 		.ascii	"region_end\000"
 1432      6F6E5F65 
 1432      6E6400
 1433              	.LASF10:
 1434 0247 5F5F7569 		.ascii	"__uint32_t\000"
 1434      6E743332 
 1434      5F7400
 1435              	.LASF5:
 1436 0252 73686F72 		.ascii	"short int\000"
 1436      7420696E 
 1436      7400
 1437              	.LASF28:
 1438 025c 62617365 		.ascii	"base\000"
 1438      00
 1439              	.LASF42:
 1440 0261 696E666F 		.ascii	"info\000"
 1440      00
 1441              	.LASF30:
 1442 0266 666C6167 		.ascii	"flags\000"
 1442      7300
 1443              	.LASF14:
 1444 026c 63686172 		.ascii	"char\000"
ARM GAS  C:\Users\DEVELO~1\AppData\Local\Temp\ccj17zEi.s 			page 28


 1444      00
 1445              	.LASF47:
 1446 0271 73647261 		.ascii	"sdram_query_region_descriptor\000"
 1446      6D5F7175 
 1446      6572795F 
 1446      72656769 
 1446      6F6E5F64 
 1447              	.LASF35:
 1448 028f 73647261 		.ascii	"sdram_region_descriptors\000"
 1448      6D5F7265 
 1448      67696F6E 
 1448      5F646573 
 1448      63726970 
 1449              	.LASF41:
 1450 02a8 73647261 		.ascii	"sdram_end\000"
 1450      6D5F656E 
 1450      6400
 1451              	.LASF16:
 1452 02b2 53445241 		.ascii	"SDRAM_NOT_INITIALIZED\000"
 1452      4D5F4E4F 
 1452      545F494E 
 1452      49544941 
 1452      4C495A45 
 1453              	.LASF21:
 1454 02c8 73647261 		.ascii	"sdram_state_t\000"
 1454      6D5F7374 
 1454      6174655F 
 1454      7400
 1455              	.LASF20:
 1456 02d6 53445241 		.ascii	"SDRAM_FAULT\000"
 1456      4D5F4641 
 1456      554C5400 
 1457              	.LASF1:
 1458 02e2 6C6F6E67 		.ascii	"long long int\000"
 1458      206C6F6E 
 1458      6720696E 
 1458      7400
 1459              	.LASF33:
 1460 02f0 616C6967 		.ascii	"alignment\000"
 1460      6E6D656E 
 1460      7400
 1461              	.LASF25:
 1462 02fa 53445241 		.ascii	"SDRAM_CACHE_RESIDUAL\000"
 1462      4D5F4341 
 1462      4348455F 
 1462      52455349 
 1462      4455414C 
 1463              	.LASF26:
 1464 030f 53445241 		.ascii	"SDRAM_REGION_INVALID\000"
 1464      4D5F5245 
 1464      47494F4E 
 1464      5F494E56 
 1464      414C4944 
 1465              	.LASF32:
 1466 0324 73647261 		.ascii	"sdram_region_info_t\000"
 1466      6D5F7265 
 1466      67696F6E 
ARM GAS  C:\Users\DEVELO~1\AppData\Local\Temp\ccj17zEi.s 			page 29


 1466      5F696E66 
 1466      6F5F7400 
 1467              	.LASF23:
 1468 0338 53445241 		.ascii	"SDRAM_AUDIO_DELAY\000"
 1468      4D5F4155 
 1468      44494F5F 
 1468      44454C41 
 1468      5900
 1469              	.LASF7:
 1470 034a 6C6F6E67 		.ascii	"long int\000"
 1470      20696E74 
 1470      00
 1471              	.LASF27:
 1472 0353 73647261 		.ascii	"sdram_region_id_t\000"
 1472      6D5F7265 
 1472      67696F6E 
 1472      5F69645F 
 1472      7400
 1473              	.LASF19:
 1474 0365 53445241 		.ascii	"SDRAM_DEGRADED\000"
 1474      4D5F4445 
 1474      47524144 
 1474      454400
 1475              	.LASF2:
 1476 0374 6C6F6E67 		.ascii	"long double\000"
 1476      20646F75 
 1476      626C6500 
 1477              	.LASF3:
 1478 0380 7369676E 		.ascii	"signed char\000"
 1478      65642063 
 1478      68617200 
 1479              	.LASF34:
 1480 038c 73647261 		.ascii	"sdram_region_descriptor_t\000"
 1480      6D5F7265 
 1480      67696F6E 
 1480      5F646573 
 1480      63726970 
 1481              	.LASF46:
 1482 03a6 73647261 		.ascii	"sdram_status\000"
 1482      6D5F7374 
 1482      61747573 
 1482      00
 1483              	.LASF15:
 1484 03b3 5F426F6F 		.ascii	"_Bool\000"
 1484      6C00
 1485              		.ident	"GCC: (Arm GNU Toolchain 11.3.Rel1) 11.3.1 20220712"
ARM GAS  C:\Users\DEVELO~1\AppData\Local\Temp\ccj17zEi.s 			page 30


DEFINED SYMBOLS
                            *ABS*:00000000 sdram_layout.c
C:\Users\DEVELO~1\AppData\Local\Temp\ccj17zEi.s:18     .text.sdram_query_region_descriptor:00000000 $t
C:\Users\DEVELO~1\AppData\Local\Temp\ccj17zEi.s:25     .text.sdram_query_region_descriptor:00000000 sdram_query_region_descriptor
C:\Users\DEVELO~1\AppData\Local\Temp\ccj17zEi.s:196    .text.sdram_query_region_descriptor:00000088 $d
C:\Users\DEVELO~1\AppData\Local\Temp\ccj17zEi.s:206    .rodata.sdram_region_descriptor_count:00000000 sdram_region_descriptor_count
C:\Users\DEVELO~1\AppData\Local\Temp\ccj17zEi.s:213    .rodata.sdram_region_descriptors:00000000 sdram_region_descriptors
C:\Users\DEVELO~1\AppData\Local\Temp\ccj17zEi.s:203    .rodata.sdram_region_descriptor_count:00000000 $d
C:\Users\DEVELO~1\AppData\Local\Temp\ccj17zEi.s:209    .rodata.sdram_region_descriptors:00000000 $d

UNDEFINED SYMBOLS
sdram_status
